<?xml version="1.0" encoding="UTF-8" ?>
<testsuites name="vitest tests" tests="1352" failures="95" errors="0" time="377.9482379">
    <testsuite name="workers/advancedOptions.test.ts" timestamp="2025-10-09T00:10:01.852Z" hostname="JohnDee" tests="12" failures="0" errors="0" skipped="0" time="0.0104107">
        <testcase classname="workers/advancedOptions.test.ts" name="Advanced Options Integration &gt; Advanced options prompt enhancement &gt; should include page type in AI recommendations" time="0.0020292">
        </testcase>
        <testcase classname="workers/advancedOptions.test.ts" name="Advanced Options Integration &gt; Advanced options prompt enhancement &gt; should include additional context in AI recommendations" time="0.0004085">
        </testcase>
        <testcase classname="workers/advancedOptions.test.ts" name="Advanced Options Integration &gt; Advanced options prompt enhancement &gt; should work without advanced options" time="0.0002234">
        </testcase>
        <testcase classname="workers/advancedOptions.test.ts" name="Advanced Options Integration &gt; Advanced options prompt enhancement &gt; should work with empty advanced options" time="0.0002083">
        </testcase>
        <testcase classname="workers/advancedOptions.test.ts" name="Advanced Options Integration &gt; Page type specific recommendations &gt; should tailor recommendations for homepage" time="0.0002899">
        </testcase>
        <testcase classname="workers/advancedOptions.test.ts" name="Advanced Options Integration &gt; Page type specific recommendations &gt; should tailor recommendations for blog posts" time="0.0003165">
        </testcase>
        <testcase classname="workers/advancedOptions.test.ts" name="Advanced Options Integration &gt; Page type specific recommendations &gt; should tailor recommendations for product pages" time="0.0002517">
        </testcase>
        <testcase classname="workers/advancedOptions.test.ts" name="Advanced Options Integration &gt; Copyable content generation &gt; should generate page-type-specific titles" time="0.0002551">
        </testcase>
        <testcase classname="workers/advancedOptions.test.ts" name="Advanced Options Integration &gt; Copyable content generation &gt; should generate context-aware meta descriptions" time="0.0002767">
        </testcase>
        <testcase classname="workers/advancedOptions.test.ts" name="Advanced Options Integration &gt; Error handling &gt; should handle OpenAI errors gracefully with advanced options" time="0.0003573">
        </testcase>
        <testcase classname="workers/advancedOptions.test.ts" name="Advanced Options Integration &gt; Error handling &gt; should handle malformed advanced options" time="0.0008411">
        </testcase>
        <testcase classname="workers/advancedOptions.test.ts" name="Advanced Options Integration &gt; Integration with existing SEO checks &gt; should enhance all relevant SEO checks with advanced options" time="0.0010755">
        </testcase>
    </testsuite>
    <testsuite name="workers/index.test.ts" timestamp="2025-10-09T00:10:01.882Z" hostname="JohnDee" tests="9" failures="0" errors="0" skipped="0" time="0.0527362">
        <testcase classname="workers/index.test.ts" name="Workers API Index &gt; GET /health &gt; should return health status" time="0.0159534">
        </testcase>
        <testcase classname="workers/index.test.ts" name="Workers API Index &gt; GET /test-keywords &gt; should test keyword matching functionality" time="0.0038489">
        </testcase>
        <testcase classname="workers/index.test.ts" name="Workers API Index &gt; POST /api/analyze &gt; should analyze SEO with valid request" time="0.0037639">
        </testcase>
        <testcase classname="workers/index.test.ts" name="Workers API Index &gt; POST /api/analyze &gt; should return 400 for invalid request body" time="0.0025746">
        </testcase>
        <testcase classname="workers/index.test.ts" name="Workers API Index &gt; POST /api/analyze &gt; should handle scraping errors gracefully" time="0.0063183">
            <system-err>
[SEO Analyzer] Error in /api/analyze route: Error: Failed to scrape website
    at [90mC:\Users\Paul Mulligan\PMDS\Projects\AI-SEO-Copilot-for-Webflow\[39mworkers\index.test.ts:162:29
    at [90mfile:///C:/Users/Paul%20Mulligan/PMDS/Projects/AI-SEO-Copilot-for-Webflow/[39mnode_modules/[4m.pnpm[24m/@vitest+runner@3.2.4/node_modules/[4m@vitest[24m/runner/dist/chunk-hooks.js:155:11
    at [90mfile:///C:/Users/Paul%20Mulligan/PMDS/Projects/AI-SEO-Copilot-for-Webflow/[39mnode_modules/[4m.pnpm[24m/@vitest+runner@3.2.4/node_modules/[4m@vitest[24m/runner/dist/chunk-hooks.js:752:26
    at [90mfile:///C:/Users/Paul%20Mulligan/PMDS/Projects/AI-SEO-Copilot-for-Webflow/[39mnode_modules/[4m.pnpm[24m/@vitest+runner@3.2.4/node_modules/[4m@vitest[24m/runner/dist/chunk-hooks.js:1897:20
    at new Promise (&lt;anonymous&gt;)
    at runWithTimeout [90m(file:///C:/Users/Paul%20Mulligan/PMDS/Projects/AI-SEO-Copilot-for-Webflow/[39mnode_modules/[4m.pnpm[24m/@vitest+runner@3.2.4/node_modules/[4m@vitest[24m/runner/dist/chunk-hooks.js:1863:10[90m)[39m
    at runTest [90m(file:///C:/Users/Paul%20Mulligan/PMDS/Projects/AI-SEO-Copilot-for-Webflow/[39mnode_modules/[4m.pnpm[24m/@vitest+runner@3.2.4/node_modules/[4m@vitest[24m/runner/dist/chunk-hooks.js:1574:12[90m)[39m
[90m    at processTicksAndRejections (node:internal/process/task_queues:105:5)[39m
    at runSuite [90m(file:///C:/Users/Paul%20Mulligan/PMDS/Projects/AI-SEO-Copilot-for-Webflow/[39mnode_modules/[4m.pnpm[24m/@vitest+runner@3.2.4/node_modules/[4m@vitest[24m/runner/dist/chunk-hooks.js:1729:8[90m)[39m
    at runSuite [90m(file:///C:/Users/Paul%20Mulligan/PMDS/Projects/AI-SEO-Copilot-for-Webflow/[39mnode_modules/[4m.pnpm[24m/@vitest+runner@3.2.4/node_modules/[4m@vitest[24m/runner/dist/chunk-hooks.js:1729:8[90m)[39m

            </system-err>
        </testcase>
        <testcase classname="workers/index.test.ts" name="Workers API Index &gt; POST /api/analyze &gt; should handle analysis errors gracefully" time="0.0052637">
            <system-err>
[SEO Analyzer] Error in /api/analyze route: Error: Analysis failed
    at [90mC:\Users\Paul Mulligan\PMDS\Projects\AI-SEO-Copilot-for-Webflow\[39mworkers\index.test.ts:184:29
    at [90mfile:///C:/Users/Paul%20Mulligan/PMDS/Projects/AI-SEO-Copilot-for-Webflow/[39mnode_modules/[4m.pnpm[24m/@vitest+runner@3.2.4/node_modules/[4m@vitest[24m/runner/dist/chunk-hooks.js:155:11
    at [90mfile:///C:/Users/Paul%20Mulligan/PMDS/Projects/AI-SEO-Copilot-for-Webflow/[39mnode_modules/[4m.pnpm[24m/@vitest+runner@3.2.4/node_modules/[4m@vitest[24m/runner/dist/chunk-hooks.js:752:26
    at [90mfile:///C:/Users/Paul%20Mulligan/PMDS/Projects/AI-SEO-Copilot-for-Webflow/[39mnode_modules/[4m.pnpm[24m/@vitest+runner@3.2.4/node_modules/[4m@vitest[24m/runner/dist/chunk-hooks.js:1897:20
    at new Promise (&lt;anonymous&gt;)
    at runWithTimeout [90m(file:///C:/Users/Paul%20Mulligan/PMDS/Projects/AI-SEO-Copilot-for-Webflow/[39mnode_modules/[4m.pnpm[24m/@vitest+runner@3.2.4/node_modules/[4m@vitest[24m/runner/dist/chunk-hooks.js:1863:10[90m)[39m
    at runTest [90m(file:///C:/Users/Paul%20Mulligan/PMDS/Projects/AI-SEO-Copilot-for-Webflow/[39mnode_modules/[4m.pnpm[24m/@vitest+runner@3.2.4/node_modules/[4m@vitest[24m/runner/dist/chunk-hooks.js:1574:12[90m)[39m
[90m    at processTicksAndRejections (node:internal/process/task_queues:105:5)[39m
    at runSuite [90m(file:///C:/Users/Paul%20Mulligan/PMDS/Projects/AI-SEO-Copilot-for-Webflow/[39mnode_modules/[4m.pnpm[24m/@vitest+runner@3.2.4/node_modules/[4m@vitest[24m/runner/dist/chunk-hooks.js:1729:8[90m)[39m
    at runSuite [90m(file:///C:/Users/Paul%20Mulligan/PMDS/Projects/AI-SEO-Copilot-for-Webflow/[39mnode_modules/[4m.pnpm[24m/@vitest+runner@3.2.4/node_modules/[4m@vitest[24m/runner/dist/chunk-hooks.js:1729:8[90m)[39m

            </system-err>
        </testcase>
        <testcase classname="workers/index.test.ts" name="Workers API Index &gt; POST /api/analyze &gt; should handle JSON parsing errors" time="0.0053388">
            <system-err>
[SEO Analyzer] Error in /api/analyze route: SyntaxError: Unexpected token &apos;i&apos;, &quot;invalid json&quot; is not valid JSON
    at JSON.parse (&lt;anonymous&gt;)
    at [90mfile:///C:/Users/Paul%20Mulligan/PMDS/Projects/AI-SEO-Copilot-for-Webflow/[39mnode_modules/[4m.pnpm[24m/hono@4.9.8/node_modules/[4mhono[24m/dist/request.js:78:57
[90m    at processTicksAndRejections (node:internal/process/task_queues:105:5)[39m
    at [90mC:\Users\Paul Mulligan\PMDS\Projects\AI-SEO-Copilot-for-Webflow\[39mworkers\index.ts:29:18
    at dispatch [90m(file:///C:/Users/Paul%20Mulligan/PMDS/Projects/AI-SEO-Copilot-for-Webflow/[39mnode_modules/[4m.pnpm[24m/hono@4.9.8/node_modules/[4mhono[24m/dist/compose.js:22:17[90m)[39m
    at cors2 [90m(file:///C:/Users/Paul%20Mulligan/PMDS/Projects/AI-SEO-Copilot-for-Webflow/[39mnode_modules/[4m.pnpm[24m/hono@4.9.8/node_modules/[4mhono[24m/dist/middleware/cors/index.js:84:5[90m)[39m
    at dispatch [90m(file:///C:/Users/Paul%20Mulligan/PMDS/Projects/AI-SEO-Copilot-for-Webflow/[39mnode_modules/[4m.pnpm[24m/hono@4.9.8/node_modules/[4mhono[24m/dist/compose.js:22:17[90m)[39m
    at [90mfile:///C:/Users/Paul%20Mulligan/PMDS/Projects/AI-SEO-Copilot-for-Webflow/[39mnode_modules/[4m.pnpm[24m/hono@4.9.8/node_modules/[4mhono[24m/dist/hono-base.js:201:25
    at [90mC:\Users\Paul Mulligan\PMDS\Projects\AI-SEO-Copilot-for-Webflow\[39mworkers\index.test.ts:222:24
    at [90mfile:///C:/Users/Paul%20Mulligan/PMDS/Projects/AI-SEO-Copilot-for-Webflow/[39mnode_modules/[4m.pnpm[24m/@vitest+runner@3.2.4/node_modules/[4m@vitest[24m/runner/dist/chunk-hooks.js:752:20

            </system-err>
        </testcase>
        <testcase classname="workers/index.test.ts" name="Workers API Index &gt; POST /api/analyze &gt; should pass environment variables to analyzeSEOElements" time="0.0027923">
        </testcase>
        <testcase classname="workers/index.test.ts" name="Workers API Index &gt; CORS Middleware &gt; should apply CORS middleware to all routes" time="0.0017918">
        </testcase>
    </testsuite>
    <testsuite name="client/src/App.test.tsx" timestamp="2025-10-09T00:10:01.884Z" hostname="JohnDee" tests="9" failures="1" errors="0" skipped="0" time="0.0941674">
        <testcase classname="client/src/App.test.tsx" name="App &gt; should render app structure correctly" time="0.0251614">
        </testcase>
        <testcase classname="client/src/App.test.tsx" name="App &gt; should render components in correct hierarchy" time="0.0029789">
        </testcase>
        <testcase classname="client/src/App.test.tsx" name="ErrorBoundary &gt; should render children when no error occurs" time="0.0037056">
        </testcase>
        <testcase classname="client/src/App.test.tsx" name="ErrorBoundary &gt; should catch errors and display error boundary" time="0.0183993">
        </testcase>
        <testcase classname="client/src/App.test.tsx" name="ErrorBoundary &gt; should handle specific length property errors" time="0.0050396">
        </testcase>
        <testcase classname="client/src/App.test.tsx" name="ErrorBoundary &gt; should display error details in fallback UI" time="0.0035647">
        </testcase>
        <testcase classname="client/src/App.test.tsx" name="ErrorBoundary &gt; should log error information when componentDidCatch is called" time="0.0105284">
        </testcase>
        <testcase classname="client/src/App.test.tsx" name="ErrorBoundary &gt; should have correct error boundary state structure" time="0.0056035">
        </testcase>
        <testcase classname="client/src/App.test.tsx" name="ErrorBoundary &gt; should apply correct styling to error boundary fallback" time="0.0151137">
            <failure message="[2mexpect([22m[31melement[39m[2m).toHaveStyle()[22m

[32m- Expected[39m

[32m- backgroundColor: rgb(255, 243, 205);[39m
[32m- color: rgb(255, 0, 0);[39m
[32m- padding: 20px;[39m" type="Error">
Error: expect(element).toHaveStyle()

- Expected

- backgroundColor: rgb(255, 243, 205);
- color: rgb(255, 0, 0);
- padding: 20px;
 ❯ client/src/App.test.tsx:254:27
            </failure>
        </testcase>
    </testsuite>
    <testsuite name="client/src/main.test.tsx" timestamp="2025-10-09T00:10:01.886Z" hostname="JohnDee" tests="10" failures="0" errors="0" skipped="0" time="0.4934561">
        <testcase classname="client/src/main.test.tsx" name="main.tsx &gt; renders the App component when root element exists" time="0.172377">
        </testcase>
        <testcase classname="client/src/main.test.tsx" name="main.tsx &gt; handles missing root element gracefully" time="0.0724144">
        </testcase>
        <testcase classname="client/src/main.test.tsx" name="main.tsx &gt; handles React rendering errors gracefully" time="0.0932739">
        </testcase>
        <testcase classname="client/src/main.test.tsx" name="main.tsx &gt; handles non-Error exceptions gracefully" time="0.0657439">
        </testcase>
        <testcase classname="client/src/main.test.tsx" name="main.tsx &gt; handles render method throwing an error" time="0.03853">
        </testcase>
        <testcase classname="client/src/main.test.tsx" name="main.tsx &gt; preserves existing DOM content when adding error messages" time="0.0133859">
        </testcase>
        <testcase classname="client/src/main.test.tsx" name="main.tsx &gt; uses strict mode for React rendering" time="0.0108475">
        </testcase>
        <testcase classname="client/src/main.test.tsx" name="main.tsx &gt; finds and uses the correct root element" time="0.0074777">
        </testcase>
        <testcase classname="client/src/main.test.tsx" name="main.tsx &gt; handles DOM manipulation during error conditions" time="0.0078792">
        </testcase>
        <testcase classname="client/src/main.test.tsx" name="main.tsx &gt; ensures error styling is applied correctly" time="0.0059826">
        </testcase>
    </testsuite>
    <testsuite name="workers/middleware/cors.test.ts" timestamp="2025-10-09T00:10:01.889Z" hostname="JohnDee" tests="11" failures="0" errors="0" skipped="0" time="0.0076812">
        <testcase classname="workers/middleware/cors.test.ts" name="corsMiddleware - Security Tests &gt; wildcard pattern backslash escaping &gt; should properly escape backslashes in wildcard patterns" time="0.0019089">
        </testcase>
        <testcase classname="workers/middleware/cors.test.ts" name="corsMiddleware - Security Tests &gt; wildcard pattern backslash escaping &gt; should handle multiple backslashes correctly" time="0.0003917">
        </testcase>
        <testcase classname="workers/middleware/cors.test.ts" name="corsMiddleware - Security Tests &gt; wildcard pattern backslash escaping &gt; should handle mixed special characters with backslashes" time="0.0002982">
        </testcase>
        <testcase classname="workers/middleware/cors.test.ts" name="corsMiddleware - Security Tests &gt; standard wildcard pattern matching &gt; should handle basic wildcard patterns" time="0.000349">
        </testcase>
        <testcase classname="workers/middleware/cors.test.ts" name="corsMiddleware - Security Tests &gt; standard wildcard pattern matching &gt; should handle exact matches without wildcards" time="0.0002431">
        </testcase>
        <testcase classname="workers/middleware/cors.test.ts" name="corsMiddleware - Security Tests &gt; standard wildcard pattern matching &gt; should properly escape dots in patterns" time="0.0001923">
        </testcase>
        <testcase classname="workers/middleware/cors.test.ts" name="corsMiddleware - Security Tests &gt; built-in Webflow domain handling &gt; should allow Webflow extension domains" time="0.0001826">
        </testcase>
        <testcase classname="workers/middleware/cors.test.ts" name="corsMiddleware - Security Tests &gt; built-in Webflow domain handling &gt; should allow localhost for development" time="0.000257">
        </testcase>
        <testcase classname="workers/middleware/cors.test.ts" name="corsMiddleware - Security Tests &gt; edge cases and security &gt; should handle empty origin list" time="0.0002406">
        </testcase>
        <testcase classname="workers/middleware/cors.test.ts" name="corsMiddleware - Security Tests &gt; edge cases and security &gt; should handle null/undefined origin" time="0.000161">
        </testcase>
        <testcase classname="workers/middleware/cors.test.ts" name="corsMiddleware - Security Tests &gt; edge cases and security &gt; should reject malicious patterns that could exploit regex" time="0.0001697">
        </testcase>
    </testsuite>
    <testsuite name="workers/modules/aiRecommendations.test.ts" timestamp="2025-10-09T00:10:01.890Z" hostname="JohnDee" tests="14" failures="0" errors="0" skipped="0" time="0.062996">
        <testcase classname="workers/modules/aiRecommendations.test.ts" name="aiRecommendations &gt; shouldHaveCopyButton &gt; should delegate to shouldShowCopyButton utility" time="0.0065623">
        </testcase>
        <testcase classname="workers/modules/aiRecommendations.test.ts" name="aiRecommendations &gt; getAIRecommendation &gt; should throw error when OpenAI API key is not configured" time="0.0078757">
            <system-err>
[AI Recommendations] Error generating AI recommendation: Error: OpenAI API key not configured
    at Module.getAIRecommendation [90m(C:\Users\Paul Mulligan\PMDS\Projects\AI-SEO-Copilot-for-Webflow\[39mworkers\modules\aiRecommendations.ts:32:13[90m)[39m
    at [90mC:\Users\Paul Mulligan\PMDS\Projects\AI-SEO-Copilot-for-Webflow\[39mworkers\modules\aiRecommendations.test.ts:71:9
    at [90mfile:///C:/Users/Paul%20Mulligan/PMDS/Projects/AI-SEO-Copilot-for-Webflow/[39mnode_modules/[4m.pnpm[24m/@vitest+runner@3.2.4/node_modules/[4m@vitest[24m/runner/dist/chunk-hooks.js:155:11
    at [90mfile:///C:/Users/Paul%20Mulligan/PMDS/Projects/AI-SEO-Copilot-for-Webflow/[39mnode_modules/[4m.pnpm[24m/@vitest+runner@3.2.4/node_modules/[4m@vitest[24m/runner/dist/chunk-hooks.js:752:26
    at [90mfile:///C:/Users/Paul%20Mulligan/PMDS/Projects/AI-SEO-Copilot-for-Webflow/[39mnode_modules/[4m.pnpm[24m/@vitest+runner@3.2.4/node_modules/[4m@vitest[24m/runner/dist/chunk-hooks.js:1897:20
    at new Promise (&lt;anonymous&gt;)
    at runWithTimeout [90m(file:///C:/Users/Paul%20Mulligan/PMDS/Projects/AI-SEO-Copilot-for-Webflow/[39mnode_modules/[4m.pnpm[24m/@vitest+runner@3.2.4/node_modules/[4m@vitest[24m/runner/dist/chunk-hooks.js:1863:10[90m)[39m
    at runTest [90m(file:///C:/Users/Paul%20Mulligan/PMDS/Projects/AI-SEO-Copilot-for-Webflow/[39mnode_modules/[4m.pnpm[24m/@vitest+runner@3.2.4/node_modules/[4m@vitest[24m/runner/dist/chunk-hooks.js:1574:12[90m)[39m
[90m    at processTicksAndRejections (node:internal/process/task_queues:105:5)[39m
    at runSuite [90m(file:///C:/Users/Paul%20Mulligan/PMDS/Projects/AI-SEO-Copilot-for-Webflow/[39mnode_modules/[4m.pnpm[24m/@vitest+runner@3.2.4/node_modules/[4m@vitest[24m/runner/dist/chunk-hooks.js:1729:8[90m)[39m

            </system-err>
        </testcase>
        <testcase classname="workers/modules/aiRecommendations.test.ts" name="aiRecommendations &gt; getAIRecommendation &gt; should generate AI recommendation for copyable content" time="0.006626">
        </testcase>
        <testcase classname="workers/modules/aiRecommendations.test.ts" name="aiRecommendations &gt; getAIRecommendation &gt; should generate AI recommendation for non-copyable content" time="0.0040015">
        </testcase>
        <testcase classname="workers/modules/aiRecommendations.test.ts" name="aiRecommendations &gt; getAIRecommendation &gt; should handle advanced options with page type and secondary keywords" time="0.00403">
        </testcase>
        <testcase classname="workers/modules/aiRecommendations.test.ts" name="aiRecommendations &gt; getAIRecommendation &gt; should handle multilingual recommendations" time="0.0052933">
        </testcase>
        <testcase classname="workers/modules/aiRecommendations.test.ts" name="aiRecommendations &gt; getAIRecommendation &gt; should handle special URL slug generation" time="0.0054568">
        </testcase>
        <testcase classname="workers/modules/aiRecommendations.test.ts" name="aiRecommendations &gt; getAIRecommendation &gt; should retry on OpenAI API failures with exponential backoff" time="0.0039816">
            <system-err>
[AI Recommendations] Retry 1/2 after 2000ms delay

[AI Recommendations] Retry 2/2 after 4000ms delay

            </system-err>
        </testcase>
        <testcase classname="workers/modules/aiRecommendations.test.ts" name="aiRecommendations &gt; getAIRecommendation &gt; should throw error after max retries exceeded" time="0.0039116">
            <system-err>
[AI Recommendations] Retry 1/2 after 2000ms delay

[AI Recommendations] Retry 2/2 after 4000ms delay

[AI Recommendations] Error generating AI recommendation: Error: Persistent API error
    at [90mC:\Users\Paul Mulligan\PMDS\Projects\AI-SEO-Copilot-for-Webflow\[39mworkers\modules\aiRecommendations.test.ts:294:25
    at [90mfile:///C:/Users/Paul%20Mulligan/PMDS/Projects/AI-SEO-Copilot-for-Webflow/[39mnode_modules/[4m.pnpm[24m/@vitest+runner@3.2.4/node_modules/[4m@vitest[24m/runner/dist/chunk-hooks.js:155:11
    at [90mfile:///C:/Users/Paul%20Mulligan/PMDS/Projects/AI-SEO-Copilot-for-Webflow/[39mnode_modules/[4m.pnpm[24m/@vitest+runner@3.2.4/node_modules/[4m@vitest[24m/runner/dist/chunk-hooks.js:752:26
    at [90mfile:///C:/Users/Paul%20Mulligan/PMDS/Projects/AI-SEO-Copilot-for-Webflow/[39mnode_modules/[4m.pnpm[24m/@vitest+runner@3.2.4/node_modules/[4m@vitest[24m/runner/dist/chunk-hooks.js:1897:20
    at new Promise (&lt;anonymous&gt;)
    at runWithTimeout [90m(file:///C:/Users/Paul%20Mulligan/PMDS/Projects/AI-SEO-Copilot-for-Webflow/[39mnode_modules/[4m.pnpm[24m/@vitest+runner@3.2.4/node_modules/[4m@vitest[24m/runner/dist/chunk-hooks.js:1863:10[90m)[39m
    at runTest [90m(file:///C:/Users/Paul%20Mulligan/PMDS/Projects/AI-SEO-Copilot-for-Webflow/[39mnode_modules/[4m.pnpm[24m/@vitest+runner@3.2.4/node_modules/[4m@vitest[24m/runner/dist/chunk-hooks.js:1574:12[90m)[39m
[90m    at processTicksAndRejections (node:internal/process/task_queues:105:5)[39m
    at runSuite [90m(file:///C:/Users/Paul%20Mulligan/PMDS/Projects/AI-SEO-Copilot-for-Webflow/[39mnode_modules/[4m.pnpm[24m/@vitest+runner@3.2.4/node_modules/[4m@vitest[24m/runner/dist/chunk-hooks.js:1729:8[90m)[39m
    at runSuite [90m(file:///C:/Users/Paul%20Mulligan/PMDS/Projects/AI-SEO-Copilot-for-Webflow/[39mnode_modules/[4m.pnpm[24m/@vitest+runner@3.2.4/node_modules/[4m@vitest[24m/runner/dist/chunk-hooks.js:1729:8[90m)[39m

            </system-err>
        </testcase>
        <testcase classname="workers/modules/aiRecommendations.test.ts" name="aiRecommendations &gt; getAIRecommendation &gt; should provide localized error messages for non-English languages" time="0.0033114">
            <system-err>
[AI Recommendations] Retry 1/2 after 2000ms delay

[AI Recommendations] Retry 2/2 after 4000ms delay

[AI Recommendations] Error generating AI recommendation: Error: API error
    at [90mC:\Users\Paul Mulligan\PMDS\Projects\AI-SEO-Copilot-for-Webflow\[39mworkers\modules\aiRecommendations.test.ts:324:25
    at [90mfile:///C:/Users/Paul%20Mulligan/PMDS/Projects/AI-SEO-Copilot-for-Webflow/[39mnode_modules/[4m.pnpm[24m/@vitest+runner@3.2.4/node_modules/[4m@vitest[24m/runner/dist/chunk-hooks.js:155:11
    at [90mfile:///C:/Users/Paul%20Mulligan/PMDS/Projects/AI-SEO-Copilot-for-Webflow/[39mnode_modules/[4m.pnpm[24m/@vitest+runner@3.2.4/node_modules/[4m@vitest[24m/runner/dist/chunk-hooks.js:752:26
    at [90mfile:///C:/Users/Paul%20Mulligan/PMDS/Projects/AI-SEO-Copilot-for-Webflow/[39mnode_modules/[4m.pnpm[24m/@vitest+runner@3.2.4/node_modules/[4m@vitest[24m/runner/dist/chunk-hooks.js:1897:20
    at new Promise (&lt;anonymous&gt;)
    at runWithTimeout [90m(file:///C:/Users/Paul%20Mulligan/PMDS/Projects/AI-SEO-Copilot-for-Webflow/[39mnode_modules/[4m.pnpm[24m/@vitest+runner@3.2.4/node_modules/[4m@vitest[24m/runner/dist/chunk-hooks.js:1863:10[90m)[39m
    at runTest [90m(file:///C:/Users/Paul%20Mulligan/PMDS/Projects/AI-SEO-Copilot-for-Webflow/[39mnode_modules/[4m.pnpm[24m/@vitest+runner@3.2.4/node_modules/[4m@vitest[24m/runner/dist/chunk-hooks.js:1574:12[90m)[39m
[90m    at processTicksAndRejections (node:internal/process/task_queues:105:5)[39m
    at runSuite [90m(file:///C:/Users/Paul%20Mulligan/PMDS/Projects/AI-SEO-Copilot-for-Webflow/[39mnode_modules/[4m.pnpm[24m/@vitest+runner@3.2.4/node_modules/[4m@vitest[24m/runner/dist/chunk-hooks.js:1729:8[90m)[39m
    at runSuite [90m(file:///C:/Users/Paul%20Mulligan/PMDS/Projects/AI-SEO-Copilot-for-Webflow/[39mnode_modules/[4m.pnpm[24m/@vitest+runner@3.2.4/node_modules/[4m@vitest[24m/runner/dist/chunk-hooks.js:1729:8[90m)[39m

            </system-err>
        </testcase>
        <testcase classname="workers/modules/aiRecommendations.test.ts" name="aiRecommendations &gt; getAIRecommendation &gt; should handle empty AI response" time="0.002844">
            <system-err>
[AI Recommendations] Error generating AI recommendation: Error: No recommendation received from OpenAI
    at Module.getAIRecommendation [90m(C:\Users\Paul Mulligan\PMDS\Projects\AI-SEO-Copilot-for-Webflow\[39mworkers\modules\aiRecommendations.ts:109:13[90m)[39m
[90m    at processTicksAndRejections (node:internal/process/task_queues:105:5)[39m
    at [90mC:\Users\Paul Mulligan\PMDS\Projects\AI-SEO-Copilot-for-Webflow\[39mworkers\modules\aiRecommendations.test.ts:354:7
    at [90mfile:///C:/Users/Paul%20Mulligan/PMDS/Projects/AI-SEO-Copilot-for-Webflow/[39mnode_modules/[4m.pnpm[24m/@vitest+runner@3.2.4/node_modules/[4m@vitest[24m/runner/dist/chunk-hooks.js:752:20

            </system-err>
        </testcase>
        <testcase classname="workers/modules/aiRecommendations.test.ts" name="aiRecommendations &gt; getAIRecommendation &gt; should warn about potential language mismatch" time="0.0017888">
        </testcase>
        <testcase classname="workers/modules/aiRecommendations.test.ts" name="aiRecommendations &gt; handleRecommendationResult &gt; should set sanitized recommendation on check object" time="0.0011683">
        </testcase>
        <testcase classname="workers/modules/aiRecommendations.test.ts" name="aiRecommendations &gt; handleRecommendationResult &gt; should handle check object with existing properties" time="0.0007571">
        </testcase>
    </testsuite>
    <testsuite name="workers/modules/oauthProxy.test.ts" timestamp="2025-10-09T00:10:01.892Z" hostname="JohnDee" tests="12" failures="0" errors="0" skipped="0" time="0.025676">
        <testcase classname="workers/modules/oauthProxy.test.ts" name="Worker OAuth Proxy &gt; Token Exchange &gt; should exchange authorization code for access token" time="0.0065548">
        </testcase>
        <testcase classname="workers/modules/oauthProxy.test.ts" name="Worker OAuth Proxy &gt; Token Exchange &gt; should handle invalid authorization code" time="0.0019721">
        </testcase>
        <testcase classname="workers/modules/oauthProxy.test.ts" name="Worker OAuth Proxy &gt; Token Exchange &gt; should validate required parameters" time="0.0010693">
        </testcase>
        <testcase classname="workers/modules/oauthProxy.test.ts" name="Worker OAuth Proxy &gt; Token Refresh &gt; should refresh access token using refresh token" time="0.0012347">
        </testcase>
        <testcase classname="workers/modules/oauthProxy.test.ts" name="Worker OAuth Proxy &gt; Token Refresh &gt; should handle expired refresh token" time="0.0013219">
        </testcase>
        <testcase classname="workers/modules/oauthProxy.test.ts" name="Worker OAuth Proxy &gt; Token Refresh &gt; should validate refresh token parameter" time="0.0009054">
        </testcase>
        <testcase classname="workers/modules/oauthProxy.test.ts" name="Worker OAuth Proxy &gt; User Info Proxy &gt; should proxy user info request to Webflow API" time="0.0012799">
        </testcase>
        <testcase classname="workers/modules/oauthProxy.test.ts" name="Worker OAuth Proxy &gt; User Info Proxy &gt; should handle missing authorization header" time="0.000747">
        </testcase>
        <testcase classname="workers/modules/oauthProxy.test.ts" name="Worker OAuth Proxy &gt; User Info Proxy &gt; should handle invalid access token" time="0.00083">
        </testcase>
        <testcase classname="workers/modules/oauthProxy.test.ts" name="Worker OAuth Proxy &gt; Security &gt; should validate client credentials" time="0.0007355">
        </testcase>
        <testcase classname="workers/modules/oauthProxy.test.ts" name="Worker OAuth Proxy &gt; Security &gt; should validate redirect URI" time="0.0007233">
        </testcase>
        <testcase classname="workers/modules/oauthProxy.test.ts" name="Worker OAuth Proxy &gt; Rate Limiting &gt; should handle rate limiting from Webflow API" time="0.0010626">
        </testcase>
    </testsuite>
    <testsuite name="workers/modules/seoAnalysis.test.ts" timestamp="2025-10-09T00:10:01.893Z" hostname="JohnDee" tests="57" failures="0" errors="0" skipped="0" time="0.0704128">
        <testcase classname="workers/modules/seoAnalysis.test.ts" name="seoAnalysis &gt; calculateSEOScore &gt; should calculate correct SEO score from checks" time="0.0023945">
        </testcase>
        <testcase classname="workers/modules/seoAnalysis.test.ts" name="seoAnalysis &gt; calculateSEOScore &gt; should return 100 when all checks pass" time="0.0004047">
        </testcase>
        <testcase classname="workers/modules/seoAnalysis.test.ts" name="seoAnalysis &gt; calculateSEOScore &gt; should return 0 when no checks pass" time="0.000283">
        </testcase>
        <testcase classname="workers/modules/seoAnalysis.test.ts" name="seoAnalysis &gt; calculateSEOScore &gt; should handle empty checks array" time="0.0008934">
        </testcase>
        <testcase classname="workers/modules/seoAnalysis.test.ts" name="seoAnalysis &gt; analyzerCheckPriorities &gt; should have all required SEO check priorities" time="0.0033539">
        </testcase>
        <testcase classname="workers/modules/seoAnalysis.test.ts" name="seoAnalysis &gt; analyzerCheckPriorities &gt; should prioritize critical SEO checks as high" time="0.0006893">
        </testcase>
        <testcase classname="workers/modules/seoAnalysis.test.ts" name="seoAnalysis &gt; getSuccessMessage &gt; should return specific success messages for known check types" time="0.0006371">
        </testcase>
        <testcase classname="workers/modules/seoAnalysis.test.ts" name="seoAnalysis &gt; getSuccessMessage &gt; should return generic message for unknown check types" time="0.0004884">
        </testcase>
        <testcase classname="workers/modules/seoAnalysis.test.ts" name="seoAnalysis &gt; checkKeywordMatch &gt; should find primary keyword in content" time="0.0020602">
        </testcase>
        <testcase classname="workers/modules/seoAnalysis.test.ts" name="seoAnalysis &gt; checkKeywordMatch &gt; should be case insensitive" time="0.0004564">
        </testcase>
        <testcase classname="workers/modules/seoAnalysis.test.ts" name="seoAnalysis &gt; checkKeywordMatch &gt; should check secondary keywords when primary fails" time="0.0007835">
        </testcase>
        <testcase classname="workers/modules/seoAnalysis.test.ts" name="seoAnalysis &gt; checkKeywordMatch &gt; should return false when no keywords match" time="0.0005657">
        </testcase>
        <testcase classname="workers/modules/seoAnalysis.test.ts" name="seoAnalysis &gt; checkKeywordMatch &gt; should handle empty or invalid inputs gracefully" time="0.0005462">
        </testcase>
        <testcase classname="workers/modules/seoAnalysis.test.ts" name="seoAnalysis &gt; checkKeywordMatch &gt; should handle secondary keywords with whitespace" time="0.0005597">
        </testcase>
        <testcase classname="workers/modules/seoAnalysis.test.ts" name="seoAnalysis &gt; checkUrlKeywordMatch &gt; should find keyword in URL path" time="0.0010126">
        </testcase>
        <testcase classname="workers/modules/seoAnalysis.test.ts" name="seoAnalysis &gt; checkUrlKeywordMatch &gt; should normalize URL by removing protocol and domain" time="0.0004409">
        </testcase>
        <testcase classname="workers/modules/seoAnalysis.test.ts" name="seoAnalysis &gt; checkUrlKeywordMatch &gt; should handle URL-encoded spaces" time="0.0003182">
        </testcase>
        <testcase classname="workers/modules/seoAnalysis.test.ts" name="seoAnalysis &gt; checkUrlKeywordMatch &gt; should convert hyphens and underscores to spaces" time="0.0003399">
        </testcase>
        <testcase classname="workers/modules/seoAnalysis.test.ts" name="seoAnalysis &gt; checkUrlKeywordMatch &gt; should check secondary keywords when primary fails" time="0.0004744">
        </testcase>
        <testcase classname="workers/modules/seoAnalysis.test.ts" name="seoAnalysis &gt; checkUrlKeywordMatch &gt; should handle invalid URLs gracefully" time="0.000494">
        </testcase>
        <testcase classname="workers/modules/seoAnalysis.test.ts" name="seoAnalysis &gt; calculateCombinedKeyphraseDensity &gt; should calculate density for primary keyword only" time="0.0006191">
        </testcase>
        <testcase classname="workers/modules/seoAnalysis.test.ts" name="seoAnalysis &gt; calculateCombinedKeyphraseDensity &gt; should calculate density for primary and secondary keywords combined" time="0.0003969">
        </testcase>
        <testcase classname="workers/modules/seoAnalysis.test.ts" name="seoAnalysis &gt; calculateCombinedKeyphraseDensity &gt; should handle multi-word keywords correctly" time="0.0003584">
        </testcase>
        <testcase classname="workers/modules/seoAnalysis.test.ts" name="seoAnalysis &gt; calculateCombinedKeyphraseDensity &gt; should return 0 for empty content or keywords" time="0.0003249">
        </testcase>
        <testcase classname="workers/modules/seoAnalysis.test.ts" name="seoAnalysis &gt; calculateCombinedKeyphraseDensity &gt; should be case insensitive" time="0.000375">
        </testcase>
        <testcase classname="workers/modules/seoAnalysis.test.ts" name="seoAnalysis &gt; analyzeMinification &gt; should detect minified files by .min. pattern" time="0.0007444">
        </testcase>
        <testcase classname="workers/modules/seoAnalysis.test.ts" name="seoAnalysis &gt; analyzeMinification &gt; should detect CDN auto-minification" time="0.0003974">
        </testcase>
        <testcase classname="workers/modules/seoAnalysis.test.ts" name="seoAnalysis &gt; analyzeMinification &gt; should detect build tool patterns" time="0.0005969">
        </testcase>
        <testcase classname="workers/modules/seoAnalysis.test.ts" name="seoAnalysis &gt; analyzeMinification &gt; should fail when files are not minified" time="0.0005254">
        </testcase>
        <testcase classname="workers/modules/seoAnalysis.test.ts" name="seoAnalysis &gt; analyzeMinification &gt; should handle mixed minified and unminified files" time="0.0005618">
        </testcase>
        <testcase classname="workers/modules/seoAnalysis.test.ts" name="seoAnalysis &gt; analyzeMinification &gt; should handle empty arrays" time="0.000622">
        </testcase>
        <testcase classname="workers/modules/seoAnalysis.test.ts" name="seoAnalysis &gt; analyzeMinification &gt; should identify minified files by .min. pattern" time="0.0004733">
        </testcase>
        <testcase classname="workers/modules/seoAnalysis.test.ts" name="seoAnalysis &gt; analyzeMinification &gt; should recognize CDN URLs as minified" time="0.0004138">
        </testcase>
        <testcase classname="workers/modules/seoAnalysis.test.ts" name="seoAnalysis &gt; analyzeMinification &gt; should recognize build tool patterns" time="0.0003572">
        </testcase>
        <testcase classname="workers/modules/seoAnalysis.test.ts" name="seoAnalysis &gt; analyzeMinification &gt; should recognize hash-based filenames" time="0.0004191">
        </testcase>
        <testcase classname="workers/modules/seoAnalysis.test.ts" name="seoAnalysis &gt; analyzeMinification &gt; should pass when 80% or more files are minified" time="0.0004099">
        </testcase>
        <testcase classname="workers/modules/seoAnalysis.test.ts" name="seoAnalysis &gt; analyzeMinification &gt; should fail when less than 80% files are minified" time="0.0066884">
        </testcase>
        <testcase classname="workers/modules/seoAnalysis.test.ts" name="seoAnalysis &gt; analyzeMinification &gt; should include details about minification status" time="0.0007192">
        </testcase>
        <testcase classname="workers/modules/seoAnalysis.test.ts" name="seoAnalysis &gt; analyzeSEOElements &gt; should perform comprehensive SEO analysis" time="0.0027131">
        </testcase>
        <testcase classname="workers/modules/seoAnalysis.test.ts" name="seoAnalysis &gt; analyzeSEOElements &gt; should use different word count requirements for homepage vs regular page" time="0.0016406">
        </testcase>
        <testcase classname="workers/modules/seoAnalysis.test.ts" name="seoAnalysis &gt; analyzeSEOElements &gt; should prefer Webflow API data when available" time="0.0013032">
        </testcase>
        <testcase classname="workers/modules/seoAnalysis.test.ts" name="seoAnalysis &gt; analyzeSEOElements &gt; should handle secondary keywords correctly" time="0.0011742">
        </testcase>
        <testcase classname="workers/modules/seoAnalysis.test.ts" name="seoAnalysis &gt; analyzeSEOElements &gt; should calculate keyphrase density correctly" time="0.0014717">
        </testcase>
        <testcase classname="workers/modules/seoAnalysis.test.ts" name="seoAnalysis &gt; analyzeSEOElements &gt; should detect images without alt text" time="0.0009806">
        </testcase>
        <testcase classname="workers/modules/seoAnalysis.test.ts" name="seoAnalysis &gt; analyzeSEOElements &gt; should analyze image formats for next-gen recommendations" time="0.0013779">
        </testcase>
        <testcase classname="workers/modules/seoAnalysis.test.ts" name="seoAnalysis &gt; analyzeSEOElements &gt; should check heading hierarchy" time="0.0017691">
        </testcase>
        <testcase classname="workers/modules/seoAnalysis.test.ts" name="seoAnalysis &gt; analyzeSEOElements &gt; should detect missing H1 in heading hierarchy" time="0.0011669">
        </testcase>
        <testcase classname="workers/modules/seoAnalysis.test.ts" name="seoAnalysis &gt; analyzeSEOElements &gt; should analyze code minification" time="0.000615">
        </testcase>
        <testcase classname="workers/modules/seoAnalysis.test.ts" name="seoAnalysis &gt; analyzeSEOElements &gt; should detect schema markup" time="0.0008538">
        </testcase>
        <testcase classname="workers/modules/seoAnalysis.test.ts" name="seoAnalysis &gt; analyzeSEOElements &gt; should check image file sizes" time="0.0008566">
        </testcase>
        <testcase classname="workers/modules/seoAnalysis.test.ts" name="seoAnalysis &gt; analyzeSEOElements &gt; should handle Open Graph image from multiple sources" time="0.0007769">
        </testcase>
        <testcase classname="workers/modules/seoAnalysis.test.ts" name="seoAnalysis &gt; analyzeSEOElements &gt; should handle Open Graph title and description" time="0.0006367">
        </testcase>
        <testcase classname="workers/modules/seoAnalysis.test.ts" name="seoAnalysis &gt; analyzeSEOElements &gt; should handle URL keyword matching with canonical URLs" time="0.0005744">
        </testcase>
        <testcase classname="workers/modules/seoAnalysis.test.ts" name="seoAnalysis &gt; analyzeSEOElements &gt; should handle empty or missing data gracefully" time="0.0007872">
        </testcase>
        <testcase classname="workers/modules/seoAnalysis.test.ts" name="seoAnalysis &gt; analyzeSEOElements &gt; should include AI recommendations when enabled" time="0.0042092">
        </testcase>
        <testcase classname="workers/modules/seoAnalysis.test.ts" name="seoAnalysis &gt; analyzeSEOElements &gt; should handle AI recommendation errors gracefully" time="0.0056611">
            <system-err>
[SEO Analysis] Error generating AI recommendation for Keyphrase in Title: Error: AI API Error
    at [90mC:\Users\Paul Mulligan\PMDS\Projects\AI-SEO-Copilot-for-Webflow\[39mworkers\modules\seoAnalysis.test.ts:959:54
    at [90mfile:///C:/Users/Paul%20Mulligan/PMDS/Projects/AI-SEO-Copilot-for-Webflow/[39mnode_modules/[4m.pnpm[24m/@vitest+runner@3.2.4/node_modules/[4m@vitest[24m/runner/dist/chunk-hooks.js:155:11
    at [90mfile:///C:/Users/Paul%20Mulligan/PMDS/Projects/AI-SEO-Copilot-for-Webflow/[39mnode_modules/[4m.pnpm[24m/@vitest+runner@3.2.4/node_modules/[4m@vitest[24m/runner/dist/chunk-hooks.js:752:26
    at [90mfile:///C:/Users/Paul%20Mulligan/PMDS/Projects/AI-SEO-Copilot-for-Webflow/[39mnode_modules/[4m.pnpm[24m/@vitest+runner@3.2.4/node_modules/[4m@vitest[24m/runner/dist/chunk-hooks.js:1897:20
    at new Promise (&lt;anonymous&gt;)
    at runWithTimeout [90m(file:///C:/Users/Paul%20Mulligan/PMDS/Projects/AI-SEO-Copilot-for-Webflow/[39mnode_modules/[4m.pnpm[24m/@vitest+runner@3.2.4/node_modules/[4m@vitest[24m/runner/dist/chunk-hooks.js:1863:10[90m)[39m
    at runTest [90m(file:///C:/Users/Paul%20Mulligan/PMDS/Projects/AI-SEO-Copilot-for-Webflow/[39mnode_modules/[4m.pnpm[24m/@vitest+runner@3.2.4/node_modules/[4m@vitest[24m/runner/dist/chunk-hooks.js:1574:12[90m)[39m
[90m    at processTicksAndRejections (node:internal/process/task_queues:105:5)[39m
    at runSuite [90m(file:///C:/Users/Paul%20Mulligan/PMDS/Projects/AI-SEO-Copilot-for-Webflow/[39mnode_modules/[4m.pnpm[24m/@vitest+runner@3.2.4/node_modules/[4m@vitest[24m/runner/dist/chunk-hooks.js:1729:8[90m)[39m
    at runSuite [90m(file:///C:/Users/Paul%20Mulligan/PMDS/Projects/AI-SEO-Copilot-for-Webflow/[39mnode_modules/[4m.pnpm[24m/@vitest+runner@3.2.4/node_modules/[4m@vitest[24m/runner/dist/chunk-hooks.js:1729:8[90m)[39m

[SEO Analysis] Error generating AI recommendation for Keyphrase in Meta Description: Error: AI API Error
    at [90mC:\Users\Paul Mulligan\PMDS\Projects\AI-SEO-Copilot-for-Webflow\[39mworkers\modules\seoAnalysis.test.ts:959:54
    at [90mfile:///C:/Users/Paul%20Mulligan/PMDS/Projects/AI-SEO-Copilot-for-Webflow/[39mnode_modules/[4m.pnpm[24m/@vitest+runner@3.2.4/node_modules/[4m@vitest[24m/runner/dist/chunk-hooks.js:155:11
    at [90mfile:///C:/Users/Paul%20Mulligan/PMDS/Projects/AI-SEO-Copilot-for-Webflow/[39mnode_modules/[4m.pnpm[24m/@vitest+runner@3.2.4/node_modules/[4m@vitest[24m/runner/dist/chunk-hooks.js:752:26
    at [90mfile:///C:/Users/Paul%20Mulligan/PMDS/Projects/AI-SEO-Copilot-for-Webflow/[39mnode_modules/[4m.pnpm[24m/@vitest+runner@3.2.4/node_modules/[4m@vitest[24m/runner/dist/chunk-hooks.js:1897:20
    at new Promise (&lt;anonymous&gt;)
    at runWithTimeout [90m(file:///C:/Users/Paul%20Mulligan/PMDS/Projects/AI-SEO-Copilot-for-Webflow/[39mnode_modules/[4m.pnpm[24m/@vitest+runner@3.2.4/node_modules/[4m@vitest[24m/runner/dist/chunk-hooks.js:1863:10[90m)[39m
    at runTest [90m(file:///C:/Users/Paul%20Mulligan/PMDS/Projects/AI-SEO-Copilot-for-Webflow/[39mnode_modules/[4m.pnpm[24m/@vitest+runner@3.2.4/node_modules/[4m@vitest[24m/runner/dist/chunk-hooks.js:1574:12[90m)[39m
[90m    at processTicksAndRejections (node:internal/process/task_queues:105:5)[39m
    at runSuite [90m(file:///C:/Users/Paul%20Mulligan/PMDS/Projects/AI-SEO-Copilot-for-Webflow/[39mnode_modules/[4m.pnpm[24m/@vitest+runner@3.2.4/node_modules/[4m@vitest[24m/runner/dist/chunk-hooks.js:1729:8[90m)[39m
    at runSuite [90m(file:///C:/Users/Paul%20Mulligan/PMDS/Projects/AI-SEO-Copilot-for-Webflow/[39mnode_modules/[4m.pnpm[24m/@vitest+runner@3.2.4/node_modules/[4m@vitest[24m/runner/dist/chunk-hooks.js:1729:8[90m)[39m

[SEO Analysis] Error generating AI recommendation for Keyphrase in URL: Error: AI API Error
    at [90mC:\Users\Paul Mulligan\PMDS\Projects\AI-SEO-Copilot-for-Webflow\[39mworkers\modules\seoAnalysis.test.ts:959:54
    at [90mfile:///C:/Users/Paul%20Mulligan/PMDS/Projects/AI-SEO-Copilot-for-Webflow/[39mnode_modules/[4m.pnpm[24m/@vitest+runner@3.2.4/node_modules/[4m@vitest[24m/runner/dist/chunk-hooks.js:155:11
    at [90mfile:///C:/Users/Paul%20Mulligan/PMDS/Projects/AI-SEO-Copilot-for-Webflow/[39mnode_modules/[4m.pnpm[24m/@vitest+runner@3.2.4/node_modules/[4m@vitest[24m/runner/dist/chunk-hooks.js:752:26
    at [90mfile:///C:/Users/Paul%20Mulligan/PMDS/Projects/AI-SEO-Copilot-for-Webflow/[39mnode_modules/[4m.pnpm[24m/@vitest+runner@3.2.4/node_modules/[4m@vitest[24m/runner/dist/chunk-hooks.js:1897:20
    at new Promise (&lt;anonymous&gt;)
    at runWithTimeout [90m(file:///C:/Users/Paul%20Mulligan/PMDS/Projects/AI-SEO-Copilot-for-Webflow/[39mnode_modules/[4m.pnpm[24m/@vitest+runner@3.2.4/node_modules/[4m@vitest[24m/runner/dist/chunk-hooks.js:1863:10[90m)[39m
    at runTest [90m(file:///C:/Users/Paul%20Mulligan/PMDS/Projects/AI-SEO-Copilot-for-Webflow/[39mnode_modules/[4m.pnpm[24m/@vitest+runner@3.2.4/node_modules/[4m@vitest[24m/runner/dist/chunk-hooks.js:1574:12[90m)[39m
[90m    at processTicksAndRejections (node:internal/process/task_queues:105:5)[39m
    at runSuite [90m(file:///C:/Users/Paul%20Mulligan/PMDS/Projects/AI-SEO-Copilot-for-Webflow/[39mnode_modules/[4m.pnpm[24m/@vitest+runner@3.2.4/node_modules/[4m@vitest[24m/runner/dist/chunk-hooks.js:1729:8[90m)[39m
    at runSuite [90m(file:///C:/Users/Paul%20Mulligan/PMDS/Projects/AI-SEO-Copilot-for-Webflow/[39mnode_modules/[4m.pnpm[24m/@vitest+runner@3.2.4/node_modules/[4m@vitest[24m/runner/dist/chunk-hooks.js:1729:8[90m)[39m

[SEO Analysis] Error generating AI recommendation for Keyphrase in Introduction: Error: AI API Error
    at [90mC:\Users\Paul Mulligan\PMDS\Projects\AI-SEO-Copilot-for-Webflow\[39mworkers\modules\seoAnalysis.test.ts:959:54
    at [90mfile:///C:/Users/Paul%20Mulligan/PMDS/Projects/AI-SEO-Copilot-for-Webflow/[39mnode_modules/[4m.pnpm[24m/@vitest+runner@3.2.4/node_modules/[4m@vitest[24m/runner/dist/chunk-hooks.js:155:11
    at [90mfile:///C:/Users/Paul%20Mulligan/PMDS/Projects/AI-SEO-Copilot-for-Webflow/[39mnode_modules/[4m.pnpm[24m/@vitest+runner@3.2.4/node_modules/[4m@vitest[24m/runner/dist/chunk-hooks.js:752:26
    at [90mfile:///C:/Users/Paul%20Mulligan/PMDS/Projects/AI-SEO-Copilot-for-Webflow/[39mnode_modules/[4m.pnpm[24m/@vitest+runner@3.2.4/node_modules/[4m@vitest[24m/runner/dist/chunk-hooks.js:1897:20
    at new Promise (&lt;anonymous&gt;)
    at runWithTimeout [90m(file:///C:/Users/Paul%20Mulligan/PMDS/Projects/AI-SEO-Copilot-for-Webflow/[39mnode_modules/[4m.pnpm[24m/@vitest+runner@3.2.4/node_modules/[4m@vitest[24m/runner/dist/chunk-hooks.js:1863:10[90m)[39m
    at runTest [90m(file:///C:/Users/Paul%20Mulligan/PMDS/Projects/AI-SEO-Copilot-for-Webflow/[39mnode_modules/[4m.pnpm[24m/@vitest+runner@3.2.4/node_modules/[4m@vitest[24m/runner/dist/chunk-hooks.js:1574:12[90m)[39m
[90m    at processTicksAndRejections (node:internal/process/task_queues:105:5)[39m
    at runSuite [90m(file:///C:/Users/Paul%20Mulligan/PMDS/Projects/AI-SEO-Copilot-for-Webflow/[39mnode_modules/[4m.pnpm[24m/@vitest+runner@3.2.4/node_modules/[4m@vitest[24m/runner/dist/chunk-hooks.js:1729:8[90m)[39m
    at runSuite [90m(file:///C:/Users/Paul%20Mulligan/PMDS/Projects/AI-SEO-Copilot-for-Webflow/[39mnode_modules/[4m.pnpm[24m/@vitest+runner@3.2.4/node_modules/[4m@vitest[24m/runner/dist/chunk-hooks.js:1729:8[90m)[39m

[SEO Analysis] Error generating AI recommendation for Keyphrase in H1 Heading: Error: AI API Error
    at [90mC:\Users\Paul Mulligan\PMDS\Projects\AI-SEO-Copilot-for-Webflow\[39mworkers\modules\seoAnalysis.test.ts:959:54
    at [90mfile:///C:/Users/Paul%20Mulligan/PMDS/Projects/AI-SEO-Copilot-for-Webflow/[39mnode_modules/[4m.pnpm[24m/@vitest+runner@3.2.4/node_modules/[4m@vitest[24m/runner/dist/chunk-hooks.js:155:11
    at [90mfile:///C:/Users/Paul%20Mulligan/PMDS/Projects/AI-SEO-Copilot-for-Webflow/[39mnode_modules/[4m.pnpm[24m/@vitest+runner@3.2.4/node_modules/[4m@vitest[24m/runner/dist/chunk-hooks.js:752:26
    at [90mfile:///C:/Users/Paul%20Mulligan/PMDS/Projects/AI-SEO-Copilot-for-Webflow/[39mnode_modules/[4m.pnpm[24m/@vitest+runner@3.2.4/node_modules/[4m@vitest[24m/runner/dist/chunk-hooks.js:1897:20
    at new Promise (&lt;anonymous&gt;)
    at runWithTimeout [90m(file:///C:/Users/Paul%20Mulligan/PMDS/Projects/AI-SEO-Copilot-for-Webflow/[39mnode_modules/[4m.pnpm[24m/@vitest+runner@3.2.4/node_modules/[4m@vitest[24m/runner/dist/chunk-hooks.js:1863:10[90m)[39m
    at runTest [90m(file:///C:/Users/Paul%20Mulligan/PMDS/Projects/AI-SEO-Copilot-for-Webflow/[39mnode_modules/[4m.pnpm[24m/@vitest+runner@3.2.4/node_modules/[4m@vitest[24m/runner/dist/chunk-hooks.js:1574:12[90m)[39m
[90m    at processTicksAndRejections (node:internal/process/task_queues:105:5)[39m
    at runSuite [90m(file:///C:/Users/Paul%20Mulligan/PMDS/Projects/AI-SEO-Copilot-for-Webflow/[39mnode_modules/[4m.pnpm[24m/@vitest+runner@3.2.4/node_modules/[4m@vitest[24m/runner/dist/chunk-hooks.js:1729:8[90m)[39m
    at runSuite [90m(file:///C:/Users/Paul%20Mulligan/PMDS/Projects/AI-SEO-Copilot-for-Webflow/[39mnode_modules/[4m.pnpm[24m/@vitest+runner@3.2.4/node_modules/[4m@vitest[24m/runner/dist/chunk-hooks.js:1729:8[90m)[39m

[SEO Analysis] Error generating AI recommendation for Keyphrase in H2 Headings: Error: AI API Error
    at [90mC:\Users\Paul Mulligan\PMDS\Projects\AI-SEO-Copilot-for-Webflow\[39mworkers\modules\seoAnalysis.test.ts:959:54
    at [90mfile:///C:/Users/Paul%20Mulligan/PMDS/Projects/AI-SEO-Copilot-for-Webflow/[39mnode_modules/[4m.pnpm[24m/@vitest+runner@3.2.4/node_modules/[4m@vitest[24m/runner/dist/chunk-hooks.js:155:11
    at [90mfile:///C:/Users/Paul%20Mulligan/PMDS/Projects/AI-SEO-Copilot-for-Webflow/[39mnode_modules/[4m.pnpm[24m/@vitest+runner@3.2.4/node_modules/[4m@vitest[24m/runner/dist/chunk-hooks.js:752:26
    at [90mfile:///C:/Users/Paul%20Mulligan/PMDS/Projects/AI-SEO-Copilot-for-Webflow/[39mnode_modules/[4m.pnpm[24m/@vitest+runner@3.2.4/node_modules/[4m@vitest[24m/runner/dist/chunk-hooks.js:1897:20
    at new Promise (&lt;anonymous&gt;)
    at runWithTimeout [90m(file:///C:/Users/Paul%20Mulligan/PMDS/Projects/AI-SEO-Copilot-for-Webflow/[39mnode_modules/[4m.pnpm[24m/@vitest+runner@3.2.4/node_modules/[4m@vitest[24m/runner/dist/chunk-hooks.js:1863:10[90m)[39m
    at runTest [90m(file:///C:/Users/Paul%20Mulligan/PMDS/Projects/AI-SEO-Copilot-for-Webflow/[39mnode_modules/[4m.pnpm[24m/@vitest+runner@3.2.4/node_modules/[4m@vitest[24m/runner/dist/chunk-hooks.js:1574:12[90m)[39m
[90m    at processTicksAndRejections (node:internal/process/task_queues:105:5)[39m
    at runSuite [90m(file:///C:/Users/Paul%20Mulligan/PMDS/Projects/AI-SEO-Copilot-for-Webflow/[39mnode_modules/[4m.pnpm[24m/@vitest+runner@3.2.4/node_modules/[4m@vitest[24m/runner/dist/chunk-hooks.js:1729:8[90m)[39m
    at runSuite [90m(file:///C:/Users/Paul%20Mulligan/PMDS/Projects/AI-SEO-Copilot-for-Webflow/[39mnode_modules/[4m.pnpm[24m/@vitest+runner@3.2.4/node_modules/[4m@vitest[24m/runner/dist/chunk-hooks.js:1729:8[90m)[39m

[SEO Analysis] Error getting AI recommendation for image alt attributes: Error: AI API Error
    at [90mC:\Users\Paul Mulligan\PMDS\Projects\AI-SEO-Copilot-for-Webflow\[39mworkers\modules\seoAnalysis.test.ts:959:54
    at [90mfile:///C:/Users/Paul%20Mulligan/PMDS/Projects/AI-SEO-Copilot-for-Webflow/[39mnode_modules/[4m.pnpm[24m/@vitest+runner@3.2.4/node_modules/[4m@vitest[24m/runner/dist/chunk-hooks.js:155:11
    at [90mfile:///C:/Users/Paul%20Mulligan/PMDS/Projects/AI-SEO-Copilot-for-Webflow/[39mnode_modules/[4m.pnpm[24m/@vitest+runner@3.2.4/node_modules/[4m@vitest[24m/runner/dist/chunk-hooks.js:752:26
    at [90mfile:///C:/Users/Paul%20Mulligan/PMDS/Projects/AI-SEO-Copilot-for-Webflow/[39mnode_modules/[4m.pnpm[24m/@vitest+runner@3.2.4/node_modules/[4m@vitest[24m/runner/dist/chunk-hooks.js:1897:20
    at new Promise (&lt;anonymous&gt;)
    at runWithTimeout [90m(file:///C:/Users/Paul%20Mulligan/PMDS/Projects/AI-SEO-Copilot-for-Webflow/[39mnode_modules/[4m.pnpm[24m/@vitest+runner@3.2.4/node_modules/[4m@vitest[24m/runner/dist/chunk-hooks.js:1863:10[90m)[39m
    at runTest [90m(file:///C:/Users/Paul%20Mulligan/PMDS/Projects/AI-SEO-Copilot-for-Webflow/[39mnode_modules/[4m.pnpm[24m/@vitest+runner@3.2.4/node_modules/[4m@vitest[24m/runner/dist/chunk-hooks.js:1574:12[90m)[39m
[90m    at processTicksAndRejections (node:internal/process/task_queues:105:5)[39m
    at runSuite [90m(file:///C:/Users/Paul%20Mulligan/PMDS/Projects/AI-SEO-Copilot-for-Webflow/[39mnode_modules/[4m.pnpm[24m/@vitest+runner@3.2.4/node_modules/[4m@vitest[24m/runner/dist/chunk-hooks.js:1729:8[90m)[39m
    at runSuite [90m(file:///C:/Users/Paul%20Mulligan/PMDS/Projects/AI-SEO-Copilot-for-Webflow/[39mnode_modules/[4m.pnpm[24m/@vitest+runner@3.2.4/node_modules/[4m@vitest[24m/runner/dist/chunk-hooks.js:1729:8[90m)[39m

            </system-err>
        </testcase>
        <testcase classname="workers/modules/seoAnalysis.test.ts" name="seoAnalysis &gt; analyzeSEOElements &gt; should calculate correct SEO scores" time="0.0008677">
        </testcase>
    </testsuite>
    <testsuite name="workers/modules/validation.test.ts" timestamp="2025-10-09T00:10:01.898Z" hostname="JohnDee" tests="30" failures="0" errors="0" skipped="0" time="0.0183477">
        <testcase classname="workers/modules/validation.test.ts" name="validation &gt; validateAnalyzeRequest &gt; should validate a minimal valid request" time="0.0030233">
        </testcase>
        <testcase classname="workers/modules/validation.test.ts" name="validation &gt; validateAnalyzeRequest &gt; should reject null or undefined" time="0.0007809">
        </testcase>
        <testcase classname="workers/modules/validation.test.ts" name="validation &gt; validateAnalyzeRequest &gt; should reject non-object values" time="0.0006074">
        </testcase>
        <testcase classname="workers/modules/validation.test.ts" name="validation &gt; validateAnalyzeRequest &gt; should reject requests without keyphrase" time="0.0002971">
        </testcase>
        <testcase classname="workers/modules/validation.test.ts" name="validation &gt; validateAnalyzeRequest &gt; should reject requests with empty keyphrase" time="0.0002877">
        </testcase>
        <testcase classname="workers/modules/validation.test.ts" name="validation &gt; validateAnalyzeRequest &gt; should reject requests with non-string keyphrase" time="0.0003061">
        </testcase>
        <testcase classname="workers/modules/validation.test.ts" name="validation &gt; validateAnalyzeRequest &gt; should reject requests without url" time="0.000304">
        </testcase>
        <testcase classname="workers/modules/validation.test.ts" name="validation &gt; validateAnalyzeRequest &gt; should reject requests with empty url" time="0.0003164">
        </testcase>
        <testcase classname="workers/modules/validation.test.ts" name="validation &gt; validateAnalyzeRequest &gt; should reject requests with non-string url" time="0.0001769">
        </testcase>
        <testcase classname="workers/modules/validation.test.ts" name="validation &gt; validateAnalyzeRequest &gt; should validate requests with valid isHomePage" time="0.0002121">
        </testcase>
        <testcase classname="workers/modules/validation.test.ts" name="validation &gt; validateAnalyzeRequest &gt; should reject requests with invalid isHomePage" time="0.0001465">
        </testcase>
        <testcase classname="workers/modules/validation.test.ts" name="validation &gt; validateAnalyzeRequest &gt; advancedOptions validation &gt; should validate requests with valid advancedOptions" time="0.0001638">
        </testcase>
        <testcase classname="workers/modules/validation.test.ts" name="validation &gt; validateAnalyzeRequest &gt; advancedOptions validation &gt; should reject non-object advancedOptions" time="0.0001515">
        </testcase>
        <testcase classname="workers/modules/validation.test.ts" name="validation &gt; validateAnalyzeRequest &gt; advancedOptions validation &gt; should reject invalid pageType" time="0.0001676">
        </testcase>
        <testcase classname="workers/modules/validation.test.ts" name="validation &gt; validateAnalyzeRequest &gt; advancedOptions validation &gt; should reject invalid secondaryKeywords" time="0.0001677">
        </testcase>
        <testcase classname="workers/modules/validation.test.ts" name="validation &gt; validateAnalyzeRequest &gt; webflowPageData validation &gt; should validate requests with valid webflowPageData" time="0.0002554">
        </testcase>
        <testcase classname="workers/modules/validation.test.ts" name="validation &gt; validateAnalyzeRequest &gt; webflowPageData validation &gt; should reject non-object webflowPageData" time="0.0001811">
        </testcase>
        <testcase classname="workers/modules/validation.test.ts" name="validation &gt; validateAnalyzeRequest &gt; webflowPageData validation &gt; should reject invalid string fields" time="0.0003713">
        </testcase>
        <testcase classname="workers/modules/validation.test.ts" name="validation &gt; validateAnalyzeRequest &gt; webflowPageData validation &gt; should reject invalid boolean fields" time="0.0002404">
        </testcase>
        <testcase classname="workers/modules/validation.test.ts" name="validation &gt; validateAnalyzeRequest &gt; webflowPageData validation &gt; should allow undefined optional fields" time="0.0001656">
        </testcase>
        <testcase classname="workers/modules/validation.test.ts" name="validation &gt; validateAnalyzeRequest &gt; pageAssets validation &gt; should validate requests with valid pageAssets" time="0.0001913">
        </testcase>
        <testcase classname="workers/modules/validation.test.ts" name="validation &gt; validateAnalyzeRequest &gt; pageAssets validation &gt; should reject non-array pageAssets" time="0.0001511">
        </testcase>
        <testcase classname="workers/modules/validation.test.ts" name="validation &gt; validateAnalyzeRequest &gt; pageAssets validation &gt; should reject invalid asset objects" time="0.0001733">
        </testcase>
        <testcase classname="workers/modules/validation.test.ts" name="validation &gt; validateAnalyzeRequest &gt; pageAssets validation &gt; should reject assets with invalid required fields" time="0.0007822">
        </testcase>
        <testcase classname="workers/modules/validation.test.ts" name="validation &gt; validateAnalyzeRequest &gt; pageAssets validation &gt; should reject assets with invalid optional fields" time="0.0003714">
        </testcase>
        <testcase classname="workers/modules/validation.test.ts" name="validation &gt; validateAnalyzeRequest &gt; pageAssets validation &gt; should allow undefined optional fields in assets" time="0.0002899">
        </testcase>
        <testcase classname="workers/modules/validation.test.ts" name="validation &gt; validateAnalyzeRequest &gt; should validate complex valid requests" time="0.0003316">
        </testcase>
        <testcase classname="workers/modules/validation.test.ts" name="validation &gt; createValidationError &gt; should create error with message only" time="0.0009469">
        </testcase>
        <testcase classname="workers/modules/validation.test.ts" name="validation &gt; createValidationError &gt; should create error with message and field" time="0.0004446">
        </testcase>
        <testcase classname="workers/modules/validation.test.ts" name="validation &gt; createValidationError &gt; should generate valid ISO timestamp" time="0.0004614">
        </testcase>
    </testsuite>
    <testsuite name="workers/modules/webScraper.test.ts" timestamp="2025-10-09T00:10:01.902Z" hostname="JohnDee" tests="21" failures="1" errors="0" skipped="0" time="0.1302817">
        <testcase classname="workers/modules/webScraper.test.ts" name="webScraper &gt; scrapeWebPage &gt; should successfully scrape a web page" time="0.0210757">
        </testcase>
        <testcase classname="workers/modules/webScraper.test.ts" name="webScraper &gt; scrapeWebPage &gt; should extract title with fallbacks" time="0.0029213">
        </testcase>
        <testcase classname="workers/modules/webScraper.test.ts" name="webScraper &gt; scrapeWebPage &gt; should extract meta description with fallbacks" time="0.0027562">
        </testcase>
        <testcase classname="workers/modules/webScraper.test.ts" name="webScraper &gt; scrapeWebPage &gt; should extract headings with correct levels" time="0.0088329">
        </testcase>
        <testcase classname="workers/modules/webScraper.test.ts" name="webScraper &gt; scrapeWebPage &gt; should extract paragraphs" time="0.0064126">
        </testcase>
        <testcase classname="workers/modules/webScraper.test.ts" name="webScraper &gt; scrapeWebPage &gt; should extract images with alt text" time="0.0063641">
        </testcase>
        <testcase classname="workers/modules/webScraper.test.ts" name="webScraper &gt; scrapeWebPage &gt; should categorize links correctly" time="0.0058259">
        </testcase>
        <testcase classname="workers/modules/webScraper.test.ts" name="webScraper &gt; scrapeWebPage &gt; should extract resources (CSS and JS files)" time="0.0051603">
        </testcase>
        <testcase classname="workers/modules/webScraper.test.ts" name="webScraper &gt; scrapeWebPage &gt; should extract canonical URL" time="0.004912">
        </testcase>
        <testcase classname="workers/modules/webScraper.test.ts" name="webScraper &gt; scrapeWebPage &gt; should extract meta keywords" time="0.0050688">
        </testcase>
        <testcase classname="workers/modules/webScraper.test.ts" name="webScraper &gt; scrapeWebPage &gt; should extract Open Graph image" time="0.0052645">
        </testcase>
        <testcase classname="workers/modules/webScraper.test.ts" name="webScraper &gt; scrapeWebPage &gt; should extract schema markup" time="0.0056765">
        </testcase>
        <testcase classname="workers/modules/webScraper.test.ts" name="webScraper &gt; scrapeWebPage &gt; should extract body text content" time="0.0117784">
        </testcase>
        <testcase classname="workers/modules/webScraper.test.ts" name="webScraper &gt; scrapeWebPage &gt; should handle fetch errors" time="0.0061622">
            <system-err>
[Web Scraper] Error scraping web page: Error: Network error
    at [90mC:\Users\Paul Mulligan\PMDS\Projects\AI-SEO-Copilot-for-Webflow\[39mworkers\modules\webScraper.test.ts:326:39
    at [90mfile:///C:/Users/Paul%20Mulligan/PMDS/Projects/AI-SEO-Copilot-for-Webflow/[39mnode_modules/[4m.pnpm[24m/@vitest+runner@3.2.4/node_modules/[4m@vitest[24m/runner/dist/chunk-hooks.js:155:11
    at [90mfile:///C:/Users/Paul%20Mulligan/PMDS/Projects/AI-SEO-Copilot-for-Webflow/[39mnode_modules/[4m.pnpm[24m/@vitest+runner@3.2.4/node_modules/[4m@vitest[24m/runner/dist/chunk-hooks.js:752:26
    at [90mfile:///C:/Users/Paul%20Mulligan/PMDS/Projects/AI-SEO-Copilot-for-Webflow/[39mnode_modules/[4m.pnpm[24m/@vitest+runner@3.2.4/node_modules/[4m@vitest[24m/runner/dist/chunk-hooks.js:1897:20
    at new Promise (&lt;anonymous&gt;)
    at runWithTimeout [90m(file:///C:/Users/Paul%20Mulligan/PMDS/Projects/AI-SEO-Copilot-for-Webflow/[39mnode_modules/[4m.pnpm[24m/@vitest+runner@3.2.4/node_modules/[4m@vitest[24m/runner/dist/chunk-hooks.js:1863:10[90m)[39m
    at runTest [90m(file:///C:/Users/Paul%20Mulligan/PMDS/Projects/AI-SEO-Copilot-for-Webflow/[39mnode_modules/[4m.pnpm[24m/@vitest+runner@3.2.4/node_modules/[4m@vitest[24m/runner/dist/chunk-hooks.js:1574:12[90m)[39m
[90m    at processTicksAndRejections (node:internal/process/task_queues:105:5)[39m
    at runSuite [90m(file:///C:/Users/Paul%20Mulligan/PMDS/Projects/AI-SEO-Copilot-for-Webflow/[39mnode_modules/[4m.pnpm[24m/@vitest+runner@3.2.4/node_modules/[4m@vitest[24m/runner/dist/chunk-hooks.js:1729:8[90m)[39m
    at runSuite [90m(file:///C:/Users/Paul%20Mulligan/PMDS/Projects/AI-SEO-Copilot-for-Webflow/[39mnode_modules/[4m.pnpm[24m/@vitest+runner@3.2.4/node_modules/[4m@vitest[24m/runner/dist/chunk-hooks.js:1729:8[90m)[39m

            </system-err>
        </testcase>
        <testcase classname="workers/modules/webScraper.test.ts" name="webScraper &gt; scrapeWebPage &gt; should handle HTTP error responses" time="0.0068667">
            <system-err>
[Web Scraper] Error scraping web page: Error: Failed to fetch page: 404 Not Found
    at scrapeWebPage [90m(C:\Users\Paul Mulligan\PMDS\Projects\AI-SEO-Copilot-for-Webflow\[39mworkers\modules\webScraper.ts:22:13[90m)[39m
[90m    at processTicksAndRejections (node:internal/process/task_queues:105:5)[39m

            </system-err>
        </testcase>
        <testcase classname="workers/modules/webScraper.test.ts" name="webScraper &gt; scrapeWebPage &gt; should handle malformed HTML gracefully" time="0.0030385">
        </testcase>
        <testcase classname="workers/modules/webScraper.test.ts" name="webScraper &gt; scrapeWebPage &gt; should handle empty page content" time="0.0055715">
        </testcase>
        <testcase classname="workers/modules/webScraper.test.ts" name="webScraper &gt; scrapeWebPage &gt; should remove unwanted elements before analysis" time="0.0043108">
        </testcase>
        <testcase classname="workers/modules/webScraper.test.ts" name="webScraper &gt; scrapeWebPage &gt; should handle relative URLs in links correctly" time="0.0029274">
        </testcase>
        <testcase classname="workers/modules/webScraper.test.ts" name="webScraper &gt; scrapeWebPage &gt; should handle HTTPS and HTTP URL variations" time="0.0025854">
        </testcase>
        <testcase classname="workers/modules/webScraper.test.ts" name="workers/modules/webScraper.test.ts" time="0.1302817">
            <failure message="Object.defineProperty called on non-object" type="TypeError">
TypeError: Object.defineProperty called on non-object
 ❯ ../../../../Paul%20Mulligan/PMDS/Projects/AI-SEO-Copilot-for-Webflow/node_modules/.pnpm/@mswjs+interceptors@0.39.6/node_modules/@mswjs/interceptors/lib/node/chunk-WI4WZWP4.mjs:291:14
 ❯ _FetchInterceptor.dispose ../../../../Paul%20Mulligan/PMDS/Projects/AI-SEO-Copilot-for-Webflow/node_modules/.pnpm/@mswjs+interceptors@0.39.6/node_modules/@mswjs/interceptors/lib/node/chunk-IHJSPMYM.mjs:131:9
 ❯ ../../../../Paul%20Mulligan/PMDS/Projects/AI-SEO-Copilot-for-Webflow/node_modules/.pnpm/@mswjs+interceptors@0.39.6/node_modules/@mswjs/interceptors/lib/node/chunk-RC2XPCC4.mjs:19:49
 ❯ BatchInterceptor.dispose ../../../../Paul%20Mulligan/PMDS/Projects/AI-SEO-Copilot-for-Webflow/node_modules/.pnpm/@mswjs+interceptors@0.39.6/node_modules/@mswjs/interceptors/lib/node/chunk-IHJSPMYM.mjs:131:9
 ❯ ../../../../Paul%20Mulligan/PMDS/Projects/AI-SEO-Copilot-for-Webflow/node_modules/.pnpm/msw@2.11.2_@types+node@24.3.0_typescript@5.9.2/node_modules/msw/lib/node/index.mjs:108:52
 ❯ SetupServerApi.dispose ../../../../Paul%20Mulligan/PMDS/Projects/AI-SEO-Copilot-for-Webflow/node_modules/.pnpm/msw@2.11.2_@types+node@24.3.0_typescript@5.9.2/node_modules/msw/lib/core/utils/internal/Disposable.mjs:6:7
 ❯ SetupServerApi.close ../../../../Paul%20Mulligan/PMDS/Projects/AI-SEO-Copilot-for-Webflow/node_modules/.pnpm/msw@2.11.2_@types+node@24.3.0_typescript@5.9.2/node_modules/msw/lib/node/index.mjs:122:10
 ❯ SetupServerApi.close ../../../../Paul%20Mulligan/PMDS/Projects/AI-SEO-Copilot-for-Webflow/node_modules/.pnpm/msw@2.11.2_@types+node@24.3.0_typescript@5.9.2/node_modules/msw/lib/node/index.mjs:171:11
 ❯ client/src/__tests__/utils/testHelpers.tsx:52:10
            </failure>
        </testcase>
    </testsuite>
    <testsuite name="client/src/components/Footer.test.tsx" timestamp="2025-10-09T00:10:01.905Z" hostname="JohnDee" tests="8" failures="0" errors="0" skipped="0" time="0.2357706">
        <testcase classname="client/src/components/Footer.test.tsx" name="Footer &gt; renders all footer links" time="0.0751349">
        </testcase>
        <testcase classname="client/src/components/Footer.test.tsx" name="Footer &gt; has correct href attributes for all links" time="0.0259724">
        </testcase>
        <testcase classname="client/src/components/Footer.test.tsx" name="Footer &gt; opens links in new tab with security attributes" time="0.0148278">
        </testcase>
        <testcase classname="client/src/components/Footer.test.tsx" name="Footer &gt; displays correct text for each link" time="0.0214437">
        </testcase>
        <testcase classname="client/src/components/Footer.test.tsx" name="Footer &gt; renders icons with proper accessibility attributes" time="0.023636">
        </testcase>
        <testcase classname="client/src/components/Footer.test.tsx" name="Footer &gt; renders correct icon sources" time="0.0273538">
        </testcase>
        <testcase classname="client/src/components/Footer.test.tsx" name="Footer &gt; has proper footer semantic structure" time="0.0279861">
        </testcase>
        <testcase classname="client/src/components/Footer.test.tsx" name="Footer &gt; applies correct CSS classes" time="0.0135508">
        </testcase>
    </testsuite>
    <testsuite name="client/src/components/HelpSystem.test.tsx" timestamp="2025-10-09T00:10:01.906Z" hostname="JohnDee" tests="17" failures="6" errors="0" skipped="0" time="3.5768059">
        <testcase classname="client/src/components/HelpSystem.test.tsx" name="HelpSystem &gt; Help Toggle &gt; should show help button when help is available" time="0.0846424">
        </testcase>
        <testcase classname="client/src/components/HelpSystem.test.tsx" name="HelpSystem &gt; Help Toggle &gt; should toggle help panel when clicked" time="0.1695115">
        </testcase>
        <testcase classname="client/src/components/HelpSystem.test.tsx" name="HelpSystem &gt; Help Toggle &gt; should close help panel when escape is pressed" time="0.0991332">
        </testcase>
        <testcase classname="client/src/components/HelpSystem.test.tsx" name="HelpSystem &gt; Help Search &gt; should show search input in help panel" time="0.0721586">
        </testcase>
        <testcase classname="client/src/components/HelpSystem.test.tsx" name="HelpSystem &gt; Help Search &gt; should search help articles when typing" time="0.4806194">
        </testcase>
        <testcase classname="client/src/components/HelpSystem.test.tsx" name="HelpSystem &gt; Help Search &gt; should show no results message when no articles found" time="0.1956577">
        </testcase>
        <testcase classname="client/src/components/HelpSystem.test.tsx" name="HelpSystem &gt; Contextual Help &gt; should show contextual help tooltip on hover" time="0.0317044">
        </testcase>
        <testcase classname="client/src/components/HelpSystem.test.tsx" name="HelpSystem &gt; Contextual Help &gt; should hide tooltip on mouse leave" time="0.0283113">
        </testcase>
        <testcase classname="client/src/components/HelpSystem.test.tsx" name="HelpSystem &gt; Help Categories &gt; should display help categories" time="0.0934533">
        </testcase>
        <testcase classname="client/src/components/HelpSystem.test.tsx" name="HelpSystem &gt; Help Categories &gt; should show articles when category is selected" time="0.1319771">
            <failure message="The given offset is out of bounds." type="Error">
Error: The given offset is out of bounds.
 ❯ setSelectionPerMouseDown ../../../../Paul%20Mulligan/PMDS/Projects/AI-SEO-Copilot-for-Webflow/node_modules/.pnpm/@testing-library+user-event_1ca100c7362ccf0b1358603d616c282d/node_modules/@testing-library/user-event/dist/esm/event/selection/setSelectionPerMouse.js:50:19
 ❯ Mouse.startSelecting ../../../../Paul%20Mulligan/PMDS/Projects/AI-SEO-Copilot-for-Webflow/node_modules/.pnpm/@testing-library+user-event_1ca100c7362ccf0b1358603d616c282d/node_modules/@testing-library/user-event/dist/esm/system/pointer/mouse.js:134:26
 ❯ Mouse.down ../../../../Paul%20Mulligan/PMDS/Projects/AI-SEO-Copilot-for-Webflow/node_modules/.pnpm/@testing-library+user-event_1ca100c7362ccf0b1358603d616c282d/node_modules/@testing-library/user-event/dist/esm/system/pointer/mouse.js:75:18
 ❯ PointerHost.press ../../../../Paul%20Mulligan/PMDS/Projects/AI-SEO-Copilot-for-Webflow/node_modules/.pnpm/@testing-library+user-event_1ca100c7362ccf0b1358603d616c282d/node_modules/@testing-library/user-event/dist/esm/system/pointer/index.js:38:24
 ❯ pointerAction ../../../../Paul%20Mulligan/PMDS/Projects/AI-SEO-Copilot-for-Webflow/node_modules/.pnpm/@testing-library+user-event_1ca100c7362ccf0b1358603d616c282d/node_modules/@testing-library/user-event/dist/esm/pointer/index.js:49:43
 ❯ Object.pointer ../../../../Paul%20Mulligan/PMDS/Projects/AI-SEO-Copilot-for-Webflow/node_modules/.pnpm/@testing-library+user-event_1ca100c7362ccf0b1358603d616c282d/node_modules/@testing-library/user-event/dist/esm/pointer/index.js:25:15
 ❯ Object.asyncWrapper node_modules/.pnpm/@testing-library+react@16.3_6479d15b625ec3d34ccbc3611f2e562b/node_modules/@testing-library/react/dist/pure.js:88:22
            </failure>
        </testcase>
        <testcase classname="client/src/components/HelpSystem.test.tsx" name="HelpSystem &gt; Interactive Tutorials &gt; should start tutorial when clicked" time="0.1299237">
            <failure message="The given offset is out of bounds." type="Error">
Error: The given offset is out of bounds.
 ❯ setSelectionPerMouseDown ../../../../Paul%20Mulligan/PMDS/Projects/AI-SEO-Copilot-for-Webflow/node_modules/.pnpm/@testing-library+user-event_1ca100c7362ccf0b1358603d616c282d/node_modules/@testing-library/user-event/dist/esm/event/selection/setSelectionPerMouse.js:50:19
 ❯ Mouse.startSelecting ../../../../Paul%20Mulligan/PMDS/Projects/AI-SEO-Copilot-for-Webflow/node_modules/.pnpm/@testing-library+user-event_1ca100c7362ccf0b1358603d616c282d/node_modules/@testing-library/user-event/dist/esm/system/pointer/mouse.js:134:26
 ❯ Mouse.down ../../../../Paul%20Mulligan/PMDS/Projects/AI-SEO-Copilot-for-Webflow/node_modules/.pnpm/@testing-library+user-event_1ca100c7362ccf0b1358603d616c282d/node_modules/@testing-library/user-event/dist/esm/system/pointer/mouse.js:75:18
 ❯ PointerHost.press ../../../../Paul%20Mulligan/PMDS/Projects/AI-SEO-Copilot-for-Webflow/node_modules/.pnpm/@testing-library+user-event_1ca100c7362ccf0b1358603d616c282d/node_modules/@testing-library/user-event/dist/esm/system/pointer/index.js:38:24
 ❯ pointerAction ../../../../Paul%20Mulligan/PMDS/Projects/AI-SEO-Copilot-for-Webflow/node_modules/.pnpm/@testing-library+user-event_1ca100c7362ccf0b1358603d616c282d/node_modules/@testing-library/user-event/dist/esm/pointer/index.js:49:43
 ❯ Object.pointer ../../../../Paul%20Mulligan/PMDS/Projects/AI-SEO-Copilot-for-Webflow/node_modules/.pnpm/@testing-library+user-event_1ca100c7362ccf0b1358603d616c282d/node_modules/@testing-library/user-event/dist/esm/pointer/index.js:25:15
 ❯ Object.asyncWrapper node_modules/.pnpm/@testing-library+react@16.3_6479d15b625ec3d34ccbc3611f2e562b/node_modules/@testing-library/react/dist/pure.js:88:22
 ❯ client/src/components/HelpSystem.test.tsx:213:7
            </failure>
        </testcase>
        <testcase classname="client/src/components/HelpSystem.test.tsx" name="HelpSystem &gt; Interactive Tutorials &gt; should navigate through tutorial steps" time="0.1471274">
            <failure message="The given offset is out of bounds." type="Error">
Error: The given offset is out of bounds.
 ❯ setSelectionPerMouseDown ../../../../Paul%20Mulligan/PMDS/Projects/AI-SEO-Copilot-for-Webflow/node_modules/.pnpm/@testing-library+user-event_1ca100c7362ccf0b1358603d616c282d/node_modules/@testing-library/user-event/dist/esm/event/selection/setSelectionPerMouse.js:50:19
 ❯ Mouse.startSelecting ../../../../Paul%20Mulligan/PMDS/Projects/AI-SEO-Copilot-for-Webflow/node_modules/.pnpm/@testing-library+user-event_1ca100c7362ccf0b1358603d616c282d/node_modules/@testing-library/user-event/dist/esm/system/pointer/mouse.js:134:26
 ❯ Mouse.down ../../../../Paul%20Mulligan/PMDS/Projects/AI-SEO-Copilot-for-Webflow/node_modules/.pnpm/@testing-library+user-event_1ca100c7362ccf0b1358603d616c282d/node_modules/@testing-library/user-event/dist/esm/system/pointer/mouse.js:75:18
 ❯ PointerHost.press ../../../../Paul%20Mulligan/PMDS/Projects/AI-SEO-Copilot-for-Webflow/node_modules/.pnpm/@testing-library+user-event_1ca100c7362ccf0b1358603d616c282d/node_modules/@testing-library/user-event/dist/esm/system/pointer/index.js:38:24
 ❯ pointerAction ../../../../Paul%20Mulligan/PMDS/Projects/AI-SEO-Copilot-for-Webflow/node_modules/.pnpm/@testing-library+user-event_1ca100c7362ccf0b1358603d616c282d/node_modules/@testing-library/user-event/dist/esm/pointer/index.js:49:43
 ❯ Object.pointer ../../../../Paul%20Mulligan/PMDS/Projects/AI-SEO-Copilot-for-Webflow/node_modules/.pnpm/@testing-library+user-event_1ca100c7362ccf0b1358603d616c282d/node_modules/@testing-library/user-event/dist/esm/pointer/index.js:25:15
 ❯ Object.asyncWrapper node_modules/.pnpm/@testing-library+react@16.3_6479d15b625ec3d34ccbc3611f2e562b/node_modules/@testing-library/react/dist/pure.js:88:22
            </failure>
        </testcase>
        <testcase classname="client/src/components/HelpSystem.test.tsx" name="HelpSystem &gt; Interactive Tutorials &gt; should complete tutorial" time="0.1184529">
            <failure message="The given offset is out of bounds." type="Error">
Error: The given offset is out of bounds.
 ❯ setSelectionPerMouseDown ../../../../Paul%20Mulligan/PMDS/Projects/AI-SEO-Copilot-for-Webflow/node_modules/.pnpm/@testing-library+user-event_1ca100c7362ccf0b1358603d616c282d/node_modules/@testing-library/user-event/dist/esm/event/selection/setSelectionPerMouse.js:50:19
 ❯ Mouse.startSelecting ../../../../Paul%20Mulligan/PMDS/Projects/AI-SEO-Copilot-for-Webflow/node_modules/.pnpm/@testing-library+user-event_1ca100c7362ccf0b1358603d616c282d/node_modules/@testing-library/user-event/dist/esm/system/pointer/mouse.js:134:26
 ❯ Mouse.down ../../../../Paul%20Mulligan/PMDS/Projects/AI-SEO-Copilot-for-Webflow/node_modules/.pnpm/@testing-library+user-event_1ca100c7362ccf0b1358603d616c282d/node_modules/@testing-library/user-event/dist/esm/system/pointer/mouse.js:75:18
 ❯ PointerHost.press ../../../../Paul%20Mulligan/PMDS/Projects/AI-SEO-Copilot-for-Webflow/node_modules/.pnpm/@testing-library+user-event_1ca100c7362ccf0b1358603d616c282d/node_modules/@testing-library/user-event/dist/esm/system/pointer/index.js:38:24
 ❯ pointerAction ../../../../Paul%20Mulligan/PMDS/Projects/AI-SEO-Copilot-for-Webflow/node_modules/.pnpm/@testing-library+user-event_1ca100c7362ccf0b1358603d616c282d/node_modules/@testing-library/user-event/dist/esm/pointer/index.js:49:43
 ❯ Object.pointer ../../../../Paul%20Mulligan/PMDS/Projects/AI-SEO-Copilot-for-Webflow/node_modules/.pnpm/@testing-library+user-event_1ca100c7362ccf0b1358603d616c282d/node_modules/@testing-library/user-event/dist/esm/pointer/index.js:25:15
 ❯ Object.asyncWrapper node_modules/.pnpm/@testing-library+react@16.3_6479d15b625ec3d34ccbc3611f2e562b/node_modules/@testing-library/react/dist/pure.js:88:22
 ❯ client/src/components/HelpSystem.test.tsx:235:7
            </failure>
        </testcase>
        <testcase classname="client/src/components/HelpSystem.test.tsx" name="HelpSystem &gt; Help Preferences &gt; should disable contextual help when toggled off" time="0.1579273">
        </testcase>
        <testcase classname="client/src/components/HelpSystem.test.tsx" name="HelpSystem &gt; Help Preferences &gt; should remember help preferences" time="0.0303599">
        </testcase>
        <testcase classname="client/src/components/HelpSystem.test.tsx" name="HelpSystem &gt; Help Analytics &gt; should track help article views" time="0.1121412">
            <failure message="The given offset is out of bounds." type="Error">
Error: The given offset is out of bounds.
 ❯ setSelectionPerMouseDown ../../../../Paul%20Mulligan/PMDS/Projects/AI-SEO-Copilot-for-Webflow/node_modules/.pnpm/@testing-library+user-event_1ca100c7362ccf0b1358603d616c282d/node_modules/@testing-library/user-event/dist/esm/event/selection/setSelectionPerMouse.js:50:19
 ❯ Mouse.startSelecting ../../../../Paul%20Mulligan/PMDS/Projects/AI-SEO-Copilot-for-Webflow/node_modules/.pnpm/@testing-library+user-event_1ca100c7362ccf0b1358603d616c282d/node_modules/@testing-library/user-event/dist/esm/system/pointer/mouse.js:134:26
 ❯ Mouse.down ../../../../Paul%20Mulligan/PMDS/Projects/AI-SEO-Copilot-for-Webflow/node_modules/.pnpm/@testing-library+user-event_1ca100c7362ccf0b1358603d616c282d/node_modules/@testing-library/user-event/dist/esm/system/pointer/mouse.js:75:18
 ❯ PointerHost.press ../../../../Paul%20Mulligan/PMDS/Projects/AI-SEO-Copilot-for-Webflow/node_modules/.pnpm/@testing-library+user-event_1ca100c7362ccf0b1358603d616c282d/node_modules/@testing-library/user-event/dist/esm/system/pointer/index.js:38:24
 ❯ pointerAction ../../../../Paul%20Mulligan/PMDS/Projects/AI-SEO-Copilot-for-Webflow/node_modules/.pnpm/@testing-library+user-event_1ca100c7362ccf0b1358603d616c282d/node_modules/@testing-library/user-event/dist/esm/pointer/index.js:49:43
 ❯ Object.pointer ../../../../Paul%20Mulligan/PMDS/Projects/AI-SEO-Copilot-for-Webflow/node_modules/.pnpm/@testing-library+user-event_1ca100c7362ccf0b1358603d616c282d/node_modules/@testing-library/user-event/dist/esm/pointer/index.js:25:15
 ❯ Object.asyncWrapper node_modules/.pnpm/@testing-library+react@16.3_6479d15b625ec3d34ccbc3611f2e562b/node_modules/@testing-library/react/dist/pure.js:88:22
 ❯ client/src/components/HelpSystem.test.tsx:323:7
            </failure>
        </testcase>
        <testcase classname="client/src/components/HelpSystem.test.tsx" name="HelpSystem &gt; Help Analytics &gt; should track search queries" time="1.4756457">
            <failure message="expected &quot;spy&quot; to be called with arguments: [ &apos;help_search&apos;, …(1) ][90m

Number of calls: [1m0[22m
[39m

Ignored nodes: comments, script, style
[36m&lt;html&gt;[39m
  [36m&lt;head /&gt;[39m
  [36m&lt;body&gt;[39m
    [36m&lt;div&gt;[39m
      [36m&lt;button[39m
        [33mclass[39m=[32m&quot;inline-flex items-center justify-center gap-2 whitespace-nowrap text-sm font-medium ring-offset-background transition-colors focus-visible:outline-none focus-visible:ring-2 focus-visible:ring-ring focus-visible:ring-offset-2 disabled:pointer-events-none disabled:opacity-50 [&amp;_svg]:pointer-events-none [&amp;_svg]:size-4 [&amp;_svg]:shrink-0 [&amp;_svg]:text-current border border-input bg-background hover:bg-accent hover:text-accent-foreground h-9 rounded-md px-3 fixed bottom-4 right-4 z-40&quot;[39m
        [33mdata-state[39m=[32m&quot;closed&quot;[39m
      [36m&gt;[39m
        [36m&lt;svg[39m
          [33maria-hidden[39m=[32m&quot;true&quot;[39m
          [33mclass[39m=[32m&quot;lucide lucide-circle-help h-4 w-4&quot;[39m
          [33mfill[39m=[32m&quot;none&quot;[39m
          [33mheight[39m=[32m&quot;24&quot;[39m
          [33mstroke[39m=[32m&quot;currentColor&quot;[39m
          [33mstroke-linecap[39m=[32m&quot;round&quot;[39m
          [33mstroke-linejoin[39m=[32m&quot;round&quot;[39m
          [33mstroke-width[39m=[32m&quot;2&quot;[39m
          [33mviewBox[39m=[32m&quot;0 0 24 24&quot;[39m
          [33mwidth[39m=[32m&quot;24&quot;[39m
          [33mxmlns[39m=[32m&quot;http://www.w3.org/2000/svg&quot;[39m
        [36m&gt;[39m
          [36m&lt;circle[39m
            [33mcx[39m=[32m&quot;12&quot;[39m
            [33mcy[39m=[32m&quot;12&quot;[39m
            [33mr[39m=[32m&quot;10&quot;[39m
          [36m/&gt;[39m
          [36m&lt;path[39m
            [33md[39m=[32m&quot;M9.09 9a3 3 0 0 1 5.83 1c0 2-3 3-3 3&quot;[39m
          [36m/&gt;[39m
          [36m&lt;path[39m
            [33md[39m=[32m&quot;M12 17h.01&quot;[39m
          [36m/&gt;[39m
        [36m&lt;/svg&gt;[39m
        [36m&lt;span[39m
          [33mclass[39m=[32m&quot;ml-1&quot;[39m
        [36m&gt;[39m
          [0mHelp[0m
        [36m&lt;/span&gt;[39m
      [36m&lt;/button&gt;[39m
      [36m&lt;div[39m
        [33mclass[39m=[32m&quot;fixed right-0 top-0 h-full w-96 bg-background border-l shadow-lg z-50 flex flex-col&quot;[39m
      [36m&gt;[39m
        [36m&lt;div[39m
          [33mclass[39m=[32m&quot;flex items-center justify-between p-4 border-b&quot;[39m
        [36m&gt;[39m
          [36m&lt;h2[39m
            [33mclass[39m=[32m&quot;text-lg font-semibold&quot;[39m
          [36m&gt;[39m
            [0mHelp Center[0m
          [36m&lt;/h2&gt;[39m
          [36m&lt;button[39m
            [33mclass[39m=[32m&quot;inline-flex items-center justify-center gap-2 whitespace-nowrap text-sm font-medium ring-offset-background transition-colors focus-visible:outline-none focus-visible:ring-2 focus-visible:ring-ring focus-visible:ring-offset-2 disabled:pointer-events-none disabled:opacity-50 [&amp;_svg]:pointer-events-none [&amp;_svg]:size-4 [&amp;_svg]:shrink-0 [&amp;_svg]:text-current hover:bg-accent hover:text-accent-foreground h-9 rounded-md px-3&quot;[39m
          [36m&gt;[39m
            [36m&lt;svg[39m
              [33maria-hidden[39m=[32m&quot;true&quot;[39m
              [33mclass[39m=[32m&quot;lucide lucide-x h-4 w-4&quot;[39m
              [33mfill[39m=[32m&quot;none&quot;[39m
              [33mheight[39m=[32m&quot;24&quot;[39m
              [33mstroke[39m=[32m&quot;currentColor&quot;[39m
              [33mstroke-linecap[39m=[32m&quot;round&quot;[39m
              [33mstroke-linejoin[39m=[32m&quot;round&quot;[39m
              [33mstroke-width[39m=[32m&quot;2&quot;[39m
              [33mviewBox[39m=[32m&quot;0 0 24 24&quot;[39m
              [33mwidth[39m=[32m&quot;24&quot;[39m
              [33mxmlns[39m=[32m&quot;http://www.w3.org/2000/svg&quot;[39m
            [36m&gt;[39m
              [36m&lt;path[39m
                [33md[39m=[32m&quot;M18 6 6 18&quot;[39m
              [36m/&gt;[39m
              [36m&lt;path[39m
                [33md[39m=[32m&quot;m6 6 12 12&quot;[39m
              [36m/&gt;[39m
            [36m&lt;/svg&gt;[39m
          [36m&lt;/button&gt;[39m
        [36m&lt;/div&gt;[39m
        [36m&lt;div[39m
          [33mclass[39m=[32m&quot;p-4&quot;[39m
        [36m&gt;[39m
          [36m&lt;div[39m
            [33mclass[39m=[32m&quot;relative&quot;[39m
          [36m&gt;[39m
            [36m&lt;svg[39m
              [33maria-hidden[39m=[32m&quot;true&quot;[39m
              [33mclass[39m=[32m&quot;lucide lucide-search absolute left-3 top-1/2 transform -translate-y-1/2 h-4 w-4 text-muted-foreground&quot;[39m
              [33mfill[39m=[32m&quot;none&quot;[39m
              [33mheight[39m=[32m&quot;24&quot;[39m
              [33mstroke[39m=[32m&quot;currentColor&quot;[39m
              [33mstroke-linecap[39m=[32m&quot;round&quot;[39m
              [33mstroke-linejoin[39m=[32m&quot;round&quot;[39m
              [33mstroke-width[39m=[32m&quot;2&quot;[39m
              [33mviewBox[39m=[32m&quot;0 0 24 24&quot;[39m
              [33mwidth[39m=[32m&quot;24&quot;[39m
              [33mxmlns[39m=[32m&quot;http://www.w3.org/2000/svg&quot;[39m
            [36m&gt;[39m
              [36m&lt;path[39m
                [33md[39m=[32m&quot;m21 21-4.34-4.34&quot;[39m
              [36m/&gt;[39m
              [36m&lt;circle[39m
                [33mcx[39m=[32m&quot;11&quot;[39m
                [33mcy[39m=[32m&quot;11&quot;[39m
                [33mr[39m=[32m&quot;8&quot;[39m
              [36m/&gt;[39m
            [36m&lt;/svg&gt;[39m
            [36m&lt;input[39m
              [33mclass[39m=[32m&quot;flex h-10 w-full rounded-md border border-input bg-background px-3 py-2 text-sm ring-offset-background file:border-0 file:bg-transparent file:text-sm file:font-medium file:text-foreground placeholder:text-muted-foreground focus-visible:outline-none focus-visible:ring-2 focus-visible:ring-ring focus-visible:ring-offset-2 disabled:cursor-not-allowed disabled:opacity-50 pl-9&quot;[39m
              [33mplaceholder[39m=[32m&quot;Search help articles...&quot;[39m
              [33mtype[39m=[32m&quot;text&quot;[39m
              [33mvalue[39m=[32m&quot;SEO optimization&quot;[39m
            [36m/&gt;[39m
          [36m&lt;/div&gt;[39m
        [36m&lt;/div&gt;[39m
        [36m&lt;div[39m
          [33mclass[39m=[32m&quot;relative overflow-hidden flex-1 px-4&quot;[39m
          [33mdir[39m=[32m&quot;ltr&quot;[39m
          [33mstyle[39m=[32m&quot;--radix-scroll-area-corner-width: 0px; --radix-scroll-area-corner-height: 0px&quot;[39m
        [36m&gt;[39m
          [36m&lt;div[39m
            [33mclass[39m=[32m&quot;h-full w-full rounded-[inherit]&quot;[39m
            [33mdata-radix-scroll-area-viewport[39m=[32m&quot;&quot;[39m
          [36m&gt;[39m
            [36m&lt;div&gt;[39m
              [36m&lt;div[39m
                [33mclass[39m=[32m&quot;text-center py-8&quot;[39m
              [36m&gt;[39m
                [36m&lt;p[39m
                  [33mclass[39m=[32m&quot;text-sm text-muted-foreground&quot;[39m
                [36m&gt;[39m
                  [0mNo help articles found for &quot;[0m
                  [0mSEO optimization[0m
                  [0m&quot;[0m
                [36m&lt;/p&gt;[39m
              [36m&lt;/div&gt;[39m
            [36m&lt;/div&gt;[39m
          [36m&lt;/div&gt;[39m
        [36m&lt;/div&gt;[39m
        [36m&lt;div[39m
          [33mclass[39m=[32m&quot;p-4 border-t&quot;[39m
        [36m&gt;[39m
          [36m&lt;div[39m
            [33mclass[39m=[32m&quot;flex items-center justify-between&quot;[39m
          [36m&gt;[39m
            [36m&lt;label[39m
              [33mclass[39m=[32m&quot;text-sm font-medium&quot;[39m
              [33mfor[39m=[32m&quot;help-toggle&quot;[39m
            [36m&gt;[39m
              [0mShow contextual help[0m
            [36m&lt;/label&gt;[39m
            [36m&lt;button[39m
              [33maria-checked[39m=[32m&quot;true&quot;[39m
              [33mclass[39m=[32m&quot;peer inline-flex h-6 w-11 shrink-0 cursor-pointer items-center rounded-full border-2 border-transparent transition-colors focus-visible:outline-none focus-visible:ring-2 focus-visible:ring-ring focus-visible:ring-offset-2 focus-visible:ring-offset-background disabled:cursor-not-allowed disabled:opacity-50 data-[state=checked]:bg-primary data-[state=unchecked]:bg-input&quot;[39m
              [33mdata-state[39m=[32m&quot;checked&quot;[39m
              [33mid[39m=[32m&quot;help-toggle&quot;[39m
              [33mrole[39m=[32m&quot;switch&quot;[39m
              [33mtype[39m=[32m&quot;button&quot;[39m
              [33mvalue[39m=[32m&quot;on&quot;[39m
            [36m&gt;[39m
              [36m&lt;span[39m
                [33mclass[39m=[32m&quot;pointer-events-none block h-5 w-5 rounded-full bg-background shadow-lg ring-0 transition-transform data-[state=checked]:translate-x-5 data-[state=unchecked]:translate-x-0&quot;[39m
                [33mdata-state[39m=[32m&quot;checked&quot;[39m
              [36m/&gt;[39m
            [36m&lt;/button&gt;[39m
          [36m&lt;/div&gt;[39m
        [36m&lt;/div&gt;[39m
      [36m&lt;/div&gt;[39m
    [36m&lt;/div&gt;[39m
  [36m&lt;/body&gt;[39m
[36m&lt;/html&gt;[39m" type="AssertionError">
AssertionError: expected &quot;spy&quot; to be called with arguments: [ &apos;help_search&apos;, …(1) ]

Number of calls: 0


Ignored nodes: comments, script, style
&lt;html&gt;
  &lt;head /&gt;
  &lt;body&gt;
    &lt;div&gt;
      &lt;button
        class=&quot;inline-flex items-center justify-center gap-2 whitespace-nowrap text-sm font-medium ring-offset-background transition-colors focus-visible:outline-none focus-visible:ring-2 focus-visible:ring-ring focus-visible:ring-offset-2 disabled:pointer-events-none disabled:opacity-50 [&amp;_svg]:pointer-events-none [&amp;_svg]:size-4 [&amp;_svg]:shrink-0 [&amp;_svg]:text-current border border-input bg-background hover:bg-accent hover:text-accent-foreground h-9 rounded-md px-3 fixed bottom-4 right-4 z-40&quot;
        data-state=&quot;closed&quot;
      &gt;
        &lt;svg
          aria-hidden=&quot;true&quot;
          class=&quot;lucide lucide-circle-help h-4 w-4&quot;
          fill=&quot;none&quot;
          height=&quot;24&quot;
          stroke=&quot;currentColor&quot;
          stroke-linecap=&quot;round&quot;
          stroke-linejoin=&quot;round&quot;
          stroke-width=&quot;2&quot;
          viewBox=&quot;0 0 24 24&quot;
          width=&quot;24&quot;
          xmlns=&quot;http://www.w3.org/2000/svg&quot;
        &gt;
          &lt;circle
            cx=&quot;12&quot;
            cy=&quot;12&quot;
            r=&quot;10&quot;
          /&gt;
          &lt;path
            d=&quot;M9.09 9a3 3 0 0 1 5.83 1c0 2-3 3-3 3&quot;
          /&gt;
          &lt;path
            d=&quot;M12 17h.01&quot;
          /&gt;
        &lt;/svg&gt;
        &lt;span
          class=&quot;ml-1&quot;
        &gt;
          Help
        &lt;/span&gt;
      &lt;/button&gt;
      &lt;div
        class=&quot;fixed right-0 top-0 h-full w-96 bg-background border-l shadow-lg z-50 flex flex-col&quot;
      &gt;
        &lt;div
          class=&quot;flex items-center justify-between p-4 border-b&quot;
        &gt;
          &lt;h2
            class=&quot;text-lg font-semibold&quot;
          &gt;
            Help Center
          &lt;/h2&gt;
          &lt;button
            class=&quot;inline-flex items-center justify-center gap-2 whitespace-nowrap text-sm font-medium ring-offset-background transition-colors focus-visible:outline-none focus-visible:ring-2 focus-visible:ring-ring focus-visible:ring-offset-2 disabled:pointer-events-none disabled:opacity-50 [&amp;_svg]:pointer-events-none [&amp;_svg]:size-4 [&amp;_svg]:shrink-0 [&amp;_svg]:text-current hover:bg-accent hover:text-accent-foreground h-9 rounded-md px-3&quot;
          &gt;
            &lt;svg
              aria-hidden=&quot;true&quot;
              class=&quot;lucide lucide-x h-4 w-4&quot;
              fill=&quot;none&quot;
              height=&quot;24&quot;
              stroke=&quot;currentColor&quot;
              stroke-linecap=&quot;round&quot;
              stroke-linejoin=&quot;round&quot;
              stroke-width=&quot;2&quot;
              viewBox=&quot;0 0 24 24&quot;
              width=&quot;24&quot;
              xmlns=&quot;http://www.w3.org/2000/svg&quot;
            &gt;
              &lt;path
                d=&quot;M18 6 6 18&quot;
              /&gt;
              &lt;path
                d=&quot;m6 6 12 12&quot;
              /&gt;
            &lt;/svg&gt;
          &lt;/button&gt;
        &lt;/div&gt;
        &lt;div
          class=&quot;p-4&quot;
        &gt;
          &lt;div
            class=&quot;relative&quot;
          &gt;
            &lt;svg
              aria-hidden=&quot;true&quot;
              class=&quot;lucide lucide-search absolute left-3 top-1/2 transform -translate-y-1/2 h-4 w-4 text-muted-foreground&quot;
              fill=&quot;none&quot;
              height=&quot;24&quot;
              stroke=&quot;currentColor&quot;
              stroke-linecap=&quot;round&quot;
              stroke-linejoin=&quot;round&quot;
              stroke-width=&quot;2&quot;
              viewBox=&quot;0 0 24 24&quot;
              width=&quot;24&quot;
              xmlns=&quot;http://www.w3.org/2000/svg&quot;
            &gt;
              &lt;path
                d=&quot;m21 21-4.34-4.34&quot;
              /&gt;
              &lt;circle
                cx=&quot;11&quot;
                cy=&quot;11&quot;
                r=&quot;8&quot;
              /&gt;
            &lt;/svg&gt;
            &lt;input
              class=&quot;flex h-10 w-full rounded-md border border-input bg-background px-3 py-2 text-sm ring-offset-background file:border-0 file:bg-transparent file:text-sm file:font-medium file:text-foreground placeholder:text-muted-foreground focus-visible:outline-none focus-visible:ring-2 focus-visible:ring-ring focus-visible:ring-offset-2 disabled:cursor-not-allowed disabled:opacity-50 pl-9&quot;
              placeholder=&quot;Search help articles...&quot;
              type=&quot;text&quot;
              value=&quot;SEO optimization&quot;
            /&gt;
          &lt;/div&gt;
        &lt;/div&gt;
        &lt;div
          class=&quot;relative overflow-hidden flex-1 px-4&quot;
          dir=&quot;ltr&quot;
          style=&quot;--radix-scroll-area-corner-width: 0px; --radix-scroll-area-corner-height: 0px&quot;
        &gt;
          &lt;div
            class=&quot;h-full w-full rounded-[inherit]&quot;
            data-radix-scroll-area-viewport=&quot;&quot;
          &gt;
            &lt;div&gt;
              &lt;div
                class=&quot;text-center py-8&quot;
              &gt;
                &lt;p
                  class=&quot;text-sm text-muted-foreground&quot;
                &gt;
                  No help articles found for &quot;
                  SEO optimization
                  &quot;
                &lt;/p&gt;
              &lt;/div&gt;
            &lt;/div&gt;
          &lt;/div&gt;
        &lt;/div&gt;
        &lt;div
          class=&quot;p-4 border-t&quot;
        &gt;
          &lt;div
            class=&quot;flex items-center justify-between&quot;
          &gt;
            &lt;label
              class=&quot;text-sm font-medium&quot;
              for=&quot;help-toggle&quot;
            &gt;
              Show contextual help
            &lt;/label&gt;
            &lt;button
              aria-checked=&quot;true&quot;
              class=&quot;peer inline-flex h-6 w-11 shrink-0 cursor-pointer items-center rounded-full border-2 border-transparent transition-colors focus-visible:outline-none focus-visible:ring-2 focus-visible:ring-ring focus-visible:ring-offset-2 focus-visible:ring-offset-background disabled:cursor-not-allowed disabled:opacity-50 data-[state=checked]:bg-primary data-[state=unchecked]:bg-input&quot;
              data-state=&quot;checked&quot;
              id=&quot;help-toggle&quot;
              role=&quot;switch&quot;
              type=&quot;button&quot;
              value=&quot;on&quot;
            &gt;
              &lt;span
                class=&quot;pointer-events-none block h-5 w-5 rounded-full bg-background shadow-lg ring-0 transition-transform data-[state=checked]:translate-x-5 data-[state=unchecked]:translate-x-0&quot;
                data-state=&quot;checked&quot;
              /&gt;
            &lt;/button&gt;
          &lt;/div&gt;
        &lt;/div&gt;
      &lt;/div&gt;
    &lt;/div&gt;
  &lt;/body&gt;
&lt;/html&gt;
 ❯ client/src/components/HelpSystem.test.tsx:361:37
 ❯ runWithExpensiveErrorDiagnosticsDisabled node_modules/.pnpm/@testing-library+dom@10.4.1/node_modules/@testing-library/dom/dist/config.js:47:12
 ❯ checkCallback node_modules/.pnpm/@testing-library+dom@10.4.1/node_modules/@testing-library/dom/dist/wait-for.js:124:77
 ❯ Timeout.checkRealTimersCallback node_modules/.pnpm/@testing-library+dom@10.4.1/node_modules/@testing-library/dom/dist/wait-for.js:118:16
            </failure>
        </testcase>
    </testsuite>
    <testsuite name="client/src/components/ImageSizeDisplay.test.tsx" timestamp="2025-10-09T00:10:01.910Z" hostname="JohnDee" tests="29" failures="0" errors="0" skipped="0" time="0.1518859">
        <testcase classname="client/src/components/ImageSizeDisplay.test.tsx" name="ImageSizeDisplay &gt; renders without crashing with valid images" time="0.0271542">
        </testcase>
        <testcase classname="client/src/components/ImageSizeDisplay.test.tsx" name="ImageSizeDisplay &gt; returns null when images array is empty" time="0.0016278">
        </testcase>
        <testcase classname="client/src/components/ImageSizeDisplay.test.tsx" name="ImageSizeDisplay &gt; returns null when images is null or undefined" time="0.0014786">
        </testcase>
        <testcase classname="client/src/components/ImageSizeDisplay.test.tsx" name="ImageSizeDisplay &gt; applies custom className correctly" time="0.0033954">
        </testcase>
        <testcase classname="client/src/components/ImageSizeDisplay.test.tsx" name="ImageSizeDisplay &gt; displays collection badge for collection images" time="0.0033462">
        </testcase>
        <testcase classname="client/src/components/ImageSizeDisplay.test.tsx" name="ImageSizeDisplay &gt; applies collection border styling for collection images" time="0.0040529">
        </testcase>
        <testcase classname="client/src/components/ImageSizeDisplay.test.tsx" name="ImageSizeDisplay &gt; does not show collection badge for page images" time="0.002097">
        </testcase>
        <testcase classname="client/src/components/ImageSizeDisplay.test.tsx" name="ImageSizeDisplay &gt; formatFileSize functionality &gt; displays file size in KB for small files" time="0.0023991">
        </testcase>
        <testcase classname="client/src/components/ImageSizeDisplay.test.tsx" name="ImageSizeDisplay &gt; formatFileSize functionality &gt; displays file size in MB for large files" time="0.0025557">
        </testcase>
        <testcase classname="client/src/components/ImageSizeDisplay.test.tsx" name="ImageSizeDisplay &gt; formatFileSize functionality &gt; displays &quot;Unknown&quot; for files without size" time="0.0021478">
        </testcase>
        <testcase classname="client/src/components/ImageSizeDisplay.test.tsx" name="ImageSizeDisplay &gt; formatFileSize functionality &gt; displays &quot;Unknown&quot; for zero size files" time="0.0057932">
        </testcase>
        <testcase classname="client/src/components/ImageSizeDisplay.test.tsx" name="ImageSizeDisplay &gt; optimization status styling &gt; applies green text for optimized images" time="0.0021942">
        </testcase>
        <testcase classname="client/src/components/ImageSizeDisplay.test.tsx" name="ImageSizeDisplay &gt; optimization status styling &gt; applies red text for unoptimized images" time="0.0024378">
        </testcase>
        <testcase classname="client/src/components/ImageSizeDisplay.test.tsx" name="ImageSizeDisplay &gt; prop-based display options &gt; shows mime type when showMimeType is true (default)" time="0.0053498">
        </testcase>
        <testcase classname="client/src/components/ImageSizeDisplay.test.tsx" name="ImageSizeDisplay &gt; prop-based display options &gt; hides mime type when showMimeType is false" time="0.0056229">
        </testcase>
        <testcase classname="client/src/components/ImageSizeDisplay.test.tsx" name="ImageSizeDisplay &gt; prop-based display options &gt; shows file size when showFileSize is true and showMimeType is false" time="0.0053223">
        </testcase>
        <testcase classname="client/src/components/ImageSizeDisplay.test.tsx" name="ImageSizeDisplay &gt; prop-based display options &gt; hides file size when showFileSize is false" time="0.0052333">
        </testcase>
        <testcase classname="client/src/components/ImageSizeDisplay.test.tsx" name="ImageSizeDisplay &gt; prop-based display options &gt; shows alt text when showAltText is true" time="0.0050608">
        </testcase>
        <testcase classname="client/src/components/ImageSizeDisplay.test.tsx" name="ImageSizeDisplay &gt; prop-based display options &gt; hides alt text when showAltText is false (default)" time="0.0139283">
        </testcase>
        <testcase classname="client/src/components/ImageSizeDisplay.test.tsx" name="ImageSizeDisplay &gt; image handling &gt; sets correct image attributes" time="0.0060335">
        </testcase>
        <testcase classname="client/src/components/ImageSizeDisplay.test.tsx" name="ImageSizeDisplay &gt; image handling &gt; handles image load errors with fallback" time="0.0065101">
        </testcase>
        <testcase classname="client/src/components/ImageSizeDisplay.test.tsx" name="ImageSizeDisplay &gt; image handling &gt; displays image title attribute with filename" time="0.0032109">
        </testcase>
        <testcase classname="client/src/components/ImageSizeDisplay.test.tsx" name="ImageSizeDisplay &gt; image handling &gt; applies truncate class to image names" time="0.0028322">
        </testcase>
        <testcase classname="client/src/components/ImageSizeDisplay.test.tsx" name="ImageSizeDisplay &gt; layout and styling &gt; applies correct grid layout classes" time="0.0060957">
        </testcase>
        <testcase classname="client/src/components/ImageSizeDisplay.test.tsx" name="ImageSizeDisplay &gt; layout and styling &gt; applies correct item styling" time="0.0066366">
        </testcase>
        <testcase classname="client/src/components/ImageSizeDisplay.test.tsx" name="ImageSizeDisplay &gt; layout and styling &gt; applies correct image container styling" time="0.0034426">
        </testcase>
        <testcase classname="client/src/components/ImageSizeDisplay.test.tsx" name="ImageSizeDisplay &gt; edge cases &gt; handles images without optional properties" time="0.0026896">
        </testcase>
        <testcase classname="client/src/components/ImageSizeDisplay.test.tsx" name="ImageSizeDisplay &gt; edge cases &gt; handles empty mime type" time="0.0064677">
        </testcase>
        <testcase classname="client/src/components/ImageSizeDisplay.test.tsx" name="ImageSizeDisplay &gt; edge cases &gt; handles undefined mime type" time="0.0024656">
        </testcase>
    </testsuite>
    <testsuite name="client/src/components/Onboarding.test.tsx" timestamp="2025-10-09T00:10:01.912Z" hostname="JohnDee" tests="20" failures="7" errors="0" skipped="0" time="1.1577413">
        <testcase classname="client/src/components/Onboarding.test.tsx" name="Onboarding &gt; First Time User &gt; should show welcome screen for first time users" time="0.0792707">
        </testcase>
        <testcase classname="client/src/components/Onboarding.test.tsx" name="Onboarding &gt; First Time User &gt; should show progress indicator" time="0.0250971">
        </testcase>
        <testcase classname="client/src/components/Onboarding.test.tsx" name="Onboarding &gt; First Time User &gt; should allow skipping onboarding" time="0.0946011">
        </testcase>
        <testcase classname="client/src/components/Onboarding.test.tsx" name="Onboarding &gt; Step Navigation &gt; should navigate through steps" time="0.0871581">
        </testcase>
        <testcase classname="client/src/components/Onboarding.test.tsx" name="Onboarding &gt; Step Navigation &gt; should show previous button after first step" time="0.0139707">
        </testcase>
        <testcase classname="client/src/components/Onboarding.test.tsx" name="Onboarding &gt; API Key Setup &gt; should validate API key format" time="0.4104194">
            <failure message="Unable to find an element with the text: /invalid api key format/i. This could be because the text is broken up by multiple elements. In this case, you can provide a function for your text matcher to make your matcher more flexible.

Ignored nodes: comments, script, style
[36m&lt;body&gt;[39m
  [36m&lt;div&gt;[39m
    [36m&lt;div[39m
      [33mclass[39m=[32m&quot;fixed inset-0 z-50 flex items-center justify-center bg-background/80 backdrop-blur-sm&quot;[39m
    [36m&gt;[39m
      [36m&lt;div[39m
        [33maria-label[39m=[32m&quot;Onboarding&quot;[39m
        [33mclass[39m=[32m&quot;bg-background border rounded-lg shadow-lg p-6 max-w-2xl w-full&quot;[39m
        [33mdata-testid[39m=[32m&quot;onboarding-modal&quot;[39m
        [33mrole[39m=[32m&quot;dialog&quot;[39m
      [36m&gt;[39m
        [36m&lt;div[39m
          [33mclass[39m=[32m&quot;flex items-center justify-between mb-6&quot;[39m
        [36m&gt;[39m
          [36m&lt;div[39m
            [33mclass[39m=[32m&quot;flex-1&quot;[39m
          [36m&gt;[39m
            [36m&lt;div[39m
              [33maria-valuemax[39m=[32m&quot;5&quot;[39m
              [33maria-valuemin[39m=[32m&quot;1&quot;[39m
              [33maria-valuenow[39m=[32m&quot;2&quot;[39m
              [33mclass[39m=[32m&quot;relative w-full overflow-hidden rounded-full bg-secondary h-2&quot;[39m
              [33mdata-max[39m=[32m&quot;100&quot;[39m
              [33mdata-state[39m=[32m&quot;indeterminate&quot;[39m
              [33mrole[39m=[32m&quot;progressbar&quot;[39m
            [36m&gt;[39m
              [36m&lt;div[39m
                [33mclass[39m=[32m&quot;h-full w-full flex-1 bg-primary transition-all&quot;[39m
                [33mdata-max[39m=[32m&quot;100&quot;[39m
                [33mdata-state[39m=[32m&quot;indeterminate&quot;[39m
                [33mstyle[39m=[32m&quot;transform: translateX(-60%)&quot;[39m
              [36m/&gt;[39m
            [36m&lt;/div&gt;[39m
            [36m&lt;p[39m
              [33mclass[39m=[32m&quot;text-xs text-muted-foreground mt-2&quot;[39m
            [36m&gt;[39m
              [0mStep [0m
              [0m2[0m
              [0m of [0m
              [0m5[0m
            [36m&lt;/p&gt;[39m
          [36m&lt;/div&gt;[39m
          [36m&lt;button[39m
            [33mclass[39m=[32m&quot;inline-flex items-center justify-center gap-2 whitespace-nowrap text-sm font-medium ring-offset-background transition-colors focus-visible:outline-none focus-visible:ring-2 focus-visible:ring-ring focus-visible:ring-offset-2 disabled:pointer-events-none disabled:opacity-50 [&amp;_svg]:pointer-events-none [&amp;_svg]:size-4 [&amp;_svg]:shrink-0 [&amp;_svg]:text-current hover:bg-accent hover:text-accent-foreground h-9 rounded-md px-3 ml-4&quot;[39m
          [36m&gt;[39m
            [36m&lt;svg[39m
              [33maria-hidden[39m=[32m&quot;true&quot;[39m
              [33mclass[39m=[32m&quot;lucide lucide-x h-4 w-4 mr-1&quot;[39m
              [33mfill[39m=[32m&quot;none&quot;[39m
              [33mheight[39m=[32m&quot;24&quot;[39m
              [33mstroke[39m=[32m&quot;currentColor&quot;[39m
              [33mstroke-linecap[39m=[32m&quot;round&quot;[39m
              [33mstroke-linejoin[39m=[32m&quot;round&quot;[39m
              [33mstroke-width[39m=[32m&quot;2&quot;[39m
              [33mviewBox[39m=[32m&quot;0 0 24 24&quot;[39m
              [33mwidth[39m=[32m&quot;24&quot;[39m
              [33mxmlns[39m=[32m&quot;http://www.w3.org/2000/svg&quot;[39m
            [36m&gt;[39m
              [36m&lt;path[39m
                [33md[39m=[32m&quot;M18 6 6 18&quot;[39m
              [36m/&gt;[39m
              [36m&lt;path[39m
                [33md[39m=[32m&quot;m6 6 12 12&quot;[39m
              [36m/&gt;[39m
            [36m&lt;/svg&gt;[39m
            [0mSkip Tour[0m
          [36m&lt;/button&gt;[39m
        [36m&lt;/div&gt;[39m
        [36m&lt;div[39m
          [33mclass[39m=[32m&quot;min-h-[400px] flex items-center justify-center&quot;[39m
        [36m&gt;[39m
          [36m&lt;div[39m
            [33mclass[39m=[32m&quot;space-y-6&quot;[39m
          [36m&gt;[39m
            [36m&lt;div[39m
              [33mclass[39m=[32m&quot;text-center&quot;[39m
            [36m&gt;[39m
              [36m&lt;div[39m
                [33mclass[39m=[32m&quot;mx-auto w-16 h-16 bg-primary/10 rounded-full flex items-center justify-center mb-4&quot;[39m
              [36m&gt;[39m
                [36m&lt;svg[39m
                  [33maria-hidden[39m=[32m&quot;true&quot;[39m
                  [33mclass[39m=[32m&quot;lucide lucide-key h-8 w-8 text-primary&quot;[39m
                  [33mfill[39m=[32m&quot;none&quot;[39m
                  [33mheight[39m=[32m&quot;24&quot;[39m
                  [33mstroke[39m=[32m&quot;currentColor&quot;[39m
                  [33mstroke-linecap[39m=[32m&quot;round&quot;[39m
                  [33mstroke-linejoin[39m=[32m&quot;round&quot;[39m
                  [33mstroke-width[39m=[32m&quot;2&quot;[39m
                  [33mviewBox[39m=[32m&quot;0 0 24 24&quot;[39m
                  [33mwidth[39m=[32m&quot;24&quot;[39m
                  [33mxmlns[39m=[32m&quot;http://www.w3.org/2000/svg&quot;[39m
                [36m&gt;[39m
                  [36m&lt;path[39m
                    [33md[39m=[32m&quot;m15.5 7.5 2.3 2.3a1 1 0 0 0 1.4 0l2.1-2.1a1 1 0 0 0 0-1.4L19 4&quot;[39m
                  [36m/&gt;[39m
                  [36m&lt;path[39m
                    [33md[39m=[32m&quot;m21 2-9.6 9.6&quot;[39m
                  [36m/&gt;[39m
                  [36m&lt;circle[39m
                    [33mcx[39m=[32m&quot;7.5&quot;[39m
                    [33mcy[39m=[32m&quot;15.5&quot;[39m
                    [33mr[39m=[32m&quot;5.5&quot;[39m
                  [36m/&gt;[39m
                [36m&lt;/svg&gt;[39m
              [36m&lt;/div&gt;[39m
              [36m&lt;h2[39m
                [33mclass[39m=[32m&quot;text-xl font-bold mb-2&quot;[39m
              [36m&gt;[39m
                [0mOpenAI API Key[0m
              [36m&lt;/h2&gt;[39m
              [36m&lt;p[39m
                [33mclass[39m=[32m&quot;text-muted-foreground text-sm&quot;[39m
              [36m&gt;[39m
                [0mAdd your API key to enable AI-powered recommendations[0m
              [36m&lt;/p&gt;[39m
            [36m&lt;/div&gt;[39m
            [36m&lt;div[39m
              [33mclass[39m=[32m&quot;space-y-4&quot;[39m
            [36m&gt;[39m
              [36m&lt;div[39m
                [33mclass[39m=[32m&quot;space-y-2&quot;[39m
              [36m&gt;[39m
                [36m&lt;label[39m
                  [33mclass[39m=[32m&quot;text-sm font-medium leading-none peer-disabled:cursor-not-allowed peer-disabled:opacity-70&quot;[39m
                  [33mfor[39m=[32m&quot;api-key&quot;[39m
                [36m&gt;[39m
                  [0mAPI Key[0m
                [36m&lt;/label&gt;[39m
                [36m&lt;input[39m
                  [33mclass[39m=[32m&quot;flex h-10 w-full rounded-md border border-input bg-background px-3 py-2 text-sm ring-offset-background file:border-0 file:bg-transparent file:text-sm file:font-medium file:text-foreground placeholder:text-muted-foreground focus-visible:outline-none focus-visible:ring-2 focus-visible:ring-ring focus-visible:ring-offset-2 disabled:cursor-not-allowed disabled:opacity-50&quot;[39m
                  [33mid[39m=[32m&quot;api-key&quot;[39m
                  [33mplaceholder[39m=[32m&quot;sk-...&quot;[39m
                  [33mtype[39m=[32m&quot;password&quot;[39m
                  [33mvalue[39m=[32m&quot;invalid-key&quot;[39m
                [36m/&gt;[39m
              [36m&lt;/div&gt;[39m
              [36m&lt;div[39m
                [33mclass[39m=[32m&quot;relative w-full rounded-lg border p-4 [&amp;&gt;svg~*]:pl-7 [&amp;&gt;svg+div]:translate-y-[-3px] [&amp;&gt;svg]:absolute [&amp;&gt;svg]:left-4 [&amp;&gt;svg]:top-4 [&amp;&gt;svg]:text-foreground bg-background text-foreground&quot;[39m
                [33mrole[39m=[32m&quot;alert&quot;[39m
              [36m&gt;[39m
                [36m&lt;div[39m
                  [33mclass[39m=[32m&quot;text-sm [&amp;_p]:leading-relaxed&quot;[39m
                [36m&gt;[39m
                  [0mDon&apos;t have an API key? Get one from[0m
                  [0m [0m
                  [36m&lt;a[39m
                    [33mclass[39m=[32m&quot;underline&quot;[39m
                    [33mhref[39m=[32m&quot;https://platform.openai.com/api-keys&quot;[39m
                    [33mrel[39m=[32m&quot;noopener noreferrer&quot;[39m
                    [33mtarget[39m=[32m&quot;_blank&quot;[39m
                  [36m&gt;[39m
                    [0mOpenAI Platform[0m
                  [36m&lt;/a&gt;[39m
                [36m&lt;/div&gt;[39m
              [36m&lt;/div&gt;[39m
              [36m&lt;div[39m
                [33mclass[39m=[32m&quot;flex gap-2&quot;[39m
              [36m&gt;[39m
                [36m&lt;button[39m
                  [33mclass[39m=[32m&quot;inline-flex items-center justify-center gap-2 whitespace-nowrap rounded-md text-sm font-medium ring-offset-background transition-colors focus-visible:outline-none focus-visible:ring-2 focus-visible:ring-ring focus-visible:ring-offset-2 disabled:pointer-events-none disabled:opacity-50 [&amp;_svg]:pointer-events-none [&amp;_svg]:size-4 [&amp;_svg]:shrink-0 [&amp;_svg]:text-current border border-input bg-background hover:bg-accent hover:text-accent-foreground h-10 px-4 py-2 flex-1&quot;[39m
                [36m&gt;[39m
                  [0mSkip for now[0m
                [36m&lt;/button&gt;[39m
                [36m&lt;button[39m
                  [33mclass[39m=[32m&quot;inline-flex items-center justify-center gap-2 whitespace-nowrap rounded-md text-sm font-medium ring-offset-background transition-colors focus-visible:outline-none focus-visible:ring-2 focus-visible:ring-ring focus-visible:ring-offset-2 disabled:pointer-events-none disabled:opacity-50 [&amp;_svg]:pointer-events-none [&amp;_svg]:size-4 [&amp;_svg]:shrink-0 [&amp;_svg]:text-current bg-primary text-primary-foreground hover:bg-primary/90 h-10 px-4 py-2 flex-1&quot;[39m
                [36m&gt;[39m
                  [0mContinue[0m
                [36m&lt;/button&gt;[39m
              [36m&lt;/div&gt;[39m
            [36m&lt;/div&gt;[39m
          [36m&lt;/div&gt;[39m
        [36m&lt;/div&gt;[39m
        [36m&lt;div[39m
          [33mclass[39m=[32m&quot;flex justify-between mt-6 pt-6 border-t&quot;[39m
        [36m&gt;[39m
          [36m&lt;button[39m
            [33mclass[39m=[32m&quot;inline-flex items-center justify-center gap-2 whitespace-nowrap rounded-md text-sm font-medium ring-offset-background transition-colors focus-visible:outline-none focus-visible:ring-2 focus-visible:ring-ring focus-visible:ring-offset-2 disabled:pointer-events-none disabled:opacity-50 [&amp;_svg]:pointer-events-none [&amp;_svg]:size-4 [&amp;_svg]:shrink-0 [&amp;_svg]:text-current border border-input bg-background hover:bg-accent hover:text-accent-foreground h-10 px-4 py-2&quot;[39m
          [36m&gt;[39m
            [36m&lt;svg[39m
              [33maria-hidden[39m=[32m&quot;true&quot;[39m
              [33mclass[39m=[32m&quot;lucide lucide-arrow-left mr-2 h-4 w-4&quot;[39m
              [33mfill[39m=[32m&quot;none&quot;[39m
              [33mheight[39m=[32m&quot;24&quot;[39m
              [33mstroke[39m=[32m&quot;currentColor&quot;[39m
              [33mstroke-linecap[39m=[32m&quot;round&quot;[39m
              [33mstroke-linejoin[39m=[32m&quot;round&quot;[39m
              [33mstroke-width[39m=[32m&quot;2&quot;[39m
              [33mviewBox[39m=[32m&quot;0 0 24 24&quot;[39m
              [33mwidth[39m=[32m&quot;24&quot;[39m
              [33mxmlns[39m=[32m&quot;http://www.w3.org/2000/svg&quot;[39m
            [36m&gt;[39m
              [36m&lt;path[39m
                [33md[39m=[32m&quot;m12 19-7-7 7-7&quot;[39m
              [36m/&gt;[39m
              [36m&lt;path[39m
                [33md[39m=[32m&quot;M19 12H5&quot;[39m
              [36m/&gt;[39m
            [36m&lt;/svg&gt;[39m
            [0mPrevious[0m
          [36m&lt;/button&gt;[39m
        [36m&lt;/div&gt;[39m
      [36m&lt;/div&gt;[39m
    [36m&lt;/div&gt;[39m
  [36m&lt;/div&gt;[39m
[36m&lt;/body&gt;[39m" type="TestingLibraryElementError">
TestingLibraryElementError: Unable to find an element with the text: /invalid api key format/i. This could be because the text is broken up by multiple elements. In this case, you can provide a function for your text matcher to make your matcher more flexible.

Ignored nodes: comments, script, style
&lt;body&gt;
  &lt;div&gt;
    &lt;div
      class=&quot;fixed inset-0 z-50 flex items-center justify-center bg-background/80 backdrop-blur-sm&quot;
    &gt;
      &lt;div
        aria-label=&quot;Onboarding&quot;
        class=&quot;bg-background border rounded-lg shadow-lg p-6 max-w-2xl w-full&quot;
        data-testid=&quot;onboarding-modal&quot;
        role=&quot;dialog&quot;
      &gt;
        &lt;div
          class=&quot;flex items-center justify-between mb-6&quot;
        &gt;
          &lt;div
            class=&quot;flex-1&quot;
          &gt;
            &lt;div
              aria-valuemax=&quot;5&quot;
              aria-valuemin=&quot;1&quot;
              aria-valuenow=&quot;2&quot;
              class=&quot;relative w-full overflow-hidden rounded-full bg-secondary h-2&quot;
              data-max=&quot;100&quot;
              data-state=&quot;indeterminate&quot;
              role=&quot;progressbar&quot;
            &gt;
              &lt;div
                class=&quot;h-full w-full flex-1 bg-primary transition-all&quot;
                data-max=&quot;100&quot;
                data-state=&quot;indeterminate&quot;
                style=&quot;transform: translateX(-60%)&quot;
              /&gt;
            &lt;/div&gt;
            &lt;p
              class=&quot;text-xs text-muted-foreground mt-2&quot;
            &gt;
              Step 
              2
               of 
              5
            &lt;/p&gt;
          &lt;/div&gt;
          &lt;button
            class=&quot;inline-flex items-center justify-center gap-2 whitespace-nowrap text-sm font-medium ring-offset-background transition-colors focus-visible:outline-none focus-visible:ring-2 focus-visible:ring-ring focus-visible:ring-offset-2 disabled:pointer-events-none disabled:opacity-50 [&amp;_svg]:pointer-events-none [&amp;_svg]:size-4 [&amp;_svg]:shrink-0 [&amp;_svg]:text-current hover:bg-accent hover:text-accent-foreground h-9 rounded-md px-3 ml-4&quot;
          &gt;
            &lt;svg
              aria-hidden=&quot;true&quot;
              class=&quot;lucide lucide-x h-4 w-4 mr-1&quot;
              fill=&quot;none&quot;
              height=&quot;24&quot;
              stroke=&quot;currentColor&quot;
              stroke-linecap=&quot;round&quot;
              stroke-linejoin=&quot;round&quot;
              stroke-width=&quot;2&quot;
              viewBox=&quot;0 0 24 24&quot;
              width=&quot;24&quot;
              xmlns=&quot;http://www.w3.org/2000/svg&quot;
            &gt;
              &lt;path
                d=&quot;M18 6 6 18&quot;
              /&gt;
              &lt;path
                d=&quot;m6 6 12 12&quot;
              /&gt;
            &lt;/svg&gt;
            Skip Tour
          &lt;/button&gt;
        &lt;/div&gt;
        &lt;div
          class=&quot;min-h-[400px] flex items-center justify-center&quot;
        &gt;
          &lt;div
            class=&quot;space-y-6&quot;
          &gt;
            &lt;div
              class=&quot;text-center&quot;
            &gt;
              &lt;div
                class=&quot;mx-auto w-16 h-16 bg-primary/10 rounded-full flex items-center justify-center mb-4&quot;
              &gt;
                &lt;svg
                  aria-hidden=&quot;true&quot;
                  class=&quot;lucide lucide-key h-8 w-8 text-primary&quot;
                  fill=&quot;none&quot;
                  height=&quot;24&quot;
                  stroke=&quot;currentColor&quot;
                  stroke-linecap=&quot;round&quot;
                  stroke-linejoin=&quot;round&quot;
                  stroke-width=&quot;2&quot;
                  viewBox=&quot;0 0 24 24&quot;
                  width=&quot;24&quot;
                  xmlns=&quot;http://www.w3.org/2000/svg&quot;
                &gt;
                  &lt;path
                    d=&quot;m15.5 7.5 2.3 2.3a1 1 0 0 0 1.4 0l2.1-2.1a1 1 0 0 0 0-1.4L19 4&quot;
                  /&gt;
                  &lt;path
                    d=&quot;m21 2-9.6 9.6&quot;
                  /&gt;
                  &lt;circle
                    cx=&quot;7.5&quot;
                    cy=&quot;15.5&quot;
                    r=&quot;5.5&quot;
                  /&gt;
                &lt;/svg&gt;
              &lt;/div&gt;
              &lt;h2
                class=&quot;text-xl font-bold mb-2&quot;
              &gt;
                OpenAI API Key
              &lt;/h2&gt;
              &lt;p
                class=&quot;text-muted-foreground text-sm&quot;
              &gt;
                Add your API key to enable AI-powered recommendations
              &lt;/p&gt;
            &lt;/div&gt;
            &lt;div
              class=&quot;space-y-4&quot;
            &gt;
              &lt;div
                class=&quot;space-y-2&quot;
              &gt;
                &lt;label
                  class=&quot;text-sm font-medium leading-none peer-disabled:cursor-not-allowed peer-disabled:opacity-70&quot;
                  for=&quot;api-key&quot;
                &gt;
                  API Key
                &lt;/label&gt;
                &lt;input
                  class=&quot;flex h-10 w-full rounded-md border border-input bg-background px-3 py-2 text-sm ring-offset-background file:border-0 file:bg-transparent file:text-sm file:font-medium file:text-foreground placeholder:text-muted-foreground focus-visible:outline-none focus-visible:ring-2 focus-visible:ring-ring focus-visible:ring-offset-2 disabled:cursor-not-allowed disabled:opacity-50&quot;
                  id=&quot;api-key&quot;
                  placeholder=&quot;sk-...&quot;
                  type=&quot;password&quot;
                  value=&quot;invalid-key&quot;
                /&gt;
              &lt;/div&gt;
              &lt;div
                class=&quot;relative w-full rounded-lg border p-4 [&amp;&gt;svg~*]:pl-7 [&amp;&gt;svg+div]:translate-y-[-3px] [&amp;&gt;svg]:absolute [&amp;&gt;svg]:left-4 [&amp;&gt;svg]:top-4 [&amp;&gt;svg]:text-foreground bg-background text-foreground&quot;
                role=&quot;alert&quot;
              &gt;
                &lt;div
                  class=&quot;text-sm [&amp;_p]:leading-relaxed&quot;
                &gt;
                  Don&apos;t have an API key? Get one from
                   
                  &lt;a
                    class=&quot;underline&quot;
                    href=&quot;https://platform.openai.com/api-keys&quot;
                    rel=&quot;noopener noreferrer&quot;
                    target=&quot;_blank&quot;
                  &gt;
                    OpenAI Platform
                  &lt;/a&gt;
                &lt;/div&gt;
              &lt;/div&gt;
              &lt;div
                class=&quot;flex gap-2&quot;
              &gt;
                &lt;button
                  class=&quot;inline-flex items-center justify-center gap-2 whitespace-nowrap rounded-md text-sm font-medium ring-offset-background transition-colors focus-visible:outline-none focus-visible:ring-2 focus-visible:ring-ring focus-visible:ring-offset-2 disabled:pointer-events-none disabled:opacity-50 [&amp;_svg]:pointer-events-none [&amp;_svg]:size-4 [&amp;_svg]:shrink-0 [&amp;_svg]:text-current border border-input bg-background hover:bg-accent hover:text-accent-foreground h-10 px-4 py-2 flex-1&quot;
                &gt;
                  Skip for now
                &lt;/button&gt;
                &lt;button
                  class=&quot;inline-flex items-center justify-center gap-2 whitespace-nowrap rounded-md text-sm font-medium ring-offset-background transition-colors focus-visible:outline-none focus-visible:ring-2 focus-visible:ring-ring focus-visible:ring-offset-2 disabled:pointer-events-none disabled:opacity-50 [&amp;_svg]:pointer-events-none [&amp;_svg]:size-4 [&amp;_svg]:shrink-0 [&amp;_svg]:text-current bg-primary text-primary-foreground hover:bg-primary/90 h-10 px-4 py-2 flex-1&quot;
                &gt;
                  Continue
                &lt;/button&gt;
              &lt;/div&gt;
            &lt;/div&gt;
          &lt;/div&gt;
        &lt;/div&gt;
        &lt;div
          class=&quot;flex justify-between mt-6 pt-6 border-t&quot;
        &gt;
          &lt;button
            class=&quot;inline-flex items-center justify-center gap-2 whitespace-nowrap rounded-md text-sm font-medium ring-offset-background transition-colors focus-visible:outline-none focus-visible:ring-2 focus-visible:ring-ring focus-visible:ring-offset-2 disabled:pointer-events-none disabled:opacity-50 [&amp;_svg]:pointer-events-none [&amp;_svg]:size-4 [&amp;_svg]:shrink-0 [&amp;_svg]:text-current border border-input bg-background hover:bg-accent hover:text-accent-foreground h-10 px-4 py-2&quot;
          &gt;
            &lt;svg
              aria-hidden=&quot;true&quot;
              class=&quot;lucide lucide-arrow-left mr-2 h-4 w-4&quot;
              fill=&quot;none&quot;
              height=&quot;24&quot;
              stroke=&quot;currentColor&quot;
              stroke-linecap=&quot;round&quot;
              stroke-linejoin=&quot;round&quot;
              stroke-width=&quot;2&quot;
              viewBox=&quot;0 0 24 24&quot;
              width=&quot;24&quot;
              xmlns=&quot;http://www.w3.org/2000/svg&quot;
            &gt;
              &lt;path
                d=&quot;m12 19-7-7 7-7&quot;
              /&gt;
              &lt;path
                d=&quot;M19 12H5&quot;
              /&gt;
            &lt;/svg&gt;
            Previous
          &lt;/button&gt;
        &lt;/div&gt;
      &lt;/div&gt;
    &lt;/div&gt;
  &lt;/div&gt;
&lt;/body&gt;
 ❯ Object.getElementError node_modules/.pnpm/@testing-library+dom@10.4.1/node_modules/@testing-library/dom/dist/config.js:37:19
 ❯ node_modules/.pnpm/@testing-library+dom@10.4.1/node_modules/@testing-library/dom/dist/query-helpers.js:76:38
 ❯ node_modules/.pnpm/@testing-library+dom@10.4.1/node_modules/@testing-library/dom/dist/query-helpers.js:52:17
 ❯ getByText node_modules/.pnpm/@testing-library+dom@10.4.1/node_modules/@testing-library/dom/dist/query-helpers.js:95:19
 ❯ client/src/components/Onboarding.test.tsx:152:21
            </failure>
        </testcase>
        <testcase classname="client/src/components/Onboarding.test.tsx" name="Onboarding &gt; API Key Setup &gt; should allow skipping API key setup" time="0.084155">
        </testcase>
        <testcase classname="client/src/components/Onboarding.test.tsx" name="Onboarding &gt; Feature Introduction &gt; should show key features" time="0.0280132">
        </testcase>
        <testcase classname="client/src/components/Onboarding.test.tsx" name="Onboarding &gt; Feature Introduction &gt; should show feature animations" time="0.0202494">
        </testcase>
        <testcase classname="client/src/components/Onboarding.test.tsx" name="Onboarding &gt; Interactive Demo &gt; should show interactive demo elements" time="0.0588304">
            <failure message="Unable to find an element with the placeholder text of: /enter keywords/i

Ignored nodes: comments, script, style
[36m&lt;body&gt;[39m
  [36m&lt;div&gt;[39m
    [36m&lt;div[39m
      [33mclass[39m=[32m&quot;fixed inset-0 z-50 flex items-center justify-center bg-background/80 backdrop-blur-sm&quot;[39m
    [36m&gt;[39m
      [36m&lt;div[39m
        [33maria-label[39m=[32m&quot;Onboarding&quot;[39m
        [33mclass[39m=[32m&quot;bg-background border rounded-lg shadow-lg p-6 max-w-2xl w-full&quot;[39m
        [33mdata-testid[39m=[32m&quot;onboarding-modal&quot;[39m
        [33mrole[39m=[32m&quot;dialog&quot;[39m
      [36m&gt;[39m
        [36m&lt;div[39m
          [33mclass[39m=[32m&quot;flex items-center justify-between mb-6&quot;[39m
        [36m&gt;[39m
          [36m&lt;div[39m
            [33mclass[39m=[32m&quot;flex-1&quot;[39m
          [36m&gt;[39m
            [36m&lt;div[39m
              [33maria-valuemax[39m=[32m&quot;5&quot;[39m
              [33maria-valuemin[39m=[32m&quot;1&quot;[39m
              [33maria-valuenow[39m=[32m&quot;4&quot;[39m
              [33mclass[39m=[32m&quot;relative w-full overflow-hidden rounded-full bg-secondary h-2&quot;[39m
              [33mdata-max[39m=[32m&quot;100&quot;[39m
              [33mdata-state[39m=[32m&quot;indeterminate&quot;[39m
              [33mrole[39m=[32m&quot;progressbar&quot;[39m
            [36m&gt;[39m
              [36m&lt;div[39m
                [33mclass[39m=[32m&quot;h-full w-full flex-1 bg-primary transition-all&quot;[39m
                [33mdata-max[39m=[32m&quot;100&quot;[39m
                [33mdata-state[39m=[32m&quot;indeterminate&quot;[39m
                [33mstyle[39m=[32m&quot;transform: translateX(-20%)&quot;[39m
              [36m/&gt;[39m
            [36m&lt;/div&gt;[39m
            [36m&lt;p[39m
              [33mclass[39m=[32m&quot;text-xs text-muted-foreground mt-2&quot;[39m
            [36m&gt;[39m
              [0mStep [0m
              [0m4[0m
              [0m of [0m
              [0m5[0m
            [36m&lt;/p&gt;[39m
          [36m&lt;/div&gt;[39m
          [36m&lt;button[39m
            [33mclass[39m=[32m&quot;inline-flex items-center justify-center gap-2 whitespace-nowrap text-sm font-medium ring-offset-background transition-colors focus-visible:outline-none focus-visible:ring-2 focus-visible:ring-ring focus-visible:ring-offset-2 disabled:pointer-events-none disabled:opacity-50 [&amp;_svg]:pointer-events-none [&amp;_svg]:size-4 [&amp;_svg]:shrink-0 [&amp;_svg]:text-current hover:bg-accent hover:text-accent-foreground h-9 rounded-md px-3 ml-4&quot;[39m
          [36m&gt;[39m
            [36m&lt;svg[39m
              [33maria-hidden[39m=[32m&quot;true&quot;[39m
              [33mclass[39m=[32m&quot;lucide lucide-x h-4 w-4 mr-1&quot;[39m
              [33mfill[39m=[32m&quot;none&quot;[39m
              [33mheight[39m=[32m&quot;24&quot;[39m
              [33mstroke[39m=[32m&quot;currentColor&quot;[39m
              [33mstroke-linecap[39m=[32m&quot;round&quot;[39m
              [33mstroke-linejoin[39m=[32m&quot;round&quot;[39m
              [33mstroke-width[39m=[32m&quot;2&quot;[39m
              [33mviewBox[39m=[32m&quot;0 0 24 24&quot;[39m
              [33mwidth[39m=[32m&quot;24&quot;[39m
              [33mxmlns[39m=[32m&quot;http://www.w3.org/2000/svg&quot;[39m
            [36m&gt;[39m
              [36m&lt;path[39m
                [33md[39m=[32m&quot;M18 6 6 18&quot;[39m
              [36m/&gt;[39m
              [36m&lt;path[39m
                [33md[39m=[32m&quot;m6 6 12 12&quot;[39m
              [36m/&gt;[39m
            [36m&lt;/svg&gt;[39m
            [0mSkip Tour[0m
          [36m&lt;/button&gt;[39m
        [36m&lt;/div&gt;[39m
        [36m&lt;div[39m
          [33mclass[39m=[32m&quot;min-h-[400px] flex items-center justify-center&quot;[39m
        [36m&gt;[39m
          [36m&lt;div[39m
            [33mclass[39m=[32m&quot;space-y-6&quot;[39m
          [36m&gt;[39m
            [36m&lt;div[39m
              [33mclass[39m=[32m&quot;text-center&quot;[39m
            [36m&gt;[39m
              [36m&lt;h2[39m
                [33mclass[39m=[32m&quot;text-xl font-bold mb-2&quot;[39m
              [36m&gt;[39m
                [0mTry It Yourself[0m
              [36m&lt;/h2&gt;[39m
              [36m&lt;p[39m
                [33mclass[39m=[32m&quot;text-muted-foreground text-sm&quot;[39m
              [36m&gt;[39m
                [0mLet&apos;s run a quick analysis to see how it works[0m
              [36m&lt;/p&gt;[39m
            [36m&lt;/div&gt;[39m
            [36m&lt;div[39m
              [33mclass[39m=[32m&quot;space-y-4&quot;[39m
            [36m&gt;[39m
              [36m&lt;div[39m
                [33mclass[39m=[32m&quot;space-y-2&quot;[39m
              [36m&gt;[39m
                [36m&lt;label[39m
                  [33mclass[39m=[32m&quot;text-sm font-medium leading-none peer-disabled:cursor-not-allowed peer-disabled:opacity-70&quot;[39m
                  [33mfor[39m=[32m&quot;demo-keywords&quot;[39m
                [36m&gt;[39m
                  [0mEnter Keywords[0m
                [36m&lt;/label&gt;[39m
                [36m&lt;input[39m
                  [33mclass[39m=[32m&quot;flex h-10 w-full rounded-md border border-input bg-background px-3 py-2 text-sm ring-offset-background file:border-0 file:bg-transparent file:text-sm file:font-medium file:text-foreground placeholder:text-muted-foreground focus-visible:outline-none focus-visible:ring-2 focus-visible:ring-ring focus-visible:ring-offset-2 disabled:cursor-not-allowed disabled:opacity-50&quot;[39m
                  [33mid[39m=[32m&quot;demo-keywords&quot;[39m
                  [33mplaceholder[39m=[32m&quot;e.g., web design agency, UI/UX services&quot;[39m
                  [33mvalue[39m=[32m&quot;&quot;[39m
                [36m/&gt;[39m
              [36m&lt;/div&gt;[39m
              [36m&lt;button[39m
                [33mclass[39m=[32m&quot;inline-flex items-center justify-center gap-2 whitespace-nowrap rounded-md text-sm font-medium ring-offset-background transition-colors focus-visible:outline-none focus-visible:ring-2 focus-visible:ring-ring focus-visible:ring-offset-2 disabled:pointer-events-none disabled:opacity-50 [&amp;_svg]:pointer-events-none [&amp;_svg]:size-4 [&amp;_svg]:shrink-0 [&amp;_svg]:text-current bg-primary text-primary-foreground hover:bg-primary/90 h-10 px-4 py-2 w-full&quot;[39m
                [33mdisabled[39m=[32m&quot;&quot;[39m
              [36m&gt;[39m
                [36m&lt;svg[39m
                  [33maria-hidden[39m=[32m&quot;true&quot;[39m
                  [33mclass[39m=[32m&quot;lucide lucide-search mr-2 h-4 w-4&quot;[39m
                  [33mfill[39m=[32m&quot;none&quot;[39m
                  [33mheight[39m=[32m&quot;24&quot;[39m
                  [33mstroke[39m=[32m&quot;currentColor&quot;[39m
                  [33mstroke-linecap[39m=[32m&quot;round&quot;[39m
                  [33mstroke-linejoin[39m=[32m&quot;round&quot;[39m
                  [33mstroke-width[39m=[32m&quot;2&quot;[39m
                  [33mviewBox[39m=[32m&quot;0 0 24 24&quot;[39m
                  [33mwidth[39m=[32m&quot;24&quot;[39m
                  [33mxmlns[39m=[32m&quot;http://www.w3.org/2000/svg&quot;[39m
                [36m&gt;[39m
                  [36m&lt;path[39m
                    [33md[39m=[32m&quot;m21 21-4.34-4.34&quot;[39m
                  [36m/&gt;[39m
                  [36m&lt;circle[39m
                    [33mcx[39m=[32m&quot;11&quot;[39m
                    [33mcy[39m=[32m&quot;11&quot;[39m
                    [33mr[39m=[32m&quot;8&quot;[39m
                  [36m/&gt;[39m
                [36m&lt;/svg&gt;[39m
                [0mAnalyze[0m
              [36m&lt;/button&gt;[39m
              [36m&lt;button[39m
                [33mclass[39m=[32m&quot;inline-flex items-center justify-center gap-2 whitespace-nowrap rounded-md text-sm font-medium ring-offset-background transition-colors focus-visible:outline-none focus-visible:ring-2 focus-visible:ring-ring focus-visible:ring-offset-2 disabled:pointer-events-none disabled:opacity-50 [&amp;_svg]:pointer-events-none [&amp;_svg]:size-4 [&amp;_svg]:shrink-0 [&amp;_svg]:text-current border border-input bg-background hover:bg-accent hover:text-accent-foreground h-10 px-4 py-2 w-full&quot;[39m
              [36m&gt;[39m
                [0mSkip Demo[0m
                [36m&lt;svg[39m
                  [33maria-hidden[39m=[32m&quot;true&quot;[39m
                  [33mclass[39m=[32m&quot;lucide lucide-arrow-right ml-2 h-4 w-4&quot;[39m
                  [33mfill[39m=[32m&quot;none&quot;[39m
                  [33mheight[39m=[32m&quot;24&quot;[39m
                  [33mstroke[39m=[32m&quot;currentColor&quot;[39m
                  [33mstroke-linecap[39m=[32m&quot;round&quot;[39m
                  [33mstroke-linejoin[39m=[32m&quot;round&quot;[39m
                  [33mstroke-width[39m=[32m&quot;2&quot;[39m
                  [33mviewBox[39m=[32m&quot;0 0 24 24&quot;[39m
                  [33mwidth[39m=[32m&quot;24&quot;[39m
                  [33mxmlns[39m=[32m&quot;http://www.w3.org/2000/svg&quot;[39m
                [36m&gt;[39m
                  [36m&lt;path[39m
                    [33md[39m=[32m&quot;M5 12h14&quot;[39m
                  [36m/&gt;[39m
                  [36m&lt;path[39m
                    [33md[39m=[32m&quot;m12 5 7 7-7 7&quot;[39m
                  [36m/&gt;[39m
                [36m&lt;/svg&gt;[39m
              [36m&lt;/button&gt;[39m
            [36m&lt;/div&gt;[39m
          [36m&lt;/div&gt;[39m
        [36m&lt;/div&gt;[39m
        [36m&lt;div[39m
          [33mclass[39m=[32m&quot;flex justify-between mt-6 pt-6 border-t&quot;[39m
        [36m&gt;[39m
          [36m&lt;button[39m
            [33mclass[39m=[32m&quot;inline-flex items-center justify-center gap-2 whitespace-nowrap rounded-md text-sm font-medium ring-offset-background transition-colors focus-visible:outline-none focus-visible:ring-2 focus-visible:ring-ring focus-visible:ring-offset-2 disabled:pointer-events-none disabled:opacity-50 [&amp;_svg]:pointer-events-none [&amp;_svg]:size-4 [&amp;_svg]:shrink-0 [&amp;_svg]:text-current border border-input bg-background hover:bg-accent hover:text-accent-foreground h-10 px-4 py-2&quot;[39m
          [36m&gt;[39m
            [36m&lt;svg[39m
              [33maria-hidden[39m=[32m&quot;true&quot;[39m
              [33mclass[39m=[32m&quot;lucide lucide-arrow-left mr-2 h-4 w-4&quot;[39m
              [33mfill[39m=[32m&quot;none&quot;[39m
              [33mheight[39m=[32m&quot;24&quot;[39m
              [33mstroke[39m=[32m&quot;currentColor&quot;[39m
              [33mstroke-linecap[39m=[32m&quot;round&quot;[39m
              [33mstroke-linejoin[39m=[32m&quot;round&quot;[39m
              [33mstroke-width[39m=[32m&quot;2&quot;[39m
              [33mviewBox[39m=[32m&quot;0 0 24 24&quot;[39m
              [33mwidth[39m=[32m&quot;24&quot;[39m
              [33mxmlns[39m=[32m&quot;http://www.w3.org/2000/svg&quot;[39m
            [36m&gt;[39m
              [36m&lt;path[39m
                [33md[39m=[32m&quot;m12 19-7-7 7-7&quot;[39m
              [36m/&gt;[39m
              [36m&lt;path[39m
                [33md[39m=[32m&quot;M19 12H5&quot;[39m
              [36m/&gt;[39m
            [36m&lt;/svg&gt;[39m
            [0mPrevious[0m
          [36m&lt;/button&gt;[39m
        [36m&lt;/div&gt;[39m
      [36m&lt;/div&gt;[39m
    [36m&lt;/div&gt;[39m
  [36m&lt;/div&gt;[39m
[36m&lt;/body&gt;[39m" type="TestingLibraryElementError">
TestingLibraryElementError: Unable to find an element with the placeholder text of: /enter keywords/i

Ignored nodes: comments, script, style
&lt;body&gt;
  &lt;div&gt;
    &lt;div
      class=&quot;fixed inset-0 z-50 flex items-center justify-center bg-background/80 backdrop-blur-sm&quot;
    &gt;
      &lt;div
        aria-label=&quot;Onboarding&quot;
        class=&quot;bg-background border rounded-lg shadow-lg p-6 max-w-2xl w-full&quot;
        data-testid=&quot;onboarding-modal&quot;
        role=&quot;dialog&quot;
      &gt;
        &lt;div
          class=&quot;flex items-center justify-between mb-6&quot;
        &gt;
          &lt;div
            class=&quot;flex-1&quot;
          &gt;
            &lt;div
              aria-valuemax=&quot;5&quot;
              aria-valuemin=&quot;1&quot;
              aria-valuenow=&quot;4&quot;
              class=&quot;relative w-full overflow-hidden rounded-full bg-secondary h-2&quot;
              data-max=&quot;100&quot;
              data-state=&quot;indeterminate&quot;
              role=&quot;progressbar&quot;
            &gt;
              &lt;div
                class=&quot;h-full w-full flex-1 bg-primary transition-all&quot;
                data-max=&quot;100&quot;
                data-state=&quot;indeterminate&quot;
                style=&quot;transform: translateX(-20%)&quot;
              /&gt;
            &lt;/div&gt;
            &lt;p
              class=&quot;text-xs text-muted-foreground mt-2&quot;
            &gt;
              Step 
              4
               of 
              5
            &lt;/p&gt;
          &lt;/div&gt;
          &lt;button
            class=&quot;inline-flex items-center justify-center gap-2 whitespace-nowrap text-sm font-medium ring-offset-background transition-colors focus-visible:outline-none focus-visible:ring-2 focus-visible:ring-ring focus-visible:ring-offset-2 disabled:pointer-events-none disabled:opacity-50 [&amp;_svg]:pointer-events-none [&amp;_svg]:size-4 [&amp;_svg]:shrink-0 [&amp;_svg]:text-current hover:bg-accent hover:text-accent-foreground h-9 rounded-md px-3 ml-4&quot;
          &gt;
            &lt;svg
              aria-hidden=&quot;true&quot;
              class=&quot;lucide lucide-x h-4 w-4 mr-1&quot;
              fill=&quot;none&quot;
              height=&quot;24&quot;
              stroke=&quot;currentColor&quot;
              stroke-linecap=&quot;round&quot;
              stroke-linejoin=&quot;round&quot;
              stroke-width=&quot;2&quot;
              viewBox=&quot;0 0 24 24&quot;
              width=&quot;24&quot;
              xmlns=&quot;http://www.w3.org/2000/svg&quot;
            &gt;
              &lt;path
                d=&quot;M18 6 6 18&quot;
              /&gt;
              &lt;path
                d=&quot;m6 6 12 12&quot;
              /&gt;
            &lt;/svg&gt;
            Skip Tour
          &lt;/button&gt;
        &lt;/div&gt;
        &lt;div
          class=&quot;min-h-[400px] flex items-center justify-center&quot;
        &gt;
          &lt;div
            class=&quot;space-y-6&quot;
          &gt;
            &lt;div
              class=&quot;text-center&quot;
            &gt;
              &lt;h2
                class=&quot;text-xl font-bold mb-2&quot;
              &gt;
                Try It Yourself
              &lt;/h2&gt;
              &lt;p
                class=&quot;text-muted-foreground text-sm&quot;
              &gt;
                Let&apos;s run a quick analysis to see how it works
              &lt;/p&gt;
            &lt;/div&gt;
            &lt;div
              class=&quot;space-y-4&quot;
            &gt;
              &lt;div
                class=&quot;space-y-2&quot;
              &gt;
                &lt;label
                  class=&quot;text-sm font-medium leading-none peer-disabled:cursor-not-allowed peer-disabled:opacity-70&quot;
                  for=&quot;demo-keywords&quot;
                &gt;
                  Enter Keywords
                &lt;/label&gt;
                &lt;input
                  class=&quot;flex h-10 w-full rounded-md border border-input bg-background px-3 py-2 text-sm ring-offset-background file:border-0 file:bg-transparent file:text-sm file:font-medium file:text-foreground placeholder:text-muted-foreground focus-visible:outline-none focus-visible:ring-2 focus-visible:ring-ring focus-visible:ring-offset-2 disabled:cursor-not-allowed disabled:opacity-50&quot;
                  id=&quot;demo-keywords&quot;
                  placeholder=&quot;e.g., web design agency, UI/UX services&quot;
                  value=&quot;&quot;
                /&gt;
              &lt;/div&gt;
              &lt;button
                class=&quot;inline-flex items-center justify-center gap-2 whitespace-nowrap rounded-md text-sm font-medium ring-offset-background transition-colors focus-visible:outline-none focus-visible:ring-2 focus-visible:ring-ring focus-visible:ring-offset-2 disabled:pointer-events-none disabled:opacity-50 [&amp;_svg]:pointer-events-none [&amp;_svg]:size-4 [&amp;_svg]:shrink-0 [&amp;_svg]:text-current bg-primary text-primary-foreground hover:bg-primary/90 h-10 px-4 py-2 w-full&quot;
                disabled=&quot;&quot;
              &gt;
                &lt;svg
                  aria-hidden=&quot;true&quot;
                  class=&quot;lucide lucide-search mr-2 h-4 w-4&quot;
                  fill=&quot;none&quot;
                  height=&quot;24&quot;
                  stroke=&quot;currentColor&quot;
                  stroke-linecap=&quot;round&quot;
                  stroke-linejoin=&quot;round&quot;
                  stroke-width=&quot;2&quot;
                  viewBox=&quot;0 0 24 24&quot;
                  width=&quot;24&quot;
                  xmlns=&quot;http://www.w3.org/2000/svg&quot;
                &gt;
                  &lt;path
                    d=&quot;m21 21-4.34-4.34&quot;
                  /&gt;
                  &lt;circle
                    cx=&quot;11&quot;
                    cy=&quot;11&quot;
                    r=&quot;8&quot;
                  /&gt;
                &lt;/svg&gt;
                Analyze
              &lt;/button&gt;
              &lt;button
                class=&quot;inline-flex items-center justify-center gap-2 whitespace-nowrap rounded-md text-sm font-medium ring-offset-background transition-colors focus-visible:outline-none focus-visible:ring-2 focus-visible:ring-ring focus-visible:ring-offset-2 disabled:pointer-events-none disabled:opacity-50 [&amp;_svg]:pointer-events-none [&amp;_svg]:size-4 [&amp;_svg]:shrink-0 [&amp;_svg]:text-current border border-input bg-background hover:bg-accent hover:text-accent-foreground h-10 px-4 py-2 w-full&quot;
              &gt;
                Skip Demo
                &lt;svg
                  aria-hidden=&quot;true&quot;
                  class=&quot;lucide lucide-arrow-right ml-2 h-4 w-4&quot;
                  fill=&quot;none&quot;
                  height=&quot;24&quot;
                  stroke=&quot;currentColor&quot;
                  stroke-linecap=&quot;round&quot;
                  stroke-linejoin=&quot;round&quot;
                  stroke-width=&quot;2&quot;
                  viewBox=&quot;0 0 24 24&quot;
                  width=&quot;24&quot;
                  xmlns=&quot;http://www.w3.org/2000/svg&quot;
                &gt;
                  &lt;path
                    d=&quot;M5 12h14&quot;
                  /&gt;
                  &lt;path
                    d=&quot;m12 5 7 7-7 7&quot;
                  /&gt;
                &lt;/svg&gt;
              &lt;/button&gt;
            &lt;/div&gt;
          &lt;/div&gt;
        &lt;/div&gt;
        &lt;div
          class=&quot;flex justify-between mt-6 pt-6 border-t&quot;
        &gt;
          &lt;button
            class=&quot;inline-flex items-center justify-center gap-2 whitespace-nowrap rounded-md text-sm font-medium ring-offset-background transition-colors focus-visible:outline-none focus-visible:ring-2 focus-visible:ring-ring focus-visible:ring-offset-2 disabled:pointer-events-none disabled:opacity-50 [&amp;_svg]:pointer-events-none [&amp;_svg]:size-4 [&amp;_svg]:shrink-0 [&amp;_svg]:text-current border border-input bg-background hover:bg-accent hover:text-accent-foreground h-10 px-4 py-2&quot;
          &gt;
            &lt;svg
              aria-hidden=&quot;true&quot;
              class=&quot;lucide lucide-arrow-left mr-2 h-4 w-4&quot;
              fill=&quot;none&quot;
              height=&quot;24&quot;
              stroke=&quot;currentColor&quot;
              stroke-linecap=&quot;round&quot;
              stroke-linejoin=&quot;round&quot;
              stroke-width=&quot;2&quot;
              viewBox=&quot;0 0 24 24&quot;
              width=&quot;24&quot;
              xmlns=&quot;http://www.w3.org/2000/svg&quot;
            &gt;
              &lt;path
                d=&quot;m12 19-7-7 7-7&quot;
              /&gt;
              &lt;path
                d=&quot;M19 12H5&quot;
              /&gt;
            &lt;/svg&gt;
            Previous
          &lt;/button&gt;
        &lt;/div&gt;
      &lt;/div&gt;
    &lt;/div&gt;
  &lt;/div&gt;
&lt;/body&gt;
 ❯ Object.getElementError node_modules/.pnpm/@testing-library+dom@10.4.1/node_modules/@testing-library/dom/dist/config.js:37:19
 ❯ node_modules/.pnpm/@testing-library+dom@10.4.1/node_modules/@testing-library/dom/dist/query-helpers.js:76:38
 ❯ node_modules/.pnpm/@testing-library+dom@10.4.1/node_modules/@testing-library/dom/dist/query-helpers.js:52:17
 ❯ getByPlaceholderText node_modules/.pnpm/@testing-library+dom@10.4.1/node_modules/@testing-library/dom/dist/query-helpers.js:95:19
 ❯ client/src/components/Onboarding.test.tsx:271:21
            </failure>
        </testcase>
        <testcase classname="client/src/components/Onboarding.test.tsx" name="Onboarding &gt; Interactive Demo &gt; should simulate analysis" time="0.0268488">
            <failure message="Unable to find an element with the placeholder text of: /enter keywords/i

Ignored nodes: comments, script, style
[36m&lt;body&gt;[39m
  [36m&lt;div&gt;[39m
    [36m&lt;div[39m
      [33mclass[39m=[32m&quot;fixed inset-0 z-50 flex items-center justify-center bg-background/80 backdrop-blur-sm&quot;[39m
    [36m&gt;[39m
      [36m&lt;div[39m
        [33maria-label[39m=[32m&quot;Onboarding&quot;[39m
        [33mclass[39m=[32m&quot;bg-background border rounded-lg shadow-lg p-6 max-w-2xl w-full&quot;[39m
        [33mdata-testid[39m=[32m&quot;onboarding-modal&quot;[39m
        [33mrole[39m=[32m&quot;dialog&quot;[39m
      [36m&gt;[39m
        [36m&lt;div[39m
          [33mclass[39m=[32m&quot;flex items-center justify-between mb-6&quot;[39m
        [36m&gt;[39m
          [36m&lt;div[39m
            [33mclass[39m=[32m&quot;flex-1&quot;[39m
          [36m&gt;[39m
            [36m&lt;div[39m
              [33maria-valuemax[39m=[32m&quot;5&quot;[39m
              [33maria-valuemin[39m=[32m&quot;1&quot;[39m
              [33maria-valuenow[39m=[32m&quot;4&quot;[39m
              [33mclass[39m=[32m&quot;relative w-full overflow-hidden rounded-full bg-secondary h-2&quot;[39m
              [33mdata-max[39m=[32m&quot;100&quot;[39m
              [33mdata-state[39m=[32m&quot;indeterminate&quot;[39m
              [33mrole[39m=[32m&quot;progressbar&quot;[39m
            [36m&gt;[39m
              [36m&lt;div[39m
                [33mclass[39m=[32m&quot;h-full w-full flex-1 bg-primary transition-all&quot;[39m
                [33mdata-max[39m=[32m&quot;100&quot;[39m
                [33mdata-state[39m=[32m&quot;indeterminate&quot;[39m
                [33mstyle[39m=[32m&quot;transform: translateX(-20%)&quot;[39m
              [36m/&gt;[39m
            [36m&lt;/div&gt;[39m
            [36m&lt;p[39m
              [33mclass[39m=[32m&quot;text-xs text-muted-foreground mt-2&quot;[39m
            [36m&gt;[39m
              [0mStep [0m
              [0m4[0m
              [0m of [0m
              [0m5[0m
            [36m&lt;/p&gt;[39m
          [36m&lt;/div&gt;[39m
          [36m&lt;button[39m
            [33mclass[39m=[32m&quot;inline-flex items-center justify-center gap-2 whitespace-nowrap text-sm font-medium ring-offset-background transition-colors focus-visible:outline-none focus-visible:ring-2 focus-visible:ring-ring focus-visible:ring-offset-2 disabled:pointer-events-none disabled:opacity-50 [&amp;_svg]:pointer-events-none [&amp;_svg]:size-4 [&amp;_svg]:shrink-0 [&amp;_svg]:text-current hover:bg-accent hover:text-accent-foreground h-9 rounded-md px-3 ml-4&quot;[39m
          [36m&gt;[39m
            [36m&lt;svg[39m
              [33maria-hidden[39m=[32m&quot;true&quot;[39m
              [33mclass[39m=[32m&quot;lucide lucide-x h-4 w-4 mr-1&quot;[39m
              [33mfill[39m=[32m&quot;none&quot;[39m
              [33mheight[39m=[32m&quot;24&quot;[39m
              [33mstroke[39m=[32m&quot;currentColor&quot;[39m
              [33mstroke-linecap[39m=[32m&quot;round&quot;[39m
              [33mstroke-linejoin[39m=[32m&quot;round&quot;[39m
              [33mstroke-width[39m=[32m&quot;2&quot;[39m
              [33mviewBox[39m=[32m&quot;0 0 24 24&quot;[39m
              [33mwidth[39m=[32m&quot;24&quot;[39m
              [33mxmlns[39m=[32m&quot;http://www.w3.org/2000/svg&quot;[39m
            [36m&gt;[39m
              [36m&lt;path[39m
                [33md[39m=[32m&quot;M18 6 6 18&quot;[39m
              [36m/&gt;[39m
              [36m&lt;path[39m
                [33md[39m=[32m&quot;m6 6 12 12&quot;[39m
              [36m/&gt;[39m
            [36m&lt;/svg&gt;[39m
            [0mSkip Tour[0m
          [36m&lt;/button&gt;[39m
        [36m&lt;/div&gt;[39m
        [36m&lt;div[39m
          [33mclass[39m=[32m&quot;min-h-[400px] flex items-center justify-center&quot;[39m
        [36m&gt;[39m
          [36m&lt;div[39m
            [33mclass[39m=[32m&quot;space-y-6&quot;[39m
          [36m&gt;[39m
            [36m&lt;div[39m
              [33mclass[39m=[32m&quot;text-center&quot;[39m
            [36m&gt;[39m
              [36m&lt;h2[39m
                [33mclass[39m=[32m&quot;text-xl font-bold mb-2&quot;[39m
              [36m&gt;[39m
                [0mTry It Yourself[0m
              [36m&lt;/h2&gt;[39m
              [36m&lt;p[39m
                [33mclass[39m=[32m&quot;text-muted-foreground text-sm&quot;[39m
              [36m&gt;[39m
                [0mLet&apos;s run a quick analysis to see how it works[0m
              [36m&lt;/p&gt;[39m
            [36m&lt;/div&gt;[39m
            [36m&lt;div[39m
              [33mclass[39m=[32m&quot;space-y-4&quot;[39m
            [36m&gt;[39m
              [36m&lt;div[39m
                [33mclass[39m=[32m&quot;space-y-2&quot;[39m
              [36m&gt;[39m
                [36m&lt;label[39m
                  [33mclass[39m=[32m&quot;text-sm font-medium leading-none peer-disabled:cursor-not-allowed peer-disabled:opacity-70&quot;[39m
                  [33mfor[39m=[32m&quot;demo-keywords&quot;[39m
                [36m&gt;[39m
                  [0mEnter Keywords[0m
                [36m&lt;/label&gt;[39m
                [36m&lt;input[39m
                  [33mclass[39m=[32m&quot;flex h-10 w-full rounded-md border border-input bg-background px-3 py-2 text-sm ring-offset-background file:border-0 file:bg-transparent file:text-sm file:font-medium file:text-foreground placeholder:text-muted-foreground focus-visible:outline-none focus-visible:ring-2 focus-visible:ring-ring focus-visible:ring-offset-2 disabled:cursor-not-allowed disabled:opacity-50&quot;[39m
                  [33mid[39m=[32m&quot;demo-keywords&quot;[39m
                  [33mplaceholder[39m=[32m&quot;e.g., web design agency, UI/UX services&quot;[39m
                  [33mvalue[39m=[32m&quot;&quot;[39m
                [36m/&gt;[39m
              [36m&lt;/div&gt;[39m
              [36m&lt;button[39m
                [33mclass[39m=[32m&quot;inline-flex items-center justify-center gap-2 whitespace-nowrap rounded-md text-sm font-medium ring-offset-background transition-colors focus-visible:outline-none focus-visible:ring-2 focus-visible:ring-ring focus-visible:ring-offset-2 disabled:pointer-events-none disabled:opacity-50 [&amp;_svg]:pointer-events-none [&amp;_svg]:size-4 [&amp;_svg]:shrink-0 [&amp;_svg]:text-current bg-primary text-primary-foreground hover:bg-primary/90 h-10 px-4 py-2 w-full&quot;[39m
                [33mdisabled[39m=[32m&quot;&quot;[39m
              [36m&gt;[39m
                [36m&lt;svg[39m
                  [33maria-hidden[39m=[32m&quot;true&quot;[39m
                  [33mclass[39m=[32m&quot;lucide lucide-search mr-2 h-4 w-4&quot;[39m
                  [33mfill[39m=[32m&quot;none&quot;[39m
                  [33mheight[39m=[32m&quot;24&quot;[39m
                  [33mstroke[39m=[32m&quot;currentColor&quot;[39m
                  [33mstroke-linecap[39m=[32m&quot;round&quot;[39m
                  [33mstroke-linejoin[39m=[32m&quot;round&quot;[39m
                  [33mstroke-width[39m=[32m&quot;2&quot;[39m
                  [33mviewBox[39m=[32m&quot;0 0 24 24&quot;[39m
                  [33mwidth[39m=[32m&quot;24&quot;[39m
                  [33mxmlns[39m=[32m&quot;http://www.w3.org/2000/svg&quot;[39m
                [36m&gt;[39m
                  [36m&lt;path[39m
                    [33md[39m=[32m&quot;m21 21-4.34-4.34&quot;[39m
                  [36m/&gt;[39m
                  [36m&lt;circle[39m
                    [33mcx[39m=[32m&quot;11&quot;[39m
                    [33mcy[39m=[32m&quot;11&quot;[39m
                    [33mr[39m=[32m&quot;8&quot;[39m
                  [36m/&gt;[39m
                [36m&lt;/svg&gt;[39m
                [0mAnalyze[0m
              [36m&lt;/button&gt;[39m
              [36m&lt;button[39m
                [33mclass[39m=[32m&quot;inline-flex items-center justify-center gap-2 whitespace-nowrap rounded-md text-sm font-medium ring-offset-background transition-colors focus-visible:outline-none focus-visible:ring-2 focus-visible:ring-ring focus-visible:ring-offset-2 disabled:pointer-events-none disabled:opacity-50 [&amp;_svg]:pointer-events-none [&amp;_svg]:size-4 [&amp;_svg]:shrink-0 [&amp;_svg]:text-current border border-input bg-background hover:bg-accent hover:text-accent-foreground h-10 px-4 py-2 w-full&quot;[39m
              [36m&gt;[39m
                [0mSkip Demo[0m
                [36m&lt;svg[39m
                  [33maria-hidden[39m=[32m&quot;true&quot;[39m
                  [33mclass[39m=[32m&quot;lucide lucide-arrow-right ml-2 h-4 w-4&quot;[39m
                  [33mfill[39m=[32m&quot;none&quot;[39m
                  [33mheight[39m=[32m&quot;24&quot;[39m
                  [33mstroke[39m=[32m&quot;currentColor&quot;[39m
                  [33mstroke-linecap[39m=[32m&quot;round&quot;[39m
                  [33mstroke-linejoin[39m=[32m&quot;round&quot;[39m
                  [33mstroke-width[39m=[32m&quot;2&quot;[39m
                  [33mviewBox[39m=[32m&quot;0 0 24 24&quot;[39m
                  [33mwidth[39m=[32m&quot;24&quot;[39m
                  [33mxmlns[39m=[32m&quot;http://www.w3.org/2000/svg&quot;[39m
                [36m&gt;[39m
                  [36m&lt;path[39m
                    [33md[39m=[32m&quot;M5 12h14&quot;[39m
                  [36m/&gt;[39m
                  [36m&lt;path[39m
                    [33md[39m=[32m&quot;m12 5 7 7-7 7&quot;[39m
                  [36m/&gt;[39m
                [36m&lt;/svg&gt;[39m
              [36m&lt;/button&gt;[39m
            [36m&lt;/div&gt;[39m
          [36m&lt;/div&gt;[39m
        [36m&lt;/div&gt;[39m
        [36m&lt;div[39m
          [33mclass[39m=[32m&quot;flex justify-between mt-6 pt-6 border-t&quot;[39m
        [36m&gt;[39m
          [36m&lt;button[39m
            [33mclass[39m=[32m&quot;inline-flex items-center justify-center gap-2 whitespace-nowrap rounded-md text-sm font-medium ring-offset-background transition-colors focus-visible:outline-none focus-visible:ring-2 focus-visible:ring-ring focus-visible:ring-offset-2 disabled:pointer-events-none disabled:opacity-50 [&amp;_svg]:pointer-events-none [&amp;_svg]:size-4 [&amp;_svg]:shrink-0 [&amp;_svg]:text-current border border-input bg-background hover:bg-accent hover:text-accent-foreground h-10 px-4 py-2&quot;[39m
          [36m&gt;[39m
            [36m&lt;svg[39m
              [33maria-hidden[39m=[32m&quot;true&quot;[39m
              [33mclass[39m=[32m&quot;lucide lucide-arrow-left mr-2 h-4 w-4&quot;[39m
              [33mfill[39m=[32m&quot;none&quot;[39m
              [33mheight[39m=[32m&quot;24&quot;[39m
              [33mstroke[39m=[32m&quot;currentColor&quot;[39m
              [33mstroke-linecap[39m=[32m&quot;round&quot;[39m
              [33mstroke-linejoin[39m=[32m&quot;round&quot;[39m
              [33mstroke-width[39m=[32m&quot;2&quot;[39m
              [33mviewBox[39m=[32m&quot;0 0 24 24&quot;[39m
              [33mwidth[39m=[32m&quot;24&quot;[39m
              [33mxmlns[39m=[32m&quot;http://www.w3.org/2000/svg&quot;[39m
            [36m&gt;[39m
              [36m&lt;path[39m
                [33md[39m=[32m&quot;m12 19-7-7 7-7&quot;[39m
              [36m/&gt;[39m
              [36m&lt;path[39m
                [33md[39m=[32m&quot;M19 12H5&quot;[39m
              [36m/&gt;[39m
            [36m&lt;/svg&gt;[39m
            [0mPrevious[0m
          [36m&lt;/button&gt;[39m
        [36m&lt;/div&gt;[39m
      [36m&lt;/div&gt;[39m
    [36m&lt;/div&gt;[39m
  [36m&lt;/div&gt;[39m
[36m&lt;/body&gt;[39m" type="TestingLibraryElementError">
TestingLibraryElementError: Unable to find an element with the placeholder text of: /enter keywords/i

Ignored nodes: comments, script, style
&lt;body&gt;
  &lt;div&gt;
    &lt;div
      class=&quot;fixed inset-0 z-50 flex items-center justify-center bg-background/80 backdrop-blur-sm&quot;
    &gt;
      &lt;div
        aria-label=&quot;Onboarding&quot;
        class=&quot;bg-background border rounded-lg shadow-lg p-6 max-w-2xl w-full&quot;
        data-testid=&quot;onboarding-modal&quot;
        role=&quot;dialog&quot;
      &gt;
        &lt;div
          class=&quot;flex items-center justify-between mb-6&quot;
        &gt;
          &lt;div
            class=&quot;flex-1&quot;
          &gt;
            &lt;div
              aria-valuemax=&quot;5&quot;
              aria-valuemin=&quot;1&quot;
              aria-valuenow=&quot;4&quot;
              class=&quot;relative w-full overflow-hidden rounded-full bg-secondary h-2&quot;
              data-max=&quot;100&quot;
              data-state=&quot;indeterminate&quot;
              role=&quot;progressbar&quot;
            &gt;
              &lt;div
                class=&quot;h-full w-full flex-1 bg-primary transition-all&quot;
                data-max=&quot;100&quot;
                data-state=&quot;indeterminate&quot;
                style=&quot;transform: translateX(-20%)&quot;
              /&gt;
            &lt;/div&gt;
            &lt;p
              class=&quot;text-xs text-muted-foreground mt-2&quot;
            &gt;
              Step 
              4
               of 
              5
            &lt;/p&gt;
          &lt;/div&gt;
          &lt;button
            class=&quot;inline-flex items-center justify-center gap-2 whitespace-nowrap text-sm font-medium ring-offset-background transition-colors focus-visible:outline-none focus-visible:ring-2 focus-visible:ring-ring focus-visible:ring-offset-2 disabled:pointer-events-none disabled:opacity-50 [&amp;_svg]:pointer-events-none [&amp;_svg]:size-4 [&amp;_svg]:shrink-0 [&amp;_svg]:text-current hover:bg-accent hover:text-accent-foreground h-9 rounded-md px-3 ml-4&quot;
          &gt;
            &lt;svg
              aria-hidden=&quot;true&quot;
              class=&quot;lucide lucide-x h-4 w-4 mr-1&quot;
              fill=&quot;none&quot;
              height=&quot;24&quot;
              stroke=&quot;currentColor&quot;
              stroke-linecap=&quot;round&quot;
              stroke-linejoin=&quot;round&quot;
              stroke-width=&quot;2&quot;
              viewBox=&quot;0 0 24 24&quot;
              width=&quot;24&quot;
              xmlns=&quot;http://www.w3.org/2000/svg&quot;
            &gt;
              &lt;path
                d=&quot;M18 6 6 18&quot;
              /&gt;
              &lt;path
                d=&quot;m6 6 12 12&quot;
              /&gt;
            &lt;/svg&gt;
            Skip Tour
          &lt;/button&gt;
        &lt;/div&gt;
        &lt;div
          class=&quot;min-h-[400px] flex items-center justify-center&quot;
        &gt;
          &lt;div
            class=&quot;space-y-6&quot;
          &gt;
            &lt;div
              class=&quot;text-center&quot;
            &gt;
              &lt;h2
                class=&quot;text-xl font-bold mb-2&quot;
              &gt;
                Try It Yourself
              &lt;/h2&gt;
              &lt;p
                class=&quot;text-muted-foreground text-sm&quot;
              &gt;
                Let&apos;s run a quick analysis to see how it works
              &lt;/p&gt;
            &lt;/div&gt;
            &lt;div
              class=&quot;space-y-4&quot;
            &gt;
              &lt;div
                class=&quot;space-y-2&quot;
              &gt;
                &lt;label
                  class=&quot;text-sm font-medium leading-none peer-disabled:cursor-not-allowed peer-disabled:opacity-70&quot;
                  for=&quot;demo-keywords&quot;
                &gt;
                  Enter Keywords
                &lt;/label&gt;
                &lt;input
                  class=&quot;flex h-10 w-full rounded-md border border-input bg-background px-3 py-2 text-sm ring-offset-background file:border-0 file:bg-transparent file:text-sm file:font-medium file:text-foreground placeholder:text-muted-foreground focus-visible:outline-none focus-visible:ring-2 focus-visible:ring-ring focus-visible:ring-offset-2 disabled:cursor-not-allowed disabled:opacity-50&quot;
                  id=&quot;demo-keywords&quot;
                  placeholder=&quot;e.g., web design agency, UI/UX services&quot;
                  value=&quot;&quot;
                /&gt;
              &lt;/div&gt;
              &lt;button
                class=&quot;inline-flex items-center justify-center gap-2 whitespace-nowrap rounded-md text-sm font-medium ring-offset-background transition-colors focus-visible:outline-none focus-visible:ring-2 focus-visible:ring-ring focus-visible:ring-offset-2 disabled:pointer-events-none disabled:opacity-50 [&amp;_svg]:pointer-events-none [&amp;_svg]:size-4 [&amp;_svg]:shrink-0 [&amp;_svg]:text-current bg-primary text-primary-foreground hover:bg-primary/90 h-10 px-4 py-2 w-full&quot;
                disabled=&quot;&quot;
              &gt;
                &lt;svg
                  aria-hidden=&quot;true&quot;
                  class=&quot;lucide lucide-search mr-2 h-4 w-4&quot;
                  fill=&quot;none&quot;
                  height=&quot;24&quot;
                  stroke=&quot;currentColor&quot;
                  stroke-linecap=&quot;round&quot;
                  stroke-linejoin=&quot;round&quot;
                  stroke-width=&quot;2&quot;
                  viewBox=&quot;0 0 24 24&quot;
                  width=&quot;24&quot;
                  xmlns=&quot;http://www.w3.org/2000/svg&quot;
                &gt;
                  &lt;path
                    d=&quot;m21 21-4.34-4.34&quot;
                  /&gt;
                  &lt;circle
                    cx=&quot;11&quot;
                    cy=&quot;11&quot;
                    r=&quot;8&quot;
                  /&gt;
                &lt;/svg&gt;
                Analyze
              &lt;/button&gt;
              &lt;button
                class=&quot;inline-flex items-center justify-center gap-2 whitespace-nowrap rounded-md text-sm font-medium ring-offset-background transition-colors focus-visible:outline-none focus-visible:ring-2 focus-visible:ring-ring focus-visible:ring-offset-2 disabled:pointer-events-none disabled:opacity-50 [&amp;_svg]:pointer-events-none [&amp;_svg]:size-4 [&amp;_svg]:shrink-0 [&amp;_svg]:text-current border border-input bg-background hover:bg-accent hover:text-accent-foreground h-10 px-4 py-2 w-full&quot;
              &gt;
                Skip Demo
                &lt;svg
                  aria-hidden=&quot;true&quot;
                  class=&quot;lucide lucide-arrow-right ml-2 h-4 w-4&quot;
                  fill=&quot;none&quot;
                  height=&quot;24&quot;
                  stroke=&quot;currentColor&quot;
                  stroke-linecap=&quot;round&quot;
                  stroke-linejoin=&quot;round&quot;
                  stroke-width=&quot;2&quot;
                  viewBox=&quot;0 0 24 24&quot;
                  width=&quot;24&quot;
                  xmlns=&quot;http://www.w3.org/2000/svg&quot;
                &gt;
                  &lt;path
                    d=&quot;M5 12h14&quot;
                  /&gt;
                  &lt;path
                    d=&quot;m12 5 7 7-7 7&quot;
                  /&gt;
                &lt;/svg&gt;
              &lt;/button&gt;
            &lt;/div&gt;
          &lt;/div&gt;
        &lt;/div&gt;
        &lt;div
          class=&quot;flex justify-between mt-6 pt-6 border-t&quot;
        &gt;
          &lt;button
            class=&quot;inline-flex items-center justify-center gap-2 whitespace-nowrap rounded-md text-sm font-medium ring-offset-background transition-colors focus-visible:outline-none focus-visible:ring-2 focus-visible:ring-ring focus-visible:ring-offset-2 disabled:pointer-events-none disabled:opacity-50 [&amp;_svg]:pointer-events-none [&amp;_svg]:size-4 [&amp;_svg]:shrink-0 [&amp;_svg]:text-current border border-input bg-background hover:bg-accent hover:text-accent-foreground h-10 px-4 py-2&quot;
          &gt;
            &lt;svg
              aria-hidden=&quot;true&quot;
              class=&quot;lucide lucide-arrow-left mr-2 h-4 w-4&quot;
              fill=&quot;none&quot;
              height=&quot;24&quot;
              stroke=&quot;currentColor&quot;
              stroke-linecap=&quot;round&quot;
              stroke-linejoin=&quot;round&quot;
              stroke-width=&quot;2&quot;
              viewBox=&quot;0 0 24 24&quot;
              width=&quot;24&quot;
              xmlns=&quot;http://www.w3.org/2000/svg&quot;
            &gt;
              &lt;path
                d=&quot;m12 19-7-7 7-7&quot;
              /&gt;
              &lt;path
                d=&quot;M19 12H5&quot;
              /&gt;
            &lt;/svg&gt;
            Previous
          &lt;/button&gt;
        &lt;/div&gt;
      &lt;/div&gt;
    &lt;/div&gt;
  &lt;/div&gt;
&lt;/body&gt;
 ❯ Object.getElementError node_modules/.pnpm/@testing-library+dom@10.4.1/node_modules/@testing-library/dom/dist/config.js:37:19
 ❯ node_modules/.pnpm/@testing-library+dom@10.4.1/node_modules/@testing-library/dom/dist/query-helpers.js:76:38
 ❯ node_modules/.pnpm/@testing-library+dom@10.4.1/node_modules/@testing-library/dom/dist/query-helpers.js:52:17
 ❯ getByPlaceholderText node_modules/.pnpm/@testing-library+dom@10.4.1/node_modules/@testing-library/dom/dist/query-helpers.js:95:19
 ❯ client/src/components/Onboarding.test.tsx:297:35
            </failure>
        </testcase>
        <testcase classname="client/src/components/Onboarding.test.tsx" name="Onboarding &gt; Completion &gt; should show completion screen" time="0.0206434">
            <failure message="Found multiple elements with the text: /start optimizing/i

Here are the matching elements:

Ignored nodes: comments, script, style
[36m&lt;p[39m
  [33mclass[39m=[32m&quot;text-muted-foreground&quot;[39m
[36m&gt;[39m
  [0mYou&apos;re ready to start optimizing your Webflow pages[0m
[36m&lt;/p&gt;[39m

Ignored nodes: comments, script, style
[36m&lt;button[39m
  [33mclass[39m=[32m&quot;inline-flex items-center justify-center gap-2 whitespace-nowrap text-sm font-medium ring-offset-background transition-colors focus-visible:outline-none focus-visible:ring-2 focus-visible:ring-ring focus-visible:ring-offset-2 disabled:pointer-events-none disabled:opacity-50 [&amp;_svg]:pointer-events-none [&amp;_svg]:size-4 [&amp;_svg]:shrink-0 [&amp;_svg]:text-current bg-primary text-primary-foreground hover:bg-primary/90 h-11 rounded-md px-8 w-full&quot;[39m
[36m&gt;[39m
  [0mStart Optimizing[0m
  [36m&lt;svg[39m
    [33maria-hidden[39m=[32m&quot;true&quot;[39m
    [33mclass[39m=[32m&quot;lucide lucide-zap ml-2 h-4 w-4&quot;[39m
    [33mfill[39m=[32m&quot;none&quot;[39m
    [33mheight[39m=[32m&quot;24&quot;[39m
    [33mstroke[39m=[32m&quot;currentColor&quot;[39m
    [33mstroke-linecap[39m=[32m&quot;round&quot;[39m
    [33mstroke-linejoin[39m=[32m&quot;round&quot;[39m
    [33mstroke-width[39m=[32m&quot;2&quot;[39m
    [33mviewBox[39m=[32m&quot;0 0 24 24&quot;[39m
    [33mwidth[39m=[32m&quot;24&quot;[39m
    [33mxmlns[39m=[32m&quot;http://www.w3.org/2000/svg&quot;[39m
  [36m&gt;[39m
    [36m&lt;path[39m
      [33md[39m=[32m&quot;M4 14a1 1 0 0 1-.78-1.63l9.9-10.2a.5.5 0 0 1 .86.46l-1.92 6.02A1 1 0 0 0 13 10h7a1 1 0 0 1 .78 1.63l-9.9 10.2a.5.5 0 0 1-.86-.46l1.92-6.02A1 1 0 0 0 11 14z&quot;[39m
    [36m/&gt;[39m
  [36m&lt;/svg&gt;[39m
[36m&lt;/button&gt;[39m

(If this is intentional, then use the `*AllBy*` variant of the query (like `queryAllByText`, `getAllByText`, or `findAllByText`)).

Ignored nodes: comments, script, style
[36m&lt;body&gt;[39m
  [36m&lt;div&gt;[39m
    [36m&lt;div[39m
      [33mclass[39m=[32m&quot;fixed inset-0 z-50 flex items-center justify-center bg-background/80 backdrop-blur-sm&quot;[39m
    [36m&gt;[39m
      [36m&lt;div[39m
        [33maria-label[39m=[32m&quot;Onboarding&quot;[39m
        [33mclass[39m=[32m&quot;bg-background border rounded-lg shadow-lg p-6 max-w-2xl w-full&quot;[39m
        [33mdata-testid[39m=[32m&quot;onboarding-modal&quot;[39m
        [33mrole[39m=[32m&quot;dialog&quot;[39m
      [36m&gt;[39m
        [36m&lt;div[39m
          [33mclass[39m=[32m&quot;flex items-center justify-between mb-6&quot;[39m
        [36m&gt;[39m
          [36m&lt;div[39m
            [33mclass[39m=[32m&quot;flex-1&quot;[39m
          [36m&gt;[39m
            [36m&lt;div[39m
              [33maria-valuemax[39m=[32m&quot;5&quot;[39m
              [33maria-valuemin[39m=[32m&quot;1&quot;[39m
              [33maria-valuenow[39m=[32m&quot;5&quot;[39m
              [33mclass[39m=[32m&quot;relative w-full overflow-hidden rounded-full bg-secondary h-2&quot;[39m
              [33mdata-max[39m=[32m&quot;100&quot;[39m
              [33mdata-state[39m=[32m&quot;indeterminate&quot;[39m
              [33mrole[39m=[32m&quot;progressbar&quot;[39m
            [36m&gt;[39m
              [36m&lt;div[39m
                [33mclass[39m=[32m&quot;h-full w-full flex-1 bg-primary transition-all&quot;[39m
                [33mdata-max[39m=[32m&quot;100&quot;[39m
                [33mdata-state[39m=[32m&quot;indeterminate&quot;[39m
                [33mstyle[39m=[32m&quot;transform: translateX(-0%)&quot;[39m
              [36m/&gt;[39m
            [36m&lt;/div&gt;[39m
            [36m&lt;p[39m
              [33mclass[39m=[32m&quot;text-xs text-muted-foreground mt-2&quot;[39m
            [36m&gt;[39m
              [0mStep [0m
              [0m5[0m
              [0m of [0m
              [0m5[0m
            [36m&lt;/p&gt;[39m
          [36m&lt;/div&gt;[39m
          [36m&lt;button[39m
            [33mclass[39m=[32m&quot;inline-flex items-center justify-center gap-2 whitespace-nowrap text-sm font-medium ring-offset-background transition-colors focus-visible:outline-none focus-visible:ring-2 focus-visible:ring-ring focus-visible:ring-offset-2 disabled:pointer-events-none disabled:opacity-50 [&amp;_svg]:pointer-events-none [&amp;_svg]:size-4 [&amp;_svg]:shrink-0 [&amp;_svg]:text-current hover:bg-accent hover:text-accent-foreground h-9 rounded-md px-3 ml-4&quot;[39m
          [36m&gt;[39m
            [36m&lt;svg[39m
              [33maria-hidden[39m=[32m&quot;true&quot;[39m
              [33mclass[39m=[32m&quot;lucide lucide-x h-4 w-4 mr-1&quot;[39m
              [33mfill[39m=[32m&quot;none&quot;[39m
              [33mheight[39m=[32m&quot;24&quot;[39m
              [33mstroke[39m=[32m&quot;currentColor&quot;[39m
              [33mstroke-linecap[39m=[32m&quot;round&quot;[39m
              [33mstroke-linejoin[39m=[32m&quot;round&quot;[39m
              [33mstroke-width[39m=[32m&quot;2&quot;[39m
              [33mviewBox[39m=[32m&quot;0 0 24 24&quot;[39m
              [33mwidth[39m=[32m&quot;24&quot;[39m
              [33mxmlns[39m=[32m&quot;http://www.w3.org/2000/svg&quot;[39m
            [36m&gt;[39m
              [36m&lt;path[39m
                [33md[39m=[32m&quot;M18 6 6 18&quot;[39m
              [36m/&gt;[39m
              [36m&lt;path[39m
                [33md[39m=[32m&quot;m6 6 12 12&quot;[39m
              [36m/&gt;[39m
            [36m&lt;/svg&gt;[39m
            [0mSkip Tour[0m
          [36m&lt;/button&gt;[39m
        [36m&lt;/div&gt;[39m
        [36m&lt;div[39m
          [33mclass[39m=[32m&quot;min-h-[400px] flex items-center justify-center&quot;[39m
        [36m&gt;[39m
          [36m&lt;div[39m
            [33mclass[39m=[32m&quot;text-center space-y-6&quot;[39m
          [36m&gt;[39m
            [36m&lt;div[39m
              [33mclass[39m=[32m&quot;mx-auto w-20 h-20 bg-green-100 dark:bg-green-900 rounded-full flex items-center justify-center&quot;[39m
            [36m&gt;[39m
              [36m&lt;svg[39m
                [33maria-hidden[39m=[32m&quot;true&quot;[39m
                [33mclass[39m=[32m&quot;lucide lucide-circle-check-big h-10 w-10 text-green-500&quot;[39m
                [33mfill[39m=[32m&quot;none&quot;[39m
                [33mheight[39m=[32m&quot;24&quot;[39m
                [33mstroke[39m=[32m&quot;currentColor&quot;[39m
                [33mstroke-linecap[39m=[32m&quot;round&quot;[39m
                [33mstroke-linejoin[39m=[32m&quot;round&quot;[39m
                [33mstroke-width[39m=[32m&quot;2&quot;[39m
                [33mviewBox[39m=[32m&quot;0 0 24 24&quot;[39m
                [33mwidth[39m=[32m&quot;24&quot;[39m
                [33mxmlns[39m=[32m&quot;http://www.w3.org/2000/svg&quot;[39m
              [36m&gt;[39m
                [36m&lt;path[39m
                  [33md[39m=[32m&quot;M21.801 10A10 10 0 1 1 17 3.335&quot;[39m
                [36m/&gt;[39m
                [36m&lt;path[39m
                  [33md[39m=[32m&quot;m9 11 3 3L22 4&quot;[39m
                [36m/&gt;[39m
              [36m&lt;/svg&gt;[39m
            [36m&lt;/div&gt;[39m
            [36m&lt;div&gt;[39m
              [36m&lt;h2[39m
                [33mclass[39m=[32m&quot;text-2xl font-bold mb-2&quot;[39m
              [36m&gt;[39m
                [0mYou&apos;re All Set![0m
              [36m&lt;/h2&gt;[39m
              [36m&lt;p[39m
                [33mclass[39m=[32m&quot;text-muted-foreground&quot;[39m
              [36m&gt;[39m
                [0mYou&apos;re ready to start optimizing your Webflow pages[0m
              [36m&lt;/p&gt;[39m
            [36m&lt;/div&gt;[39m
            [36m&lt;div[39m
              [33mclass[39m=[32m&quot;space-y-3&quot;[39m
            [36m&gt;[39m
              [36m&lt;button[39m
                [33mclass[39m=[32m&quot;inline-flex items-center justify-center gap-2 whitespace-nowrap text-sm font-medium ring-offset-background transition-colors focus-visible:outline-none focus-visible:ring-2 focus-visible:ring-ring focus-visible:ring-offset-2 disabled:pointer-events-none disabled:opacity-50 [&amp;_svg]:pointer-events-none [&amp;_svg]:size-4 [&amp;_svg]:shrink-0 [&amp;_svg]:text-current bg-primary text-primary-foreground hover:bg-primary/90 h-11 rounded-md px-8 w-full&quot;[39m
              [36m&gt;[39m
                [0mStart Optimizing[0m
                [36m&lt;svg[39m
                  [33maria-hidden[39m=[32m&quot;true&quot;[39m
                  [33mclass[39m=[32m&quot;lucide lucide-zap ml-2 h-4 w-4&quot;[39m
                  [33mfill[39m=[32m&quot;none&quot;[39m
                  [33mheight[39m=[32m&quot;24&quot;[39m
                  [33mstroke[39m=[32m&quot;currentColor&quot;[39m
                  [33mstroke-linecap[39m=[32m&quot;round&quot;[39m
                  [33mstroke-linejoin[39m=[32m&quot;round&quot;[39m
                  [33mstroke-width[39m=[32m&quot;2&quot;[39m
                  [33mviewBox[39m=[32m&quot;0 0 24 24&quot;[39m
                  [33mwidth[39m=[32m&quot;24&quot;[39m
                  [33mxmlns[39m=[32m&quot;http://www.w3.org/2000/svg&quot;[39m
                [36m&gt;[39m
                  [36m&lt;path[39m
                    [33md[39m=[32m&quot;M4 14a1 1 0 0 1-.78-1.63l9.9-10.2a.5.5 0 0 1 .86.46l-1.92 6.02A1 1 0 0 0 13 10h7a1 1 0 0 1 .78 1.63l-9.9 10.2a.5.5 0 0 1-.86-.46l1.92-6.02A1 1 0 0 0 11 14z&quot;[39m
                  [36m/&gt;[39m
                [36m&lt;/svg&gt;[39m
              [36m&lt;/button&gt;[39m
              [36m&lt;a[39m
                [33mclass[39m=[32m&quot;inline-flex items-center justify-center gap-2 whitespace-nowrap text-sm font-medium ring-offset-background transition-colors focus-visible:outline-none focus-visible:ring-2 focus-visible:ring-ring focus-visible:ring-offset-2 disabled:pointer-events-none disabled:opacity-50 [&amp;_svg]:pointer-events-none [&amp;_svg]:size-4 [&amp;_svg]:shrink-0 [&amp;_svg]:text-current hover:bg-accent hover:text-accent-foreground h-9 rounded-md px-3 flex items-center gap-2&quot;[39m
                [33mhref[39m=[32m&quot;https://docs.example.com&quot;[39m
                [33mrel[39m=[32m&quot;noopener noreferrer&quot;[39m
                [33mtarget[39m=[32m&quot;_blank&quot;[39m
              [36m&gt;[39m
                [36m&lt;svg[39m
                  [33maria-hidden[39m=[32m&quot;true&quot;[39m
                  [33mclass[39m=[32m&quot;lucide lucide-book-open h-4 w-4&quot;[39m
                  [33mfill[39m=[32m&quot;none&quot;[39m
                  [33mheight[39m=[32m&quot;24&quot;[39m
                  [33mstroke[39m=[32m&quot;currentColor&quot;[39m
                  [33mstroke-linecap[39m=[32m&quot;round&quot;[39m
                  [33mstroke-linejoin[39m=[32m&quot;round&quot;[39m
                  [33mstroke-width[39m=[32m&quot;2&quot;[39m
                  [33mviewBox[39m=[32m&quot;0 0 24 24&quot;[39m
                  [33mwidth[39m=[32m&quot;24&quot;[39m
                  [33mxmlns[39m=[32m&quot;http://www.w3.org/2000/svg&quot;[39m
                [36m&gt;[39m
                  [36m&lt;path[39m
                    [33md[39m=[32m&quot;M12 7v14&quot;[39m
                  [36m/&gt;[39m
                  [36m&lt;path[39m
                    [33md[39m=[32m&quot;M3 18a1 1 0 0 1-1-1V4a1 1 0 0 1 1-1h5a4 4 0 0 1 4 4 4 4 0 0 1 4-4h5a1 1 0 0 1 1 1v13a1 1 0 0 1-1 1h-6a3 3 0 0 0-3 3 3 3 0 0 0-3-3z&quot;[39m
                  [36m/&gt;[39m
                [36m&lt;/svg&gt;[39m
                [0mView Documentation[0m
              [36m&lt;/a&gt;[39m
            [36m&lt;/div&gt;[39m
          [36m&lt;/div&gt;[39m
        [36m&lt;/div&gt;[39m
      [36m&lt;/div&gt;[39m
    [36m&lt;/div&gt;[39m
  [36m&lt;/div&gt;[39m
[36m&lt;/body&gt;[39m" type="TestingLibraryElementError">
TestingLibraryElementError: Found multiple elements with the text: /start optimizing/i

Here are the matching elements:

Ignored nodes: comments, script, style
&lt;p
  class=&quot;text-muted-foreground&quot;
&gt;
  You&apos;re ready to start optimizing your Webflow pages
&lt;/p&gt;

Ignored nodes: comments, script, style
&lt;button
  class=&quot;inline-flex items-center justify-center gap-2 whitespace-nowrap text-sm font-medium ring-offset-background transition-colors focus-visible:outline-none focus-visible:ring-2 focus-visible:ring-ring focus-visible:ring-offset-2 disabled:pointer-events-none disabled:opacity-50 [&amp;_svg]:pointer-events-none [&amp;_svg]:size-4 [&amp;_svg]:shrink-0 [&amp;_svg]:text-current bg-primary text-primary-foreground hover:bg-primary/90 h-11 rounded-md px-8 w-full&quot;
&gt;
  Start Optimizing
  &lt;svg
    aria-hidden=&quot;true&quot;
    class=&quot;lucide lucide-zap ml-2 h-4 w-4&quot;
    fill=&quot;none&quot;
    height=&quot;24&quot;
    stroke=&quot;currentColor&quot;
    stroke-linecap=&quot;round&quot;
    stroke-linejoin=&quot;round&quot;
    stroke-width=&quot;2&quot;
    viewBox=&quot;0 0 24 24&quot;
    width=&quot;24&quot;
    xmlns=&quot;http://www.w3.org/2000/svg&quot;
  &gt;
    &lt;path
      d=&quot;M4 14a1 1 0 0 1-.78-1.63l9.9-10.2a.5.5 0 0 1 .86.46l-1.92 6.02A1 1 0 0 0 13 10h7a1 1 0 0 1 .78 1.63l-9.9 10.2a.5.5 0 0 1-.86-.46l1.92-6.02A1 1 0 0 0 11 14z&quot;
    /&gt;
  &lt;/svg&gt;
&lt;/button&gt;

(If this is intentional, then use the `*AllBy*` variant of the query (like `queryAllByText`, `getAllByText`, or `findAllByText`)).

Ignored nodes: comments, script, style
&lt;body&gt;
  &lt;div&gt;
    &lt;div
      class=&quot;fixed inset-0 z-50 flex items-center justify-center bg-background/80 backdrop-blur-sm&quot;
    &gt;
      &lt;div
        aria-label=&quot;Onboarding&quot;
        class=&quot;bg-background border rounded-lg shadow-lg p-6 max-w-2xl w-full&quot;
        data-testid=&quot;onboarding-modal&quot;
        role=&quot;dialog&quot;
      &gt;
        &lt;div
          class=&quot;flex items-center justify-between mb-6&quot;
        &gt;
          &lt;div
            class=&quot;flex-1&quot;
          &gt;
            &lt;div
              aria-valuemax=&quot;5&quot;
              aria-valuemin=&quot;1&quot;
              aria-valuenow=&quot;5&quot;
              class=&quot;relative w-full overflow-hidden rounded-full bg-secondary h-2&quot;
              data-max=&quot;100&quot;
              data-state=&quot;indeterminate&quot;
              role=&quot;progressbar&quot;
            &gt;
              &lt;div
                class=&quot;h-full w-full flex-1 bg-primary transition-all&quot;
                data-max=&quot;100&quot;
                data-state=&quot;indeterminate&quot;
                style=&quot;transform: translateX(-0%)&quot;
              /&gt;
            &lt;/div&gt;
            &lt;p
              class=&quot;text-xs text-muted-foreground mt-2&quot;
            &gt;
              Step 
              5
               of 
              5
            &lt;/p&gt;
          &lt;/div&gt;
          &lt;button
            class=&quot;inline-flex items-center justify-center gap-2 whitespace-nowrap text-sm font-medium ring-offset-background transition-colors focus-visible:outline-none focus-visible:ring-2 focus-visible:ring-ring focus-visible:ring-offset-2 disabled:pointer-events-none disabled:opacity-50 [&amp;_svg]:pointer-events-none [&amp;_svg]:size-4 [&amp;_svg]:shrink-0 [&amp;_svg]:text-current hover:bg-accent hover:text-accent-foreground h-9 rounded-md px-3 ml-4&quot;
          &gt;
            &lt;svg
              aria-hidden=&quot;true&quot;
              class=&quot;lucide lucide-x h-4 w-4 mr-1&quot;
              fill=&quot;none&quot;
              height=&quot;24&quot;
              stroke=&quot;currentColor&quot;
              stroke-linecap=&quot;round&quot;
              stroke-linejoin=&quot;round&quot;
              stroke-width=&quot;2&quot;
              viewBox=&quot;0 0 24 24&quot;
              width=&quot;24&quot;
              xmlns=&quot;http://www.w3.org/2000/svg&quot;
            &gt;
              &lt;path
                d=&quot;M18 6 6 18&quot;
              /&gt;
              &lt;path
                d=&quot;m6 6 12 12&quot;
              /&gt;
            &lt;/svg&gt;
            Skip Tour
          &lt;/button&gt;
        &lt;/div&gt;
        &lt;div
          class=&quot;min-h-[400px] flex items-center justify-center&quot;
        &gt;
          &lt;div
            class=&quot;text-center space-y-6&quot;
          &gt;
            &lt;div
              class=&quot;mx-auto w-20 h-20 bg-green-100 dark:bg-green-900 rounded-full flex items-center justify-center&quot;
            &gt;
              &lt;svg
                aria-hidden=&quot;true&quot;
                class=&quot;lucide lucide-circle-check-big h-10 w-10 text-green-500&quot;
                fill=&quot;none&quot;
                height=&quot;24&quot;
                stroke=&quot;currentColor&quot;
                stroke-linecap=&quot;round&quot;
                stroke-linejoin=&quot;round&quot;
                stroke-width=&quot;2&quot;
                viewBox=&quot;0 0 24 24&quot;
                width=&quot;24&quot;
                xmlns=&quot;http://www.w3.org/2000/svg&quot;
              &gt;
                &lt;path
                  d=&quot;M21.801 10A10 10 0 1 1 17 3.335&quot;
                /&gt;
                &lt;path
                  d=&quot;m9 11 3 3L22 4&quot;
                /&gt;
              &lt;/svg&gt;
            &lt;/div&gt;
            &lt;div&gt;
              &lt;h2
                class=&quot;text-2xl font-bold mb-2&quot;
              &gt;
                You&apos;re All Set!
              &lt;/h2&gt;
              &lt;p
                class=&quot;text-muted-foreground&quot;
              &gt;
                You&apos;re ready to start optimizing your Webflow pages
              &lt;/p&gt;
            &lt;/div&gt;
            &lt;div
              class=&quot;space-y-3&quot;
            &gt;
              &lt;button
                class=&quot;inline-flex items-center justify-center gap-2 whitespace-nowrap text-sm font-medium ring-offset-background transition-colors focus-visible:outline-none focus-visible:ring-2 focus-visible:ring-ring focus-visible:ring-offset-2 disabled:pointer-events-none disabled:opacity-50 [&amp;_svg]:pointer-events-none [&amp;_svg]:size-4 [&amp;_svg]:shrink-0 [&amp;_svg]:text-current bg-primary text-primary-foreground hover:bg-primary/90 h-11 rounded-md px-8 w-full&quot;
              &gt;
                Start Optimizing
                &lt;svg
                  aria-hidden=&quot;true&quot;
                  class=&quot;lucide lucide-zap ml-2 h-4 w-4&quot;
                  fill=&quot;none&quot;
                  height=&quot;24&quot;
                  stroke=&quot;currentColor&quot;
                  stroke-linecap=&quot;round&quot;
                  stroke-linejoin=&quot;round&quot;
                  stroke-width=&quot;2&quot;
                  viewBox=&quot;0 0 24 24&quot;
                  width=&quot;24&quot;
                  xmlns=&quot;http://www.w3.org/2000/svg&quot;
                &gt;
                  &lt;path
                    d=&quot;M4 14a1 1 0 0 1-.78-1.63l9.9-10.2a.5.5 0 0 1 .86.46l-1.92 6.02A1 1 0 0 0 13 10h7a1 1 0 0 1 .78 1.63l-9.9 10.2a.5.5 0 0 1-.86-.46l1.92-6.02A1 1 0 0 0 11 14z&quot;
                  /&gt;
                &lt;/svg&gt;
              &lt;/button&gt;
              &lt;a
                class=&quot;inline-flex items-center justify-center gap-2 whitespace-nowrap text-sm font-medium ring-offset-background transition-colors focus-visible:outline-none focus-visible:ring-2 focus-visible:ring-ring focus-visible:ring-offset-2 disabled:pointer-events-none disabled:opacity-50 [&amp;_svg]:pointer-events-none [&amp;_svg]:size-4 [&amp;_svg]:shrink-0 [&amp;_svg]:text-current hover:bg-accent hover:text-accent-foreground h-9 rounded-md px-3 flex items-center gap-2&quot;
                href=&quot;https://docs.example.com&quot;
                rel=&quot;noopener noreferrer&quot;
                target=&quot;_blank&quot;
              &gt;
                &lt;svg
                  aria-hidden=&quot;true&quot;
                  class=&quot;lucide lucide-book-open h-4 w-4&quot;
                  fill=&quot;none&quot;
                  height=&quot;24&quot;
                  stroke=&quot;currentColor&quot;
                  stroke-linecap=&quot;round&quot;
                  stroke-linejoin=&quot;round&quot;
                  stroke-width=&quot;2&quot;
                  viewBox=&quot;0 0 24 24&quot;
                  width=&quot;24&quot;
                  xmlns=&quot;http://www.w3.org/2000/svg&quot;
                &gt;
                  &lt;path
                    d=&quot;M12 7v14&quot;
                  /&gt;
                  &lt;path
                    d=&quot;M3 18a1 1 0 0 1-1-1V4a1 1 0 0 1 1-1h5a4 4 0 0 1 4 4 4 4 0 0 1 4-4h5a1 1 0 0 1 1 1v13a1 1 0 0 1-1 1h-6a3 3 0 0 0-3 3 3 3 0 0 0-3-3z&quot;
                  /&gt;
                &lt;/svg&gt;
                View Documentation
              &lt;/a&gt;
            &lt;/div&gt;
          &lt;/div&gt;
        &lt;/div&gt;
      &lt;/div&gt;
    &lt;/div&gt;
  &lt;/div&gt;
&lt;/body&gt;
 ❯ Object.getElementError node_modules/.pnpm/@testing-library+dom@10.4.1/node_modules/@testing-library/dom/dist/config.js:37:19
 ❯ getElementError node_modules/.pnpm/@testing-library+dom@10.4.1/node_modules/@testing-library/dom/dist/query-helpers.js:20:35
 ❯ getMultipleElementsFoundError node_modules/.pnpm/@testing-library+dom@10.4.1/node_modules/@testing-library/dom/dist/query-helpers.js:23:10
 ❯ node_modules/.pnpm/@testing-library+dom@10.4.1/node_modules/@testing-library/dom/dist/query-helpers.js:55:13
 ❯ getByText node_modules/.pnpm/@testing-library+dom@10.4.1/node_modules/@testing-library/dom/dist/query-helpers.js:95:19
 ❯ client/src/components/Onboarding.test.tsx:334:21
            </failure>
        </testcase>
        <testcase classname="client/src/components/Onboarding.test.tsx" name="Onboarding &gt; Completion &gt; should complete onboarding when finished" time="0.0148583">
            <failure message="Found multiple elements with the text: /start optimizing/i

Here are the matching elements:

Ignored nodes: comments, script, style
[36m&lt;p[39m
  [33mclass[39m=[32m&quot;text-muted-foreground&quot;[39m
[36m&gt;[39m
  [0mYou&apos;re ready to start optimizing your Webflow pages[0m
[36m&lt;/p&gt;[39m

Ignored nodes: comments, script, style
[36m&lt;button[39m
  [33mclass[39m=[32m&quot;inline-flex items-center justify-center gap-2 whitespace-nowrap text-sm font-medium ring-offset-background transition-colors focus-visible:outline-none focus-visible:ring-2 focus-visible:ring-ring focus-visible:ring-offset-2 disabled:pointer-events-none disabled:opacity-50 [&amp;_svg]:pointer-events-none [&amp;_svg]:size-4 [&amp;_svg]:shrink-0 [&amp;_svg]:text-current bg-primary text-primary-foreground hover:bg-primary/90 h-11 rounded-md px-8 w-full&quot;[39m
[36m&gt;[39m
  [0mStart Optimizing[0m
  [36m&lt;svg[39m
    [33maria-hidden[39m=[32m&quot;true&quot;[39m
    [33mclass[39m=[32m&quot;lucide lucide-zap ml-2 h-4 w-4&quot;[39m
    [33mfill[39m=[32m&quot;none&quot;[39m
    [33mheight[39m=[32m&quot;24&quot;[39m
    [33mstroke[39m=[32m&quot;currentColor&quot;[39m
    [33mstroke-linecap[39m=[32m&quot;round&quot;[39m
    [33mstroke-linejoin[39m=[32m&quot;round&quot;[39m
    [33mstroke-width[39m=[32m&quot;2&quot;[39m
    [33mviewBox[39m=[32m&quot;0 0 24 24&quot;[39m
    [33mwidth[39m=[32m&quot;24&quot;[39m
    [33mxmlns[39m=[32m&quot;http://www.w3.org/2000/svg&quot;[39m
  [36m&gt;[39m
    [36m&lt;path[39m
      [33md[39m=[32m&quot;M4 14a1 1 0 0 1-.78-1.63l9.9-10.2a.5.5 0 0 1 .86.46l-1.92 6.02A1 1 0 0 0 13 10h7a1 1 0 0 1 .78 1.63l-9.9 10.2a.5.5 0 0 1-.86-.46l1.92-6.02A1 1 0 0 0 11 14z&quot;[39m
    [36m/&gt;[39m
  [36m&lt;/svg&gt;[39m
[36m&lt;/button&gt;[39m

(If this is intentional, then use the `*AllBy*` variant of the query (like `queryAllByText`, `getAllByText`, or `findAllByText`)).

Ignored nodes: comments, script, style
[36m&lt;body&gt;[39m
  [36m&lt;div&gt;[39m
    [36m&lt;div[39m
      [33mclass[39m=[32m&quot;fixed inset-0 z-50 flex items-center justify-center bg-background/80 backdrop-blur-sm&quot;[39m
    [36m&gt;[39m
      [36m&lt;div[39m
        [33maria-label[39m=[32m&quot;Onboarding&quot;[39m
        [33mclass[39m=[32m&quot;bg-background border rounded-lg shadow-lg p-6 max-w-2xl w-full&quot;[39m
        [33mdata-testid[39m=[32m&quot;onboarding-modal&quot;[39m
        [33mrole[39m=[32m&quot;dialog&quot;[39m
      [36m&gt;[39m
        [36m&lt;div[39m
          [33mclass[39m=[32m&quot;flex items-center justify-between mb-6&quot;[39m
        [36m&gt;[39m
          [36m&lt;div[39m
            [33mclass[39m=[32m&quot;flex-1&quot;[39m
          [36m&gt;[39m
            [36m&lt;div[39m
              [33maria-valuemax[39m=[32m&quot;5&quot;[39m
              [33maria-valuemin[39m=[32m&quot;1&quot;[39m
              [33maria-valuenow[39m=[32m&quot;5&quot;[39m
              [33mclass[39m=[32m&quot;relative w-full overflow-hidden rounded-full bg-secondary h-2&quot;[39m
              [33mdata-max[39m=[32m&quot;100&quot;[39m
              [33mdata-state[39m=[32m&quot;indeterminate&quot;[39m
              [33mrole[39m=[32m&quot;progressbar&quot;[39m
            [36m&gt;[39m
              [36m&lt;div[39m
                [33mclass[39m=[32m&quot;h-full w-full flex-1 bg-primary transition-all&quot;[39m
                [33mdata-max[39m=[32m&quot;100&quot;[39m
                [33mdata-state[39m=[32m&quot;indeterminate&quot;[39m
                [33mstyle[39m=[32m&quot;transform: translateX(-0%)&quot;[39m
              [36m/&gt;[39m
            [36m&lt;/div&gt;[39m
            [36m&lt;p[39m
              [33mclass[39m=[32m&quot;text-xs text-muted-foreground mt-2&quot;[39m
            [36m&gt;[39m
              [0mStep [0m
              [0m5[0m
              [0m of [0m
              [0m5[0m
            [36m&lt;/p&gt;[39m
          [36m&lt;/div&gt;[39m
          [36m&lt;button[39m
            [33mclass[39m=[32m&quot;inline-flex items-center justify-center gap-2 whitespace-nowrap text-sm font-medium ring-offset-background transition-colors focus-visible:outline-none focus-visible:ring-2 focus-visible:ring-ring focus-visible:ring-offset-2 disabled:pointer-events-none disabled:opacity-50 [&amp;_svg]:pointer-events-none [&amp;_svg]:size-4 [&amp;_svg]:shrink-0 [&amp;_svg]:text-current hover:bg-accent hover:text-accent-foreground h-9 rounded-md px-3 ml-4&quot;[39m
          [36m&gt;[39m
            [36m&lt;svg[39m
              [33maria-hidden[39m=[32m&quot;true&quot;[39m
              [33mclass[39m=[32m&quot;lucide lucide-x h-4 w-4 mr-1&quot;[39m
              [33mfill[39m=[32m&quot;none&quot;[39m
              [33mheight[39m=[32m&quot;24&quot;[39m
              [33mstroke[39m=[32m&quot;currentColor&quot;[39m
              [33mstroke-linecap[39m=[32m&quot;round&quot;[39m
              [33mstroke-linejoin[39m=[32m&quot;round&quot;[39m
              [33mstroke-width[39m=[32m&quot;2&quot;[39m
              [33mviewBox[39m=[32m&quot;0 0 24 24&quot;[39m
              [33mwidth[39m=[32m&quot;24&quot;[39m
              [33mxmlns[39m=[32m&quot;http://www.w3.org/2000/svg&quot;[39m
            [36m&gt;[39m
              [36m&lt;path[39m
                [33md[39m=[32m&quot;M18 6 6 18&quot;[39m
              [36m/&gt;[39m
              [36m&lt;path[39m
                [33md[39m=[32m&quot;m6 6 12 12&quot;[39m
              [36m/&gt;[39m
            [36m&lt;/svg&gt;[39m
            [0mSkip Tour[0m
          [36m&lt;/button&gt;[39m
        [36m&lt;/div&gt;[39m
        [36m&lt;div[39m
          [33mclass[39m=[32m&quot;min-h-[400px] flex items-center justify-center&quot;[39m
        [36m&gt;[39m
          [36m&lt;div[39m
            [33mclass[39m=[32m&quot;text-center space-y-6&quot;[39m
          [36m&gt;[39m
            [36m&lt;div[39m
              [33mclass[39m=[32m&quot;mx-auto w-20 h-20 bg-green-100 dark:bg-green-900 rounded-full flex items-center justify-center&quot;[39m
            [36m&gt;[39m
              [36m&lt;svg[39m
                [33maria-hidden[39m=[32m&quot;true&quot;[39m
                [33mclass[39m=[32m&quot;lucide lucide-circle-check-big h-10 w-10 text-green-500&quot;[39m
                [33mfill[39m=[32m&quot;none&quot;[39m
                [33mheight[39m=[32m&quot;24&quot;[39m
                [33mstroke[39m=[32m&quot;currentColor&quot;[39m
                [33mstroke-linecap[39m=[32m&quot;round&quot;[39m
                [33mstroke-linejoin[39m=[32m&quot;round&quot;[39m
                [33mstroke-width[39m=[32m&quot;2&quot;[39m
                [33mviewBox[39m=[32m&quot;0 0 24 24&quot;[39m
                [33mwidth[39m=[32m&quot;24&quot;[39m
                [33mxmlns[39m=[32m&quot;http://www.w3.org/2000/svg&quot;[39m
              [36m&gt;[39m
                [36m&lt;path[39m
                  [33md[39m=[32m&quot;M21.801 10A10 10 0 1 1 17 3.335&quot;[39m
                [36m/&gt;[39m
                [36m&lt;path[39m
                  [33md[39m=[32m&quot;m9 11 3 3L22 4&quot;[39m
                [36m/&gt;[39m
              [36m&lt;/svg&gt;[39m
            [36m&lt;/div&gt;[39m
            [36m&lt;div&gt;[39m
              [36m&lt;h2[39m
                [33mclass[39m=[32m&quot;text-2xl font-bold mb-2&quot;[39m
              [36m&gt;[39m
                [0mYou&apos;re All Set![0m
              [36m&lt;/h2&gt;[39m
              [36m&lt;p[39m
                [33mclass[39m=[32m&quot;text-muted-foreground&quot;[39m
              [36m&gt;[39m
                [0mYou&apos;re ready to start optimizing your Webflow pages[0m
              [36m&lt;/p&gt;[39m
            [36m&lt;/div&gt;[39m
            [36m&lt;div[39m
              [33mclass[39m=[32m&quot;space-y-3&quot;[39m
            [36m&gt;[39m
              [36m&lt;button[39m
                [33mclass[39m=[32m&quot;inline-flex items-center justify-center gap-2 whitespace-nowrap text-sm font-medium ring-offset-background transition-colors focus-visible:outline-none focus-visible:ring-2 focus-visible:ring-ring focus-visible:ring-offset-2 disabled:pointer-events-none disabled:opacity-50 [&amp;_svg]:pointer-events-none [&amp;_svg]:size-4 [&amp;_svg]:shrink-0 [&amp;_svg]:text-current bg-primary text-primary-foreground hover:bg-primary/90 h-11 rounded-md px-8 w-full&quot;[39m
              [36m&gt;[39m
                [0mStart Optimizing[0m
                [36m&lt;svg[39m
                  [33maria-hidden[39m=[32m&quot;true&quot;[39m
                  [33mclass[39m=[32m&quot;lucide lucide-zap ml-2 h-4 w-4&quot;[39m
                  [33mfill[39m=[32m&quot;none&quot;[39m
                  [33mheight[39m=[32m&quot;24&quot;[39m
                  [33mstroke[39m=[32m&quot;currentColor&quot;[39m
                  [33mstroke-linecap[39m=[32m&quot;round&quot;[39m
                  [33mstroke-linejoin[39m=[32m&quot;round&quot;[39m
                  [33mstroke-width[39m=[32m&quot;2&quot;[39m
                  [33mviewBox[39m=[32m&quot;0 0 24 24&quot;[39m
                  [33mwidth[39m=[32m&quot;24&quot;[39m
                  [33mxmlns[39m=[32m&quot;http://www.w3.org/2000/svg&quot;[39m
                [36m&gt;[39m
                  [36m&lt;path[39m
                    [33md[39m=[32m&quot;M4 14a1 1 0 0 1-.78-1.63l9.9-10.2a.5.5 0 0 1 .86.46l-1.92 6.02A1 1 0 0 0 13 10h7a1 1 0 0 1 .78 1.63l-9.9 10.2a.5.5 0 0 1-.86-.46l1.92-6.02A1 1 0 0 0 11 14z&quot;[39m
                  [36m/&gt;[39m
                [36m&lt;/svg&gt;[39m
              [36m&lt;/button&gt;[39m
              [36m&lt;a[39m
                [33mclass[39m=[32m&quot;inline-flex items-center justify-center gap-2 whitespace-nowrap text-sm font-medium ring-offset-background transition-colors focus-visible:outline-none focus-visible:ring-2 focus-visible:ring-ring focus-visible:ring-offset-2 disabled:pointer-events-none disabled:opacity-50 [&amp;_svg]:pointer-events-none [&amp;_svg]:size-4 [&amp;_svg]:shrink-0 [&amp;_svg]:text-current hover:bg-accent hover:text-accent-foreground h-9 rounded-md px-3 flex items-center gap-2&quot;[39m
                [33mhref[39m=[32m&quot;https://docs.example.com&quot;[39m
                [33mrel[39m=[32m&quot;noopener noreferrer&quot;[39m
                [33mtarget[39m=[32m&quot;_blank&quot;[39m
              [36m&gt;[39m
                [36m&lt;svg[39m
                  [33maria-hidden[39m=[32m&quot;true&quot;[39m
                  [33mclass[39m=[32m&quot;lucide lucide-book-open h-4 w-4&quot;[39m
                  [33mfill[39m=[32m&quot;none&quot;[39m
                  [33mheight[39m=[32m&quot;24&quot;[39m
                  [33mstroke[39m=[32m&quot;currentColor&quot;[39m
                  [33mstroke-linecap[39m=[32m&quot;round&quot;[39m
                  [33mstroke-linejoin[39m=[32m&quot;round&quot;[39m
                  [33mstroke-width[39m=[32m&quot;2&quot;[39m
                  [33mviewBox[39m=[32m&quot;0 0 24 24&quot;[39m
                  [33mwidth[39m=[32m&quot;24&quot;[39m
                  [33mxmlns[39m=[32m&quot;http://www.w3.org/2000/svg&quot;[39m
                [36m&gt;[39m
                  [36m&lt;path[39m
                    [33md[39m=[32m&quot;M12 7v14&quot;[39m
                  [36m/&gt;[39m
                  [36m&lt;path[39m
                    [33md[39m=[32m&quot;M3 18a1 1 0 0 1-1-1V4a1 1 0 0 1 1-1h5a4 4 0 0 1 4 4 4 4 0 0 1 4-4h5a1 1 0 0 1 1 1v13a1 1 0 0 1-1 1h-6a3 3 0 0 0-3 3 3 3 0 0 0-3-3z&quot;[39m
                  [36m/&gt;[39m
                [36m&lt;/svg&gt;[39m
                [0mView Documentation[0m
              [36m&lt;/a&gt;[39m
            [36m&lt;/div&gt;[39m
          [36m&lt;/div&gt;[39m
        [36m&lt;/div&gt;[39m
      [36m&lt;/div&gt;[39m
    [36m&lt;/div&gt;[39m
  [36m&lt;/div&gt;[39m
[36m&lt;/body&gt;[39m" type="TestingLibraryElementError">
TestingLibraryElementError: Found multiple elements with the text: /start optimizing/i

Here are the matching elements:

Ignored nodes: comments, script, style
&lt;p
  class=&quot;text-muted-foreground&quot;
&gt;
  You&apos;re ready to start optimizing your Webflow pages
&lt;/p&gt;

Ignored nodes: comments, script, style
&lt;button
  class=&quot;inline-flex items-center justify-center gap-2 whitespace-nowrap text-sm font-medium ring-offset-background transition-colors focus-visible:outline-none focus-visible:ring-2 focus-visible:ring-ring focus-visible:ring-offset-2 disabled:pointer-events-none disabled:opacity-50 [&amp;_svg]:pointer-events-none [&amp;_svg]:size-4 [&amp;_svg]:shrink-0 [&amp;_svg]:text-current bg-primary text-primary-foreground hover:bg-primary/90 h-11 rounded-md px-8 w-full&quot;
&gt;
  Start Optimizing
  &lt;svg
    aria-hidden=&quot;true&quot;
    class=&quot;lucide lucide-zap ml-2 h-4 w-4&quot;
    fill=&quot;none&quot;
    height=&quot;24&quot;
    stroke=&quot;currentColor&quot;
    stroke-linecap=&quot;round&quot;
    stroke-linejoin=&quot;round&quot;
    stroke-width=&quot;2&quot;
    viewBox=&quot;0 0 24 24&quot;
    width=&quot;24&quot;
    xmlns=&quot;http://www.w3.org/2000/svg&quot;
  &gt;
    &lt;path
      d=&quot;M4 14a1 1 0 0 1-.78-1.63l9.9-10.2a.5.5 0 0 1 .86.46l-1.92 6.02A1 1 0 0 0 13 10h7a1 1 0 0 1 .78 1.63l-9.9 10.2a.5.5 0 0 1-.86-.46l1.92-6.02A1 1 0 0 0 11 14z&quot;
    /&gt;
  &lt;/svg&gt;
&lt;/button&gt;

(If this is intentional, then use the `*AllBy*` variant of the query (like `queryAllByText`, `getAllByText`, or `findAllByText`)).

Ignored nodes: comments, script, style
&lt;body&gt;
  &lt;div&gt;
    &lt;div
      class=&quot;fixed inset-0 z-50 flex items-center justify-center bg-background/80 backdrop-blur-sm&quot;
    &gt;
      &lt;div
        aria-label=&quot;Onboarding&quot;
        class=&quot;bg-background border rounded-lg shadow-lg p-6 max-w-2xl w-full&quot;
        data-testid=&quot;onboarding-modal&quot;
        role=&quot;dialog&quot;
      &gt;
        &lt;div
          class=&quot;flex items-center justify-between mb-6&quot;
        &gt;
          &lt;div
            class=&quot;flex-1&quot;
          &gt;
            &lt;div
              aria-valuemax=&quot;5&quot;
              aria-valuemin=&quot;1&quot;
              aria-valuenow=&quot;5&quot;
              class=&quot;relative w-full overflow-hidden rounded-full bg-secondary h-2&quot;
              data-max=&quot;100&quot;
              data-state=&quot;indeterminate&quot;
              role=&quot;progressbar&quot;
            &gt;
              &lt;div
                class=&quot;h-full w-full flex-1 bg-primary transition-all&quot;
                data-max=&quot;100&quot;
                data-state=&quot;indeterminate&quot;
                style=&quot;transform: translateX(-0%)&quot;
              /&gt;
            &lt;/div&gt;
            &lt;p
              class=&quot;text-xs text-muted-foreground mt-2&quot;
            &gt;
              Step 
              5
               of 
              5
            &lt;/p&gt;
          &lt;/div&gt;
          &lt;button
            class=&quot;inline-flex items-center justify-center gap-2 whitespace-nowrap text-sm font-medium ring-offset-background transition-colors focus-visible:outline-none focus-visible:ring-2 focus-visible:ring-ring focus-visible:ring-offset-2 disabled:pointer-events-none disabled:opacity-50 [&amp;_svg]:pointer-events-none [&amp;_svg]:size-4 [&amp;_svg]:shrink-0 [&amp;_svg]:text-current hover:bg-accent hover:text-accent-foreground h-9 rounded-md px-3 ml-4&quot;
          &gt;
            &lt;svg
              aria-hidden=&quot;true&quot;
              class=&quot;lucide lucide-x h-4 w-4 mr-1&quot;
              fill=&quot;none&quot;
              height=&quot;24&quot;
              stroke=&quot;currentColor&quot;
              stroke-linecap=&quot;round&quot;
              stroke-linejoin=&quot;round&quot;
              stroke-width=&quot;2&quot;
              viewBox=&quot;0 0 24 24&quot;
              width=&quot;24&quot;
              xmlns=&quot;http://www.w3.org/2000/svg&quot;
            &gt;
              &lt;path
                d=&quot;M18 6 6 18&quot;
              /&gt;
              &lt;path
                d=&quot;m6 6 12 12&quot;
              /&gt;
            &lt;/svg&gt;
            Skip Tour
          &lt;/button&gt;
        &lt;/div&gt;
        &lt;div
          class=&quot;min-h-[400px] flex items-center justify-center&quot;
        &gt;
          &lt;div
            class=&quot;text-center space-y-6&quot;
          &gt;
            &lt;div
              class=&quot;mx-auto w-20 h-20 bg-green-100 dark:bg-green-900 rounded-full flex items-center justify-center&quot;
            &gt;
              &lt;svg
                aria-hidden=&quot;true&quot;
                class=&quot;lucide lucide-circle-check-big h-10 w-10 text-green-500&quot;
                fill=&quot;none&quot;
                height=&quot;24&quot;
                stroke=&quot;currentColor&quot;
                stroke-linecap=&quot;round&quot;
                stroke-linejoin=&quot;round&quot;
                stroke-width=&quot;2&quot;
                viewBox=&quot;0 0 24 24&quot;
                width=&quot;24&quot;
                xmlns=&quot;http://www.w3.org/2000/svg&quot;
              &gt;
                &lt;path
                  d=&quot;M21.801 10A10 10 0 1 1 17 3.335&quot;
                /&gt;
                &lt;path
                  d=&quot;m9 11 3 3L22 4&quot;
                /&gt;
              &lt;/svg&gt;
            &lt;/div&gt;
            &lt;div&gt;
              &lt;h2
                class=&quot;text-2xl font-bold mb-2&quot;
              &gt;
                You&apos;re All Set!
              &lt;/h2&gt;
              &lt;p
                class=&quot;text-muted-foreground&quot;
              &gt;
                You&apos;re ready to start optimizing your Webflow pages
              &lt;/p&gt;
            &lt;/div&gt;
            &lt;div
              class=&quot;space-y-3&quot;
            &gt;
              &lt;button
                class=&quot;inline-flex items-center justify-center gap-2 whitespace-nowrap text-sm font-medium ring-offset-background transition-colors focus-visible:outline-none focus-visible:ring-2 focus-visible:ring-ring focus-visible:ring-offset-2 disabled:pointer-events-none disabled:opacity-50 [&amp;_svg]:pointer-events-none [&amp;_svg]:size-4 [&amp;_svg]:shrink-0 [&amp;_svg]:text-current bg-primary text-primary-foreground hover:bg-primary/90 h-11 rounded-md px-8 w-full&quot;
              &gt;
                Start Optimizing
                &lt;svg
                  aria-hidden=&quot;true&quot;
                  class=&quot;lucide lucide-zap ml-2 h-4 w-4&quot;
                  fill=&quot;none&quot;
                  height=&quot;24&quot;
                  stroke=&quot;currentColor&quot;
                  stroke-linecap=&quot;round&quot;
                  stroke-linejoin=&quot;round&quot;
                  stroke-width=&quot;2&quot;
                  viewBox=&quot;0 0 24 24&quot;
                  width=&quot;24&quot;
                  xmlns=&quot;http://www.w3.org/2000/svg&quot;
                &gt;
                  &lt;path
                    d=&quot;M4 14a1 1 0 0 1-.78-1.63l9.9-10.2a.5.5 0 0 1 .86.46l-1.92 6.02A1 1 0 0 0 13 10h7a1 1 0 0 1 .78 1.63l-9.9 10.2a.5.5 0 0 1-.86-.46l1.92-6.02A1 1 0 0 0 11 14z&quot;
                  /&gt;
                &lt;/svg&gt;
              &lt;/button&gt;
              &lt;a
                class=&quot;inline-flex items-center justify-center gap-2 whitespace-nowrap text-sm font-medium ring-offset-background transition-colors focus-visible:outline-none focus-visible:ring-2 focus-visible:ring-ring focus-visible:ring-offset-2 disabled:pointer-events-none disabled:opacity-50 [&amp;_svg]:pointer-events-none [&amp;_svg]:size-4 [&amp;_svg]:shrink-0 [&amp;_svg]:text-current hover:bg-accent hover:text-accent-foreground h-9 rounded-md px-3 flex items-center gap-2&quot;
                href=&quot;https://docs.example.com&quot;
                rel=&quot;noopener noreferrer&quot;
                target=&quot;_blank&quot;
              &gt;
                &lt;svg
                  aria-hidden=&quot;true&quot;
                  class=&quot;lucide lucide-book-open h-4 w-4&quot;
                  fill=&quot;none&quot;
                  height=&quot;24&quot;
                  stroke=&quot;currentColor&quot;
                  stroke-linecap=&quot;round&quot;
                  stroke-linejoin=&quot;round&quot;
                  stroke-width=&quot;2&quot;
                  viewBox=&quot;0 0 24 24&quot;
                  width=&quot;24&quot;
                  xmlns=&quot;http://www.w3.org/2000/svg&quot;
                &gt;
                  &lt;path
                    d=&quot;M12 7v14&quot;
                  /&gt;
                  &lt;path
                    d=&quot;M3 18a1 1 0 0 1-1-1V4a1 1 0 0 1 1-1h5a4 4 0 0 1 4 4 4 4 0 0 1 4-4h5a1 1 0 0 1 1 1v13a1 1 0 0 1-1 1h-6a3 3 0 0 0-3 3 3 3 0 0 0-3-3z&quot;
                  /&gt;
                &lt;/svg&gt;
                View Documentation
              &lt;/a&gt;
            &lt;/div&gt;
          &lt;/div&gt;
        &lt;/div&gt;
      &lt;/div&gt;
    &lt;/div&gt;
  &lt;/div&gt;
&lt;/body&gt;
 ❯ Object.getElementError node_modules/.pnpm/@testing-library+dom@10.4.1/node_modules/@testing-library/dom/dist/config.js:37:19
 ❯ getElementError node_modules/.pnpm/@testing-library+dom@10.4.1/node_modules/@testing-library/dom/dist/query-helpers.js:20:35
 ❯ getMultipleElementsFoundError node_modules/.pnpm/@testing-library+dom@10.4.1/node_modules/@testing-library/dom/dist/query-helpers.js:23:10
 ❯ node_modules/.pnpm/@testing-library+dom@10.4.1/node_modules/@testing-library/dom/dist/query-helpers.js:55:13
 ❯ getByText node_modules/.pnpm/@testing-library+dom@10.4.1/node_modules/@testing-library/dom/dist/query-helpers.js:95:19
 ❯ client/src/components/Onboarding.test.tsx:359:35
            </failure>
        </testcase>
        <testcase classname="client/src/components/Onboarding.test.tsx" name="Onboarding &gt; Returning User &gt; should not show onboarding for returning users" time="0.0039685">
        </testcase>
        <testcase classname="client/src/components/Onboarding.test.tsx" name="Onboarding &gt; Returning User &gt; should allow resetting onboarding from settings" time="0.0536912">
        </testcase>
        <testcase classname="client/src/components/Onboarding.test.tsx" name="Onboarding &gt; Responsive Design &gt; should adapt to small screens" time="0.025773">
        </testcase>
        <testcase classname="client/src/components/Onboarding.test.tsx" name="Onboarding &gt; Responsive Design &gt; should show full width on desktop" time="0.0162489">
        </testcase>
        <testcase classname="client/src/components/Onboarding.test.tsx" name="Onboarding &gt; Accessibility &gt; should have proper ARIA labels" time="0.0172506">
            <failure message="getStepInfo is not a function" type="TypeError">
TypeError: getStepInfo is not a function
 ❯ Onboarding client/src/components/Onboarding.tsx:75:27
 ❯ Object.react_stack_bottom_frame node_modules/.pnpm/react-dom@19.1.1_react@19.1.1/node_modules/react-dom/cjs/react-dom-client.development.js:23863:20
 ❯ renderWithHooks node_modules/.pnpm/react-dom@19.1.1_react@19.1.1/node_modules/react-dom/cjs/react-dom-client.development.js:5529:22
 ❯ updateFunctionComponent node_modules/.pnpm/react-dom@19.1.1_react@19.1.1/node_modules/react-dom/cjs/react-dom-client.development.js:8897:19
 ❯ beginWork node_modules/.pnpm/react-dom@19.1.1_react@19.1.1/node_modules/react-dom/cjs/react-dom-client.development.js:10522:18
 ❯ runWithFiberInDEV node_modules/.pnpm/react-dom@19.1.1_react@19.1.1/node_modules/react-dom/cjs/react-dom-client.development.js:1522:13
 ❯ performUnitOfWork node_modules/.pnpm/react-dom@19.1.1_react@19.1.1/node_modules/react-dom/cjs/react-dom-client.development.js:15140:22
 ❯ workLoopSync node_modules/.pnpm/react-dom@19.1.1_react@19.1.1/node_modules/react-dom/cjs/react-dom-client.development.js:14956:41
 ❯ renderRootSync node_modules/.pnpm/react-dom@19.1.1_react@19.1.1/node_modules/react-dom/cjs/react-dom-client.development.js:14936:11
 ❯ performWorkOnRoot node_modules/.pnpm/react-dom@19.1.1_react@19.1.1/node_modules/react-dom/cjs/react-dom-client.development.js:14462:44
            </failure>
        </testcase>
        <testcase classname="client/src/components/Onboarding.test.tsx" name="Onboarding &gt; Accessibility &gt; should be keyboard navigable" time="0.0641433">
        </testcase>
        <testcase classname="client/src/components/Onboarding.test.tsx" name="Onboarding &gt; Accessibility &gt; should trap focus within modal" time="0.0058657">
            <failure message="getStepInfo is not a function" type="TypeError">
TypeError: getStepInfo is not a function
 ❯ Onboarding client/src/components/Onboarding.tsx:75:27
 ❯ Object.react_stack_bottom_frame node_modules/.pnpm/react-dom@19.1.1_react@19.1.1/node_modules/react-dom/cjs/react-dom-client.development.js:23863:20
 ❯ renderWithHooks node_modules/.pnpm/react-dom@19.1.1_react@19.1.1/node_modules/react-dom/cjs/react-dom-client.development.js:5529:22
 ❯ updateFunctionComponent node_modules/.pnpm/react-dom@19.1.1_react@19.1.1/node_modules/react-dom/cjs/react-dom-client.development.js:8897:19
 ❯ beginWork node_modules/.pnpm/react-dom@19.1.1_react@19.1.1/node_modules/react-dom/cjs/react-dom-client.development.js:10522:18
 ❯ runWithFiberInDEV node_modules/.pnpm/react-dom@19.1.1_react@19.1.1/node_modules/react-dom/cjs/react-dom-client.development.js:1522:13
 ❯ performUnitOfWork node_modules/.pnpm/react-dom@19.1.1_react@19.1.1/node_modules/react-dom/cjs/react-dom-client.development.js:15140:22
 ❯ workLoopSync node_modules/.pnpm/react-dom@19.1.1_react@19.1.1/node_modules/react-dom/cjs/react-dom-client.development.js:14956:41
 ❯ renderRootSync node_modules/.pnpm/react-dom@19.1.1_react@19.1.1/node_modules/react-dom/cjs/react-dom-client.development.js:14936:11
 ❯ performWorkOnRoot node_modules/.pnpm/react-dom@19.1.1_react@19.1.1/node_modules/react-dom/cjs/react-dom-client.development.js:14462:44
            </failure>
        </testcase>
    </testsuite>
    <testsuite name="client/src/components/WebflowAppWrapper.test.tsx" timestamp="2025-10-09T00:10:01.917Z" hostname="JohnDee" tests="7" failures="0" errors="0" skipped="0" time="0.083157">
        <testcase classname="client/src/components/WebflowAppWrapper.test.tsx" name="WebflowAppWrapper &gt; renders children correctly" time="0.0372936">
        </testcase>
        <testcase classname="client/src/components/WebflowAppWrapper.test.tsx" name="WebflowAppWrapper &gt; has correct CSS classes applied" time="0.0082158">
        </testcase>
        <testcase classname="client/src/components/WebflowAppWrapper.test.tsx" name="WebflowAppWrapper &gt; sets extension size when webflow API is available" time="0.0113238">
        </testcase>
        <testcase classname="client/src/components/WebflowAppWrapper.test.tsx" name="WebflowAppWrapper &gt; logs warning when webflow API is not available" time="0.0041702">
        </testcase>
        <testcase classname="client/src/components/WebflowAppWrapper.test.tsx" name="WebflowAppWrapper &gt; handles errors when setting extension size" time="0.0056536">
        </testcase>
        <testcase classname="client/src/components/WebflowAppWrapper.test.tsx" name="WebflowAppWrapper &gt; handles webflow object without setExtensionSize method" time="0.0032624">
        </testcase>
        <testcase classname="client/src/components/WebflowAppWrapper.test.tsx" name="WebflowAppWrapper &gt; renders with correct id attribute" time="0.0062999">
        </testcase>
    </testsuite>
    <testsuite name="client/src/contexts/AuthContext.test.tsx" timestamp="2025-10-09T00:10:01.918Z" hostname="JohnDee" tests="6" failures="0" errors="0" skipped="0" time="0.2182414">
        <testcase classname="client/src/contexts/AuthContext.test.tsx" name="AuthContext &gt; Basic functionality &gt; should render without errors when wrapped in providers" time="0.0423576">
            <system-out>
[InsertionContext] No OAuth token available - will use Designer Extension APIs directly
[WebflowInsertion] No Designer context, using Data API for modifications

[AuthContext] No OAuth token found - Designer Extension will use Designer APIs directly

            </system-out>
        </testcase>
        <testcase classname="client/src/contexts/AuthContext.test.tsx" name="AuthContext &gt; Basic functionality &gt; should provide auth functions" time="0.0161004">
            <system-out>
[InsertionContext] No OAuth token available - will use Designer Extension APIs directly
[WebflowInsertion] No Designer context, using Data API for modifications

[AuthContext] No OAuth token found - Designer Extension will use Designer APIs directly

            </system-out>
            <system-err>
An update to AuthProvider inside a test was not wrapped in act(...).

When testing, code that causes React state updates should be wrapped into act(...):

act(() =&gt; {
  /* fire events that update state */
});
/* assert on the output */

This ensures that you&apos;re testing the behavior the user would see in the browser. Learn more at https://react.dev/link/wrap-tests-with-act
An update to AuthProvider inside a test was not wrapped in act(...).

When testing, code that causes React state updates should be wrapped into act(...):

act(() =&gt; {
  /* fire events that update state */
});
/* assert on the output */

This ensures that you&apos;re testing the behavior the user would see in the browser. Learn more at https://react.dev/link/wrap-tests-with-act
An update to AuthProvider inside a test was not wrapped in act(...).

When testing, code that causes React state updates should be wrapped into act(...):

act(() =&gt; {
  /* fire events that update state */
});
/* assert on the output */

This ensures that you&apos;re testing the behavior the user would see in the browser. Learn more at https://react.dev/link/wrap-tests-with-act

            </system-err>
        </testcase>
        <testcase classname="client/src/contexts/AuthContext.test.tsx" name="AuthContext &gt; Basic functionality &gt; should handle login button clicks" time="0.053358">
            <system-out>
[InsertionContext] No OAuth token available - will use Designer Extension APIs directly
[WebflowInsertion] No Designer context, using Data API for modifications

[AuthContext] No OAuth token found - Designer Extension will use Designer APIs directly

            </system-out>
        </testcase>
        <testcase classname="client/src/contexts/AuthContext.test.tsx" name="AuthContext &gt; Basic functionality &gt; should handle logout button clicks" time="0.0542445">
            <system-out>
[InsertionContext] No OAuth token available - will use Designer Extension APIs directly
[WebflowInsertion] No Designer context, using Data API for modifications

[AuthContext] No OAuth token found - Designer Extension will use Designer APIs directly

            </system-out>
        </testcase>
        <testcase classname="client/src/contexts/AuthContext.test.tsx" name="AuthContext &gt; Basic functionality &gt; should handle refresh button clicks" time="0.0341629">
            <system-out>
[InsertionContext] No OAuth token available - will use Designer Extension APIs directly
[WebflowInsertion] No Designer context, using Data API for modifications

[AuthContext] No OAuth token found - Designer Extension will use Designer APIs directly

[AuthContext] No OAuth token found - Designer Extension will use Designer APIs directly

            </system-out>
        </testcase>
        <testcase classname="client/src/contexts/AuthContext.test.tsx" name="AuthContext &gt; Context Usage &gt; should throw error when used outside provider" time="0.0115901">
            <system-out>
[InsertionContext] No OAuth token available - will use Designer Extension APIs directly
[WebflowInsertion] No Designer context, using Data API for modifications

[AuthContext] No OAuth token found - Designer Extension will use Designer APIs directly

            </system-out>
            <system-err>
An update to AuthProvider inside a test was not wrapped in act(...).

When testing, code that causes React state updates should be wrapped into act(...):

act(() =&gt; {
  /* fire events that update state */
});
/* assert on the output */

This ensures that you&apos;re testing the behavior the user would see in the browser. Learn more at https://react.dev/link/wrap-tests-with-act
An update to AuthProvider inside a test was not wrapped in act(...).

When testing, code that causes React state updates should be wrapped into act(...):

act(() =&gt; {
  /* fire events that update state */
});
/* assert on the output */

This ensures that you&apos;re testing the behavior the user would see in the browser. Learn more at https://react.dev/link/wrap-tests-with-act
An update to AuthProvider inside a test was not wrapped in act(...).

When testing, code that causes React state updates should be wrapped into act(...):

act(() =&gt; {
  /* fire events that update state */
});
/* assert on the output */

This ensures that you&apos;re testing the behavior the user would see in the browser. Learn more at https://react.dev/link/wrap-tests-with-act

            </system-err>
        </testcase>
    </testsuite>
    <testsuite name="client/src/contexts/HelpContext.test.tsx" timestamp="2025-10-09T00:10:01.920Z" hostname="JohnDee" tests="20" failures="0" errors="0" skipped="0" time="0.1458126">
        <testcase classname="client/src/contexts/HelpContext.test.tsx" name="HelpContext &gt; Help Toggle &gt; should enable help by default" time="0.0234756">
        </testcase>
        <testcase classname="client/src/contexts/HelpContext.test.tsx" name="HelpContext &gt; Help Toggle &gt; should toggle help on and off" time="0.0065831">
        </testcase>
        <testcase classname="client/src/contexts/HelpContext.test.tsx" name="HelpContext &gt; Help Toggle &gt; should load help preference from localStorage" time="0.0029005">
        </testcase>
        <testcase classname="client/src/contexts/HelpContext.test.tsx" name="HelpContext &gt; Help Content &gt; should get help content by ID" time="0.0052532">
        </testcase>
        <testcase classname="client/src/contexts/HelpContext.test.tsx" name="HelpContext &gt; Help Content &gt; should return null for unknown help ID" time="0.0027414">
        </testcase>
        <testcase classname="client/src/contexts/HelpContext.test.tsx" name="HelpContext &gt; Help Content &gt; should get help articles by category" time="0.0029743">
        </testcase>
        <testcase classname="client/src/contexts/HelpContext.test.tsx" name="HelpContext &gt; Help Search &gt; should search help articles by query" time="0.0048224">
        </testcase>
        <testcase classname="client/src/contexts/HelpContext.test.tsx" name="HelpContext &gt; Help Search &gt; should return empty array for no matches" time="0.0033704">
        </testcase>
        <testcase classname="client/src/contexts/HelpContext.test.tsx" name="HelpContext &gt; Help Search &gt; should search case-insensitively" time="0.0027704">
        </testcase>
        <testcase classname="client/src/contexts/HelpContext.test.tsx" name="HelpContext &gt; Tutorial Management &gt; should track tutorial progress" time="0.0025457">
        </testcase>
        <testcase classname="client/src/contexts/HelpContext.test.tsx" name="HelpContext &gt; Tutorial Management &gt; should advance tutorial steps" time="0.0023617">
        </testcase>
        <testcase classname="client/src/contexts/HelpContext.test.tsx" name="HelpContext &gt; Tutorial Management &gt; should complete tutorial" time="0.0269102">
        </testcase>
        <testcase classname="client/src/contexts/HelpContext.test.tsx" name="HelpContext &gt; Tutorial Management &gt; should save tutorial progress to localStorage" time="0.0040984">
        </testcase>
        <testcase classname="client/src/contexts/HelpContext.test.tsx" name="HelpContext &gt; Help Analytics &gt; should track help events" time="0.0045938">
        </testcase>
        <testcase classname="client/src/contexts/HelpContext.test.tsx" name="HelpContext &gt; Help Analytics &gt; should track search queries" time="0.0039784">
        </testcase>
        <testcase classname="client/src/contexts/HelpContext.test.tsx" name="HelpContext &gt; Help Analytics &gt; should track tutorial completions" time="0.0046432">
        </testcase>
        <testcase classname="client/src/contexts/HelpContext.test.tsx" name="HelpContext &gt; Help Analytics &gt; should calculate help effectiveness metrics" time="0.0047509">
        </testcase>
        <testcase classname="client/src/contexts/HelpContext.test.tsx" name="HelpContext &gt; Contextual Help Detection &gt; should register help targets" time="0.0057027">
        </testcase>
        <testcase classname="client/src/contexts/HelpContext.test.tsx" name="HelpContext &gt; Contextual Help Detection &gt; should unregister help targets" time="0.0030963">
        </testcase>
        <testcase classname="client/src/contexts/HelpContext.test.tsx" name="HelpContext &gt; Contextual Help Detection &gt; should detect help targets in DOM mutations" time="0.0170837">
        </testcase>
    </testsuite>
    <testsuite name="client/src/contexts/InsertionContext.test.tsx" timestamp="2025-10-09T00:10:01.921Z" hostname="JohnDee" tests="21" failures="9" errors="0" skipped="0" time="17.1617076">
        <testcase classname="client/src/contexts/InsertionContext.test.tsx" name="InsertionContext &gt; Provider Setup &gt; should throw error when used outside provider" time="0.0132157">
        </testcase>
        <testcase classname="client/src/contexts/InsertionContext.test.tsx" name="InsertionContext &gt; Provider Setup &gt; should provide initial state when wrapped in provider" time="0.0171437">
            <system-out>
[InsertionContext] No OAuth token available - will use Designer Extension APIs directly
[WebflowInsertion] No Designer context, using Data API for modifications

[AuthContext] No OAuth token found - Designer Extension will use Designer APIs directly

            </system-out>
            <system-err>
An update to AuthProvider inside a test was not wrapped in act(...).

When testing, code that causes React state updates should be wrapped into act(...):

act(() =&gt; {
  /* fire events that update state */
});
/* assert on the output */

This ensures that you&apos;re testing the behavior the user would see in the browser. Learn more at https://react.dev/link/wrap-tests-with-act
An update to AuthProvider inside a test was not wrapped in act(...).

When testing, code that causes React state updates should be wrapped into act(...):

act(() =&gt; {
  /* fire events that update state */
});
/* assert on the output */

This ensures that you&apos;re testing the behavior the user would see in the browser. Learn more at https://react.dev/link/wrap-tests-with-act
An update to AuthProvider inside a test was not wrapped in act(...).

When testing, code that causes React state updates should be wrapped into act(...):

act(() =&gt; {
  /* fire events that update state */
});
/* assert on the output */

This ensures that you&apos;re testing the behavior the user would see in the browser. Learn more at https://react.dev/link/wrap-tests-with-act

            </system-err>
        </testcase>
        <testcase classname="client/src/contexts/InsertionContext.test.tsx" name="InsertionContext &gt; Provider Setup &gt; should initialize with custom WebflowInsertion instance" time="0.0031456">
            <system-out>
[InsertionContext] No OAuth token available - will use Designer Extension APIs directly
[WebflowInsertion] No Designer context, using Data API for modifications

[AuthContext] No OAuth token found - Designer Extension will use Designer APIs directly

            </system-out>
            <system-err>
An update to AuthProvider inside a test was not wrapped in act(...).

When testing, code that causes React state updates should be wrapped into act(...):

act(() =&gt; {
  /* fire events that update state */
});
/* assert on the output */

This ensures that you&apos;re testing the behavior the user would see in the browser. Learn more at https://react.dev/link/wrap-tests-with-act
An update to AuthProvider inside a test was not wrapped in act(...).

When testing, code that causes React state updates should be wrapped into act(...):

act(() =&gt; {
  /* fire events that update state */
});
/* assert on the output */

This ensures that you&apos;re testing the behavior the user would see in the browser. Learn more at https://react.dev/link/wrap-tests-with-act
An update to AuthProvider inside a test was not wrapped in act(...).

When testing, code that causes React state updates should be wrapped into act(...):

act(() =&gt; {
  /* fire events that update state */
});
/* assert on the output */

This ensures that you&apos;re testing the behavior the user would see in the browser. Learn more at https://react.dev/link/wrap-tests-with-act

            </system-err>
        </testcase>
        <testcase classname="client/src/contexts/InsertionContext.test.tsx" name="InsertionContext &gt; Single Insertion Operations &gt; should handle successful single insertion" time="5.0812656">
            <system-out>
[InsertionContext] No OAuth token available - will use Designer Extension APIs directly
[WebflowInsertion] No Designer context, using Data API for modifications

[AuthContext] No OAuth token found - Designer Extension will use Designer APIs directly

[WebflowInsertion] Applying request: { type: [32m&apos;page_title&apos;[39m, pageId: [32m&apos;page_123&apos;[39m, value: [32m&apos;Test Title&apos;[39m }

[WebflowInsertion] Using Data API to update page title

            </system-out>
            <system-err>
The current testing environment is not configured to support act(...)
The current testing environment is not configured to support act(...)
The current testing environment is not configured to support act(...)

[WebflowInsertion] Failed to update page title: Error: Data API not available - using Designer Extension APIs
    at Object.updatePage [90m(C:\Users\Paul Mulligan\PMDS\Projects\AI-SEO-Copilot-for-Webflow\[39mclient\src\contexts\InsertionContext.tsx:189:42[90m)[39m
    at WebflowInsertion.applyPageTitle [90m(C:\Users\Paul Mulligan\PMDS\Projects\AI-SEO-Copilot-for-Webflow\[39mclient\src\lib\webflowInsertion.ts:370:44[90m)[39m
    at WebflowInsertion.apply [90m(C:\Users\Paul Mulligan\PMDS\Projects\AI-SEO-Copilot-for-Webflow\[39mclient\src\lib\webflowInsertion.ts:96:31[90m)[39m
    at [90mC:\Users\Paul Mulligan\PMDS\Projects\AI-SEO-Copilot-for-Webflow\[39mclient\src\contexts\InsertionContext.tsx:231:22

[WebflowInsertion] Apply error: Error: Data API not available - using Designer Extension APIs
    at Object.updatePage [90m(C:\Users\Paul Mulligan\PMDS\Projects\AI-SEO-Copilot-for-Webflow\[39mclient\src\contexts\InsertionContext.tsx:189:42[90m)[39m
    at WebflowInsertion.applyPageTitle [90m(C:\Users\Paul Mulligan\PMDS\Projects\AI-SEO-Copilot-for-Webflow\[39mclient\src\lib\webflowInsertion.ts:370:44[90m)[39m
    at WebflowInsertion.apply [90m(C:\Users\Paul Mulligan\PMDS\Projects\AI-SEO-Copilot-for-Webflow\[39mclient\src\lib\webflowInsertion.ts:96:31[90m)[39m
    at [90mC:\Users\Paul Mulligan\PMDS\Projects\AI-SEO-Copilot-for-Webflow\[39mclient\src\contexts\InsertionContext.tsx:231:22

The current testing environment is not configured to support act(...)
The current testing environment is not configured to support act(...)
The current testing environment is not configured to support act(...)

            </system-err>
            <failure message="[2mexpect([22m[31melement[39m[2m).toHaveTextContent()[22m

Expected element to have text content:
[32m  success[39m
Received:
[31m  failed[39m

Ignored nodes: comments, script, style
[36m&lt;html&gt;[39m
  [36m&lt;head /&gt;[39m
  [36m&lt;body&gt;[39m
    [36m&lt;div&gt;[39m
      [36m&lt;div&gt;[39m
        [36m&lt;div[39m
          [33mdata-testid[39m=[32m&quot;loading-state&quot;[39m
        [36m&gt;[39m
          [0midle[0m
        [36m&lt;/div&gt;[39m
        [36m&lt;div[39m
          [33mdata-testid[39m=[32m&quot;error-state&quot;[39m
        [36m&gt;[39m
          [0mno-error[0m
        [36m&lt;/div&gt;[39m
        [36m&lt;div[39m
          [33mdata-testid[39m=[32m&quot;pending-count&quot;[39m
        [36m&gt;[39m
          [0m0[0m
        [36m&lt;/div&gt;[39m
        [36m&lt;div[39m
          [33mdata-testid[39m=[32m&quot;history-count&quot;[39m
        [36m&gt;[39m
          [0m1[0m
        [36m&lt;/div&gt;[39m
        [36m&lt;div[39m
          [33mdata-testid[39m=[32m&quot;last-result&quot;[39m
        [36m&gt;[39m
          [0mfailed[0m
        [36m&lt;/div&gt;[39m
        [36m&lt;button[39m
          [33mdata-testid[39m=[32m&quot;apply-single&quot;[39m
        [36m&gt;[39m
          [0mApply Single[0m
        [36m&lt;/button&gt;[39m
        [36m&lt;button[39m
          [33mdata-testid[39m=[32m&quot;apply-batch&quot;[39m
        [36m&gt;[39m
          [0mApply Batch[0m
        [36m&lt;/button&gt;[39m
        [36m&lt;button[39m
          [33mdata-testid[39m=[32m&quot;add-pending&quot;[39m
        [36m&gt;[39m
          [0mAdd Pending[0m
        [36m&lt;/button&gt;[39m
        [36m&lt;button[39m
          [33mdata-testid[39m=[32m&quot;clear-pending&quot;[39m
        [36m&gt;[39m
          [0mClear Pending[0m
        [36m&lt;/button&gt;[39m
        [36m&lt;button[39m
          [33mdata-testid[39m=[32m&quot;clear-error&quot;[39m
        [36m&gt;[39m
          [0mClear Error[0m
        [36m&lt;/button&gt;[39m
        [36m&lt;button[39m
          [33mdata-testid[39m=[32m&quot;rollback&quot;[39m
        [36m&gt;[39m
          [0mRollback[0m
        [36m&lt;/button&gt;[39m
      [36m&lt;/div&gt;[39m
    [36m&lt;/div&gt;[39m
  [36m&lt;/body&gt;[39m
[36m&lt;/html&gt;[39m" type="Error">
Error: expect(element).toHaveTextContent()

Expected element to have text content:
  success
Received:
  failed

Ignored nodes: comments, script, style
&lt;html&gt;
  &lt;head /&gt;
  &lt;body&gt;
    &lt;div&gt;
      &lt;div&gt;
        &lt;div
          data-testid=&quot;loading-state&quot;
        &gt;
          idle
        &lt;/div&gt;
        &lt;div
          data-testid=&quot;error-state&quot;
        &gt;
          no-error
        &lt;/div&gt;
        &lt;div
          data-testid=&quot;pending-count&quot;
        &gt;
          0
        &lt;/div&gt;
        &lt;div
          data-testid=&quot;history-count&quot;
        &gt;
          1
        &lt;/div&gt;
        &lt;div
          data-testid=&quot;last-result&quot;
        &gt;
          failed
        &lt;/div&gt;
        &lt;button
          data-testid=&quot;apply-single&quot;
        &gt;
          Apply Single
        &lt;/button&gt;
        &lt;button
          data-testid=&quot;apply-batch&quot;
        &gt;
          Apply Batch
        &lt;/button&gt;
        &lt;button
          data-testid=&quot;add-pending&quot;
        &gt;
          Add Pending
        &lt;/button&gt;
        &lt;button
          data-testid=&quot;clear-pending&quot;
        &gt;
          Clear Pending
        &lt;/button&gt;
        &lt;button
          data-testid=&quot;clear-error&quot;
        &gt;
          Clear Error
        &lt;/button&gt;
        &lt;button
          data-testid=&quot;rollback&quot;
        &gt;
          Rollback
        &lt;/button&gt;
      &lt;/div&gt;
    &lt;/div&gt;
  &lt;/body&gt;
&lt;/html&gt;
 ❯ __vi_import_1__.waitFor.timeout client/src/contexts/InsertionContext.test.tsx:247:51
 ❯ runWithExpensiveErrorDiagnosticsDisabled node_modules/.pnpm/@testing-library+dom@10.4.1/node_modules/@testing-library/dom/dist/config.js:47:12
 ❯ checkCallback node_modules/.pnpm/@testing-library+dom@10.4.1/node_modules/@testing-library/dom/dist/wait-for.js:124:77
 ❯ Timeout.checkRealTimersCallback node_modules/.pnpm/@testing-library+dom@10.4.1/node_modules/@testing-library/dom/dist/wait-for.js:118:16
            </failure>
        </testcase>
        <testcase classname="client/src/contexts/InsertionContext.test.tsx" name="InsertionContext &gt; Single Insertion Operations &gt; should handle failed single insertion" time="5.0821736">
            <system-out>
[InsertionContext] No OAuth token available - will use Designer Extension APIs directly
[WebflowInsertion] No Designer context, using Data API for modifications

[AuthContext] No OAuth token found - Designer Extension will use Designer APIs directly

[WebflowInsertion] Applying request: { type: [32m&apos;page_title&apos;[39m, pageId: [32m&apos;page_123&apos;[39m, value: [32m&apos;Test Title&apos;[39m }

[WebflowInsertion] Using Data API to update page title

            </system-out>
            <system-err>
The current testing environment is not configured to support act(...)
The current testing environment is not configured to support act(...)
The current testing environment is not configured to support act(...)

[WebflowInsertion] Failed to update page title: Error: Data API not available - using Designer Extension APIs
    at Object.updatePage [90m(C:\Users\Paul Mulligan\PMDS\Projects\AI-SEO-Copilot-for-Webflow\[39mclient\src\contexts\InsertionContext.tsx:189:42[90m)[39m
    at WebflowInsertion.applyPageTitle [90m(C:\Users\Paul Mulligan\PMDS\Projects\AI-SEO-Copilot-for-Webflow\[39mclient\src\lib\webflowInsertion.ts:370:44[90m)[39m
    at WebflowInsertion.apply [90m(C:\Users\Paul Mulligan\PMDS\Projects\AI-SEO-Copilot-for-Webflow\[39mclient\src\lib\webflowInsertion.ts:96:31[90m)[39m
    at [90mC:\Users\Paul Mulligan\PMDS\Projects\AI-SEO-Copilot-for-Webflow\[39mclient\src\contexts\InsertionContext.tsx:231:22

[WebflowInsertion] Apply error: Error: Data API not available - using Designer Extension APIs
    at Object.updatePage [90m(C:\Users\Paul Mulligan\PMDS\Projects\AI-SEO-Copilot-for-Webflow\[39mclient\src\contexts\InsertionContext.tsx:189:42[90m)[39m
    at WebflowInsertion.applyPageTitle [90m(C:\Users\Paul Mulligan\PMDS\Projects\AI-SEO-Copilot-for-Webflow\[39mclient\src\lib\webflowInsertion.ts:370:44[90m)[39m
    at WebflowInsertion.apply [90m(C:\Users\Paul Mulligan\PMDS\Projects\AI-SEO-Copilot-for-Webflow\[39mclient\src\lib\webflowInsertion.ts:96:31[90m)[39m
    at [90mC:\Users\Paul Mulligan\PMDS\Projects\AI-SEO-Copilot-for-Webflow\[39mclient\src\contexts\InsertionContext.tsx:231:22

The current testing environment is not configured to support act(...)
The current testing environment is not configured to support act(...)
The current testing environment is not configured to support act(...)

            </system-err>
            <failure message="[2mexpect([22m[31melement[39m[2m).toHaveTextContent()[22m

Expected element to have text content:
[32m  Network error[39m
Received:
[31m  no-error[39m

Ignored nodes: comments, script, style
[36m&lt;html&gt;[39m
  [36m&lt;head /&gt;[39m
  [36m&lt;body&gt;[39m
    [36m&lt;div&gt;[39m
      [36m&lt;div&gt;[39m
        [36m&lt;div[39m
          [33mdata-testid[39m=[32m&quot;loading-state&quot;[39m
        [36m&gt;[39m
          [0midle[0m
        [36m&lt;/div&gt;[39m
        [36m&lt;div[39m
          [33mdata-testid[39m=[32m&quot;error-state&quot;[39m
        [36m&gt;[39m
          [0mno-error[0m
        [36m&lt;/div&gt;[39m
        [36m&lt;div[39m
          [33mdata-testid[39m=[32m&quot;pending-count&quot;[39m
        [36m&gt;[39m
          [0m0[0m
        [36m&lt;/div&gt;[39m
        [36m&lt;div[39m
          [33mdata-testid[39m=[32m&quot;history-count&quot;[39m
        [36m&gt;[39m
          [0m1[0m
        [36m&lt;/div&gt;[39m
        [36m&lt;div[39m
          [33mdata-testid[39m=[32m&quot;last-result&quot;[39m
        [36m&gt;[39m
          [0mfailed[0m
        [36m&lt;/div&gt;[39m
        [36m&lt;button[39m
          [33mdata-testid[39m=[32m&quot;apply-single&quot;[39m
        [36m&gt;[39m
          [0mApply Single[0m
        [36m&lt;/button&gt;[39m
        [36m&lt;button[39m
          [33mdata-testid[39m=[32m&quot;apply-batch&quot;[39m
        [36m&gt;[39m
          [0mApply Batch[0m
        [36m&lt;/button&gt;[39m
        [36m&lt;button[39m
          [33mdata-testid[39m=[32m&quot;add-pending&quot;[39m
        [36m&gt;[39m
          [0mAdd Pending[0m
        [36m&lt;/button&gt;[39m
        [36m&lt;button[39m
          [33mdata-testid[39m=[32m&quot;clear-pending&quot;[39m
        [36m&gt;[39m
          [0mClear Pending[0m
        [36m&lt;/button&gt;[39m
        [36m&lt;button[39m
          [33mdata-testid[39m=[32m&quot;clear-error&quot;[39m
        [36m&gt;[39m
          [0mClear Error[0m
        [36m&lt;/button&gt;[39m
        [36m&lt;button[39m
          [33mdata-testid[39m=[32m&quot;rollback&quot;[39m
        [36m&gt;[39m
          [0mRollback[0m
        [36m&lt;/button&gt;[39m
      [36m&lt;/div&gt;[39m
    [36m&lt;/div&gt;[39m
  [36m&lt;/body&gt;[39m
[36m&lt;/html&gt;[39m" type="Error">
Error: expect(element).toHaveTextContent()

Expected element to have text content:
  Network error
Received:
  no-error

Ignored nodes: comments, script, style
&lt;html&gt;
  &lt;head /&gt;
  &lt;body&gt;
    &lt;div&gt;
      &lt;div&gt;
        &lt;div
          data-testid=&quot;loading-state&quot;
        &gt;
          idle
        &lt;/div&gt;
        &lt;div
          data-testid=&quot;error-state&quot;
        &gt;
          no-error
        &lt;/div&gt;
        &lt;div
          data-testid=&quot;pending-count&quot;
        &gt;
          0
        &lt;/div&gt;
        &lt;div
          data-testid=&quot;history-count&quot;
        &gt;
          1
        &lt;/div&gt;
        &lt;div
          data-testid=&quot;last-result&quot;
        &gt;
          failed
        &lt;/div&gt;
        &lt;button
          data-testid=&quot;apply-single&quot;
        &gt;
          Apply Single
        &lt;/button&gt;
        &lt;button
          data-testid=&quot;apply-batch&quot;
        &gt;
          Apply Batch
        &lt;/button&gt;
        &lt;button
          data-testid=&quot;add-pending&quot;
        &gt;
          Add Pending
        &lt;/button&gt;
        &lt;button
          data-testid=&quot;clear-pending&quot;
        &gt;
          Clear Pending
        &lt;/button&gt;
        &lt;button
          data-testid=&quot;clear-error&quot;
        &gt;
          Clear Error
        &lt;/button&gt;
        &lt;button
          data-testid=&quot;rollback&quot;
        &gt;
          Rollback
        &lt;/button&gt;
      &lt;/div&gt;
    &lt;/div&gt;
  &lt;/body&gt;
&lt;/html&gt;
 ❯ __vi_import_1__.waitFor.timeout client/src/contexts/InsertionContext.test.tsx:272:51
 ❯ runWithExpensiveErrorDiagnosticsDisabled node_modules/.pnpm/@testing-library+dom@10.4.1/node_modules/@testing-library/dom/dist/config.js:47:12
 ❯ checkCallback node_modules/.pnpm/@testing-library+dom@10.4.1/node_modules/@testing-library/dom/dist/wait-for.js:124:77
 ❯ Timeout.checkRealTimersCallback node_modules/.pnpm/@testing-library+dom@10.4.1/node_modules/@testing-library/dom/dist/wait-for.js:118:16
            </failure>
        </testcase>
        <testcase classname="client/src/contexts/InsertionContext.test.tsx" name="InsertionContext &gt; Single Insertion Operations &gt; should show loading state during insertion" time="0.0618509">
            <system-out>
[InsertionContext] No OAuth token available - will use Designer Extension APIs directly
[WebflowInsertion] No Designer context, using Data API for modifications

[AuthContext] No OAuth token found - Designer Extension will use Designer APIs directly

[WebflowInsertion] Applying request: { type: [32m&apos;page_title&apos;[39m, pageId: [32m&apos;page_123&apos;[39m, value: [32m&apos;Test Title&apos;[39m }

[WebflowInsertion] Using Data API to update page title

            </system-out>
            <system-err>
The current testing environment is not configured to support act(...)
The current testing environment is not configured to support act(...)
The current testing environment is not configured to support act(...)

[WebflowInsertion] Failed to update page title: Error: Data API not available - using Designer Extension APIs
    at Object.updatePage [90m(C:\Users\Paul Mulligan\PMDS\Projects\AI-SEO-Copilot-for-Webflow\[39mclient\src\contexts\InsertionContext.tsx:189:42[90m)[39m
    at WebflowInsertion.applyPageTitle [90m(C:\Users\Paul Mulligan\PMDS\Projects\AI-SEO-Copilot-for-Webflow\[39mclient\src\lib\webflowInsertion.ts:370:44[90m)[39m
    at WebflowInsertion.apply [90m(C:\Users\Paul Mulligan\PMDS\Projects\AI-SEO-Copilot-for-Webflow\[39mclient\src\lib\webflowInsertion.ts:96:31[90m)[39m
    at [90mC:\Users\Paul Mulligan\PMDS\Projects\AI-SEO-Copilot-for-Webflow\[39mclient\src\contexts\InsertionContext.tsx:231:22

[WebflowInsertion] Apply error: Error: Data API not available - using Designer Extension APIs
    at Object.updatePage [90m(C:\Users\Paul Mulligan\PMDS\Projects\AI-SEO-Copilot-for-Webflow\[39mclient\src\contexts\InsertionContext.tsx:189:42[90m)[39m
    at WebflowInsertion.applyPageTitle [90m(C:\Users\Paul Mulligan\PMDS\Projects\AI-SEO-Copilot-for-Webflow\[39mclient\src\lib\webflowInsertion.ts:370:44[90m)[39m
    at WebflowInsertion.apply [90m(C:\Users\Paul Mulligan\PMDS\Projects\AI-SEO-Copilot-for-Webflow\[39mclient\src\lib\webflowInsertion.ts:96:31[90m)[39m
    at [90mC:\Users\Paul Mulligan\PMDS\Projects\AI-SEO-Copilot-for-Webflow\[39mclient\src\contexts\InsertionContext.tsx:231:22

The current testing environment is not configured to support act(...)
The current testing environment is not configured to support act(...)
The current testing environment is not configured to support act(...)

            </system-err>
            <failure message="[2mexpect([22m[31melement[39m[2m).toHaveTextContent()[22m

Expected element to have text content:
[32m  loading[39m
Received:
[31m  idle[39m" type="Error">
Error: expect(element).toHaveTextContent()

Expected element to have text content:
  loading
Received:
  idle
 ❯ client/src/contexts/InsertionContext.test.tsx:294:51
            </failure>
        </testcase>
        <testcase classname="client/src/contexts/InsertionContext.test.tsx" name="InsertionContext &gt; Single Insertion Operations &gt; should handle preview insertion" time="0.0034861">
            <system-out>
[InsertionContext] No OAuth token available - will use Designer Extension APIs directly
[WebflowInsertion] No Designer context, using Data API for modifications

[AuthContext] No OAuth token found - Designer Extension will use Designer APIs directly

            </system-out>
            <system-err>
An update to AuthProvider inside a test was not wrapped in act(...).

When testing, code that causes React state updates should be wrapped into act(...):

act(() =&gt; {
  /* fire events that update state */
});
/* assert on the output */

This ensures that you&apos;re testing the behavior the user would see in the browser. Learn more at https://react.dev/link/wrap-tests-with-act
An update to AuthProvider inside a test was not wrapped in act(...).

When testing, code that causes React state updates should be wrapped into act(...):

act(() =&gt; {
  /* fire events that update state */
});
/* assert on the output */

This ensures that you&apos;re testing the behavior the user would see in the browser. Learn more at https://react.dev/link/wrap-tests-with-act
An update to AuthProvider inside a test was not wrapped in act(...).

When testing, code that causes React state updates should be wrapped into act(...):

act(() =&gt; {
  /* fire events that update state */
});
/* assert on the output */

This ensures that you&apos;re testing the behavior the user would see in the browser. Learn more at https://react.dev/link/wrap-tests-with-act

            </system-err>
            <failure message="Unable to find an element by: [data-testid=&quot;preview-single&quot;]

Ignored nodes: comments, script, style
[36m&lt;body&gt;[39m
  [36m&lt;div&gt;[39m
    [36m&lt;div&gt;[39m
      [36m&lt;div[39m
        [33mdata-testid[39m=[32m&quot;loading-state&quot;[39m
      [36m&gt;[39m
        [0midle[0m
      [36m&lt;/div&gt;[39m
      [36m&lt;div[39m
        [33mdata-testid[39m=[32m&quot;error-state&quot;[39m
      [36m&gt;[39m
        [0mno-error[0m
      [36m&lt;/div&gt;[39m
      [36m&lt;div[39m
        [33mdata-testid[39m=[32m&quot;pending-count&quot;[39m
      [36m&gt;[39m
        [0m0[0m
      [36m&lt;/div&gt;[39m
      [36m&lt;div[39m
        [33mdata-testid[39m=[32m&quot;history-count&quot;[39m
      [36m&gt;[39m
        [0m0[0m
      [36m&lt;/div&gt;[39m
      [36m&lt;button[39m
        [33mdata-testid[39m=[32m&quot;apply-single&quot;[39m
      [36m&gt;[39m
        [0mApply Single[0m
      [36m&lt;/button&gt;[39m
      [36m&lt;button[39m
        [33mdata-testid[39m=[32m&quot;apply-batch&quot;[39m
      [36m&gt;[39m
        [0mApply Batch[0m
      [36m&lt;/button&gt;[39m
      [36m&lt;button[39m
        [33mdata-testid[39m=[32m&quot;add-pending&quot;[39m
      [36m&gt;[39m
        [0mAdd Pending[0m
      [36m&lt;/button&gt;[39m
      [36m&lt;button[39m
        [33mdata-testid[39m=[32m&quot;clear-pending&quot;[39m
      [36m&gt;[39m
        [0mClear Pending[0m
      [36m&lt;/button&gt;[39m
      [36m&lt;button[39m
        [33mdata-testid[39m=[32m&quot;clear-error&quot;[39m
      [36m&gt;[39m
        [0mClear Error[0m
      [36m&lt;/button&gt;[39m
      [36m&lt;button[39m
        [33mdata-testid[39m=[32m&quot;rollback&quot;[39m
      [36m&gt;[39m
        [0mRollback[0m
      [36m&lt;/button&gt;[39m
    [36m&lt;/div&gt;[39m
  [36m&lt;/div&gt;[39m
[36m&lt;/body&gt;[39m" type="TestingLibraryElementError">
TestingLibraryElementError: Unable to find an element by: [data-testid=&quot;preview-single&quot;]

Ignored nodes: comments, script, style
&lt;body&gt;
  &lt;div&gt;
    &lt;div&gt;
      &lt;div
        data-testid=&quot;loading-state&quot;
      &gt;
        idle
      &lt;/div&gt;
      &lt;div
        data-testid=&quot;error-state&quot;
      &gt;
        no-error
      &lt;/div&gt;
      &lt;div
        data-testid=&quot;pending-count&quot;
      &gt;
        0
      &lt;/div&gt;
      &lt;div
        data-testid=&quot;history-count&quot;
      &gt;
        0
      &lt;/div&gt;
      &lt;button
        data-testid=&quot;apply-single&quot;
      &gt;
        Apply Single
      &lt;/button&gt;
      &lt;button
        data-testid=&quot;apply-batch&quot;
      &gt;
        Apply Batch
      &lt;/button&gt;
      &lt;button
        data-testid=&quot;add-pending&quot;
      &gt;
        Add Pending
      &lt;/button&gt;
      &lt;button
        data-testid=&quot;clear-pending&quot;
      &gt;
        Clear Pending
      &lt;/button&gt;
      &lt;button
        data-testid=&quot;clear-error&quot;
      &gt;
        Clear Error
      &lt;/button&gt;
      &lt;button
        data-testid=&quot;rollback&quot;
      &gt;
        Rollback
      &lt;/button&gt;
    &lt;/div&gt;
  &lt;/div&gt;
&lt;/body&gt;
 ❯ Object.getElementError node_modules/.pnpm/@testing-library+dom@10.4.1/node_modules/@testing-library/dom/dist/config.js:37:19
 ❯ node_modules/.pnpm/@testing-library+dom@10.4.1/node_modules/@testing-library/dom/dist/query-helpers.js:76:38
 ❯ node_modules/.pnpm/@testing-library+dom@10.4.1/node_modules/@testing-library/dom/dist/query-helpers.js:52:17
 ❯ getByTestId node_modules/.pnpm/@testing-library+dom@10.4.1/node_modules/@testing-library/dom/dist/query-helpers.js:95:19
 ❯ client/src/contexts/InsertionContext.test.tsx:319:31
            </failure>
        </testcase>
        <testcase classname="client/src/contexts/InsertionContext.test.tsx" name="InsertionContext &gt; Batch Operations &gt; should handle successful batch insertion" time="1.0361587">
            <system-out>
[InsertionContext] No OAuth token available - will use Designer Extension APIs directly
[WebflowInsertion] No Designer context, using Data API for modifications

[AuthContext] No OAuth token found - Designer Extension will use Designer APIs directly

[WebflowInsertion] Starting batch apply: {
  operationCount: [33m2[39m,
  operations: [
    { type: [32m&apos;page_title&apos;[39m, pageId: [32m&apos;page_123&apos;[39m },
    { type: [32m&apos;meta_description&apos;[39m, pageId: [32m&apos;page_123&apos;[39m }
  ],
  rollbackEnabled: [90mundefined[39m
}
[WebflowInsertion] Applying request: { type: [32m&apos;page_title&apos;[39m, pageId: [32m&apos;page_123&apos;[39m, value: [32m&apos;Title 1&apos;[39m }

[WebflowInsertion] Using Data API to update page title

[WebflowInsertion] Applying request: { type: [32m&apos;meta_description&apos;[39m, pageId: [32m&apos;page_123&apos;[39m, value: [32m&apos;Desc 1&apos;[39m }

[WebflowInsertion] Using Data API to update meta description

[WebflowInsertion] Batch apply completed: {
  succeeded: [33m0[39m,
  failed: [33m2[39m,
  total: [33m2[39m,
  success: [33mfalse[39m,
  results: [
    { success: [33mfalse[39m, error: [36m[Object][39m },
    { success: [33mfalse[39m, error: [36m[Object][39m }
  ]
}

            </system-out>
            <system-err>
[WebflowInsertion] Failed to update page title: Error: Data API not available - using Designer Extension APIs
    at Object.updatePage [90m(C:\Users\Paul Mulligan\PMDS\Projects\AI-SEO-Copilot-for-Webflow\[39mclient\src\contexts\InsertionContext.tsx:189:42[90m)[39m
    at WebflowInsertion.applyPageTitle [90m(C:\Users\Paul Mulligan\PMDS\Projects\AI-SEO-Copilot-for-Webflow\[39mclient\src\lib\webflowInsertion.ts:370:44[90m)[39m
    at WebflowInsertion.apply [90m(C:\Users\Paul Mulligan\PMDS\Projects\AI-SEO-Copilot-for-Webflow\[39mclient\src\lib\webflowInsertion.ts:96:31[90m)[39m
    at WebflowInsertion.applyBatch [90m(C:\Users\Paul Mulligan\PMDS\Projects\AI-SEO-Copilot-for-Webflow\[39mclient\src\lib\webflowInsertion.ts:189:22[90m)[39m
    at [90mC:\Users\Paul Mulligan\PMDS\Projects\AI-SEO-Copilot-for-Webflow\[39mclient\src\contexts\InsertionContext.tsx:269:22

[WebflowInsertion] Apply error: Error: Data API not available - using Designer Extension APIs
    at Object.updatePage [90m(C:\Users\Paul Mulligan\PMDS\Projects\AI-SEO-Copilot-for-Webflow\[39mclient\src\contexts\InsertionContext.tsx:189:42[90m)[39m
    at WebflowInsertion.applyPageTitle [90m(C:\Users\Paul Mulligan\PMDS\Projects\AI-SEO-Copilot-for-Webflow\[39mclient\src\lib\webflowInsertion.ts:370:44[90m)[39m
    at WebflowInsertion.apply [90m(C:\Users\Paul Mulligan\PMDS\Projects\AI-SEO-Copilot-for-Webflow\[39mclient\src\lib\webflowInsertion.ts:96:31[90m)[39m
    at WebflowInsertion.applyBatch [90m(C:\Users\Paul Mulligan\PMDS\Projects\AI-SEO-Copilot-for-Webflow\[39mclient\src\lib\webflowInsertion.ts:189:22[90m)[39m
    at [90mC:\Users\Paul Mulligan\PMDS\Projects\AI-SEO-Copilot-for-Webflow\[39mclient\src\contexts\InsertionContext.tsx:269:22

[WebflowInsertion] Failed to update meta description: Error: Data API not available - using Designer Extension APIs
    at Object.updatePage [90m(C:\Users\Paul Mulligan\PMDS\Projects\AI-SEO-Copilot-for-Webflow\[39mclient\src\contexts\InsertionContext.tsx:189:42[90m)[39m
    at WebflowInsertion.applyMetaDescription [90m(C:\Users\Paul Mulligan\PMDS\Projects\AI-SEO-Copilot-for-Webflow\[39mclient\src\lib\webflowInsertion.ts:417:44[90m)[39m
    at WebflowInsertion.apply [90m(C:\Users\Paul Mulligan\PMDS\Projects\AI-SEO-Copilot-for-Webflow\[39mclient\src\lib\webflowInsertion.ts:99:31[90m)[39m
    at WebflowInsertion.applyBatch [90m(C:\Users\Paul Mulligan\PMDS\Projects\AI-SEO-Copilot-for-Webflow\[39mclient\src\lib\webflowInsertion.ts:189:22[90m)[39m
    at [90mC:\Users\Paul Mulligan\PMDS\Projects\AI-SEO-Copilot-for-Webflow\[39mclient\src\contexts\InsertionContext.tsx:269:22

[WebflowInsertion] Apply error: Error: Data API not available - using Designer Extension APIs
    at Object.updatePage [90m(C:\Users\Paul Mulligan\PMDS\Projects\AI-SEO-Copilot-for-Webflow\[39mclient\src\contexts\InsertionContext.tsx:189:42[90m)[39m
    at WebflowInsertion.applyMetaDescription [90m(C:\Users\Paul Mulligan\PMDS\Projects\AI-SEO-Copilot-for-Webflow\[39mclient\src\lib\webflowInsertion.ts:417:44[90m)[39m
    at WebflowInsertion.apply [90m(C:\Users\Paul Mulligan\PMDS\Projects\AI-SEO-Copilot-for-Webflow\[39mclient\src\lib\webflowInsertion.ts:99:31[90m)[39m
    at WebflowInsertion.applyBatch [90m(C:\Users\Paul Mulligan\PMDS\Projects\AI-SEO-Copilot-for-Webflow\[39mclient\src\lib\webflowInsertion.ts:189:22[90m)[39m
    at [90mC:\Users\Paul Mulligan\PMDS\Projects\AI-SEO-Copilot-for-Webflow\[39mclient\src\contexts\InsertionContext.tsx:269:22

            </system-err>
            <failure message="[2mexpect([22m[31mreceived[39m[2m).toBeInTheDocument()[22m

[31mreceived[39m value must be an HTMLElement or an SVGElement.
Received has type:  Null
Received has value: [31mnull[39m

Ignored nodes: comments, script, style
[36m&lt;html&gt;[39m
  [36m&lt;head /&gt;[39m
  [36m&lt;body&gt;[39m
    [36m&lt;div&gt;[39m
      [36m&lt;div&gt;[39m
        [36m&lt;div[39m
          [33mdata-testid[39m=[32m&quot;loading-state&quot;[39m
        [36m&gt;[39m
          [0midle[0m
        [36m&lt;/div&gt;[39m
        [36m&lt;div[39m
          [33mdata-testid[39m=[32m&quot;error-state&quot;[39m
        [36m&gt;[39m
          [0mno-error[0m
        [36m&lt;/div&gt;[39m
        [36m&lt;div[39m
          [33mdata-testid[39m=[32m&quot;pending-count&quot;[39m
        [36m&gt;[39m
          [0m0[0m
        [36m&lt;/div&gt;[39m
        [36m&lt;div[39m
          [33mdata-testid[39m=[32m&quot;history-count&quot;[39m
        [36m&gt;[39m
          [0m1[0m
        [36m&lt;/div&gt;[39m
        [36m&lt;div[39m
          [33mdata-testid[39m=[32m&quot;last-result&quot;[39m
        [36m&gt;[39m
          [0mfailed[0m
        [36m&lt;/div&gt;[39m
        [36m&lt;button[39m
          [33mdata-testid[39m=[32m&quot;apply-single&quot;[39m
        [36m&gt;[39m
          [0mApply Single[0m
        [36m&lt;/button&gt;[39m
        [36m&lt;button[39m
          [33mdata-testid[39m=[32m&quot;apply-batch&quot;[39m
        [36m&gt;[39m
          [0mApply Batch[0m
        [36m&lt;/button&gt;[39m
        [36m&lt;button[39m
          [33mdata-testid[39m=[32m&quot;add-pending&quot;[39m
        [36m&gt;[39m
          [0mAdd Pending[0m
        [36m&lt;/button&gt;[39m
        [36m&lt;button[39m
          [33mdata-testid[39m=[32m&quot;clear-pending&quot;[39m
        [36m&gt;[39m
          [0mClear Pending[0m
        [36m&lt;/button&gt;[39m
        [36m&lt;button[39m
          [33mdata-testid[39m=[32m&quot;clear-error&quot;[39m
        [36m&gt;[39m
          [0mClear Error[0m
        [36m&lt;/button&gt;[39m
        [36m&lt;button[39m
          [33mdata-testid[39m=[32m&quot;rollback&quot;[39m
        [36m&gt;[39m
          [0mRollback[0m
        [36m&lt;/button&gt;[39m
      [36m&lt;/div&gt;[39m
    [36m&lt;/div&gt;[39m
  [36m&lt;/body&gt;[39m
[36m&lt;/html&gt;[39m" type="Error">
Error: expect(received).toBeInTheDocument()

received value must be an HTMLElement or an SVGElement.
Received has type:  Null
Received has value: null

Ignored nodes: comments, script, style
&lt;html&gt;
  &lt;head /&gt;
  &lt;body&gt;
    &lt;div&gt;
      &lt;div&gt;
        &lt;div
          data-testid=&quot;loading-state&quot;
        &gt;
          idle
        &lt;/div&gt;
        &lt;div
          data-testid=&quot;error-state&quot;
        &gt;
          no-error
        &lt;/div&gt;
        &lt;div
          data-testid=&quot;pending-count&quot;
        &gt;
          0
        &lt;/div&gt;
        &lt;div
          data-testid=&quot;history-count&quot;
        &gt;
          1
        &lt;/div&gt;
        &lt;div
          data-testid=&quot;last-result&quot;
        &gt;
          failed
        &lt;/div&gt;
        &lt;button
          data-testid=&quot;apply-single&quot;
        &gt;
          Apply Single
        &lt;/button&gt;
        &lt;button
          data-testid=&quot;apply-batch&quot;
        &gt;
          Apply Batch
        &lt;/button&gt;
        &lt;button
          data-testid=&quot;add-pending&quot;
        &gt;
          Add Pending
        &lt;/button&gt;
        &lt;button
          data-testid=&quot;clear-pending&quot;
        &gt;
          Clear Pending
        &lt;/button&gt;
        &lt;button
          data-testid=&quot;clear-error&quot;
        &gt;
          Clear Error
        &lt;/button&gt;
        &lt;button
          data-testid=&quot;rollback&quot;
        &gt;
          Rollback
        &lt;/button&gt;
      &lt;/div&gt;
    &lt;/div&gt;
  &lt;/body&gt;
&lt;/html&gt;
 ❯ client/src/contexts/InsertionContext.test.tsx:367:50
 ❯ runWithExpensiveErrorDiagnosticsDisabled node_modules/.pnpm/@testing-library+dom@10.4.1/node_modules/@testing-library/dom/dist/config.js:47:12
 ❯ checkCallback node_modules/.pnpm/@testing-library+dom@10.4.1/node_modules/@testing-library/dom/dist/wait-for.js:124:77
 ❯ Timeout.checkRealTimersCallback node_modules/.pnpm/@testing-library+dom@10.4.1/node_modules/@testing-library/dom/dist/wait-for.js:118:16
            </failure>
        </testcase>
        <testcase classname="client/src/contexts/InsertionContext.test.tsx" name="InsertionContext &gt; Batch Operations &gt; should handle partial batch failure" time="0.0469533">
            <system-out>
[InsertionContext] No OAuth token available - will use Designer Extension APIs directly
[WebflowInsertion] No Designer context, using Data API for modifications

[AuthContext] No OAuth token found - Designer Extension will use Designer APIs directly

[WebflowInsertion] Starting batch apply: {
  operationCount: [33m2[39m,
  operations: [
    { type: [32m&apos;page_title&apos;[39m, pageId: [32m&apos;page_123&apos;[39m },
    { type: [32m&apos;meta_description&apos;[39m, pageId: [32m&apos;page_123&apos;[39m }
  ],
  rollbackEnabled: [90mundefined[39m
}
[WebflowInsertion] Applying request: { type: [32m&apos;page_title&apos;[39m, pageId: [32m&apos;page_123&apos;[39m, value: [32m&apos;Title 1&apos;[39m }

[WebflowInsertion] Using Data API to update page title

[WebflowInsertion] Applying request: { type: [32m&apos;meta_description&apos;[39m, pageId: [32m&apos;page_123&apos;[39m, value: [32m&apos;Desc 1&apos;[39m }

[WebflowInsertion] Using Data API to update meta description

[WebflowInsertion] Batch apply completed: {
  succeeded: [33m0[39m,
  failed: [33m2[39m,
  total: [33m2[39m,
  success: [33mfalse[39m,
  results: [
    { success: [33mfalse[39m, error: [36m[Object][39m },
    { success: [33mfalse[39m, error: [36m[Object][39m }
  ]
}

            </system-out>
            <system-err>
[WebflowInsertion] Failed to update page title: Error: Data API not available - using Designer Extension APIs
    at Object.updatePage [90m(C:\Users\Paul Mulligan\PMDS\Projects\AI-SEO-Copilot-for-Webflow\[39mclient\src\contexts\InsertionContext.tsx:189:42[90m)[39m
    at WebflowInsertion.applyPageTitle [90m(C:\Users\Paul Mulligan\PMDS\Projects\AI-SEO-Copilot-for-Webflow\[39mclient\src\lib\webflowInsertion.ts:370:44[90m)[39m
    at WebflowInsertion.apply [90m(C:\Users\Paul Mulligan\PMDS\Projects\AI-SEO-Copilot-for-Webflow\[39mclient\src\lib\webflowInsertion.ts:96:31[90m)[39m
    at WebflowInsertion.applyBatch [90m(C:\Users\Paul Mulligan\PMDS\Projects\AI-SEO-Copilot-for-Webflow\[39mclient\src\lib\webflowInsertion.ts:189:22[90m)[39m
    at [90mC:\Users\Paul Mulligan\PMDS\Projects\AI-SEO-Copilot-for-Webflow\[39mclient\src\contexts\InsertionContext.tsx:269:22

[WebflowInsertion] Apply error: Error: Data API not available - using Designer Extension APIs
    at Object.updatePage [90m(C:\Users\Paul Mulligan\PMDS\Projects\AI-SEO-Copilot-for-Webflow\[39mclient\src\contexts\InsertionContext.tsx:189:42[90m)[39m
    at WebflowInsertion.applyPageTitle [90m(C:\Users\Paul Mulligan\PMDS\Projects\AI-SEO-Copilot-for-Webflow\[39mclient\src\lib\webflowInsertion.ts:370:44[90m)[39m
    at WebflowInsertion.apply [90m(C:\Users\Paul Mulligan\PMDS\Projects\AI-SEO-Copilot-for-Webflow\[39mclient\src\lib\webflowInsertion.ts:96:31[90m)[39m
    at WebflowInsertion.applyBatch [90m(C:\Users\Paul Mulligan\PMDS\Projects\AI-SEO-Copilot-for-Webflow\[39mclient\src\lib\webflowInsertion.ts:189:22[90m)[39m
    at [90mC:\Users\Paul Mulligan\PMDS\Projects\AI-SEO-Copilot-for-Webflow\[39mclient\src\contexts\InsertionContext.tsx:269:22

[WebflowInsertion] Failed to update meta description: Error: Data API not available - using Designer Extension APIs
    at Object.updatePage [90m(C:\Users\Paul Mulligan\PMDS\Projects\AI-SEO-Copilot-for-Webflow\[39mclient\src\contexts\InsertionContext.tsx:189:42[90m)[39m
    at WebflowInsertion.applyMetaDescription [90m(C:\Users\Paul Mulligan\PMDS\Projects\AI-SEO-Copilot-for-Webflow\[39mclient\src\lib\webflowInsertion.ts:417:44[90m)[39m
    at WebflowInsertion.apply [90m(C:\Users\Paul Mulligan\PMDS\Projects\AI-SEO-Copilot-for-Webflow\[39mclient\src\lib\webflowInsertion.ts:99:31[90m)[39m
    at WebflowInsertion.applyBatch [90m(C:\Users\Paul Mulligan\PMDS\Projects\AI-SEO-Copilot-for-Webflow\[39mclient\src\lib\webflowInsertion.ts:189:22[90m)[39m
    at [90mC:\Users\Paul Mulligan\PMDS\Projects\AI-SEO-Copilot-for-Webflow\[39mclient\src\contexts\InsertionContext.tsx:269:22

[WebflowInsertion] Apply error: Error: Data API not available - using Designer Extension APIs
    at Object.updatePage [90m(C:\Users\Paul Mulligan\PMDS\Projects\AI-SEO-Copilot-for-Webflow\[39mclient\src\contexts\InsertionContext.tsx:189:42[90m)[39m
    at WebflowInsertion.applyMetaDescription [90m(C:\Users\Paul Mulligan\PMDS\Projects\AI-SEO-Copilot-for-Webflow\[39mclient\src\lib\webflowInsertion.ts:417:44[90m)[39m
    at WebflowInsertion.apply [90m(C:\Users\Paul Mulligan\PMDS\Projects\AI-SEO-Copilot-for-Webflow\[39mclient\src\lib\webflowInsertion.ts:99:31[90m)[39m
    at WebflowInsertion.applyBatch [90m(C:\Users\Paul Mulligan\PMDS\Projects\AI-SEO-Copilot-for-Webflow\[39mclient\src\lib\webflowInsertion.ts:189:22[90m)[39m
    at [90mC:\Users\Paul Mulligan\PMDS\Projects\AI-SEO-Copilot-for-Webflow\[39mclient\src\contexts\InsertionContext.tsx:269:22

            </system-err>
        </testcase>
        <testcase classname="client/src/contexts/InsertionContext.test.tsx" name="InsertionContext &gt; Batch Operations &gt; should handle rollback operation" time="1.0334356">
            <system-out>
[InsertionContext] No OAuth token available - will use Designer Extension APIs directly
[WebflowInsertion] No Designer context, using Data API for modifications

[AuthContext] No OAuth token found - Designer Extension will use Designer APIs directly

            </system-out>
            <failure message="expected &quot;spy&quot; to be called with arguments: [ &apos;rollback_123&apos; ][90m

Number of calls: [1m0[22m
[39m

Ignored nodes: comments, script, style
[36m&lt;html&gt;[39m
  [36m&lt;head /&gt;[39m
  [36m&lt;body&gt;[39m
    [36m&lt;div&gt;[39m
      [36m&lt;div&gt;[39m
        [36m&lt;div[39m
          [33mdata-testid[39m=[32m&quot;loading-state&quot;[39m
        [36m&gt;[39m
          [0midle[0m
        [36m&lt;/div&gt;[39m
        [36m&lt;div[39m
          [33mdata-testid[39m=[32m&quot;error-state&quot;[39m
        [36m&gt;[39m
          [0mRollback data not found[0m
        [36m&lt;/div&gt;[39m
        [36m&lt;div[39m
          [33mdata-testid[39m=[32m&quot;pending-count&quot;[39m
        [36m&gt;[39m
          [0m0[0m
        [36m&lt;/div&gt;[39m
        [36m&lt;div[39m
          [33mdata-testid[39m=[32m&quot;history-count&quot;[39m
        [36m&gt;[39m
          [0m0[0m
        [36m&lt;/div&gt;[39m
        [36m&lt;button[39m
          [33mdata-testid[39m=[32m&quot;apply-single&quot;[39m
        [36m&gt;[39m
          [0mApply Single[0m
        [36m&lt;/button&gt;[39m
        [36m&lt;button[39m
          [33mdata-testid[39m=[32m&quot;apply-batch&quot;[39m
        [36m&gt;[39m
          [0mApply Batch[0m
        [36m&lt;/button&gt;[39m
        [36m&lt;button[39m
          [33mdata-testid[39m=[32m&quot;add-pending&quot;[39m
        [36m&gt;[39m
          [0mAdd Pending[0m
        [36m&lt;/button&gt;[39m
        [36m&lt;button[39m
          [33mdata-testid[39m=[32m&quot;clear-pending&quot;[39m
        [36m&gt;[39m
          [0mClear Pending[0m
        [36m&lt;/button&gt;[39m
        [36m&lt;button[39m
          [33mdata-testid[39m=[32m&quot;clear-error&quot;[39m
        [36m&gt;[39m
          [0mClear Error[0m
        [36m&lt;/button&gt;[39m
        [36m&lt;button[39m
          [33mdata-testid[39m=[32m&quot;rollback&quot;[39m
        [36m&gt;[39m
          [0mRollback[0m
        [36m&lt;/button&gt;[39m
      [36m&lt;/div&gt;[39m
    [36m&lt;/div&gt;[39m
  [36m&lt;/body&gt;[39m
[36m&lt;/html&gt;[39m" type="AssertionError">
AssertionError: expected &quot;spy&quot; to be called with arguments: [ &apos;rollback_123&apos; ]

Number of calls: 0


Ignored nodes: comments, script, style
&lt;html&gt;
  &lt;head /&gt;
  &lt;body&gt;
    &lt;div&gt;
      &lt;div&gt;
        &lt;div
          data-testid=&quot;loading-state&quot;
        &gt;
          idle
        &lt;/div&gt;
        &lt;div
          data-testid=&quot;error-state&quot;
        &gt;
          Rollback data not found
        &lt;/div&gt;
        &lt;div
          data-testid=&quot;pending-count&quot;
        &gt;
          0
        &lt;/div&gt;
        &lt;div
          data-testid=&quot;history-count&quot;
        &gt;
          0
        &lt;/div&gt;
        &lt;button
          data-testid=&quot;apply-single&quot;
        &gt;
          Apply Single
        &lt;/button&gt;
        &lt;button
          data-testid=&quot;apply-batch&quot;
        &gt;
          Apply Batch
        &lt;/button&gt;
        &lt;button
          data-testid=&quot;add-pending&quot;
        &gt;
          Add Pending
        &lt;/button&gt;
        &lt;button
          data-testid=&quot;clear-pending&quot;
        &gt;
          Clear Pending
        &lt;/button&gt;
        &lt;button
          data-testid=&quot;clear-error&quot;
        &gt;
          Clear Error
        &lt;/button&gt;
        &lt;button
          data-testid=&quot;rollback&quot;
        &gt;
          Rollback
        &lt;/button&gt;
      &lt;/div&gt;
    &lt;/div&gt;
  &lt;/body&gt;
&lt;/html&gt;
 ❯ client/src/contexts/InsertionContext.test.tsx:423:47
 ❯ runWithExpensiveErrorDiagnosticsDisabled node_modules/.pnpm/@testing-library+dom@10.4.1/node_modules/@testing-library/dom/dist/config.js:47:12
 ❯ checkCallback node_modules/.pnpm/@testing-library+dom@10.4.1/node_modules/@testing-library/dom/dist/wait-for.js:124:77
 ❯ Timeout.checkRealTimersCallback node_modules/.pnpm/@testing-library+dom@10.4.1/node_modules/@testing-library/dom/dist/wait-for.js:118:16
            </failure>
        </testcase>
        <testcase classname="client/src/contexts/InsertionContext.test.tsx" name="InsertionContext &gt; Pending Operations Management &gt; should add operations to pending list" time="0.0448084">
            <system-out>
[InsertionContext] No OAuth token available - will use Designer Extension APIs directly
[WebflowInsertion] No Designer context, using Data API for modifications

[AuthContext] No OAuth token found - Designer Extension will use Designer APIs directly

            </system-out>
        </testcase>
        <testcase classname="client/src/contexts/InsertionContext.test.tsx" name="InsertionContext &gt; Pending Operations Management &gt; should prevent duplicate pending operations" time="0.0770353">
            <system-out>
[InsertionContext] No OAuth token available - will use Designer Extension APIs directly
[WebflowInsertion] No Designer context, using Data API for modifications

[AuthContext] No OAuth token found - Designer Extension will use Designer APIs directly

            </system-out>
        </testcase>
        <testcase classname="client/src/contexts/InsertionContext.test.tsx" name="InsertionContext &gt; Pending Operations Management &gt; should clear pending operations" time="0.1093486">
            <system-out>
[InsertionContext] No OAuth token available - will use Designer Extension APIs directly
[WebflowInsertion] No Designer context, using Data API for modifications

[AuthContext] No OAuth token found - Designer Extension will use Designer APIs directly

            </system-out>
        </testcase>
        <testcase classname="client/src/contexts/InsertionContext.test.tsx" name="InsertionContext &gt; Pending Operations Management &gt; should remove specific operation from pending" time="0.0604923">
            <system-out>
[InsertionContext] No OAuth token available - will use Designer Extension APIs directly
[WebflowInsertion] No Designer context, using Data API for modifications

[AuthContext] No OAuth token found - Designer Extension will use Designer APIs directly

[InsertionContext] No OAuth token available - will use Designer Extension APIs directly
[WebflowInsertion] No Designer context, using Data API for modifications

[AuthContext] No OAuth token found - Designer Extension will use Designer APIs directly

            </system-out>
            <system-err>
An update to AuthProvider inside a test was not wrapped in act(...).

When testing, code that causes React state updates should be wrapped into act(...):

act(() =&gt; {
  /* fire events that update state */
});
/* assert on the output */

This ensures that you&apos;re testing the behavior the user would see in the browser. Learn more at https://react.dev/link/wrap-tests-with-act
An update to AuthProvider inside a test was not wrapped in act(...).

When testing, code that causes React state updates should be wrapped into act(...):

act(() =&gt; {
  /* fire events that update state */
});
/* assert on the output */

This ensures that you&apos;re testing the behavior the user would see in the browser. Learn more at https://react.dev/link/wrap-tests-with-act
An update to AuthProvider inside a test was not wrapped in act(...).

When testing, code that causes React state updates should be wrapped into act(...):

act(() =&gt; {
  /* fire events that update state */
});
/* assert on the output */

This ensures that you&apos;re testing the behavior the user would see in the browser. Learn more at https://react.dev/link/wrap-tests-with-act

            </system-err>
        </testcase>
        <testcase classname="client/src/contexts/InsertionContext.test.tsx" name="InsertionContext &gt; Error Management &gt; should clear errors when requested" time="1.0471239">
            <system-out>
[InsertionContext] No OAuth token available - will use Designer Extension APIs directly
[WebflowInsertion] No Designer context, using Data API for modifications

[AuthContext] No OAuth token found - Designer Extension will use Designer APIs directly

[WebflowInsertion] Applying request: { type: [32m&apos;page_title&apos;[39m, pageId: [32m&apos;page_123&apos;[39m, value: [32m&apos;Test Title&apos;[39m }

[WebflowInsertion] Using Data API to update page title

            </system-out>
            <system-err>
[WebflowInsertion] Failed to update page title: Error: Data API not available - using Designer Extension APIs
    at Object.updatePage [90m(C:\Users\Paul Mulligan\PMDS\Projects\AI-SEO-Copilot-for-Webflow\[39mclient\src\contexts\InsertionContext.tsx:189:42[90m)[39m
    at WebflowInsertion.applyPageTitle [90m(C:\Users\Paul Mulligan\PMDS\Projects\AI-SEO-Copilot-for-Webflow\[39mclient\src\lib\webflowInsertion.ts:370:44[90m)[39m
    at WebflowInsertion.apply [90m(C:\Users\Paul Mulligan\PMDS\Projects\AI-SEO-Copilot-for-Webflow\[39mclient\src\lib\webflowInsertion.ts:96:31[90m)[39m
    at [90mC:\Users\Paul Mulligan\PMDS\Projects\AI-SEO-Copilot-for-Webflow\[39mclient\src\contexts\InsertionContext.tsx:231:22

[WebflowInsertion] Apply error: Error: Data API not available - using Designer Extension APIs
    at Object.updatePage [90m(C:\Users\Paul Mulligan\PMDS\Projects\AI-SEO-Copilot-for-Webflow\[39mclient\src\contexts\InsertionContext.tsx:189:42[90m)[39m
    at WebflowInsertion.applyPageTitle [90m(C:\Users\Paul Mulligan\PMDS\Projects\AI-SEO-Copilot-for-Webflow\[39mclient\src\lib\webflowInsertion.ts:370:44[90m)[39m
    at WebflowInsertion.apply [90m(C:\Users\Paul Mulligan\PMDS\Projects\AI-SEO-Copilot-for-Webflow\[39mclient\src\lib\webflowInsertion.ts:96:31[90m)[39m
    at [90mC:\Users\Paul Mulligan\PMDS\Projects\AI-SEO-Copilot-for-Webflow\[39mclient\src\contexts\InsertionContext.tsx:231:22

            </system-err>
            <failure message="[2mexpect([22m[31melement[39m[2m).toHaveTextContent()[22m

Expected element to have text content:
[32m  Test error[39m
Received:
[31m  no-error[39m

Ignored nodes: comments, script, style
[36m&lt;html&gt;[39m
  [36m&lt;head /&gt;[39m
  [36m&lt;body&gt;[39m
    [36m&lt;div&gt;[39m
      [36m&lt;div&gt;[39m
        [36m&lt;div[39m
          [33mdata-testid[39m=[32m&quot;loading-state&quot;[39m
        [36m&gt;[39m
          [0midle[0m
        [36m&lt;/div&gt;[39m
        [36m&lt;div[39m
          [33mdata-testid[39m=[32m&quot;error-state&quot;[39m
        [36m&gt;[39m
          [0mno-error[0m
        [36m&lt;/div&gt;[39m
        [36m&lt;div[39m
          [33mdata-testid[39m=[32m&quot;pending-count&quot;[39m
        [36m&gt;[39m
          [0m0[0m
        [36m&lt;/div&gt;[39m
        [36m&lt;div[39m
          [33mdata-testid[39m=[32m&quot;history-count&quot;[39m
        [36m&gt;[39m
          [0m1[0m
        [36m&lt;/div&gt;[39m
        [36m&lt;div[39m
          [33mdata-testid[39m=[32m&quot;last-result&quot;[39m
        [36m&gt;[39m
          [0mfailed[0m
        [36m&lt;/div&gt;[39m
        [36m&lt;button[39m
          [33mdata-testid[39m=[32m&quot;apply-single&quot;[39m
        [36m&gt;[39m
          [0mApply Single[0m
        [36m&lt;/button&gt;[39m
        [36m&lt;button[39m
          [33mdata-testid[39m=[32m&quot;apply-batch&quot;[39m
        [36m&gt;[39m
          [0mApply Batch[0m
        [36m&lt;/button&gt;[39m
        [36m&lt;button[39m
          [33mdata-testid[39m=[32m&quot;add-pending&quot;[39m
        [36m&gt;[39m
          [0mAdd Pending[0m
        [36m&lt;/button&gt;[39m
        [36m&lt;button[39m
          [33mdata-testid[39m=[32m&quot;clear-pending&quot;[39m
        [36m&gt;[39m
          [0mClear Pending[0m
        [36m&lt;/button&gt;[39m
        [36m&lt;button[39m
          [33mdata-testid[39m=[32m&quot;clear-error&quot;[39m
        [36m&gt;[39m
          [0mClear Error[0m
        [36m&lt;/button&gt;[39m
        [36m&lt;button[39m
          [33mdata-testid[39m=[32m&quot;rollback&quot;[39m
        [36m&gt;[39m
          [0mRollback[0m
        [36m&lt;/button&gt;[39m
      [36m&lt;/div&gt;[39m
    [36m&lt;/div&gt;[39m
  [36m&lt;/body&gt;[39m
[36m&lt;/html&gt;[39m" type="Error">
Error: expect(element).toHaveTextContent()

Expected element to have text content:
  Test error
Received:
  no-error

Ignored nodes: comments, script, style
&lt;html&gt;
  &lt;head /&gt;
  &lt;body&gt;
    &lt;div&gt;
      &lt;div&gt;
        &lt;div
          data-testid=&quot;loading-state&quot;
        &gt;
          idle
        &lt;/div&gt;
        &lt;div
          data-testid=&quot;error-state&quot;
        &gt;
          no-error
        &lt;/div&gt;
        &lt;div
          data-testid=&quot;pending-count&quot;
        &gt;
          0
        &lt;/div&gt;
        &lt;div
          data-testid=&quot;history-count&quot;
        &gt;
          1
        &lt;/div&gt;
        &lt;div
          data-testid=&quot;last-result&quot;
        &gt;
          failed
        &lt;/div&gt;
        &lt;button
          data-testid=&quot;apply-single&quot;
        &gt;
          Apply Single
        &lt;/button&gt;
        &lt;button
          data-testid=&quot;apply-batch&quot;
        &gt;
          Apply Batch
        &lt;/button&gt;
        &lt;button
          data-testid=&quot;add-pending&quot;
        &gt;
          Add Pending
        &lt;/button&gt;
        &lt;button
          data-testid=&quot;clear-pending&quot;
        &gt;
          Clear Pending
        &lt;/button&gt;
        &lt;button
          data-testid=&quot;clear-error&quot;
        &gt;
          Clear Error
        &lt;/button&gt;
        &lt;button
          data-testid=&quot;rollback&quot;
        &gt;
          Rollback
        &lt;/button&gt;
      &lt;/div&gt;
    &lt;/div&gt;
  &lt;/body&gt;
&lt;/html&gt;
 ❯ client/src/contexts/InsertionContext.test.tsx:498:51
 ❯ runWithExpensiveErrorDiagnosticsDisabled node_modules/.pnpm/@testing-library+dom@10.4.1/node_modules/@testing-library/dom/dist/config.js:47:12
 ❯ checkCallback node_modules/.pnpm/@testing-library+dom@10.4.1/node_modules/@testing-library/dom/dist/wait-for.js:124:77
 ❯ Timeout.checkRealTimersCallback node_modules/.pnpm/@testing-library+dom@10.4.1/node_modules/@testing-library/dom/dist/wait-for.js:118:16
            </failure>
        </testcase>
        <testcase classname="client/src/contexts/InsertionContext.test.tsx" name="InsertionContext &gt; Error Management &gt; should auto-clear errors after successful operations" time="1.0527694">
            <system-out>
[InsertionContext] No OAuth token available - will use Designer Extension APIs directly
[WebflowInsertion] No Designer context, using Data API for modifications

[AuthContext] No OAuth token found - Designer Extension will use Designer APIs directly

[WebflowInsertion] Applying request: { type: [32m&apos;page_title&apos;[39m, pageId: [32m&apos;page_123&apos;[39m, value: [32m&apos;Test Title&apos;[39m }

[WebflowInsertion] Using Data API to update page title

            </system-out>
            <system-err>
[WebflowInsertion] Failed to update page title: Error: Data API not available - using Designer Extension APIs
    at Object.updatePage [90m(C:\Users\Paul Mulligan\PMDS\Projects\AI-SEO-Copilot-for-Webflow\[39mclient\src\contexts\InsertionContext.tsx:189:42[90m)[39m
    at WebflowInsertion.applyPageTitle [90m(C:\Users\Paul Mulligan\PMDS\Projects\AI-SEO-Copilot-for-Webflow\[39mclient\src\lib\webflowInsertion.ts:370:44[90m)[39m
    at WebflowInsertion.apply [90m(C:\Users\Paul Mulligan\PMDS\Projects\AI-SEO-Copilot-for-Webflow\[39mclient\src\lib\webflowInsertion.ts:96:31[90m)[39m
    at [90mC:\Users\Paul Mulligan\PMDS\Projects\AI-SEO-Copilot-for-Webflow\[39mclient\src\contexts\InsertionContext.tsx:231:22

[WebflowInsertion] Apply error: Error: Data API not available - using Designer Extension APIs
    at Object.updatePage [90m(C:\Users\Paul Mulligan\PMDS\Projects\AI-SEO-Copilot-for-Webflow\[39mclient\src\contexts\InsertionContext.tsx:189:42[90m)[39m
    at WebflowInsertion.applyPageTitle [90m(C:\Users\Paul Mulligan\PMDS\Projects\AI-SEO-Copilot-for-Webflow\[39mclient\src\lib\webflowInsertion.ts:370:44[90m)[39m
    at WebflowInsertion.apply [90m(C:\Users\Paul Mulligan\PMDS\Projects\AI-SEO-Copilot-for-Webflow\[39mclient\src\lib\webflowInsertion.ts:96:31[90m)[39m
    at [90mC:\Users\Paul Mulligan\PMDS\Projects\AI-SEO-Copilot-for-Webflow\[39mclient\src\contexts\InsertionContext.tsx:231:22

            </system-err>
            <failure message="[2mexpect([22m[31melement[39m[2m).toHaveTextContent()[22m

Expected element to have text content:
[32m  Test error[39m
Received:
[31m  no-error[39m

Ignored nodes: comments, script, style
[36m&lt;html&gt;[39m
  [36m&lt;head /&gt;[39m
  [36m&lt;body&gt;[39m
    [36m&lt;div&gt;[39m
      [36m&lt;div&gt;[39m
        [36m&lt;div[39m
          [33mdata-testid[39m=[32m&quot;loading-state&quot;[39m
        [36m&gt;[39m
          [0midle[0m
        [36m&lt;/div&gt;[39m
        [36m&lt;div[39m
          [33mdata-testid[39m=[32m&quot;error-state&quot;[39m
        [36m&gt;[39m
          [0mno-error[0m
        [36m&lt;/div&gt;[39m
        [36m&lt;div[39m
          [33mdata-testid[39m=[32m&quot;pending-count&quot;[39m
        [36m&gt;[39m
          [0m0[0m
        [36m&lt;/div&gt;[39m
        [36m&lt;div[39m
          [33mdata-testid[39m=[32m&quot;history-count&quot;[39m
        [36m&gt;[39m
          [0m1[0m
        [36m&lt;/div&gt;[39m
        [36m&lt;div[39m
          [33mdata-testid[39m=[32m&quot;last-result&quot;[39m
        [36m&gt;[39m
          [0mfailed[0m
        [36m&lt;/div&gt;[39m
        [36m&lt;button[39m
          [33mdata-testid[39m=[32m&quot;apply-single&quot;[39m
        [36m&gt;[39m
          [0mApply Single[0m
        [36m&lt;/button&gt;[39m
        [36m&lt;button[39m
          [33mdata-testid[39m=[32m&quot;apply-batch&quot;[39m
        [36m&gt;[39m
          [0mApply Batch[0m
        [36m&lt;/button&gt;[39m
        [36m&lt;button[39m
          [33mdata-testid[39m=[32m&quot;add-pending&quot;[39m
        [36m&gt;[39m
          [0mAdd Pending[0m
        [36m&lt;/button&gt;[39m
        [36m&lt;button[39m
          [33mdata-testid[39m=[32m&quot;clear-pending&quot;[39m
        [36m&gt;[39m
          [0mClear Pending[0m
        [36m&lt;/button&gt;[39m
        [36m&lt;button[39m
          [33mdata-testid[39m=[32m&quot;clear-error&quot;[39m
        [36m&gt;[39m
          [0mClear Error[0m
        [36m&lt;/button&gt;[39m
        [36m&lt;button[39m
          [33mdata-testid[39m=[32m&quot;rollback&quot;[39m
        [36m&gt;[39m
          [0mRollback[0m
        [36m&lt;/button&gt;[39m
      [36m&lt;/div&gt;[39m
    [36m&lt;/div&gt;[39m
  [36m&lt;/body&gt;[39m
[36m&lt;/html&gt;[39m" type="Error">
Error: expect(element).toHaveTextContent()

Expected element to have text content:
  Test error
Received:
  no-error

Ignored nodes: comments, script, style
&lt;html&gt;
  &lt;head /&gt;
  &lt;body&gt;
    &lt;div&gt;
      &lt;div&gt;
        &lt;div
          data-testid=&quot;loading-state&quot;
        &gt;
          idle
        &lt;/div&gt;
        &lt;div
          data-testid=&quot;error-state&quot;
        &gt;
          no-error
        &lt;/div&gt;
        &lt;div
          data-testid=&quot;pending-count&quot;
        &gt;
          0
        &lt;/div&gt;
        &lt;div
          data-testid=&quot;history-count&quot;
        &gt;
          1
        &lt;/div&gt;
        &lt;div
          data-testid=&quot;last-result&quot;
        &gt;
          failed
        &lt;/div&gt;
        &lt;button
          data-testid=&quot;apply-single&quot;
        &gt;
          Apply Single
        &lt;/button&gt;
        &lt;button
          data-testid=&quot;apply-batch&quot;
        &gt;
          Apply Batch
        &lt;/button&gt;
        &lt;button
          data-testid=&quot;add-pending&quot;
        &gt;
          Add Pending
        &lt;/button&gt;
        &lt;button
          data-testid=&quot;clear-pending&quot;
        &gt;
          Clear Pending
        &lt;/button&gt;
        &lt;button
          data-testid=&quot;clear-error&quot;
        &gt;
          Clear Error
        &lt;/button&gt;
        &lt;button
          data-testid=&quot;rollback&quot;
        &gt;
          Rollback
        &lt;/button&gt;
      &lt;/div&gt;
    &lt;/div&gt;
  &lt;/body&gt;
&lt;/html&gt;
 ❯ client/src/contexts/InsertionContext.test.tsx:517:51
 ❯ runWithExpensiveErrorDiagnosticsDisabled node_modules/.pnpm/@testing-library+dom@10.4.1/node_modules/@testing-library/dom/dist/config.js:47:12
 ❯ checkCallback node_modules/.pnpm/@testing-library+dom@10.4.1/node_modules/@testing-library/dom/dist/wait-for.js:124:77
 ❯ Timeout.checkRealTimersCallback node_modules/.pnpm/@testing-library+dom@10.4.1/node_modules/@testing-library/dom/dist/wait-for.js:118:16
            </failure>
        </testcase>
        <testcase classname="client/src/contexts/InsertionContext.test.tsx" name="InsertionContext &gt; History Management &gt; should track insertion history" time="0.0895454">
            <system-out>
[InsertionContext] No OAuth token available - will use Designer Extension APIs directly
[WebflowInsertion] No Designer context, using Data API for modifications

[AuthContext] No OAuth token found - Designer Extension will use Designer APIs directly

[WebflowInsertion] Applying request: { type: [32m&apos;page_title&apos;[39m, pageId: [32m&apos;page_123&apos;[39m, value: [32m&apos;Test Title&apos;[39m }

[WebflowInsertion] Using Data API to update page title

[WebflowInsertion] Applying request: { type: [32m&apos;page_title&apos;[39m, pageId: [32m&apos;page_123&apos;[39m, value: [32m&apos;Test Title&apos;[39m }

[WebflowInsertion] Using Data API to update page title

            </system-out>
            <system-err>
[WebflowInsertion] Failed to update page title: Error: Data API not available - using Designer Extension APIs
    at Object.updatePage [90m(C:\Users\Paul Mulligan\PMDS\Projects\AI-SEO-Copilot-for-Webflow\[39mclient\src\contexts\InsertionContext.tsx:189:42[90m)[39m
    at WebflowInsertion.applyPageTitle [90m(C:\Users\Paul Mulligan\PMDS\Projects\AI-SEO-Copilot-for-Webflow\[39mclient\src\lib\webflowInsertion.ts:370:44[90m)[39m
    at WebflowInsertion.apply [90m(C:\Users\Paul Mulligan\PMDS\Projects\AI-SEO-Copilot-for-Webflow\[39mclient\src\lib\webflowInsertion.ts:96:31[90m)[39m
    at [90mC:\Users\Paul Mulligan\PMDS\Projects\AI-SEO-Copilot-for-Webflow\[39mclient\src\contexts\InsertionContext.tsx:231:22

[WebflowInsertion] Apply error: Error: Data API not available - using Designer Extension APIs
    at Object.updatePage [90m(C:\Users\Paul Mulligan\PMDS\Projects\AI-SEO-Copilot-for-Webflow\[39mclient\src\contexts\InsertionContext.tsx:189:42[90m)[39m
    at WebflowInsertion.applyPageTitle [90m(C:\Users\Paul Mulligan\PMDS\Projects\AI-SEO-Copilot-for-Webflow\[39mclient\src\lib\webflowInsertion.ts:370:44[90m)[39m
    at WebflowInsertion.apply [90m(C:\Users\Paul Mulligan\PMDS\Projects\AI-SEO-Copilot-for-Webflow\[39mclient\src\lib\webflowInsertion.ts:96:31[90m)[39m
    at [90mC:\Users\Paul Mulligan\PMDS\Projects\AI-SEO-Copilot-for-Webflow\[39mclient\src\contexts\InsertionContext.tsx:231:22

[WebflowInsertion] Failed to update page title: Error: Data API not available - using Designer Extension APIs
    at Object.updatePage [90m(C:\Users\Paul Mulligan\PMDS\Projects\AI-SEO-Copilot-for-Webflow\[39mclient\src\contexts\InsertionContext.tsx:189:42[90m)[39m
    at WebflowInsertion.applyPageTitle [90m(C:\Users\Paul Mulligan\PMDS\Projects\AI-SEO-Copilot-for-Webflow\[39mclient\src\lib\webflowInsertion.ts:370:44[90m)[39m
    at WebflowInsertion.apply [90m(C:\Users\Paul Mulligan\PMDS\Projects\AI-SEO-Copilot-for-Webflow\[39mclient\src\lib\webflowInsertion.ts:96:31[90m)[39m
    at [90mC:\Users\Paul Mulligan\PMDS\Projects\AI-SEO-Copilot-for-Webflow\[39mclient\src\contexts\InsertionContext.tsx:231:22

[WebflowInsertion] Apply error: Error: Data API not available - using Designer Extension APIs
    at Object.updatePage [90m(C:\Users\Paul Mulligan\PMDS\Projects\AI-SEO-Copilot-for-Webflow\[39mclient\src\contexts\InsertionContext.tsx:189:42[90m)[39m
    at WebflowInsertion.applyPageTitle [90m(C:\Users\Paul Mulligan\PMDS\Projects\AI-SEO-Copilot-for-Webflow\[39mclient\src\lib\webflowInsertion.ts:370:44[90m)[39m
    at WebflowInsertion.apply [90m(C:\Users\Paul Mulligan\PMDS\Projects\AI-SEO-Copilot-for-Webflow\[39mclient\src\lib\webflowInsertion.ts:96:31[90m)[39m
    at [90mC:\Users\Paul Mulligan\PMDS\Projects\AI-SEO-Copilot-for-Webflow\[39mclient\src\contexts\InsertionContext.tsx:231:22

            </system-err>
        </testcase>
        <testcase classname="client/src/contexts/InsertionContext.test.tsx" name="InsertionContext &gt; History Management &gt; should limit history size" time="0.1554501">
            <system-out>
[InsertionContext] No OAuth token available - will use Designer Extension APIs directly
[WebflowInsertion] No Designer context, using Data API for modifications
[InsertionContext] No OAuth token available - will use Designer Extension APIs directly
[WebflowInsertion] No Designer context, using Data API for modifications

[AuthContext] No OAuth token found - Designer Extension will use Designer APIs directly

[WebflowInsertion] Applying request: { type: [32m&apos;page_title&apos;[39m, pageId: [32m&apos;page_123&apos;[39m, value: [32m&apos;Test Title&apos;[39m }

[WebflowInsertion] Using Data API to update page title

[WebflowInsertion] Applying request: { type: [32m&apos;page_title&apos;[39m, pageId: [32m&apos;page_123&apos;[39m, value: [32m&apos;Test Title&apos;[39m }

[WebflowInsertion] Using Data API to update page title

[WebflowInsertion] Applying request: { type: [32m&apos;page_title&apos;[39m, pageId: [32m&apos;page_123&apos;[39m, value: [32m&apos;Test Title&apos;[39m }

[WebflowInsertion] Using Data API to update page title

            </system-out>
            <system-err>
[WebflowInsertion] Failed to update page title: Error: Data API not available - using Designer Extension APIs
    at Object.updatePage [90m(C:\Users\Paul Mulligan\PMDS\Projects\AI-SEO-Copilot-for-Webflow\[39mclient\src\contexts\InsertionContext.tsx:189:42[90m)[39m
    at WebflowInsertion.applyPageTitle [90m(C:\Users\Paul Mulligan\PMDS\Projects\AI-SEO-Copilot-for-Webflow\[39mclient\src\lib\webflowInsertion.ts:370:44[90m)[39m
    at WebflowInsertion.apply [90m(C:\Users\Paul Mulligan\PMDS\Projects\AI-SEO-Copilot-for-Webflow\[39mclient\src\lib\webflowInsertion.ts:96:31[90m)[39m
[90m    at runNextTicks (node:internal/process/task_queues:65:5)[39m
[90m    at processTimers (node:internal/timers:520:9)[39m
    at [90mC:\Users\Paul Mulligan\PMDS\Projects\AI-SEO-Copilot-for-Webflow\[39mclient\src\contexts\InsertionContext.tsx:231:22

[WebflowInsertion] Apply error: Error: Data API not available - using Designer Extension APIs
    at Object.updatePage [90m(C:\Users\Paul Mulligan\PMDS\Projects\AI-SEO-Copilot-for-Webflow\[39mclient\src\contexts\InsertionContext.tsx:189:42[90m)[39m
    at WebflowInsertion.applyPageTitle [90m(C:\Users\Paul Mulligan\PMDS\Projects\AI-SEO-Copilot-for-Webflow\[39mclient\src\lib\webflowInsertion.ts:370:44[90m)[39m
    at WebflowInsertion.apply [90m(C:\Users\Paul Mulligan\PMDS\Projects\AI-SEO-Copilot-for-Webflow\[39mclient\src\lib\webflowInsertion.ts:96:31[90m)[39m
[90m    at runNextTicks (node:internal/process/task_queues:65:5)[39m
[90m    at processTimers (node:internal/timers:520:9)[39m
    at [90mC:\Users\Paul Mulligan\PMDS\Projects\AI-SEO-Copilot-for-Webflow\[39mclient\src\contexts\InsertionContext.tsx:231:22

[WebflowInsertion] Failed to update page title: Error: Data API not available - using Designer Extension APIs
    at Object.updatePage [90m(C:\Users\Paul Mulligan\PMDS\Projects\AI-SEO-Copilot-for-Webflow\[39mclient\src\contexts\InsertionContext.tsx:189:42[90m)[39m
    at WebflowInsertion.applyPageTitle [90m(C:\Users\Paul Mulligan\PMDS\Projects\AI-SEO-Copilot-for-Webflow\[39mclient\src\lib\webflowInsertion.ts:370:44[90m)[39m
    at WebflowInsertion.apply [90m(C:\Users\Paul Mulligan\PMDS\Projects\AI-SEO-Copilot-for-Webflow\[39mclient\src\lib\webflowInsertion.ts:96:31[90m)[39m
    at [90mC:\Users\Paul Mulligan\PMDS\Projects\AI-SEO-Copilot-for-Webflow\[39mclient\src\contexts\InsertionContext.tsx:231:22

[WebflowInsertion] Apply error: Error: Data API not available - using Designer Extension APIs
    at Object.updatePage [90m(C:\Users\Paul Mulligan\PMDS\Projects\AI-SEO-Copilot-for-Webflow\[39mclient\src\contexts\InsertionContext.tsx:189:42[90m)[39m
    at WebflowInsertion.applyPageTitle [90m(C:\Users\Paul Mulligan\PMDS\Projects\AI-SEO-Copilot-for-Webflow\[39mclient\src\lib\webflowInsertion.ts:370:44[90m)[39m
    at WebflowInsertion.apply [90m(C:\Users\Paul Mulligan\PMDS\Projects\AI-SEO-Copilot-for-Webflow\[39mclient\src\lib\webflowInsertion.ts:96:31[90m)[39m
    at [90mC:\Users\Paul Mulligan\PMDS\Projects\AI-SEO-Copilot-for-Webflow\[39mclient\src\contexts\InsertionContext.tsx:231:22

[WebflowInsertion] Failed to update page title: Error: Data API not available - using Designer Extension APIs
    at Object.updatePage [90m(C:\Users\Paul Mulligan\PMDS\Projects\AI-SEO-Copilot-for-Webflow\[39mclient\src\contexts\InsertionContext.tsx:189:42[90m)[39m
    at WebflowInsertion.applyPageTitle [90m(C:\Users\Paul Mulligan\PMDS\Projects\AI-SEO-Copilot-for-Webflow\[39mclient\src\lib\webflowInsertion.ts:370:44[90m)[39m
    at WebflowInsertion.apply [90m(C:\Users\Paul Mulligan\PMDS\Projects\AI-SEO-Copilot-for-Webflow\[39mclient\src\lib\webflowInsertion.ts:96:31[90m)[39m
    at [90mC:\Users\Paul Mulligan\PMDS\Projects\AI-SEO-Copilot-for-Webflow\[39mclient\src\contexts\InsertionContext.tsx:231:22

[WebflowInsertion] Apply error: Error: Data API not available - using Designer Extension APIs
    at Object.updatePage [90m(C:\Users\Paul Mulligan\PMDS\Projects\AI-SEO-Copilot-for-Webflow\[39mclient\src\contexts\InsertionContext.tsx:189:42[90m)[39m
    at WebflowInsertion.applyPageTitle [90m(C:\Users\Paul Mulligan\PMDS\Projects\AI-SEO-Copilot-for-Webflow\[39mclient\src\lib\webflowInsertion.ts:370:44[90m)[39m
    at WebflowInsertion.apply [90m(C:\Users\Paul Mulligan\PMDS\Projects\AI-SEO-Copilot-for-Webflow\[39mclient\src\lib\webflowInsertion.ts:96:31[90m)[39m
    at [90mC:\Users\Paul Mulligan\PMDS\Projects\AI-SEO-Copilot-for-Webflow\[39mclient\src\contexts\InsertionContext.tsx:231:22

            </system-err>
        </testcase>
        <testcase classname="client/src/contexts/InsertionContext.test.tsx" name="InsertionContext &gt; History Management &gt; should include timestamps in history" time="0.0637299">
            <system-out>
[InsertionContext] No OAuth token available - will use Designer Extension APIs directly
[WebflowInsertion] No Designer context, using Data API for modifications

[AuthContext] No OAuth token found - Designer Extension will use Designer APIs directly

[WebflowInsertion] Applying request: { type: [32m&apos;page_title&apos;[39m, pageId: [32m&apos;page_123&apos;[39m, value: [32m&apos;Test Title&apos;[39m }

[WebflowInsertion] Using Data API to update page title

            </system-out>
            <system-err>
[WebflowInsertion] Failed to update page title: Error: Data API not available - using Designer Extension APIs
    at Object.updatePage [90m(C:\Users\Paul Mulligan\PMDS\Projects\AI-SEO-Copilot-for-Webflow\[39mclient\src\contexts\InsertionContext.tsx:189:42[90m)[39m
    at WebflowInsertion.applyPageTitle [90m(C:\Users\Paul Mulligan\PMDS\Projects\AI-SEO-Copilot-for-Webflow\[39mclient\src\lib\webflowInsertion.ts:370:44[90m)[39m
    at WebflowInsertion.apply [90m(C:\Users\Paul Mulligan\PMDS\Projects\AI-SEO-Copilot-for-Webflow\[39mclient\src\lib\webflowInsertion.ts:96:31[90m)[39m
    at [90mC:\Users\Paul Mulligan\PMDS\Projects\AI-SEO-Copilot-for-Webflow\[39mclient\src\contexts\InsertionContext.tsx:231:22

[WebflowInsertion] Apply error: Error: Data API not available - using Designer Extension APIs
    at Object.updatePage [90m(C:\Users\Paul Mulligan\PMDS\Projects\AI-SEO-Copilot-for-Webflow\[39mclient\src\contexts\InsertionContext.tsx:189:42[90m)[39m
    at WebflowInsertion.applyPageTitle [90m(C:\Users\Paul Mulligan\PMDS\Projects\AI-SEO-Copilot-for-Webflow\[39mclient\src\lib\webflowInsertion.ts:370:44[90m)[39m
    at WebflowInsertion.apply [90m(C:\Users\Paul Mulligan\PMDS\Projects\AI-SEO-Copilot-for-Webflow\[39mclient\src\lib\webflowInsertion.ts:96:31[90m)[39m
    at [90mC:\Users\Paul Mulligan\PMDS\Projects\AI-SEO-Copilot-for-Webflow\[39mclient\src\contexts\InsertionContext.tsx:231:22

            </system-err>
        </testcase>
        <testcase classname="client/src/contexts/InsertionContext.test.tsx" name="InsertionContext &gt; Progress Tracking &gt; should track batch operation progress" time="2.0335821">
            <system-out>
[InsertionContext] No OAuth token available - will use Designer Extension APIs directly
[WebflowInsertion] No Designer context, using Data API for modifications

[AuthContext] No OAuth token found - Designer Extension will use Designer APIs directly

[WebflowInsertion] Starting batch apply: {
  operationCount: [33m2[39m,
  operations: [
    { type: [32m&apos;page_title&apos;[39m, pageId: [32m&apos;page_123&apos;[39m },
    { type: [32m&apos;meta_description&apos;[39m, pageId: [32m&apos;page_123&apos;[39m }
  ],
  rollbackEnabled: [90mundefined[39m
}
[WebflowInsertion] Applying request: { type: [32m&apos;page_title&apos;[39m, pageId: [32m&apos;page_123&apos;[39m, value: [32m&apos;Title 1&apos;[39m }

[WebflowInsertion] Using Data API to update page title

[WebflowInsertion] Applying request: { type: [32m&apos;meta_description&apos;[39m, pageId: [32m&apos;page_123&apos;[39m, value: [32m&apos;Desc 1&apos;[39m }

[WebflowInsertion] Using Data API to update meta description

[WebflowInsertion] Batch apply completed: {
  succeeded: [33m0[39m,
  failed: [33m2[39m,
  total: [33m2[39m,
  success: [33mfalse[39m,
  results: [
    { success: [33mfalse[39m, error: [36m[Object][39m },
    { success: [33mfalse[39m, error: [36m[Object][39m }
  ]
}

            </system-out>
            <system-err>
[WebflowInsertion] Failed to update page title: Error: Data API not available - using Designer Extension APIs
    at Object.updatePage [90m(C:\Users\Paul Mulligan\PMDS\Projects\AI-SEO-Copilot-for-Webflow\[39mclient\src\contexts\InsertionContext.tsx:189:42[90m)[39m
    at WebflowInsertion.applyPageTitle [90m(C:\Users\Paul Mulligan\PMDS\Projects\AI-SEO-Copilot-for-Webflow\[39mclient\src\lib\webflowInsertion.ts:370:44[90m)[39m
    at WebflowInsertion.apply [90m(C:\Users\Paul Mulligan\PMDS\Projects\AI-SEO-Copilot-for-Webflow\[39mclient\src\lib\webflowInsertion.ts:96:31[90m)[39m
    at WebflowInsertion.applyBatch [90m(C:\Users\Paul Mulligan\PMDS\Projects\AI-SEO-Copilot-for-Webflow\[39mclient\src\lib\webflowInsertion.ts:189:22[90m)[39m
    at [90mC:\Users\Paul Mulligan\PMDS\Projects\AI-SEO-Copilot-for-Webflow\[39mclient\src\contexts\InsertionContext.tsx:269:22

[WebflowInsertion] Apply error: Error: Data API not available - using Designer Extension APIs
    at Object.updatePage [90m(C:\Users\Paul Mulligan\PMDS\Projects\AI-SEO-Copilot-for-Webflow\[39mclient\src\contexts\InsertionContext.tsx:189:42[90m)[39m
    at WebflowInsertion.applyPageTitle [90m(C:\Users\Paul Mulligan\PMDS\Projects\AI-SEO-Copilot-for-Webflow\[39mclient\src\lib\webflowInsertion.ts:370:44[90m)[39m
    at WebflowInsertion.apply [90m(C:\Users\Paul Mulligan\PMDS\Projects\AI-SEO-Copilot-for-Webflow\[39mclient\src\lib\webflowInsertion.ts:96:31[90m)[39m
    at WebflowInsertion.applyBatch [90m(C:\Users\Paul Mulligan\PMDS\Projects\AI-SEO-Copilot-for-Webflow\[39mclient\src\lib\webflowInsertion.ts:189:22[90m)[39m
    at [90mC:\Users\Paul Mulligan\PMDS\Projects\AI-SEO-Copilot-for-Webflow\[39mclient\src\contexts\InsertionContext.tsx:269:22

[WebflowInsertion] Failed to update meta description: Error: Data API not available - using Designer Extension APIs
    at Object.updatePage [90m(C:\Users\Paul Mulligan\PMDS\Projects\AI-SEO-Copilot-for-Webflow\[39mclient\src\contexts\InsertionContext.tsx:189:42[90m)[39m
    at WebflowInsertion.applyMetaDescription [90m(C:\Users\Paul Mulligan\PMDS\Projects\AI-SEO-Copilot-for-Webflow\[39mclient\src\lib\webflowInsertion.ts:417:44[90m)[39m
    at WebflowInsertion.apply [90m(C:\Users\Paul Mulligan\PMDS\Projects\AI-SEO-Copilot-for-Webflow\[39mclient\src\lib\webflowInsertion.ts:99:31[90m)[39m
    at WebflowInsertion.applyBatch [90m(C:\Users\Paul Mulligan\PMDS\Projects\AI-SEO-Copilot-for-Webflow\[39mclient\src\lib\webflowInsertion.ts:189:22[90m)[39m
    at [90mC:\Users\Paul Mulligan\PMDS\Projects\AI-SEO-Copilot-for-Webflow\[39mclient\src\contexts\InsertionContext.tsx:269:22

[WebflowInsertion] Apply error: Error: Data API not available - using Designer Extension APIs
    at Object.updatePage [90m(C:\Users\Paul Mulligan\PMDS\Projects\AI-SEO-Copilot-for-Webflow\[39mclient\src\contexts\InsertionContext.tsx:189:42[90m)[39m
    at WebflowInsertion.applyMetaDescription [90m(C:\Users\Paul Mulligan\PMDS\Projects\AI-SEO-Copilot-for-Webflow\[39mclient\src\lib\webflowInsertion.ts:417:44[90m)[39m
    at WebflowInsertion.apply [90m(C:\Users\Paul Mulligan\PMDS\Projects\AI-SEO-Copilot-for-Webflow\[39mclient\src\lib\webflowInsertion.ts:99:31[90m)[39m
    at WebflowInsertion.applyBatch [90m(C:\Users\Paul Mulligan\PMDS\Projects\AI-SEO-Copilot-for-Webflow\[39mclient\src\lib\webflowInsertion.ts:189:22[90m)[39m
    at [90mC:\Users\Paul Mulligan\PMDS\Projects\AI-SEO-Copilot-for-Webflow\[39mclient\src\contexts\InsertionContext.tsx:269:22

            </system-err>
            <failure message="Unable to find an element by: [data-testid=&quot;progress&quot;]

Ignored nodes: comments, script, style
[36m&lt;body&gt;[39m
  [36m&lt;div&gt;[39m
    [36m&lt;div&gt;[39m
      [36m&lt;div[39m
        [33mdata-testid[39m=[32m&quot;loading-state&quot;[39m
      [36m&gt;[39m
        [0midle[0m
      [36m&lt;/div&gt;[39m
      [36m&lt;div[39m
        [33mdata-testid[39m=[32m&quot;error-state&quot;[39m
      [36m&gt;[39m
        [0mno-error[0m
      [36m&lt;/div&gt;[39m
      [36m&lt;div[39m
        [33mdata-testid[39m=[32m&quot;pending-count&quot;[39m
      [36m&gt;[39m
        [0m0[0m
      [36m&lt;/div&gt;[39m
      [36m&lt;div[39m
        [33mdata-testid[39m=[32m&quot;history-count&quot;[39m
      [36m&gt;[39m
        [0m1[0m
      [36m&lt;/div&gt;[39m
      [36m&lt;div[39m
        [33mdata-testid[39m=[32m&quot;last-result&quot;[39m
      [36m&gt;[39m
        [0mfailed[0m
      [36m&lt;/div&gt;[39m
      [36m&lt;button[39m
        [33mdata-testid[39m=[32m&quot;apply-single&quot;[39m
      [36m&gt;[39m
        [0mApply Single[0m
      [36m&lt;/button&gt;[39m
      [36m&lt;button[39m
        [33mdata-testid[39m=[32m&quot;apply-batch&quot;[39m
      [36m&gt;[39m
        [0mApply Batch[0m
      [36m&lt;/button&gt;[39m
      [36m&lt;button[39m
        [33mdata-testid[39m=[32m&quot;add-pending&quot;[39m
      [36m&gt;[39m
        [0mAdd Pending[0m
      [36m&lt;/button&gt;[39m
      [36m&lt;button[39m
        [33mdata-testid[39m=[32m&quot;clear-pending&quot;[39m
      [36m&gt;[39m
        [0mClear Pending[0m
      [36m&lt;/button&gt;[39m
      [36m&lt;button[39m
        [33mdata-testid[39m=[32m&quot;clear-error&quot;[39m
      [36m&gt;[39m
        [0mClear Error[0m
      [36m&lt;/button&gt;[39m
      [36m&lt;button[39m
        [33mdata-testid[39m=[32m&quot;rollback&quot;[39m
      [36m&gt;[39m
        [0mRollback[0m
      [36m&lt;/button&gt;[39m
    [36m&lt;/div&gt;[39m
  [36m&lt;/div&gt;[39m
[36m&lt;/body&gt;[39m

Ignored nodes: comments, script, style
[36m&lt;html&gt;[39m
  [36m&lt;head /&gt;[39m
  [36m&lt;body&gt;[39m
    [36m&lt;div&gt;[39m
      [36m&lt;div&gt;[39m
        [36m&lt;div[39m
          [33mdata-testid[39m=[32m&quot;loading-state&quot;[39m
        [36m&gt;[39m
          [0midle[0m
        [36m&lt;/div&gt;[39m
        [36m&lt;div[39m
          [33mdata-testid[39m=[32m&quot;error-state&quot;[39m
        [36m&gt;[39m
          [0mno-error[0m
        [36m&lt;/div&gt;[39m
        [36m&lt;div[39m
          [33mdata-testid[39m=[32m&quot;pending-count&quot;[39m
        [36m&gt;[39m
          [0m0[0m
        [36m&lt;/div&gt;[39m
        [36m&lt;div[39m
          [33mdata-testid[39m=[32m&quot;history-count&quot;[39m
        [36m&gt;[39m
          [0m1[0m
        [36m&lt;/div&gt;[39m
        [36m&lt;div[39m
          [33mdata-testid[39m=[32m&quot;last-result&quot;[39m
        [36m&gt;[39m
          [0mfailed[0m
        [36m&lt;/div&gt;[39m
        [36m&lt;button[39m
          [33mdata-testid[39m=[32m&quot;apply-single&quot;[39m
        [36m&gt;[39m
          [0mApply Single[0m
        [36m&lt;/button&gt;[39m
        [36m&lt;button[39m
          [33mdata-testid[39m=[32m&quot;apply-batch&quot;[39m
        [36m&gt;[39m
          [0mApply Batch[0m
        [36m&lt;/button&gt;[39m
        [36m&lt;button[39m
          [33mdata-testid[39m=[32m&quot;add-pending&quot;[39m
        [36m&gt;[39m
          [0mAdd Pending[0m
        [36m&lt;/button&gt;[39m
        [36m&lt;button[39m
          [33mdata-testid[39m=[32m&quot;clear-pending&quot;[39m
        [36m&gt;[39m
          [0mClear Pending[0m
        [36m&lt;/button&gt;[39m
        [36m&lt;button[39m
          [33mdata-testid[39m=[32m&quot;clear-error&quot;[39m
        [36m&gt;[39m
          [0mClear Error[0m
        [36m&lt;/button&gt;[39m
        [36m&lt;button[39m
          [33mdata-testid[39m=[32m&quot;rollback&quot;[39m
        [36m&gt;[39m
          [0mRollback[0m
        [36m&lt;/button&gt;[39m
      [36m&lt;/div&gt;[39m
    [36m&lt;/div&gt;[39m
  [36m&lt;/body&gt;[39m
[36m&lt;/html&gt;[39m" type="TestingLibraryElementError">
TestingLibraryElementError: Unable to find an element by: [data-testid=&quot;progress&quot;]

Ignored nodes: comments, script, style
&lt;body&gt;
  &lt;div&gt;
    &lt;div&gt;
      &lt;div
        data-testid=&quot;loading-state&quot;
      &gt;
        idle
      &lt;/div&gt;
      &lt;div
        data-testid=&quot;error-state&quot;
      &gt;
        no-error
      &lt;/div&gt;
      &lt;div
        data-testid=&quot;pending-count&quot;
      &gt;
        0
      &lt;/div&gt;
      &lt;div
        data-testid=&quot;history-count&quot;
      &gt;
        1
      &lt;/div&gt;
      &lt;div
        data-testid=&quot;last-result&quot;
      &gt;
        failed
      &lt;/div&gt;
      &lt;button
        data-testid=&quot;apply-single&quot;
      &gt;
        Apply Single
      &lt;/button&gt;
      &lt;button
        data-testid=&quot;apply-batch&quot;
      &gt;
        Apply Batch
      &lt;/button&gt;
      &lt;button
        data-testid=&quot;add-pending&quot;
      &gt;
        Add Pending
      &lt;/button&gt;
      &lt;button
        data-testid=&quot;clear-pending&quot;
      &gt;
        Clear Pending
      &lt;/button&gt;
      &lt;button
        data-testid=&quot;clear-error&quot;
      &gt;
        Clear Error
      &lt;/button&gt;
      &lt;button
        data-testid=&quot;rollback&quot;
      &gt;
        Rollback
      &lt;/button&gt;
    &lt;/div&gt;
  &lt;/div&gt;
&lt;/body&gt;

Ignored nodes: comments, script, style
&lt;html&gt;
  &lt;head /&gt;
  &lt;body&gt;
    &lt;div&gt;
      &lt;div&gt;
        &lt;div
          data-testid=&quot;loading-state&quot;
        &gt;
          idle
        &lt;/div&gt;
        &lt;div
          data-testid=&quot;error-state&quot;
        &gt;
          no-error
        &lt;/div&gt;
        &lt;div
          data-testid=&quot;pending-count&quot;
        &gt;
          0
        &lt;/div&gt;
        &lt;div
          data-testid=&quot;history-count&quot;
        &gt;
          1
        &lt;/div&gt;
        &lt;div
          data-testid=&quot;last-result&quot;
        &gt;
          failed
        &lt;/div&gt;
        &lt;button
          data-testid=&quot;apply-single&quot;
        &gt;
          Apply Single
        &lt;/button&gt;
        &lt;button
          data-testid=&quot;apply-batch&quot;
        &gt;
          Apply Batch
        &lt;/button&gt;
        &lt;button
          data-testid=&quot;add-pending&quot;
        &gt;
          Add Pending
        &lt;/button&gt;
        &lt;button
          data-testid=&quot;clear-pending&quot;
        &gt;
          Clear Pending
        &lt;/button&gt;
        &lt;button
          data-testid=&quot;clear-error&quot;
        &gt;
          Clear Error
        &lt;/button&gt;
        &lt;button
          data-testid=&quot;rollback&quot;
        &gt;
          Rollback
        &lt;/button&gt;
      &lt;/div&gt;
    &lt;/div&gt;
  &lt;/body&gt;
&lt;/html&gt;
 ❯ Proxy.waitFor node_modules/.pnpm/@testing-library+dom@10.4.1/node_modules/@testing-library/dom/dist/wait-for.js:163:27
 ❯ client/src/contexts/InsertionContext.test.tsx:633:13
            </failure>
        </testcase>
        <testcase classname="client/src/contexts/InsertionContext.test.tsx" name="InsertionContext &gt; Progress Tracking &gt; should clear progress after completion" time="0.0455519">
            <system-out>
[InsertionContext] No OAuth token available - will use Designer Extension APIs directly
[WebflowInsertion] No Designer context, using Data API for modifications

[AuthContext] No OAuth token found - Designer Extension will use Designer APIs directly

[WebflowInsertion] Starting batch apply: {
  operationCount: [33m2[39m,
  operations: [
    { type: [32m&apos;page_title&apos;[39m, pageId: [32m&apos;page_123&apos;[39m },
    { type: [32m&apos;meta_description&apos;[39m, pageId: [32m&apos;page_123&apos;[39m }
  ],
  rollbackEnabled: [90mundefined[39m
}
[WebflowInsertion] Applying request: { type: [32m&apos;page_title&apos;[39m, pageId: [32m&apos;page_123&apos;[39m, value: [32m&apos;Title 1&apos;[39m }

[WebflowInsertion] Using Data API to update page title

[WebflowInsertion] Applying request: { type: [32m&apos;meta_description&apos;[39m, pageId: [32m&apos;page_123&apos;[39m, value: [32m&apos;Desc 1&apos;[39m }

[WebflowInsertion] Using Data API to update meta description

[WebflowInsertion] Batch apply completed: {
  succeeded: [33m0[39m,
  failed: [33m2[39m,
  total: [33m2[39m,
  success: [33mfalse[39m,
  results: [
    { success: [33mfalse[39m, error: [36m[Object][39m },
    { success: [33mfalse[39m, error: [36m[Object][39m }
  ]
}

            </system-out>
            <system-err>
[WebflowInsertion] Failed to update page title: Error: Data API not available - using Designer Extension APIs
    at Object.updatePage [90m(C:\Users\Paul Mulligan\PMDS\Projects\AI-SEO-Copilot-for-Webflow\[39mclient\src\contexts\InsertionContext.tsx:189:42[90m)[39m
    at WebflowInsertion.applyPageTitle [90m(C:\Users\Paul Mulligan\PMDS\Projects\AI-SEO-Copilot-for-Webflow\[39mclient\src\lib\webflowInsertion.ts:370:44[90m)[39m
    at WebflowInsertion.apply [90m(C:\Users\Paul Mulligan\PMDS\Projects\AI-SEO-Copilot-for-Webflow\[39mclient\src\lib\webflowInsertion.ts:96:31[90m)[39m
    at WebflowInsertion.applyBatch [90m(C:\Users\Paul Mulligan\PMDS\Projects\AI-SEO-Copilot-for-Webflow\[39mclient\src\lib\webflowInsertion.ts:189:22[90m)[39m
    at [90mC:\Users\Paul Mulligan\PMDS\Projects\AI-SEO-Copilot-for-Webflow\[39mclient\src\contexts\InsertionContext.tsx:269:22

[WebflowInsertion] Apply error: Error: Data API not available - using Designer Extension APIs
    at Object.updatePage [90m(C:\Users\Paul Mulligan\PMDS\Projects\AI-SEO-Copilot-for-Webflow\[39mclient\src\contexts\InsertionContext.tsx:189:42[90m)[39m
    at WebflowInsertion.applyPageTitle [90m(C:\Users\Paul Mulligan\PMDS\Projects\AI-SEO-Copilot-for-Webflow\[39mclient\src\lib\webflowInsertion.ts:370:44[90m)[39m
    at WebflowInsertion.apply [90m(C:\Users\Paul Mulligan\PMDS\Projects\AI-SEO-Copilot-for-Webflow\[39mclient\src\lib\webflowInsertion.ts:96:31[90m)[39m
    at WebflowInsertion.applyBatch [90m(C:\Users\Paul Mulligan\PMDS\Projects\AI-SEO-Copilot-for-Webflow\[39mclient\src\lib\webflowInsertion.ts:189:22[90m)[39m
    at [90mC:\Users\Paul Mulligan\PMDS\Projects\AI-SEO-Copilot-for-Webflow\[39mclient\src\contexts\InsertionContext.tsx:269:22

[WebflowInsertion] Failed to update meta description: Error: Data API not available - using Designer Extension APIs
    at Object.updatePage [90m(C:\Users\Paul Mulligan\PMDS\Projects\AI-SEO-Copilot-for-Webflow\[39mclient\src\contexts\InsertionContext.tsx:189:42[90m)[39m
    at WebflowInsertion.applyMetaDescription [90m(C:\Users\Paul Mulligan\PMDS\Projects\AI-SEO-Copilot-for-Webflow\[39mclient\src\lib\webflowInsertion.ts:417:44[90m)[39m
    at WebflowInsertion.apply [90m(C:\Users\Paul Mulligan\PMDS\Projects\AI-SEO-Copilot-for-Webflow\[39mclient\src\lib\webflowInsertion.ts:99:31[90m)[39m
    at WebflowInsertion.applyBatch [90m(C:\Users\Paul Mulligan\PMDS\Projects\AI-SEO-Copilot-for-Webflow\[39mclient\src\lib\webflowInsertion.ts:189:22[90m)[39m
    at [90mC:\Users\Paul Mulligan\PMDS\Projects\AI-SEO-Copilot-for-Webflow\[39mclient\src\contexts\InsertionContext.tsx:269:22

[WebflowInsertion] Apply error: Error: Data API not available - using Designer Extension APIs
    at Object.updatePage [90m(C:\Users\Paul Mulligan\PMDS\Projects\AI-SEO-Copilot-for-Webflow\[39mclient\src\contexts\InsertionContext.tsx:189:42[90m)[39m
    at WebflowInsertion.applyMetaDescription [90m(C:\Users\Paul Mulligan\PMDS\Projects\AI-SEO-Copilot-for-Webflow\[39mclient\src\lib\webflowInsertion.ts:417:44[90m)[39m
    at WebflowInsertion.apply [90m(C:\Users\Paul Mulligan\PMDS\Projects\AI-SEO-Copilot-for-Webflow\[39mclient\src\lib\webflowInsertion.ts:99:31[90m)[39m
    at WebflowInsertion.applyBatch [90m(C:\Users\Paul Mulligan\PMDS\Projects\AI-SEO-Copilot-for-Webflow\[39mclient\src\lib\webflowInsertion.ts:189:22[90m)[39m
    at [90mC:\Users\Paul Mulligan\PMDS\Projects\AI-SEO-Copilot-for-Webflow\[39mclient\src\contexts\InsertionContext.tsx:269:22

            </system-err>
        </testcase>
    </testsuite>
    <testsuite name="client/src/hooks/use-mobile.test.tsx" timestamp="2025-10-09T00:10:01.931Z" hostname="JohnDee" tests="8" failures="0" errors="0" skipped="0" time="0.0540686">
        <testcase classname="client/src/hooks/use-mobile.test.tsx" name="useMobile Hook &gt; should initialize as mobile when width is less than 768px" time="0.0224308">
        </testcase>
        <testcase classname="client/src/hooks/use-mobile.test.tsx" name="useMobile Hook &gt; should initialize as desktop when width is 768px or greater" time="0.0028506">
        </testcase>
        <testcase classname="client/src/hooks/use-mobile.test.tsx" name="useMobile Hook &gt; should add event listener for resize on mount" time="0.0061358">
        </testcase>
        <testcase classname="client/src/hooks/use-mobile.test.tsx" name="useMobile Hook &gt; should remove event listener on unmount" time="0.0032648">
        </testcase>
        <testcase classname="client/src/hooks/use-mobile.test.tsx" name="useMobile Hook &gt; should update value when window is resized" time="0.0050703">
            <system-err>
An update to TestComponent inside a test was not wrapped in act(...).

When testing, code that causes React state updates should be wrapped into act(...):

act(() =&gt; {
  /* fire events that update state */
});
/* assert on the output */

This ensures that you&apos;re testing the behavior the user would see in the browser. Learn more at https://react.dev/link/wrap-tests-with-act
An update to TestComponent inside a test was not wrapped in act(...).

When testing, code that causes React state updates should be wrapped into act(...):

act(() =&gt; {
  /* fire events that update state */
});
/* assert on the output */

This ensures that you&apos;re testing the behavior the user would see in the browser. Learn more at https://react.dev/link/wrap-tests-with-act

            </system-err>
        </testcase>
        <testcase classname="client/src/hooks/use-mobile.test.tsx" name="useMobile Hook &gt; should handle multiple instances independently" time="0.0039539">
        </testcase>
        <testcase classname="client/src/hooks/use-mobile.test.tsx" name="useMobile Hook &gt; should handle edge case at exactly 768px (not mobile)" time="0.0019759">
        </testcase>
        <testcase classname="client/src/hooks/use-mobile.test.tsx" name="useMobile Hook &gt; should handle edge case at 767px (mobile)" time="0.002347">
        </testcase>
    </testsuite>
    <testsuite name="client/src/hooks/use-toast.test.tsx" timestamp="2025-10-09T00:10:01.932Z" hostname="JohnDee" tests="21" failures="0" errors="0" skipped="0" time="0.0978235">
        <testcase classname="client/src/hooks/use-toast.test.tsx" name="useToast Hook &gt; useToast hook &gt; provides toast function and toasts array" time="0.0231462">
        </testcase>
        <testcase classname="client/src/hooks/use-toast.test.tsx" name="useToast Hook &gt; useToast hook &gt; starts with empty toasts array" time="0.0070448">
        </testcase>
        <testcase classname="client/src/hooks/use-toast.test.tsx" name="useToast Hook &gt; useToast hook &gt; adds toast when toast function is called" time="0.0046715">
        </testcase>
        <testcase classname="client/src/hooks/use-toast.test.tsx" name="useToast Hook &gt; useToast hook &gt; respects TOAST_LIMIT of 1" time="0.0039392">
        </testcase>
        <testcase classname="client/src/hooks/use-toast.test.tsx" name="useToast Hook &gt; useToast hook &gt; generates unique IDs for toasts" time="0.0045386">
        </testcase>
        <testcase classname="client/src/hooks/use-toast.test.tsx" name="useToast Hook &gt; useToast hook &gt; can dismiss specific toast by ID" time="0.0050655">
        </testcase>
        <testcase classname="client/src/hooks/use-toast.test.tsx" name="useToast Hook &gt; useToast hook &gt; can dismiss all toasts when no ID provided" time="0.0035724">
        </testcase>
        <testcase classname="client/src/hooks/use-toast.test.tsx" name="useToast Hook &gt; useToast hook &gt; handles toast variants correctly" time="0.0035852">
        </testcase>
        <testcase classname="client/src/hooks/use-toast.test.tsx" name="useToast Hook &gt; toast function (standalone) &gt; can be called directly" time="0.0035524">
        </testcase>
        <testcase classname="client/src/hooks/use-toast.test.tsx" name="useToast Hook &gt; reducer &gt; handles ADD_TOAST action" time="0.0019762">
        </testcase>
        <testcase classname="client/src/hooks/use-toast.test.tsx" name="useToast Hook &gt; reducer &gt; handles UPDATE_TOAST action" time="0.0019282">
        </testcase>
        <testcase classname="client/src/hooks/use-toast.test.tsx" name="useToast Hook &gt; reducer &gt; handles DISMISS_TOAST action with specific ID" time="0.0022167">
        </testcase>
        <testcase classname="client/src/hooks/use-toast.test.tsx" name="useToast Hook &gt; reducer &gt; handles DISMISS_TOAST action without ID (dismisses all)" time="0.002241">
        </testcase>
        <testcase classname="client/src/hooks/use-toast.test.tsx" name="useToast Hook &gt; reducer &gt; handles REMOVE_TOAST action" time="0.0017361">
        </testcase>
        <testcase classname="client/src/hooks/use-toast.test.tsx" name="useToast Hook &gt; reducer &gt; handles REMOVE_TOAST action without ID (removes all)" time="0.0022369">
        </testcase>
        <testcase classname="client/src/hooks/use-toast.test.tsx" name="useToast Hook &gt; reducer &gt; returns undefined for unknown action types" time="0.0018745">
        </testcase>
        <testcase classname="client/src/hooks/use-toast.test.tsx" name="useToast Hook &gt; toast limits and behavior &gt; respects TOAST_LIMIT of 1" time="0.0038858">
        </testcase>
        <testcase classname="client/src/hooks/use-toast.test.tsx" name="useToast Hook &gt; toast limits and behavior &gt; newest toast replaces oldest when limit is exceeded" time="0.0036409">
        </testcase>
        <testcase classname="client/src/hooks/use-toast.test.tsx" name="useToast Hook &gt; toast with actions &gt; can include action buttons" time="0.0037251">
        </testcase>
        <testcase classname="client/src/hooks/use-toast.test.tsx" name="useToast Hook &gt; toast auto-configuration &gt; sets open to true by default" time="0.0034049">
        </testcase>
        <testcase classname="client/src/hooks/use-toast.test.tsx" name="useToast Hook &gt; toast auto-configuration &gt; includes onOpenChange handler" time="0.0029483">
        </testcase>
    </testsuite>
    <testsuite name="client/src/hooks/useOnboarding.test.tsx" timestamp="2025-10-09T00:10:01.934Z" hostname="JohnDee" tests="24" failures="0" errors="0" skipped="0" time="0.1045744">
        <testcase classname="client/src/hooks/useOnboarding.test.tsx" name="useOnboarding &gt; Initial State &gt; should start at step 0 for new users" time="0.0225318">
        </testcase>
        <testcase classname="client/src/hooks/useOnboarding.test.tsx" name="useOnboarding &gt; Initial State &gt; should load saved progress from localStorage" time="0.0031921">
        </testcase>
        <testcase classname="client/src/hooks/useOnboarding.test.tsx" name="useOnboarding &gt; Initial State &gt; should handle completed onboarding state" time="0.002803">
        </testcase>
        <testcase classname="client/src/hooks/useOnboarding.test.tsx" name="useOnboarding &gt; Step Management &gt; should complete current step and advance" time="0.0074334">
        </testcase>
        <testcase classname="client/src/hooks/useOnboarding.test.tsx" name="useOnboarding &gt; Step Management &gt; should not advance if completing wrong step" time="0.0022774">
        </testcase>
        <testcase classname="client/src/hooks/useOnboarding.test.tsx" name="useOnboarding &gt; Step Management &gt; should mark onboarding complete on last step" time="0.0021446">
        </testcase>
        <testcase classname="client/src/hooks/useOnboarding.test.tsx" name="useOnboarding &gt; Step Management &gt; should track completed steps" time="0.0022474">
        </testcase>
        <testcase classname="client/src/hooks/useOnboarding.test.tsx" name="useOnboarding &gt; Navigation &gt; should go to previous step" time="0.0019165">
        </testcase>
        <testcase classname="client/src/hooks/useOnboarding.test.tsx" name="useOnboarding &gt; Navigation &gt; should not go before step 0" time="0.0019951">
        </testcase>
        <testcase classname="client/src/hooks/useOnboarding.test.tsx" name="useOnboarding &gt; Navigation &gt; should go to specific step if allowed" time="0.0020385">
        </testcase>
        <testcase classname="client/src/hooks/useOnboarding.test.tsx" name="useOnboarding &gt; Navigation &gt; should not go to uncompleted step" time="0.0016572">
        </testcase>
        <testcase classname="client/src/hooks/useOnboarding.test.tsx" name="useOnboarding &gt; API Key Management &gt; should save API key" time="0.0021614">
        </testcase>
        <testcase classname="client/src/hooks/useOnboarding.test.tsx" name="useOnboarding &gt; API Key Management &gt; should validate API key format" time="0.0016439">
        </testcase>
        <testcase classname="client/src/hooks/useOnboarding.test.tsx" name="useOnboarding &gt; API Key Management &gt; should load saved API key" time="0.001781">
        </testcase>
        <testcase classname="client/src/hooks/useOnboarding.test.tsx" name="useOnboarding &gt; Skip and Reset &gt; should skip onboarding" time="0.0020996">
        </testcase>
        <testcase classname="client/src/hooks/useOnboarding.test.tsx" name="useOnboarding &gt; Skip and Reset &gt; should reset onboarding" time="0.0022588">
        </testcase>
        <testcase classname="client/src/hooks/useOnboarding.test.tsx" name="useOnboarding &gt; Step Information &gt; should provide step details" time="0.0032963">
        </testcase>
        <testcase classname="client/src/hooks/useOnboarding.test.tsx" name="useOnboarding &gt; Step Information &gt; should return null for invalid step" time="0.0022906">
        </testcase>
        <testcase classname="client/src/hooks/useOnboarding.test.tsx" name="useOnboarding &gt; Step Information &gt; should track time spent on steps" time="0.0058811">
        </testcase>
        <testcase classname="client/src/hooks/useOnboarding.test.tsx" name="useOnboarding &gt; Analytics &gt; should track onboarding events" time="0.0033159">
        </testcase>
        <testcase classname="client/src/hooks/useOnboarding.test.tsx" name="useOnboarding &gt; Analytics &gt; should track skip event" time="0.0023576">
        </testcase>
        <testcase classname="client/src/hooks/useOnboarding.test.tsx" name="useOnboarding &gt; Analytics &gt; should track completion event" time="0.0039042">
        </testcase>
        <testcase classname="client/src/hooks/useOnboarding.test.tsx" name="useOnboarding &gt; Persistence &gt; should persist state changes" time="0.0030557">
        </testcase>
        <testcase classname="client/src/hooks/useOnboarding.test.tsx" name="useOnboarding &gt; Persistence &gt; should handle corrupted localStorage data" time="0.0138556">
            <system-err>
Failed to load onboarding state: SyntaxError: Unexpected token &apos;i&apos;, &quot;invalid-json&quot; is not valid JSON
    at JSON.parse (&lt;anonymous&gt;)
    at [90mC:\Users\Paul Mulligan\PMDS\Projects\AI-SEO-Copilot-for-Webflow\[39mclient\src\hooks\useOnboarding.tsx:61:21
    at mountStateImpl [90m(C:\Users\Paul Mulligan\PMDS\Projects\AI-SEO-Copilot-for-Webflow\[39mnode_modules\[4m.pnpm[24m\react-dom@19.1.1_react@19.1.1\node_modules\[4mreact-dom[24m\cjs\react-dom-client.development.js:6130:24[90m)[39m
    at mountState [90m(C:\Users\Paul Mulligan\PMDS\Projects\AI-SEO-Copilot-for-Webflow\[39mnode_modules\[4m.pnpm[24m\react-dom@19.1.1_react@19.1.1\node_modules\[4mreact-dom[24m\cjs\react-dom-client.development.js:6151:22[90m)[39m
    at Object.useState [90m(C:\Users\Paul Mulligan\PMDS\Projects\AI-SEO-Copilot-for-Webflow\[39mnode_modules\[4m.pnpm[24m\react-dom@19.1.1_react@19.1.1\node_modules\[4mreact-dom[24m\cjs\react-dom-client.development.js:22951:18[90m)[39m
    at useState [90m(C:\Users\Paul Mulligan\PMDS\Projects\AI-SEO-Copilot-for-Webflow\[39mnode_modules\[4m.pnpm[24m\react@19.1.1\node_modules\[4mreact[24m\cjs\react.development.js:1222:34[90m)[39m
    at useOnboarding [90m(C:\Users\Paul Mulligan\PMDS\Projects\AI-SEO-Copilot-for-Webflow\[39mclient\src\hooks\useOnboarding.tsx:57:29[90m)[39m
    at [90mC:\Users\Paul Mulligan\PMDS\Projects\AI-SEO-Copilot-for-Webflow\[39mclient\src\hooks\useOnboarding.test.tsx:375:43
    at TestComponent [90m(C:\Users\Paul Mulligan\PMDS\Projects\AI-SEO-Copilot-for-Webflow\[39mnode_modules\[4m.pnpm[24m\@testing-library+react@16.3_6479d15b625ec3d34ccbc3611f2e562b\node_modules\[4m@testing-library[24m\react\dist\pure.js:331:27[90m)[39m
    at Object.react_stack_bottom_frame [90m(C:\Users\Paul Mulligan\PMDS\Projects\AI-SEO-Copilot-for-Webflow\[39mnode_modules\[4m.pnpm[24m\react-dom@19.1.1_react@19.1.1\node_modules\[4mreact-dom[24m\cjs\react-dom-client.development.js:23863:20[90m)[39m

            </system-err>
        </testcase>
    </testsuite>
    <testsuite name="client/src/hooks/usePerformanceMonitoring.test.tsx" timestamp="2025-10-09T00:10:01.936Z" hostname="JohnDee" tests="14" failures="0" errors="0" skipped="0" time="0.1167582">
        <testcase classname="client/src/hooks/usePerformanceMonitoring.test.tsx" name="usePerformanceMonitoring Hook &gt; usePerformanceMonitoring &gt; should provide initial state with monitoring disabled" time="0.0236369">
        </testcase>
        <testcase classname="client/src/hooks/usePerformanceMonitoring.test.tsx" name="usePerformanceMonitoring Hook &gt; usePerformanceMonitoring &gt; should start monitoring when startMonitoring is called" time="0.0149362">
        </testcase>
        <testcase classname="client/src/hooks/usePerformanceMonitoring.test.tsx" name="usePerformanceMonitoring Hook &gt; usePerformanceMonitoring &gt; should stop monitoring when stopMonitoring is called" time="0.0044674">
        </testcase>
        <testcase classname="client/src/hooks/usePerformanceMonitoring.test.tsx" name="usePerformanceMonitoring Hook &gt; usePerformanceMonitoring &gt; should track API calls when enabled" time="0.0063564">
        </testcase>
        <testcase classname="client/src/hooks/usePerformanceMonitoring.test.tsx" name="usePerformanceMonitoring Hook &gt; usePerformanceMonitoring &gt; should not track API calls when disabled" time="0.008653">
        </testcase>
        <testcase classname="client/src/hooks/usePerformanceMonitoring.test.tsx" name="usePerformanceMonitoring Hook &gt; usePerformanceMonitoring &gt; should track component renders when enabled" time="0.0031652">
        </testcase>
        <testcase classname="client/src/hooks/usePerformanceMonitoring.test.tsx" name="usePerformanceMonitoring Hook &gt; usePerformanceMonitoring &gt; should update metrics periodically when monitoring" time="0.0131475">
        </testcase>
        <testcase classname="client/src/hooks/usePerformanceMonitoring.test.tsx" name="usePerformanceMonitoring Hook &gt; usePerformanceMonitoring &gt; should filter alerts based on threshold" time="0.007784">
        </testcase>
        <testcase classname="client/src/hooks/usePerformanceMonitoring.test.tsx" name="usePerformanceMonitoring Hook &gt; useRenderPerformance &gt; should track render performance for a component" time="0.006909">
        </testcase>
        <testcase classname="client/src/hooks/usePerformanceMonitoring.test.tsx" name="usePerformanceMonitoring Hook &gt; useApiPerformance &gt; should track successful API calls" time="0.0100126">
        </testcase>
        <testcase classname="client/src/hooks/usePerformanceMonitoring.test.tsx" name="usePerformanceMonitoring Hook &gt; useApiPerformance &gt; should track failed API calls" time="0.0043767">
        </testcase>
        <testcase classname="client/src/hooks/usePerformanceMonitoring.test.tsx" name="usePerformanceMonitoring Hook &gt; useInteractionPerformance &gt; should track user interaction performance" time="0.0042205">
        </testcase>
        <testcase classname="client/src/hooks/usePerformanceMonitoring.test.tsx" name="usePerformanceMonitoring Hook &gt; withPerformanceTracking HOC &gt; should create a wrapped component that tracks performance" time="0.0009793">
        </testcase>
        <testcase classname="client/src/hooks/usePerformanceMonitoring.test.tsx" name="usePerformanceMonitoring Hook &gt; withPerformanceTracking HOC &gt; should use custom component name when provided" time="0.0010014">
        </testcase>
    </testsuite>
    <testsuite name="client/src/lib/api.test.ts" timestamp="2025-10-09T00:10:01.937Z" hostname="JohnDee" tests="27" failures="0" errors="0" skipped="0" time="5.0526692">
        <testcase classname="client/src/lib/api.test.ts" name="getApiBaseUrl function &gt; returns development URL in development mode" time="0.001868">
        </testcase>
        <testcase classname="client/src/lib/api.test.ts" name="getApiBaseUrl function &gt; returns production URL in production mode" time="0.0003277">
        </testcase>
        <testcase classname="client/src/lib/api.test.ts" name="getWebflowPageData function edge cases &gt; handles webflow undefined scenario" time="0.0028273">
        </testcase>
        <testcase classname="client/src/lib/api.test.ts" name="api.ts error handling &gt; getApiUrl error handling &gt; handles missing WORKER_URL in development mode" time="0.000839">
        </testcase>
        <testcase classname="client/src/lib/api.test.ts" name="api.ts error handling &gt; getApiUrl error handling &gt; handles window.location access errors in local check" time="0.0003145">
        </testcase>
        <testcase classname="client/src/lib/api.test.ts" name="api.ts error handling &gt; getApiUrl error handling &gt; handles production environment correctly" time="0.000388">
        </testcase>
        <testcase classname="client/src/lib/api.test.ts" name="api.ts error handling &gt; analyzeSEO error handling &gt; handles fetch errors with retry logic" time="0.001156">
        </testcase>
        <testcase classname="client/src/lib/api.test.ts" name="api.ts error handling &gt; analyzeSEO error handling &gt; handles maximum retry attempts exceeded" time="0.0017072">
        </testcase>
        <testcase classname="client/src/lib/api.test.ts" name="api.ts error handling &gt; analyzeSEO error handling &gt; handles 404 response with specific error message" time="0.0008364">
        </testcase>
        <testcase classname="client/src/lib/api.test.ts" name="api.ts error handling &gt; analyzeSEO error handling &gt; handles non-200 status codes" time="0.0007191">
        </testcase>
        <testcase classname="client/src/lib/api.test.ts" name="api.ts error handling &gt; analyzeSEO error handling &gt; handles response without status" time="0.0004913">
        </testcase>
        <testcase classname="client/src/lib/api.test.ts" name="api.ts error handling &gt; analyzeSEO error handling &gt; handles JSON parsing errors" time="0.0004736">
        </testcase>
        <testcase classname="client/src/lib/api.test.ts" name="api.ts error handling &gt; analyzeSEO error handling &gt; handles non-Error exceptions" time="0.0005205">
        </testcase>
        <testcase classname="client/src/lib/api.test.ts" name="api.ts error handling &gt; fetchOAuthToken error handling &gt; handles non-200 response status" time="0.000352">
        </testcase>
        <testcase classname="client/src/lib/api.test.ts" name="api.ts error handling &gt; fetchOAuthToken error handling &gt; handles JSON parsing errors" time="0.0003476">
        </testcase>
        <testcase classname="client/src/lib/api.test.ts" name="api.ts error handling &gt; fetchOAuthToken error handling &gt; handles network errors" time="0.0003161">
        </testcase>
        <testcase classname="client/src/lib/api.test.ts" name="api.ts error handling &gt; collectPageAssets error handling &gt; handles webflow page data errors gracefully" time="0.0006039">
        </testcase>
        <testcase classname="client/src/lib/api.test.ts" name="api.ts error handling &gt; collectPageAssets error handling &gt; handles missing img src attributes" time="0.0005509">
        </testcase>
        <testcase classname="client/src/lib/api.test.ts" name="api.ts error handling &gt; collectPageAssets error handling &gt; handles data URI images" time="0.0006714">
        </testcase>
        <testcase classname="client/src/lib/api.test.ts" name="api.ts error handling &gt; collectPageAssets error handling &gt; handles image size determination errors" time="0.003742">
        </testcase>
        <testcase classname="client/src/lib/api.test.ts" name="api.ts error handling &gt; collectPageAssets error handling &gt; handles image size determination with exception in getImageSize" time="0.0025189">
        </testcase>
        <testcase classname="client/src/lib/api.test.ts" name="api.ts error handling &gt; fetchFromAPI error handling &gt; handles network errors" time="0.0008516">
        </testcase>
        <testcase classname="client/src/lib/api.test.ts" name="api.ts error handling &gt; fetchFromAPI error handling &gt; handles non-200 status with error text" time="0.0009435">
        </testcase>
        <testcase classname="client/src/lib/api.test.ts" name="api.ts error handling &gt; fetchFromAPI error handling &gt; handles JSON parsing errors in successful response" time="0.0005358">
        </testcase>
        <testcase classname="client/src/lib/api.test.ts" name="api.ts error handling &gt; fetchFromAPI error handling &gt; handles non-Error exceptions" time="0.0004551">
        </testcase>
        <testcase classname="client/src/lib/api.test.ts" name="api.ts error handling &gt; Image size determination edge cases &gt; handles XHR timeout scenarios" time="5.0187404">
        </testcase>
        <testcase classname="client/src/lib/api.test.ts" name="api.ts error handling &gt; Image size determination edge cases &gt; handles invalid content-length headers" time="0.0049078">
        </testcase>
    </testsuite>
    <testsuite name="client/src/lib/bundle-validation.test.ts" timestamp="2025-10-09T00:10:01.941Z" hostname="JohnDee" tests="4" failures="0" errors="0" skipped="0" time="14.9663881">
        <testcase classname="client/src/lib/bundle-validation.test.ts" name="Production Bundle Validation &gt; should not contain localhost references in built public directory" time="0.007463">
        </testcase>
        <testcase classname="client/src/lib/bundle-validation.test.ts" name="Production Bundle Validation &gt; should not contain localhost references in bundle.zip" time="0.0013604">
        </testcase>
        <testcase classname="client/src/lib/bundle-validation.test.ts" name="Production Bundle Validation &gt; should use production worker URL in built bundle" time="0.0028211">
        </testcase>
        <testcase classname="client/src/lib/bundle-validation.test.ts" name="Production Bundle Validation &gt; should not contain development environment variables in bundle" time="0.0041865">
        </testcase>
    </testsuite>
    <testsuite name="client/src/lib/contentIntelligence.test.ts" timestamp="2025-10-09T00:10:01.941Z" hostname="JohnDee" tests="27" failures="0" errors="0" skipped="0" time="0.0485512">
        <testcase classname="client/src/lib/contentIntelligence.test.ts" name="ContentIntelligence &gt; Content Analysis &gt; should analyze page content and identify optimization opportunities" time="0.0058329">
        </testcase>
        <testcase classname="client/src/lib/contentIntelligence.test.ts" name="ContentIntelligence &gt; Content Analysis &gt; should analyze CMS item content" time="0.0013258">
        </testcase>
        <testcase classname="client/src/lib/contentIntelligence.test.ts" name="ContentIntelligence &gt; Content Analysis &gt; should detect title length issues" time="0.0008487">
        </testcase>
        <testcase classname="client/src/lib/contentIntelligence.test.ts" name="ContentIntelligence &gt; Content Analysis &gt; should detect missing meta descriptions" time="0.0006973">
        </testcase>
        <testcase classname="client/src/lib/contentIntelligence.test.ts" name="ContentIntelligence &gt; Content Analysis &gt; should score content quality accurately" time="0.0007673">
        </testcase>
        <testcase classname="client/src/lib/contentIntelligence.test.ts" name="ContentIntelligence &gt; Smart Recommendations &gt; should generate AI-powered content recommendations" time="0.0047627">
        </testcase>
        <testcase classname="client/src/lib/contentIntelligence.test.ts" name="ContentIntelligence &gt; Smart Recommendations &gt; should generate rule-based recommendations when AI is disabled" time="0.0009106">
        </testcase>
        <testcase classname="client/src/lib/contentIntelligence.test.ts" name="ContentIntelligence &gt; Smart Recommendations &gt; should prioritize recommendations by impact and confidence" time="0.0006731">
        </testcase>
        <testcase classname="client/src/lib/contentIntelligence.test.ts" name="ContentIntelligence &gt; Smart Recommendations &gt; should handle different content types appropriately" time="0.0005766">
        </testcase>
        <testcase classname="client/src/lib/contentIntelligence.test.ts" name="ContentIntelligence &gt; Batch Analysis &gt; should analyze multiple pages efficiently" time="0.0013096">
        </testcase>
        <testcase classname="client/src/lib/contentIntelligence.test.ts" name="ContentIntelligence &gt; Batch Analysis &gt; should identify cross-page optimization opportunities" time="0.0007697">
        </testcase>
        <testcase classname="client/src/lib/contentIntelligence.test.ts" name="ContentIntelligence &gt; Batch Analysis &gt; should estimate batch operation impact" time="0.0009553">
        </testcase>
        <testcase classname="client/src/lib/contentIntelligence.test.ts" name="ContentIntelligence &gt; Content Optimization Rules &gt; should validate title optimization rules" time="0.0004072">
        </testcase>
        <testcase classname="client/src/lib/contentIntelligence.test.ts" name="ContentIntelligence &gt; Content Optimization Rules &gt; should validate meta description rules" time="0.0003607">
        </testcase>
        <testcase classname="client/src/lib/contentIntelligence.test.ts" name="ContentIntelligence &gt; Content Optimization Rules &gt; should apply custom rules when provided" time="0.0004923">
        </testcase>
        <testcase classname="client/src/lib/contentIntelligence.test.ts" name="ContentIntelligence &gt; Performance and Caching &gt; should cache analysis results" time="0.000728">
        </testcase>
        <testcase classname="client/src/lib/contentIntelligence.test.ts" name="ContentIntelligence &gt; Performance and Caching &gt; should invalidate cache when content changes" time="0.0007505">
        </testcase>
        <testcase classname="client/src/lib/contentIntelligence.test.ts" name="ContentIntelligence &gt; Performance and Caching &gt; should handle concurrent analysis requests" time="0.0100416">
        </testcase>
        <testcase classname="client/src/lib/contentIntelligence.test.ts" name="ContentIntelligence &gt; Conflict Detection &gt; should detect simultaneous edits to the same page" time="0.0012714">
        </testcase>
        <testcase classname="client/src/lib/contentIntelligence.test.ts" name="ContentIntelligence &gt; Conflict Detection &gt; should detect SEO keyword conflicts across pages" time="0.0008047">
        </testcase>
        <testcase classname="client/src/lib/contentIntelligence.test.ts" name="ContentIntelligence &gt; Conflict Detection &gt; should track multiple users editing simultaneously" time="0.0004475">
        </testcase>
        <testcase classname="client/src/lib/contentIntelligence.test.ts" name="ContentIntelligence &gt; Smart Field Mapping &gt; should suggest field mappings for similar content types" time="0.001196">
        </testcase>
        <testcase classname="client/src/lib/contentIntelligence.test.ts" name="ContentIntelligence &gt; Smart Field Mapping &gt; should handle complex field type conversions" time="0.0005932">
        </testcase>
        <testcase classname="client/src/lib/contentIntelligence.test.ts" name="ContentIntelligence &gt; Smart Field Mapping &gt; should learn from user corrections to improve mappings" time="0.0005279">
        </testcase>
        <testcase classname="client/src/lib/contentIntelligence.test.ts" name="ContentIntelligence &gt; Error Handling &gt; should handle AI service failures gracefully" time="0.0032296">
            <system-err>
AI recommendations failed, falling back to rules only: Error: AI service unavailable
    at [90mC:\Users\Paul Mulligan\PMDS\Projects\AI-SEO-Copilot-for-Webflow\[39mclient\src\lib\contentIntelligence.test.ts:644:51
    at [90mfile:///C:/Users/Paul%20Mulligan/PMDS/Projects/AI-SEO-Copilot-for-Webflow/[39mnode_modules/[4m.pnpm[24m/@vitest+runner@3.2.4/node_modules/[4m@vitest[24m/runner/dist/chunk-hooks.js:155:11
    at [90mfile:///C:/Users/Paul%20Mulligan/PMDS/Projects/AI-SEO-Copilot-for-Webflow/[39mnode_modules/[4m.pnpm[24m/@vitest+runner@3.2.4/node_modules/[4m@vitest[24m/runner/dist/chunk-hooks.js:752:26
    at [90mfile:///C:/Users/Paul%20Mulligan/PMDS/Projects/AI-SEO-Copilot-for-Webflow/[39mnode_modules/[4m.pnpm[24m/@vitest+runner@3.2.4/node_modules/[4m@vitest[24m/runner/dist/chunk-hooks.js:1897:20
    at new Promise (&lt;anonymous&gt;)
    at runWithTimeout [90m(file:///C:/Users/Paul%20Mulligan/PMDS/Projects/AI-SEO-Copilot-for-Webflow/[39mnode_modules/[4m.pnpm[24m/@vitest+runner@3.2.4/node_modules/[4m@vitest[24m/runner/dist/chunk-hooks.js:1863:10[90m)[39m
    at runTest [90m(file:///C:/Users/Paul%20Mulligan/PMDS/Projects/AI-SEO-Copilot-for-Webflow/[39mnode_modules/[4m.pnpm[24m/@vitest+runner@3.2.4/node_modules/[4m@vitest[24m/runner/dist/chunk-hooks.js:1574:12[90m)[39m
[90m    at processTicksAndRejections (node:internal/process/task_queues:105:5)[39m
    at runSuite [90m(file:///C:/Users/Paul%20Mulligan/PMDS/Projects/AI-SEO-Copilot-for-Webflow/[39mnode_modules/[4m.pnpm[24m/@vitest+runner@3.2.4/node_modules/[4m@vitest[24m/runner/dist/chunk-hooks.js:1729:8[90m)[39m
    at runSuite [90m(file:///C:/Users/Paul%20Mulligan/PMDS/Projects/AI-SEO-Copilot-for-Webflow/[39mnode_modules/[4m.pnpm[24m/@vitest+runner@3.2.4/node_modules/[4m@vitest[24m/runner/dist/chunk-hooks.js:1729:8[90m)[39m

            </system-err>
        </testcase>
        <testcase classname="client/src/lib/contentIntelligence.test.ts" name="ContentIntelligence &gt; Error Handling &gt; should handle malformed content gracefully" time="0.0006188">
        </testcase>
        <testcase classname="client/src/lib/contentIntelligence.test.ts" name="ContentIntelligence &gt; Error Handling &gt; should provide meaningful error messages" time="0.0008809">
        </testcase>
    </testsuite>
    <testsuite name="client/src/lib/docs-links.test.ts" timestamp="2025-10-09T00:10:01.944Z" hostname="JohnDee" tests="10" failures="0" errors="0" skipped="0" time="0.0104283">
        <testcase classname="client/src/lib/docs-links.test.ts" name="docs-links &gt; getLearnMoreUrl &gt; should return correct URLs for meta SEO checks" time="0.0020813">
        </testcase>
        <testcase classname="client/src/lib/docs-links.test.ts" name="docs-links &gt; getLearnMoreUrl &gt; should return correct URLs for content optimization checks" time="0.0003551">
        </testcase>
        <testcase classname="client/src/lib/docs-links.test.ts" name="docs-links &gt; getLearnMoreUrl &gt; should return correct URLs for image checks" time="0.0002193">
        </testcase>
        <testcase classname="client/src/lib/docs-links.test.ts" name="docs-links &gt; getLearnMoreUrl &gt; should return correct URLs for link checks" time="0.0001449">
        </testcase>
        <testcase classname="client/src/lib/docs-links.test.ts" name="docs-links &gt; getLearnMoreUrl &gt; should return correct URLs for technical SEO checks" time="0.0001351">
        </testcase>
        <testcase classname="client/src/lib/docs-links.test.ts" name="docs-links &gt; getLearnMoreUrl &gt; should return default URL for unknown check titles" time="0.0001444">
        </testcase>
        <testcase classname="client/src/lib/docs-links.test.ts" name="docs-links &gt; getLearnMoreUrl &gt; should handle case-sensitive check titles" time="0.000211">
        </testcase>
        <testcase classname="client/src/lib/docs-links.test.ts" name="docs-links &gt; getLearnMoreUrl &gt; should handle special characters in check titles" time="0.0001842">
        </testcase>
        <testcase classname="client/src/lib/docs-links.test.ts" name="docs-links &gt; getLearnMoreUrl &gt; should handle all defined check titles" time="0.0012443">
        </testcase>
        <testcase classname="client/src/lib/docs-links.test.ts" name="docs-links &gt; getLearnMoreUrl &gt; should return valid URLs" time="0.0012878">
        </testcase>
    </testsuite>
    <testsuite name="client/src/lib/get-page-slug.test.ts" timestamp="2025-10-09T00:10:01.945Z" hostname="JohnDee" tests="1" failures="1" errors="0" skipped="0" time="0">
        <testcase classname="client/src/lib/get-page-slug.test.ts" name="client/src/lib/get-page-slug.test.ts" time="0">
            <failure message="[vitest] There was an error when mocking a module. If you are using &quot;vi.mock&quot; factory, make sure there are no top level variables inside, since this call is hoisted to top of the file. Read more: https://vitest.dev/api/vi.html#vi-mock" type="Error">
Error: [vitest] There was an error when mocking a module. If you are using &quot;vi.mock&quot; factory, make sure there are no top level variables inside, since this call is hoisted to top of the file. Read more: https://vitest.dev/api/vi.html#vi-mock
 ❯ client/src/lib/get-page-slug.ts:1:1

Caused by: Caused by: ReferenceError: Cannot access &apos;createLoggerSpy&apos; before initialization
 ❯ client/src/lib/get-page-slug.test.ts:14:17
 ❯ client/src/lib/get-page-slug.ts:1:1
            </failure>
        </testcase>
    </testsuite>
    <testsuite name="client/src/lib/queryClient.test.ts" timestamp="2025-10-09T00:10:01.946Z" hostname="JohnDee" tests="8" failures="0" errors="0" skipped="0" time="0.0176165">
        <testcase classname="client/src/lib/queryClient.test.ts" name="queryClient &gt; default queryFn behavior &gt; should make fetch request with credentials include" time="0.0051421">
        </testcase>
        <testcase classname="client/src/lib/queryClient.test.ts" name="queryClient &gt; default queryFn behavior &gt; should throw error with status and statusText for 5xx errors" time="0.0021261">
        </testcase>
        <testcase classname="client/src/lib/queryClient.test.ts" name="queryClient &gt; default queryFn behavior &gt; should throw error with status and response text for 4xx errors" time="0.000834">
        </testcase>
        <testcase classname="client/src/lib/queryClient.test.ts" name="queryClient &gt; default options &gt; should have correct query defaults" time="0.0009969">
        </testcase>
        <testcase classname="client/src/lib/queryClient.test.ts" name="queryClient &gt; default options &gt; should have correct mutation defaults" time="0.0005695">
        </testcase>
        <testcase classname="client/src/lib/queryClient.test.ts" name="queryClient &gt; default options &gt; should be properly configured as a QueryClient instance" time="0.0008883">
        </testcase>
        <testcase classname="client/src/lib/queryClient.test.ts" name="queryClient &gt; queryFn error handling &gt; should handle network errors" time="0.0010536">
        </testcase>
        <testcase classname="client/src/lib/queryClient.test.ts" name="queryClient &gt; queryFn error handling &gt; should parse JSON response correctly" time="0.0008636">
        </testcase>
    </testsuite>
    <testsuite name="client/src/lib/types.test.ts" timestamp="2025-10-09T00:10:01.947Z" hostname="JohnDee" tests="13" failures="0" errors="0" skipped="0" time="0.0091864">
        <testcase classname="client/src/lib/types.test.ts" name="Types Module &gt; Type exports &gt; should export SEOCheck type" time="0.0016159">
        </testcase>
        <testcase classname="client/src/lib/types.test.ts" name="Types Module &gt; Type exports &gt; should export OGMetadata type" time="0.0003098">
        </testcase>
        <testcase classname="client/src/lib/types.test.ts" name="Types Module &gt; Type exports &gt; should export SEOAnalysisResult type" time="0.0008548">
        </testcase>
        <testcase classname="client/src/lib/types.test.ts" name="Types Module &gt; Type exports &gt; should export WebflowPageData type" time="0.0002342">
        </testcase>
        <testcase classname="client/src/lib/types.test.ts" name="Types Module &gt; Type exports &gt; should export AnalyzeSEORequest type" time="0.0002219">
        </testcase>
        <testcase classname="client/src/lib/types.test.ts" name="Types Module &gt; Type exports &gt; should export WebflowDomain type" time="0.0001975">
        </testcase>
        <testcase classname="client/src/lib/types.test.ts" name="Types Module &gt; Type exports &gt; should export WebflowSiteInfo type" time="0.0002405">
        </testcase>
        <testcase classname="client/src/lib/types.test.ts" name="Types Module &gt; Type exports &gt; should export ScrapedPageData type" time="0.0004087">
        </testcase>
        <testcase classname="client/src/lib/types.test.ts" name="Types Module &gt; Type compatibility &gt; should allow SEOCheck with all priority levels" time="0.0002165">
        </testcase>
        <testcase classname="client/src/lib/types.test.ts" name="Types Module &gt; Type compatibility &gt; should allow optional fields in types" time="0.0002009">
        </testcase>
        <testcase classname="client/src/lib/types.test.ts" name="Types Module &gt; Type compatibility &gt; should handle empty arrays and objects" time="0.0006527">
        </testcase>
        <testcase classname="client/src/lib/types.test.ts" name="Types Module &gt; Type structure validation &gt; should enforce required fields in SEOCheck" time="0.0002428">
        </testcase>
        <testcase classname="client/src/lib/types.test.ts" name="Types Module &gt; Type structure validation &gt; should handle complex nested structures" time="0.0001882">
        </testcase>
    </testsuite>
    <testsuite name="client/src/lib/utils.test.ts" timestamp="2025-10-09T00:10:01.948Z" hostname="JohnDee" tests="39" failures="0" errors="0" skipped="0" time="0.0588494">
        <testcase classname="client/src/lib/utils.test.ts" name="Utils &gt; cn (className utility) &gt; merges class names correctly" time="0.0126736">
        </testcase>
        <testcase classname="client/src/lib/utils.test.ts" name="Utils &gt; cn (className utility) &gt; handles conditional classes" time="0.0006264">
        </testcase>
        <testcase classname="client/src/lib/utils.test.ts" name="Utils &gt; cn (className utility) &gt; handles undefined and null values" time="0.0004823">
        </testcase>
        <testcase classname="client/src/lib/utils.test.ts" name="Utils &gt; cn (className utility) &gt; handles arrays and objects" time="0.0004215">
        </testcase>
        <testcase classname="client/src/lib/utils.test.ts" name="Utils &gt; cn (className utility) &gt; handles empty inputs" time="0.0005293">
        </testcase>
        <testcase classname="client/src/lib/utils.test.ts" name="Utils &gt; cn (className utility) &gt; deduplicates and merges Tailwind classes" time="0.0013774">
        </testcase>
        <testcase classname="client/src/lib/utils.test.ts" name="Utils &gt; cn (className utility) &gt; handles complex nested combinations" time="0.0003406">
        </testcase>
        <testcase classname="client/src/lib/utils.test.ts" name="Utils &gt; cn (className utility) &gt; handles numeric values" time="0.0004621">
        </testcase>
        <testcase classname="client/src/lib/utils.test.ts" name="Utils &gt; createLogger &gt; creates a logger with namespace" time="0.0005643">
        </testcase>
        <testcase classname="client/src/lib/utils.test.ts" name="Utils &gt; createLogger &gt; logs with namespace prefix in development" time="0.0032407">
        </testcase>
        <testcase classname="client/src/lib/utils.test.ts" name="Utils &gt; createLogger &gt; suppresses debug and info logs in production" time="0.0029511">
        </testcase>
        <testcase classname="client/src/lib/utils.test.ts" name="Utils &gt; createLogger &gt; handles multiple arguments" time="0.0031374">
        </testcase>
        <testcase classname="client/src/lib/utils.test.ts" name="Utils &gt; createLogger &gt; handles empty namespace" time="0.0005896">
        </testcase>
        <testcase classname="client/src/lib/utils.test.ts" name="Utils &gt; createLogger &gt; handles special characters in namespace" time="0.000515">
        </testcase>
        <testcase classname="client/src/lib/utils.test.ts" name="Utils &gt; createLogger &gt; handles logger methods with no arguments" time="0.0005735">
        </testcase>
        <testcase classname="client/src/lib/utils.test.ts" name="Utils &gt; createLogger &gt; handles different production environment conditions" time="0.00062">
        </testcase>
        <testcase classname="client/src/lib/utils.test.ts" name="Utils &gt; createLogger &gt; handles edge case when import.meta.env is undefined" time="0.0005083">
        </testcase>
        <testcase classname="client/src/lib/utils.test.ts" name="Utils &gt; createLogger &gt; logs objects and complex data types" time="0.0007762">
        </testcase>
        <testcase classname="client/src/lib/utils.test.ts" name="Utils &gt; extractDomainFromUrl &gt; extracts domain from complete URL" time="0.0015903">
        </testcase>
        <testcase classname="client/src/lib/utils.test.ts" name="Utils &gt; extractDomainFromUrl &gt; handles URL without protocol" time="0.0008437">
        </testcase>
        <testcase classname="client/src/lib/utils.test.ts" name="Utils &gt; extractDomainFromUrl &gt; handles various URL formats" time="0.0012395">
        </testcase>
        <testcase classname="client/src/lib/utils.test.ts" name="Utils &gt; extractDomainFromUrl &gt; handles empty string gracefully" time="0.0005629">
        </testcase>
        <testcase classname="client/src/lib/utils.test.ts" name="Utils &gt; extractDomainFromUrl &gt; handles malformed URLs that cause URL constructor to throw" time="0.0011584">
        </testcase>
        <testcase classname="client/src/lib/utils.test.ts" name="Utils &gt; extractDomainFromUrl &gt; handles URLs with ports and query parameters" time="0.0015539">
        </testcase>
        <testcase classname="client/src/lib/utils.test.ts" name="Utils &gt; extractDomainFromUrl &gt; handles international domain names" time="0.0018889">
        </testcase>
        <testcase classname="client/src/lib/utils.test.ts" name="Utils &gt; extractDomainFromUrl &gt; handles edge case URLs with special characters" time="0.0013036">
        </testcase>
        <testcase classname="client/src/lib/utils.test.ts" name="Utils &gt; extractTextAfterColon &gt; extracts text after first colon" time="0.000511">
        </testcase>
        <testcase classname="client/src/lib/utils.test.ts" name="Utils &gt; extractTextAfterColon &gt; handles text without colon" time="0.0003014">
        </testcase>
        <testcase classname="client/src/lib/utils.test.ts" name="Utils &gt; extractTextAfterColon &gt; handles empty and null values" time="0.000303">
        </testcase>
        <testcase classname="client/src/lib/utils.test.ts" name="Utils &gt; extractTextAfterColon &gt; trims whitespace" time="0.0002918">
        </testcase>
        <testcase classname="client/src/lib/utils.test.ts" name="Utils &gt; extractTextAfterColon &gt; handles only colon character" time="0.0003149">
        </testcase>
        <testcase classname="client/src/lib/utils.test.ts" name="Utils &gt; extractTextAfterColon &gt; handles colon at the beginning" time="0.0003022">
        </testcase>
        <testcase classname="client/src/lib/utils.test.ts" name="Utils &gt; extractTextAfterColon &gt; handles special characters and unicode" time="0.0007493">
        </testcase>
        <testcase classname="client/src/lib/utils.test.ts" name="Utils &gt; extractTextAfterColon &gt; handles numbers and boolean-like values" time="0.0004141">
        </testcase>
        <testcase classname="client/src/lib/utils.test.ts" name="Utils &gt; extractTextAfterColon &gt; handles very long strings" time="0.0002979">
        </testcase>
        <testcase classname="client/src/lib/utils.test.ts" name="Utils &gt; extractTextAfterColon &gt; handles non-string input edge cases" time="0.0004033">
        </testcase>
        <testcase classname="client/src/lib/utils.test.ts" name="Utils &gt; Edge Cases and Error Handling &gt; handles all utilities with extreme inputs" time="0.0004502">
        </testcase>
        <testcase classname="client/src/lib/utils.test.ts" name="Utils &gt; Edge Cases and Error Handling &gt; handles concurrent logger operations" time="0.0007276">
        </testcase>
        <testcase classname="client/src/lib/utils.test.ts" name="Utils &gt; Edge Cases and Error Handling &gt; handles memory intensive operations" time="0.0061427">
        </testcase>
    </testsuite>
    <testsuite name="client/src/lib/webflowAuth.test.ts" timestamp="2025-10-09T00:10:01.954Z" hostname="JohnDee" tests="29" failures="0" errors="0" skipped="0" time="0.0471754">
        <testcase classname="client/src/lib/webflowAuth.test.ts" name="WebflowAuth &gt; OAuth Initialization &gt; should initialize with correct configuration" time="0.0052469">
        </testcase>
        <testcase classname="client/src/lib/webflowAuth.test.ts" name="WebflowAuth &gt; OAuth Initialization &gt; should validate required configuration parameters" time="0.0019847">
        </testcase>
        <testcase classname="client/src/lib/webflowAuth.test.ts" name="WebflowAuth &gt; OAuth Initialization &gt; should generate state parameter for OAuth security" time="0.0009158">
        </testcase>
        <testcase classname="client/src/lib/webflowAuth.test.ts" name="WebflowAuth &gt; PKCE Implementation &gt; should generate code verifier" time="0.000852">
        </testcase>
        <testcase classname="client/src/lib/webflowAuth.test.ts" name="WebflowAuth &gt; PKCE Implementation &gt; should generate code challenge from verifier" time="0.0012378">
        </testcase>
        <testcase classname="client/src/lib/webflowAuth.test.ts" name="WebflowAuth &gt; PKCE Implementation &gt; should store code verifier securely" time="0.0027111">
        </testcase>
        <testcase classname="client/src/lib/webflowAuth.test.ts" name="WebflowAuth &gt; PKCE Implementation &gt; should retrieve stored code verifier" time="0.0005466">
        </testcase>
        <testcase classname="client/src/lib/webflowAuth.test.ts" name="WebflowAuth &gt; OAuth URL Generation &gt; should generate authorization URL with PKCE" time="0.0027895">
        </testcase>
        <testcase classname="client/src/lib/webflowAuth.test.ts" name="WebflowAuth &gt; OAuth URL Generation &gt; should store state for validation" time="0.0016181">
        </testcase>
        <testcase classname="client/src/lib/webflowAuth.test.ts" name="WebflowAuth &gt; Token Exchange &gt; should exchange authorization code for tokens" time="0.0028368">
        </testcase>
        <testcase classname="client/src/lib/webflowAuth.test.ts" name="WebflowAuth &gt; Token Exchange &gt; should validate state parameter" time="0.0015986">
        </testcase>
        <testcase classname="client/src/lib/webflowAuth.test.ts" name="WebflowAuth &gt; Token Exchange &gt; should handle token exchange errors" time="0.0013245">
        </testcase>
        <testcase classname="client/src/lib/webflowAuth.test.ts" name="WebflowAuth &gt; Token Exchange &gt; should calculate and store token expiration time" time="0.0010672">
        </testcase>
        <testcase classname="client/src/lib/webflowAuth.test.ts" name="WebflowAuth &gt; Token Refresh &gt; should refresh expired tokens" time="0.0013202">
        </testcase>
        <testcase classname="client/src/lib/webflowAuth.test.ts" name="WebflowAuth &gt; Token Refresh &gt; should handle refresh token errors" time="0.0011168">
        </testcase>
        <testcase classname="client/src/lib/webflowAuth.test.ts" name="WebflowAuth &gt; Token Storage &gt; should store tokens securely" time="0.0006898">
        </testcase>
        <testcase classname="client/src/lib/webflowAuth.test.ts" name="WebflowAuth &gt; Token Storage &gt; should retrieve stored tokens" time="0.0007466">
        </testcase>
        <testcase classname="client/src/lib/webflowAuth.test.ts" name="WebflowAuth &gt; Token Storage &gt; should return null for missing tokens" time="0.0005367">
        </testcase>
        <testcase classname="client/src/lib/webflowAuth.test.ts" name="WebflowAuth &gt; Token Storage &gt; should handle corrupted token data" time="0.0004997">
        </testcase>
        <testcase classname="client/src/lib/webflowAuth.test.ts" name="WebflowAuth &gt; Token Storage &gt; should clear stored tokens" time="0.0009311">
        </testcase>
        <testcase classname="client/src/lib/webflowAuth.test.ts" name="WebflowAuth &gt; Token Validation &gt; should detect expired tokens" time="0.0004464">
        </testcase>
        <testcase classname="client/src/lib/webflowAuth.test.ts" name="WebflowAuth &gt; Token Validation &gt; should detect valid tokens" time="0.0004273">
        </testcase>
        <testcase classname="client/src/lib/webflowAuth.test.ts" name="WebflowAuth &gt; Token Validation &gt; should provide buffer time for token expiration" time="0.0006608">
        </testcase>
        <testcase classname="client/src/lib/webflowAuth.test.ts" name="WebflowAuth &gt; Token Validation &gt; should validate token scopes" time="0.0006505">
        </testcase>
        <testcase classname="client/src/lib/webflowAuth.test.ts" name="WebflowAuth &gt; Auto Token Refresh &gt; should automatically refresh token when needed" time="0.0012002">
        </testcase>
        <testcase classname="client/src/lib/webflowAuth.test.ts" name="WebflowAuth &gt; Auto Token Refresh &gt; should return null when refresh fails" time="0.0007798">
        </testcase>
        <testcase classname="client/src/lib/webflowAuth.test.ts" name="WebflowAuth &gt; OAuth Flow Integration &gt; should initiate OAuth flow" time="0.0010779">
        </testcase>
        <testcase classname="client/src/lib/webflowAuth.test.ts" name="WebflowAuth &gt; OAuth Flow Integration &gt; should handle OAuth callback" time="0.0021835">
        </testcase>
        <testcase classname="client/src/lib/webflowAuth.test.ts" name="WebflowAuth &gt; OAuth Flow Integration &gt; should handle OAuth callback errors" time="0.0017842">
        </testcase>
    </testsuite>
    <testsuite name="client/src/lib/webflowDataApi.test.ts" timestamp="2025-10-09T00:10:01.958Z" hostname="JohnDee" tests="36" failures="0" errors="0" skipped="0" time="31.0591747">
        <testcase classname="client/src/lib/webflowDataApi.test.ts" name="WebflowDataAPI &gt; Initialization &gt; should initialize with default configuration" time="0.00321">
        </testcase>
        <testcase classname="client/src/lib/webflowDataApi.test.ts" name="WebflowDataAPI &gt; Initialization &gt; should initialize with custom configuration" time="0.00141">
        </testcase>
        <testcase classname="client/src/lib/webflowDataApi.test.ts" name="WebflowDataAPI &gt; Initialization &gt; should validate token on initialization" time="0.0017912">
        </testcase>
        <testcase classname="client/src/lib/webflowDataApi.test.ts" name="WebflowDataAPI &gt; Initialization &gt; should set authorization header correctly" time="0.00054">
        </testcase>
        <testcase classname="client/src/lib/webflowDataApi.test.ts" name="WebflowDataAPI &gt; HTTP Request Handling &gt; should make GET requests with proper headers" time="0.0053858">
        </testcase>
        <testcase classname="client/src/lib/webflowDataApi.test.ts" name="WebflowDataAPI &gt; HTTP Request Handling &gt; should make POST requests with body" time="0.0013269">
        </testcase>
        <testcase classname="client/src/lib/webflowDataApi.test.ts" name="WebflowDataAPI &gt; HTTP Request Handling &gt; should make PATCH requests with body" time="0.0009705">
        </testcase>
        <testcase classname="client/src/lib/webflowDataApi.test.ts" name="WebflowDataAPI &gt; HTTP Request Handling &gt; should make DELETE requests" time="0.0007536">
        </testcase>
        <testcase classname="client/src/lib/webflowDataApi.test.ts" name="WebflowDataAPI &gt; Error Handling &gt; should handle HTTP error responses" time="0.0016473">
        </testcase>
        <testcase classname="client/src/lib/webflowDataApi.test.ts" name="WebflowDataAPI &gt; Error Handling &gt; should handle validation errors" time="0.0009155">
        </testcase>
        <testcase classname="client/src/lib/webflowDataApi.test.ts" name="WebflowDataAPI &gt; Error Handling &gt; should handle unauthorized errors" time="0.0007189">
        </testcase>
        <testcase classname="client/src/lib/webflowDataApi.test.ts" name="WebflowDataAPI &gt; Error Handling &gt; should handle network errors" time="7.0380719">
        </testcase>
        <testcase classname="client/src/lib/webflowDataApi.test.ts" name="WebflowDataAPI &gt; Rate Limiting &gt; should track rate limit information" time="0.0010464">
        </testcase>
        <testcase classname="client/src/lib/webflowDataApi.test.ts" name="WebflowDataAPI &gt; Rate Limiting &gt; should handle rate limit exceeded" time="0.0033249">
        </testcase>
        <testcase classname="client/src/lib/webflowDataApi.test.ts" name="WebflowDataAPI &gt; Rate Limiting &gt; should queue requests when rate limited" time="1.0009357">
        </testcase>
        <testcase classname="client/src/lib/webflowDataApi.test.ts" name="WebflowDataAPI &gt; Retry Logic &gt; should retry on network errors" time="3.0230039">
        </testcase>
        <testcase classname="client/src/lib/webflowDataApi.test.ts" name="WebflowDataAPI &gt; Retry Logic &gt; should retry on 5xx server errors" time="1.0042794">
        </testcase>
        <testcase classname="client/src/lib/webflowDataApi.test.ts" name="WebflowDataAPI &gt; Retry Logic &gt; should not retry on 4xx client errors" time="0.000445">
        </testcase>
        <testcase classname="client/src/lib/webflowDataApi.test.ts" name="WebflowDataAPI &gt; Retry Logic &gt; should respect retry configuration" time="1.001819">
        </testcase>
        <testcase classname="client/src/lib/webflowDataApi.test.ts" name="WebflowDataAPI &gt; Retry Logic &gt; should implement exponential backoff" time="3.0132855">
        </testcase>
        <testcase classname="client/src/lib/webflowDataApi.test.ts" name="WebflowDataAPI &gt; Sites API &gt; should list sites" time="0.0008946">
        </testcase>
        <testcase classname="client/src/lib/webflowDataApi.test.ts" name="WebflowDataAPI &gt; Sites API &gt; should get site details" time="0.0007586">
        </testcase>
        <testcase classname="client/src/lib/webflowDataApi.test.ts" name="WebflowDataAPI &gt; Pages API &gt; should list pages for a site" time="0.0006068">
        </testcase>
        <testcase classname="client/src/lib/webflowDataApi.test.ts" name="WebflowDataAPI &gt; Pages API &gt; should get page details" time="0.0004296">
        </testcase>
        <testcase classname="client/src/lib/webflowDataApi.test.ts" name="WebflowDataAPI &gt; Pages API &gt; should update page metadata" time="0.0006931">
        </testcase>
        <testcase classname="client/src/lib/webflowDataApi.test.ts" name="WebflowDataAPI &gt; CMS API &gt; should list collections for a site" time="0.0072618">
        </testcase>
        <testcase classname="client/src/lib/webflowDataApi.test.ts" name="WebflowDataAPI &gt; CMS API &gt; should list items in a collection" time="0.0016985">
        </testcase>
        <testcase classname="client/src/lib/webflowDataApi.test.ts" name="WebflowDataAPI &gt; CMS API &gt; should create collection item" time="0.0008511">
        </testcase>
        <testcase classname="client/src/lib/webflowDataApi.test.ts" name="WebflowDataAPI &gt; CMS API &gt; should update collection item" time="0.0008331">
        </testcase>
        <testcase classname="client/src/lib/webflowDataApi.test.ts" name="WebflowDataAPI &gt; CMS API &gt; should delete collection item" time="0.0004241">
        </testcase>
        <testcase classname="client/src/lib/webflowDataApi.test.ts" name="WebflowDataAPI &gt; Request Pagination &gt; should handle paginated responses" time="0.0015471">
        </testcase>
        <testcase classname="client/src/lib/webflowDataApi.test.ts" name="WebflowDataAPI &gt; Request Pagination &gt; should build query strings correctly" time="0.0007911">
        </testcase>
        <testcase classname="client/src/lib/webflowDataApi.test.ts" name="WebflowDataAPI &gt; Token Management &gt; should update token" time="0.0004787">
        </testcase>
        <testcase classname="client/src/lib/webflowDataApi.test.ts" name="WebflowDataAPI &gt; Token Management &gt; should validate token before requests" time="0.0006479">
        </testcase>
        <testcase classname="client/src/lib/webflowDataApi.test.ts" name="WebflowDataAPI &gt; Request Timeout &gt; should timeout long requests" time="7.4639419">
        </testcase>
        <testcase classname="client/src/lib/webflowDataApi.test.ts" name="WebflowDataAPI &gt; Request Timeout &gt; should allow custom timeout per request" time="7.4663773">
        </testcase>
    </testsuite>
    <testsuite name="client/src/lib/webflowDesignerApi.element.test.ts" timestamp="2025-10-09T00:10:01.961Z" hostname="JohnDee" tests="16" failures="2" errors="0" skipped="10" time="0.0366727">
        <testcase classname="client/src/lib/webflowDesignerApi.element.test.ts" name="WebflowDesignerAPI Element Discovery and Manipulation &gt; Element Discovery &gt; should detect getAllElements method exists" time="0.0052223">
            <system-out>
[WebflowDesignerDetection] === WEBFLOW API INSPECTION ===
[WebflowDesignerDetection] typeof window.webflow: object
[WebflowDesignerDetection] window.webflow: {
  getCurrentPage: [Function: spy] {
    getMockName: [36m[Function (anonymous)][39m,
    mockName: [36m[Function (anonymous)][39m,
    mockClear: [36m[Function (anonymous)][39m,
    mockReset: [36m[Function (anonymous)][39m,
    mockRestore: [36m[Function (anonymous)][39m,
    getMockImplementation: [36m[Function (anonymous)][39m,
    mockImplementation: [36m[Function (anonymous)][39m,
    mockImplementationOnce: [36m[Function (anonymous)][39m,
    withImplementation: [36m[Function: withImplementation][39m,
    mockReturnThis: [36m[Function (anonymous)][39m,
    mockReturnValue: [36m[Function (anonymous)][39m,
    mockReturnValueOnce: [36m[Function (anonymous)][39m,
    mockResolvedValue: [36m[Function (anonymous)][39m,
    mockResolvedValueOnce: [36m[Function (anonymous)][39m,
    mockRejectedValue: [36m[Function (anonymous)][39m,
    mockRejectedValueOnce: [36m[Function (anonymous)][39m,
    [[32mSymbol(nodejs.dispose)[39m]: [36m[Function (anonymous)][39m
  },
  getAllElements: [Function: spy] {
    getMockName: [36m[Function (anonymous)][39m,
    mockName: [36m[Function (anonymous)][39m,
    mockClear: [36m[Function (anonymous)][39m,
    mockReset: [36m[Function (anonymous)][39m,
    mockRestore: [36m[Function (anonymous)][39m,
    getMockImplementation: [36m[Function (anonymous)][39m,
    mockImplementation: [36m[Function (anonymous)][39m,
    mockImplementationOnce: [36m[Function (anonymous)][39m,
    withImplementation: [36m[Function: withImplementation][39m,
    mockReturnThis: [36m[Function (anonymous)][39m,
    mockReturnValue: [36m[Function (anonymous)][39m,
    mockReturnValueOnce: [36m[Function (anonymous)][39m,
    mockResolvedValue: [36m[Function (anonymous)][39m,
    mockResolvedValueOnce: [36m[Function (anonymous)][39m,
    mockRejectedValue: [36m[Function (anonymous)][39m,
    mockRejectedValueOnce: [36m[Function (anonymous)][39m,
    [[32mSymbol(nodejs.dispose)[39m]: [36m[Function (anonymous)][39m
  },
  getSelectedElement: [Function: spy] {
    getMockName: [36m[Function (anonymous)][39m,
    mockName: [36m[Function (anonymous)][39m,
    mockClear: [36m[Function (anonymous)][39m,
    mockReset: [36m[Function (anonymous)][39m,
    mockRestore: [36m[Function (anonymous)][39m,
    getMockImplementation: [36m[Function (anonymous)][39m,
    mockImplementation: [36m[Function (anonymous)][39m,
    mockImplementationOnce: [36m[Function (anonymous)][39m,
    withImplementation: [36m[Function: withImplementation][39m,
    mockReturnThis: [36m[Function (anonymous)][39m,
    mockReturnValue: [36m[Function (anonymous)][39m,
    mockReturnValueOnce: [36m[Function (anonymous)][39m,
    mockResolvedValue: [36m[Function (anonymous)][39m,
    mockResolvedValueOnce: [36m[Function (anonymous)][39m,
    mockRejectedValue: [36m[Function (anonymous)][39m,
    mockRejectedValueOnce: [36m[Function (anonymous)][39m,
    [[32mSymbol(nodejs.dispose)[39m]: [36m[Function (anonymous)][39m
  },
  setSelectedElement: [Function: spy] {
    getMockName: [36m[Function (anonymous)][39m,
    mockName: [36m[Function (anonymous)][39m,
    mockClear: [36m[Function (anonymous)][39m,
    mockReset: [36m[Function (anonymous)][39m,
    mockRestore: [36m[Function (anonymous)][39m,
    getMockImplementation: [36m[Function (anonymous)][39m,
    mockImplementation: [36m[Function (anonymous)][39m,
    mockImplementationOnce: [36m[Function (anonymous)][39m,
    withImplementation: [36m[Function: withImplementation][39m,
    mockReturnThis: [36m[Function (anonymous)][39m,
    mockReturnValue: [36m[Function (anonymous)][39m,
    mockReturnValueOnce: [36m[Function (anonymous)][39m,
    mockResolvedValue: [36m[Function (anonymous)][39m,
    mockResolvedValueOnce: [36m[Function (anonymous)][39m,
    mockRejectedValue: [36m[Function (anonymous)][39m,
    mockRejectedValueOnce: [36m[Function (anonymous)][39m,
    [[32mSymbol(nodejs.dispose)[39m]: [36m[Function (anonymous)][39m
  },
  elementBuilder: [Function: spy] {
    getMockName: [36m[Function (anonymous)][39m,
    mockName: [36m[Function (anonymous)][39m,
    mockClear: [36m[Function (anonymous)][39m,
    mockReset: [36m[Function (anonymous)][39m,
    mockRestore: [36m[Function (anonymous)][39m,
    getMockImplementation: [36m[Function (anonymous)][39m,
    mockImplementation: [36m[Function (anonymous)][39m,
    mockImplementationOnce: [36m[Function (anonymous)][39m,
    withImplementation: [36m[Function: withImplementation][39m,
    mockReturnThis: [36m[Function (anonymous)][39m,
    mockReturnValue: [36m[Function (anonymous)][39m,
    mockReturnValueOnce: [36m[Function (anonymous)][39m,
    mockResolvedValue: [36m[Function (anonymous)][39m,
    mockResolvedValueOnce: [36m[Function (anonymous)][39m,
    mockRejectedValue: [36m[Function (anonymous)][39m,
    mockRejectedValueOnce: [36m[Function (anonymous)][39m,
    [[32mSymbol(nodejs.dispose)[39m]: [36m[Function (anonymous)][39m
  }
}
[WebflowDesignerDetection] Available webflow properties: [
  [32m&apos;getCurrentPage&apos;[39m,
  [32m&apos;getAllElements&apos;[39m,
  [32m&apos;getSelectedElement&apos;[39m,
  [32m&apos;setSelectedElement&apos;[39m,
  [32m&apos;elementBuilder&apos;[39m
]
[WebflowDesignerDetection] Available webflow methods: [
  [32m&apos;getCurrentPage&apos;[39m,
  [32m&apos;getAllElements&apos;[39m,
  [32m&apos;getSelectedElement&apos;[39m,
  [32m&apos;setSelectedElement&apos;[39m,
  [32m&apos;elementBuilder&apos;[39m
]
[WebflowDesignerDetection] Method &apos;getCurrentPage&apos;: {
  type: [32m&apos;function&apos;[39m,
  length: [33m0[39m,
  name: [32m&apos;spy&apos;[39m,
  toString: [32m&apos;function(...args) {\n&apos;[39m +
    [32m&apos;    let state2 = getInternalState(fn);\n&apos;[39m +
    [32m&apos;    state2.called = !0, state2.callCount++, state2.calls.push(args);\n&apos;[39m +
    [32m&apos;    let next = state2.next.shift();\n&apos;[39m +
    [32m&apos;    if (next) {\n&apos;[39m +
    [32m&apos;      state2.results...&apos;[39m
}
[WebflowDesignerDetection] Method &apos;getAllElements&apos;: {
  type: [32m&apos;function&apos;[39m,
  length: [33m0[39m,
  name: [32m&apos;spy&apos;[39m,
  toString: [32m&apos;function(...args) {\n&apos;[39m +
    [32m&apos;    let state2 = getInternalState(fn);\n&apos;[39m +
    [32m&apos;    state2.called = !0, state2.callCount++, state2.calls.push(args);\n&apos;[39m +
    [32m&apos;    let next = state2.next.shift();\n&apos;[39m +
    [32m&apos;    if (next) {\n&apos;[39m +
    [32m&apos;      state2.results...&apos;[39m
}
[WebflowDesignerDetection] Method &apos;getSelectedElement&apos;: {
  type: [32m&apos;function&apos;[39m,
  length: [33m0[39m,
  name: [32m&apos;spy&apos;[39m,
  toString: [32m&apos;function(...args) {\n&apos;[39m +
    [32m&apos;    let state2 = getInternalState(fn);\n&apos;[39m +
    [32m&apos;    state2.called = !0, state2.callCount++, state2.calls.push(args);\n&apos;[39m +
    [32m&apos;    let next = state2.next.shift();\n&apos;[39m +
    [32m&apos;    if (next) {\n&apos;[39m +
    [32m&apos;      state2.results...&apos;[39m
}
[WebflowDesignerDetection] Method &apos;setSelectedElement&apos;: {
  type: [32m&apos;function&apos;[39m,
  length: [33m0[39m,
  name: [32m&apos;spy&apos;[39m,
  toString: [32m&apos;function(...args) {\n&apos;[39m +
    [32m&apos;    let state2 = getInternalState(fn);\n&apos;[39m +
    [32m&apos;    state2.called = !0, state2.callCount++, state2.calls.push(args);\n&apos;[39m +
    [32m&apos;    let next = state2.next.shift();\n&apos;[39m +
    [32m&apos;    if (next) {\n&apos;[39m +
    [32m&apos;      state2.results...&apos;[39m
}
[WebflowDesignerDetection] Method &apos;elementBuilder&apos;: {
  type: [32m&apos;function&apos;[39m,
  length: [33m0[39m,
  name: [32m&apos;spy&apos;[39m,
  toString: [32m&apos;function(...args) {\n&apos;[39m +
    [32m&apos;    let state2 = getInternalState(fn);\n&apos;[39m +
    [32m&apos;    state2.called = !0, state2.callCount++, state2.calls.push(args);\n&apos;[39m +
    [32m&apos;    let next = state2.next.shift();\n&apos;[39m +
    [32m&apos;    if (next) {\n&apos;[39m +
    [32m&apos;      state2.results...&apos;[39m
}
[WebflowDesignerDetection] Prototype methods: [
  [32m&apos;constructor&apos;[39m,
  [32m&apos;__defineGetter__&apos;[39m,
  [32m&apos;__defineSetter__&apos;[39m,
  [32m&apos;hasOwnProperty&apos;[39m,
  [32m&apos;__lookupGetter__&apos;[39m,
  [32m&apos;__lookupSetter__&apos;[39m,
  [32m&apos;isPrototypeOf&apos;[39m,
  [32m&apos;propertyIsEnumerable&apos;[39m,
  [32m&apos;toString&apos;[39m,
  [32m&apos;valueOf&apos;[39m,
  [32m&apos;__proto__&apos;[39m,
  [32m&apos;toLocaleString&apos;[39m
]
[WebflowDesignerAPI] Detected capabilities: {
  canReadPageInfo: [33mtrue[39m,
  canUpdatePageTitle: [33mfalse[39m,
  canUpdatePageMeta: [33mfalse[39m,
  canUpdatePageSlug: [33mfalse[39m,
  canAddCustomCode: [33mfalse[39m,
  canUpdateCMS: [33mfalse[39m,
  canManipulateElements: [33mtrue[39m,
  canSelectElements: [33mtrue[39m,
  hasElementBuilder: [33mfalse[39m,
  availableMethods: [
    [32m&apos;getCurrentPage&apos;[39m,
    [32m&apos;getAllElements&apos;[39m,
    [32m&apos;getSelectedElement&apos;[39m,
    [32m&apos;setSelectedElement&apos;[39m,
    [32m&apos;elementBuilder&apos;[39m
  ]
}

            </system-out>
        </testcase>
        <testcase classname="client/src/lib/webflowDesignerApi.element.test.ts" name="WebflowDesignerAPI Element Discovery and Manipulation &gt; Element Discovery &gt; should get all elements with proper structure" time="0.0057817">
            <system-out>
[WebflowDesignerDetection] === WEBFLOW API INSPECTION ===
[WebflowDesignerDetection] typeof window.webflow: object
[WebflowDesignerDetection] window.webflow: {
  getCurrentPage: [Function: spy] {
    getMockName: [36m[Function (anonymous)][39m,
    mockName: [36m[Function (anonymous)][39m,
    mockClear: [36m[Function (anonymous)][39m,
    mockReset: [36m[Function (anonymous)][39m,
    mockRestore: [36m[Function (anonymous)][39m,
    getMockImplementation: [36m[Function (anonymous)][39m,
    mockImplementation: [36m[Function (anonymous)][39m,
    mockImplementationOnce: [36m[Function (anonymous)][39m,
    withImplementation: [36m[Function: withImplementation][39m,
    mockReturnThis: [36m[Function (anonymous)][39m,
    mockReturnValue: [36m[Function (anonymous)][39m,
    mockReturnValueOnce: [36m[Function (anonymous)][39m,
    mockResolvedValue: [36m[Function (anonymous)][39m,
    mockResolvedValueOnce: [36m[Function (anonymous)][39m,
    mockRejectedValue: [36m[Function (anonymous)][39m,
    mockRejectedValueOnce: [36m[Function (anonymous)][39m,
    [[32mSymbol(nodejs.dispose)[39m]: [36m[Function (anonymous)][39m
  },
  getAllElements: [Function: spy] {
    getMockName: [36m[Function (anonymous)][39m,
    mockName: [36m[Function (anonymous)][39m,
    mockClear: [36m[Function (anonymous)][39m,
    mockReset: [36m[Function (anonymous)][39m,
    mockRestore: [36m[Function (anonymous)][39m,
    getMockImplementation: [36m[Function (anonymous)][39m,
    mockImplementation: [36m[Function (anonymous)][39m,
    mockImplementationOnce: [36m[Function (anonymous)][39m,
    withImplementation: [36m[Function: withImplementation][39m,
    mockReturnThis: [36m[Function (anonymous)][39m,
    mockReturnValue: [36m[Function (anonymous)][39m,
    mockReturnValueOnce: [36m[Function (anonymous)][39m,
    mockResolvedValue: [36m[Function (anonymous)][39m,
    mockResolvedValueOnce: [36m[Function (anonymous)][39m,
    mockRejectedValue: [36m[Function (anonymous)][39m,
    mockRejectedValueOnce: [36m[Function (anonymous)][39m,
    [[32mSymbol(nodejs.dispose)[39m]: [36m[Function (anonymous)][39m
  },
  getSelectedElement: [Function: spy] {
    getMockName: [36m[Function (anonymous)][39m,
    mockName: [36m[Function (anonymous)][39m,
    mockClear: [36m[Function (anonymous)][39m,
    mockReset: [36m[Function (anonymous)][39m,
    mockRestore: [36m[Function (anonymous)][39m,
    getMockImplementation: [36m[Function (anonymous)][39m,
    mockImplementation: [36m[Function (anonymous)][39m,
    mockImplementationOnce: [36m[Function (anonymous)][39m,
    withImplementation: [36m[Function: withImplementation][39m,
    mockReturnThis: [36m[Function (anonymous)][39m,
    mockReturnValue: [36m[Function (anonymous)][39m,
    mockReturnValueOnce: [36m[Function (anonymous)][39m,
    mockResolvedValue: [36m[Function (anonymous)][39m,
    mockResolvedValueOnce: [36m[Function (anonymous)][39m,
    mockRejectedValue: [36m[Function (anonymous)][39m,
    mockRejectedValueOnce: [36m[Function (anonymous)][39m,
    [[32mSymbol(nodejs.dispose)[39m]: [36m[Function (anonymous)][39m
  },
  setSelectedElement: [Function: spy] {
    getMockName: [36m[Function (anonymous)][39m,
    mockName: [36m[Function (anonymous)][39m,
    mockClear: [36m[Function (anonymous)][39m,
    mockReset: [36m[Function (anonymous)][39m,
    mockRestore: [36m[Function (anonymous)][39m,
    getMockImplementation: [36m[Function (anonymous)][39m,
    mockImplementation: [36m[Function (anonymous)][39m,
    mockImplementationOnce: [36m[Function (anonymous)][39m,
    withImplementation: [36m[Function: withImplementation][39m,
    mockReturnThis: [36m[Function (anonymous)][39m,
    mockReturnValue: [36m[Function (anonymous)][39m,
    mockReturnValueOnce: [36m[Function (anonymous)][39m,
    mockResolvedValue: [36m[Function (anonymous)][39m,
    mockResolvedValueOnce: [36m[Function (anonymous)][39m,
    mockRejectedValue: [36m[Function (anonymous)][39m,
    mockRejectedValueOnce: [36m[Function (anonymous)][39m,
    [[32mSymbol(nodejs.dispose)[39m]: [36m[Function (anonymous)][39m
  },
  elementBuilder: [Function: spy] {
    getMockName: [36m[Function (anonymous)][39m,
    mockName: [36m[Function (anonymous)][39m,
    mockClear: [36m[Function (anonymous)][39m,
    mockReset: [36m[Function (anonymous)][39m,
    mockRestore: [36m[Function (anonymous)][39m,
    getMockImplementation: [36m[Function (anonymous)][39m,
    mockImplementation: [36m[Function (anonymous)][39m,
    mockImplementationOnce: [36m[Function (anonymous)][39m,
    withImplementation: [36m[Function: withImplementation][39m,
    mockReturnThis: [36m[Function (anonymous)][39m,
    mockReturnValue: [36m[Function (anonymous)][39m,
    mockReturnValueOnce: [36m[Function (anonymous)][39m,
    mockResolvedValue: [36m[Function (anonymous)][39m,
    mockResolvedValueOnce: [36m[Function (anonymous)][39m,
    mockRejectedValue: [36m[Function (anonymous)][39m,
    mockRejectedValueOnce: [36m[Function (anonymous)][39m,
    [[32mSymbol(nodejs.dispose)[39m]: [36m[Function (anonymous)][39m
  }
}
[WebflowDesignerDetection] Available webflow properties: [
  [32m&apos;getCurrentPage&apos;[39m,
  [32m&apos;getAllElements&apos;[39m,
  [32m&apos;getSelectedElement&apos;[39m,
  [32m&apos;setSelectedElement&apos;[39m,
  [32m&apos;elementBuilder&apos;[39m
]
[WebflowDesignerDetection] Available webflow methods: [
  [32m&apos;getCurrentPage&apos;[39m,
  [32m&apos;getAllElements&apos;[39m,
  [32m&apos;getSelectedElement&apos;[39m,
  [32m&apos;setSelectedElement&apos;[39m,
  [32m&apos;elementBuilder&apos;[39m
]
[WebflowDesignerDetection] Method &apos;getCurrentPage&apos;: {
  type: [32m&apos;function&apos;[39m,
  length: [33m0[39m,
  name: [32m&apos;spy&apos;[39m,
  toString: [32m&apos;function(...args) {\n&apos;[39m +
    [32m&apos;    let state2 = getInternalState(fn);\n&apos;[39m +
    [32m&apos;    state2.called = !0, state2.callCount++, state2.calls.push(args);\n&apos;[39m +
    [32m&apos;    let next = state2.next.shift();\n&apos;[39m +
    [32m&apos;    if (next) {\n&apos;[39m +
    [32m&apos;      state2.results...&apos;[39m
}
[WebflowDesignerDetection] Method &apos;getAllElements&apos;: {
  type: [32m&apos;function&apos;[39m,
  length: [33m0[39m,
  name: [32m&apos;spy&apos;[39m,
  toString: [32m&apos;function(...args) {\n&apos;[39m +
    [32m&apos;    let state2 = getInternalState(fn);\n&apos;[39m +
    [32m&apos;    state2.called = !0, state2.callCount++, state2.calls.push(args);\n&apos;[39m +
    [32m&apos;    let next = state2.next.shift();\n&apos;[39m +
    [32m&apos;    if (next) {\n&apos;[39m +
    [32m&apos;      state2.results...&apos;[39m
}
[WebflowDesignerDetection] Method &apos;getSelectedElement&apos;: {
  type: [32m&apos;function&apos;[39m,
  length: [33m0[39m,
  name: [32m&apos;spy&apos;[39m,
  toString: [32m&apos;function(...args) {\n&apos;[39m +
    [32m&apos;    let state2 = getInternalState(fn);\n&apos;[39m +
    [32m&apos;    state2.called = !0, state2.callCount++, state2.calls.push(args);\n&apos;[39m +
    [32m&apos;    let next = state2.next.shift();\n&apos;[39m +
    [32m&apos;    if (next) {\n&apos;[39m +
    [32m&apos;      state2.results...&apos;[39m
}
[WebflowDesignerDetection] Method &apos;setSelectedElement&apos;: {
  type: [32m&apos;function&apos;[39m,
  length: [33m0[39m,
  name: [32m&apos;spy&apos;[39m,
  toString: [32m&apos;function(...args) {\n&apos;[39m +
    [32m&apos;    let state2 = getInternalState(fn);\n&apos;[39m +
    [32m&apos;    state2.called = !0, state2.callCount++, state2.calls.push(args);\n&apos;[39m +
    [32m&apos;    let next = state2.next.shift();\n&apos;[39m +
    [32m&apos;    if (next) {\n&apos;[39m +
    [32m&apos;      state2.results...&apos;[39m
}
[WebflowDesignerDetection] Method &apos;elementBuilder&apos;: {
  type: [32m&apos;function&apos;[39m,
  length: [33m0[39m,
  name: [32m&apos;spy&apos;[39m,
  toString: [32m&apos;function(...args) {\n&apos;[39m +
    [32m&apos;    let state2 = getInternalState(fn);\n&apos;[39m +
    [32m&apos;    state2.called = !0, state2.callCount++, state2.calls.push(args);\n&apos;[39m +
    [32m&apos;    let next = state2.next.shift();\n&apos;[39m +
    [32m&apos;    if (next) {\n&apos;[39m +
    [32m&apos;      state2.results...&apos;[39m
}
[WebflowDesignerDetection] Prototype methods: [
  [32m&apos;constructor&apos;[39m,
  [32m&apos;__defineGetter__&apos;[39m,
  [32m&apos;__defineSetter__&apos;[39m,
  [32m&apos;hasOwnProperty&apos;[39m,
  [32m&apos;__lookupGetter__&apos;[39m,
  [32m&apos;__lookupSetter__&apos;[39m,
  [32m&apos;isPrototypeOf&apos;[39m,
  [32m&apos;propertyIsEnumerable&apos;[39m,
  [32m&apos;toString&apos;[39m,
  [32m&apos;valueOf&apos;[39m,
  [32m&apos;__proto__&apos;[39m,
  [32m&apos;toLocaleString&apos;[39m
]
[WebflowDesignerAPI] Detected capabilities: {
  canReadPageInfo: [33mtrue[39m,
  canUpdatePageTitle: [33mfalse[39m,
  canUpdatePageMeta: [33mfalse[39m,
  canUpdatePageSlug: [33mfalse[39m,
  canAddCustomCode: [33mfalse[39m,
  canUpdateCMS: [33mfalse[39m,
  canManipulateElements: [33mtrue[39m,
  canSelectElements: [33mtrue[39m,
  hasElementBuilder: [33mfalse[39m,
  availableMethods: [
    [32m&apos;getCurrentPage&apos;[39m,
    [32m&apos;getAllElements&apos;[39m,
    [32m&apos;getSelectedElement&apos;[39m,
    [32m&apos;setSelectedElement&apos;[39m,
    [32m&apos;elementBuilder&apos;[39m
  ]
}

[WebflowDesignerAPI] Waiting for API to be ready...

[WebflowDesignerDetection] Designer API is ready

[WebflowDesignerAPI] API is ready

[WebflowDesignerAPI] getAllElements returned: { count: [33m3[39m, type: [32m&apos;object&apos;[39m, isArray: [33mtrue[39m }
[WebflowDesignerAPI] Sample elements structure:
[WebflowDesignerAPI] Element 0: {
  exists: [33mtrue[39m,
  objectType: [32m&apos;object&apos;[39m,
  id: [90mundefined[39m,
  webflowType: [90mundefined[39m,
  hasTextContent: [33mtrue[39m,
  textContentValue: [32m&apos;Main Heading&apos;[39m,
  hasGetTextContent: [33mtrue[39m,
  hasSetTextContent: [33mtrue[39m,
  hasTagName: [33mtrue[39m,
  tagName: [32m&apos;h1&apos;[39m,
  allKeys: [ [32m&apos;tagName&apos;[39m, [32m&apos;textContent&apos;[39m, [32m&apos;setTextContent&apos;[39m, [32m&apos;getTextContent&apos;[39m ]
}
[WebflowDesignerAPI] Element 1: {
  exists: [33mtrue[39m,
  objectType: [32m&apos;object&apos;[39m,
  id: [90mundefined[39m,
  webflowType: [90mundefined[39m,
  hasTextContent: [33mtrue[39m,
  textContentValue: [32m&apos;First paragraph&apos;[39m,
  hasGetTextContent: [33mtrue[39m,
  hasSetTextContent: [33mtrue[39m,
  hasTagName: [33mtrue[39m,
  tagName: [32m&apos;p&apos;[39m,
  allKeys: [ [32m&apos;tagName&apos;[39m, [32m&apos;textContent&apos;[39m, [32m&apos;setTextContent&apos;[39m, [32m&apos;getTextContent&apos;[39m ]
}
[WebflowDesignerAPI] Element 2: {
  exists: [33mtrue[39m,
  objectType: [32m&apos;object&apos;[39m,
  id: [90mundefined[39m,
  webflowType: [90mundefined[39m,
  hasTextContent: [33mtrue[39m,
  textContentValue: [32m&apos;Sub heading&apos;[39m,
  hasGetTextContent: [33mtrue[39m,
  hasSetTextContent: [33mtrue[39m,
  hasTagName: [33mtrue[39m,
  tagName: [32m&apos;h2&apos;[39m,
  allKeys: [ [32m&apos;tagName&apos;[39m, [32m&apos;textContent&apos;[39m, [32m&apos;setTextContent&apos;[39m, [32m&apos;getTextContent&apos;[39m ]
}

            </system-out>
        </testcase>
        <testcase classname="client/src/lib/webflowDesignerApi.element.test.ts" name="WebflowDesignerAPI Element Discovery and Manipulation &gt; Element Discovery &gt; should filter elements by tag name" time="0.0086979">
            <system-out>
[WebflowDesignerDetection] === WEBFLOW API INSPECTION ===
[WebflowDesignerDetection] typeof window.webflow: object
[WebflowDesignerDetection] window.webflow: {
  getCurrentPage: [Function: spy] {
    getMockName: [36m[Function (anonymous)][39m,
    mockName: [36m[Function (anonymous)][39m,
    mockClear: [36m[Function (anonymous)][39m,
    mockReset: [36m[Function (anonymous)][39m,
    mockRestore: [36m[Function (anonymous)][39m,
    getMockImplementation: [36m[Function (anonymous)][39m,
    mockImplementation: [36m[Function (anonymous)][39m,
    mockImplementationOnce: [36m[Function (anonymous)][39m,
    withImplementation: [36m[Function: withImplementation][39m,
    mockReturnThis: [36m[Function (anonymous)][39m,
    mockReturnValue: [36m[Function (anonymous)][39m,
    mockReturnValueOnce: [36m[Function (anonymous)][39m,
    mockResolvedValue: [36m[Function (anonymous)][39m,
    mockResolvedValueOnce: [36m[Function (anonymous)][39m,
    mockRejectedValue: [36m[Function (anonymous)][39m,
    mockRejectedValueOnce: [36m[Function (anonymous)][39m,
    [[32mSymbol(nodejs.dispose)[39m]: [36m[Function (anonymous)][39m
  },
  getAllElements: [Function: spy] {
    getMockName: [36m[Function (anonymous)][39m,
    mockName: [36m[Function (anonymous)][39m,
    mockClear: [36m[Function (anonymous)][39m,
    mockReset: [36m[Function (anonymous)][39m,
    mockRestore: [36m[Function (anonymous)][39m,
    getMockImplementation: [36m[Function (anonymous)][39m,
    mockImplementation: [36m[Function (anonymous)][39m,
    mockImplementationOnce: [36m[Function (anonymous)][39m,
    withImplementation: [36m[Function: withImplementation][39m,
    mockReturnThis: [36m[Function (anonymous)][39m,
    mockReturnValue: [36m[Function (anonymous)][39m,
    mockReturnValueOnce: [36m[Function (anonymous)][39m,
    mockResolvedValue: [36m[Function (anonymous)][39m,
    mockResolvedValueOnce: [36m[Function (anonymous)][39m,
    mockRejectedValue: [36m[Function (anonymous)][39m,
    mockRejectedValueOnce: [36m[Function (anonymous)][39m,
    [[32mSymbol(nodejs.dispose)[39m]: [36m[Function (anonymous)][39m
  },
  getSelectedElement: [Function: spy] {
    getMockName: [36m[Function (anonymous)][39m,
    mockName: [36m[Function (anonymous)][39m,
    mockClear: [36m[Function (anonymous)][39m,
    mockReset: [36m[Function (anonymous)][39m,
    mockRestore: [36m[Function (anonymous)][39m,
    getMockImplementation: [36m[Function (anonymous)][39m,
    mockImplementation: [36m[Function (anonymous)][39m,
    mockImplementationOnce: [36m[Function (anonymous)][39m,
    withImplementation: [36m[Function: withImplementation][39m,
    mockReturnThis: [36m[Function (anonymous)][39m,
    mockReturnValue: [36m[Function (anonymous)][39m,
    mockReturnValueOnce: [36m[Function (anonymous)][39m,
    mockResolvedValue: [36m[Function (anonymous)][39m,
    mockResolvedValueOnce: [36m[Function (anonymous)][39m,
    mockRejectedValue: [36m[Function (anonymous)][39m,
    mockRejectedValueOnce: [36m[Function (anonymous)][39m,
    [[32mSymbol(nodejs.dispose)[39m]: [36m[Function (anonymous)][39m
  },
  setSelectedElement: [Function: spy] {
    getMockName: [36m[Function (anonymous)][39m,
    mockName: [36m[Function (anonymous)][39m,
    mockClear: [36m[Function (anonymous)][39m,
    mockReset: [36m[Function (anonymous)][39m,
    mockRestore: [36m[Function (anonymous)][39m,
    getMockImplementation: [36m[Function (anonymous)][39m,
    mockImplementation: [36m[Function (anonymous)][39m,
    mockImplementationOnce: [36m[Function (anonymous)][39m,
    withImplementation: [36m[Function: withImplementation][39m,
    mockReturnThis: [36m[Function (anonymous)][39m,
    mockReturnValue: [36m[Function (anonymous)][39m,
    mockReturnValueOnce: [36m[Function (anonymous)][39m,
    mockResolvedValue: [36m[Function (anonymous)][39m,
    mockResolvedValueOnce: [36m[Function (anonymous)][39m,
    mockRejectedValue: [36m[Function (anonymous)][39m,
    mockRejectedValueOnce: [36m[Function (anonymous)][39m,
    [[32mSymbol(nodejs.dispose)[39m]: [36m[Function (anonymous)][39m
  },
  elementBuilder: [Function: spy] {
    getMockName: [36m[Function (anonymous)][39m,
    mockName: [36m[Function (anonymous)][39m,
    mockClear: [36m[Function (anonymous)][39m,
    mockReset: [36m[Function (anonymous)][39m,
    mockRestore: [36m[Function (anonymous)][39m,
    getMockImplementation: [36m[Function (anonymous)][39m,
    mockImplementation: [36m[Function (anonymous)][39m,
    mockImplementationOnce: [36m[Function (anonymous)][39m,
    withImplementation: [36m[Function: withImplementation][39m,
    mockReturnThis: [36m[Function (anonymous)][39m,
    mockReturnValue: [36m[Function (anonymous)][39m,
    mockReturnValueOnce: [36m[Function (anonymous)][39m,
    mockResolvedValue: [36m[Function (anonymous)][39m,
    mockResolvedValueOnce: [36m[Function (anonymous)][39m,
    mockRejectedValue: [36m[Function (anonymous)][39m,
    mockRejectedValueOnce: [36m[Function (anonymous)][39m,
    [[32mSymbol(nodejs.dispose)[39m]: [36m[Function (anonymous)][39m
  }
}
[WebflowDesignerDetection] Available webflow properties: [
  [32m&apos;getCurrentPage&apos;[39m,
  [32m&apos;getAllElements&apos;[39m,
  [32m&apos;getSelectedElement&apos;[39m,
  [32m&apos;setSelectedElement&apos;[39m,
  [32m&apos;elementBuilder&apos;[39m
]
[WebflowDesignerDetection] Available webflow methods: [
  [32m&apos;getCurrentPage&apos;[39m,
  [32m&apos;getAllElements&apos;[39m,
  [32m&apos;getSelectedElement&apos;[39m,
  [32m&apos;setSelectedElement&apos;[39m,
  [32m&apos;elementBuilder&apos;[39m
]
[WebflowDesignerDetection] Method &apos;getCurrentPage&apos;: {
  type: [32m&apos;function&apos;[39m,
  length: [33m0[39m,
  name: [32m&apos;spy&apos;[39m,
  toString: [32m&apos;function(...args) {\n&apos;[39m +
    [32m&apos;    let state2 = getInternalState(fn);\n&apos;[39m +
    [32m&apos;    state2.called = !0, state2.callCount++, state2.calls.push(args);\n&apos;[39m +
    [32m&apos;    let next = state2.next.shift();\n&apos;[39m +
    [32m&apos;    if (next) {\n&apos;[39m +
    [32m&apos;      state2.results...&apos;[39m
}
[WebflowDesignerDetection] Method &apos;getAllElements&apos;: {
  type: [32m&apos;function&apos;[39m,
  length: [33m0[39m,
  name: [32m&apos;spy&apos;[39m,
  toString: [32m&apos;function(...args) {\n&apos;[39m +
    [32m&apos;    let state2 = getInternalState(fn);\n&apos;[39m +
    [32m&apos;    state2.called = !0, state2.callCount++, state2.calls.push(args);\n&apos;[39m +
    [32m&apos;    let next = state2.next.shift();\n&apos;[39m +
    [32m&apos;    if (next) {\n&apos;[39m +
    [32m&apos;      state2.results...&apos;[39m
}
[WebflowDesignerDetection] Method &apos;getSelectedElement&apos;: {
  type: [32m&apos;function&apos;[39m,
  length: [33m0[39m,
  name: [32m&apos;spy&apos;[39m,
  toString: [32m&apos;function(...args) {\n&apos;[39m +
    [32m&apos;    let state2 = getInternalState(fn);\n&apos;[39m +
    [32m&apos;    state2.called = !0, state2.callCount++, state2.calls.push(args);\n&apos;[39m +
    [32m&apos;    let next = state2.next.shift();\n&apos;[39m +
    [32m&apos;    if (next) {\n&apos;[39m +
    [32m&apos;      state2.results...&apos;[39m
}
[WebflowDesignerDetection] Method &apos;setSelectedElement&apos;: {
  type: [32m&apos;function&apos;[39m,
  length: [33m0[39m,
  name: [32m&apos;spy&apos;[39m,
  toString: [32m&apos;function(...args) {\n&apos;[39m +
    [32m&apos;    let state2 = getInternalState(fn);\n&apos;[39m +
    [32m&apos;    state2.called = !0, state2.callCount++, state2.calls.push(args);\n&apos;[39m +
    [32m&apos;    let next = state2.next.shift();\n&apos;[39m +
    [32m&apos;    if (next) {\n&apos;[39m +
    [32m&apos;      state2.results...&apos;[39m
}
[WebflowDesignerDetection] Method &apos;elementBuilder&apos;: {
  type: [32m&apos;function&apos;[39m,
  length: [33m0[39m,
  name: [32m&apos;spy&apos;[39m,
  toString: [32m&apos;function(...args) {\n&apos;[39m +
    [32m&apos;    let state2 = getInternalState(fn);\n&apos;[39m +
    [32m&apos;    state2.called = !0, state2.callCount++, state2.calls.push(args);\n&apos;[39m +
    [32m&apos;    let next = state2.next.shift();\n&apos;[39m +
    [32m&apos;    if (next) {\n&apos;[39m +
    [32m&apos;      state2.results...&apos;[39m
}
[WebflowDesignerDetection] Prototype methods: [
  [32m&apos;constructor&apos;[39m,
  [32m&apos;__defineGetter__&apos;[39m,
  [32m&apos;__defineSetter__&apos;[39m,
  [32m&apos;hasOwnProperty&apos;[39m,
  [32m&apos;__lookupGetter__&apos;[39m,
  [32m&apos;__lookupSetter__&apos;[39m,
  [32m&apos;isPrototypeOf&apos;[39m,
  [32m&apos;propertyIsEnumerable&apos;[39m,
  [32m&apos;toString&apos;[39m,
  [32m&apos;valueOf&apos;[39m,
  [32m&apos;__proto__&apos;[39m,
  [32m&apos;toLocaleString&apos;[39m
]
[WebflowDesignerAPI] Detected capabilities: {
  canReadPageInfo: [33mtrue[39m,
  canUpdatePageTitle: [33mfalse[39m,
  canUpdatePageMeta: [33mfalse[39m,
  canUpdatePageSlug: [33mfalse[39m,
  canAddCustomCode: [33mfalse[39m,
  canUpdateCMS: [33mfalse[39m,
  canManipulateElements: [33mtrue[39m,
  canSelectElements: [33mtrue[39m,
  hasElementBuilder: [33mfalse[39m,
  availableMethods: [
    [32m&apos;getCurrentPage&apos;[39m,
    [32m&apos;getAllElements&apos;[39m,
    [32m&apos;getSelectedElement&apos;[39m,
    [32m&apos;setSelectedElement&apos;[39m,
    [32m&apos;elementBuilder&apos;[39m
  ]
}

[WebflowDesignerAPI] Waiting for API to be ready...

[WebflowDesignerDetection] Designer API is ready

[WebflowDesignerAPI] API is ready

[WebflowDesignerAPI] getAllElements returned: { count: [33m4[39m, type: [32m&apos;object&apos;[39m, isArray: [33mtrue[39m }
[WebflowDesignerAPI] Sample elements structure:
[WebflowDesignerAPI] Element 0: {
  exists: [33mtrue[39m,
  objectType: [32m&apos;object&apos;[39m,
  id: [90mundefined[39m,
  webflowType: [90mundefined[39m,
  hasTextContent: [33mtrue[39m,
  textContentValue: [32m&apos;H1 Content&apos;[39m,
  hasGetTextContent: [33mtrue[39m,
  hasSetTextContent: [33mtrue[39m,
  hasTagName: [33mtrue[39m,
  tagName: [32m&apos;h1&apos;[39m,
  allKeys: [ [32m&apos;tagName&apos;[39m, [32m&apos;textContent&apos;[39m, [32m&apos;setTextContent&apos;[39m, [32m&apos;getTextContent&apos;[39m ]
}
[WebflowDesignerAPI] Element 1: {
  exists: [33mtrue[39m,
  objectType: [32m&apos;object&apos;[39m,
  id: [90mundefined[39m,
  webflowType: [90mundefined[39m,
  hasTextContent: [33mtrue[39m,
  textContentValue: [32m&apos;Paragraph&apos;[39m,
  hasGetTextContent: [33mtrue[39m,
  hasSetTextContent: [33mtrue[39m,
  hasTagName: [33mtrue[39m,
  tagName: [32m&apos;p&apos;[39m,
  allKeys: [ [32m&apos;tagName&apos;[39m, [32m&apos;textContent&apos;[39m, [32m&apos;setTextContent&apos;[39m, [32m&apos;getTextContent&apos;[39m ]
}
[WebflowDesignerAPI] Element 2: {
  exists: [33mtrue[39m,
  objectType: [32m&apos;object&apos;[39m,
  id: [90mundefined[39m,
  webflowType: [90mundefined[39m,
  hasTextContent: [33mtrue[39m,
  textContentValue: [32m&apos;H2 Content&apos;[39m,
  hasGetTextContent: [33mtrue[39m,
  hasSetTextContent: [33mtrue[39m,
  hasTagName: [33mtrue[39m,
  tagName: [32m&apos;h2&apos;[39m,
  allKeys: [ [32m&apos;tagName&apos;[39m, [32m&apos;textContent&apos;[39m, [32m&apos;setTextContent&apos;[39m, [32m&apos;getTextContent&apos;[39m ]
}
[WebflowDesignerAPI] Element 3: {
  exists: [33mtrue[39m,
  objectType: [32m&apos;object&apos;[39m,
  id: [90mundefined[39m,
  webflowType: [90mundefined[39m,
  hasTextContent: [33mtrue[39m,
  textContentValue: [32m&apos;Another H2&apos;[39m,
  hasGetTextContent: [33mtrue[39m,
  hasSetTextContent: [33mtrue[39m,
  hasTagName: [33mtrue[39m,
  tagName: [32m&apos;h2&apos;[39m,
  allKeys: [ [32m&apos;tagName&apos;[39m, [32m&apos;textContent&apos;[39m, [32m&apos;setTextContent&apos;[39m, [32m&apos;getTextContent&apos;[39m ]
}

            </system-out>
            <failure message="expected [] to have a length of 2 but got +0" type="AssertionError">
AssertionError: expected [] to have a length of 2 but got +0

- Expected
+ Received

- 2
+ 0

 ❯ client/src/lib/webflowDesignerApi.element.test.ts:80:26
            </failure>
        </testcase>
        <testcase classname="client/src/lib/webflowDesignerApi.element.test.ts" name="WebflowDesignerAPI Element Discovery and Manipulation &gt; Element Discovery &gt; should handle empty element lists" time="0.0025001">
            <system-out>
[WebflowDesignerDetection] === WEBFLOW API INSPECTION ===
[WebflowDesignerDetection] typeof window.webflow: object
[WebflowDesignerDetection] window.webflow: {
  getCurrentPage: [Function: spy] {
    getMockName: [36m[Function (anonymous)][39m,
    mockName: [36m[Function (anonymous)][39m,
    mockClear: [36m[Function (anonymous)][39m,
    mockReset: [36m[Function (anonymous)][39m,
    mockRestore: [36m[Function (anonymous)][39m,
    getMockImplementation: [36m[Function (anonymous)][39m,
    mockImplementation: [36m[Function (anonymous)][39m,
    mockImplementationOnce: [36m[Function (anonymous)][39m,
    withImplementation: [36m[Function: withImplementation][39m,
    mockReturnThis: [36m[Function (anonymous)][39m,
    mockReturnValue: [36m[Function (anonymous)][39m,
    mockReturnValueOnce: [36m[Function (anonymous)][39m,
    mockResolvedValue: [36m[Function (anonymous)][39m,
    mockResolvedValueOnce: [36m[Function (anonymous)][39m,
    mockRejectedValue: [36m[Function (anonymous)][39m,
    mockRejectedValueOnce: [36m[Function (anonymous)][39m,
    [[32mSymbol(nodejs.dispose)[39m]: [36m[Function (anonymous)][39m
  },
  getAllElements: [Function: spy] {
    getMockName: [36m[Function (anonymous)][39m,
    mockName: [36m[Function (anonymous)][39m,
    mockClear: [36m[Function (anonymous)][39m,
    mockReset: [36m[Function (anonymous)][39m,
    mockRestore: [36m[Function (anonymous)][39m,
    getMockImplementation: [36m[Function (anonymous)][39m,
    mockImplementation: [36m[Function (anonymous)][39m,
    mockImplementationOnce: [36m[Function (anonymous)][39m,
    withImplementation: [36m[Function: withImplementation][39m,
    mockReturnThis: [36m[Function (anonymous)][39m,
    mockReturnValue: [36m[Function (anonymous)][39m,
    mockReturnValueOnce: [36m[Function (anonymous)][39m,
    mockResolvedValue: [36m[Function (anonymous)][39m,
    mockResolvedValueOnce: [36m[Function (anonymous)][39m,
    mockRejectedValue: [36m[Function (anonymous)][39m,
    mockRejectedValueOnce: [36m[Function (anonymous)][39m,
    [[32mSymbol(nodejs.dispose)[39m]: [36m[Function (anonymous)][39m
  },
  getSelectedElement: [Function: spy] {
    getMockName: [36m[Function (anonymous)][39m,
    mockName: [36m[Function (anonymous)][39m,
    mockClear: [36m[Function (anonymous)][39m,
    mockReset: [36m[Function (anonymous)][39m,
    mockRestore: [36m[Function (anonymous)][39m,
    getMockImplementation: [36m[Function (anonymous)][39m,
    mockImplementation: [36m[Function (anonymous)][39m,
    mockImplementationOnce: [36m[Function (anonymous)][39m,
    withImplementation: [36m[Function: withImplementation][39m,
    mockReturnThis: [36m[Function (anonymous)][39m,
    mockReturnValue: [36m[Function (anonymous)][39m,
    mockReturnValueOnce: [36m[Function (anonymous)][39m,
    mockResolvedValue: [36m[Function (anonymous)][39m,
    mockResolvedValueOnce: [36m[Function (anonymous)][39m,
    mockRejectedValue: [36m[Function (anonymous)][39m,
    mockRejectedValueOnce: [36m[Function (anonymous)][39m,
    [[32mSymbol(nodejs.dispose)[39m]: [36m[Function (anonymous)][39m
  },
  setSelectedElement: [Function: spy] {
    getMockName: [36m[Function (anonymous)][39m,
    mockName: [36m[Function (anonymous)][39m,
    mockClear: [36m[Function (anonymous)][39m,
    mockReset: [36m[Function (anonymous)][39m,
    mockRestore: [36m[Function (anonymous)][39m,
    getMockImplementation: [36m[Function (anonymous)][39m,
    mockImplementation: [36m[Function (anonymous)][39m,
    mockImplementationOnce: [36m[Function (anonymous)][39m,
    withImplementation: [36m[Function: withImplementation][39m,
    mockReturnThis: [36m[Function (anonymous)][39m,
    mockReturnValue: [36m[Function (anonymous)][39m,
    mockReturnValueOnce: [36m[Function (anonymous)][39m,
    mockResolvedValue: [36m[Function (anonymous)][39m,
    mockResolvedValueOnce: [36m[Function (anonymous)][39m,
    mockRejectedValue: [36m[Function (anonymous)][39m,
    mockRejectedValueOnce: [36m[Function (anonymous)][39m,
    [[32mSymbol(nodejs.dispose)[39m]: [36m[Function (anonymous)][39m
  },
  elementBuilder: [Function: spy] {
    getMockName: [36m[Function (anonymous)][39m,
    mockName: [36m[Function (anonymous)][39m,
    mockClear: [36m[Function (anonymous)][39m,
    mockReset: [36m[Function (anonymous)][39m,
    mockRestore: [36m[Function (anonymous)][39m,
    getMockImplementation: [36m[Function (anonymous)][39m,
    mockImplementation: [36m[Function (anonymous)][39m,
    mockImplementationOnce: [36m[Function (anonymous)][39m,
    withImplementation: [36m[Function: withImplementation][39m,
    mockReturnThis: [36m[Function (anonymous)][39m,
    mockReturnValue: [36m[Function (anonymous)][39m,
    mockReturnValueOnce: [36m[Function (anonymous)][39m,
    mockResolvedValue: [36m[Function (anonymous)][39m,
    mockResolvedValueOnce: [36m[Function (anonymous)][39m,
    mockRejectedValue: [36m[Function (anonymous)][39m,
    mockRejectedValueOnce: [36m[Function (anonymous)][39m,
    [[32mSymbol(nodejs.dispose)[39m]: [36m[Function (anonymous)][39m
  }
}
[WebflowDesignerDetection] Available webflow properties: [
  [32m&apos;getCurrentPage&apos;[39m,
  [32m&apos;getAllElements&apos;[39m,
  [32m&apos;getSelectedElement&apos;[39m,
  [32m&apos;setSelectedElement&apos;[39m,
  [32m&apos;elementBuilder&apos;[39m
]
[WebflowDesignerDetection] Available webflow methods: [
  [32m&apos;getCurrentPage&apos;[39m,
  [32m&apos;getAllElements&apos;[39m,
  [32m&apos;getSelectedElement&apos;[39m,
  [32m&apos;setSelectedElement&apos;[39m,
  [32m&apos;elementBuilder&apos;[39m
]
[WebflowDesignerDetection] Method &apos;getCurrentPage&apos;: {
  type: [32m&apos;function&apos;[39m,
  length: [33m0[39m,
  name: [32m&apos;spy&apos;[39m,
  toString: [32m&apos;function(...args) {\n&apos;[39m +
    [32m&apos;    let state2 = getInternalState(fn);\n&apos;[39m +
    [32m&apos;    state2.called = !0, state2.callCount++, state2.calls.push(args);\n&apos;[39m +
    [32m&apos;    let next = state2.next.shift();\n&apos;[39m +
    [32m&apos;    if (next) {\n&apos;[39m +
    [32m&apos;      state2.results...&apos;[39m
}
[WebflowDesignerDetection] Method &apos;getAllElements&apos;: {
  type: [32m&apos;function&apos;[39m,
  length: [33m0[39m,
  name: [32m&apos;spy&apos;[39m,
  toString: [32m&apos;function(...args) {\n&apos;[39m +
    [32m&apos;    let state2 = getInternalState(fn);\n&apos;[39m +
    [32m&apos;    state2.called = !0, state2.callCount++, state2.calls.push(args);\n&apos;[39m +
    [32m&apos;    let next = state2.next.shift();\n&apos;[39m +
    [32m&apos;    if (next) {\n&apos;[39m +
    [32m&apos;      state2.results...&apos;[39m
}
[WebflowDesignerDetection] Method &apos;getSelectedElement&apos;: {
  type: [32m&apos;function&apos;[39m,
  length: [33m0[39m,
  name: [32m&apos;spy&apos;[39m,
  toString: [32m&apos;function(...args) {\n&apos;[39m +
    [32m&apos;    let state2 = getInternalState(fn);\n&apos;[39m +
    [32m&apos;    state2.called = !0, state2.callCount++, state2.calls.push(args);\n&apos;[39m +
    [32m&apos;    let next = state2.next.shift();\n&apos;[39m +
    [32m&apos;    if (next) {\n&apos;[39m +
    [32m&apos;      state2.results...&apos;[39m
}
[WebflowDesignerDetection] Method &apos;setSelectedElement&apos;: {
  type: [32m&apos;function&apos;[39m,
  length: [33m0[39m,
  name: [32m&apos;spy&apos;[39m,
  toString: [32m&apos;function(...args) {\n&apos;[39m +
    [32m&apos;    let state2 = getInternalState(fn);\n&apos;[39m +
    [32m&apos;    state2.called = !0, state2.callCount++, state2.calls.push(args);\n&apos;[39m +
    [32m&apos;    let next = state2.next.shift();\n&apos;[39m +
    [32m&apos;    if (next) {\n&apos;[39m +
    [32m&apos;      state2.results...&apos;[39m
}
[WebflowDesignerDetection] Method &apos;elementBuilder&apos;: {
  type: [32m&apos;function&apos;[39m,
  length: [33m0[39m,
  name: [32m&apos;spy&apos;[39m,
  toString: [32m&apos;function(...args) {\n&apos;[39m +
    [32m&apos;    let state2 = getInternalState(fn);\n&apos;[39m +
    [32m&apos;    state2.called = !0, state2.callCount++, state2.calls.push(args);\n&apos;[39m +
    [32m&apos;    let next = state2.next.shift();\n&apos;[39m +
    [32m&apos;    if (next) {\n&apos;[39m +
    [32m&apos;      state2.results...&apos;[39m
}
[WebflowDesignerDetection] Prototype methods: [
  [32m&apos;constructor&apos;[39m,
  [32m&apos;__defineGetter__&apos;[39m,
  [32m&apos;__defineSetter__&apos;[39m,
  [32m&apos;hasOwnProperty&apos;[39m,
  [32m&apos;__lookupGetter__&apos;[39m,
  [32m&apos;__lookupSetter__&apos;[39m,
  [32m&apos;isPrototypeOf&apos;[39m,
  [32m&apos;propertyIsEnumerable&apos;[39m,
  [32m&apos;toString&apos;[39m,
  [32m&apos;valueOf&apos;[39m,
  [32m&apos;__proto__&apos;[39m,
  [32m&apos;toLocaleString&apos;[39m
]
[WebflowDesignerAPI] Detected capabilities: {
  canReadPageInfo: [33mtrue[39m,
  canUpdatePageTitle: [33mfalse[39m,
  canUpdatePageMeta: [33mfalse[39m,
  canUpdatePageSlug: [33mfalse[39m,
  canAddCustomCode: [33mfalse[39m,
  canUpdateCMS: [33mfalse[39m,
  canManipulateElements: [33mtrue[39m,
  canSelectElements: [33mtrue[39m,
  hasElementBuilder: [33mfalse[39m,
  availableMethods: [
    [32m&apos;getCurrentPage&apos;[39m,
    [32m&apos;getAllElements&apos;[39m,
    [32m&apos;getSelectedElement&apos;[39m,
    [32m&apos;setSelectedElement&apos;[39m,
    [32m&apos;elementBuilder&apos;[39m
  ]
}

[WebflowDesignerAPI] Waiting for API to be ready...

[WebflowDesignerDetection] Designer API is ready

[WebflowDesignerAPI] API is ready

[WebflowDesignerAPI] getAllElements returned: { count: [33m0[39m, type: [32m&apos;object&apos;[39m, isArray: [33mtrue[39m }

            </system-out>
        </testcase>
        <testcase classname="client/src/lib/webflowDesignerApi.element.test.ts" name="WebflowDesignerAPI Element Discovery and Manipulation &gt; H1 Heading Updates - DISABLED (issue #504) &gt; should find and update first H1 element" time="0">
            <skipped/>
        </testcase>
        <testcase classname="client/src/lib/webflowDesignerApi.element.test.ts" name="WebflowDesignerAPI Element Discovery and Manipulation &gt; H1 Heading Updates - DISABLED (issue #504) &gt; should handle pages without H1 elements" time="0">
            <skipped/>
        </testcase>
        <testcase classname="client/src/lib/webflowDesignerApi.element.test.ts" name="WebflowDesignerAPI Element Discovery and Manipulation &gt; H1 Heading Updates - DISABLED (issue #504) &gt; should preserve element attributes when updating" time="0">
            <skipped/>
        </testcase>
        <testcase classname="client/src/lib/webflowDesignerApi.element.test.ts" name="WebflowDesignerAPI Element Discovery and Manipulation &gt; H2 Heading Updates - DISABLED (issue #504) &gt; should update H2 by index" time="0">
            <skipped/>
        </testcase>
        <testcase classname="client/src/lib/webflowDesignerApi.element.test.ts" name="WebflowDesignerAPI Element Discovery and Manipulation &gt; H2 Heading Updates - DISABLED (issue #504) &gt; should handle out-of-bounds index" time="0">
            <skipped/>
        </testcase>
        <testcase classname="client/src/lib/webflowDesignerApi.element.test.ts" name="WebflowDesignerAPI Element Discovery and Manipulation &gt; H2 Heading Updates - DISABLED (issue #504) &gt; should default to first H2 when no index provided" time="0">
            <skipped/>
        </testcase>
        <testcase classname="client/src/lib/webflowDesignerApi.element.test.ts" name="WebflowDesignerAPI Element Discovery and Manipulation &gt; Introduction Paragraph Updates - DISABLED (issue #504) &gt; should identify introduction by content length" time="0">
            <skipped/>
        </testcase>
        <testcase classname="client/src/lib/webflowDesignerApi.element.test.ts" name="WebflowDesignerAPI Element Discovery and Manipulation &gt; Introduction Paragraph Updates - DISABLED (issue #504) &gt; should skip empty paragraphs" time="0">
            <skipped/>
        </testcase>
        <testcase classname="client/src/lib/webflowDesignerApi.element.test.ts" name="WebflowDesignerAPI Element Discovery and Manipulation &gt; Introduction Paragraph Updates - DISABLED (issue #504) &gt; should handle Webflow text blocks when no paragraphs found" time="0">
            <skipped/>
        </testcase>
        <testcase classname="client/src/lib/webflowDesignerApi.element.test.ts" name="WebflowDesignerAPI Element Discovery and Manipulation &gt; Introduction Paragraph Updates - DISABLED (issue #504) &gt; should throw error when no suitable introduction found" time="0">
            <skipped/>
        </testcase>
        <testcase classname="client/src/lib/webflowDesignerApi.element.test.ts" name="WebflowDesignerAPI Element Discovery and Manipulation &gt; Error Handling &gt; should handle API timeout gracefully" time="0.0049783">
            <system-out>
[WebflowDesignerDetection] === WEBFLOW API INSPECTION ===
[WebflowDesignerDetection] typeof window.webflow: object
[WebflowDesignerDetection] window.webflow: {
  getCurrentPage: [Function: spy] {
    getMockName: [36m[Function (anonymous)][39m,
    mockName: [36m[Function (anonymous)][39m,
    mockClear: [36m[Function (anonymous)][39m,
    mockReset: [36m[Function (anonymous)][39m,
    mockRestore: [36m[Function (anonymous)][39m,
    getMockImplementation: [36m[Function (anonymous)][39m,
    mockImplementation: [36m[Function (anonymous)][39m,
    mockImplementationOnce: [36m[Function (anonymous)][39m,
    withImplementation: [36m[Function: withImplementation][39m,
    mockReturnThis: [36m[Function (anonymous)][39m,
    mockReturnValue: [36m[Function (anonymous)][39m,
    mockReturnValueOnce: [36m[Function (anonymous)][39m,
    mockResolvedValue: [36m[Function (anonymous)][39m,
    mockResolvedValueOnce: [36m[Function (anonymous)][39m,
    mockRejectedValue: [36m[Function (anonymous)][39m,
    mockRejectedValueOnce: [36m[Function (anonymous)][39m,
    [[32mSymbol(nodejs.dispose)[39m]: [36m[Function (anonymous)][39m
  },
  getAllElements: [Function: spy] {
    getMockName: [36m[Function (anonymous)][39m,
    mockName: [36m[Function (anonymous)][39m,
    mockClear: [36m[Function (anonymous)][39m,
    mockReset: [36m[Function (anonymous)][39m,
    mockRestore: [36m[Function (anonymous)][39m,
    getMockImplementation: [36m[Function (anonymous)][39m,
    mockImplementation: [36m[Function (anonymous)][39m,
    mockImplementationOnce: [36m[Function (anonymous)][39m,
    withImplementation: [36m[Function: withImplementation][39m,
    mockReturnThis: [36m[Function (anonymous)][39m,
    mockReturnValue: [36m[Function (anonymous)][39m,
    mockReturnValueOnce: [36m[Function (anonymous)][39m,
    mockResolvedValue: [36m[Function (anonymous)][39m,
    mockResolvedValueOnce: [36m[Function (anonymous)][39m,
    mockRejectedValue: [36m[Function (anonymous)][39m,
    mockRejectedValueOnce: [36m[Function (anonymous)][39m,
    [[32mSymbol(nodejs.dispose)[39m]: [36m[Function (anonymous)][39m
  },
  getSelectedElement: [Function: spy] {
    getMockName: [36m[Function (anonymous)][39m,
    mockName: [36m[Function (anonymous)][39m,
    mockClear: [36m[Function (anonymous)][39m,
    mockReset: [36m[Function (anonymous)][39m,
    mockRestore: [36m[Function (anonymous)][39m,
    getMockImplementation: [36m[Function (anonymous)][39m,
    mockImplementation: [36m[Function (anonymous)][39m,
    mockImplementationOnce: [36m[Function (anonymous)][39m,
    withImplementation: [36m[Function: withImplementation][39m,
    mockReturnThis: [36m[Function (anonymous)][39m,
    mockReturnValue: [36m[Function (anonymous)][39m,
    mockReturnValueOnce: [36m[Function (anonymous)][39m,
    mockResolvedValue: [36m[Function (anonymous)][39m,
    mockResolvedValueOnce: [36m[Function (anonymous)][39m,
    mockRejectedValue: [36m[Function (anonymous)][39m,
    mockRejectedValueOnce: [36m[Function (anonymous)][39m,
    [[32mSymbol(nodejs.dispose)[39m]: [36m[Function (anonymous)][39m
  },
  setSelectedElement: [Function: spy] {
    getMockName: [36m[Function (anonymous)][39m,
    mockName: [36m[Function (anonymous)][39m,
    mockClear: [36m[Function (anonymous)][39m,
    mockReset: [36m[Function (anonymous)][39m,
    mockRestore: [36m[Function (anonymous)][39m,
    getMockImplementation: [36m[Function (anonymous)][39m,
    mockImplementation: [36m[Function (anonymous)][39m,
    mockImplementationOnce: [36m[Function (anonymous)][39m,
    withImplementation: [36m[Function: withImplementation][39m,
    mockReturnThis: [36m[Function (anonymous)][39m,
    mockReturnValue: [36m[Function (anonymous)][39m,
    mockReturnValueOnce: [36m[Function (anonymous)][39m,
    mockResolvedValue: [36m[Function (anonymous)][39m,
    mockResolvedValueOnce: [36m[Function (anonymous)][39m,
    mockRejectedValue: [36m[Function (anonymous)][39m,
    mockRejectedValueOnce: [36m[Function (anonymous)][39m,
    [[32mSymbol(nodejs.dispose)[39m]: [36m[Function (anonymous)][39m
  },
  elementBuilder: [Function: spy] {
    getMockName: [36m[Function (anonymous)][39m,
    mockName: [36m[Function (anonymous)][39m,
    mockClear: [36m[Function (anonymous)][39m,
    mockReset: [36m[Function (anonymous)][39m,
    mockRestore: [36m[Function (anonymous)][39m,
    getMockImplementation: [36m[Function (anonymous)][39m,
    mockImplementation: [36m[Function (anonymous)][39m,
    mockImplementationOnce: [36m[Function (anonymous)][39m,
    withImplementation: [36m[Function: withImplementation][39m,
    mockReturnThis: [36m[Function (anonymous)][39m,
    mockReturnValue: [36m[Function (anonymous)][39m,
    mockReturnValueOnce: [36m[Function (anonymous)][39m,
    mockResolvedValue: [36m[Function (anonymous)][39m,
    mockResolvedValueOnce: [36m[Function (anonymous)][39m,
    mockRejectedValue: [36m[Function (anonymous)][39m,
    mockRejectedValueOnce: [36m[Function (anonymous)][39m,
    [[32mSymbol(nodejs.dispose)[39m]: [36m[Function (anonymous)][39m
  }
}
[WebflowDesignerDetection] Available webflow properties: [
  [32m&apos;getCurrentPage&apos;[39m,
  [32m&apos;getAllElements&apos;[39m,
  [32m&apos;getSelectedElement&apos;[39m,
  [32m&apos;setSelectedElement&apos;[39m,
  [32m&apos;elementBuilder&apos;[39m
]
[WebflowDesignerDetection] Available webflow methods: [
  [32m&apos;getCurrentPage&apos;[39m,
  [32m&apos;getAllElements&apos;[39m,
  [32m&apos;getSelectedElement&apos;[39m,
  [32m&apos;setSelectedElement&apos;[39m,
  [32m&apos;elementBuilder&apos;[39m
]
[WebflowDesignerDetection] Method &apos;getCurrentPage&apos;: {
  type: [32m&apos;function&apos;[39m,
  length: [33m0[39m,
  name: [32m&apos;spy&apos;[39m,
  toString: [32m&apos;function(...args) {\n&apos;[39m +
    [32m&apos;    let state2 = getInternalState(fn);\n&apos;[39m +
    [32m&apos;    state2.called = !0, state2.callCount++, state2.calls.push(args);\n&apos;[39m +
    [32m&apos;    let next = state2.next.shift();\n&apos;[39m +
    [32m&apos;    if (next) {\n&apos;[39m +
    [32m&apos;      state2.results...&apos;[39m
}
[WebflowDesignerDetection] Method &apos;getAllElements&apos;: {
  type: [32m&apos;function&apos;[39m,
  length: [33m0[39m,
  name: [32m&apos;spy&apos;[39m,
  toString: [32m&apos;function(...args) {\n&apos;[39m +
    [32m&apos;    let state2 = getInternalState(fn);\n&apos;[39m +
    [32m&apos;    state2.called = !0, state2.callCount++, state2.calls.push(args);\n&apos;[39m +
    [32m&apos;    let next = state2.next.shift();\n&apos;[39m +
    [32m&apos;    if (next) {\n&apos;[39m +
    [32m&apos;      state2.results...&apos;[39m
}
[WebflowDesignerDetection] Method &apos;getSelectedElement&apos;: {
  type: [32m&apos;function&apos;[39m,
  length: [33m0[39m,
  name: [32m&apos;spy&apos;[39m,
  toString: [32m&apos;function(...args) {\n&apos;[39m +
    [32m&apos;    let state2 = getInternalState(fn);\n&apos;[39m +
    [32m&apos;    state2.called = !0, state2.callCount++, state2.calls.push(args);\n&apos;[39m +
    [32m&apos;    let next = state2.next.shift();\n&apos;[39m +
    [32m&apos;    if (next) {\n&apos;[39m +
    [32m&apos;      state2.results...&apos;[39m
}
[WebflowDesignerDetection] Method &apos;setSelectedElement&apos;: {
  type: [32m&apos;function&apos;[39m,
  length: [33m0[39m,
  name: [32m&apos;spy&apos;[39m,
  toString: [32m&apos;function(...args) {\n&apos;[39m +
    [32m&apos;    let state2 = getInternalState(fn);\n&apos;[39m +
    [32m&apos;    state2.called = !0, state2.callCount++, state2.calls.push(args);\n&apos;[39m +
    [32m&apos;    let next = state2.next.shift();\n&apos;[39m +
    [32m&apos;    if (next) {\n&apos;[39m +
    [32m&apos;      state2.results...&apos;[39m
}
[WebflowDesignerDetection] Method &apos;elementBuilder&apos;: {
  type: [32m&apos;function&apos;[39m,
  length: [33m0[39m,
  name: [32m&apos;spy&apos;[39m,
  toString: [32m&apos;function(...args) {\n&apos;[39m +
    [32m&apos;    let state2 = getInternalState(fn);\n&apos;[39m +
    [32m&apos;    state2.called = !0, state2.callCount++, state2.calls.push(args);\n&apos;[39m +
    [32m&apos;    let next = state2.next.shift();\n&apos;[39m +
    [32m&apos;    if (next) {\n&apos;[39m +
    [32m&apos;      state2.results...&apos;[39m
}
[WebflowDesignerDetection] Prototype methods: [
  [32m&apos;constructor&apos;[39m,
  [32m&apos;__defineGetter__&apos;[39m,
  [32m&apos;__defineSetter__&apos;[39m,
  [32m&apos;hasOwnProperty&apos;[39m,
  [32m&apos;__lookupGetter__&apos;[39m,
  [32m&apos;__lookupSetter__&apos;[39m,
  [32m&apos;isPrototypeOf&apos;[39m,
  [32m&apos;propertyIsEnumerable&apos;[39m,
  [32m&apos;toString&apos;[39m,
  [32m&apos;valueOf&apos;[39m,
  [32m&apos;__proto__&apos;[39m,
  [32m&apos;toLocaleString&apos;[39m
]
[WebflowDesignerAPI] Detected capabilities: {
  canReadPageInfo: [33mtrue[39m,
  canUpdatePageTitle: [33mfalse[39m,
  canUpdatePageMeta: [33mfalse[39m,
  canUpdatePageSlug: [33mfalse[39m,
  canAddCustomCode: [33mfalse[39m,
  canUpdateCMS: [33mfalse[39m,
  canManipulateElements: [33mtrue[39m,
  canSelectElements: [33mtrue[39m,
  hasElementBuilder: [33mfalse[39m,
  availableMethods: [
    [32m&apos;getCurrentPage&apos;[39m,
    [32m&apos;getAllElements&apos;[39m,
    [32m&apos;getSelectedElement&apos;[39m,
    [32m&apos;setSelectedElement&apos;[39m,
    [32m&apos;elementBuilder&apos;[39m
  ]
}

[WebflowDesignerAPI] Updating H1 heading content using Designer API
[WebflowDesignerAPI] content: New content
[WebflowDesignerAPI] Waiting for API to be ready...

[WebflowDesignerDetection] Designer API is ready

[WebflowDesignerAPI] API is ready

            </system-out>
        </testcase>
        <testcase classname="client/src/lib/webflowDesignerApi.element.test.ts" name="WebflowDesignerAPI Element Discovery and Manipulation &gt; Error Handling &gt; should retry failed operations" time="0.0047844">
            <system-out>
[WebflowDesignerDetection] === WEBFLOW API INSPECTION ===
[WebflowDesignerDetection] typeof window.webflow: object
[WebflowDesignerDetection] window.webflow: {
  getCurrentPage: [Function: spy] {
    getMockName: [36m[Function (anonymous)][39m,
    mockName: [36m[Function (anonymous)][39m,
    mockClear: [36m[Function (anonymous)][39m,
    mockReset: [36m[Function (anonymous)][39m,
    mockRestore: [36m[Function (anonymous)][39m,
    getMockImplementation: [36m[Function (anonymous)][39m,
    mockImplementation: [36m[Function (anonymous)][39m,
    mockImplementationOnce: [36m[Function (anonymous)][39m,
    withImplementation: [36m[Function: withImplementation][39m,
    mockReturnThis: [36m[Function (anonymous)][39m,
    mockReturnValue: [36m[Function (anonymous)][39m,
    mockReturnValueOnce: [36m[Function (anonymous)][39m,
    mockResolvedValue: [36m[Function (anonymous)][39m,
    mockResolvedValueOnce: [36m[Function (anonymous)][39m,
    mockRejectedValue: [36m[Function (anonymous)][39m,
    mockRejectedValueOnce: [36m[Function (anonymous)][39m,
    [[32mSymbol(nodejs.dispose)[39m]: [36m[Function (anonymous)][39m
  },
  getAllElements: [Function: spy] {
    getMockName: [36m[Function (anonymous)][39m,
    mockName: [36m[Function (anonymous)][39m,
    mockClear: [36m[Function (anonymous)][39m,
    mockReset: [36m[Function (anonymous)][39m,
    mockRestore: [36m[Function (anonymous)][39m,
    getMockImplementation: [36m[Function (anonymous)][39m,
    mockImplementation: [36m[Function (anonymous)][39m,
    mockImplementationOnce: [36m[Function (anonymous)][39m,
    withImplementation: [36m[Function: withImplementation][39m,
    mockReturnThis: [36m[Function (anonymous)][39m,
    mockReturnValue: [36m[Function (anonymous)][39m,
    mockReturnValueOnce: [36m[Function (anonymous)][39m,
    mockResolvedValue: [36m[Function (anonymous)][39m,
    mockResolvedValueOnce: [36m[Function (anonymous)][39m,
    mockRejectedValue: [36m[Function (anonymous)][39m,
    mockRejectedValueOnce: [36m[Function (anonymous)][39m,
    [[32mSymbol(nodejs.dispose)[39m]: [36m[Function (anonymous)][39m
  },
  getSelectedElement: [Function: spy] {
    getMockName: [36m[Function (anonymous)][39m,
    mockName: [36m[Function (anonymous)][39m,
    mockClear: [36m[Function (anonymous)][39m,
    mockReset: [36m[Function (anonymous)][39m,
    mockRestore: [36m[Function (anonymous)][39m,
    getMockImplementation: [36m[Function (anonymous)][39m,
    mockImplementation: [36m[Function (anonymous)][39m,
    mockImplementationOnce: [36m[Function (anonymous)][39m,
    withImplementation: [36m[Function: withImplementation][39m,
    mockReturnThis: [36m[Function (anonymous)][39m,
    mockReturnValue: [36m[Function (anonymous)][39m,
    mockReturnValueOnce: [36m[Function (anonymous)][39m,
    mockResolvedValue: [36m[Function (anonymous)][39m,
    mockResolvedValueOnce: [36m[Function (anonymous)][39m,
    mockRejectedValue: [36m[Function (anonymous)][39m,
    mockRejectedValueOnce: [36m[Function (anonymous)][39m,
    [[32mSymbol(nodejs.dispose)[39m]: [36m[Function (anonymous)][39m
  },
  setSelectedElement: [Function: spy] {
    getMockName: [36m[Function (anonymous)][39m,
    mockName: [36m[Function (anonymous)][39m,
    mockClear: [36m[Function (anonymous)][39m,
    mockReset: [36m[Function (anonymous)][39m,
    mockRestore: [36m[Function (anonymous)][39m,
    getMockImplementation: [36m[Function (anonymous)][39m,
    mockImplementation: [36m[Function (anonymous)][39m,
    mockImplementationOnce: [36m[Function (anonymous)][39m,
    withImplementation: [36m[Function: withImplementation][39m,
    mockReturnThis: [36m[Function (anonymous)][39m,
    mockReturnValue: [36m[Function (anonymous)][39m,
    mockReturnValueOnce: [36m[Function (anonymous)][39m,
    mockResolvedValue: [36m[Function (anonymous)][39m,
    mockResolvedValueOnce: [36m[Function (anonymous)][39m,
    mockRejectedValue: [36m[Function (anonymous)][39m,
    mockRejectedValueOnce: [36m[Function (anonymous)][39m,
    [[32mSymbol(nodejs.dispose)[39m]: [36m[Function (anonymous)][39m
  },
  elementBuilder: [Function: spy] {
    getMockName: [36m[Function (anonymous)][39m,
    mockName: [36m[Function (anonymous)][39m,
    mockClear: [36m[Function (anonymous)][39m,
    mockReset: [36m[Function (anonymous)][39m,
    mockRestore: [36m[Function (anonymous)][39m,
    getMockImplementation: [36m[Function (anonymous)][39m,
    mockImplementation: [36m[Function (anonymous)][39m,
    mockImplementationOnce: [36m[Function (anonymous)][39m,
    withImplementation: [36m[Function: withImplementation][39m,
    mockReturnThis: [36m[Function (anonymous)][39m,
    mockReturnValue: [36m[Function (anonymous)][39m,
    mockReturnValueOnce: [36m[Function (anonymous)][39m,
    mockResolvedValue: [36m[Function (anonymous)][39m,
    mockResolvedValueOnce: [36m[Function (anonymous)][39m,
    mockRejectedValue: [36m[Function (anonymous)][39m,
    mockRejectedValueOnce: [36m[Function (anonymous)][39m,
    [[32mSymbol(nodejs.dispose)[39m]: [36m[Function (anonymous)][39m
  }
}
[WebflowDesignerDetection] Available webflow properties: [
  [32m&apos;getCurrentPage&apos;[39m,
  [32m&apos;getAllElements&apos;[39m,
  [32m&apos;getSelectedElement&apos;[39m,
  [32m&apos;setSelectedElement&apos;[39m,
  [32m&apos;elementBuilder&apos;[39m
]
[WebflowDesignerDetection] Available webflow methods: [
  [32m&apos;getCurrentPage&apos;[39m,
  [32m&apos;getAllElements&apos;[39m,
  [32m&apos;getSelectedElement&apos;[39m,
  [32m&apos;setSelectedElement&apos;[39m,
  [32m&apos;elementBuilder&apos;[39m
]
[WebflowDesignerDetection] Method &apos;getCurrentPage&apos;: {
  type: [32m&apos;function&apos;[39m,
  length: [33m0[39m,
  name: [32m&apos;spy&apos;[39m,
  toString: [32m&apos;function(...args) {\n&apos;[39m +
    [32m&apos;    let state2 = getInternalState(fn);\n&apos;[39m +
    [32m&apos;    state2.called = !0, state2.callCount++, state2.calls.push(args);\n&apos;[39m +
    [32m&apos;    let next = state2.next.shift();\n&apos;[39m +
    [32m&apos;    if (next) {\n&apos;[39m +
    [32m&apos;      state2.results...&apos;[39m
}
[WebflowDesignerDetection] Method &apos;getAllElements&apos;: {
  type: [32m&apos;function&apos;[39m,
  length: [33m0[39m,
  name: [32m&apos;spy&apos;[39m,
  toString: [32m&apos;function(...args) {\n&apos;[39m +
    [32m&apos;    let state2 = getInternalState(fn);\n&apos;[39m +
    [32m&apos;    state2.called = !0, state2.callCount++, state2.calls.push(args);\n&apos;[39m +
    [32m&apos;    let next = state2.next.shift();\n&apos;[39m +
    [32m&apos;    if (next) {\n&apos;[39m +
    [32m&apos;      state2.results...&apos;[39m
}
[WebflowDesignerDetection] Method &apos;getSelectedElement&apos;: {
  type: [32m&apos;function&apos;[39m,
  length: [33m0[39m,
  name: [32m&apos;spy&apos;[39m,
  toString: [32m&apos;function(...args) {\n&apos;[39m +
    [32m&apos;    let state2 = getInternalState(fn);\n&apos;[39m +
    [32m&apos;    state2.called = !0, state2.callCount++, state2.calls.push(args);\n&apos;[39m +
    [32m&apos;    let next = state2.next.shift();\n&apos;[39m +
    [32m&apos;    if (next) {\n&apos;[39m +
    [32m&apos;      state2.results...&apos;[39m
}
[WebflowDesignerDetection] Method &apos;setSelectedElement&apos;: {
  type: [32m&apos;function&apos;[39m,
  length: [33m0[39m,
  name: [32m&apos;spy&apos;[39m,
  toString: [32m&apos;function(...args) {\n&apos;[39m +
    [32m&apos;    let state2 = getInternalState(fn);\n&apos;[39m +
    [32m&apos;    state2.called = !0, state2.callCount++, state2.calls.push(args);\n&apos;[39m +
    [32m&apos;    let next = state2.next.shift();\n&apos;[39m +
    [32m&apos;    if (next) {\n&apos;[39m +
    [32m&apos;      state2.results...&apos;[39m
}
[WebflowDesignerDetection] Method &apos;elementBuilder&apos;: {
  type: [32m&apos;function&apos;[39m,
  length: [33m0[39m,
  name: [32m&apos;spy&apos;[39m,
  toString: [32m&apos;function(...args) {\n&apos;[39m +
    [32m&apos;    let state2 = getInternalState(fn);\n&apos;[39m +
    [32m&apos;    state2.called = !0, state2.callCount++, state2.calls.push(args);\n&apos;[39m +
    [32m&apos;    let next = state2.next.shift();\n&apos;[39m +
    [32m&apos;    if (next) {\n&apos;[39m +
    [32m&apos;      state2.results...&apos;[39m
}
[WebflowDesignerDetection] Prototype methods: [
  [32m&apos;constructor&apos;[39m,
  [32m&apos;__defineGetter__&apos;[39m,
  [32m&apos;__defineSetter__&apos;[39m,
  [32m&apos;hasOwnProperty&apos;[39m,
  [32m&apos;__lookupGetter__&apos;[39m,
  [32m&apos;__lookupSetter__&apos;[39m,
  [32m&apos;isPrototypeOf&apos;[39m,
  [32m&apos;propertyIsEnumerable&apos;[39m,
  [32m&apos;toString&apos;[39m,
  [32m&apos;valueOf&apos;[39m,
  [32m&apos;__proto__&apos;[39m,
  [32m&apos;toLocaleString&apos;[39m
]
[WebflowDesignerAPI] Detected capabilities: {
  canReadPageInfo: [33mtrue[39m,
  canUpdatePageTitle: [33mfalse[39m,
  canUpdatePageMeta: [33mfalse[39m,
  canUpdatePageSlug: [33mfalse[39m,
  canAddCustomCode: [33mfalse[39m,
  canUpdateCMS: [33mfalse[39m,
  canManipulateElements: [33mtrue[39m,
  canSelectElements: [33mtrue[39m,
  hasElementBuilder: [33mfalse[39m,
  availableMethods: [
    [32m&apos;getCurrentPage&apos;[39m,
    [32m&apos;getAllElements&apos;[39m,
    [32m&apos;getSelectedElement&apos;[39m,
    [32m&apos;setSelectedElement&apos;[39m,
    [32m&apos;elementBuilder&apos;[39m
  ]
}

[WebflowDesignerAPI] Updating H1 heading content using Designer API
[WebflowDesignerAPI] content: New H1
[WebflowDesignerAPI] Waiting for API to be ready...

[WebflowDesignerDetection] Designer API is ready

[WebflowDesignerAPI] API is ready

[WebflowDesignerAPI] getAllElements returned: { count: [33m1[39m, type: [32m&apos;object&apos;[39m, isArray: [33mtrue[39m }
[WebflowDesignerAPI] Sample elements structure:
[WebflowDesignerAPI] Element 0: {
  exists: [33mtrue[39m,
  objectType: [32m&apos;object&apos;[39m,
  id: [90mundefined[39m,
  webflowType: [90mundefined[39m,
  hasTextContent: [33mtrue[39m,
  textContentValue: [32m&apos;H1&apos;[39m,
  hasGetTextContent: [33mtrue[39m,
  hasSetTextContent: [33mtrue[39m,
  hasTagName: [33mtrue[39m,
  tagName: [32m&apos;h1&apos;[39m,
  allKeys: [ [32m&apos;tagName&apos;[39m, [32m&apos;textContent&apos;[39m, [32m&apos;setTextContent&apos;[39m, [32m&apos;getTextContent&apos;[39m ]
}

            </system-out>
            <failure message="No H1 elements found on the current page" type="Error">
Error: No H1 elements found on the current page
 ❯ client/src/lib/webflowDesignerApi.ts:262:15
 ❯ WebflowDesignerExtensionAPI.retryOperation client/src/lib/webflowDesignerApi.ts:103:16
 ❯ client/src/lib/webflowDesignerApi.element.test.ts:258:22
            </failure>
        </testcase>
    </testsuite>
    <testsuite name="client/src/lib/webflowDesignerApi.realworld.test.ts" timestamp="2025-10-09T00:10:01.964Z" hostname="JohnDee" tests="11" failures="0" errors="0" skipped="5" time="0.0318679">
        <testcase classname="client/src/lib/webflowDesignerApi.realworld.test.ts" name="WebflowDesignerAPI Real-world Error Reproduction &gt; Element Detection Using Webflow Types (FIXED) &gt; should find HeadingElement when looking for h1 tags" time="0.0095629">
            <system-out>
[WebflowDesignerDetection] === WEBFLOW API INSPECTION ===
[WebflowDesignerDetection] typeof window.webflow: object
[WebflowDesignerDetection] window.webflow: {
  getCurrentPage: [Function: spy] {
    getMockName: [36m[Function (anonymous)][39m,
    mockName: [36m[Function (anonymous)][39m,
    mockClear: [36m[Function (anonymous)][39m,
    mockReset: [36m[Function (anonymous)][39m,
    mockRestore: [36m[Function (anonymous)][39m,
    getMockImplementation: [36m[Function (anonymous)][39m,
    mockImplementation: [36m[Function (anonymous)][39m,
    mockImplementationOnce: [36m[Function (anonymous)][39m,
    withImplementation: [36m[Function: withImplementation][39m,
    mockReturnThis: [36m[Function (anonymous)][39m,
    mockReturnValue: [36m[Function (anonymous)][39m,
    mockReturnValueOnce: [36m[Function (anonymous)][39m,
    mockResolvedValue: [36m[Function (anonymous)][39m,
    mockResolvedValueOnce: [36m[Function (anonymous)][39m,
    mockRejectedValue: [36m[Function (anonymous)][39m,
    mockRejectedValueOnce: [36m[Function (anonymous)][39m,
    [[32mSymbol(nodejs.dispose)[39m]: [36m[Function (anonymous)][39m
  },
  getAllElements: [Function: spy] {
    getMockName: [36m[Function (anonymous)][39m,
    mockName: [36m[Function (anonymous)][39m,
    mockClear: [36m[Function (anonymous)][39m,
    mockReset: [36m[Function (anonymous)][39m,
    mockRestore: [36m[Function (anonymous)][39m,
    getMockImplementation: [36m[Function (anonymous)][39m,
    mockImplementation: [36m[Function (anonymous)][39m,
    mockImplementationOnce: [36m[Function (anonymous)][39m,
    withImplementation: [36m[Function: withImplementation][39m,
    mockReturnThis: [36m[Function (anonymous)][39m,
    mockReturnValue: [36m[Function (anonymous)][39m,
    mockReturnValueOnce: [36m[Function (anonymous)][39m,
    mockResolvedValue: [36m[Function (anonymous)][39m,
    mockResolvedValueOnce: [36m[Function (anonymous)][39m,
    mockRejectedValue: [36m[Function (anonymous)][39m,
    mockRejectedValueOnce: [36m[Function (anonymous)][39m,
    [[32mSymbol(nodejs.dispose)[39m]: [36m[Function (anonymous)][39m
  },
  getSelectedElement: [Function: spy] {
    getMockName: [36m[Function (anonymous)][39m,
    mockName: [36m[Function (anonymous)][39m,
    mockClear: [36m[Function (anonymous)][39m,
    mockReset: [36m[Function (anonymous)][39m,
    mockRestore: [36m[Function (anonymous)][39m,
    getMockImplementation: [36m[Function (anonymous)][39m,
    mockImplementation: [36m[Function (anonymous)][39m,
    mockImplementationOnce: [36m[Function (anonymous)][39m,
    withImplementation: [36m[Function: withImplementation][39m,
    mockReturnThis: [36m[Function (anonymous)][39m,
    mockReturnValue: [36m[Function (anonymous)][39m,
    mockReturnValueOnce: [36m[Function (anonymous)][39m,
    mockResolvedValue: [36m[Function (anonymous)][39m,
    mockResolvedValueOnce: [36m[Function (anonymous)][39m,
    mockRejectedValue: [36m[Function (anonymous)][39m,
    mockRejectedValueOnce: [36m[Function (anonymous)][39m,
    [[32mSymbol(nodejs.dispose)[39m]: [36m[Function (anonymous)][39m
  },
  setSelectedElement: [Function: spy] {
    getMockName: [36m[Function (anonymous)][39m,
    mockName: [36m[Function (anonymous)][39m,
    mockClear: [36m[Function (anonymous)][39m,
    mockReset: [36m[Function (anonymous)][39m,
    mockRestore: [36m[Function (anonymous)][39m,
    getMockImplementation: [36m[Function (anonymous)][39m,
    mockImplementation: [36m[Function (anonymous)][39m,
    mockImplementationOnce: [36m[Function (anonymous)][39m,
    withImplementation: [36m[Function: withImplementation][39m,
    mockReturnThis: [36m[Function (anonymous)][39m,
    mockReturnValue: [36m[Function (anonymous)][39m,
    mockReturnValueOnce: [36m[Function (anonymous)][39m,
    mockResolvedValue: [36m[Function (anonymous)][39m,
    mockResolvedValueOnce: [36m[Function (anonymous)][39m,
    mockRejectedValue: [36m[Function (anonymous)][39m,
    mockRejectedValueOnce: [36m[Function (anonymous)][39m,
    [[32mSymbol(nodejs.dispose)[39m]: [36m[Function (anonymous)][39m
  },
  elementBuilder: [Function: spy] {
    getMockName: [36m[Function (anonymous)][39m,
    mockName: [36m[Function (anonymous)][39m,
    mockClear: [36m[Function (anonymous)][39m,
    mockReset: [36m[Function (anonymous)][39m,
    mockRestore: [36m[Function (anonymous)][39m,
    getMockImplementation: [36m[Function (anonymous)][39m,
    mockImplementation: [36m[Function (anonymous)][39m,
    mockImplementationOnce: [36m[Function (anonymous)][39m,
    withImplementation: [36m[Function: withImplementation][39m,
    mockReturnThis: [36m[Function (anonymous)][39m,
    mockReturnValue: [36m[Function (anonymous)][39m,
    mockReturnValueOnce: [36m[Function (anonymous)][39m,
    mockResolvedValue: [36m[Function (anonymous)][39m,
    mockResolvedValueOnce: [36m[Function (anonymous)][39m,
    mockRejectedValue: [36m[Function (anonymous)][39m,
    mockRejectedValueOnce: [36m[Function (anonymous)][39m,
    [[32mSymbol(nodejs.dispose)[39m]: [36m[Function (anonymous)][39m
  }
}
[WebflowDesignerDetection] Available webflow properties: [
  [32m&apos;getCurrentPage&apos;[39m,
  [32m&apos;getAllElements&apos;[39m,
  [32m&apos;getSelectedElement&apos;[39m,
  [32m&apos;setSelectedElement&apos;[39m,
  [32m&apos;elementBuilder&apos;[39m
]
[WebflowDesignerDetection] Available webflow methods: [
  [32m&apos;getCurrentPage&apos;[39m,
  [32m&apos;getAllElements&apos;[39m,
  [32m&apos;getSelectedElement&apos;[39m,
  [32m&apos;setSelectedElement&apos;[39m,
  [32m&apos;elementBuilder&apos;[39m
]
[WebflowDesignerDetection] Method &apos;getCurrentPage&apos;: {
  type: [32m&apos;function&apos;[39m,
  length: [33m0[39m,
  name: [32m&apos;spy&apos;[39m,
  toString: [32m&apos;function(...args) {\n&apos;[39m +
    [32m&apos;    let state2 = getInternalState(fn);\n&apos;[39m +
    [32m&apos;    state2.called = !0, state2.callCount++, state2.calls.push(args);\n&apos;[39m +
    [32m&apos;    let next = state2.next.shift();\n&apos;[39m +
    [32m&apos;    if (next) {\n&apos;[39m +
    [32m&apos;      state2.results...&apos;[39m
}
[WebflowDesignerDetection] Method &apos;getAllElements&apos;: {
  type: [32m&apos;function&apos;[39m,
  length: [33m0[39m,
  name: [32m&apos;spy&apos;[39m,
  toString: [32m&apos;function(...args) {\n&apos;[39m +
    [32m&apos;    let state2 = getInternalState(fn);\n&apos;[39m +
    [32m&apos;    state2.called = !0, state2.callCount++, state2.calls.push(args);\n&apos;[39m +
    [32m&apos;    let next = state2.next.shift();\n&apos;[39m +
    [32m&apos;    if (next) {\n&apos;[39m +
    [32m&apos;      state2.results...&apos;[39m
}
[WebflowDesignerDetection] Method &apos;getSelectedElement&apos;: {
  type: [32m&apos;function&apos;[39m,
  length: [33m0[39m,
  name: [32m&apos;spy&apos;[39m,
  toString: [32m&apos;function(...args) {\n&apos;[39m +
    [32m&apos;    let state2 = getInternalState(fn);\n&apos;[39m +
    [32m&apos;    state2.called = !0, state2.callCount++, state2.calls.push(args);\n&apos;[39m +
    [32m&apos;    let next = state2.next.shift();\n&apos;[39m +
    [32m&apos;    if (next) {\n&apos;[39m +
    [32m&apos;      state2.results...&apos;[39m
}
[WebflowDesignerDetection] Method &apos;setSelectedElement&apos;: {
  type: [32m&apos;function&apos;[39m,
  length: [33m0[39m,
  name: [32m&apos;spy&apos;[39m,
  toString: [32m&apos;function(...args) {\n&apos;[39m +
    [32m&apos;    let state2 = getInternalState(fn);\n&apos;[39m +
    [32m&apos;    state2.called = !0, state2.callCount++, state2.calls.push(args);\n&apos;[39m +
    [32m&apos;    let next = state2.next.shift();\n&apos;[39m +
    [32m&apos;    if (next) {\n&apos;[39m +
    [32m&apos;      state2.results...&apos;[39m
}
[WebflowDesignerDetection] Method &apos;elementBuilder&apos;: {
  type: [32m&apos;function&apos;[39m,
  length: [33m0[39m,
  name: [32m&apos;spy&apos;[39m,
  toString: [32m&apos;function(...args) {\n&apos;[39m +
    [32m&apos;    let state2 = getInternalState(fn);\n&apos;[39m +
    [32m&apos;    state2.called = !0, state2.callCount++, state2.calls.push(args);\n&apos;[39m +
    [32m&apos;    let next = state2.next.shift();\n&apos;[39m +
    [32m&apos;    if (next) {\n&apos;[39m +
    [32m&apos;      state2.results...&apos;[39m
}
[WebflowDesignerDetection] Prototype methods: [
  [32m&apos;constructor&apos;[39m,
  [32m&apos;__defineGetter__&apos;[39m,
  [32m&apos;__defineSetter__&apos;[39m,
  [32m&apos;hasOwnProperty&apos;[39m,
  [32m&apos;__lookupGetter__&apos;[39m,
  [32m&apos;__lookupSetter__&apos;[39m,
  [32m&apos;isPrototypeOf&apos;[39m,
  [32m&apos;propertyIsEnumerable&apos;[39m,
  [32m&apos;toString&apos;[39m,
  [32m&apos;valueOf&apos;[39m,
  [32m&apos;__proto__&apos;[39m,
  [32m&apos;toLocaleString&apos;[39m
]
[WebflowDesignerAPI] Detected capabilities: {
  canReadPageInfo: [33mtrue[39m,
  canUpdatePageTitle: [33mfalse[39m,
  canUpdatePageMeta: [33mfalse[39m,
  canUpdatePageSlug: [33mfalse[39m,
  canAddCustomCode: [33mfalse[39m,
  canUpdateCMS: [33mfalse[39m,
  canManipulateElements: [33mtrue[39m,
  canSelectElements: [33mtrue[39m,
  hasElementBuilder: [33mfalse[39m,
  availableMethods: [
    [32m&apos;getCurrentPage&apos;[39m,
    [32m&apos;getAllElements&apos;[39m,
    [32m&apos;getSelectedElement&apos;[39m,
    [32m&apos;setSelectedElement&apos;[39m,
    [32m&apos;elementBuilder&apos;[39m
  ]
}

[WebflowDesignerAPI] Waiting for API to be ready...

[WebflowDesignerDetection] Designer API is ready

[WebflowDesignerAPI] API is ready

[WebflowDesignerAPI] getAllElements returned: { count: [33m5[39m, type: [32m&apos;object&apos;[39m, isArray: [33mtrue[39m }
[WebflowDesignerAPI] Sample elements structure:
[WebflowDesignerAPI] Element 0: {
  exists: [33mtrue[39m,
  objectType: [32m&apos;object&apos;[39m,
  id: [32m&apos;element-1&apos;[39m,
  webflowType: [90mundefined[39m,
  hasTextContent: [33mtrue[39m,
  textContentValue: [32m&apos;Some content&apos;[39m,
  hasGetTextContent: [33mtrue[39m,
  hasSetTextContent: [33mtrue[39m,
  hasTagName: [33mfalse[39m,
  tagName: [90mundefined[39m,
  allKeys: [ [32m&apos;id&apos;[39m, [32m&apos;textContent&apos;[39m, [32m&apos;setTextContent&apos;[39m, [32m&apos;getTextContent&apos;[39m ]
}
[WebflowDesignerAPI] Element 1: {
  exists: [33mtrue[39m,
  objectType: [32m&apos;object&apos;[39m,
  id: [32m&apos;element-2&apos;[39m,
  webflowType: [32m&apos;HeadingElement&apos;[39m,
  hasTextContent: [33mtrue[39m,
  textContentValue: [32m&apos;Real H1 Content&apos;[39m,
  hasGetTextContent: [33mtrue[39m,
  hasSetTextContent: [33mtrue[39m,
  hasTagName: [33mfalse[39m,
  tagName: [90mundefined[39m,
  allKeys: [
    [32m&apos;id&apos;[39m,
    [32m&apos;type&apos;[39m,
    [32m&apos;textContent&apos;[39m,
    [32m&apos;setTextContent&apos;[39m,
    [32m&apos;getTextContent&apos;[39m,
    [32m&apos;getHeadingLevel&apos;[39m
  ]
}
[WebflowDesignerAPI] Element 2: {
  exists: [33mtrue[39m,
  objectType: [32m&apos;object&apos;[39m,
  id: [32m&apos;element-3&apos;[39m,
  webflowType: [1mnull[22m,
  hasTextContent: [33mtrue[39m,
  textContentValue: [32m&apos;Null type content&apos;[39m,
  hasGetTextContent: [33mtrue[39m,
  hasSetTextContent: [33mtrue[39m,
  hasTagName: [33mfalse[39m,
  tagName: [90mundefined[39m,
  allKeys: [ [32m&apos;id&apos;[39m, [32m&apos;type&apos;[39m, [32m&apos;textContent&apos;[39m, [32m&apos;setTextContent&apos;[39m, [32m&apos;getTextContent&apos;[39m ]
}
[WebflowDesignerAPI] Element 3: {
  exists: [33mtrue[39m,
  objectType: [32m&apos;object&apos;[39m,
  id: [32m&apos;element-4&apos;[39m,
  webflowType: [32m&apos;ParagraphElement&apos;[39m,
  hasTextContent: [33mtrue[39m,
  textContentValue: [32m&apos;This is a substantial paragraph with more than 50 characters to be considered for introduction&apos;[39m,
  hasGetTextContent: [33mtrue[39m,
  hasSetTextContent: [33mtrue[39m,
  hasTagName: [33mfalse[39m,
  tagName: [90mundefined[39m,
  allKeys: [ [32m&apos;id&apos;[39m, [32m&apos;type&apos;[39m, [32m&apos;textContent&apos;[39m, [32m&apos;setTextContent&apos;[39m, [32m&apos;getTextContent&apos;[39m ]
}
[WebflowDesignerAPI] Element 4: {
  exists: [33mtrue[39m,
  objectType: [32m&apos;object&apos;[39m,
  id: [32m&apos;element-5&apos;[39m,
  webflowType: [32m&apos;HeadingElement&apos;[39m,
  hasTextContent: [33mtrue[39m,
  textContentValue: [32m&apos;H2 Content&apos;[39m,
  hasGetTextContent: [33mtrue[39m,
  hasSetTextContent: [33mtrue[39m,
  hasTagName: [33mfalse[39m,
  tagName: [90mundefined[39m,
  allKeys: [
    [32m&apos;id&apos;[39m,
    [32m&apos;type&apos;[39m,
    [32m&apos;textContent&apos;[39m,
    [32m&apos;setTextContent&apos;[39m,
    [32m&apos;getTextContent&apos;[39m,
    [32m&apos;getHeadingLevel&apos;[39m
  ]
}

            </system-out>
        </testcase>
        <testcase classname="client/src/lib/webflowDesignerApi.realworld.test.ts" name="WebflowDesignerAPI Real-world Error Reproduction &gt; Element Detection Using Webflow Types (FIXED) &gt; should find ParagraphElement for introduction content - DISABLED (issue #504)" time="0">
            <skipped/>
        </testcase>
        <testcase classname="client/src/lib/webflowDesignerApi.realworld.test.ts" name="WebflowDesignerAPI Real-world Error Reproduction &gt; Element Detection Using Webflow Types (FIXED) &gt; should successfully update H1 HeadingElement - DISABLED (issue #504)" time="0">
            <skipped/>
        </testcase>
        <testcase classname="client/src/lib/webflowDesignerApi.realworld.test.ts" name="WebflowDesignerAPI Real-world Error Reproduction &gt; Element Detection Using Webflow Types (FIXED) &gt; should successfully update H2 HeadingElement by index - DISABLED (issue #504)" time="0">
            <skipped/>
        </testcase>
        <testcase classname="client/src/lib/webflowDesignerApi.realworld.test.ts" name="WebflowDesignerAPI Real-world Error Reproduction &gt; Expected Behavior After Fix &gt; should safely filter elements ignoring those with undefined/null type" time="0.0028819">
            <system-out>
[WebflowDesignerDetection] === WEBFLOW API INSPECTION ===
[WebflowDesignerDetection] typeof window.webflow: object
[WebflowDesignerDetection] window.webflow: {
  getCurrentPage: [Function: spy] {
    getMockName: [36m[Function (anonymous)][39m,
    mockName: [36m[Function (anonymous)][39m,
    mockClear: [36m[Function (anonymous)][39m,
    mockReset: [36m[Function (anonymous)][39m,
    mockRestore: [36m[Function (anonymous)][39m,
    getMockImplementation: [36m[Function (anonymous)][39m,
    mockImplementation: [36m[Function (anonymous)][39m,
    mockImplementationOnce: [36m[Function (anonymous)][39m,
    withImplementation: [36m[Function: withImplementation][39m,
    mockReturnThis: [36m[Function (anonymous)][39m,
    mockReturnValue: [36m[Function (anonymous)][39m,
    mockReturnValueOnce: [36m[Function (anonymous)][39m,
    mockResolvedValue: [36m[Function (anonymous)][39m,
    mockResolvedValueOnce: [36m[Function (anonymous)][39m,
    mockRejectedValue: [36m[Function (anonymous)][39m,
    mockRejectedValueOnce: [36m[Function (anonymous)][39m,
    [[32mSymbol(nodejs.dispose)[39m]: [36m[Function (anonymous)][39m
  },
  getAllElements: [Function: spy] {
    getMockName: [36m[Function (anonymous)][39m,
    mockName: [36m[Function (anonymous)][39m,
    mockClear: [36m[Function (anonymous)][39m,
    mockReset: [36m[Function (anonymous)][39m,
    mockRestore: [36m[Function (anonymous)][39m,
    getMockImplementation: [36m[Function (anonymous)][39m,
    mockImplementation: [36m[Function (anonymous)][39m,
    mockImplementationOnce: [36m[Function (anonymous)][39m,
    withImplementation: [36m[Function: withImplementation][39m,
    mockReturnThis: [36m[Function (anonymous)][39m,
    mockReturnValue: [36m[Function (anonymous)][39m,
    mockReturnValueOnce: [36m[Function (anonymous)][39m,
    mockResolvedValue: [36m[Function (anonymous)][39m,
    mockResolvedValueOnce: [36m[Function (anonymous)][39m,
    mockRejectedValue: [36m[Function (anonymous)][39m,
    mockRejectedValueOnce: [36m[Function (anonymous)][39m,
    [[32mSymbol(nodejs.dispose)[39m]: [36m[Function (anonymous)][39m
  },
  getSelectedElement: [Function: spy] {
    getMockName: [36m[Function (anonymous)][39m,
    mockName: [36m[Function (anonymous)][39m,
    mockClear: [36m[Function (anonymous)][39m,
    mockReset: [36m[Function (anonymous)][39m,
    mockRestore: [36m[Function (anonymous)][39m,
    getMockImplementation: [36m[Function (anonymous)][39m,
    mockImplementation: [36m[Function (anonymous)][39m,
    mockImplementationOnce: [36m[Function (anonymous)][39m,
    withImplementation: [36m[Function: withImplementation][39m,
    mockReturnThis: [36m[Function (anonymous)][39m,
    mockReturnValue: [36m[Function (anonymous)][39m,
    mockReturnValueOnce: [36m[Function (anonymous)][39m,
    mockResolvedValue: [36m[Function (anonymous)][39m,
    mockResolvedValueOnce: [36m[Function (anonymous)][39m,
    mockRejectedValue: [36m[Function (anonymous)][39m,
    mockRejectedValueOnce: [36m[Function (anonymous)][39m,
    [[32mSymbol(nodejs.dispose)[39m]: [36m[Function (anonymous)][39m
  },
  setSelectedElement: [Function: spy] {
    getMockName: [36m[Function (anonymous)][39m,
    mockName: [36m[Function (anonymous)][39m,
    mockClear: [36m[Function (anonymous)][39m,
    mockReset: [36m[Function (anonymous)][39m,
    mockRestore: [36m[Function (anonymous)][39m,
    getMockImplementation: [36m[Function (anonymous)][39m,
    mockImplementation: [36m[Function (anonymous)][39m,
    mockImplementationOnce: [36m[Function (anonymous)][39m,
    withImplementation: [36m[Function: withImplementation][39m,
    mockReturnThis: [36m[Function (anonymous)][39m,
    mockReturnValue: [36m[Function (anonymous)][39m,
    mockReturnValueOnce: [36m[Function (anonymous)][39m,
    mockResolvedValue: [36m[Function (anonymous)][39m,
    mockResolvedValueOnce: [36m[Function (anonymous)][39m,
    mockRejectedValue: [36m[Function (anonymous)][39m,
    mockRejectedValueOnce: [36m[Function (anonymous)][39m,
    [[32mSymbol(nodejs.dispose)[39m]: [36m[Function (anonymous)][39m
  },
  elementBuilder: [Function: spy] {
    getMockName: [36m[Function (anonymous)][39m,
    mockName: [36m[Function (anonymous)][39m,
    mockClear: [36m[Function (anonymous)][39m,
    mockReset: [36m[Function (anonymous)][39m,
    mockRestore: [36m[Function (anonymous)][39m,
    getMockImplementation: [36m[Function (anonymous)][39m,
    mockImplementation: [36m[Function (anonymous)][39m,
    mockImplementationOnce: [36m[Function (anonymous)][39m,
    withImplementation: [36m[Function: withImplementation][39m,
    mockReturnThis: [36m[Function (anonymous)][39m,
    mockReturnValue: [36m[Function (anonymous)][39m,
    mockReturnValueOnce: [36m[Function (anonymous)][39m,
    mockResolvedValue: [36m[Function (anonymous)][39m,
    mockResolvedValueOnce: [36m[Function (anonymous)][39m,
    mockRejectedValue: [36m[Function (anonymous)][39m,
    mockRejectedValueOnce: [36m[Function (anonymous)][39m,
    [[32mSymbol(nodejs.dispose)[39m]: [36m[Function (anonymous)][39m
  }
}
[WebflowDesignerDetection] Available webflow properties: [
  [32m&apos;getCurrentPage&apos;[39m,
  [32m&apos;getAllElements&apos;[39m,
  [32m&apos;getSelectedElement&apos;[39m,
  [32m&apos;setSelectedElement&apos;[39m,
  [32m&apos;elementBuilder&apos;[39m
]
[WebflowDesignerDetection] Available webflow methods: [
  [32m&apos;getCurrentPage&apos;[39m,
  [32m&apos;getAllElements&apos;[39m,
  [32m&apos;getSelectedElement&apos;[39m,
  [32m&apos;setSelectedElement&apos;[39m,
  [32m&apos;elementBuilder&apos;[39m
]
[WebflowDesignerDetection] Method &apos;getCurrentPage&apos;: {
  type: [32m&apos;function&apos;[39m,
  length: [33m0[39m,
  name: [32m&apos;spy&apos;[39m,
  toString: [32m&apos;function(...args) {\n&apos;[39m +
    [32m&apos;    let state2 = getInternalState(fn);\n&apos;[39m +
    [32m&apos;    state2.called = !0, state2.callCount++, state2.calls.push(args);\n&apos;[39m +
    [32m&apos;    let next = state2.next.shift();\n&apos;[39m +
    [32m&apos;    if (next) {\n&apos;[39m +
    [32m&apos;      state2.results...&apos;[39m
}
[WebflowDesignerDetection] Method &apos;getAllElements&apos;: {
  type: [32m&apos;function&apos;[39m,
  length: [33m0[39m,
  name: [32m&apos;spy&apos;[39m,
  toString: [32m&apos;function(...args) {\n&apos;[39m +
    [32m&apos;    let state2 = getInternalState(fn);\n&apos;[39m +
    [32m&apos;    state2.called = !0, state2.callCount++, state2.calls.push(args);\n&apos;[39m +
    [32m&apos;    let next = state2.next.shift();\n&apos;[39m +
    [32m&apos;    if (next) {\n&apos;[39m +
    [32m&apos;      state2.results...&apos;[39m
}
[WebflowDesignerDetection] Method &apos;getSelectedElement&apos;: {
  type: [32m&apos;function&apos;[39m,
  length: [33m0[39m,
  name: [32m&apos;spy&apos;[39m,
  toString: [32m&apos;function(...args) {\n&apos;[39m +
    [32m&apos;    let state2 = getInternalState(fn);\n&apos;[39m +
    [32m&apos;    state2.called = !0, state2.callCount++, state2.calls.push(args);\n&apos;[39m +
    [32m&apos;    let next = state2.next.shift();\n&apos;[39m +
    [32m&apos;    if (next) {\n&apos;[39m +
    [32m&apos;      state2.results...&apos;[39m
}
[WebflowDesignerDetection] Method &apos;setSelectedElement&apos;: {
  type: [32m&apos;function&apos;[39m,
  length: [33m0[39m,
  name: [32m&apos;spy&apos;[39m,
  toString: [32m&apos;function(...args) {\n&apos;[39m +
    [32m&apos;    let state2 = getInternalState(fn);\n&apos;[39m +
    [32m&apos;    state2.called = !0, state2.callCount++, state2.calls.push(args);\n&apos;[39m +
    [32m&apos;    let next = state2.next.shift();\n&apos;[39m +
    [32m&apos;    if (next) {\n&apos;[39m +
    [32m&apos;      state2.results...&apos;[39m
}
[WebflowDesignerDetection] Method &apos;elementBuilder&apos;: {
  type: [32m&apos;function&apos;[39m,
  length: [33m0[39m,
  name: [32m&apos;spy&apos;[39m,
  toString: [32m&apos;function(...args) {\n&apos;[39m +
    [32m&apos;    let state2 = getInternalState(fn);\n&apos;[39m +
    [32m&apos;    state2.called = !0, state2.callCount++, state2.calls.push(args);\n&apos;[39m +
    [32m&apos;    let next = state2.next.shift();\n&apos;[39m +
    [32m&apos;    if (next) {\n&apos;[39m +
    [32m&apos;      state2.results...&apos;[39m
}
[WebflowDesignerDetection] Prototype methods: [
  [32m&apos;constructor&apos;[39m,
  [32m&apos;__defineGetter__&apos;[39m,
  [32m&apos;__defineSetter__&apos;[39m,
  [32m&apos;hasOwnProperty&apos;[39m,
  [32m&apos;__lookupGetter__&apos;[39m,
  [32m&apos;__lookupSetter__&apos;[39m,
  [32m&apos;isPrototypeOf&apos;[39m,
  [32m&apos;propertyIsEnumerable&apos;[39m,
  [32m&apos;toString&apos;[39m,
  [32m&apos;valueOf&apos;[39m,
  [32m&apos;__proto__&apos;[39m,
  [32m&apos;toLocaleString&apos;[39m
]
[WebflowDesignerAPI] Detected capabilities: {
  canReadPageInfo: [33mtrue[39m,
  canUpdatePageTitle: [33mfalse[39m,
  canUpdatePageMeta: [33mfalse[39m,
  canUpdatePageSlug: [33mfalse[39m,
  canAddCustomCode: [33mfalse[39m,
  canUpdateCMS: [33mfalse[39m,
  canManipulateElements: [33mtrue[39m,
  canSelectElements: [33mtrue[39m,
  hasElementBuilder: [33mfalse[39m,
  availableMethods: [
    [32m&apos;getCurrentPage&apos;[39m,
    [32m&apos;getAllElements&apos;[39m,
    [32m&apos;getSelectedElement&apos;[39m,
    [32m&apos;setSelectedElement&apos;[39m,
    [32m&apos;elementBuilder&apos;[39m
  ]
}

[WebflowDesignerAPI] Waiting for API to be ready...

[WebflowDesignerDetection] Designer API is ready

[WebflowDesignerAPI] API is ready

[WebflowDesignerAPI] getAllElements returned: { count: [33m5[39m, type: [32m&apos;object&apos;[39m, isArray: [33mtrue[39m }
[WebflowDesignerAPI] Sample elements structure:
[WebflowDesignerAPI] Element 0: {
  exists: [33mtrue[39m,
  objectType: [32m&apos;object&apos;[39m,
  id: [32m&apos;element-1&apos;[39m,
  webflowType: [90mundefined[39m,
  hasTextContent: [33mtrue[39m,
  textContentValue: [32m&apos;Some content&apos;[39m,
  hasGetTextContent: [33mtrue[39m,
  hasSetTextContent: [33mtrue[39m,
  hasTagName: [33mfalse[39m,
  tagName: [90mundefined[39m,
  allKeys: [ [32m&apos;id&apos;[39m, [32m&apos;textContent&apos;[39m, [32m&apos;setTextContent&apos;[39m, [32m&apos;getTextContent&apos;[39m ]
}
[WebflowDesignerAPI] Element 1: {
  exists: [33mtrue[39m,
  objectType: [32m&apos;object&apos;[39m,
  id: [32m&apos;element-2&apos;[39m,
  webflowType: [32m&apos;HeadingElement&apos;[39m,
  hasTextContent: [33mtrue[39m,
  textContentValue: [32m&apos;Real H1 Content&apos;[39m,
  hasGetTextContent: [33mtrue[39m,
  hasSetTextContent: [33mtrue[39m,
  hasTagName: [33mfalse[39m,
  tagName: [90mundefined[39m,
  allKeys: [
    [32m&apos;id&apos;[39m,
    [32m&apos;type&apos;[39m,
    [32m&apos;textContent&apos;[39m,
    [32m&apos;setTextContent&apos;[39m,
    [32m&apos;getTextContent&apos;[39m,
    [32m&apos;getHeadingLevel&apos;[39m
  ]
}
[WebflowDesignerAPI] Element 2: {
  exists: [33mtrue[39m,
  objectType: [32m&apos;object&apos;[39m,
  id: [32m&apos;element-3&apos;[39m,
  webflowType: [1mnull[22m,
  hasTextContent: [33mtrue[39m,
  textContentValue: [32m&apos;Null type content&apos;[39m,
  hasGetTextContent: [33mtrue[39m,
  hasSetTextContent: [33mtrue[39m,
  hasTagName: [33mfalse[39m,
  tagName: [90mundefined[39m,
  allKeys: [ [32m&apos;id&apos;[39m, [32m&apos;type&apos;[39m, [32m&apos;textContent&apos;[39m, [32m&apos;setTextContent&apos;[39m, [32m&apos;getTextContent&apos;[39m ]
}
[WebflowDesignerAPI] Element 3: {
  exists: [33mtrue[39m,
  objectType: [32m&apos;object&apos;[39m,
  id: [32m&apos;element-4&apos;[39m,
  webflowType: [32m&apos;ParagraphElement&apos;[39m,
  hasTextContent: [33mtrue[39m,
  textContentValue: [32m&apos;This is a substantial paragraph with more than 50 characters to be considered for introduction&apos;[39m,
  hasGetTextContent: [33mtrue[39m,
  hasSetTextContent: [33mtrue[39m,
  hasTagName: [33mfalse[39m,
  tagName: [90mundefined[39m,
  allKeys: [ [32m&apos;id&apos;[39m, [32m&apos;type&apos;[39m, [32m&apos;textContent&apos;[39m, [32m&apos;setTextContent&apos;[39m, [32m&apos;getTextContent&apos;[39m ]
}
[WebflowDesignerAPI] Element 4: {
  exists: [33mtrue[39m,
  objectType: [32m&apos;object&apos;[39m,
  id: [32m&apos;element-5&apos;[39m,
  webflowType: [32m&apos;HeadingElement&apos;[39m,
  hasTextContent: [33mtrue[39m,
  textContentValue: [32m&apos;H2 Content&apos;[39m,
  hasGetTextContent: [33mtrue[39m,
  hasSetTextContent: [33mtrue[39m,
  hasTagName: [33mfalse[39m,
  tagName: [90mundefined[39m,
  allKeys: [
    [32m&apos;id&apos;[39m,
    [32m&apos;type&apos;[39m,
    [32m&apos;textContent&apos;[39m,
    [32m&apos;setTextContent&apos;[39m,
    [32m&apos;getTextContent&apos;[39m,
    [32m&apos;getHeadingLevel&apos;[39m
  ]
}

            </system-out>
        </testcase>
        <testcase classname="client/src/lib/webflowDesignerApi.realworld.test.ts" name="WebflowDesignerAPI Real-world Error Reproduction &gt; Expected Behavior After Fix &gt; should safely find introduction paragraph using Webflow element types - DISABLED (issue #504)" time="0">
            <skipped/>
        </testcase>
        <testcase classname="client/src/lib/webflowDesignerApi.realworld.test.ts" name="WebflowDesignerAPI Real-world Error Reproduction &gt; Expected Behavior After Fix &gt; should successfully update H1 after filtering out invalid elements - DISABLED (issue #504)" time="0">
            <skipped/>
        </testcase>
        <testcase classname="client/src/lib/webflowDesignerApi.realworld.test.ts" name="WebflowDesignerAPI Real-world Error Reproduction &gt; Expected Behavior After Fix &gt; should handle empty type gracefully" time="0.0025346">
            <system-out>
[WebflowDesignerDetection] === WEBFLOW API INSPECTION ===
[WebflowDesignerDetection] typeof window.webflow: object
[WebflowDesignerDetection] window.webflow: {
  getCurrentPage: [Function: spy] {
    getMockName: [36m[Function (anonymous)][39m,
    mockName: [36m[Function (anonymous)][39m,
    mockClear: [36m[Function (anonymous)][39m,
    mockReset: [36m[Function (anonymous)][39m,
    mockRestore: [36m[Function (anonymous)][39m,
    getMockImplementation: [36m[Function (anonymous)][39m,
    mockImplementation: [36m[Function (anonymous)][39m,
    mockImplementationOnce: [36m[Function (anonymous)][39m,
    withImplementation: [36m[Function: withImplementation][39m,
    mockReturnThis: [36m[Function (anonymous)][39m,
    mockReturnValue: [36m[Function (anonymous)][39m,
    mockReturnValueOnce: [36m[Function (anonymous)][39m,
    mockResolvedValue: [36m[Function (anonymous)][39m,
    mockResolvedValueOnce: [36m[Function (anonymous)][39m,
    mockRejectedValue: [36m[Function (anonymous)][39m,
    mockRejectedValueOnce: [36m[Function (anonymous)][39m,
    [[32mSymbol(nodejs.dispose)[39m]: [36m[Function (anonymous)][39m
  },
  getAllElements: [Function: spy] {
    getMockName: [36m[Function (anonymous)][39m,
    mockName: [36m[Function (anonymous)][39m,
    mockClear: [36m[Function (anonymous)][39m,
    mockReset: [36m[Function (anonymous)][39m,
    mockRestore: [36m[Function (anonymous)][39m,
    getMockImplementation: [36m[Function (anonymous)][39m,
    mockImplementation: [36m[Function (anonymous)][39m,
    mockImplementationOnce: [36m[Function (anonymous)][39m,
    withImplementation: [36m[Function: withImplementation][39m,
    mockReturnThis: [36m[Function (anonymous)][39m,
    mockReturnValue: [36m[Function (anonymous)][39m,
    mockReturnValueOnce: [36m[Function (anonymous)][39m,
    mockResolvedValue: [36m[Function (anonymous)][39m,
    mockResolvedValueOnce: [36m[Function (anonymous)][39m,
    mockRejectedValue: [36m[Function (anonymous)][39m,
    mockRejectedValueOnce: [36m[Function (anonymous)][39m,
    [[32mSymbol(nodejs.dispose)[39m]: [36m[Function (anonymous)][39m
  },
  getSelectedElement: [Function: spy] {
    getMockName: [36m[Function (anonymous)][39m,
    mockName: [36m[Function (anonymous)][39m,
    mockClear: [36m[Function (anonymous)][39m,
    mockReset: [36m[Function (anonymous)][39m,
    mockRestore: [36m[Function (anonymous)][39m,
    getMockImplementation: [36m[Function (anonymous)][39m,
    mockImplementation: [36m[Function (anonymous)][39m,
    mockImplementationOnce: [36m[Function (anonymous)][39m,
    withImplementation: [36m[Function: withImplementation][39m,
    mockReturnThis: [36m[Function (anonymous)][39m,
    mockReturnValue: [36m[Function (anonymous)][39m,
    mockReturnValueOnce: [36m[Function (anonymous)][39m,
    mockResolvedValue: [36m[Function (anonymous)][39m,
    mockResolvedValueOnce: [36m[Function (anonymous)][39m,
    mockRejectedValue: [36m[Function (anonymous)][39m,
    mockRejectedValueOnce: [36m[Function (anonymous)][39m,
    [[32mSymbol(nodejs.dispose)[39m]: [36m[Function (anonymous)][39m
  },
  setSelectedElement: [Function: spy] {
    getMockName: [36m[Function (anonymous)][39m,
    mockName: [36m[Function (anonymous)][39m,
    mockClear: [36m[Function (anonymous)][39m,
    mockReset: [36m[Function (anonymous)][39m,
    mockRestore: [36m[Function (anonymous)][39m,
    getMockImplementation: [36m[Function (anonymous)][39m,
    mockImplementation: [36m[Function (anonymous)][39m,
    mockImplementationOnce: [36m[Function (anonymous)][39m,
    withImplementation: [36m[Function: withImplementation][39m,
    mockReturnThis: [36m[Function (anonymous)][39m,
    mockReturnValue: [36m[Function (anonymous)][39m,
    mockReturnValueOnce: [36m[Function (anonymous)][39m,
    mockResolvedValue: [36m[Function (anonymous)][39m,
    mockResolvedValueOnce: [36m[Function (anonymous)][39m,
    mockRejectedValue: [36m[Function (anonymous)][39m,
    mockRejectedValueOnce: [36m[Function (anonymous)][39m,
    [[32mSymbol(nodejs.dispose)[39m]: [36m[Function (anonymous)][39m
  },
  elementBuilder: [Function: spy] {
    getMockName: [36m[Function (anonymous)][39m,
    mockName: [36m[Function (anonymous)][39m,
    mockClear: [36m[Function (anonymous)][39m,
    mockReset: [36m[Function (anonymous)][39m,
    mockRestore: [36m[Function (anonymous)][39m,
    getMockImplementation: [36m[Function (anonymous)][39m,
    mockImplementation: [36m[Function (anonymous)][39m,
    mockImplementationOnce: [36m[Function (anonymous)][39m,
    withImplementation: [36m[Function: withImplementation][39m,
    mockReturnThis: [36m[Function (anonymous)][39m,
    mockReturnValue: [36m[Function (anonymous)][39m,
    mockReturnValueOnce: [36m[Function (anonymous)][39m,
    mockResolvedValue: [36m[Function (anonymous)][39m,
    mockResolvedValueOnce: [36m[Function (anonymous)][39m,
    mockRejectedValue: [36m[Function (anonymous)][39m,
    mockRejectedValueOnce: [36m[Function (anonymous)][39m,
    [[32mSymbol(nodejs.dispose)[39m]: [36m[Function (anonymous)][39m
  }
}
[WebflowDesignerDetection] Available webflow properties: [
  [32m&apos;getCurrentPage&apos;[39m,
  [32m&apos;getAllElements&apos;[39m,
  [32m&apos;getSelectedElement&apos;[39m,
  [32m&apos;setSelectedElement&apos;[39m,
  [32m&apos;elementBuilder&apos;[39m
]
[WebflowDesignerDetection] Available webflow methods: [
  [32m&apos;getCurrentPage&apos;[39m,
  [32m&apos;getAllElements&apos;[39m,
  [32m&apos;getSelectedElement&apos;[39m,
  [32m&apos;setSelectedElement&apos;[39m,
  [32m&apos;elementBuilder&apos;[39m
]
[WebflowDesignerDetection] Method &apos;getCurrentPage&apos;: {
  type: [32m&apos;function&apos;[39m,
  length: [33m0[39m,
  name: [32m&apos;spy&apos;[39m,
  toString: [32m&apos;function(...args) {\n&apos;[39m +
    [32m&apos;    let state2 = getInternalState(fn);\n&apos;[39m +
    [32m&apos;    state2.called = !0, state2.callCount++, state2.calls.push(args);\n&apos;[39m +
    [32m&apos;    let next = state2.next.shift();\n&apos;[39m +
    [32m&apos;    if (next) {\n&apos;[39m +
    [32m&apos;      state2.results...&apos;[39m
}
[WebflowDesignerDetection] Method &apos;getAllElements&apos;: {
  type: [32m&apos;function&apos;[39m,
  length: [33m0[39m,
  name: [32m&apos;spy&apos;[39m,
  toString: [32m&apos;function(...args) {\n&apos;[39m +
    [32m&apos;    let state2 = getInternalState(fn);\n&apos;[39m +
    [32m&apos;    state2.called = !0, state2.callCount++, state2.calls.push(args);\n&apos;[39m +
    [32m&apos;    let next = state2.next.shift();\n&apos;[39m +
    [32m&apos;    if (next) {\n&apos;[39m +
    [32m&apos;      state2.results...&apos;[39m
}
[WebflowDesignerDetection] Method &apos;getSelectedElement&apos;: {
  type: [32m&apos;function&apos;[39m,
  length: [33m0[39m,
  name: [32m&apos;spy&apos;[39m,
  toString: [32m&apos;function(...args) {\n&apos;[39m +
    [32m&apos;    let state2 = getInternalState(fn);\n&apos;[39m +
    [32m&apos;    state2.called = !0, state2.callCount++, state2.calls.push(args);\n&apos;[39m +
    [32m&apos;    let next = state2.next.shift();\n&apos;[39m +
    [32m&apos;    if (next) {\n&apos;[39m +
    [32m&apos;      state2.results...&apos;[39m
}
[WebflowDesignerDetection] Method &apos;setSelectedElement&apos;: {
  type: [32m&apos;function&apos;[39m,
  length: [33m0[39m,
  name: [32m&apos;spy&apos;[39m,
  toString: [32m&apos;function(...args) {\n&apos;[39m +
    [32m&apos;    let state2 = getInternalState(fn);\n&apos;[39m +
    [32m&apos;    state2.called = !0, state2.callCount++, state2.calls.push(args);\n&apos;[39m +
    [32m&apos;    let next = state2.next.shift();\n&apos;[39m +
    [32m&apos;    if (next) {\n&apos;[39m +
    [32m&apos;      state2.results...&apos;[39m
}
[WebflowDesignerDetection] Method &apos;elementBuilder&apos;: {
  type: [32m&apos;function&apos;[39m,
  length: [33m0[39m,
  name: [32m&apos;spy&apos;[39m,
  toString: [32m&apos;function(...args) {\n&apos;[39m +
    [32m&apos;    let state2 = getInternalState(fn);\n&apos;[39m +
    [32m&apos;    state2.called = !0, state2.callCount++, state2.calls.push(args);\n&apos;[39m +
    [32m&apos;    let next = state2.next.shift();\n&apos;[39m +
    [32m&apos;    if (next) {\n&apos;[39m +
    [32m&apos;      state2.results...&apos;[39m
}
[WebflowDesignerDetection] Prototype methods: [
  [32m&apos;constructor&apos;[39m,
  [32m&apos;__defineGetter__&apos;[39m,
  [32m&apos;__defineSetter__&apos;[39m,
  [32m&apos;hasOwnProperty&apos;[39m,
  [32m&apos;__lookupGetter__&apos;[39m,
  [32m&apos;__lookupSetter__&apos;[39m,
  [32m&apos;isPrototypeOf&apos;[39m,
  [32m&apos;propertyIsEnumerable&apos;[39m,
  [32m&apos;toString&apos;[39m,
  [32m&apos;valueOf&apos;[39m,
  [32m&apos;__proto__&apos;[39m,
  [32m&apos;toLocaleString&apos;[39m
]
[WebflowDesignerAPI] Detected capabilities: {
  canReadPageInfo: [33mtrue[39m,
  canUpdatePageTitle: [33mfalse[39m,
  canUpdatePageMeta: [33mfalse[39m,
  canUpdatePageSlug: [33mfalse[39m,
  canAddCustomCode: [33mfalse[39m,
  canUpdateCMS: [33mfalse[39m,
  canManipulateElements: [33mtrue[39m,
  canSelectElements: [33mtrue[39m,
  hasElementBuilder: [33mfalse[39m,
  availableMethods: [
    [32m&apos;getCurrentPage&apos;[39m,
    [32m&apos;getAllElements&apos;[39m,
    [32m&apos;getSelectedElement&apos;[39m,
    [32m&apos;setSelectedElement&apos;[39m,
    [32m&apos;elementBuilder&apos;[39m
  ]
}

[WebflowDesignerAPI] Waiting for API to be ready...

[WebflowDesignerDetection] Designer API is ready

[WebflowDesignerAPI] API is ready

[WebflowDesignerAPI] getAllElements returned: { count: [33m2[39m, type: [32m&apos;object&apos;[39m, isArray: [33mtrue[39m }
[WebflowDesignerAPI] Sample elements structure:
[WebflowDesignerAPI] Element 0: {
  exists: [33mtrue[39m,
  objectType: [32m&apos;object&apos;[39m,
  id: [32m&apos;empty-1&apos;[39m,
  webflowType: [32m&apos;&apos;[39m,
  hasTextContent: [33mtrue[39m,
  textContentValue: [32m&apos;Empty type&apos;[39m,
  hasGetTextContent: [33mtrue[39m,
  hasSetTextContent: [33mtrue[39m,
  hasTagName: [33mfalse[39m,
  tagName: [90mundefined[39m,
  allKeys: [ [32m&apos;id&apos;[39m, [32m&apos;type&apos;[39m, [32m&apos;textContent&apos;[39m, [32m&apos;setTextContent&apos;[39m, [32m&apos;getTextContent&apos;[39m ]
}
[WebflowDesignerAPI] Element 1: {
  exists: [33mtrue[39m,
  objectType: [32m&apos;object&apos;[39m,
  id: [32m&apos;valid-1&apos;[39m,
  webflowType: [32m&apos;HeadingElement&apos;[39m,
  hasTextContent: [33mtrue[39m,
  textContentValue: [32m&apos;Valid H2&apos;[39m,
  hasGetTextContent: [33mtrue[39m,
  hasSetTextContent: [33mtrue[39m,
  hasTagName: [33mfalse[39m,
  tagName: [90mundefined[39m,
  allKeys: [ [32m&apos;id&apos;[39m, [32m&apos;type&apos;[39m, [32m&apos;textContent&apos;[39m, [32m&apos;setTextContent&apos;[39m, [32m&apos;getTextContent&apos;[39m ]
}

            </system-out>
        </testcase>
        <testcase classname="client/src/lib/webflowDesignerApi.realworld.test.ts" name="WebflowDesignerAPI Real-world Error Reproduction &gt; Expected Behavior After Fix &gt; should correctly identify HeadingElements regardless of case" time="0.0029511">
            <system-out>
[WebflowDesignerDetection] === WEBFLOW API INSPECTION ===
[WebflowDesignerDetection] typeof window.webflow: object
[WebflowDesignerDetection] window.webflow: {
  getCurrentPage: [Function: spy] {
    getMockName: [36m[Function (anonymous)][39m,
    mockName: [36m[Function (anonymous)][39m,
    mockClear: [36m[Function (anonymous)][39m,
    mockReset: [36m[Function (anonymous)][39m,
    mockRestore: [36m[Function (anonymous)][39m,
    getMockImplementation: [36m[Function (anonymous)][39m,
    mockImplementation: [36m[Function (anonymous)][39m,
    mockImplementationOnce: [36m[Function (anonymous)][39m,
    withImplementation: [36m[Function: withImplementation][39m,
    mockReturnThis: [36m[Function (anonymous)][39m,
    mockReturnValue: [36m[Function (anonymous)][39m,
    mockReturnValueOnce: [36m[Function (anonymous)][39m,
    mockResolvedValue: [36m[Function (anonymous)][39m,
    mockResolvedValueOnce: [36m[Function (anonymous)][39m,
    mockRejectedValue: [36m[Function (anonymous)][39m,
    mockRejectedValueOnce: [36m[Function (anonymous)][39m,
    [[32mSymbol(nodejs.dispose)[39m]: [36m[Function (anonymous)][39m
  },
  getAllElements: [Function: spy] {
    getMockName: [36m[Function (anonymous)][39m,
    mockName: [36m[Function (anonymous)][39m,
    mockClear: [36m[Function (anonymous)][39m,
    mockReset: [36m[Function (anonymous)][39m,
    mockRestore: [36m[Function (anonymous)][39m,
    getMockImplementation: [36m[Function (anonymous)][39m,
    mockImplementation: [36m[Function (anonymous)][39m,
    mockImplementationOnce: [36m[Function (anonymous)][39m,
    withImplementation: [36m[Function: withImplementation][39m,
    mockReturnThis: [36m[Function (anonymous)][39m,
    mockReturnValue: [36m[Function (anonymous)][39m,
    mockReturnValueOnce: [36m[Function (anonymous)][39m,
    mockResolvedValue: [36m[Function (anonymous)][39m,
    mockResolvedValueOnce: [36m[Function (anonymous)][39m,
    mockRejectedValue: [36m[Function (anonymous)][39m,
    mockRejectedValueOnce: [36m[Function (anonymous)][39m,
    [[32mSymbol(nodejs.dispose)[39m]: [36m[Function (anonymous)][39m
  },
  getSelectedElement: [Function: spy] {
    getMockName: [36m[Function (anonymous)][39m,
    mockName: [36m[Function (anonymous)][39m,
    mockClear: [36m[Function (anonymous)][39m,
    mockReset: [36m[Function (anonymous)][39m,
    mockRestore: [36m[Function (anonymous)][39m,
    getMockImplementation: [36m[Function (anonymous)][39m,
    mockImplementation: [36m[Function (anonymous)][39m,
    mockImplementationOnce: [36m[Function (anonymous)][39m,
    withImplementation: [36m[Function: withImplementation][39m,
    mockReturnThis: [36m[Function (anonymous)][39m,
    mockReturnValue: [36m[Function (anonymous)][39m,
    mockReturnValueOnce: [36m[Function (anonymous)][39m,
    mockResolvedValue: [36m[Function (anonymous)][39m,
    mockResolvedValueOnce: [36m[Function (anonymous)][39m,
    mockRejectedValue: [36m[Function (anonymous)][39m,
    mockRejectedValueOnce: [36m[Function (anonymous)][39m,
    [[32mSymbol(nodejs.dispose)[39m]: [36m[Function (anonymous)][39m
  },
  setSelectedElement: [Function: spy] {
    getMockName: [36m[Function (anonymous)][39m,
    mockName: [36m[Function (anonymous)][39m,
    mockClear: [36m[Function (anonymous)][39m,
    mockReset: [36m[Function (anonymous)][39m,
    mockRestore: [36m[Function (anonymous)][39m,
    getMockImplementation: [36m[Function (anonymous)][39m,
    mockImplementation: [36m[Function (anonymous)][39m,
    mockImplementationOnce: [36m[Function (anonymous)][39m,
    withImplementation: [36m[Function: withImplementation][39m,
    mockReturnThis: [36m[Function (anonymous)][39m,
    mockReturnValue: [36m[Function (anonymous)][39m,
    mockReturnValueOnce: [36m[Function (anonymous)][39m,
    mockResolvedValue: [36m[Function (anonymous)][39m,
    mockResolvedValueOnce: [36m[Function (anonymous)][39m,
    mockRejectedValue: [36m[Function (anonymous)][39m,
    mockRejectedValueOnce: [36m[Function (anonymous)][39m,
    [[32mSymbol(nodejs.dispose)[39m]: [36m[Function (anonymous)][39m
  },
  elementBuilder: [Function: spy] {
    getMockName: [36m[Function (anonymous)][39m,
    mockName: [36m[Function (anonymous)][39m,
    mockClear: [36m[Function (anonymous)][39m,
    mockReset: [36m[Function (anonymous)][39m,
    mockRestore: [36m[Function (anonymous)][39m,
    getMockImplementation: [36m[Function (anonymous)][39m,
    mockImplementation: [36m[Function (anonymous)][39m,
    mockImplementationOnce: [36m[Function (anonymous)][39m,
    withImplementation: [36m[Function: withImplementation][39m,
    mockReturnThis: [36m[Function (anonymous)][39m,
    mockReturnValue: [36m[Function (anonymous)][39m,
    mockReturnValueOnce: [36m[Function (anonymous)][39m,
    mockResolvedValue: [36m[Function (anonymous)][39m,
    mockResolvedValueOnce: [36m[Function (anonymous)][39m,
    mockRejectedValue: [36m[Function (anonymous)][39m,
    mockRejectedValueOnce: [36m[Function (anonymous)][39m,
    [[32mSymbol(nodejs.dispose)[39m]: [36m[Function (anonymous)][39m
  }
}
[WebflowDesignerDetection] Available webflow properties: [
  [32m&apos;getCurrentPage&apos;[39m,
  [32m&apos;getAllElements&apos;[39m,
  [32m&apos;getSelectedElement&apos;[39m,
  [32m&apos;setSelectedElement&apos;[39m,
  [32m&apos;elementBuilder&apos;[39m
]
[WebflowDesignerDetection] Available webflow methods: [
  [32m&apos;getCurrentPage&apos;[39m,
  [32m&apos;getAllElements&apos;[39m,
  [32m&apos;getSelectedElement&apos;[39m,
  [32m&apos;setSelectedElement&apos;[39m,
  [32m&apos;elementBuilder&apos;[39m
]
[WebflowDesignerDetection] Method &apos;getCurrentPage&apos;: {
  type: [32m&apos;function&apos;[39m,
  length: [33m0[39m,
  name: [32m&apos;spy&apos;[39m,
  toString: [32m&apos;function(...args) {\n&apos;[39m +
    [32m&apos;    let state2 = getInternalState(fn);\n&apos;[39m +
    [32m&apos;    state2.called = !0, state2.callCount++, state2.calls.push(args);\n&apos;[39m +
    [32m&apos;    let next = state2.next.shift();\n&apos;[39m +
    [32m&apos;    if (next) {\n&apos;[39m +
    [32m&apos;      state2.results...&apos;[39m
}
[WebflowDesignerDetection] Method &apos;getAllElements&apos;: {
  type: [32m&apos;function&apos;[39m,
  length: [33m0[39m,
  name: [32m&apos;spy&apos;[39m,
  toString: [32m&apos;function(...args) {\n&apos;[39m +
    [32m&apos;    let state2 = getInternalState(fn);\n&apos;[39m +
    [32m&apos;    state2.called = !0, state2.callCount++, state2.calls.push(args);\n&apos;[39m +
    [32m&apos;    let next = state2.next.shift();\n&apos;[39m +
    [32m&apos;    if (next) {\n&apos;[39m +
    [32m&apos;      state2.results...&apos;[39m
}
[WebflowDesignerDetection] Method &apos;getSelectedElement&apos;: {
  type: [32m&apos;function&apos;[39m,
  length: [33m0[39m,
  name: [32m&apos;spy&apos;[39m,
  toString: [32m&apos;function(...args) {\n&apos;[39m +
    [32m&apos;    let state2 = getInternalState(fn);\n&apos;[39m +
    [32m&apos;    state2.called = !0, state2.callCount++, state2.calls.push(args);\n&apos;[39m +
    [32m&apos;    let next = state2.next.shift();\n&apos;[39m +
    [32m&apos;    if (next) {\n&apos;[39m +
    [32m&apos;      state2.results...&apos;[39m
}
[WebflowDesignerDetection] Method &apos;setSelectedElement&apos;: {
  type: [32m&apos;function&apos;[39m,
  length: [33m0[39m,
  name: [32m&apos;spy&apos;[39m,
  toString: [32m&apos;function(...args) {\n&apos;[39m +
    [32m&apos;    let state2 = getInternalState(fn);\n&apos;[39m +
    [32m&apos;    state2.called = !0, state2.callCount++, state2.calls.push(args);\n&apos;[39m +
    [32m&apos;    let next = state2.next.shift();\n&apos;[39m +
    [32m&apos;    if (next) {\n&apos;[39m +
    [32m&apos;      state2.results...&apos;[39m
}
[WebflowDesignerDetection] Method &apos;elementBuilder&apos;: {
  type: [32m&apos;function&apos;[39m,
  length: [33m0[39m,
  name: [32m&apos;spy&apos;[39m,
  toString: [32m&apos;function(...args) {\n&apos;[39m +
    [32m&apos;    let state2 = getInternalState(fn);\n&apos;[39m +
    [32m&apos;    state2.called = !0, state2.callCount++, state2.calls.push(args);\n&apos;[39m +
    [32m&apos;    let next = state2.next.shift();\n&apos;[39m +
    [32m&apos;    if (next) {\n&apos;[39m +
    [32m&apos;      state2.results...&apos;[39m
}
[WebflowDesignerDetection] Prototype methods: [
  [32m&apos;constructor&apos;[39m,
  [32m&apos;__defineGetter__&apos;[39m,
  [32m&apos;__defineSetter__&apos;[39m,
  [32m&apos;hasOwnProperty&apos;[39m,
  [32m&apos;__lookupGetter__&apos;[39m,
  [32m&apos;__lookupSetter__&apos;[39m,
  [32m&apos;isPrototypeOf&apos;[39m,
  [32m&apos;propertyIsEnumerable&apos;[39m,
  [32m&apos;toString&apos;[39m,
  [32m&apos;valueOf&apos;[39m,
  [32m&apos;__proto__&apos;[39m,
  [32m&apos;toLocaleString&apos;[39m
]
[WebflowDesignerAPI] Detected capabilities: {
  canReadPageInfo: [33mtrue[39m,
  canUpdatePageTitle: [33mfalse[39m,
  canUpdatePageMeta: [33mfalse[39m,
  canUpdatePageSlug: [33mfalse[39m,
  canAddCustomCode: [33mfalse[39m,
  canUpdateCMS: [33mfalse[39m,
  canManipulateElements: [33mtrue[39m,
  canSelectElements: [33mtrue[39m,
  hasElementBuilder: [33mfalse[39m,
  availableMethods: [
    [32m&apos;getCurrentPage&apos;[39m,
    [32m&apos;getAllElements&apos;[39m,
    [32m&apos;getSelectedElement&apos;[39m,
    [32m&apos;setSelectedElement&apos;[39m,
    [32m&apos;elementBuilder&apos;[39m
  ]
}

[WebflowDesignerAPI] Waiting for API to be ready...

[WebflowDesignerDetection] Designer API is ready

[WebflowDesignerAPI] API is ready

[WebflowDesignerAPI] getAllElements returned: { count: [33m2[39m, type: [32m&apos;object&apos;[39m, isArray: [33mtrue[39m }
[WebflowDesignerAPI] Sample elements structure:
[WebflowDesignerAPI] Element 0: {
  exists: [33mtrue[39m,
  objectType: [32m&apos;object&apos;[39m,
  id: [32m&apos;heading-1&apos;[39m,
  webflowType: [32m&apos;HeadingElement&apos;[39m,
  hasTextContent: [33mtrue[39m,
  textContentValue: [32m&apos;First heading&apos;[39m,
  hasGetTextContent: [33mtrue[39m,
  hasSetTextContent: [33mtrue[39m,
  hasTagName: [33mfalse[39m,
  tagName: [90mundefined[39m,
  allKeys: [ [32m&apos;id&apos;[39m, [32m&apos;type&apos;[39m, [32m&apos;textContent&apos;[39m, [32m&apos;setTextContent&apos;[39m, [32m&apos;getTextContent&apos;[39m ]
}
[WebflowDesignerAPI] Element 1: {
  exists: [33mtrue[39m,
  objectType: [32m&apos;object&apos;[39m,
  id: [32m&apos;heading-2&apos;[39m,
  webflowType: [32m&apos;HeadingElement&apos;[39m,
  hasTextContent: [33mtrue[39m,
  textContentValue: [32m&apos;Second heading&apos;[39m,
  hasGetTextContent: [33mtrue[39m,
  hasSetTextContent: [33mtrue[39m,
  hasTagName: [33mfalse[39m,
  tagName: [90mundefined[39m,
  allKeys: [ [32m&apos;id&apos;[39m, [32m&apos;type&apos;[39m, [32m&apos;textContent&apos;[39m, [32m&apos;setTextContent&apos;[39m, [32m&apos;getTextContent&apos;[39m ]
}

            </system-out>
        </testcase>
        <testcase classname="client/src/lib/webflowDesignerApi.realworld.test.ts" name="WebflowDesignerAPI Real-world Error Reproduction &gt; Defensive Programming Tests &gt; should handle elements that are null or undefined" time="0.0030443">
            <system-out>
[WebflowDesignerDetection] === WEBFLOW API INSPECTION ===
[WebflowDesignerDetection] typeof window.webflow: object
[WebflowDesignerDetection] window.webflow: {
  getCurrentPage: [Function: spy] {
    getMockName: [36m[Function (anonymous)][39m,
    mockName: [36m[Function (anonymous)][39m,
    mockClear: [36m[Function (anonymous)][39m,
    mockReset: [36m[Function (anonymous)][39m,
    mockRestore: [36m[Function (anonymous)][39m,
    getMockImplementation: [36m[Function (anonymous)][39m,
    mockImplementation: [36m[Function (anonymous)][39m,
    mockImplementationOnce: [36m[Function (anonymous)][39m,
    withImplementation: [36m[Function: withImplementation][39m,
    mockReturnThis: [36m[Function (anonymous)][39m,
    mockReturnValue: [36m[Function (anonymous)][39m,
    mockReturnValueOnce: [36m[Function (anonymous)][39m,
    mockResolvedValue: [36m[Function (anonymous)][39m,
    mockResolvedValueOnce: [36m[Function (anonymous)][39m,
    mockRejectedValue: [36m[Function (anonymous)][39m,
    mockRejectedValueOnce: [36m[Function (anonymous)][39m,
    [[32mSymbol(nodejs.dispose)[39m]: [36m[Function (anonymous)][39m
  },
  getAllElements: [Function: spy] {
    getMockName: [36m[Function (anonymous)][39m,
    mockName: [36m[Function (anonymous)][39m,
    mockClear: [36m[Function (anonymous)][39m,
    mockReset: [36m[Function (anonymous)][39m,
    mockRestore: [36m[Function (anonymous)][39m,
    getMockImplementation: [36m[Function (anonymous)][39m,
    mockImplementation: [36m[Function (anonymous)][39m,
    mockImplementationOnce: [36m[Function (anonymous)][39m,
    withImplementation: [36m[Function: withImplementation][39m,
    mockReturnThis: [36m[Function (anonymous)][39m,
    mockReturnValue: [36m[Function (anonymous)][39m,
    mockReturnValueOnce: [36m[Function (anonymous)][39m,
    mockResolvedValue: [36m[Function (anonymous)][39m,
    mockResolvedValueOnce: [36m[Function (anonymous)][39m,
    mockRejectedValue: [36m[Function (anonymous)][39m,
    mockRejectedValueOnce: [36m[Function (anonymous)][39m,
    [[32mSymbol(nodejs.dispose)[39m]: [36m[Function (anonymous)][39m
  },
  getSelectedElement: [Function: spy] {
    getMockName: [36m[Function (anonymous)][39m,
    mockName: [36m[Function (anonymous)][39m,
    mockClear: [36m[Function (anonymous)][39m,
    mockReset: [36m[Function (anonymous)][39m,
    mockRestore: [36m[Function (anonymous)][39m,
    getMockImplementation: [36m[Function (anonymous)][39m,
    mockImplementation: [36m[Function (anonymous)][39m,
    mockImplementationOnce: [36m[Function (anonymous)][39m,
    withImplementation: [36m[Function: withImplementation][39m,
    mockReturnThis: [36m[Function (anonymous)][39m,
    mockReturnValue: [36m[Function (anonymous)][39m,
    mockReturnValueOnce: [36m[Function (anonymous)][39m,
    mockResolvedValue: [36m[Function (anonymous)][39m,
    mockResolvedValueOnce: [36m[Function (anonymous)][39m,
    mockRejectedValue: [36m[Function (anonymous)][39m,
    mockRejectedValueOnce: [36m[Function (anonymous)][39m,
    [[32mSymbol(nodejs.dispose)[39m]: [36m[Function (anonymous)][39m
  },
  setSelectedElement: [Function: spy] {
    getMockName: [36m[Function (anonymous)][39m,
    mockName: [36m[Function (anonymous)][39m,
    mockClear: [36m[Function (anonymous)][39m,
    mockReset: [36m[Function (anonymous)][39m,
    mockRestore: [36m[Function (anonymous)][39m,
    getMockImplementation: [36m[Function (anonymous)][39m,
    mockImplementation: [36m[Function (anonymous)][39m,
    mockImplementationOnce: [36m[Function (anonymous)][39m,
    withImplementation: [36m[Function: withImplementation][39m,
    mockReturnThis: [36m[Function (anonymous)][39m,
    mockReturnValue: [36m[Function (anonymous)][39m,
    mockReturnValueOnce: [36m[Function (anonymous)][39m,
    mockResolvedValue: [36m[Function (anonymous)][39m,
    mockResolvedValueOnce: [36m[Function (anonymous)][39m,
    mockRejectedValue: [36m[Function (anonymous)][39m,
    mockRejectedValueOnce: [36m[Function (anonymous)][39m,
    [[32mSymbol(nodejs.dispose)[39m]: [36m[Function (anonymous)][39m
  },
  elementBuilder: [Function: spy] {
    getMockName: [36m[Function (anonymous)][39m,
    mockName: [36m[Function (anonymous)][39m,
    mockClear: [36m[Function (anonymous)][39m,
    mockReset: [36m[Function (anonymous)][39m,
    mockRestore: [36m[Function (anonymous)][39m,
    getMockImplementation: [36m[Function (anonymous)][39m,
    mockImplementation: [36m[Function (anonymous)][39m,
    mockImplementationOnce: [36m[Function (anonymous)][39m,
    withImplementation: [36m[Function: withImplementation][39m,
    mockReturnThis: [36m[Function (anonymous)][39m,
    mockReturnValue: [36m[Function (anonymous)][39m,
    mockReturnValueOnce: [36m[Function (anonymous)][39m,
    mockResolvedValue: [36m[Function (anonymous)][39m,
    mockResolvedValueOnce: [36m[Function (anonymous)][39m,
    mockRejectedValue: [36m[Function (anonymous)][39m,
    mockRejectedValueOnce: [36m[Function (anonymous)][39m,
    [[32mSymbol(nodejs.dispose)[39m]: [36m[Function (anonymous)][39m
  }
}
[WebflowDesignerDetection] Available webflow properties: [
  [32m&apos;getCurrentPage&apos;[39m,
  [32m&apos;getAllElements&apos;[39m,
  [32m&apos;getSelectedElement&apos;[39m,
  [32m&apos;setSelectedElement&apos;[39m,
  [32m&apos;elementBuilder&apos;[39m
]
[WebflowDesignerDetection] Available webflow methods: [
  [32m&apos;getCurrentPage&apos;[39m,
  [32m&apos;getAllElements&apos;[39m,
  [32m&apos;getSelectedElement&apos;[39m,
  [32m&apos;setSelectedElement&apos;[39m,
  [32m&apos;elementBuilder&apos;[39m
]
[WebflowDesignerDetection] Method &apos;getCurrentPage&apos;: {
  type: [32m&apos;function&apos;[39m,
  length: [33m0[39m,
  name: [32m&apos;spy&apos;[39m,
  toString: [32m&apos;function(...args) {\n&apos;[39m +
    [32m&apos;    let state2 = getInternalState(fn);\n&apos;[39m +
    [32m&apos;    state2.called = !0, state2.callCount++, state2.calls.push(args);\n&apos;[39m +
    [32m&apos;    let next = state2.next.shift();\n&apos;[39m +
    [32m&apos;    if (next) {\n&apos;[39m +
    [32m&apos;      state2.results...&apos;[39m
}
[WebflowDesignerDetection] Method &apos;getAllElements&apos;: {
  type: [32m&apos;function&apos;[39m,
  length: [33m0[39m,
  name: [32m&apos;spy&apos;[39m,
  toString: [32m&apos;function(...args) {\n&apos;[39m +
    [32m&apos;    let state2 = getInternalState(fn);\n&apos;[39m +
    [32m&apos;    state2.called = !0, state2.callCount++, state2.calls.push(args);\n&apos;[39m +
    [32m&apos;    let next = state2.next.shift();\n&apos;[39m +
    [32m&apos;    if (next) {\n&apos;[39m +
    [32m&apos;      state2.results...&apos;[39m
}
[WebflowDesignerDetection] Method &apos;getSelectedElement&apos;: {
  type: [32m&apos;function&apos;[39m,
  length: [33m0[39m,
  name: [32m&apos;spy&apos;[39m,
  toString: [32m&apos;function(...args) {\n&apos;[39m +
    [32m&apos;    let state2 = getInternalState(fn);\n&apos;[39m +
    [32m&apos;    state2.called = !0, state2.callCount++, state2.calls.push(args);\n&apos;[39m +
    [32m&apos;    let next = state2.next.shift();\n&apos;[39m +
    [32m&apos;    if (next) {\n&apos;[39m +
    [32m&apos;      state2.results...&apos;[39m
}
[WebflowDesignerDetection] Method &apos;setSelectedElement&apos;: {
  type: [32m&apos;function&apos;[39m,
  length: [33m0[39m,
  name: [32m&apos;spy&apos;[39m,
  toString: [32m&apos;function(...args) {\n&apos;[39m +
    [32m&apos;    let state2 = getInternalState(fn);\n&apos;[39m +
    [32m&apos;    state2.called = !0, state2.callCount++, state2.calls.push(args);\n&apos;[39m +
    [32m&apos;    let next = state2.next.shift();\n&apos;[39m +
    [32m&apos;    if (next) {\n&apos;[39m +
    [32m&apos;      state2.results...&apos;[39m
}
[WebflowDesignerDetection] Method &apos;elementBuilder&apos;: {
  type: [32m&apos;function&apos;[39m,
  length: [33m0[39m,
  name: [32m&apos;spy&apos;[39m,
  toString: [32m&apos;function(...args) {\n&apos;[39m +
    [32m&apos;    let state2 = getInternalState(fn);\n&apos;[39m +
    [32m&apos;    state2.called = !0, state2.callCount++, state2.calls.push(args);\n&apos;[39m +
    [32m&apos;    let next = state2.next.shift();\n&apos;[39m +
    [32m&apos;    if (next) {\n&apos;[39m +
    [32m&apos;      state2.results...&apos;[39m
}
[WebflowDesignerDetection] Prototype methods: [
  [32m&apos;constructor&apos;[39m,
  [32m&apos;__defineGetter__&apos;[39m,
  [32m&apos;__defineSetter__&apos;[39m,
  [32m&apos;hasOwnProperty&apos;[39m,
  [32m&apos;__lookupGetter__&apos;[39m,
  [32m&apos;__lookupSetter__&apos;[39m,
  [32m&apos;isPrototypeOf&apos;[39m,
  [32m&apos;propertyIsEnumerable&apos;[39m,
  [32m&apos;toString&apos;[39m,
  [32m&apos;valueOf&apos;[39m,
  [32m&apos;__proto__&apos;[39m,
  [32m&apos;toLocaleString&apos;[39m
]
[WebflowDesignerAPI] Detected capabilities: {
  canReadPageInfo: [33mtrue[39m,
  canUpdatePageTitle: [33mfalse[39m,
  canUpdatePageMeta: [33mfalse[39m,
  canUpdatePageSlug: [33mfalse[39m,
  canAddCustomCode: [33mfalse[39m,
  canUpdateCMS: [33mfalse[39m,
  canManipulateElements: [33mtrue[39m,
  canSelectElements: [33mtrue[39m,
  hasElementBuilder: [33mfalse[39m,
  availableMethods: [
    [32m&apos;getCurrentPage&apos;[39m,
    [32m&apos;getAllElements&apos;[39m,
    [32m&apos;getSelectedElement&apos;[39m,
    [32m&apos;setSelectedElement&apos;[39m,
    [32m&apos;elementBuilder&apos;[39m
  ]
}

[WebflowDesignerAPI] Waiting for API to be ready...

[WebflowDesignerDetection] Designer API is ready

[WebflowDesignerAPI] API is ready

[WebflowDesignerAPI] getAllElements returned: { count: [33m4[39m, type: [32m&apos;object&apos;[39m, isArray: [33mtrue[39m }
[WebflowDesignerAPI] Sample elements structure:
[WebflowDesignerAPI] Element 0: {
  exists: [33mfalse[39m,
  objectType: [32m&apos;object&apos;[39m,
  id: [90mundefined[39m,
  webflowType: [90mundefined[39m,
  hasTextContent: [33mfalse[39m,
  textContentValue: [90mundefined[39m,
  hasGetTextContent: [33mfalse[39m,
  hasSetTextContent: [33mfalse[39m,
  hasTagName: [33mfalse[39m,
  tagName: [90mundefined[39m,
  allKeys: [32m&apos;N/A&apos;[39m
}
[WebflowDesignerAPI] Element 1: {
  exists: [33mfalse[39m,
  objectType: [32m&apos;undefined&apos;[39m,
  id: [90mundefined[39m,
  webflowType: [90mundefined[39m,
  hasTextContent: [33mfalse[39m,
  textContentValue: [90mundefined[39m,
  hasGetTextContent: [33mfalse[39m,
  hasSetTextContent: [33mfalse[39m,
  hasTagName: [33mfalse[39m,
  tagName: [90mundefined[39m,
  allKeys: [32m&apos;N/A&apos;[39m
}
[WebflowDesignerAPI] Element 2: {
  exists: [33mtrue[39m,
  objectType: [32m&apos;object&apos;[39m,
  id: [32m&apos;valid-h1&apos;[39m,
  webflowType: [32m&apos;HeadingElement&apos;[39m,
  hasTextContent: [33mtrue[39m,
  textContentValue: [32m&apos;Valid H1&apos;[39m,
  hasGetTextContent: [33mtrue[39m,
  hasSetTextContent: [33mtrue[39m,
  hasTagName: [33mfalse[39m,
  tagName: [90mundefined[39m,
  allKeys: [ [32m&apos;id&apos;[39m, [32m&apos;type&apos;[39m, [32m&apos;textContent&apos;[39m, [32m&apos;setTextContent&apos;[39m, [32m&apos;getTextContent&apos;[39m ]
}
[WebflowDesignerAPI] Element 3: {
  exists: [33mfalse[39m,
  objectType: [32m&apos;object&apos;[39m,
  id: [90mundefined[39m,
  webflowType: [90mundefined[39m,
  hasTextContent: [33mfalse[39m,
  textContentValue: [90mundefined[39m,
  hasGetTextContent: [33mfalse[39m,
  hasSetTextContent: [33mfalse[39m,
  hasTagName: [33mfalse[39m,
  tagName: [90mundefined[39m,
  allKeys: [32m&apos;N/A&apos;[39m
}

            </system-out>
        </testcase>
        <testcase classname="client/src/lib/webflowDesignerApi.realworld.test.ts" name="WebflowDesignerAPI Real-world Error Reproduction &gt; Defensive Programming Tests &gt; should handle elements with non-string type" time="0.0037255">
            <system-out>
[WebflowDesignerDetection] === WEBFLOW API INSPECTION ===
[WebflowDesignerDetection] typeof window.webflow: object
[WebflowDesignerDetection] window.webflow: {
  getCurrentPage: [Function: spy] {
    getMockName: [36m[Function (anonymous)][39m,
    mockName: [36m[Function (anonymous)][39m,
    mockClear: [36m[Function (anonymous)][39m,
    mockReset: [36m[Function (anonymous)][39m,
    mockRestore: [36m[Function (anonymous)][39m,
    getMockImplementation: [36m[Function (anonymous)][39m,
    mockImplementation: [36m[Function (anonymous)][39m,
    mockImplementationOnce: [36m[Function (anonymous)][39m,
    withImplementation: [36m[Function: withImplementation][39m,
    mockReturnThis: [36m[Function (anonymous)][39m,
    mockReturnValue: [36m[Function (anonymous)][39m,
    mockReturnValueOnce: [36m[Function (anonymous)][39m,
    mockResolvedValue: [36m[Function (anonymous)][39m,
    mockResolvedValueOnce: [36m[Function (anonymous)][39m,
    mockRejectedValue: [36m[Function (anonymous)][39m,
    mockRejectedValueOnce: [36m[Function (anonymous)][39m,
    [[32mSymbol(nodejs.dispose)[39m]: [36m[Function (anonymous)][39m
  },
  getAllElements: [Function: spy] {
    getMockName: [36m[Function (anonymous)][39m,
    mockName: [36m[Function (anonymous)][39m,
    mockClear: [36m[Function (anonymous)][39m,
    mockReset: [36m[Function (anonymous)][39m,
    mockRestore: [36m[Function (anonymous)][39m,
    getMockImplementation: [36m[Function (anonymous)][39m,
    mockImplementation: [36m[Function (anonymous)][39m,
    mockImplementationOnce: [36m[Function (anonymous)][39m,
    withImplementation: [36m[Function: withImplementation][39m,
    mockReturnThis: [36m[Function (anonymous)][39m,
    mockReturnValue: [36m[Function (anonymous)][39m,
    mockReturnValueOnce: [36m[Function (anonymous)][39m,
    mockResolvedValue: [36m[Function (anonymous)][39m,
    mockResolvedValueOnce: [36m[Function (anonymous)][39m,
    mockRejectedValue: [36m[Function (anonymous)][39m,
    mockRejectedValueOnce: [36m[Function (anonymous)][39m,
    [[32mSymbol(nodejs.dispose)[39m]: [36m[Function (anonymous)][39m
  },
  getSelectedElement: [Function: spy] {
    getMockName: [36m[Function (anonymous)][39m,
    mockName: [36m[Function (anonymous)][39m,
    mockClear: [36m[Function (anonymous)][39m,
    mockReset: [36m[Function (anonymous)][39m,
    mockRestore: [36m[Function (anonymous)][39m,
    getMockImplementation: [36m[Function (anonymous)][39m,
    mockImplementation: [36m[Function (anonymous)][39m,
    mockImplementationOnce: [36m[Function (anonymous)][39m,
    withImplementation: [36m[Function: withImplementation][39m,
    mockReturnThis: [36m[Function (anonymous)][39m,
    mockReturnValue: [36m[Function (anonymous)][39m,
    mockReturnValueOnce: [36m[Function (anonymous)][39m,
    mockResolvedValue: [36m[Function (anonymous)][39m,
    mockResolvedValueOnce: [36m[Function (anonymous)][39m,
    mockRejectedValue: [36m[Function (anonymous)][39m,
    mockRejectedValueOnce: [36m[Function (anonymous)][39m,
    [[32mSymbol(nodejs.dispose)[39m]: [36m[Function (anonymous)][39m
  },
  setSelectedElement: [Function: spy] {
    getMockName: [36m[Function (anonymous)][39m,
    mockName: [36m[Function (anonymous)][39m,
    mockClear: [36m[Function (anonymous)][39m,
    mockReset: [36m[Function (anonymous)][39m,
    mockRestore: [36m[Function (anonymous)][39m,
    getMockImplementation: [36m[Function (anonymous)][39m,
    mockImplementation: [36m[Function (anonymous)][39m,
    mockImplementationOnce: [36m[Function (anonymous)][39m,
    withImplementation: [36m[Function: withImplementation][39m,
    mockReturnThis: [36m[Function (anonymous)][39m,
    mockReturnValue: [36m[Function (anonymous)][39m,
    mockReturnValueOnce: [36m[Function (anonymous)][39m,
    mockResolvedValue: [36m[Function (anonymous)][39m,
    mockResolvedValueOnce: [36m[Function (anonymous)][39m,
    mockRejectedValue: [36m[Function (anonymous)][39m,
    mockRejectedValueOnce: [36m[Function (anonymous)][39m,
    [[32mSymbol(nodejs.dispose)[39m]: [36m[Function (anonymous)][39m
  },
  elementBuilder: [Function: spy] {
    getMockName: [36m[Function (anonymous)][39m,
    mockName: [36m[Function (anonymous)][39m,
    mockClear: [36m[Function (anonymous)][39m,
    mockReset: [36m[Function (anonymous)][39m,
    mockRestore: [36m[Function (anonymous)][39m,
    getMockImplementation: [36m[Function (anonymous)][39m,
    mockImplementation: [36m[Function (anonymous)][39m,
    mockImplementationOnce: [36m[Function (anonymous)][39m,
    withImplementation: [36m[Function: withImplementation][39m,
    mockReturnThis: [36m[Function (anonymous)][39m,
    mockReturnValue: [36m[Function (anonymous)][39m,
    mockReturnValueOnce: [36m[Function (anonymous)][39m,
    mockResolvedValue: [36m[Function (anonymous)][39m,
    mockResolvedValueOnce: [36m[Function (anonymous)][39m,
    mockRejectedValue: [36m[Function (anonymous)][39m,
    mockRejectedValueOnce: [36m[Function (anonymous)][39m,
    [[32mSymbol(nodejs.dispose)[39m]: [36m[Function (anonymous)][39m
  }
}
[WebflowDesignerDetection] Available webflow properties: [
  [32m&apos;getCurrentPage&apos;[39m,
  [32m&apos;getAllElements&apos;[39m,
  [32m&apos;getSelectedElement&apos;[39m,
  [32m&apos;setSelectedElement&apos;[39m,
  [32m&apos;elementBuilder&apos;[39m
]
[WebflowDesignerDetection] Available webflow methods: [
  [32m&apos;getCurrentPage&apos;[39m,
  [32m&apos;getAllElements&apos;[39m,
  [32m&apos;getSelectedElement&apos;[39m,
  [32m&apos;setSelectedElement&apos;[39m,
  [32m&apos;elementBuilder&apos;[39m
]
[WebflowDesignerDetection] Method &apos;getCurrentPage&apos;: {
  type: [32m&apos;function&apos;[39m,
  length: [33m0[39m,
  name: [32m&apos;spy&apos;[39m,
  toString: [32m&apos;function(...args) {\n&apos;[39m +
    [32m&apos;    let state2 = getInternalState(fn);\n&apos;[39m +
    [32m&apos;    state2.called = !0, state2.callCount++, state2.calls.push(args);\n&apos;[39m +
    [32m&apos;    let next = state2.next.shift();\n&apos;[39m +
    [32m&apos;    if (next) {\n&apos;[39m +
    [32m&apos;      state2.results...&apos;[39m
}
[WebflowDesignerDetection] Method &apos;getAllElements&apos;: {
  type: [32m&apos;function&apos;[39m,
  length: [33m0[39m,
  name: [32m&apos;spy&apos;[39m,
  toString: [32m&apos;function(...args) {\n&apos;[39m +
    [32m&apos;    let state2 = getInternalState(fn);\n&apos;[39m +
    [32m&apos;    state2.called = !0, state2.callCount++, state2.calls.push(args);\n&apos;[39m +
    [32m&apos;    let next = state2.next.shift();\n&apos;[39m +
    [32m&apos;    if (next) {\n&apos;[39m +
    [32m&apos;      state2.results...&apos;[39m
}
[WebflowDesignerDetection] Method &apos;getSelectedElement&apos;: {
  type: [32m&apos;function&apos;[39m,
  length: [33m0[39m,
  name: [32m&apos;spy&apos;[39m,
  toString: [32m&apos;function(...args) {\n&apos;[39m +
    [32m&apos;    let state2 = getInternalState(fn);\n&apos;[39m +
    [32m&apos;    state2.called = !0, state2.callCount++, state2.calls.push(args);\n&apos;[39m +
    [32m&apos;    let next = state2.next.shift();\n&apos;[39m +
    [32m&apos;    if (next) {\n&apos;[39m +
    [32m&apos;      state2.results...&apos;[39m
}
[WebflowDesignerDetection] Method &apos;setSelectedElement&apos;: {
  type: [32m&apos;function&apos;[39m,
  length: [33m0[39m,
  name: [32m&apos;spy&apos;[39m,
  toString: [32m&apos;function(...args) {\n&apos;[39m +
    [32m&apos;    let state2 = getInternalState(fn);\n&apos;[39m +
    [32m&apos;    state2.called = !0, state2.callCount++, state2.calls.push(args);\n&apos;[39m +
    [32m&apos;    let next = state2.next.shift();\n&apos;[39m +
    [32m&apos;    if (next) {\n&apos;[39m +
    [32m&apos;      state2.results...&apos;[39m
}
[WebflowDesignerDetection] Method &apos;elementBuilder&apos;: {
  type: [32m&apos;function&apos;[39m,
  length: [33m0[39m,
  name: [32m&apos;spy&apos;[39m,
  toString: [32m&apos;function(...args) {\n&apos;[39m +
    [32m&apos;    let state2 = getInternalState(fn);\n&apos;[39m +
    [32m&apos;    state2.called = !0, state2.callCount++, state2.calls.push(args);\n&apos;[39m +
    [32m&apos;    let next = state2.next.shift();\n&apos;[39m +
    [32m&apos;    if (next) {\n&apos;[39m +
    [32m&apos;      state2.results...&apos;[39m
}
[WebflowDesignerDetection] Prototype methods: [
  [32m&apos;constructor&apos;[39m,
  [32m&apos;__defineGetter__&apos;[39m,
  [32m&apos;__defineSetter__&apos;[39m,
  [32m&apos;hasOwnProperty&apos;[39m,
  [32m&apos;__lookupGetter__&apos;[39m,
  [32m&apos;__lookupSetter__&apos;[39m,
  [32m&apos;isPrototypeOf&apos;[39m,
  [32m&apos;propertyIsEnumerable&apos;[39m,
  [32m&apos;toString&apos;[39m,
  [32m&apos;valueOf&apos;[39m,
  [32m&apos;__proto__&apos;[39m,
  [32m&apos;toLocaleString&apos;[39m
]
[WebflowDesignerAPI] Detected capabilities: {
  canReadPageInfo: [33mtrue[39m,
  canUpdatePageTitle: [33mfalse[39m,
  canUpdatePageMeta: [33mfalse[39m,
  canUpdatePageSlug: [33mfalse[39m,
  canAddCustomCode: [33mfalse[39m,
  canUpdateCMS: [33mfalse[39m,
  canManipulateElements: [33mtrue[39m,
  canSelectElements: [33mtrue[39m,
  hasElementBuilder: [33mfalse[39m,
  availableMethods: [
    [32m&apos;getCurrentPage&apos;[39m,
    [32m&apos;getAllElements&apos;[39m,
    [32m&apos;getSelectedElement&apos;[39m,
    [32m&apos;setSelectedElement&apos;[39m,
    [32m&apos;elementBuilder&apos;[39m
  ]
}

[WebflowDesignerAPI] Waiting for API to be ready...

[WebflowDesignerDetection] Designer API is ready

[WebflowDesignerAPI] API is ready

[WebflowDesignerAPI] getAllElements returned: { count: [33m3[39m, type: [32m&apos;object&apos;[39m, isArray: [33mtrue[39m }
[WebflowDesignerAPI] Sample elements structure:
[WebflowDesignerAPI] Element 0: {
  exists: [33mtrue[39m,
  objectType: [32m&apos;object&apos;[39m,
  id: [32m&apos;invalid-1&apos;[39m,
  webflowType: [33m123[39m,
  hasTextContent: [33mtrue[39m,
  textContentValue: [32m&apos;Number type&apos;[39m,
  hasGetTextContent: [33mtrue[39m,
  hasSetTextContent: [33mtrue[39m,
  hasTagName: [33mfalse[39m,
  tagName: [90mundefined[39m,
  allKeys: [ [32m&apos;id&apos;[39m, [32m&apos;type&apos;[39m, [32m&apos;textContent&apos;[39m, [32m&apos;setTextContent&apos;[39m, [32m&apos;getTextContent&apos;[39m ]
}
[WebflowDesignerAPI] Element 1: {
  exists: [33mtrue[39m,
  objectType: [32m&apos;object&apos;[39m,
  id: [32m&apos;invalid-2&apos;[39m,
  webflowType: { nested: [32m&apos;object&apos;[39m },
  hasTextContent: [33mtrue[39m,
  textContentValue: [32m&apos;Object type&apos;[39m,
  hasGetTextContent: [33mtrue[39m,
  hasSetTextContent: [33mtrue[39m,
  hasTagName: [33mfalse[39m,
  tagName: [90mundefined[39m,
  allKeys: [ [32m&apos;id&apos;[39m, [32m&apos;type&apos;[39m, [32m&apos;textContent&apos;[39m, [32m&apos;setTextContent&apos;[39m, [32m&apos;getTextContent&apos;[39m ]
}
[WebflowDesignerAPI] Element 2: {
  exists: [33mtrue[39m,
  objectType: [32m&apos;object&apos;[39m,
  id: [32m&apos;valid-1&apos;[39m,
  webflowType: [32m&apos;HeadingElement&apos;[39m,
  hasTextContent: [33mtrue[39m,
  textContentValue: [32m&apos;Valid H1&apos;[39m,
  hasGetTextContent: [33mtrue[39m,
  hasSetTextContent: [33mtrue[39m,
  hasTagName: [33mfalse[39m,
  tagName: [90mundefined[39m,
  allKeys: [ [32m&apos;id&apos;[39m, [32m&apos;type&apos;[39m, [32m&apos;textContent&apos;[39m, [32m&apos;setTextContent&apos;[39m, [32m&apos;getTextContent&apos;[39m ]
}

            </system-out>
        </testcase>
    </testsuite>
    <testsuite name="client/src/lib/webflowDesignerApi.test.ts" timestamp="2025-10-09T00:10:01.966Z" hostname="JohnDee" tests="10" failures="7" errors="0" skipped="0" time="0.0437404">
        <testcase classname="client/src/lib/webflowDesignerApi.test.ts" name="WebflowDesignerExtensionAPI &gt; API Readiness Detection &gt; should detect when Webflow Designer API is not ready" time="0.0089074">
            <system-out>
[WebflowDesignerDetection] === WEBFLOW API INSPECTION ===
[WebflowDesignerDetection] typeof window.webflow: object
[WebflowDesignerDetection] window.webflow: {
  setPageSetting: [Function: spy] {
    getMockName: [36m[Function (anonymous)][39m,
    mockName: [36m[Function (anonymous)][39m,
    mockClear: [36m[Function (anonymous)][39m,
    mockReset: [36m[Function (anonymous)][39m,
    mockRestore: [36m[Function (anonymous)][39m,
    getMockImplementation: [36m[Function (anonymous)][39m,
    mockImplementation: [36m[Function (anonymous)][39m,
    mockImplementationOnce: [36m[Function (anonymous)][39m,
    withImplementation: [36m[Function: withImplementation][39m,
    mockReturnThis: [36m[Function (anonymous)][39m,
    mockReturnValue: [36m[Function (anonymous)][39m,
    mockReturnValueOnce: [36m[Function (anonymous)][39m,
    mockResolvedValue: [36m[Function (anonymous)][39m,
    mockResolvedValueOnce: [36m[Function (anonymous)][39m,
    mockRejectedValue: [36m[Function (anonymous)][39m,
    mockRejectedValueOnce: [36m[Function (anonymous)][39m,
    [[32mSymbol(nodejs.dispose)[39m]: [36m[Function (anonymous)][39m
  }
}
[WebflowDesignerDetection] Available webflow properties: [ [32m&apos;setPageSetting&apos;[39m ]
[WebflowDesignerDetection] Available webflow methods: [ [32m&apos;setPageSetting&apos;[39m ]
[WebflowDesignerDetection] Method &apos;setPageSetting&apos;: {
  type: [32m&apos;function&apos;[39m,
  length: [33m0[39m,
  name: [32m&apos;spy&apos;[39m,
  toString: [32m&apos;function(...args) {\n&apos;[39m +
    [32m&apos;    let state2 = getInternalState(fn);\n&apos;[39m +
    [32m&apos;    state2.called = !0, state2.callCount++, state2.calls.push(args);\n&apos;[39m +
    [32m&apos;    let next = state2.next.shift();\n&apos;[39m +
    [32m&apos;    if (next) {\n&apos;[39m +
    [32m&apos;      state2.results...&apos;[39m
}
[WebflowDesignerDetection] Prototype methods: [
  [32m&apos;constructor&apos;[39m,
  [32m&apos;__defineGetter__&apos;[39m,
  [32m&apos;__defineSetter__&apos;[39m,
  [32m&apos;hasOwnProperty&apos;[39m,
  [32m&apos;__lookupGetter__&apos;[39m,
  [32m&apos;__lookupSetter__&apos;[39m,
  [32m&apos;isPrototypeOf&apos;[39m,
  [32m&apos;propertyIsEnumerable&apos;[39m,
  [32m&apos;toString&apos;[39m,
  [32m&apos;valueOf&apos;[39m,
  [32m&apos;__proto__&apos;[39m,
  [32m&apos;toLocaleString&apos;[39m
]
[WebflowDesignerAPI] Detected capabilities: {
  canReadPageInfo: [33mfalse[39m,
  canUpdatePageTitle: [33mtrue[39m,
  canUpdatePageMeta: [33mtrue[39m,
  canUpdatePageSlug: [33mtrue[39m,
  canAddCustomCode: [33mfalse[39m,
  canUpdateCMS: [33mfalse[39m,
  canManipulateElements: [33mfalse[39m,
  canSelectElements: [33mfalse[39m,
  hasElementBuilder: [33mfalse[39m,
  availableMethods: [ [32m&apos;setPageSetting&apos;[39m ]
}
[WebflowDesignerAPI] Waiting for API to be ready...

            </system-out>
            <failure message="expected [Function] to throw an error" type="AssertionError">
AssertionError: expected [Function] to throw an error

- Expected: 
null

+ Received: 
undefined

 ❯ client/src/lib/webflowDesignerApi.test.ts:40:10
            </failure>
        </testcase>
        <testcase classname="client/src/lib/webflowDesignerApi.test.ts" name="WebflowDesignerExtensionAPI &gt; API Readiness Detection &gt; should wait for API to be ready before proceeding" time="0.0041623">
            <system-out>
[WebflowDesignerDetection] === WEBFLOW API INSPECTION ===
[WebflowDesignerDetection] typeof window.webflow: object
[WebflowDesignerDetection] window.webflow: {
  getPage: [36m[Getter][39m,
  setPageSetting: [Function: spy] {
    getMockName: [36m[Function (anonymous)][39m,
    mockName: [36m[Function (anonymous)][39m,
    mockClear: [36m[Function (anonymous)][39m,
    mockReset: [36m[Function (anonymous)][39m,
    mockRestore: [36m[Function (anonymous)][39m,
    getMockImplementation: [36m[Function (anonymous)][39m,
    mockImplementation: [36m[Function (anonymous)][39m,
    mockImplementationOnce: [36m[Function (anonymous)][39m,
    withImplementation: [36m[Function: withImplementation][39m,
    mockReturnThis: [36m[Function (anonymous)][39m,
    mockReturnValue: [36m[Function (anonymous)][39m,
    mockReturnValueOnce: [36m[Function (anonymous)][39m,
    mockResolvedValue: [36m[Function (anonymous)][39m,
    mockResolvedValueOnce: [36m[Function (anonymous)][39m,
    mockRejectedValue: [36m[Function (anonymous)][39m,
    mockRejectedValueOnce: [36m[Function (anonymous)][39m,
    [[32mSymbol(nodejs.dispose)[39m]: [36m[Function (anonymous)][39m
  }
}
[WebflowDesignerDetection] Available webflow properties: [ [32m&apos;getPage&apos;[39m, [32m&apos;setPageSetting&apos;[39m ]
[WebflowDesignerDetection] Available webflow methods: [ [32m&apos;setPageSetting&apos;[39m ]
[WebflowDesignerDetection] Method &apos;setPageSetting&apos;: {
  type: [32m&apos;function&apos;[39m,
  length: [33m0[39m,
  name: [32m&apos;spy&apos;[39m,
  toString: [32m&apos;function(...args) {\n&apos;[39m +
    [32m&apos;    let state2 = getInternalState(fn);\n&apos;[39m +
    [32m&apos;    state2.called = !0, state2.callCount++, state2.calls.push(args);\n&apos;[39m +
    [32m&apos;    let next = state2.next.shift();\n&apos;[39m +
    [32m&apos;    if (next) {\n&apos;[39m +
    [32m&apos;      state2.results...&apos;[39m
}
[WebflowDesignerDetection] Prototype methods: [
  [32m&apos;constructor&apos;[39m,
  [32m&apos;__defineGetter__&apos;[39m,
  [32m&apos;__defineSetter__&apos;[39m,
  [32m&apos;hasOwnProperty&apos;[39m,
  [32m&apos;__lookupGetter__&apos;[39m,
  [32m&apos;__lookupSetter__&apos;[39m,
  [32m&apos;isPrototypeOf&apos;[39m,
  [32m&apos;propertyIsEnumerable&apos;[39m,
  [32m&apos;toString&apos;[39m,
  [32m&apos;valueOf&apos;[39m,
  [32m&apos;__proto__&apos;[39m,
  [32m&apos;toLocaleString&apos;[39m
]
[WebflowDesignerAPI] Detected capabilities: {
  canReadPageInfo: [33mfalse[39m,
  canUpdatePageTitle: [33mtrue[39m,
  canUpdatePageMeta: [33mtrue[39m,
  canUpdatePageSlug: [33mtrue[39m,
  canAddCustomCode: [33mfalse[39m,
  canUpdateCMS: [33mfalse[39m,
  canManipulateElements: [33mfalse[39m,
  canSelectElements: [33mfalse[39m,
  hasElementBuilder: [33mfalse[39m,
  availableMethods: [ [32m&apos;setPageSetting&apos;[39m ]
}
[WebflowDesignerAPI] Updating page title using official API
[WebflowDesignerAPI] title: Test Title

            </system-out>
            <system-err>
[WebflowDesignerAPI] Failed to update page title: TypeError: window.webflow?.getCurrentPage is not a function
    at WebflowDesignerExtensionAPI.updatePageTitle [90m(C:\Users\Paul Mulligan\PMDS\Projects\AI-SEO-Copilot-for-Webflow\[39mclient\src\lib\webflowDesignerApi.ts:128:58[90m)[39m
    at [90mC:\Users\Paul Mulligan\PMDS\Projects\AI-SEO-Copilot-for-Webflow\[39mclient\src\lib\webflowDesignerApi.test.ts:58:33
    at [90mfile:///C:/Users/Paul%20Mulligan/PMDS/Projects/AI-SEO-Copilot-for-Webflow/[39mnode_modules/[4m.pnpm[24m/@vitest+runner@3.2.4/node_modules/[4m@vitest[24m/runner/dist/chunk-hooks.js:155:11
    at [90mfile:///C:/Users/Paul%20Mulligan/PMDS/Projects/AI-SEO-Copilot-for-Webflow/[39mnode_modules/[4m.pnpm[24m/@vitest+runner@3.2.4/node_modules/[4m@vitest[24m/runner/dist/chunk-hooks.js:752:26
    at [90mfile:///C:/Users/Paul%20Mulligan/PMDS/Projects/AI-SEO-Copilot-for-Webflow/[39mnode_modules/[4m.pnpm[24m/@vitest+runner@3.2.4/node_modules/[4m@vitest[24m/runner/dist/chunk-hooks.js:1897:20
    at new Promise (&lt;anonymous&gt;)
    at runWithTimeout [90m(file:///C:/Users/Paul%20Mulligan/PMDS/Projects/AI-SEO-Copilot-for-Webflow/[39mnode_modules/[4m.pnpm[24m/@vitest+runner@3.2.4/node_modules/[4m@vitest[24m/runner/dist/chunk-hooks.js:1863:10[90m)[39m
    at runTest [90m(file:///C:/Users/Paul%20Mulligan/PMDS/Projects/AI-SEO-Copilot-for-Webflow/[39mnode_modules/[4m.pnpm[24m/@vitest+runner@3.2.4/node_modules/[4m@vitest[24m/runner/dist/chunk-hooks.js:1574:12[90m)[39m
[90m    at processTicksAndRejections (node:internal/process/task_queues:105:5)[39m
    at runSuite [90m(file:///C:/Users/Paul%20Mulligan/PMDS/Projects/AI-SEO-Copilot-for-Webflow/[39mnode_modules/[4m.pnpm[24m/@vitest+runner@3.2.4/node_modules/[4m@vitest[24m/runner/dist/chunk-hooks.js:1729:8[90m)[39m

            </system-err>
            <failure message="window.webflow?.getCurrentPage is not a function" type="TypeError">
TypeError: window.webflow?.getCurrentPage is not a function
 ❯ WebflowDesignerExtensionAPI.updatePageTitle client/src/lib/webflowDesignerApi.ts:128:58
 ❯ client/src/lib/webflowDesignerApi.test.ts:58:33
            </failure>
        </testcase>
        <testcase classname="client/src/lib/webflowDesignerApi.test.ts" name="WebflowDesignerExtensionAPI &gt; API Readiness Detection &gt; should timeout if API never becomes ready" time="0.0077572">
            <system-out>
[WebflowDesignerDetection] === WEBFLOW API INSPECTION ===
[WebflowDesignerDetection] typeof window.webflow: object
[WebflowDesignerDetection] window.webflow: {
  setPageSetting: [Function: spy] {
    getMockName: [36m[Function (anonymous)][39m,
    mockName: [36m[Function (anonymous)][39m,
    mockClear: [36m[Function (anonymous)][39m,
    mockReset: [36m[Function (anonymous)][39m,
    mockRestore: [36m[Function (anonymous)][39m,
    getMockImplementation: [36m[Function (anonymous)][39m,
    mockImplementation: [36m[Function (anonymous)][39m,
    mockImplementationOnce: [36m[Function (anonymous)][39m,
    withImplementation: [36m[Function: withImplementation][39m,
    mockReturnThis: [36m[Function (anonymous)][39m,
    mockReturnValue: [36m[Function (anonymous)][39m,
    mockReturnValueOnce: [36m[Function (anonymous)][39m,
    mockResolvedValue: [36m[Function (anonymous)][39m,
    mockResolvedValueOnce: [36m[Function (anonymous)][39m,
    mockRejectedValue: [36m[Function (anonymous)][39m,
    mockRejectedValueOnce: [36m[Function (anonymous)][39m,
    [[32mSymbol(nodejs.dispose)[39m]: [36m[Function (anonymous)][39m
  }
}
[WebflowDesignerDetection] Available webflow properties: [ [32m&apos;setPageSetting&apos;[39m ]
[WebflowDesignerDetection] Available webflow methods: [ [32m&apos;setPageSetting&apos;[39m ]
[WebflowDesignerDetection] Method &apos;setPageSetting&apos;: {
  type: [32m&apos;function&apos;[39m,
  length: [33m0[39m,
  name: [32m&apos;spy&apos;[39m,
  toString: [32m&apos;function(...args) {\n&apos;[39m +
    [32m&apos;    let state2 = getInternalState(fn);\n&apos;[39m +
    [32m&apos;    state2.called = !0, state2.callCount++, state2.calls.push(args);\n&apos;[39m +
    [32m&apos;    let next = state2.next.shift();\n&apos;[39m +
    [32m&apos;    if (next) {\n&apos;[39m +
    [32m&apos;      state2.results...&apos;[39m
}
[WebflowDesignerDetection] Prototype methods: [
  [32m&apos;constructor&apos;[39m,
  [32m&apos;__defineGetter__&apos;[39m,
  [32m&apos;__defineSetter__&apos;[39m,
  [32m&apos;hasOwnProperty&apos;[39m,
  [32m&apos;__lookupGetter__&apos;[39m,
  [32m&apos;__lookupSetter__&apos;[39m,
  [32m&apos;isPrototypeOf&apos;[39m,
  [32m&apos;propertyIsEnumerable&apos;[39m,
  [32m&apos;toString&apos;[39m,
  [32m&apos;valueOf&apos;[39m,
  [32m&apos;__proto__&apos;[39m,
  [32m&apos;toLocaleString&apos;[39m
]
[WebflowDesignerAPI] Detected capabilities: {
  canReadPageInfo: [33mfalse[39m,
  canUpdatePageTitle: [33mtrue[39m,
  canUpdatePageMeta: [33mtrue[39m,
  canUpdatePageSlug: [33mtrue[39m,
  canAddCustomCode: [33mfalse[39m,
  canUpdateCMS: [33mfalse[39m,
  canManipulateElements: [33mfalse[39m,
  canSelectElements: [33mfalse[39m,
  hasElementBuilder: [33mfalse[39m,
  availableMethods: [ [32m&apos;setPageSetting&apos;[39m ]
}
[WebflowDesignerAPI] Updating page title using official API
[WebflowDesignerAPI] title: Test Title

            </system-out>
            <system-err>
[WebflowDesignerAPI] Failed to update page title: TypeError: window.webflow?.getCurrentPage is not a function
    at WebflowDesignerExtensionAPI.updatePageTitle [90m(C:\Users\Paul Mulligan\PMDS\Projects\AI-SEO-Copilot-for-Webflow\[39mclient\src\lib\webflowDesignerApi.ts:128:58[90m)[39m
    at [90mC:\Users\Paul Mulligan\PMDS\Projects\AI-SEO-Copilot-for-Webflow\[39mclient\src\lib\webflowDesignerApi.test.ts:82:24
    at [90mfile:///C:/Users/Paul%20Mulligan/PMDS/Projects/AI-SEO-Copilot-for-Webflow/[39mnode_modules/[4m.pnpm[24m/@vitest+runner@3.2.4/node_modules/[4m@vitest[24m/runner/dist/chunk-hooks.js:155:11
    at [90mfile:///C:/Users/Paul%20Mulligan/PMDS/Projects/AI-SEO-Copilot-for-Webflow/[39mnode_modules/[4m.pnpm[24m/@vitest+runner@3.2.4/node_modules/[4m@vitest[24m/runner/dist/chunk-hooks.js:752:26
    at [90mfile:///C:/Users/Paul%20Mulligan/PMDS/Projects/AI-SEO-Copilot-for-Webflow/[39mnode_modules/[4m.pnpm[24m/@vitest+runner@3.2.4/node_modules/[4m@vitest[24m/runner/dist/chunk-hooks.js:1897:20
    at new Promise (&lt;anonymous&gt;)
    at runWithTimeout [90m(file:///C:/Users/Paul%20Mulligan/PMDS/Projects/AI-SEO-Copilot-for-Webflow/[39mnode_modules/[4m.pnpm[24m/@vitest+runner@3.2.4/node_modules/[4m@vitest[24m/runner/dist/chunk-hooks.js:1863:10[90m)[39m
    at runTest [90m(file:///C:/Users/Paul%20Mulligan/PMDS/Projects/AI-SEO-Copilot-for-Webflow/[39mnode_modules/[4m.pnpm[24m/@vitest+runner@3.2.4/node_modules/[4m@vitest[24m/runner/dist/chunk-hooks.js:1574:12[90m)[39m
[90m    at processTicksAndRejections (node:internal/process/task_queues:105:5)[39m
    at runSuite [90m(file:///C:/Users/Paul%20Mulligan/PMDS/Projects/AI-SEO-Copilot-for-Webflow/[39mnode_modules/[4m.pnpm[24m/@vitest+runner@3.2.4/node_modules/[4m@vitest[24m/runner/dist/chunk-hooks.js:1729:8[90m)[39m

            </system-err>
            <failure message="expected [Function] to throw error including &apos;Webflow Designer API failed to load w…&apos; but got &apos;window.webflow?.getCurrentPage is not…&apos;" type="AssertionError">
AssertionError: expected [Function] to throw error including &apos;Webflow Designer API failed to load w…&apos; but got &apos;window.webflow?.getCurrentPage is not…&apos;

Expected: &quot;Webflow Designer API failed to load within timeout period&quot;
Received: &quot;window.webflow?.getCurrentPage is not a function&quot;
            </failure>
        </testcase>
        <testcase classname="client/src/lib/webflowDesignerApi.test.ts" name="WebflowDesignerExtensionAPI &gt; API Readiness Detection &gt; should retry API operations if they fail due to loading issues" time="0.0027891">
            <system-out>
[WebflowDesignerDetection] === WEBFLOW API INSPECTION ===
[WebflowDesignerDetection] typeof window.webflow: object
[WebflowDesignerDetection] window.webflow: {
  getPage: [Function: spy] {
    getMockName: [36m[Function (anonymous)][39m,
    mockName: [36m[Function (anonymous)][39m,
    mockClear: [36m[Function (anonymous)][39m,
    mockReset: [36m[Function (anonymous)][39m,
    mockRestore: [36m[Function (anonymous)][39m,
    getMockImplementation: [36m[Function (anonymous)][39m,
    mockImplementation: [36m[Function (anonymous)][39m,
    mockImplementationOnce: [36m[Function (anonymous)][39m,
    withImplementation: [36m[Function: withImplementation][39m,
    mockReturnThis: [36m[Function (anonymous)][39m,
    mockReturnValue: [36m[Function (anonymous)][39m,
    mockReturnValueOnce: [36m[Function (anonymous)][39m,
    mockResolvedValue: [36m[Function (anonymous)][39m,
    mockResolvedValueOnce: [36m[Function (anonymous)][39m,
    mockRejectedValue: [36m[Function (anonymous)][39m,
    mockRejectedValueOnce: [36m[Function (anonymous)][39m,
    [[32mSymbol(nodejs.dispose)[39m]: [36m[Function (anonymous)][39m
  },
  setPageSetting: [Function: spy] {
    getMockName: [36m[Function (anonymous)][39m,
    mockName: [36m[Function (anonymous)][39m,
    mockClear: [36m[Function (anonymous)][39m,
    mockReset: [36m[Function (anonymous)][39m,
    mockRestore: [36m[Function (anonymous)][39m,
    getMockImplementation: [36m[Function (anonymous)][39m,
    mockImplementation: [36m[Function (anonymous)][39m,
    mockImplementationOnce: [36m[Function (anonymous)][39m,
    withImplementation: [36m[Function: withImplementation][39m,
    mockReturnThis: [36m[Function (anonymous)][39m,
    mockReturnValue: [36m[Function (anonymous)][39m,
    mockReturnValueOnce: [36m[Function (anonymous)][39m,
    mockResolvedValue: [36m[Function (anonymous)][39m,
    mockResolvedValueOnce: [36m[Function (anonymous)][39m,
    mockRejectedValue: [36m[Function (anonymous)][39m,
    mockRejectedValueOnce: [36m[Function (anonymous)][39m,
    [[32mSymbol(nodejs.dispose)[39m]: [36m[Function (anonymous)][39m
  }
}
[WebflowDesignerDetection] Available webflow properties: [ [32m&apos;getPage&apos;[39m, [32m&apos;setPageSetting&apos;[39m ]
[WebflowDesignerDetection] Available webflow methods: [ [32m&apos;getPage&apos;[39m, [32m&apos;setPageSetting&apos;[39m ]
[WebflowDesignerDetection] Method &apos;getPage&apos;: {
  type: [32m&apos;function&apos;[39m,
  length: [33m0[39m,
  name: [32m&apos;spy&apos;[39m,
  toString: [32m&apos;function(...args) {\n&apos;[39m +
    [32m&apos;    let state2 = getInternalState(fn);\n&apos;[39m +
    [32m&apos;    state2.called = !0, state2.callCount++, state2.calls.push(args);\n&apos;[39m +
    [32m&apos;    let next = state2.next.shift();\n&apos;[39m +
    [32m&apos;    if (next) {\n&apos;[39m +
    [32m&apos;      state2.results...&apos;[39m
}
[WebflowDesignerDetection] Method &apos;setPageSetting&apos;: {
  type: [32m&apos;function&apos;[39m,
  length: [33m0[39m,
  name: [32m&apos;spy&apos;[39m,
  toString: [32m&apos;function(...args) {\n&apos;[39m +
    [32m&apos;    let state2 = getInternalState(fn);\n&apos;[39m +
    [32m&apos;    state2.called = !0, state2.callCount++, state2.calls.push(args);\n&apos;[39m +
    [32m&apos;    let next = state2.next.shift();\n&apos;[39m +
    [32m&apos;    if (next) {\n&apos;[39m +
    [32m&apos;      state2.results...&apos;[39m
}
[WebflowDesignerDetection] Prototype methods: [
  [32m&apos;constructor&apos;[39m,
  [32m&apos;__defineGetter__&apos;[39m,
  [32m&apos;__defineSetter__&apos;[39m,
  [32m&apos;hasOwnProperty&apos;[39m,
  [32m&apos;__lookupGetter__&apos;[39m,
  [32m&apos;__lookupSetter__&apos;[39m,
  [32m&apos;isPrototypeOf&apos;[39m,
  [32m&apos;propertyIsEnumerable&apos;[39m,
  [32m&apos;toString&apos;[39m,
  [32m&apos;valueOf&apos;[39m,
  [32m&apos;__proto__&apos;[39m,
  [32m&apos;toLocaleString&apos;[39m
]
[WebflowDesignerAPI] Detected capabilities: {
  canReadPageInfo: [33mtrue[39m,
  canUpdatePageTitle: [33mtrue[39m,
  canUpdatePageMeta: [33mtrue[39m,
  canUpdatePageSlug: [33mtrue[39m,
  canAddCustomCode: [33mfalse[39m,
  canUpdateCMS: [33mfalse[39m,
  canManipulateElements: [33mfalse[39m,
  canSelectElements: [33mfalse[39m,
  hasElementBuilder: [33mfalse[39m,
  availableMethods: [ [32m&apos;getPage&apos;[39m, [32m&apos;setPageSetting&apos;[39m ]
}
[WebflowDesignerAPI] Updating page title using official API
[WebflowDesignerAPI] title: Test Title

            </system-out>
            <system-err>
[WebflowDesignerAPI] Failed to update page title: TypeError: window.webflow?.getCurrentPage is not a function
    at WebflowDesignerExtensionAPI.updatePageTitle [90m(C:\Users\Paul Mulligan\PMDS\Projects\AI-SEO-Copilot-for-Webflow\[39mclient\src\lib\webflowDesignerApi.ts:128:58[90m)[39m
    at [90mC:\Users\Paul Mulligan\PMDS\Projects\AI-SEO-Copilot-for-Webflow\[39mclient\src\lib\webflowDesignerApi.test.ts:105:32
    at [90mfile:///C:/Users/Paul%20Mulligan/PMDS/Projects/AI-SEO-Copilot-for-Webflow/[39mnode_modules/[4m.pnpm[24m/@vitest+runner@3.2.4/node_modules/[4m@vitest[24m/runner/dist/chunk-hooks.js:155:11
    at [90mfile:///C:/Users/Paul%20Mulligan/PMDS/Projects/AI-SEO-Copilot-for-Webflow/[39mnode_modules/[4m.pnpm[24m/@vitest+runner@3.2.4/node_modules/[4m@vitest[24m/runner/dist/chunk-hooks.js:752:26
    at [90mfile:///C:/Users/Paul%20Mulligan/PMDS/Projects/AI-SEO-Copilot-for-Webflow/[39mnode_modules/[4m.pnpm[24m/@vitest+runner@3.2.4/node_modules/[4m@vitest[24m/runner/dist/chunk-hooks.js:1897:20
    at new Promise (&lt;anonymous&gt;)
    at runWithTimeout [90m(file:///C:/Users/Paul%20Mulligan/PMDS/Projects/AI-SEO-Copilot-for-Webflow/[39mnode_modules/[4m.pnpm[24m/@vitest+runner@3.2.4/node_modules/[4m@vitest[24m/runner/dist/chunk-hooks.js:1863:10[90m)[39m
    at runTest [90m(file:///C:/Users/Paul%20Mulligan/PMDS/Projects/AI-SEO-Copilot-for-Webflow/[39mnode_modules/[4m.pnpm[24m/@vitest+runner@3.2.4/node_modules/[4m@vitest[24m/runner/dist/chunk-hooks.js:1574:12[90m)[39m
[90m    at processTicksAndRejections (node:internal/process/task_queues:105:5)[39m
    at runSuite [90m(file:///C:/Users/Paul%20Mulligan/PMDS/Projects/AI-SEO-Copilot-for-Webflow/[39mnode_modules/[4m.pnpm[24m/@vitest+runner@3.2.4/node_modules/[4m@vitest[24m/runner/dist/chunk-hooks.js:1729:8[90m)[39m

            </system-err>
            <failure message="window.webflow?.getCurrentPage is not a function" type="TypeError">
TypeError: window.webflow?.getCurrentPage is not a function
 ❯ WebflowDesignerExtensionAPI.updatePageTitle client/src/lib/webflowDesignerApi.ts:128:58
 ❯ client/src/lib/webflowDesignerApi.test.ts:105:32
            </failure>
        </testcase>
        <testcase classname="client/src/lib/webflowDesignerApi.test.ts" name="WebflowDesignerExtensionAPI &gt; Graceful Degradation &gt; should fall back to alternative approach when Designer API unavailable" time="0.0009643">
        </testcase>
        <testcase classname="client/src/lib/webflowDesignerApi.test.ts" name="WebflowDesignerExtensionAPI &gt; API Method Coverage &gt; should handle updatePageTitle correctly" time="0.0021186">
            <system-out>
[WebflowDesignerDetection] === WEBFLOW API INSPECTION ===
[WebflowDesignerDetection] typeof window.webflow: object
[WebflowDesignerDetection] window.webflow: {
  getPage: [Function: spy] {
    getMockName: [36m[Function (anonymous)][39m,
    mockName: [36m[Function (anonymous)][39m,
    mockClear: [36m[Function (anonymous)][39m,
    mockReset: [36m[Function (anonymous)][39m,
    mockRestore: [36m[Function (anonymous)][39m,
    getMockImplementation: [36m[Function (anonymous)][39m,
    mockImplementation: [36m[Function (anonymous)][39m,
    mockImplementationOnce: [36m[Function (anonymous)][39m,
    withImplementation: [36m[Function: withImplementation][39m,
    mockReturnThis: [36m[Function (anonymous)][39m,
    mockReturnValue: [36m[Function (anonymous)][39m,
    mockReturnValueOnce: [36m[Function (anonymous)][39m,
    mockResolvedValue: [36m[Function (anonymous)][39m,
    mockResolvedValueOnce: [36m[Function (anonymous)][39m,
    mockRejectedValue: [36m[Function (anonymous)][39m,
    mockRejectedValueOnce: [36m[Function (anonymous)][39m,
    [[32mSymbol(nodejs.dispose)[39m]: [36m[Function (anonymous)][39m
  },
  setPageSetting: [Function: spy] {
    getMockName: [36m[Function (anonymous)][39m,
    mockName: [36m[Function (anonymous)][39m,
    mockClear: [36m[Function (anonymous)][39m,
    mockReset: [36m[Function (anonymous)][39m,
    mockRestore: [36m[Function (anonymous)][39m,
    getMockImplementation: [36m[Function (anonymous)][39m,
    mockImplementation: [36m[Function (anonymous)][39m,
    mockImplementationOnce: [36m[Function (anonymous)][39m,
    withImplementation: [36m[Function: withImplementation][39m,
    mockReturnThis: [36m[Function (anonymous)][39m,
    mockReturnValue: [36m[Function (anonymous)][39m,
    mockReturnValueOnce: [36m[Function (anonymous)][39m,
    mockResolvedValue: [36m[Function (anonymous)][39m,
    mockResolvedValueOnce: [36m[Function (anonymous)][39m,
    mockRejectedValue: [36m[Function (anonymous)][39m,
    mockRejectedValueOnce: [36m[Function (anonymous)][39m,
    [[32mSymbol(nodejs.dispose)[39m]: [36m[Function (anonymous)][39m
  },
  updateCMSItem: [Function: spy] {
    getMockName: [36m[Function (anonymous)][39m,
    mockName: [36m[Function (anonymous)][39m,
    mockClear: [36m[Function (anonymous)][39m,
    mockReset: [36m[Function (anonymous)][39m,
    mockRestore: [36m[Function (anonymous)][39m,
    getMockImplementation: [36m[Function (anonymous)][39m,
    mockImplementation: [36m[Function (anonymous)][39m,
    mockImplementationOnce: [36m[Function (anonymous)][39m,
    withImplementation: [36m[Function: withImplementation][39m,
    mockReturnThis: [36m[Function (anonymous)][39m,
    mockReturnValue: [36m[Function (anonymous)][39m,
    mockReturnValueOnce: [36m[Function (anonymous)][39m,
    mockResolvedValue: [36m[Function (anonymous)][39m,
    mockResolvedValueOnce: [36m[Function (anonymous)][39m,
    mockRejectedValue: [36m[Function (anonymous)][39m,
    mockRejectedValueOnce: [36m[Function (anonymous)][39m,
    [[32mSymbol(nodejs.dispose)[39m]: [36m[Function (anonymous)][39m
  }
}
[WebflowDesignerDetection] Available webflow properties: [ [32m&apos;getPage&apos;[39m, [32m&apos;setPageSetting&apos;[39m, [32m&apos;updateCMSItem&apos;[39m ]
[WebflowDesignerDetection] Available webflow methods: [ [32m&apos;getPage&apos;[39m, [32m&apos;setPageSetting&apos;[39m, [32m&apos;updateCMSItem&apos;[39m ]
[WebflowDesignerDetection] Method &apos;getPage&apos;: {
  type: [32m&apos;function&apos;[39m,
  length: [33m0[39m,
  name: [32m&apos;spy&apos;[39m,
  toString: [32m&apos;function(...args) {\n&apos;[39m +
    [32m&apos;    let state2 = getInternalState(fn);\n&apos;[39m +
    [32m&apos;    state2.called = !0, state2.callCount++, state2.calls.push(args);\n&apos;[39m +
    [32m&apos;    let next = state2.next.shift();\n&apos;[39m +
    [32m&apos;    if (next) {\n&apos;[39m +
    [32m&apos;      state2.results...&apos;[39m
}
[WebflowDesignerDetection] Method &apos;setPageSetting&apos;: {
  type: [32m&apos;function&apos;[39m,
  length: [33m0[39m,
  name: [32m&apos;spy&apos;[39m,
  toString: [32m&apos;function(...args) {\n&apos;[39m +
    [32m&apos;    let state2 = getInternalState(fn);\n&apos;[39m +
    [32m&apos;    state2.called = !0, state2.callCount++, state2.calls.push(args);\n&apos;[39m +
    [32m&apos;    let next = state2.next.shift();\n&apos;[39m +
    [32m&apos;    if (next) {\n&apos;[39m +
    [32m&apos;      state2.results...&apos;[39m
}
[WebflowDesignerDetection] Method &apos;updateCMSItem&apos;: {
  type: [32m&apos;function&apos;[39m,
  length: [33m0[39m,
  name: [32m&apos;spy&apos;[39m,
  toString: [32m&apos;function(...args) {\n&apos;[39m +
    [32m&apos;    let state2 = getInternalState(fn);\n&apos;[39m +
    [32m&apos;    state2.called = !0, state2.callCount++, state2.calls.push(args);\n&apos;[39m +
    [32m&apos;    let next = state2.next.shift();\n&apos;[39m +
    [32m&apos;    if (next) {\n&apos;[39m +
    [32m&apos;      state2.results...&apos;[39m
}
[WebflowDesignerDetection] Prototype methods: [
  [32m&apos;constructor&apos;[39m,
  [32m&apos;__defineGetter__&apos;[39m,
  [32m&apos;__defineSetter__&apos;[39m,
  [32m&apos;hasOwnProperty&apos;[39m,
  [32m&apos;__lookupGetter__&apos;[39m,
  [32m&apos;__lookupSetter__&apos;[39m,
  [32m&apos;isPrototypeOf&apos;[39m,
  [32m&apos;propertyIsEnumerable&apos;[39m,
  [32m&apos;toString&apos;[39m,
  [32m&apos;valueOf&apos;[39m,
  [32m&apos;__proto__&apos;[39m,
  [32m&apos;toLocaleString&apos;[39m
]
[WebflowDesignerAPI] Detected capabilities: {
  canReadPageInfo: [33mtrue[39m,
  canUpdatePageTitle: [33mtrue[39m,
  canUpdatePageMeta: [33mtrue[39m,
  canUpdatePageSlug: [33mtrue[39m,
  canAddCustomCode: [33mfalse[39m,
  canUpdateCMS: [33mtrue[39m,
  canManipulateElements: [33mfalse[39m,
  canSelectElements: [33mfalse[39m,
  hasElementBuilder: [33mfalse[39m,
  availableMethods: [ [32m&apos;getPage&apos;[39m, [32m&apos;setPageSetting&apos;[39m, [32m&apos;updateCMSItem&apos;[39m ]
}
[WebflowDesignerAPI] Updating page title using official API
[WebflowDesignerAPI] title: New Title

            </system-out>
            <system-err>
[WebflowDesignerAPI] Failed to update page title: TypeError: window.webflow?.getCurrentPage is not a function
    at WebflowDesignerExtensionAPI.updatePageTitle [90m(C:\Users\Paul Mulligan\PMDS\Projects\AI-SEO-Copilot-for-Webflow\[39mclient\src\lib\webflowDesignerApi.ts:128:58[90m)[39m
    at [90mC:\Users\Paul Mulligan\PMDS\Projects\AI-SEO-Copilot-for-Webflow\[39mclient\src\lib\webflowDesignerApi.test.ts:132:32
    at [90mfile:///C:/Users/Paul%20Mulligan/PMDS/Projects/AI-SEO-Copilot-for-Webflow/[39mnode_modules/[4m.pnpm[24m/@vitest+runner@3.2.4/node_modules/[4m@vitest[24m/runner/dist/chunk-hooks.js:155:11
    at [90mfile:///C:/Users/Paul%20Mulligan/PMDS/Projects/AI-SEO-Copilot-for-Webflow/[39mnode_modules/[4m.pnpm[24m/@vitest+runner@3.2.4/node_modules/[4m@vitest[24m/runner/dist/chunk-hooks.js:752:26
    at [90mfile:///C:/Users/Paul%20Mulligan/PMDS/Projects/AI-SEO-Copilot-for-Webflow/[39mnode_modules/[4m.pnpm[24m/@vitest+runner@3.2.4/node_modules/[4m@vitest[24m/runner/dist/chunk-hooks.js:1897:20
    at new Promise (&lt;anonymous&gt;)
    at runWithTimeout [90m(file:///C:/Users/Paul%20Mulligan/PMDS/Projects/AI-SEO-Copilot-for-Webflow/[39mnode_modules/[4m.pnpm[24m/@vitest+runner@3.2.4/node_modules/[4m@vitest[24m/runner/dist/chunk-hooks.js:1863:10[90m)[39m
    at runTest [90m(file:///C:/Users/Paul%20Mulligan/PMDS/Projects/AI-SEO-Copilot-for-Webflow/[39mnode_modules/[4m.pnpm[24m/@vitest+runner@3.2.4/node_modules/[4m@vitest[24m/runner/dist/chunk-hooks.js:1574:12[90m)[39m
[90m    at processTicksAndRejections (node:internal/process/task_queues:105:5)[39m
    at runSuite [90m(file:///C:/Users/Paul%20Mulligan/PMDS/Projects/AI-SEO-Copilot-for-Webflow/[39mnode_modules/[4m.pnpm[24m/@vitest+runner@3.2.4/node_modules/[4m@vitest[24m/runner/dist/chunk-hooks.js:1729:8[90m)[39m

            </system-err>
            <failure message="window.webflow?.getCurrentPage is not a function" type="TypeError">
TypeError: window.webflow?.getCurrentPage is not a function
 ❯ WebflowDesignerExtensionAPI.updatePageTitle client/src/lib/webflowDesignerApi.ts:128:58
 ❯ client/src/lib/webflowDesignerApi.test.ts:132:32
            </failure>
        </testcase>
        <testcase classname="client/src/lib/webflowDesignerApi.test.ts" name="WebflowDesignerExtensionAPI &gt; API Method Coverage &gt; should handle updatePageMetaDescription correctly" time="0.0018373">
            <system-out>
[WebflowDesignerDetection] === WEBFLOW API INSPECTION ===
[WebflowDesignerDetection] typeof window.webflow: object
[WebflowDesignerDetection] window.webflow: {
  getPage: [Function: spy] {
    getMockName: [36m[Function (anonymous)][39m,
    mockName: [36m[Function (anonymous)][39m,
    mockClear: [36m[Function (anonymous)][39m,
    mockReset: [36m[Function (anonymous)][39m,
    mockRestore: [36m[Function (anonymous)][39m,
    getMockImplementation: [36m[Function (anonymous)][39m,
    mockImplementation: [36m[Function (anonymous)][39m,
    mockImplementationOnce: [36m[Function (anonymous)][39m,
    withImplementation: [36m[Function: withImplementation][39m,
    mockReturnThis: [36m[Function (anonymous)][39m,
    mockReturnValue: [36m[Function (anonymous)][39m,
    mockReturnValueOnce: [36m[Function (anonymous)][39m,
    mockResolvedValue: [36m[Function (anonymous)][39m,
    mockResolvedValueOnce: [36m[Function (anonymous)][39m,
    mockRejectedValue: [36m[Function (anonymous)][39m,
    mockRejectedValueOnce: [36m[Function (anonymous)][39m,
    [[32mSymbol(nodejs.dispose)[39m]: [36m[Function (anonymous)][39m
  },
  setPageSetting: [Function: spy] {
    getMockName: [36m[Function (anonymous)][39m,
    mockName: [36m[Function (anonymous)][39m,
    mockClear: [36m[Function (anonymous)][39m,
    mockReset: [36m[Function (anonymous)][39m,
    mockRestore: [36m[Function (anonymous)][39m,
    getMockImplementation: [36m[Function (anonymous)][39m,
    mockImplementation: [36m[Function (anonymous)][39m,
    mockImplementationOnce: [36m[Function (anonymous)][39m,
    withImplementation: [36m[Function: withImplementation][39m,
    mockReturnThis: [36m[Function (anonymous)][39m,
    mockReturnValue: [36m[Function (anonymous)][39m,
    mockReturnValueOnce: [36m[Function (anonymous)][39m,
    mockResolvedValue: [36m[Function (anonymous)][39m,
    mockResolvedValueOnce: [36m[Function (anonymous)][39m,
    mockRejectedValue: [36m[Function (anonymous)][39m,
    mockRejectedValueOnce: [36m[Function (anonymous)][39m,
    [[32mSymbol(nodejs.dispose)[39m]: [36m[Function (anonymous)][39m
  },
  updateCMSItem: [Function: spy] {
    getMockName: [36m[Function (anonymous)][39m,
    mockName: [36m[Function (anonymous)][39m,
    mockClear: [36m[Function (anonymous)][39m,
    mockReset: [36m[Function (anonymous)][39m,
    mockRestore: [36m[Function (anonymous)][39m,
    getMockImplementation: [36m[Function (anonymous)][39m,
    mockImplementation: [36m[Function (anonymous)][39m,
    mockImplementationOnce: [36m[Function (anonymous)][39m,
    withImplementation: [36m[Function: withImplementation][39m,
    mockReturnThis: [36m[Function (anonymous)][39m,
    mockReturnValue: [36m[Function (anonymous)][39m,
    mockReturnValueOnce: [36m[Function (anonymous)][39m,
    mockResolvedValue: [36m[Function (anonymous)][39m,
    mockResolvedValueOnce: [36m[Function (anonymous)][39m,
    mockRejectedValue: [36m[Function (anonymous)][39m,
    mockRejectedValueOnce: [36m[Function (anonymous)][39m,
    [[32mSymbol(nodejs.dispose)[39m]: [36m[Function (anonymous)][39m
  }
}
[WebflowDesignerDetection] Available webflow properties: [ [32m&apos;getPage&apos;[39m, [32m&apos;setPageSetting&apos;[39m, [32m&apos;updateCMSItem&apos;[39m ]
[WebflowDesignerDetection] Available webflow methods: [ [32m&apos;getPage&apos;[39m, [32m&apos;setPageSetting&apos;[39m, [32m&apos;updateCMSItem&apos;[39m ]
[WebflowDesignerDetection] Method &apos;getPage&apos;: {
  type: [32m&apos;function&apos;[39m,
  length: [33m0[39m,
  name: [32m&apos;spy&apos;[39m,
  toString: [32m&apos;function(...args) {\n&apos;[39m +
    [32m&apos;    let state2 = getInternalState(fn);\n&apos;[39m +
    [32m&apos;    state2.called = !0, state2.callCount++, state2.calls.push(args);\n&apos;[39m +
    [32m&apos;    let next = state2.next.shift();\n&apos;[39m +
    [32m&apos;    if (next) {\n&apos;[39m +
    [32m&apos;      state2.results...&apos;[39m
}
[WebflowDesignerDetection] Method &apos;setPageSetting&apos;: {
  type: [32m&apos;function&apos;[39m,
  length: [33m0[39m,
  name: [32m&apos;spy&apos;[39m,
  toString: [32m&apos;function(...args) {\n&apos;[39m +
    [32m&apos;    let state2 = getInternalState(fn);\n&apos;[39m +
    [32m&apos;    state2.called = !0, state2.callCount++, state2.calls.push(args);\n&apos;[39m +
    [32m&apos;    let next = state2.next.shift();\n&apos;[39m +
    [32m&apos;    if (next) {\n&apos;[39m +
    [32m&apos;      state2.results...&apos;[39m
}
[WebflowDesignerDetection] Method &apos;updateCMSItem&apos;: {
  type: [32m&apos;function&apos;[39m,
  length: [33m0[39m,
  name: [32m&apos;spy&apos;[39m,
  toString: [32m&apos;function(...args) {\n&apos;[39m +
    [32m&apos;    let state2 = getInternalState(fn);\n&apos;[39m +
    [32m&apos;    state2.called = !0, state2.callCount++, state2.calls.push(args);\n&apos;[39m +
    [32m&apos;    let next = state2.next.shift();\n&apos;[39m +
    [32m&apos;    if (next) {\n&apos;[39m +
    [32m&apos;      state2.results...&apos;[39m
}
[WebflowDesignerDetection] Prototype methods: [
  [32m&apos;constructor&apos;[39m,
  [32m&apos;__defineGetter__&apos;[39m,
  [32m&apos;__defineSetter__&apos;[39m,
  [32m&apos;hasOwnProperty&apos;[39m,
  [32m&apos;__lookupGetter__&apos;[39m,
  [32m&apos;__lookupSetter__&apos;[39m,
  [32m&apos;isPrototypeOf&apos;[39m,
  [32m&apos;propertyIsEnumerable&apos;[39m,
  [32m&apos;toString&apos;[39m,
  [32m&apos;valueOf&apos;[39m,
  [32m&apos;__proto__&apos;[39m,
  [32m&apos;toLocaleString&apos;[39m
]
[WebflowDesignerAPI] Detected capabilities: {
  canReadPageInfo: [33mtrue[39m,
  canUpdatePageTitle: [33mtrue[39m,
  canUpdatePageMeta: [33mtrue[39m,
  canUpdatePageSlug: [33mtrue[39m,
  canAddCustomCode: [33mfalse[39m,
  canUpdateCMS: [33mtrue[39m,
  canManipulateElements: [33mfalse[39m,
  canSelectElements: [33mfalse[39m,
  hasElementBuilder: [33mfalse[39m,
  availableMethods: [ [32m&apos;getPage&apos;[39m, [32m&apos;setPageSetting&apos;[39m, [32m&apos;updateCMSItem&apos;[39m ]
}
[WebflowDesignerAPI] Updating page meta description using official API
[WebflowDesignerAPI] description: New Description

            </system-out>
            <system-err>
[WebflowDesignerAPI] Failed to update page meta description: TypeError: window.webflow?.getCurrentPage is not a function
    at WebflowDesignerExtensionAPI.updatePageMetaDescription [90m(C:\Users\Paul Mulligan\PMDS\Projects\AI-SEO-Copilot-for-Webflow\[39mclient\src\lib\webflowDesignerApi.ts:153:58[90m)[39m
    at [90mC:\Users\Paul Mulligan\PMDS\Projects\AI-SEO-Copilot-for-Webflow\[39mclient\src\lib\webflowDesignerApi.test.ts:140:32
    at [90mfile:///C:/Users/Paul%20Mulligan/PMDS/Projects/AI-SEO-Copilot-for-Webflow/[39mnode_modules/[4m.pnpm[24m/@vitest+runner@3.2.4/node_modules/[4m@vitest[24m/runner/dist/chunk-hooks.js:155:11
    at [90mfile:///C:/Users/Paul%20Mulligan/PMDS/Projects/AI-SEO-Copilot-for-Webflow/[39mnode_modules/[4m.pnpm[24m/@vitest+runner@3.2.4/node_modules/[4m@vitest[24m/runner/dist/chunk-hooks.js:752:26
    at [90mfile:///C:/Users/Paul%20Mulligan/PMDS/Projects/AI-SEO-Copilot-for-Webflow/[39mnode_modules/[4m.pnpm[24m/@vitest+runner@3.2.4/node_modules/[4m@vitest[24m/runner/dist/chunk-hooks.js:1897:20
    at new Promise (&lt;anonymous&gt;)
    at runWithTimeout [90m(file:///C:/Users/Paul%20Mulligan/PMDS/Projects/AI-SEO-Copilot-for-Webflow/[39mnode_modules/[4m.pnpm[24m/@vitest+runner@3.2.4/node_modules/[4m@vitest[24m/runner/dist/chunk-hooks.js:1863:10[90m)[39m
    at runTest [90m(file:///C:/Users/Paul%20Mulligan/PMDS/Projects/AI-SEO-Copilot-for-Webflow/[39mnode_modules/[4m.pnpm[24m/@vitest+runner@3.2.4/node_modules/[4m@vitest[24m/runner/dist/chunk-hooks.js:1574:12[90m)[39m
[90m    at processTicksAndRejections (node:internal/process/task_queues:105:5)[39m
    at runSuite [90m(file:///C:/Users/Paul%20Mulligan/PMDS/Projects/AI-SEO-Copilot-for-Webflow/[39mnode_modules/[4m.pnpm[24m/@vitest+runner@3.2.4/node_modules/[4m@vitest[24m/runner/dist/chunk-hooks.js:1729:8[90m)[39m

            </system-err>
            <failure message="window.webflow?.getCurrentPage is not a function" type="TypeError">
TypeError: window.webflow?.getCurrentPage is not a function
 ❯ WebflowDesignerExtensionAPI.updatePageMetaDescription client/src/lib/webflowDesignerApi.ts:153:58
 ❯ client/src/lib/webflowDesignerApi.test.ts:140:32
            </failure>
        </testcase>
        <testcase classname="client/src/lib/webflowDesignerApi.test.ts" name="WebflowDesignerExtensionAPI &gt; API Method Coverage &gt; should handle updatePageSlug correctly" time="0.0021648">
            <system-out>
[WebflowDesignerDetection] === WEBFLOW API INSPECTION ===
[WebflowDesignerDetection] typeof window.webflow: object
[WebflowDesignerDetection] window.webflow: {
  getPage: [Function: spy] {
    getMockName: [36m[Function (anonymous)][39m,
    mockName: [36m[Function (anonymous)][39m,
    mockClear: [36m[Function (anonymous)][39m,
    mockReset: [36m[Function (anonymous)][39m,
    mockRestore: [36m[Function (anonymous)][39m,
    getMockImplementation: [36m[Function (anonymous)][39m,
    mockImplementation: [36m[Function (anonymous)][39m,
    mockImplementationOnce: [36m[Function (anonymous)][39m,
    withImplementation: [36m[Function: withImplementation][39m,
    mockReturnThis: [36m[Function (anonymous)][39m,
    mockReturnValue: [36m[Function (anonymous)][39m,
    mockReturnValueOnce: [36m[Function (anonymous)][39m,
    mockResolvedValue: [36m[Function (anonymous)][39m,
    mockResolvedValueOnce: [36m[Function (anonymous)][39m,
    mockRejectedValue: [36m[Function (anonymous)][39m,
    mockRejectedValueOnce: [36m[Function (anonymous)][39m,
    [[32mSymbol(nodejs.dispose)[39m]: [36m[Function (anonymous)][39m
  },
  setPageSetting: [Function: spy] {
    getMockName: [36m[Function (anonymous)][39m,
    mockName: [36m[Function (anonymous)][39m,
    mockClear: [36m[Function (anonymous)][39m,
    mockReset: [36m[Function (anonymous)][39m,
    mockRestore: [36m[Function (anonymous)][39m,
    getMockImplementation: [36m[Function (anonymous)][39m,
    mockImplementation: [36m[Function (anonymous)][39m,
    mockImplementationOnce: [36m[Function (anonymous)][39m,
    withImplementation: [36m[Function: withImplementation][39m,
    mockReturnThis: [36m[Function (anonymous)][39m,
    mockReturnValue: [36m[Function (anonymous)][39m,
    mockReturnValueOnce: [36m[Function (anonymous)][39m,
    mockResolvedValue: [36m[Function (anonymous)][39m,
    mockResolvedValueOnce: [36m[Function (anonymous)][39m,
    mockRejectedValue: [36m[Function (anonymous)][39m,
    mockRejectedValueOnce: [36m[Function (anonymous)][39m,
    [[32mSymbol(nodejs.dispose)[39m]: [36m[Function (anonymous)][39m
  },
  updateCMSItem: [Function: spy] {
    getMockName: [36m[Function (anonymous)][39m,
    mockName: [36m[Function (anonymous)][39m,
    mockClear: [36m[Function (anonymous)][39m,
    mockReset: [36m[Function (anonymous)][39m,
    mockRestore: [36m[Function (anonymous)][39m,
    getMockImplementation: [36m[Function (anonymous)][39m,
    mockImplementation: [36m[Function (anonymous)][39m,
    mockImplementationOnce: [36m[Function (anonymous)][39m,
    withImplementation: [36m[Function: withImplementation][39m,
    mockReturnThis: [36m[Function (anonymous)][39m,
    mockReturnValue: [36m[Function (anonymous)][39m,
    mockReturnValueOnce: [36m[Function (anonymous)][39m,
    mockResolvedValue: [36m[Function (anonymous)][39m,
    mockResolvedValueOnce: [36m[Function (anonymous)][39m,
    mockRejectedValue: [36m[Function (anonymous)][39m,
    mockRejectedValueOnce: [36m[Function (anonymous)][39m,
    [[32mSymbol(nodejs.dispose)[39m]: [36m[Function (anonymous)][39m
  }
}
[WebflowDesignerDetection] Available webflow properties: [ [32m&apos;getPage&apos;[39m, [32m&apos;setPageSetting&apos;[39m, [32m&apos;updateCMSItem&apos;[39m ]
[WebflowDesignerDetection] Available webflow methods: [ [32m&apos;getPage&apos;[39m, [32m&apos;setPageSetting&apos;[39m, [32m&apos;updateCMSItem&apos;[39m ]
[WebflowDesignerDetection] Method &apos;getPage&apos;: {
  type: [32m&apos;function&apos;[39m,
  length: [33m0[39m,
  name: [32m&apos;spy&apos;[39m,
  toString: [32m&apos;function(...args) {\n&apos;[39m +
    [32m&apos;    let state2 = getInternalState(fn);\n&apos;[39m +
    [32m&apos;    state2.called = !0, state2.callCount++, state2.calls.push(args);\n&apos;[39m +
    [32m&apos;    let next = state2.next.shift();\n&apos;[39m +
    [32m&apos;    if (next) {\n&apos;[39m +
    [32m&apos;      state2.results...&apos;[39m
}
[WebflowDesignerDetection] Method &apos;setPageSetting&apos;: {
  type: [32m&apos;function&apos;[39m,
  length: [33m0[39m,
  name: [32m&apos;spy&apos;[39m,
  toString: [32m&apos;function(...args) {\n&apos;[39m +
    [32m&apos;    let state2 = getInternalState(fn);\n&apos;[39m +
    [32m&apos;    state2.called = !0, state2.callCount++, state2.calls.push(args);\n&apos;[39m +
    [32m&apos;    let next = state2.next.shift();\n&apos;[39m +
    [32m&apos;    if (next) {\n&apos;[39m +
    [32m&apos;      state2.results...&apos;[39m
}
[WebflowDesignerDetection] Method &apos;updateCMSItem&apos;: {
  type: [32m&apos;function&apos;[39m,
  length: [33m0[39m,
  name: [32m&apos;spy&apos;[39m,
  toString: [32m&apos;function(...args) {\n&apos;[39m +
    [32m&apos;    let state2 = getInternalState(fn);\n&apos;[39m +
    [32m&apos;    state2.called = !0, state2.callCount++, state2.calls.push(args);\n&apos;[39m +
    [32m&apos;    let next = state2.next.shift();\n&apos;[39m +
    [32m&apos;    if (next) {\n&apos;[39m +
    [32m&apos;      state2.results...&apos;[39m
}
[WebflowDesignerDetection] Prototype methods: [
  [32m&apos;constructor&apos;[39m,
  [32m&apos;__defineGetter__&apos;[39m,
  [32m&apos;__defineSetter__&apos;[39m,
  [32m&apos;hasOwnProperty&apos;[39m,
  [32m&apos;__lookupGetter__&apos;[39m,
  [32m&apos;__lookupSetter__&apos;[39m,
  [32m&apos;isPrototypeOf&apos;[39m,
  [32m&apos;propertyIsEnumerable&apos;[39m,
  [32m&apos;toString&apos;[39m,
  [32m&apos;valueOf&apos;[39m,
  [32m&apos;__proto__&apos;[39m,
  [32m&apos;toLocaleString&apos;[39m
]
[WebflowDesignerAPI] Detected capabilities: {
  canReadPageInfo: [33mtrue[39m,
  canUpdatePageTitle: [33mtrue[39m,
  canUpdatePageMeta: [33mtrue[39m,
  canUpdatePageSlug: [33mtrue[39m,
  canAddCustomCode: [33mfalse[39m,
  canUpdateCMS: [33mtrue[39m,
  canManipulateElements: [33mfalse[39m,
  canSelectElements: [33mfalse[39m,
  hasElementBuilder: [33mfalse[39m,
  availableMethods: [ [32m&apos;getPage&apos;[39m, [32m&apos;setPageSetting&apos;[39m, [32m&apos;updateCMSItem&apos;[39m ]
}
[WebflowDesignerAPI] Updating page slug using official API
[WebflowDesignerAPI] slug: new-slug

            </system-out>
            <system-err>
[WebflowDesignerAPI] Failed to update page slug: TypeError: window.webflow?.getCurrentPage is not a function
    at WebflowDesignerExtensionAPI.updatePageSlug [90m(C:\Users\Paul Mulligan\PMDS\Projects\AI-SEO-Copilot-for-Webflow\[39mclient\src\lib\webflowDesignerApi.ts:180:58[90m)[39m
    at [90mC:\Users\Paul Mulligan\PMDS\Projects\AI-SEO-Copilot-for-Webflow\[39mclient\src\lib\webflowDesignerApi.test.ts:150:32
    at [90mfile:///C:/Users/Paul%20Mulligan/PMDS/Projects/AI-SEO-Copilot-for-Webflow/[39mnode_modules/[4m.pnpm[24m/@vitest+runner@3.2.4/node_modules/[4m@vitest[24m/runner/dist/chunk-hooks.js:155:11
    at [90mfile:///C:/Users/Paul%20Mulligan/PMDS/Projects/AI-SEO-Copilot-for-Webflow/[39mnode_modules/[4m.pnpm[24m/@vitest+runner@3.2.4/node_modules/[4m@vitest[24m/runner/dist/chunk-hooks.js:752:26
    at [90mfile:///C:/Users/Paul%20Mulligan/PMDS/Projects/AI-SEO-Copilot-for-Webflow/[39mnode_modules/[4m.pnpm[24m/@vitest+runner@3.2.4/node_modules/[4m@vitest[24m/runner/dist/chunk-hooks.js:1897:20
    at new Promise (&lt;anonymous&gt;)
    at runWithTimeout [90m(file:///C:/Users/Paul%20Mulligan/PMDS/Projects/AI-SEO-Copilot-for-Webflow/[39mnode_modules/[4m.pnpm[24m/@vitest+runner@3.2.4/node_modules/[4m@vitest[24m/runner/dist/chunk-hooks.js:1863:10[90m)[39m
    at runTest [90m(file:///C:/Users/Paul%20Mulligan/PMDS/Projects/AI-SEO-Copilot-for-Webflow/[39mnode_modules/[4m.pnpm[24m/@vitest+runner@3.2.4/node_modules/[4m@vitest[24m/runner/dist/chunk-hooks.js:1574:12[90m)[39m
[90m    at processTicksAndRejections (node:internal/process/task_queues:105:5)[39m
    at runSuite [90m(file:///C:/Users/Paul%20Mulligan/PMDS/Projects/AI-SEO-Copilot-for-Webflow/[39mnode_modules/[4m.pnpm[24m/@vitest+runner@3.2.4/node_modules/[4m@vitest[24m/runner/dist/chunk-hooks.js:1729:8[90m)[39m

            </system-err>
            <failure message="window.webflow?.getCurrentPage is not a function" type="TypeError">
TypeError: window.webflow?.getCurrentPage is not a function
 ❯ WebflowDesignerExtensionAPI.updatePageSlug client/src/lib/webflowDesignerApi.ts:180:58
 ❯ client/src/lib/webflowDesignerApi.test.ts:150:32
            </failure>
        </testcase>
        <testcase classname="client/src/lib/webflowDesignerApi.test.ts" name="WebflowDesignerExtensionAPI &gt; API Method Coverage &gt; should handle addCustomCode correctly" time="0.0054642">
            <system-out>
[WebflowDesignerDetection] === WEBFLOW API INSPECTION ===
[WebflowDesignerDetection] typeof window.webflow: object
[WebflowDesignerDetection] window.webflow: {
  getPage: [Function: spy] {
    getMockName: [36m[Function (anonymous)][39m,
    mockName: [36m[Function (anonymous)][39m,
    mockClear: [36m[Function (anonymous)][39m,
    mockReset: [36m[Function (anonymous)][39m,
    mockRestore: [36m[Function (anonymous)][39m,
    getMockImplementation: [36m[Function (anonymous)][39m,
    mockImplementation: [36m[Function (anonymous)][39m,
    mockImplementationOnce: [36m[Function (anonymous)][39m,
    withImplementation: [36m[Function: withImplementation][39m,
    mockReturnThis: [36m[Function (anonymous)][39m,
    mockReturnValue: [36m[Function (anonymous)][39m,
    mockReturnValueOnce: [36m[Function (anonymous)][39m,
    mockResolvedValue: [36m[Function (anonymous)][39m,
    mockResolvedValueOnce: [36m[Function (anonymous)][39m,
    mockRejectedValue: [36m[Function (anonymous)][39m,
    mockRejectedValueOnce: [36m[Function (anonymous)][39m,
    [[32mSymbol(nodejs.dispose)[39m]: [36m[Function (anonymous)][39m
  },
  setPageSetting: [Function: spy] {
    getMockName: [36m[Function (anonymous)][39m,
    mockName: [36m[Function (anonymous)][39m,
    mockClear: [36m[Function (anonymous)][39m,
    mockReset: [36m[Function (anonymous)][39m,
    mockRestore: [36m[Function (anonymous)][39m,
    getMockImplementation: [36m[Function (anonymous)][39m,
    mockImplementation: [36m[Function (anonymous)][39m,
    mockImplementationOnce: [36m[Function (anonymous)][39m,
    withImplementation: [36m[Function: withImplementation][39m,
    mockReturnThis: [36m[Function (anonymous)][39m,
    mockReturnValue: [36m[Function (anonymous)][39m,
    mockReturnValueOnce: [36m[Function (anonymous)][39m,
    mockResolvedValue: [36m[Function (anonymous)][39m,
    mockResolvedValueOnce: [36m[Function (anonymous)][39m,
    mockRejectedValue: [36m[Function (anonymous)][39m,
    mockRejectedValueOnce: [36m[Function (anonymous)][39m,
    [[32mSymbol(nodejs.dispose)[39m]: [36m[Function (anonymous)][39m
  },
  updateCMSItem: [Function: spy] {
    getMockName: [36m[Function (anonymous)][39m,
    mockName: [36m[Function (anonymous)][39m,
    mockClear: [36m[Function (anonymous)][39m,
    mockReset: [36m[Function (anonymous)][39m,
    mockRestore: [36m[Function (anonymous)][39m,
    getMockImplementation: [36m[Function (anonymous)][39m,
    mockImplementation: [36m[Function (anonymous)][39m,
    mockImplementationOnce: [36m[Function (anonymous)][39m,
    withImplementation: [36m[Function: withImplementation][39m,
    mockReturnThis: [36m[Function (anonymous)][39m,
    mockReturnValue: [36m[Function (anonymous)][39m,
    mockReturnValueOnce: [36m[Function (anonymous)][39m,
    mockResolvedValue: [36m[Function (anonymous)][39m,
    mockResolvedValueOnce: [36m[Function (anonymous)][39m,
    mockRejectedValue: [36m[Function (anonymous)][39m,
    mockRejectedValueOnce: [36m[Function (anonymous)][39m,
    [[32mSymbol(nodejs.dispose)[39m]: [36m[Function (anonymous)][39m
  }
}
[WebflowDesignerDetection] Available webflow properties: [ [32m&apos;getPage&apos;[39m, [32m&apos;setPageSetting&apos;[39m, [32m&apos;updateCMSItem&apos;[39m ]
[WebflowDesignerDetection] Available webflow methods: [ [32m&apos;getPage&apos;[39m, [32m&apos;setPageSetting&apos;[39m, [32m&apos;updateCMSItem&apos;[39m ]
[WebflowDesignerDetection] Method &apos;getPage&apos;: {
  type: [32m&apos;function&apos;[39m,
  length: [33m0[39m,
  name: [32m&apos;spy&apos;[39m,
  toString: [32m&apos;function(...args) {\n&apos;[39m +
    [32m&apos;    let state2 = getInternalState(fn);\n&apos;[39m +
    [32m&apos;    state2.called = !0, state2.callCount++, state2.calls.push(args);\n&apos;[39m +
    [32m&apos;    let next = state2.next.shift();\n&apos;[39m +
    [32m&apos;    if (next) {\n&apos;[39m +
    [32m&apos;      state2.results...&apos;[39m
}
[WebflowDesignerDetection] Method &apos;setPageSetting&apos;: {
  type: [32m&apos;function&apos;[39m,
  length: [33m0[39m,
  name: [32m&apos;spy&apos;[39m,
  toString: [32m&apos;function(...args) {\n&apos;[39m +
    [32m&apos;    let state2 = getInternalState(fn);\n&apos;[39m +
    [32m&apos;    state2.called = !0, state2.callCount++, state2.calls.push(args);\n&apos;[39m +
    [32m&apos;    let next = state2.next.shift();\n&apos;[39m +
    [32m&apos;    if (next) {\n&apos;[39m +
    [32m&apos;      state2.results...&apos;[39m
}
[WebflowDesignerDetection] Method &apos;updateCMSItem&apos;: {
  type: [32m&apos;function&apos;[39m,
  length: [33m0[39m,
  name: [32m&apos;spy&apos;[39m,
  toString: [32m&apos;function(...args) {\n&apos;[39m +
    [32m&apos;    let state2 = getInternalState(fn);\n&apos;[39m +
    [32m&apos;    state2.called = !0, state2.callCount++, state2.calls.push(args);\n&apos;[39m +
    [32m&apos;    let next = state2.next.shift();\n&apos;[39m +
    [32m&apos;    if (next) {\n&apos;[39m +
    [32m&apos;      state2.results...&apos;[39m
}
[WebflowDesignerDetection] Prototype methods: [
  [32m&apos;constructor&apos;[39m,
  [32m&apos;__defineGetter__&apos;[39m,
  [32m&apos;__defineSetter__&apos;[39m,
  [32m&apos;hasOwnProperty&apos;[39m,
  [32m&apos;__lookupGetter__&apos;[39m,
  [32m&apos;__lookupSetter__&apos;[39m,
  [32m&apos;isPrototypeOf&apos;[39m,
  [32m&apos;propertyIsEnumerable&apos;[39m,
  [32m&apos;toString&apos;[39m,
  [32m&apos;valueOf&apos;[39m,
  [32m&apos;__proto__&apos;[39m,
  [32m&apos;toLocaleString&apos;[39m
]
[WebflowDesignerAPI] Detected capabilities: {
  canReadPageInfo: [33mtrue[39m,
  canUpdatePageTitle: [33mtrue[39m,
  canUpdatePageMeta: [33mtrue[39m,
  canUpdatePageSlug: [33mtrue[39m,
  canAddCustomCode: [33mfalse[39m,
  canUpdateCMS: [33mtrue[39m,
  canManipulateElements: [33mfalse[39m,
  canSelectElements: [33mfalse[39m,
  hasElementBuilder: [33mfalse[39m,
  availableMethods: [ [32m&apos;getPage&apos;[39m, [32m&apos;setPageSetting&apos;[39m, [32m&apos;updateCMSItem&apos;[39m ]
}
[WebflowDesignerAPI] Waiting for API to be ready...

[WebflowDesignerDetection] Designer API is ready

[WebflowDesignerAPI] API is ready

[WebflowDesignerAPI] Successfully added custom code to: head

            </system-out>
        </testcase>
        <testcase classname="client/src/lib/webflowDesignerApi.test.ts" name="WebflowDesignerExtensionAPI &gt; API Method Coverage &gt; should handle updateCMSField correctly" time="0.0023045">
            <system-out>
[WebflowDesignerDetection] === WEBFLOW API INSPECTION ===
[WebflowDesignerDetection] typeof window.webflow: object
[WebflowDesignerDetection] window.webflow: {
  getPage: [Function: spy] {
    getMockName: [36m[Function (anonymous)][39m,
    mockName: [36m[Function (anonymous)][39m,
    mockClear: [36m[Function (anonymous)][39m,
    mockReset: [36m[Function (anonymous)][39m,
    mockRestore: [36m[Function (anonymous)][39m,
    getMockImplementation: [36m[Function (anonymous)][39m,
    mockImplementation: [36m[Function (anonymous)][39m,
    mockImplementationOnce: [36m[Function (anonymous)][39m,
    withImplementation: [36m[Function: withImplementation][39m,
    mockReturnThis: [36m[Function (anonymous)][39m,
    mockReturnValue: [36m[Function (anonymous)][39m,
    mockReturnValueOnce: [36m[Function (anonymous)][39m,
    mockResolvedValue: [36m[Function (anonymous)][39m,
    mockResolvedValueOnce: [36m[Function (anonymous)][39m,
    mockRejectedValue: [36m[Function (anonymous)][39m,
    mockRejectedValueOnce: [36m[Function (anonymous)][39m,
    [[32mSymbol(nodejs.dispose)[39m]: [36m[Function (anonymous)][39m
  },
  setPageSetting: [Function: spy] {
    getMockName: [36m[Function (anonymous)][39m,
    mockName: [36m[Function (anonymous)][39m,
    mockClear: [36m[Function (anonymous)][39m,
    mockReset: [36m[Function (anonymous)][39m,
    mockRestore: [36m[Function (anonymous)][39m,
    getMockImplementation: [36m[Function (anonymous)][39m,
    mockImplementation: [36m[Function (anonymous)][39m,
    mockImplementationOnce: [36m[Function (anonymous)][39m,
    withImplementation: [36m[Function: withImplementation][39m,
    mockReturnThis: [36m[Function (anonymous)][39m,
    mockReturnValue: [36m[Function (anonymous)][39m,
    mockReturnValueOnce: [36m[Function (anonymous)][39m,
    mockResolvedValue: [36m[Function (anonymous)][39m,
    mockResolvedValueOnce: [36m[Function (anonymous)][39m,
    mockRejectedValue: [36m[Function (anonymous)][39m,
    mockRejectedValueOnce: [36m[Function (anonymous)][39m,
    [[32mSymbol(nodejs.dispose)[39m]: [36m[Function (anonymous)][39m
  },
  updateCMSItem: [Function: spy] {
    getMockName: [36m[Function (anonymous)][39m,
    mockName: [36m[Function (anonymous)][39m,
    mockClear: [36m[Function (anonymous)][39m,
    mockReset: [36m[Function (anonymous)][39m,
    mockRestore: [36m[Function (anonymous)][39m,
    getMockImplementation: [36m[Function (anonymous)][39m,
    mockImplementation: [36m[Function (anonymous)][39m,
    mockImplementationOnce: [36m[Function (anonymous)][39m,
    withImplementation: [36m[Function: withImplementation][39m,
    mockReturnThis: [36m[Function (anonymous)][39m,
    mockReturnValue: [36m[Function (anonymous)][39m,
    mockReturnValueOnce: [36m[Function (anonymous)][39m,
    mockResolvedValue: [36m[Function (anonymous)][39m,
    mockResolvedValueOnce: [36m[Function (anonymous)][39m,
    mockRejectedValue: [36m[Function (anonymous)][39m,
    mockRejectedValueOnce: [36m[Function (anonymous)][39m,
    [[32mSymbol(nodejs.dispose)[39m]: [36m[Function (anonymous)][39m
  }
}
[WebflowDesignerDetection] Available webflow properties: [ [32m&apos;getPage&apos;[39m, [32m&apos;setPageSetting&apos;[39m, [32m&apos;updateCMSItem&apos;[39m ]
[WebflowDesignerDetection] Available webflow methods: [ [32m&apos;getPage&apos;[39m, [32m&apos;setPageSetting&apos;[39m, [32m&apos;updateCMSItem&apos;[39m ]
[WebflowDesignerDetection] Method &apos;getPage&apos;: {
  type: [32m&apos;function&apos;[39m,
  length: [33m0[39m,
  name: [32m&apos;spy&apos;[39m,
  toString: [32m&apos;function(...args) {\n&apos;[39m +
    [32m&apos;    let state2 = getInternalState(fn);\n&apos;[39m +
    [32m&apos;    state2.called = !0, state2.callCount++, state2.calls.push(args);\n&apos;[39m +
    [32m&apos;    let next = state2.next.shift();\n&apos;[39m +
    [32m&apos;    if (next) {\n&apos;[39m +
    [32m&apos;      state2.results...&apos;[39m
}
[WebflowDesignerDetection] Method &apos;setPageSetting&apos;: {
  type: [32m&apos;function&apos;[39m,
  length: [33m0[39m,
  name: [32m&apos;spy&apos;[39m,
  toString: [32m&apos;function(...args) {\n&apos;[39m +
    [32m&apos;    let state2 = getInternalState(fn);\n&apos;[39m +
    [32m&apos;    state2.called = !0, state2.callCount++, state2.calls.push(args);\n&apos;[39m +
    [32m&apos;    let next = state2.next.shift();\n&apos;[39m +
    [32m&apos;    if (next) {\n&apos;[39m +
    [32m&apos;      state2.results...&apos;[39m
}
[WebflowDesignerDetection] Method &apos;updateCMSItem&apos;: {
  type: [32m&apos;function&apos;[39m,
  length: [33m0[39m,
  name: [32m&apos;spy&apos;[39m,
  toString: [32m&apos;function(...args) {\n&apos;[39m +
    [32m&apos;    let state2 = getInternalState(fn);\n&apos;[39m +
    [32m&apos;    state2.called = !0, state2.callCount++, state2.calls.push(args);\n&apos;[39m +
    [32m&apos;    let next = state2.next.shift();\n&apos;[39m +
    [32m&apos;    if (next) {\n&apos;[39m +
    [32m&apos;      state2.results...&apos;[39m
}
[WebflowDesignerDetection] Prototype methods: [
  [32m&apos;constructor&apos;[39m,
  [32m&apos;__defineGetter__&apos;[39m,
  [32m&apos;__defineSetter__&apos;[39m,
  [32m&apos;hasOwnProperty&apos;[39m,
  [32m&apos;__lookupGetter__&apos;[39m,
  [32m&apos;__lookupSetter__&apos;[39m,
  [32m&apos;isPrototypeOf&apos;[39m,
  [32m&apos;propertyIsEnumerable&apos;[39m,
  [32m&apos;toString&apos;[39m,
  [32m&apos;valueOf&apos;[39m,
  [32m&apos;__proto__&apos;[39m,
  [32m&apos;toLocaleString&apos;[39m
]
[WebflowDesignerAPI] Detected capabilities: {
  canReadPageInfo: [33mtrue[39m,
  canUpdatePageTitle: [33mtrue[39m,
  canUpdatePageMeta: [33mtrue[39m,
  canUpdatePageSlug: [33mtrue[39m,
  canAddCustomCode: [33mfalse[39m,
  canUpdateCMS: [33mtrue[39m,
  canManipulateElements: [33mfalse[39m,
  canSelectElements: [33mfalse[39m,
  hasElementBuilder: [33mfalse[39m,
  availableMethods: [ [32m&apos;getPage&apos;[39m, [32m&apos;setPageSetting&apos;[39m, [32m&apos;updateCMSItem&apos;[39m ]
}
[WebflowDesignerAPI] Waiting for API to be ready...

[WebflowDesignerDetection] Designer API is ready

[WebflowDesignerAPI] API is ready

[WebflowDesignerAPI] Successfully updated CMS field: { itemId: [32m&apos;item-123&apos;[39m, fieldId: [32m&apos;field-456&apos;[39m, value: [32m&apos;New Value&apos;[39m }

            </system-out>
        </testcase>
    </testsuite>
    <testsuite name="client/src/lib/webflowDesignerApiDetection.test.ts" timestamp="2025-10-09T00:10:01.972Z" hostname="JohnDee" tests="10" failures="0" errors="0" skipped="0" time="0.5459951">
        <testcase classname="client/src/lib/webflowDesignerApiDetection.test.ts" name="Webflow Designer API Detection &gt; detectWebflowDesignerCapabilities &gt; should detect no capabilities when webflow object is missing" time="0.0047552">
            <system-out>
[WebflowDesignerDetection] No window.webflow object found

            </system-out>
        </testcase>
        <testcase classname="client/src/lib/webflowDesignerApiDetection.test.ts" name="Webflow Designer API Detection &gt; detectWebflowDesignerCapabilities &gt; should detect read capabilities when getCurrentPage is available" time="0.0030111">
            <system-out>
[WebflowDesignerDetection] === WEBFLOW API INSPECTION ===
[WebflowDesignerDetection] typeof window.webflow: object
[WebflowDesignerDetection] window.webflow: {
  getCurrentPage: [Function: spy] {
    getMockName: [36m[Function (anonymous)][39m,
    mockName: [36m[Function (anonymous)][39m,
    mockClear: [36m[Function (anonymous)][39m,
    mockReset: [36m[Function (anonymous)][39m,
    mockRestore: [36m[Function (anonymous)][39m,
    getMockImplementation: [36m[Function (anonymous)][39m,
    mockImplementation: [36m[Function (anonymous)][39m,
    mockImplementationOnce: [36m[Function (anonymous)][39m,
    withImplementation: [36m[Function: withImplementation][39m,
    mockReturnThis: [36m[Function (anonymous)][39m,
    mockReturnValue: [36m[Function (anonymous)][39m,
    mockReturnValueOnce: [36m[Function (anonymous)][39m,
    mockResolvedValue: [36m[Function (anonymous)][39m,
    mockResolvedValueOnce: [36m[Function (anonymous)][39m,
    mockRejectedValue: [36m[Function (anonymous)][39m,
    mockRejectedValueOnce: [36m[Function (anonymous)][39m,
    [[32mSymbol(nodejs.dispose)[39m]: [36m[Function (anonymous)][39m
  }
}
[WebflowDesignerDetection] Available webflow properties: [ [32m&apos;getCurrentPage&apos;[39m ]
[WebflowDesignerDetection] Available webflow methods: [ [32m&apos;getCurrentPage&apos;[39m ]
[WebflowDesignerDetection] Method &apos;getCurrentPage&apos;: {
  type: [32m&apos;function&apos;[39m,
  length: [33m0[39m,
  name: [32m&apos;spy&apos;[39m,
  toString: [32m&apos;function(...args) {\n&apos;[39m +
    [32m&apos;    let state2 = getInternalState(fn);\n&apos;[39m +
    [32m&apos;    state2.called = !0, state2.callCount++, state2.calls.push(args);\n&apos;[39m +
    [32m&apos;    let next = state2.next.shift();\n&apos;[39m +
    [32m&apos;    if (next) {\n&apos;[39m +
    [32m&apos;      state2.results...&apos;[39m
}
[WebflowDesignerDetection] Prototype methods: [
  [32m&apos;constructor&apos;[39m,
  [32m&apos;__defineGetter__&apos;[39m,
  [32m&apos;__defineSetter__&apos;[39m,
  [32m&apos;hasOwnProperty&apos;[39m,
  [32m&apos;__lookupGetter__&apos;[39m,
  [32m&apos;__lookupSetter__&apos;[39m,
  [32m&apos;isPrototypeOf&apos;[39m,
  [32m&apos;propertyIsEnumerable&apos;[39m,
  [32m&apos;toString&apos;[39m,
  [32m&apos;valueOf&apos;[39m,
  [32m&apos;__proto__&apos;[39m,
  [32m&apos;toLocaleString&apos;[39m
]

            </system-out>
        </testcase>
        <testcase classname="client/src/lib/webflowDesignerApiDetection.test.ts" name="Webflow Designer API Detection &gt; detectWebflowDesignerCapabilities &gt; should detect update capabilities when setPageSetting is available" time="0.0016024">
            <system-out>
[WebflowDesignerDetection] === WEBFLOW API INSPECTION ===
[WebflowDesignerDetection] typeof window.webflow: object
[WebflowDesignerDetection] window.webflow: {
  setPageSetting: [Function: spy] {
    getMockName: [36m[Function (anonymous)][39m,
    mockName: [36m[Function (anonymous)][39m,
    mockClear: [36m[Function (anonymous)][39m,
    mockReset: [36m[Function (anonymous)][39m,
    mockRestore: [36m[Function (anonymous)][39m,
    getMockImplementation: [36m[Function (anonymous)][39m,
    mockImplementation: [36m[Function (anonymous)][39m,
    mockImplementationOnce: [36m[Function (anonymous)][39m,
    withImplementation: [36m[Function: withImplementation][39m,
    mockReturnThis: [36m[Function (anonymous)][39m,
    mockReturnValue: [36m[Function (anonymous)][39m,
    mockReturnValueOnce: [36m[Function (anonymous)][39m,
    mockResolvedValue: [36m[Function (anonymous)][39m,
    mockResolvedValueOnce: [36m[Function (anonymous)][39m,
    mockRejectedValue: [36m[Function (anonymous)][39m,
    mockRejectedValueOnce: [36m[Function (anonymous)][39m,
    [[32mSymbol(nodejs.dispose)[39m]: [36m[Function (anonymous)][39m
  },
  getCurrentPage: [Function: spy] {
    getMockName: [36m[Function (anonymous)][39m,
    mockName: [36m[Function (anonymous)][39m,
    mockClear: [36m[Function (anonymous)][39m,
    mockReset: [36m[Function (anonymous)][39m,
    mockRestore: [36m[Function (anonymous)][39m,
    getMockImplementation: [36m[Function (anonymous)][39m,
    mockImplementation: [36m[Function (anonymous)][39m,
    mockImplementationOnce: [36m[Function (anonymous)][39m,
    withImplementation: [36m[Function: withImplementation][39m,
    mockReturnThis: [36m[Function (anonymous)][39m,
    mockReturnValue: [36m[Function (anonymous)][39m,
    mockReturnValueOnce: [36m[Function (anonymous)][39m,
    mockResolvedValue: [36m[Function (anonymous)][39m,
    mockResolvedValueOnce: [36m[Function (anonymous)][39m,
    mockRejectedValue: [36m[Function (anonymous)][39m,
    mockRejectedValueOnce: [36m[Function (anonymous)][39m,
    [[32mSymbol(nodejs.dispose)[39m]: [36m[Function (anonymous)][39m
  }
}
[WebflowDesignerDetection] Available webflow properties: [ [32m&apos;setPageSetting&apos;[39m, [32m&apos;getCurrentPage&apos;[39m ]
[WebflowDesignerDetection] Available webflow methods: [ [32m&apos;setPageSetting&apos;[39m, [32m&apos;getCurrentPage&apos;[39m ]
[WebflowDesignerDetection] Method &apos;setPageSetting&apos;: {
  type: [32m&apos;function&apos;[39m,
  length: [33m0[39m,
  name: [32m&apos;spy&apos;[39m,
  toString: [32m&apos;function(...args) {\n&apos;[39m +
    [32m&apos;    let state2 = getInternalState(fn);\n&apos;[39m +
    [32m&apos;    state2.called = !0, state2.callCount++, state2.calls.push(args);\n&apos;[39m +
    [32m&apos;    let next = state2.next.shift();\n&apos;[39m +
    [32m&apos;    if (next) {\n&apos;[39m +
    [32m&apos;      state2.results...&apos;[39m
}
[WebflowDesignerDetection] Method &apos;getCurrentPage&apos;: {
  type: [32m&apos;function&apos;[39m,
  length: [33m0[39m,
  name: [32m&apos;spy&apos;[39m,
  toString: [32m&apos;function(...args) {\n&apos;[39m +
    [32m&apos;    let state2 = getInternalState(fn);\n&apos;[39m +
    [32m&apos;    state2.called = !0, state2.callCount++, state2.calls.push(args);\n&apos;[39m +
    [32m&apos;    let next = state2.next.shift();\n&apos;[39m +
    [32m&apos;    if (next) {\n&apos;[39m +
    [32m&apos;      state2.results...&apos;[39m
}
[WebflowDesignerDetection] Prototype methods: [
  [32m&apos;constructor&apos;[39m,
  [32m&apos;__defineGetter__&apos;[39m,
  [32m&apos;__defineSetter__&apos;[39m,
  [32m&apos;hasOwnProperty&apos;[39m,
  [32m&apos;__lookupGetter__&apos;[39m,
  [32m&apos;__lookupSetter__&apos;[39m,
  [32m&apos;isPrototypeOf&apos;[39m,
  [32m&apos;propertyIsEnumerable&apos;[39m,
  [32m&apos;toString&apos;[39m,
  [32m&apos;valueOf&apos;[39m,
  [32m&apos;__proto__&apos;[39m,
  [32m&apos;toLocaleString&apos;[39m
]

            </system-out>
        </testcase>
        <testcase classname="client/src/lib/webflowDesignerApiDetection.test.ts" name="Webflow Designer API Detection &gt; detectWebflowDesignerCapabilities &gt; should detect custom code capabilities when addCustomCode is available" time="0.0013209">
            <system-out>
[WebflowDesignerDetection] === WEBFLOW API INSPECTION ===
[WebflowDesignerDetection] typeof window.webflow: object
[WebflowDesignerDetection] window.webflow: {
  addCustomCode: [Function: spy] {
    getMockName: [36m[Function (anonymous)][39m,
    mockName: [36m[Function (anonymous)][39m,
    mockClear: [36m[Function (anonymous)][39m,
    mockReset: [36m[Function (anonymous)][39m,
    mockRestore: [36m[Function (anonymous)][39m,
    getMockImplementation: [36m[Function (anonymous)][39m,
    mockImplementation: [36m[Function (anonymous)][39m,
    mockImplementationOnce: [36m[Function (anonymous)][39m,
    withImplementation: [36m[Function: withImplementation][39m,
    mockReturnThis: [36m[Function (anonymous)][39m,
    mockReturnValue: [36m[Function (anonymous)][39m,
    mockReturnValueOnce: [36m[Function (anonymous)][39m,
    mockResolvedValue: [36m[Function (anonymous)][39m,
    mockResolvedValueOnce: [36m[Function (anonymous)][39m,
    mockRejectedValue: [36m[Function (anonymous)][39m,
    mockRejectedValueOnce: [36m[Function (anonymous)][39m,
    [[32mSymbol(nodejs.dispose)[39m]: [36m[Function (anonymous)][39m
  }
}
[WebflowDesignerDetection] Available webflow properties: [ [32m&apos;addCustomCode&apos;[39m ]
[WebflowDesignerDetection] Available webflow methods: [ [32m&apos;addCustomCode&apos;[39m ]
[WebflowDesignerDetection] Method &apos;addCustomCode&apos;: {
  type: [32m&apos;function&apos;[39m,
  length: [33m0[39m,
  name: [32m&apos;spy&apos;[39m,
  toString: [32m&apos;function(...args) {\n&apos;[39m +
    [32m&apos;    let state2 = getInternalState(fn);\n&apos;[39m +
    [32m&apos;    state2.called = !0, state2.callCount++, state2.calls.push(args);\n&apos;[39m +
    [32m&apos;    let next = state2.next.shift();\n&apos;[39m +
    [32m&apos;    if (next) {\n&apos;[39m +
    [32m&apos;      state2.results...&apos;[39m
}
[WebflowDesignerDetection] Prototype methods: [
  [32m&apos;constructor&apos;[39m,
  [32m&apos;__defineGetter__&apos;[39m,
  [32m&apos;__defineSetter__&apos;[39m,
  [32m&apos;hasOwnProperty&apos;[39m,
  [32m&apos;__lookupGetter__&apos;[39m,
  [32m&apos;__lookupSetter__&apos;[39m,
  [32m&apos;isPrototypeOf&apos;[39m,
  [32m&apos;propertyIsEnumerable&apos;[39m,
  [32m&apos;toString&apos;[39m,
  [32m&apos;valueOf&apos;[39m,
  [32m&apos;__proto__&apos;[39m,
  [32m&apos;toLocaleString&apos;[39m
]

            </system-out>
        </testcase>
        <testcase classname="client/src/lib/webflowDesignerApiDetection.test.ts" name="Webflow Designer API Detection &gt; testWebflowDesignerConnection &gt; should return failure when webflow object is missing" time="0.0009">
        </testcase>
        <testcase classname="client/src/lib/webflowDesignerApiDetection.test.ts" name="Webflow Designer API Detection &gt; testWebflowDesignerConnection &gt; should return success when can get page info" time="0.0012434">
        </testcase>
        <testcase classname="client/src/lib/webflowDesignerApiDetection.test.ts" name="Webflow Designer API Detection &gt; testWebflowDesignerConnection &gt; should fallback to getPage if getCurrentPage fails" time="0.0014691">
            <system-out>
[WebflowDesignerDetection] getCurrentPage failed: Error: Not available
    at [90mC:\Users\Paul Mulligan\PMDS\Projects\AI-SEO-Copilot-for-Webflow\[39mclient\src\lib\webflowDesignerApiDetection.test.ts:102:53
    at [90mfile:///C:/Users/Paul%20Mulligan/PMDS/Projects/AI-SEO-Copilot-for-Webflow/[39mnode_modules/[4m.pnpm[24m/@vitest+runner@3.2.4/node_modules/[4m@vitest[24m/runner/dist/chunk-hooks.js:155:11
    at [90mfile:///C:/Users/Paul%20Mulligan/PMDS/Projects/AI-SEO-Copilot-for-Webflow/[39mnode_modules/[4m.pnpm[24m/@vitest+runner@3.2.4/node_modules/[4m@vitest[24m/runner/dist/chunk-hooks.js:752:26
    at [90mfile:///C:/Users/Paul%20Mulligan/PMDS/Projects/AI-SEO-Copilot-for-Webflow/[39mnode_modules/[4m.pnpm[24m/@vitest+runner@3.2.4/node_modules/[4m@vitest[24m/runner/dist/chunk-hooks.js:1897:20
    at new Promise (&lt;anonymous&gt;)
    at runWithTimeout [90m(file:///C:/Users/Paul%20Mulligan/PMDS/Projects/AI-SEO-Copilot-for-Webflow/[39mnode_modules/[4m.pnpm[24m/@vitest+runner@3.2.4/node_modules/[4m@vitest[24m/runner/dist/chunk-hooks.js:1863:10[90m)[39m
    at runTest [90m(file:///C:/Users/Paul%20Mulligan/PMDS/Projects/AI-SEO-Copilot-for-Webflow/[39mnode_modules/[4m.pnpm[24m/@vitest+runner@3.2.4/node_modules/[4m@vitest[24m/runner/dist/chunk-hooks.js:1574:12[90m)[39m
[90m    at processTicksAndRejections (node:internal/process/task_queues:105:5)[39m
    at runSuite [90m(file:///C:/Users/Paul%20Mulligan/PMDS/Projects/AI-SEO-Copilot-for-Webflow/[39mnode_modules/[4m.pnpm[24m/@vitest+runner@3.2.4/node_modules/[4m@vitest[24m/runner/dist/chunk-hooks.js:1729:8[90m)[39m
    at runSuite [90m(file:///C:/Users/Paul%20Mulligan/PMDS/Projects/AI-SEO-Copilot-for-Webflow/[39mnode_modules/[4m.pnpm[24m/@vitest+runner@3.2.4/node_modules/[4m@vitest[24m/runner/dist/chunk-hooks.js:1729:8[90m)[39m

            </system-out>
        </testcase>
        <testcase classname="client/src/lib/webflowDesignerApiDetection.test.ts" name="Webflow Designer API Detection &gt; testWebflowDesignerConnection &gt; should get site info when available" time="0.0005677">
        </testcase>
        <testcase classname="client/src/lib/webflowDesignerApiDetection.test.ts" name="Webflow Designer API Detection &gt; waitForWebflowDesigner &gt; should resolve immediately when API is ready" time="0.0008062">
            <system-out>
[WebflowDesignerDetection] Designer API is ready

            </system-out>
        </testcase>
        <testcase classname="client/src/lib/webflowDesignerApiDetection.test.ts" name="Webflow Designer API Detection &gt; waitForWebflowDesigner &gt; should timeout when API never becomes ready" time="0.5247598">
            <system-out>
[WebflowDesignerDetection] getCurrentPage failed: Error: Not ready
    at [90mC:\Users\Paul Mulligan\PMDS\Projects\AI-SEO-Copilot-for-Webflow\[39mclient\src\lib\webflowDesignerApiDetection.test.ts:147:53
    at [90mfile:///C:/Users/Paul%20Mulligan/PMDS/Projects/AI-SEO-Copilot-for-Webflow/[39mnode_modules/[4m.pnpm[24m/@vitest+runner@3.2.4/node_modules/[4m@vitest[24m/runner/dist/chunk-hooks.js:155:11
    at [90mfile:///C:/Users/Paul%20Mulligan/PMDS/Projects/AI-SEO-Copilot-for-Webflow/[39mnode_modules/[4m.pnpm[24m/@vitest+runner@3.2.4/node_modules/[4m@vitest[24m/runner/dist/chunk-hooks.js:752:26
    at [90mfile:///C:/Users/Paul%20Mulligan/PMDS/Projects/AI-SEO-Copilot-for-Webflow/[39mnode_modules/[4m.pnpm[24m/@vitest+runner@3.2.4/node_modules/[4m@vitest[24m/runner/dist/chunk-hooks.js:1897:20
    at new Promise (&lt;anonymous&gt;)
    at runWithTimeout [90m(file:///C:/Users/Paul%20Mulligan/PMDS/Projects/AI-SEO-Copilot-for-Webflow/[39mnode_modules/[4m.pnpm[24m/@vitest+runner@3.2.4/node_modules/[4m@vitest[24m/runner/dist/chunk-hooks.js:1863:10[90m)[39m
    at runTest [90m(file:///C:/Users/Paul%20Mulligan/PMDS/Projects/AI-SEO-Copilot-for-Webflow/[39mnode_modules/[4m.pnpm[24m/@vitest+runner@3.2.4/node_modules/[4m@vitest[24m/runner/dist/chunk-hooks.js:1574:12[90m)[39m
[90m    at processTicksAndRejections (node:internal/process/task_queues:105:5)[39m
    at runSuite [90m(file:///C:/Users/Paul%20Mulligan/PMDS/Projects/AI-SEO-Copilot-for-Webflow/[39mnode_modules/[4m.pnpm[24m/@vitest+runner@3.2.4/node_modules/[4m@vitest[24m/runner/dist/chunk-hooks.js:1729:8[90m)[39m
    at runSuite [90m(file:///C:/Users/Paul%20Mulligan/PMDS/Projects/AI-SEO-Copilot-for-Webflow/[39mnode_modules/[4m.pnpm[24m/@vitest+runner@3.2.4/node_modules/[4m@vitest[24m/runner/dist/chunk-hooks.js:1729:8[90m)[39m

[WebflowDesignerDetection] getCurrentPage failed: Error: Not ready
    at [90mC:\Users\Paul Mulligan\PMDS\Projects\AI-SEO-Copilot-for-Webflow\[39mclient\src\lib\webflowDesignerApiDetection.test.ts:147:53
    at [90mfile:///C:/Users/Paul%20Mulligan/PMDS/Projects/AI-SEO-Copilot-for-Webflow/[39mnode_modules/[4m.pnpm[24m/@vitest+runner@3.2.4/node_modules/[4m@vitest[24m/runner/dist/chunk-hooks.js:155:11
    at [90mfile:///C:/Users/Paul%20Mulligan/PMDS/Projects/AI-SEO-Copilot-for-Webflow/[39mnode_modules/[4m.pnpm[24m/@vitest+runner@3.2.4/node_modules/[4m@vitest[24m/runner/dist/chunk-hooks.js:752:26
    at [90mfile:///C:/Users/Paul%20Mulligan/PMDS/Projects/AI-SEO-Copilot-for-Webflow/[39mnode_modules/[4m.pnpm[24m/@vitest+runner@3.2.4/node_modules/[4m@vitest[24m/runner/dist/chunk-hooks.js:1897:20
    at new Promise (&lt;anonymous&gt;)
    at runWithTimeout [90m(file:///C:/Users/Paul%20Mulligan/PMDS/Projects/AI-SEO-Copilot-for-Webflow/[39mnode_modules/[4m.pnpm[24m/@vitest+runner@3.2.4/node_modules/[4m@vitest[24m/runner/dist/chunk-hooks.js:1863:10[90m)[39m
    at runTest [90m(file:///C:/Users/Paul%20Mulligan/PMDS/Projects/AI-SEO-Copilot-for-Webflow/[39mnode_modules/[4m.pnpm[24m/@vitest+runner@3.2.4/node_modules/[4m@vitest[24m/runner/dist/chunk-hooks.js:1574:12[90m)[39m
[90m    at processTicksAndRejections (node:internal/process/task_queues:105:5)[39m
    at runSuite [90m(file:///C:/Users/Paul%20Mulligan/PMDS/Projects/AI-SEO-Copilot-for-Webflow/[39mnode_modules/[4m.pnpm[24m/@vitest+runner@3.2.4/node_modules/[4m@vitest[24m/runner/dist/chunk-hooks.js:1729:8[90m)[39m
    at runSuite [90m(file:///C:/Users/Paul%20Mulligan/PMDS/Projects/AI-SEO-Copilot-for-Webflow/[39mnode_modules/[4m.pnpm[24m/@vitest+runner@3.2.4/node_modules/[4m@vitest[24m/runner/dist/chunk-hooks.js:1729:8[90m)[39m

[WebflowDesignerDetection] Designer API failed to become ready within timeout

            </system-out>
        </testcase>
    </testsuite>
    <testsuite name="client/src/lib/webflowInsertion.apiReadiness.test.ts" timestamp="2025-10-09T00:10:01.973Z" hostname="JohnDee" tests="6" failures="6" errors="0" skipped="0" time="0.0347807">
        <testcase classname="client/src/lib/webflowInsertion.apiReadiness.test.ts" name="WebflowInsertion API Readiness &gt; API Loading Scenarios &gt; should wait for Designer API to become ready and then succeed" time="0.011447">
            <system-out>
[WebflowInsertion] Webflow Designer context detected
[WebflowDesignerDetection] === WEBFLOW API INSPECTION ===
[WebflowDesignerDetection] typeof window.webflow: object
[WebflowDesignerDetection] window.webflow: {
  getPage: [36m[Getter][39m,
  setPageSetting: [Function: spy] {
    getMockName: [36m[Function (anonymous)][39m,
    mockName: [36m[Function (anonymous)][39m,
    mockClear: [36m[Function (anonymous)][39m,
    mockReset: [36m[Function (anonymous)][39m,
    mockRestore: [36m[Function (anonymous)][39m,
    getMockImplementation: [36m[Function (anonymous)][39m,
    mockImplementation: [36m[Function (anonymous)][39m,
    mockImplementationOnce: [36m[Function (anonymous)][39m,
    withImplementation: [36m[Function: withImplementation][39m,
    mockReturnThis: [36m[Function (anonymous)][39m,
    mockReturnValue: [36m[Function (anonymous)][39m,
    mockReturnValueOnce: [36m[Function (anonymous)][39m,
    mockResolvedValue: [36m[Function (anonymous)][39m,
    mockResolvedValueOnce: [36m[Function (anonymous)][39m,
    mockRejectedValue: [36m[Function (anonymous)][39m,
    mockRejectedValueOnce: [36m[Function (anonymous)][39m,
    [[32mSymbol(nodejs.dispose)[39m]: [36m[Function (anonymous)][39m
  }
}
[WebflowDesignerDetection] Available webflow properties: [ [32m&apos;getPage&apos;[39m, [32m&apos;setPageSetting&apos;[39m ]
[WebflowDesignerDetection] Available webflow methods: [ [32m&apos;setPageSetting&apos;[39m ]
[WebflowDesignerDetection] Method &apos;setPageSetting&apos;: {
  type: [32m&apos;function&apos;[39m,
  length: [33m0[39m,
  name: [32m&apos;spy&apos;[39m,
  toString: [32m&apos;function(...args) {\n&apos;[39m +
    [32m&apos;    let state2 = getInternalState(fn);\n&apos;[39m +
    [32m&apos;    state2.called = !0, state2.callCount++, state2.calls.push(args);\n&apos;[39m +
    [32m&apos;    let next = state2.next.shift();\n&apos;[39m +
    [32m&apos;    if (next) {\n&apos;[39m +
    [32m&apos;      state2.results...&apos;[39m
}
[WebflowDesignerDetection] Prototype methods: [
  [32m&apos;constructor&apos;[39m,
  [32m&apos;__defineGetter__&apos;[39m,
  [32m&apos;__defineSetter__&apos;[39m,
  [32m&apos;hasOwnProperty&apos;[39m,
  [32m&apos;__lookupGetter__&apos;[39m,
  [32m&apos;__lookupSetter__&apos;[39m,
  [32m&apos;isPrototypeOf&apos;[39m,
  [32m&apos;propertyIsEnumerable&apos;[39m,
  [32m&apos;toString&apos;[39m,
  [32m&apos;valueOf&apos;[39m,
  [32m&apos;__proto__&apos;[39m,
  [32m&apos;toLocaleString&apos;[39m
]
[WebflowDesignerAPI] Detected capabilities: {
  canReadPageInfo: [33mfalse[39m,
  canUpdatePageTitle: [33mtrue[39m,
  canUpdatePageMeta: [33mtrue[39m,
  canUpdatePageSlug: [33mtrue[39m,
  canAddCustomCode: [33mfalse[39m,
  canUpdateCMS: [33mfalse[39m,
  canManipulateElements: [33mfalse[39m,
  canSelectElements: [33mfalse[39m,
  hasElementBuilder: [33mfalse[39m,
  availableMethods: [ [32m&apos;setPageSetting&apos;[39m ]
}
[WebflowInsertion] Using Webflow Designer Extension APIs for modifications
[WebflowInsertion] Applying request: { type: [32m&apos;page_title&apos;[39m, pageId: [32m&apos;test-page&apos;[39m, value: [32m&apos;New Title&apos;[39m }

[WebflowInsertion] Using Designer API to update page title
[WebflowDesignerAPI] Updating page title using official API
[WebflowDesignerAPI] title: New Title

            </system-out>
            <failure message="expected false to be true // Object.is equality" type="AssertionError">
AssertionError: expected false to be true // Object.is equality

- Expected
+ Received

- true
+ false

 ❯ client/src/lib/webflowInsertion.apiReadiness.test.ts:60:30
            </failure>
        </testcase>
        <testcase classname="client/src/lib/webflowInsertion.apiReadiness.test.ts" name="WebflowInsertion API Readiness &gt; API Loading Scenarios &gt; should fall back to REST API when Designer API times out" time="0.0054159">
            <system-out>
[WebflowInsertion] Webflow Designer context detected
[WebflowDesignerDetection] === WEBFLOW API INSPECTION ===
[WebflowDesignerDetection] typeof window.webflow: object
[WebflowDesignerDetection] window.webflow: {
  setPageSetting: [Function: spy] {
    getMockName: [36m[Function (anonymous)][39m,
    mockName: [36m[Function (anonymous)][39m,
    mockClear: [36m[Function (anonymous)][39m,
    mockReset: [36m[Function (anonymous)][39m,
    mockRestore: [36m[Function (anonymous)][39m,
    getMockImplementation: [36m[Function (anonymous)][39m,
    mockImplementation: [36m[Function (anonymous)][39m,
    mockImplementationOnce: [36m[Function (anonymous)][39m,
    withImplementation: [36m[Function: withImplementation][39m,
    mockReturnThis: [36m[Function (anonymous)][39m,
    mockReturnValue: [36m[Function (anonymous)][39m,
    mockReturnValueOnce: [36m[Function (anonymous)][39m,
    mockResolvedValue: [36m[Function (anonymous)][39m,
    mockResolvedValueOnce: [36m[Function (anonymous)][39m,
    mockRejectedValue: [36m[Function (anonymous)][39m,
    mockRejectedValueOnce: [36m[Function (anonymous)][39m,
    [[32mSymbol(nodejs.dispose)[39m]: [36m[Function (anonymous)][39m
  }
}
[WebflowDesignerDetection] Available webflow properties: [ [32m&apos;setPageSetting&apos;[39m ]
[WebflowDesignerDetection] Available webflow methods: [ [32m&apos;setPageSetting&apos;[39m ]
[WebflowDesignerDetection] Method &apos;setPageSetting&apos;: {
  type: [32m&apos;function&apos;[39m,
  length: [33m0[39m,
  name: [32m&apos;spy&apos;[39m,
  toString: [32m&apos;function(...args) {\n&apos;[39m +
    [32m&apos;    let state2 = getInternalState(fn);\n&apos;[39m +
    [32m&apos;    state2.called = !0, state2.callCount++, state2.calls.push(args);\n&apos;[39m +
    [32m&apos;    let next = state2.next.shift();\n&apos;[39m +
    [32m&apos;    if (next) {\n&apos;[39m +
    [32m&apos;      state2.results...&apos;[39m
}
[WebflowDesignerDetection] Prototype methods: [
  [32m&apos;constructor&apos;[39m,
  [32m&apos;__defineGetter__&apos;[39m,
  [32m&apos;__defineSetter__&apos;[39m,
  [32m&apos;hasOwnProperty&apos;[39m,
  [32m&apos;__lookupGetter__&apos;[39m,
  [32m&apos;__lookupSetter__&apos;[39m,
  [32m&apos;isPrototypeOf&apos;[39m,
  [32m&apos;propertyIsEnumerable&apos;[39m,
  [32m&apos;toString&apos;[39m,
  [32m&apos;valueOf&apos;[39m,
  [32m&apos;__proto__&apos;[39m,
  [32m&apos;toLocaleString&apos;[39m
]
[WebflowDesignerAPI] Detected capabilities: {
  canReadPageInfo: [33mfalse[39m,
  canUpdatePageTitle: [33mtrue[39m,
  canUpdatePageMeta: [33mtrue[39m,
  canUpdatePageSlug: [33mtrue[39m,
  canAddCustomCode: [33mfalse[39m,
  canUpdateCMS: [33mfalse[39m,
  canManipulateElements: [33mfalse[39m,
  canSelectElements: [33mfalse[39m,
  hasElementBuilder: [33mfalse[39m,
  availableMethods: [ [32m&apos;setPageSetting&apos;[39m ]
}
[WebflowInsertion] Using Webflow Designer Extension APIs for modifications
[WebflowInsertion] Applying request: { type: [32m&apos;page_title&apos;[39m, pageId: [32m&apos;test-page&apos;[39m, value: [32m&apos;New Title&apos;[39m }

            </system-out>
            <system-err>
[WebflowInsertion] Apply error: TypeError: Cannot read properties of undefined (reading &apos;Authorization&apos;)
    at WebflowInsertion.checkPermissions [90m(C:\Users\Paul Mulligan\PMDS\Projects\AI-SEO-Copilot-for-Webflow\[39mclient\src\lib\webflowInsertion.ts:321:31[90m)[39m
    at WebflowInsertion.apply [90m(C:\Users\Paul Mulligan\PMDS\Projects\AI-SEO-Copilot-for-Webflow\[39mclient\src\lib\webflowInsertion.ts:90:18[90m)[39m
    at [90mC:\Users\Paul Mulligan\PMDS\Projects\AI-SEO-Copilot-for-Webflow\[39mclient\src\lib\webflowInsertion.apiReadiness.test.ts:81:38
    at [90mfile:///C:/Users/Paul%20Mulligan/PMDS/Projects/AI-SEO-Copilot-for-Webflow/[39mnode_modules/[4m.pnpm[24m/@vitest+runner@3.2.4/node_modules/[4m@vitest[24m/runner/dist/chunk-hooks.js:155:11
    at [90mfile:///C:/Users/Paul%20Mulligan/PMDS/Projects/AI-SEO-Copilot-for-Webflow/[39mnode_modules/[4m.pnpm[24m/@vitest+runner@3.2.4/node_modules/[4m@vitest[24m/runner/dist/chunk-hooks.js:752:26
    at [90mfile:///C:/Users/Paul%20Mulligan/PMDS/Projects/AI-SEO-Copilot-for-Webflow/[39mnode_modules/[4m.pnpm[24m/@vitest+runner@3.2.4/node_modules/[4m@vitest[24m/runner/dist/chunk-hooks.js:1897:20
    at new Promise (&lt;anonymous&gt;)
    at runWithTimeout [90m(file:///C:/Users/Paul%20Mulligan/PMDS/Projects/AI-SEO-Copilot-for-Webflow/[39mnode_modules/[4m.pnpm[24m/@vitest+runner@3.2.4/node_modules/[4m@vitest[24m/runner/dist/chunk-hooks.js:1863:10[90m)[39m
    at runTest [90m(file:///C:/Users/Paul%20Mulligan/PMDS/Projects/AI-SEO-Copilot-for-Webflow/[39mnode_modules/[4m.pnpm[24m/@vitest+runner@3.2.4/node_modules/[4m@vitest[24m/runner/dist/chunk-hooks.js:1574:12[90m)[39m
[90m    at processTicksAndRejections (node:internal/process/task_queues:105:5)[39m

            </system-err>
            <failure message="expected false to be true // Object.is equality" type="AssertionError">
AssertionError: expected false to be true // Object.is equality

- Expected
+ Received

- true
+ false

 ❯ client/src/lib/webflowInsertion.apiReadiness.test.ts:84:30
            </failure>
        </testcase>
        <testcase classname="client/src/lib/webflowInsertion.apiReadiness.test.ts" name="WebflowInsertion API Readiness &gt; API Loading Scenarios &gt; should handle batch operations with API loading delays" time="0.0042026">
            <system-out>
[WebflowInsertion] Webflow Designer context detected
[WebflowDesignerDetection] === WEBFLOW API INSPECTION ===
[WebflowDesignerDetection] typeof window.webflow: object
[WebflowDesignerDetection] window.webflow: {
  getPage: [Function: spy] {
    getMockName: [36m[Function (anonymous)][39m,
    mockName: [36m[Function (anonymous)][39m,
    mockClear: [36m[Function (anonymous)][39m,
    mockReset: [36m[Function (anonymous)][39m,
    mockRestore: [36m[Function (anonymous)][39m,
    getMockImplementation: [36m[Function (anonymous)][39m,
    mockImplementation: [36m[Function (anonymous)][39m,
    mockImplementationOnce: [36m[Function (anonymous)][39m,
    withImplementation: [36m[Function: withImplementation][39m,
    mockReturnThis: [36m[Function (anonymous)][39m,
    mockReturnValue: [36m[Function (anonymous)][39m,
    mockReturnValueOnce: [36m[Function (anonymous)][39m,
    mockResolvedValue: [36m[Function (anonymous)][39m,
    mockResolvedValueOnce: [36m[Function (anonymous)][39m,
    mockRejectedValue: [36m[Function (anonymous)][39m,
    mockRejectedValueOnce: [36m[Function (anonymous)][39m,
    [[32mSymbol(nodejs.dispose)[39m]: [36m[Function (anonymous)][39m
  },
  setPageSetting: [Function: spy] {
    getMockName: [36m[Function (anonymous)][39m,
    mockName: [36m[Function (anonymous)][39m,
    mockClear: [36m[Function (anonymous)][39m,
    mockReset: [36m[Function (anonymous)][39m,
    mockRestore: [36m[Function (anonymous)][39m,
    getMockImplementation: [36m[Function (anonymous)][39m,
    mockImplementation: [36m[Function (anonymous)][39m,
    mockImplementationOnce: [36m[Function (anonymous)][39m,
    withImplementation: [36m[Function: withImplementation][39m,
    mockReturnThis: [36m[Function (anonymous)][39m,
    mockReturnValue: [36m[Function (anonymous)][39m,
    mockReturnValueOnce: [36m[Function (anonymous)][39m,
    mockResolvedValue: [36m[Function (anonymous)][39m,
    mockResolvedValueOnce: [36m[Function (anonymous)][39m,
    mockRejectedValue: [36m[Function (anonymous)][39m,
    mockRejectedValueOnce: [36m[Function (anonymous)][39m,
    [[32mSymbol(nodejs.dispose)[39m]: [36m[Function (anonymous)][39m
  }
}
[WebflowDesignerDetection] Available webflow properties: [ [32m&apos;getPage&apos;[39m, [32m&apos;setPageSetting&apos;[39m ]
[WebflowDesignerDetection] Available webflow methods: [ [32m&apos;getPage&apos;[39m, [32m&apos;setPageSetting&apos;[39m ]
[WebflowDesignerDetection] Method &apos;getPage&apos;: {
  type: [32m&apos;function&apos;[39m,
  length: [33m0[39m,
  name: [32m&apos;spy&apos;[39m,
  toString: [32m&apos;function(...args) {\n&apos;[39m +
    [32m&apos;    let state2 = getInternalState(fn);\n&apos;[39m +
    [32m&apos;    state2.called = !0, state2.callCount++, state2.calls.push(args);\n&apos;[39m +
    [32m&apos;    let next = state2.next.shift();\n&apos;[39m +
    [32m&apos;    if (next) {\n&apos;[39m +
    [32m&apos;      state2.results...&apos;[39m
}
[WebflowDesignerDetection] Method &apos;setPageSetting&apos;: {
  type: [32m&apos;function&apos;[39m,
  length: [33m0[39m,
  name: [32m&apos;spy&apos;[39m,
  toString: [32m&apos;function(...args) {\n&apos;[39m +
    [32m&apos;    let state2 = getInternalState(fn);\n&apos;[39m +
    [32m&apos;    state2.called = !0, state2.callCount++, state2.calls.push(args);\n&apos;[39m +
    [32m&apos;    let next = state2.next.shift();\n&apos;[39m +
    [32m&apos;    if (next) {\n&apos;[39m +
    [32m&apos;      state2.results...&apos;[39m
}
[WebflowDesignerDetection] Prototype methods: [
  [32m&apos;constructor&apos;[39m,
  [32m&apos;__defineGetter__&apos;[39m,
  [32m&apos;__defineSetter__&apos;[39m,
  [32m&apos;hasOwnProperty&apos;[39m,
  [32m&apos;__lookupGetter__&apos;[39m,
  [32m&apos;__lookupSetter__&apos;[39m,
  [32m&apos;isPrototypeOf&apos;[39m,
  [32m&apos;propertyIsEnumerable&apos;[39m,
  [32m&apos;toString&apos;[39m,
  [32m&apos;valueOf&apos;[39m,
  [32m&apos;__proto__&apos;[39m,
  [32m&apos;toLocaleString&apos;[39m
]
[WebflowDesignerAPI] Detected capabilities: {
  canReadPageInfo: [33mtrue[39m,
  canUpdatePageTitle: [33mtrue[39m,
  canUpdatePageMeta: [33mtrue[39m,
  canUpdatePageSlug: [33mtrue[39m,
  canAddCustomCode: [33mfalse[39m,
  canUpdateCMS: [33mfalse[39m,
  canManipulateElements: [33mfalse[39m,
  canSelectElements: [33mfalse[39m,
  hasElementBuilder: [33mfalse[39m,
  availableMethods: [ [32m&apos;getPage&apos;[39m, [32m&apos;setPageSetting&apos;[39m ]
}
[WebflowInsertion] Using Webflow Designer Extension APIs for modifications
[WebflowInsertion] Starting batch apply: {
  operationCount: [33m2[39m,
  operations: [
    { type: [32m&apos;page_title&apos;[39m, pageId: [32m&apos;test-page&apos;[39m },
    { type: [32m&apos;meta_description&apos;[39m, pageId: [32m&apos;test-page&apos;[39m }
  ],
  rollbackEnabled: [33mfalse[39m
}
[WebflowInsertion] Applying request: { type: [32m&apos;page_title&apos;[39m, pageId: [32m&apos;test-page&apos;[39m, value: [32m&apos;Title 1&apos;[39m }

[WebflowInsertion] Applying request: {
  type: [32m&apos;meta_description&apos;[39m,
  pageId: [32m&apos;test-page&apos;[39m,
  value: [32m&apos;Description 1&apos;[39m
}

[WebflowInsertion] Batch apply completed: {
  succeeded: [33m0[39m,
  failed: [33m2[39m,
  total: [33m2[39m,
  success: [33mfalse[39m,
  results: [
    { success: [33mfalse[39m, error: [36m[Object][39m },
    { success: [33mfalse[39m, error: [36m[Object][39m }
  ]
}

            </system-out>
            <system-err>
[WebflowInsertion] Apply error: TypeError: Cannot read properties of undefined (reading &apos;Authorization&apos;)
    at WebflowInsertion.checkPermissions [90m(C:\Users\Paul Mulligan\PMDS\Projects\AI-SEO-Copilot-for-Webflow\[39mclient\src\lib\webflowInsertion.ts:321:31[90m)[39m
    at WebflowInsertion.apply [90m(C:\Users\Paul Mulligan\PMDS\Projects\AI-SEO-Copilot-for-Webflow\[39mclient\src\lib\webflowInsertion.ts:90:18[90m)[39m
    at WebflowInsertion.applyBatch [90m(C:\Users\Paul Mulligan\PMDS\Projects\AI-SEO-Copilot-for-Webflow\[39mclient\src\lib\webflowInsertion.ts:189:33[90m)[39m
    at [90mC:\Users\Paul Mulligan\PMDS\Projects\AI-SEO-Copilot-for-Webflow\[39mclient\src\lib\webflowInsertion.apiReadiness.test.ts:126:38
    at [90mfile:///C:/Users/Paul%20Mulligan/PMDS/Projects/AI-SEO-Copilot-for-Webflow/[39mnode_modules/[4m.pnpm[24m/@vitest+runner@3.2.4/node_modules/[4m@vitest[24m/runner/dist/chunk-hooks.js:155:11
    at [90mfile:///C:/Users/Paul%20Mulligan/PMDS/Projects/AI-SEO-Copilot-for-Webflow/[39mnode_modules/[4m.pnpm[24m/@vitest+runner@3.2.4/node_modules/[4m@vitest[24m/runner/dist/chunk-hooks.js:752:26
    at [90mfile:///C:/Users/Paul%20Mulligan/PMDS/Projects/AI-SEO-Copilot-for-Webflow/[39mnode_modules/[4m.pnpm[24m/@vitest+runner@3.2.4/node_modules/[4m@vitest[24m/runner/dist/chunk-hooks.js:1897:20
    at new Promise (&lt;anonymous&gt;)
    at runWithTimeout [90m(file:///C:/Users/Paul%20Mulligan/PMDS/Projects/AI-SEO-Copilot-for-Webflow/[39mnode_modules/[4m.pnpm[24m/@vitest+runner@3.2.4/node_modules/[4m@vitest[24m/runner/dist/chunk-hooks.js:1863:10[90m)[39m
    at runTest [90m(file:///C:/Users/Paul%20Mulligan/PMDS/Projects/AI-SEO-Copilot-for-Webflow/[39mnode_modules/[4m.pnpm[24m/@vitest+runner@3.2.4/node_modules/[4m@vitest[24m/runner/dist/chunk-hooks.js:1574:12[90m)[39m

[WebflowInsertion] Apply error: TypeError: Cannot read properties of undefined (reading &apos;Authorization&apos;)
    at WebflowInsertion.checkPermissions [90m(C:\Users\Paul Mulligan\PMDS\Projects\AI-SEO-Copilot-for-Webflow\[39mclient\src\lib\webflowInsertion.ts:321:31[90m)[39m
    at WebflowInsertion.apply [90m(C:\Users\Paul Mulligan\PMDS\Projects\AI-SEO-Copilot-for-Webflow\[39mclient\src\lib\webflowInsertion.ts:90:18[90m)[39m
    at WebflowInsertion.applyBatch [90m(C:\Users\Paul Mulligan\PMDS\Projects\AI-SEO-Copilot-for-Webflow\[39mclient\src\lib\webflowInsertion.ts:189:33[90m)[39m
[90m    at processTicksAndRejections (node:internal/process/task_queues:105:5)[39m
    at [90mC:\Users\Paul Mulligan\PMDS\Projects\AI-SEO-Copilot-for-Webflow\[39mclient\src\lib\webflowInsertion.apiReadiness.test.ts:126:22
    at [90mfile:///C:/Users/Paul%20Mulligan/PMDS/Projects/AI-SEO-Copilot-for-Webflow/[39mnode_modules/[4m.pnpm[24m/@vitest+runner@3.2.4/node_modules/[4m@vitest[24m/runner/dist/chunk-hooks.js:752:20

            </system-err>
            <failure message="expected false to be true // Object.is equality" type="AssertionError">
AssertionError: expected false to be true // Object.is equality

- Expected
+ Received

- true
+ false

 ❯ client/src/lib/webflowInsertion.apiReadiness.test.ts:128:30
            </failure>
        </testcase>
        <testcase classname="client/src/lib/webflowInsertion.apiReadiness.test.ts" name="WebflowInsertion API Readiness &gt; API Loading Scenarios &gt; should gracefully handle Designer API unavailable during batch operations" time="0.0025968">
            <system-out>
[WebflowInsertion] No Designer context, using Data API for modifications
[WebflowInsertion] Starting batch apply: {
  operationCount: [33m2[39m,
  operations: [
    { type: [32m&apos;page_title&apos;[39m, pageId: [32m&apos;test-page&apos;[39m },
    { type: [32m&apos;meta_description&apos;[39m, pageId: [32m&apos;test-page&apos;[39m }
  ],
  rollbackEnabled: [33mfalse[39m
}
[WebflowInsertion] Applying request: { type: [32m&apos;page_title&apos;[39m, pageId: [32m&apos;test-page&apos;[39m, value: [32m&apos;Title 1&apos;[39m }

[WebflowInsertion] Applying request: {
  type: [32m&apos;meta_description&apos;[39m,
  pageId: [32m&apos;test-page&apos;[39m,
  value: [32m&apos;Description 1&apos;[39m
}

[WebflowInsertion] Batch apply completed: {
  succeeded: [33m0[39m,
  failed: [33m2[39m,
  total: [33m2[39m,
  success: [33mfalse[39m,
  results: [
    { success: [33mfalse[39m, error: [36m[Object][39m },
    { success: [33mfalse[39m, error: [36m[Object][39m }
  ]
}

            </system-out>
            <system-err>
[WebflowInsertion] Apply error: TypeError: Cannot read properties of undefined (reading &apos;Authorization&apos;)
    at WebflowInsertion.checkPermissions [90m(C:\Users\Paul Mulligan\PMDS\Projects\AI-SEO-Copilot-for-Webflow\[39mclient\src\lib\webflowInsertion.ts:321:31[90m)[39m
    at WebflowInsertion.apply [90m(C:\Users\Paul Mulligan\PMDS\Projects\AI-SEO-Copilot-for-Webflow\[39mclient\src\lib\webflowInsertion.ts:90:18[90m)[39m
    at WebflowInsertion.applyBatch [90m(C:\Users\Paul Mulligan\PMDS\Projects\AI-SEO-Copilot-for-Webflow\[39mclient\src\lib\webflowInsertion.ts:189:33[90m)[39m
    at [90mC:\Users\Paul Mulligan\PMDS\Projects\AI-SEO-Copilot-for-Webflow\[39mclient\src\lib\webflowInsertion.apiReadiness.test.ts:155:38
    at [90mfile:///C:/Users/Paul%20Mulligan/PMDS/Projects/AI-SEO-Copilot-for-Webflow/[39mnode_modules/[4m.pnpm[24m/@vitest+runner@3.2.4/node_modules/[4m@vitest[24m/runner/dist/chunk-hooks.js:155:11
    at [90mfile:///C:/Users/Paul%20Mulligan/PMDS/Projects/AI-SEO-Copilot-for-Webflow/[39mnode_modules/[4m.pnpm[24m/@vitest+runner@3.2.4/node_modules/[4m@vitest[24m/runner/dist/chunk-hooks.js:752:26
    at [90mfile:///C:/Users/Paul%20Mulligan/PMDS/Projects/AI-SEO-Copilot-for-Webflow/[39mnode_modules/[4m.pnpm[24m/@vitest+runner@3.2.4/node_modules/[4m@vitest[24m/runner/dist/chunk-hooks.js:1897:20
    at new Promise (&lt;anonymous&gt;)
    at runWithTimeout [90m(file:///C:/Users/Paul%20Mulligan/PMDS/Projects/AI-SEO-Copilot-for-Webflow/[39mnode_modules/[4m.pnpm[24m/@vitest+runner@3.2.4/node_modules/[4m@vitest[24m/runner/dist/chunk-hooks.js:1863:10[90m)[39m
    at runTest [90m(file:///C:/Users/Paul%20Mulligan/PMDS/Projects/AI-SEO-Copilot-for-Webflow/[39mnode_modules/[4m.pnpm[24m/@vitest+runner@3.2.4/node_modules/[4m@vitest[24m/runner/dist/chunk-hooks.js:1574:12[90m)[39m

[WebflowInsertion] Apply error: TypeError: Cannot read properties of undefined (reading &apos;Authorization&apos;)
    at WebflowInsertion.checkPermissions [90m(C:\Users\Paul Mulligan\PMDS\Projects\AI-SEO-Copilot-for-Webflow\[39mclient\src\lib\webflowInsertion.ts:321:31[90m)[39m
    at WebflowInsertion.apply [90m(C:\Users\Paul Mulligan\PMDS\Projects\AI-SEO-Copilot-for-Webflow\[39mclient\src\lib\webflowInsertion.ts:90:18[90m)[39m
    at WebflowInsertion.applyBatch [90m(C:\Users\Paul Mulligan\PMDS\Projects\AI-SEO-Copilot-for-Webflow\[39mclient\src\lib\webflowInsertion.ts:189:33[90m)[39m
[90m    at processTicksAndRejections (node:internal/process/task_queues:105:5)[39m
    at [90mC:\Users\Paul Mulligan\PMDS\Projects\AI-SEO-Copilot-for-Webflow\[39mclient\src\lib\webflowInsertion.apiReadiness.test.ts:155:22
    at [90mfile:///C:/Users/Paul%20Mulligan/PMDS/Projects/AI-SEO-Copilot-for-Webflow/[39mnode_modules/[4m.pnpm[24m/@vitest+runner@3.2.4/node_modules/[4m@vitest[24m/runner/dist/chunk-hooks.js:752:20

            </system-err>
            <failure message="expected false to be true // Object.is equality" type="AssertionError">
AssertionError: expected false to be true // Object.is equality

- Expected
+ Received

- true
+ false

 ❯ client/src/lib/webflowInsertion.apiReadiness.test.ts:158:30
            </failure>
        </testcase>
        <testcase classname="client/src/lib/webflowInsertion.apiReadiness.test.ts" name="WebflowInsertion API Readiness &gt; Error Recovery &gt; should retry Designer API operations that fail due to loading issues" time="0.0027044">
            <system-out>
[WebflowInsertion] Webflow Designer context detected
[WebflowDesignerDetection] === WEBFLOW API INSPECTION ===
[WebflowDesignerDetection] typeof window.webflow: object
[WebflowDesignerDetection] window.webflow: {
  getPage: [Function: spy] {
    getMockName: [36m[Function (anonymous)][39m,
    mockName: [36m[Function (anonymous)][39m,
    mockClear: [36m[Function (anonymous)][39m,
    mockReset: [36m[Function (anonymous)][39m,
    mockRestore: [36m[Function (anonymous)][39m,
    getMockImplementation: [36m[Function (anonymous)][39m,
    mockImplementation: [36m[Function (anonymous)][39m,
    mockImplementationOnce: [36m[Function (anonymous)][39m,
    withImplementation: [36m[Function: withImplementation][39m,
    mockReturnThis: [36m[Function (anonymous)][39m,
    mockReturnValue: [36m[Function (anonymous)][39m,
    mockReturnValueOnce: [36m[Function (anonymous)][39m,
    mockResolvedValue: [36m[Function (anonymous)][39m,
    mockResolvedValueOnce: [36m[Function (anonymous)][39m,
    mockRejectedValue: [36m[Function (anonymous)][39m,
    mockRejectedValueOnce: [36m[Function (anonymous)][39m,
    [[32mSymbol(nodejs.dispose)[39m]: [36m[Function (anonymous)][39m
  },
  setPageSetting: [Function: spy] {
    getMockName: [36m[Function (anonymous)][39m,
    mockName: [36m[Function (anonymous)][39m,
    mockClear: [36m[Function (anonymous)][39m,
    mockReset: [36m[Function (anonymous)][39m,
    mockRestore: [36m[Function (anonymous)][39m,
    getMockImplementation: [36m[Function (anonymous)][39m,
    mockImplementation: [36m[Function (anonymous)][39m,
    mockImplementationOnce: [36m[Function (anonymous)][39m,
    withImplementation: [36m[Function: withImplementation][39m,
    mockReturnThis: [36m[Function (anonymous)][39m,
    mockReturnValue: [36m[Function (anonymous)][39m,
    mockReturnValueOnce: [36m[Function (anonymous)][39m,
    mockResolvedValue: [36m[Function (anonymous)][39m,
    mockResolvedValueOnce: [36m[Function (anonymous)][39m,
    mockRejectedValue: [36m[Function (anonymous)][39m,
    mockRejectedValueOnce: [36m[Function (anonymous)][39m,
    [[32mSymbol(nodejs.dispose)[39m]: [36m[Function (anonymous)][39m
  }
}
[WebflowDesignerDetection] Available webflow properties: [ [32m&apos;getPage&apos;[39m, [32m&apos;setPageSetting&apos;[39m ]
[WebflowDesignerDetection] Available webflow methods: [ [32m&apos;getPage&apos;[39m, [32m&apos;setPageSetting&apos;[39m ]
[WebflowDesignerDetection] Method &apos;getPage&apos;: {
  type: [32m&apos;function&apos;[39m,
  length: [33m0[39m,
  name: [32m&apos;spy&apos;[39m,
  toString: [32m&apos;function(...args) {\n&apos;[39m +
    [32m&apos;    let state2 = getInternalState(fn);\n&apos;[39m +
    [32m&apos;    state2.called = !0, state2.callCount++, state2.calls.push(args);\n&apos;[39m +
    [32m&apos;    let next = state2.next.shift();\n&apos;[39m +
    [32m&apos;    if (next) {\n&apos;[39m +
    [32m&apos;      state2.results...&apos;[39m
}
[WebflowDesignerDetection] Method &apos;setPageSetting&apos;: {
  type: [32m&apos;function&apos;[39m,
  length: [33m0[39m,
  name: [32m&apos;spy&apos;[39m,
  toString: [32m&apos;function(...args) {\n&apos;[39m +
    [32m&apos;    let state2 = getInternalState(fn);\n&apos;[39m +
    [32m&apos;    state2.called = !0, state2.callCount++, state2.calls.push(args);\n&apos;[39m +
    [32m&apos;    let next = state2.next.shift();\n&apos;[39m +
    [32m&apos;    if (next) {\n&apos;[39m +
    [32m&apos;      state2.results...&apos;[39m
}
[WebflowDesignerDetection] Prototype methods: [
  [32m&apos;constructor&apos;[39m,
  [32m&apos;__defineGetter__&apos;[39m,
  [32m&apos;__defineSetter__&apos;[39m,
  [32m&apos;hasOwnProperty&apos;[39m,
  [32m&apos;__lookupGetter__&apos;[39m,
  [32m&apos;__lookupSetter__&apos;[39m,
  [32m&apos;isPrototypeOf&apos;[39m,
  [32m&apos;propertyIsEnumerable&apos;[39m,
  [32m&apos;toString&apos;[39m,
  [32m&apos;valueOf&apos;[39m,
  [32m&apos;__proto__&apos;[39m,
  [32m&apos;toLocaleString&apos;[39m
]
[WebflowDesignerAPI] Detected capabilities: {
  canReadPageInfo: [33mtrue[39m,
  canUpdatePageTitle: [33mtrue[39m,
  canUpdatePageMeta: [33mtrue[39m,
  canUpdatePageSlug: [33mtrue[39m,
  canAddCustomCode: [33mfalse[39m,
  canUpdateCMS: [33mfalse[39m,
  canManipulateElements: [33mfalse[39m,
  canSelectElements: [33mfalse[39m,
  hasElementBuilder: [33mfalse[39m,
  availableMethods: [ [32m&apos;getPage&apos;[39m, [32m&apos;setPageSetting&apos;[39m ]
}
[WebflowInsertion] Using Webflow Designer Extension APIs for modifications
[WebflowInsertion] Applying request: { type: [32m&apos;page_title&apos;[39m, pageId: [32m&apos;test-page&apos;[39m, value: [32m&apos;New Title&apos;[39m }

            </system-out>
            <system-err>
[WebflowInsertion] Apply error: TypeError: Cannot read properties of undefined (reading &apos;Authorization&apos;)
    at WebflowInsertion.checkPermissions [90m(C:\Users\Paul Mulligan\PMDS\Projects\AI-SEO-Copilot-for-Webflow\[39mclient\src\lib\webflowInsertion.ts:321:31[90m)[39m
    at WebflowInsertion.apply [90m(C:\Users\Paul Mulligan\PMDS\Projects\AI-SEO-Copilot-for-Webflow\[39mclient\src\lib\webflowInsertion.ts:90:18[90m)[39m
    at [90mC:\Users\Paul Mulligan\PMDS\Projects\AI-SEO-Copilot-for-Webflow\[39mclient\src\lib\webflowInsertion.apiReadiness.test.ts:193:38
    at [90mfile:///C:/Users/Paul%20Mulligan/PMDS/Projects/AI-SEO-Copilot-for-Webflow/[39mnode_modules/[4m.pnpm[24m/@vitest+runner@3.2.4/node_modules/[4m@vitest[24m/runner/dist/chunk-hooks.js:155:11
    at [90mfile:///C:/Users/Paul%20Mulligan/PMDS/Projects/AI-SEO-Copilot-for-Webflow/[39mnode_modules/[4m.pnpm[24m/@vitest+runner@3.2.4/node_modules/[4m@vitest[24m/runner/dist/chunk-hooks.js:752:26
    at [90mfile:///C:/Users/Paul%20Mulligan/PMDS/Projects/AI-SEO-Copilot-for-Webflow/[39mnode_modules/[4m.pnpm[24m/@vitest+runner@3.2.4/node_modules/[4m@vitest[24m/runner/dist/chunk-hooks.js:1897:20
    at new Promise (&lt;anonymous&gt;)
    at runWithTimeout [90m(file:///C:/Users/Paul%20Mulligan/PMDS/Projects/AI-SEO-Copilot-for-Webflow/[39mnode_modules/[4m.pnpm[24m/@vitest+runner@3.2.4/node_modules/[4m@vitest[24m/runner/dist/chunk-hooks.js:1863:10[90m)[39m
    at runTest [90m(file:///C:/Users/Paul%20Mulligan/PMDS/Projects/AI-SEO-Copilot-for-Webflow/[39mnode_modules/[4m.pnpm[24m/@vitest+runner@3.2.4/node_modules/[4m@vitest[24m/runner/dist/chunk-hooks.js:1574:12[90m)[39m
[90m    at processTicksAndRejections (node:internal/process/task_queues:105:5)[39m

            </system-err>
            <failure message="expected false to be true // Object.is equality" type="AssertionError">
AssertionError: expected false to be true // Object.is equality

- Expected
+ Received

- true
+ false

 ❯ client/src/lib/webflowInsertion.apiReadiness.test.ts:195:30
            </failure>
        </testcase>
        <testcase classname="client/src/lib/webflowInsertion.apiReadiness.test.ts" name="WebflowInsertion API Readiness &gt; Error Recovery &gt; should fall back to REST API when Designer API consistently fails" time="0.0026415">
            <system-out>
[WebflowInsertion] Webflow Designer context detected
[WebflowDesignerDetection] === WEBFLOW API INSPECTION ===
[WebflowDesignerDetection] typeof window.webflow: object
[WebflowDesignerDetection] window.webflow: {
  getPage: [Function: spy] {
    getMockName: [36m[Function (anonymous)][39m,
    mockName: [36m[Function (anonymous)][39m,
    mockClear: [36m[Function (anonymous)][39m,
    mockReset: [36m[Function (anonymous)][39m,
    mockRestore: [36m[Function (anonymous)][39m,
    getMockImplementation: [36m[Function (anonymous)][39m,
    mockImplementation: [36m[Function (anonymous)][39m,
    mockImplementationOnce: [36m[Function (anonymous)][39m,
    withImplementation: [36m[Function: withImplementation][39m,
    mockReturnThis: [36m[Function (anonymous)][39m,
    mockReturnValue: [36m[Function (anonymous)][39m,
    mockReturnValueOnce: [36m[Function (anonymous)][39m,
    mockResolvedValue: [36m[Function (anonymous)][39m,
    mockResolvedValueOnce: [36m[Function (anonymous)][39m,
    mockRejectedValue: [36m[Function (anonymous)][39m,
    mockRejectedValueOnce: [36m[Function (anonymous)][39m,
    [[32mSymbol(nodejs.dispose)[39m]: [36m[Function (anonymous)][39m
  },
  setPageSetting: [Function: spy] {
    getMockName: [36m[Function (anonymous)][39m,
    mockName: [36m[Function (anonymous)][39m,
    mockClear: [36m[Function (anonymous)][39m,
    mockReset: [36m[Function (anonymous)][39m,
    mockRestore: [36m[Function (anonymous)][39m,
    getMockImplementation: [36m[Function (anonymous)][39m,
    mockImplementation: [36m[Function (anonymous)][39m,
    mockImplementationOnce: [36m[Function (anonymous)][39m,
    withImplementation: [36m[Function: withImplementation][39m,
    mockReturnThis: [36m[Function (anonymous)][39m,
    mockReturnValue: [36m[Function (anonymous)][39m,
    mockReturnValueOnce: [36m[Function (anonymous)][39m,
    mockResolvedValue: [36m[Function (anonymous)][39m,
    mockResolvedValueOnce: [36m[Function (anonymous)][39m,
    mockRejectedValue: [36m[Function (anonymous)][39m,
    mockRejectedValueOnce: [36m[Function (anonymous)][39m,
    [[32mSymbol(nodejs.dispose)[39m]: [36m[Function (anonymous)][39m
  }
}
[WebflowDesignerDetection] Available webflow properties: [ [32m&apos;getPage&apos;[39m, [32m&apos;setPageSetting&apos;[39m ]
[WebflowDesignerDetection] Available webflow methods: [ [32m&apos;getPage&apos;[39m, [32m&apos;setPageSetting&apos;[39m ]
[WebflowDesignerDetection] Method &apos;getPage&apos;: {
  type: [32m&apos;function&apos;[39m,
  length: [33m0[39m,
  name: [32m&apos;spy&apos;[39m,
  toString: [32m&apos;function(...args) {\n&apos;[39m +
    [32m&apos;    let state2 = getInternalState(fn);\n&apos;[39m +
    [32m&apos;    state2.called = !0, state2.callCount++, state2.calls.push(args);\n&apos;[39m +
    [32m&apos;    let next = state2.next.shift();\n&apos;[39m +
    [32m&apos;    if (next) {\n&apos;[39m +
    [32m&apos;      state2.results...&apos;[39m
}
[WebflowDesignerDetection] Method &apos;setPageSetting&apos;: {
  type: [32m&apos;function&apos;[39m,
  length: [33m0[39m,
  name: [32m&apos;spy&apos;[39m,
  toString: [32m&apos;function(...args) {\n&apos;[39m +
    [32m&apos;    let state2 = getInternalState(fn);\n&apos;[39m +
    [32m&apos;    state2.called = !0, state2.callCount++, state2.calls.push(args);\n&apos;[39m +
    [32m&apos;    let next = state2.next.shift();\n&apos;[39m +
    [32m&apos;    if (next) {\n&apos;[39m +
    [32m&apos;      state2.results...&apos;[39m
}
[WebflowDesignerDetection] Prototype methods: [
  [32m&apos;constructor&apos;[39m,
  [32m&apos;__defineGetter__&apos;[39m,
  [32m&apos;__defineSetter__&apos;[39m,
  [32m&apos;hasOwnProperty&apos;[39m,
  [32m&apos;__lookupGetter__&apos;[39m,
  [32m&apos;__lookupSetter__&apos;[39m,
  [32m&apos;isPrototypeOf&apos;[39m,
  [32m&apos;propertyIsEnumerable&apos;[39m,
  [32m&apos;toString&apos;[39m,
  [32m&apos;valueOf&apos;[39m,
  [32m&apos;__proto__&apos;[39m,
  [32m&apos;toLocaleString&apos;[39m
]
[WebflowDesignerAPI] Detected capabilities: {
  canReadPageInfo: [33mtrue[39m,
  canUpdatePageTitle: [33mtrue[39m,
  canUpdatePageMeta: [33mtrue[39m,
  canUpdatePageSlug: [33mtrue[39m,
  canAddCustomCode: [33mfalse[39m,
  canUpdateCMS: [33mfalse[39m,
  canManipulateElements: [33mfalse[39m,
  canSelectElements: [33mfalse[39m,
  hasElementBuilder: [33mfalse[39m,
  availableMethods: [ [32m&apos;getPage&apos;[39m, [32m&apos;setPageSetting&apos;[39m ]
}
[WebflowInsertion] Using Webflow Designer Extension APIs for modifications
[WebflowInsertion] Applying request: { type: [32m&apos;page_title&apos;[39m, pageId: [32m&apos;test-page&apos;[39m, value: [32m&apos;New Title&apos;[39m }

            </system-out>
            <system-err>
[WebflowInsertion] Apply error: TypeError: Cannot read properties of undefined (reading &apos;Authorization&apos;)
    at WebflowInsertion.checkPermissions [90m(C:\Users\Paul Mulligan\PMDS\Projects\AI-SEO-Copilot-for-Webflow\[39mclient\src\lib\webflowInsertion.ts:321:31[90m)[39m
    at WebflowInsertion.apply [90m(C:\Users\Paul Mulligan\PMDS\Projects\AI-SEO-Copilot-for-Webflow\[39mclient\src\lib\webflowInsertion.ts:90:18[90m)[39m
    at [90mC:\Users\Paul Mulligan\PMDS\Projects\AI-SEO-Copilot-for-Webflow\[39mclient\src\lib\webflowInsertion.apiReadiness.test.ts:217:38
    at [90mfile:///C:/Users/Paul%20Mulligan/PMDS/Projects/AI-SEO-Copilot-for-Webflow/[39mnode_modules/[4m.pnpm[24m/@vitest+runner@3.2.4/node_modules/[4m@vitest[24m/runner/dist/chunk-hooks.js:155:11
    at [90mfile:///C:/Users/Paul%20Mulligan/PMDS/Projects/AI-SEO-Copilot-for-Webflow/[39mnode_modules/[4m.pnpm[24m/@vitest+runner@3.2.4/node_modules/[4m@vitest[24m/runner/dist/chunk-hooks.js:752:26
    at [90mfile:///C:/Users/Paul%20Mulligan/PMDS/Projects/AI-SEO-Copilot-for-Webflow/[39mnode_modules/[4m.pnpm[24m/@vitest+runner@3.2.4/node_modules/[4m@vitest[24m/runner/dist/chunk-hooks.js:1897:20
    at new Promise (&lt;anonymous&gt;)
    at runWithTimeout [90m(file:///C:/Users/Paul%20Mulligan/PMDS/Projects/AI-SEO-Copilot-for-Webflow/[39mnode_modules/[4m.pnpm[24m/@vitest+runner@3.2.4/node_modules/[4m@vitest[24m/runner/dist/chunk-hooks.js:1863:10[90m)[39m
    at runTest [90m(file:///C:/Users/Paul%20Mulligan/PMDS/Projects/AI-SEO-Copilot-for-Webflow/[39mnode_modules/[4m.pnpm[24m/@vitest+runner@3.2.4/node_modules/[4m@vitest[24m/runner/dist/chunk-hooks.js:1574:12[90m)[39m
[90m    at processTicksAndRejections (node:internal/process/task_queues:105:5)[39m

            </system-err>
            <failure message="expected false to be true // Object.is equality" type="AssertionError">
AssertionError: expected false to be true // Object.is equality

- Expected
+ Received

- true
+ false

 ❯ client/src/lib/webflowInsertion.apiReadiness.test.ts:220:30
            </failure>
        </testcase>
    </testsuite>
    <testsuite name="client/src/lib/webflowInsertion.content.test.ts" timestamp="2025-10-09T00:10:01.977Z" hostname="JohnDee" tests="15" failures="4" errors="0" skipped="11" time="0.0313529">
        <testcase classname="client/src/lib/webflowInsertion.content.test.ts" name="Content Element Apply Functionality - Integration Tests &gt; H1 Heading Apply Integration - DISABLED (issue #504) &gt; should successfully apply H1 heading changes via Designer API" time="0">
            <skipped/>
        </testcase>
        <testcase classname="client/src/lib/webflowInsertion.content.test.ts" name="Content Element Apply Functionality - Integration Tests &gt; H1 Heading Apply Integration - DISABLED (issue #504) &gt; should handle H1 update failures gracefully" time="0">
            <skipped/>
        </testcase>
        <testcase classname="client/src/lib/webflowInsertion.content.test.ts" name="Content Element Apply Functionality - Integration Tests &gt; H1 Heading Apply Integration - DISABLED (issue #504) &gt; should fail when Designer API is not available for H1" time="0">
            <skipped/>
        </testcase>
        <testcase classname="client/src/lib/webflowInsertion.content.test.ts" name="Content Element Apply Functionality - Integration Tests &gt; H2 Heading Apply Integration - DISABLED (issue #504) &gt; should successfully apply H2 heading changes to first H2 by default" time="0">
            <skipped/>
        </testcase>
        <testcase classname="client/src/lib/webflowInsertion.content.test.ts" name="Content Element Apply Functionality - Integration Tests &gt; H2 Heading Apply Integration - DISABLED (issue #504) &gt; should apply H2 heading changes to specific index when provided" time="0">
            <skipped/>
        </testcase>
        <testcase classname="client/src/lib/webflowInsertion.content.test.ts" name="Content Element Apply Functionality - Integration Tests &gt; H2 Heading Apply Integration - DISABLED (issue #504) &gt; should handle H2 update failures gracefully" time="0">
            <skipped/>
        </testcase>
        <testcase classname="client/src/lib/webflowInsertion.content.test.ts" name="Content Element Apply Functionality - Integration Tests &gt; Introduction Paragraph Apply Integration - DISABLED (issue #504) &gt; should successfully apply introduction paragraph changes" time="0">
            <skipped/>
        </testcase>
        <testcase classname="client/src/lib/webflowInsertion.content.test.ts" name="Content Element Apply Functionality - Integration Tests &gt; Introduction Paragraph Apply Integration - DISABLED (issue #504) &gt; should handle introduction update failures gracefully" time="0">
            <skipped/>
        </testcase>
        <testcase classname="client/src/lib/webflowInsertion.content.test.ts" name="Content Element Apply Functionality - Integration Tests &gt; Introduction Paragraph Apply Integration - DISABLED (issue #504) &gt; should fail when Designer API is not available for introduction" time="0">
            <skipped/>
        </testcase>
        <testcase classname="client/src/lib/webflowInsertion.content.test.ts" name="Content Element Apply Functionality - Integration Tests &gt; Batch Apply Integration for Content Elements - DISABLED (issue #504) &gt; should successfully apply multiple content element changes in batch" time="0">
            <skipped/>
        </testcase>
        <testcase classname="client/src/lib/webflowInsertion.content.test.ts" name="Content Element Apply Functionality - Integration Tests &gt; Batch Apply Integration for Content Elements - DISABLED (issue #504) &gt; should handle mixed success/failure in batch operations" time="0">
            <skipped/>
        </testcase>
        <testcase classname="client/src/lib/webflowInsertion.content.test.ts" name="Content Element Apply Functionality - Integration Tests &gt; Content Element Type Validation &gt; should validate required fields for content element requests" time="0.0137657">
            <system-out>
[WebflowInsertion] Webflow Designer context detected
[WebflowDesignerDetection] === WEBFLOW API INSPECTION ===
[WebflowDesignerDetection] typeof window.webflow: object
[WebflowDesignerDetection] window.webflow: {
  getCurrentPage: [Function: spy] {
    getMockName: [36m[Function (anonymous)][39m,
    mockName: [36m[Function (anonymous)][39m,
    mockClear: [36m[Function (anonymous)][39m,
    mockReset: [36m[Function (anonymous)][39m,
    mockRestore: [36m[Function (anonymous)][39m,
    getMockImplementation: [36m[Function (anonymous)][39m,
    mockImplementation: [36m[Function (anonymous)][39m,
    mockImplementationOnce: [36m[Function (anonymous)][39m,
    withImplementation: [36m[Function: withImplementation][39m,
    mockReturnThis: [36m[Function (anonymous)][39m,
    mockReturnValue: [36m[Function (anonymous)][39m,
    mockReturnValueOnce: [36m[Function (anonymous)][39m,
    mockResolvedValue: [36m[Function (anonymous)][39m,
    mockResolvedValueOnce: [36m[Function (anonymous)][39m,
    mockRejectedValue: [36m[Function (anonymous)][39m,
    mockRejectedValueOnce: [36m[Function (anonymous)][39m,
    [[32mSymbol(nodejs.dispose)[39m]: [36m[Function (anonymous)][39m
  },
  getAllElementsByTag: [Function: spy] {
    getMockName: [36m[Function (anonymous)][39m,
    mockName: [36m[Function (anonymous)][39m,
    mockClear: [36m[Function (anonymous)][39m,
    mockReset: [36m[Function (anonymous)][39m,
    mockRestore: [36m[Function (anonymous)][39m,
    getMockImplementation: [36m[Function (anonymous)][39m,
    mockImplementation: [36m[Function (anonymous)][39m,
    mockImplementationOnce: [36m[Function (anonymous)][39m,
    withImplementation: [36m[Function: withImplementation][39m,
    mockReturnThis: [36m[Function (anonymous)][39m,
    mockReturnValue: [36m[Function (anonymous)][39m,
    mockReturnValueOnce: [36m[Function (anonymous)][39m,
    mockResolvedValue: [36m[Function (anonymous)][39m,
    mockResolvedValueOnce: [36m[Function (anonymous)][39m,
    mockRejectedValue: [36m[Function (anonymous)][39m,
    mockRejectedValueOnce: [36m[Function (anonymous)][39m,
    [[32mSymbol(nodejs.dispose)[39m]: [36m[Function (anonymous)][39m
  },
  getAllElementsByClass: [Function: spy] {
    getMockName: [36m[Function (anonymous)][39m,
    mockName: [36m[Function (anonymous)][39m,
    mockClear: [36m[Function (anonymous)][39m,
    mockReset: [36m[Function (anonymous)][39m,
    mockRestore: [36m[Function (anonymous)][39m,
    getMockImplementation: [36m[Function (anonymous)][39m,
    mockImplementation: [36m[Function (anonymous)][39m,
    mockImplementationOnce: [36m[Function (anonymous)][39m,
    withImplementation: [36m[Function: withImplementation][39m,
    mockReturnThis: [36m[Function (anonymous)][39m,
    mockReturnValue: [36m[Function (anonymous)][39m,
    mockReturnValueOnce: [36m[Function (anonymous)][39m,
    mockResolvedValue: [36m[Function (anonymous)][39m,
    mockResolvedValueOnce: [36m[Function (anonymous)][39m,
    mockRejectedValue: [36m[Function (anonymous)][39m,
    mockRejectedValueOnce: [36m[Function (anonymous)][39m,
    [[32mSymbol(nodejs.dispose)[39m]: [36m[Function (anonymous)][39m
  }
}
[WebflowDesignerDetection] Available webflow properties: [ [32m&apos;getCurrentPage&apos;[39m, [32m&apos;getAllElementsByTag&apos;[39m, [32m&apos;getAllElementsByClass&apos;[39m ]
[WebflowDesignerDetection] Available webflow methods: [ [32m&apos;getCurrentPage&apos;[39m, [32m&apos;getAllElementsByTag&apos;[39m, [32m&apos;getAllElementsByClass&apos;[39m ]
[WebflowDesignerDetection] Method &apos;getCurrentPage&apos;: {
  type: [32m&apos;function&apos;[39m,
  length: [33m0[39m,
  name: [32m&apos;spy&apos;[39m,
  toString: [32m&apos;function(...args) {\n&apos;[39m +
    [32m&apos;    let state2 = getInternalState(fn);\n&apos;[39m +
    [32m&apos;    state2.called = !0, state2.callCount++, state2.calls.push(args);\n&apos;[39m +
    [32m&apos;    let next = state2.next.shift();\n&apos;[39m +
    [32m&apos;    if (next) {\n&apos;[39m +
    [32m&apos;      state2.results...&apos;[39m
}
[WebflowDesignerDetection] Method &apos;getAllElementsByTag&apos;: {
  type: [32m&apos;function&apos;[39m,
  length: [33m0[39m,
  name: [32m&apos;spy&apos;[39m,
  toString: [32m&apos;function(...args) {\n&apos;[39m +
    [32m&apos;    let state2 = getInternalState(fn);\n&apos;[39m +
    [32m&apos;    state2.called = !0, state2.callCount++, state2.calls.push(args);\n&apos;[39m +
    [32m&apos;    let next = state2.next.shift();\n&apos;[39m +
    [32m&apos;    if (next) {\n&apos;[39m +
    [32m&apos;      state2.results...&apos;[39m
}
[WebflowDesignerDetection] Method &apos;getAllElementsByClass&apos;: {
  type: [32m&apos;function&apos;[39m,
  length: [33m0[39m,
  name: [32m&apos;spy&apos;[39m,
  toString: [32m&apos;function(...args) {\n&apos;[39m +
    [32m&apos;    let state2 = getInternalState(fn);\n&apos;[39m +
    [32m&apos;    state2.called = !0, state2.callCount++, state2.calls.push(args);\n&apos;[39m +
    [32m&apos;    let next = state2.next.shift();\n&apos;[39m +
    [32m&apos;    if (next) {\n&apos;[39m +
    [32m&apos;      state2.results...&apos;[39m
}
[WebflowDesignerDetection] Prototype methods: [
  [32m&apos;constructor&apos;[39m,
  [32m&apos;__defineGetter__&apos;[39m,
  [32m&apos;__defineSetter__&apos;[39m,
  [32m&apos;hasOwnProperty&apos;[39m,
  [32m&apos;__lookupGetter__&apos;[39m,
  [32m&apos;__lookupSetter__&apos;[39m,
  [32m&apos;isPrototypeOf&apos;[39m,
  [32m&apos;propertyIsEnumerable&apos;[39m,
  [32m&apos;toString&apos;[39m,
  [32m&apos;valueOf&apos;[39m,
  [32m&apos;__proto__&apos;[39m,
  [32m&apos;toLocaleString&apos;[39m
]
[WebflowDesignerAPI] Detected capabilities: {
  canReadPageInfo: [33mtrue[39m,
  canUpdatePageTitle: [33mfalse[39m,
  canUpdatePageMeta: [33mfalse[39m,
  canUpdatePageSlug: [33mfalse[39m,
  canAddCustomCode: [33mfalse[39m,
  canUpdateCMS: [33mfalse[39m,
  canManipulateElements: [33mfalse[39m,
  canSelectElements: [33mfalse[39m,
  hasElementBuilder: [33mfalse[39m,
  availableMethods: [ [32m&apos;getCurrentPage&apos;[39m, [32m&apos;getAllElementsByTag&apos;[39m, [32m&apos;getAllElementsByClass&apos;[39m ]
}
[WebflowInsertion] Using Webflow Designer Extension APIs for modifications

[WebflowInsertion] Applying request: { type: [32m&apos;page_title&apos;[39m, pageId: [90mundefined[39m, value: [90mundefined[39m }

            </system-out>
            <failure message="promise resolved &quot;{ success: false, error: { …(3) } }&quot; instead of rejecting" type="AssertionError">
AssertionError: promise resolved &quot;{ success: false, error: { …(3) } }&quot; instead of rejecting

- Expected
+ Received

- Error {
-   &quot;message&quot;: &quot;rejected promise&quot;,
+ {
+   &quot;error&quot;: {
+     &quot;code&quot;: 500,
+     &quot;err&quot;: &quot;Unknown Error&quot;,
+     &quot;msg&quot;: &quot;Page ID is required for page operations&quot;,
+   },
+   &quot;success&quot;: false,
  }

 ❯ client/src/lib/webflowInsertion.content.test.ts:327:43
            </failure>
        </testcase>
        <testcase classname="client/src/lib/webflowInsertion.content.test.ts" name="Content Element Apply Functionality - Integration Tests &gt; Content Element Type Validation &gt; should handle unknown content element types" time="0.0062103">
            <system-out>
[WebflowInsertion] Webflow Designer context detected
[WebflowDesignerDetection] === WEBFLOW API INSPECTION ===
[WebflowDesignerDetection] typeof window.webflow: object
[WebflowDesignerDetection] window.webflow: {
  getCurrentPage: [Function: spy] {
    getMockName: [36m[Function (anonymous)][39m,
    mockName: [36m[Function (anonymous)][39m,
    mockClear: [36m[Function (anonymous)][39m,
    mockReset: [36m[Function (anonymous)][39m,
    mockRestore: [36m[Function (anonymous)][39m,
    getMockImplementation: [36m[Function (anonymous)][39m,
    mockImplementation: [36m[Function (anonymous)][39m,
    mockImplementationOnce: [36m[Function (anonymous)][39m,
    withImplementation: [36m[Function: withImplementation][39m,
    mockReturnThis: [36m[Function (anonymous)][39m,
    mockReturnValue: [36m[Function (anonymous)][39m,
    mockReturnValueOnce: [36m[Function (anonymous)][39m,
    mockResolvedValue: [36m[Function (anonymous)][39m,
    mockResolvedValueOnce: [36m[Function (anonymous)][39m,
    mockRejectedValue: [36m[Function (anonymous)][39m,
    mockRejectedValueOnce: [36m[Function (anonymous)][39m,
    [[32mSymbol(nodejs.dispose)[39m]: [36m[Function (anonymous)][39m
  },
  getAllElementsByTag: [Function: spy] {
    getMockName: [36m[Function (anonymous)][39m,
    mockName: [36m[Function (anonymous)][39m,
    mockClear: [36m[Function (anonymous)][39m,
    mockReset: [36m[Function (anonymous)][39m,
    mockRestore: [36m[Function (anonymous)][39m,
    getMockImplementation: [36m[Function (anonymous)][39m,
    mockImplementation: [36m[Function (anonymous)][39m,
    mockImplementationOnce: [36m[Function (anonymous)][39m,
    withImplementation: [36m[Function: withImplementation][39m,
    mockReturnThis: [36m[Function (anonymous)][39m,
    mockReturnValue: [36m[Function (anonymous)][39m,
    mockReturnValueOnce: [36m[Function (anonymous)][39m,
    mockResolvedValue: [36m[Function (anonymous)][39m,
    mockResolvedValueOnce: [36m[Function (anonymous)][39m,
    mockRejectedValue: [36m[Function (anonymous)][39m,
    mockRejectedValueOnce: [36m[Function (anonymous)][39m,
    [[32mSymbol(nodejs.dispose)[39m]: [36m[Function (anonymous)][39m
  },
  getAllElementsByClass: [Function: spy] {
    getMockName: [36m[Function (anonymous)][39m,
    mockName: [36m[Function (anonymous)][39m,
    mockClear: [36m[Function (anonymous)][39m,
    mockReset: [36m[Function (anonymous)][39m,
    mockRestore: [36m[Function (anonymous)][39m,
    getMockImplementation: [36m[Function (anonymous)][39m,
    mockImplementation: [36m[Function (anonymous)][39m,
    mockImplementationOnce: [36m[Function (anonymous)][39m,
    withImplementation: [36m[Function: withImplementation][39m,
    mockReturnThis: [36m[Function (anonymous)][39m,
    mockReturnValue: [36m[Function (anonymous)][39m,
    mockReturnValueOnce: [36m[Function (anonymous)][39m,
    mockResolvedValue: [36m[Function (anonymous)][39m,
    mockResolvedValueOnce: [36m[Function (anonymous)][39m,
    mockRejectedValue: [36m[Function (anonymous)][39m,
    mockRejectedValueOnce: [36m[Function (anonymous)][39m,
    [[32mSymbol(nodejs.dispose)[39m]: [36m[Function (anonymous)][39m
  }
}
[WebflowDesignerDetection] Available webflow properties: [ [32m&apos;getCurrentPage&apos;[39m, [32m&apos;getAllElementsByTag&apos;[39m, [32m&apos;getAllElementsByClass&apos;[39m ]
[WebflowDesignerDetection] Available webflow methods: [ [32m&apos;getCurrentPage&apos;[39m, [32m&apos;getAllElementsByTag&apos;[39m, [32m&apos;getAllElementsByClass&apos;[39m ]
[WebflowDesignerDetection] Method &apos;getCurrentPage&apos;: {
  type: [32m&apos;function&apos;[39m,
  length: [33m0[39m,
  name: [32m&apos;spy&apos;[39m,
  toString: [32m&apos;function(...args) {\n&apos;[39m +
    [32m&apos;    let state2 = getInternalState(fn);\n&apos;[39m +
    [32m&apos;    state2.called = !0, state2.callCount++, state2.calls.push(args);\n&apos;[39m +
    [32m&apos;    let next = state2.next.shift();\n&apos;[39m +
    [32m&apos;    if (next) {\n&apos;[39m +
    [32m&apos;      state2.results...&apos;[39m
}
[WebflowDesignerDetection] Method &apos;getAllElementsByTag&apos;: {
  type: [32m&apos;function&apos;[39m,
  length: [33m0[39m,
  name: [32m&apos;spy&apos;[39m,
  toString: [32m&apos;function(...args) {\n&apos;[39m +
    [32m&apos;    let state2 = getInternalState(fn);\n&apos;[39m +
    [32m&apos;    state2.called = !0, state2.callCount++, state2.calls.push(args);\n&apos;[39m +
    [32m&apos;    let next = state2.next.shift();\n&apos;[39m +
    [32m&apos;    if (next) {\n&apos;[39m +
    [32m&apos;      state2.results...&apos;[39m
}
[WebflowDesignerDetection] Method &apos;getAllElementsByClass&apos;: {
  type: [32m&apos;function&apos;[39m,
  length: [33m0[39m,
  name: [32m&apos;spy&apos;[39m,
  toString: [32m&apos;function(...args) {\n&apos;[39m +
    [32m&apos;    let state2 = getInternalState(fn);\n&apos;[39m +
    [32m&apos;    state2.called = !0, state2.callCount++, state2.calls.push(args);\n&apos;[39m +
    [32m&apos;    let next = state2.next.shift();\n&apos;[39m +
    [32m&apos;    if (next) {\n&apos;[39m +
    [32m&apos;      state2.results...&apos;[39m
}
[WebflowDesignerDetection] Prototype methods: [
  [32m&apos;constructor&apos;[39m,
  [32m&apos;__defineGetter__&apos;[39m,
  [32m&apos;__defineSetter__&apos;[39m,
  [32m&apos;hasOwnProperty&apos;[39m,
  [32m&apos;__lookupGetter__&apos;[39m,
  [32m&apos;__lookupSetter__&apos;[39m,
  [32m&apos;isPrototypeOf&apos;[39m,
  [32m&apos;propertyIsEnumerable&apos;[39m,
  [32m&apos;toString&apos;[39m,
  [32m&apos;valueOf&apos;[39m,
  [32m&apos;__proto__&apos;[39m,
  [32m&apos;toLocaleString&apos;[39m
]
[WebflowDesignerAPI] Detected capabilities: {
  canReadPageInfo: [33mtrue[39m,
  canUpdatePageTitle: [33mfalse[39m,
  canUpdatePageMeta: [33mfalse[39m,
  canUpdatePageSlug: [33mfalse[39m,
  canAddCustomCode: [33mfalse[39m,
  canUpdateCMS: [33mfalse[39m,
  canManipulateElements: [33mfalse[39m,
  canSelectElements: [33mfalse[39m,
  hasElementBuilder: [33mfalse[39m,
  availableMethods: [ [32m&apos;getCurrentPage&apos;[39m, [32m&apos;getAllElementsByTag&apos;[39m, [32m&apos;getAllElementsByClass&apos;[39m ]
}
[WebflowInsertion] Using Webflow Designer Extension APIs for modifications

[WebflowInsertion] Applying request: { type: [32m&apos;unknown_element&apos;[39m, pageId: [32m&apos;page_123&apos;[39m, value: [32m&apos;Some content&apos;[39m }

            </system-out>
            <system-err>
[WebflowInsertion] Apply error: TypeError: this.api.getConfig is not a function
    at WebflowInsertion.checkPermissions [90m(C:\Users\Paul Mulligan\PMDS\Projects\AI-SEO-Copilot-for-Webflow\[39mclient\src\lib\webflowInsertion.ts:319:29[90m)[39m
    at WebflowInsertion.apply [90m(C:\Users\Paul Mulligan\PMDS\Projects\AI-SEO-Copilot-for-Webflow\[39mclient\src\lib\webflowInsertion.ts:90:18[90m)[39m
    at [90mC:\Users\Paul Mulligan\PMDS\Projects\AI-SEO-Copilot-for-Webflow\[39mclient\src\lib\webflowInsertion.content.test.ts:337:37
    at [90mfile:///C:/Users/Paul%20Mulligan/PMDS/Projects/AI-SEO-Copilot-for-Webflow/[39mnode_modules/[4m.pnpm[24m/@vitest+runner@3.2.4/node_modules/[4m@vitest[24m/runner/dist/chunk-hooks.js:155:11
    at [90mfile:///C:/Users/Paul%20Mulligan/PMDS/Projects/AI-SEO-Copilot-for-Webflow/[39mnode_modules/[4m.pnpm[24m/@vitest+runner@3.2.4/node_modules/[4m@vitest[24m/runner/dist/chunk-hooks.js:752:26
    at [90mfile:///C:/Users/Paul%20Mulligan/PMDS/Projects/AI-SEO-Copilot-for-Webflow/[39mnode_modules/[4m.pnpm[24m/@vitest+runner@3.2.4/node_modules/[4m@vitest[24m/runner/dist/chunk-hooks.js:1897:20
    at new Promise (&lt;anonymous&gt;)
    at runWithTimeout [90m(file:///C:/Users/Paul%20Mulligan/PMDS/Projects/AI-SEO-Copilot-for-Webflow/[39mnode_modules/[4m.pnpm[24m/@vitest+runner@3.2.4/node_modules/[4m@vitest[24m/runner/dist/chunk-hooks.js:1863:10[90m)[39m
    at runTest [90m(file:///C:/Users/Paul%20Mulligan/PMDS/Projects/AI-SEO-Copilot-for-Webflow/[39mnode_modules/[4m.pnpm[24m/@vitest+runner@3.2.4/node_modules/[4m@vitest[24m/runner/dist/chunk-hooks.js:1574:12[90m)[39m
[90m    at processTicksAndRejections (node:internal/process/task_queues:105:5)[39m

            </system-err>
            <failure message="promise resolved &quot;{ success: false, error: { …(3) } }&quot; instead of rejecting" type="AssertionError">
AssertionError: promise resolved &quot;{ success: false, error: { …(3) } }&quot; instead of rejecting

- Expected
+ Received

- Error {
-   &quot;message&quot;: &quot;rejected promise&quot;,
+ {
+   &quot;error&quot;: {
+     &quot;code&quot;: 500,
+     &quot;err&quot;: &quot;Unknown Error&quot;,
+     &quot;msg&quot;: &quot;this.api.getConfig is not a function&quot;,
+   },
+   &quot;success&quot;: false,
  }

 ❯ client/src/lib/webflowInsertion.content.test.ts:337:43
            </failure>
        </testcase>
        <testcase classname="client/src/lib/webflowInsertion.content.test.ts" name="Content Element Apply Functionality - Integration Tests &gt; Permission and Context Validation &gt; should check permissions before applying content element changes" time="0.0032468">
            <system-out>
[WebflowInsertion] Webflow Designer context detected
[WebflowDesignerDetection] === WEBFLOW API INSPECTION ===
[WebflowDesignerDetection] typeof window.webflow: object
[WebflowDesignerDetection] window.webflow: {
  getCurrentPage: [Function: spy] {
    getMockName: [36m[Function (anonymous)][39m,
    mockName: [36m[Function (anonymous)][39m,
    mockClear: [36m[Function (anonymous)][39m,
    mockReset: [36m[Function (anonymous)][39m,
    mockRestore: [36m[Function (anonymous)][39m,
    getMockImplementation: [36m[Function (anonymous)][39m,
    mockImplementation: [36m[Function (anonymous)][39m,
    mockImplementationOnce: [36m[Function (anonymous)][39m,
    withImplementation: [36m[Function: withImplementation][39m,
    mockReturnThis: [36m[Function (anonymous)][39m,
    mockReturnValue: [36m[Function (anonymous)][39m,
    mockReturnValueOnce: [36m[Function (anonymous)][39m,
    mockResolvedValue: [36m[Function (anonymous)][39m,
    mockResolvedValueOnce: [36m[Function (anonymous)][39m,
    mockRejectedValue: [36m[Function (anonymous)][39m,
    mockRejectedValueOnce: [36m[Function (anonymous)][39m,
    [[32mSymbol(nodejs.dispose)[39m]: [36m[Function (anonymous)][39m
  },
  getAllElementsByTag: [Function: spy] {
    getMockName: [36m[Function (anonymous)][39m,
    mockName: [36m[Function (anonymous)][39m,
    mockClear: [36m[Function (anonymous)][39m,
    mockReset: [36m[Function (anonymous)][39m,
    mockRestore: [36m[Function (anonymous)][39m,
    getMockImplementation: [36m[Function (anonymous)][39m,
    mockImplementation: [36m[Function (anonymous)][39m,
    mockImplementationOnce: [36m[Function (anonymous)][39m,
    withImplementation: [36m[Function: withImplementation][39m,
    mockReturnThis: [36m[Function (anonymous)][39m,
    mockReturnValue: [36m[Function (anonymous)][39m,
    mockReturnValueOnce: [36m[Function (anonymous)][39m,
    mockResolvedValue: [36m[Function (anonymous)][39m,
    mockResolvedValueOnce: [36m[Function (anonymous)][39m,
    mockRejectedValue: [36m[Function (anonymous)][39m,
    mockRejectedValueOnce: [36m[Function (anonymous)][39m,
    [[32mSymbol(nodejs.dispose)[39m]: [36m[Function (anonymous)][39m
  },
  getAllElementsByClass: [Function: spy] {
    getMockName: [36m[Function (anonymous)][39m,
    mockName: [36m[Function (anonymous)][39m,
    mockClear: [36m[Function (anonymous)][39m,
    mockReset: [36m[Function (anonymous)][39m,
    mockRestore: [36m[Function (anonymous)][39m,
    getMockImplementation: [36m[Function (anonymous)][39m,
    mockImplementation: [36m[Function (anonymous)][39m,
    mockImplementationOnce: [36m[Function (anonymous)][39m,
    withImplementation: [36m[Function: withImplementation][39m,
    mockReturnThis: [36m[Function (anonymous)][39m,
    mockReturnValue: [36m[Function (anonymous)][39m,
    mockReturnValueOnce: [36m[Function (anonymous)][39m,
    mockResolvedValue: [36m[Function (anonymous)][39m,
    mockResolvedValueOnce: [36m[Function (anonymous)][39m,
    mockRejectedValue: [36m[Function (anonymous)][39m,
    mockRejectedValueOnce: [36m[Function (anonymous)][39m,
    [[32mSymbol(nodejs.dispose)[39m]: [36m[Function (anonymous)][39m
  }
}
[WebflowDesignerDetection] Available webflow properties: [ [32m&apos;getCurrentPage&apos;[39m, [32m&apos;getAllElementsByTag&apos;[39m, [32m&apos;getAllElementsByClass&apos;[39m ]
[WebflowDesignerDetection] Available webflow methods: [ [32m&apos;getCurrentPage&apos;[39m, [32m&apos;getAllElementsByTag&apos;[39m, [32m&apos;getAllElementsByClass&apos;[39m ]
[WebflowDesignerDetection] Method &apos;getCurrentPage&apos;: {
  type: [32m&apos;function&apos;[39m,
  length: [33m0[39m,
  name: [32m&apos;spy&apos;[39m,
  toString: [32m&apos;function(...args) {\n&apos;[39m +
    [32m&apos;    let state2 = getInternalState(fn);\n&apos;[39m +
    [32m&apos;    state2.called = !0, state2.callCount++, state2.calls.push(args);\n&apos;[39m +
    [32m&apos;    let next = state2.next.shift();\n&apos;[39m +
    [32m&apos;    if (next) {\n&apos;[39m +
    [32m&apos;      state2.results...&apos;[39m
}
[WebflowDesignerDetection] Method &apos;getAllElementsByTag&apos;: {
  type: [32m&apos;function&apos;[39m,
  length: [33m0[39m,
  name: [32m&apos;spy&apos;[39m,
  toString: [32m&apos;function(...args) {\n&apos;[39m +
    [32m&apos;    let state2 = getInternalState(fn);\n&apos;[39m +
    [32m&apos;    state2.called = !0, state2.callCount++, state2.calls.push(args);\n&apos;[39m +
    [32m&apos;    let next = state2.next.shift();\n&apos;[39m +
    [32m&apos;    if (next) {\n&apos;[39m +
    [32m&apos;      state2.results...&apos;[39m
}
[WebflowDesignerDetection] Method &apos;getAllElementsByClass&apos;: {
  type: [32m&apos;function&apos;[39m,
  length: [33m0[39m,
  name: [32m&apos;spy&apos;[39m,
  toString: [32m&apos;function(...args) {\n&apos;[39m +
    [32m&apos;    let state2 = getInternalState(fn);\n&apos;[39m +
    [32m&apos;    state2.called = !0, state2.callCount++, state2.calls.push(args);\n&apos;[39m +
    [32m&apos;    let next = state2.next.shift();\n&apos;[39m +
    [32m&apos;    if (next) {\n&apos;[39m +
    [32m&apos;      state2.results...&apos;[39m
}
[WebflowDesignerDetection] Prototype methods: [
  [32m&apos;constructor&apos;[39m,
  [32m&apos;__defineGetter__&apos;[39m,
  [32m&apos;__defineSetter__&apos;[39m,
  [32m&apos;hasOwnProperty&apos;[39m,
  [32m&apos;__lookupGetter__&apos;[39m,
  [32m&apos;__lookupSetter__&apos;[39m,
  [32m&apos;isPrototypeOf&apos;[39m,
  [32m&apos;propertyIsEnumerable&apos;[39m,
  [32m&apos;toString&apos;[39m,
  [32m&apos;valueOf&apos;[39m,
  [32m&apos;__proto__&apos;[39m,
  [32m&apos;toLocaleString&apos;[39m
]
[WebflowDesignerAPI] Detected capabilities: {
  canReadPageInfo: [33mtrue[39m,
  canUpdatePageTitle: [33mfalse[39m,
  canUpdatePageMeta: [33mfalse[39m,
  canUpdatePageSlug: [33mfalse[39m,
  canAddCustomCode: [33mfalse[39m,
  canUpdateCMS: [33mfalse[39m,
  canManipulateElements: [33mfalse[39m,
  canSelectElements: [33mfalse[39m,
  hasElementBuilder: [33mfalse[39m,
  availableMethods: [ [32m&apos;getCurrentPage&apos;[39m, [32m&apos;getAllElementsByTag&apos;[39m, [32m&apos;getAllElementsByClass&apos;[39m ]
}
[WebflowInsertion] Using Webflow Designer Extension APIs for modifications

[WebflowInsertion] Applying request: {
  type: [32m&apos;page_title&apos;[39m,
  pageId: [32m&apos;page_123&apos;[39m,
  value: [32m&apos;Unauthorized Title Update&apos;[39m
}

            </system-out>
            <system-err>
[WebflowInsertion] Apply error: TypeError: this.api.getConfig is not a function
    at WebflowInsertion.checkPermissions [90m(C:\Users\Paul Mulligan\PMDS\Projects\AI-SEO-Copilot-for-Webflow\[39mclient\src\lib\webflowInsertion.ts:319:29[90m)[39m
    at WebflowInsertion.apply [90m(C:\Users\Paul Mulligan\PMDS\Projects\AI-SEO-Copilot-for-Webflow\[39mclient\src\lib\webflowInsertion.ts:90:18[90m)[39m
    at [90mC:\Users\Paul Mulligan\PMDS\Projects\AI-SEO-Copilot-for-Webflow\[39mclient\src\lib\webflowInsertion.content.test.ts:353:37
    at [90mfile:///C:/Users/Paul%20Mulligan/PMDS/Projects/AI-SEO-Copilot-for-Webflow/[39mnode_modules/[4m.pnpm[24m/@vitest+runner@3.2.4/node_modules/[4m@vitest[24m/runner/dist/chunk-hooks.js:155:11
    at [90mfile:///C:/Users/Paul%20Mulligan/PMDS/Projects/AI-SEO-Copilot-for-Webflow/[39mnode_modules/[4m.pnpm[24m/@vitest+runner@3.2.4/node_modules/[4m@vitest[24m/runner/dist/chunk-hooks.js:752:26
    at [90mfile:///C:/Users/Paul%20Mulligan/PMDS/Projects/AI-SEO-Copilot-for-Webflow/[39mnode_modules/[4m.pnpm[24m/@vitest+runner@3.2.4/node_modules/[4m@vitest[24m/runner/dist/chunk-hooks.js:1897:20
    at new Promise (&lt;anonymous&gt;)
    at runWithTimeout [90m(file:///C:/Users/Paul%20Mulligan/PMDS/Projects/AI-SEO-Copilot-for-Webflow/[39mnode_modules/[4m.pnpm[24m/@vitest+runner@3.2.4/node_modules/[4m@vitest[24m/runner/dist/chunk-hooks.js:1863:10[90m)[39m
    at runTest [90m(file:///C:/Users/Paul%20Mulligan/PMDS/Projects/AI-SEO-Copilot-for-Webflow/[39mnode_modules/[4m.pnpm[24m/@vitest+runner@3.2.4/node_modules/[4m@vitest[24m/runner/dist/chunk-hooks.js:1574:12[90m)[39m
[90m    at processTicksAndRejections (node:internal/process/task_queues:105:5)[39m

            </system-err>
            <failure message="promise resolved &quot;{ success: false, error: { …(3) } }&quot; instead of rejecting" type="AssertionError">
AssertionError: promise resolved &quot;{ success: false, error: { …(3) } }&quot; instead of rejecting

- Expected
+ Received

- Error {
-   &quot;message&quot;: &quot;rejected promise&quot;,
+ {
+   &quot;error&quot;: {
+     &quot;code&quot;: 500,
+     &quot;err&quot;: &quot;Unknown Error&quot;,
+     &quot;msg&quot;: &quot;this.api.getConfig is not a function&quot;,
+   },
+   &quot;success&quot;: false,
  }

 ❯ client/src/lib/webflowInsertion.content.test.ts:353:43
            </failure>
        </testcase>
        <testcase classname="client/src/lib/webflowInsertion.content.test.ts" name="Content Element Apply Functionality - Integration Tests &gt; Permission and Context Validation &gt; should fail gracefully when authentication is invalid" time="0.0032452">
            <system-out>
[WebflowInsertion] Webflow Designer context detected
[WebflowDesignerDetection] === WEBFLOW API INSPECTION ===
[WebflowDesignerDetection] typeof window.webflow: object
[WebflowDesignerDetection] window.webflow: {
  getCurrentPage: [Function: spy] {
    getMockName: [36m[Function (anonymous)][39m,
    mockName: [36m[Function (anonymous)][39m,
    mockClear: [36m[Function (anonymous)][39m,
    mockReset: [36m[Function (anonymous)][39m,
    mockRestore: [36m[Function (anonymous)][39m,
    getMockImplementation: [36m[Function (anonymous)][39m,
    mockImplementation: [36m[Function (anonymous)][39m,
    mockImplementationOnce: [36m[Function (anonymous)][39m,
    withImplementation: [36m[Function: withImplementation][39m,
    mockReturnThis: [36m[Function (anonymous)][39m,
    mockReturnValue: [36m[Function (anonymous)][39m,
    mockReturnValueOnce: [36m[Function (anonymous)][39m,
    mockResolvedValue: [36m[Function (anonymous)][39m,
    mockResolvedValueOnce: [36m[Function (anonymous)][39m,
    mockRejectedValue: [36m[Function (anonymous)][39m,
    mockRejectedValueOnce: [36m[Function (anonymous)][39m,
    [[32mSymbol(nodejs.dispose)[39m]: [36m[Function (anonymous)][39m
  },
  getAllElementsByTag: [Function: spy] {
    getMockName: [36m[Function (anonymous)][39m,
    mockName: [36m[Function (anonymous)][39m,
    mockClear: [36m[Function (anonymous)][39m,
    mockReset: [36m[Function (anonymous)][39m,
    mockRestore: [36m[Function (anonymous)][39m,
    getMockImplementation: [36m[Function (anonymous)][39m,
    mockImplementation: [36m[Function (anonymous)][39m,
    mockImplementationOnce: [36m[Function (anonymous)][39m,
    withImplementation: [36m[Function: withImplementation][39m,
    mockReturnThis: [36m[Function (anonymous)][39m,
    mockReturnValue: [36m[Function (anonymous)][39m,
    mockReturnValueOnce: [36m[Function (anonymous)][39m,
    mockResolvedValue: [36m[Function (anonymous)][39m,
    mockResolvedValueOnce: [36m[Function (anonymous)][39m,
    mockRejectedValue: [36m[Function (anonymous)][39m,
    mockRejectedValueOnce: [36m[Function (anonymous)][39m,
    [[32mSymbol(nodejs.dispose)[39m]: [36m[Function (anonymous)][39m
  },
  getAllElementsByClass: [Function: spy] {
    getMockName: [36m[Function (anonymous)][39m,
    mockName: [36m[Function (anonymous)][39m,
    mockClear: [36m[Function (anonymous)][39m,
    mockReset: [36m[Function (anonymous)][39m,
    mockRestore: [36m[Function (anonymous)][39m,
    getMockImplementation: [36m[Function (anonymous)][39m,
    mockImplementation: [36m[Function (anonymous)][39m,
    mockImplementationOnce: [36m[Function (anonymous)][39m,
    withImplementation: [36m[Function: withImplementation][39m,
    mockReturnThis: [36m[Function (anonymous)][39m,
    mockReturnValue: [36m[Function (anonymous)][39m,
    mockReturnValueOnce: [36m[Function (anonymous)][39m,
    mockResolvedValue: [36m[Function (anonymous)][39m,
    mockResolvedValueOnce: [36m[Function (anonymous)][39m,
    mockRejectedValue: [36m[Function (anonymous)][39m,
    mockRejectedValueOnce: [36m[Function (anonymous)][39m,
    [[32mSymbol(nodejs.dispose)[39m]: [36m[Function (anonymous)][39m
  }
}
[WebflowDesignerDetection] Available webflow properties: [ [32m&apos;getCurrentPage&apos;[39m, [32m&apos;getAllElementsByTag&apos;[39m, [32m&apos;getAllElementsByClass&apos;[39m ]
[WebflowDesignerDetection] Available webflow methods: [ [32m&apos;getCurrentPage&apos;[39m, [32m&apos;getAllElementsByTag&apos;[39m, [32m&apos;getAllElementsByClass&apos;[39m ]
[WebflowDesignerDetection] Method &apos;getCurrentPage&apos;: {
  type: [32m&apos;function&apos;[39m,
  length: [33m0[39m,
  name: [32m&apos;spy&apos;[39m,
  toString: [32m&apos;function(...args) {\n&apos;[39m +
    [32m&apos;    let state2 = getInternalState(fn);\n&apos;[39m +
    [32m&apos;    state2.called = !0, state2.callCount++, state2.calls.push(args);\n&apos;[39m +
    [32m&apos;    let next = state2.next.shift();\n&apos;[39m +
    [32m&apos;    if (next) {\n&apos;[39m +
    [32m&apos;      state2.results...&apos;[39m
}
[WebflowDesignerDetection] Method &apos;getAllElementsByTag&apos;: {
  type: [32m&apos;function&apos;[39m,
  length: [33m0[39m,
  name: [32m&apos;spy&apos;[39m,
  toString: [32m&apos;function(...args) {\n&apos;[39m +
    [32m&apos;    let state2 = getInternalState(fn);\n&apos;[39m +
    [32m&apos;    state2.called = !0, state2.callCount++, state2.calls.push(args);\n&apos;[39m +
    [32m&apos;    let next = state2.next.shift();\n&apos;[39m +
    [32m&apos;    if (next) {\n&apos;[39m +
    [32m&apos;      state2.results...&apos;[39m
}
[WebflowDesignerDetection] Method &apos;getAllElementsByClass&apos;: {
  type: [32m&apos;function&apos;[39m,
  length: [33m0[39m,
  name: [32m&apos;spy&apos;[39m,
  toString: [32m&apos;function(...args) {\n&apos;[39m +
    [32m&apos;    let state2 = getInternalState(fn);\n&apos;[39m +
    [32m&apos;    state2.called = !0, state2.callCount++, state2.calls.push(args);\n&apos;[39m +
    [32m&apos;    let next = state2.next.shift();\n&apos;[39m +
    [32m&apos;    if (next) {\n&apos;[39m +
    [32m&apos;      state2.results...&apos;[39m
}
[WebflowDesignerDetection] Prototype methods: [
  [32m&apos;constructor&apos;[39m,
  [32m&apos;__defineGetter__&apos;[39m,
  [32m&apos;__defineSetter__&apos;[39m,
  [32m&apos;hasOwnProperty&apos;[39m,
  [32m&apos;__lookupGetter__&apos;[39m,
  [32m&apos;__lookupSetter__&apos;[39m,
  [32m&apos;isPrototypeOf&apos;[39m,
  [32m&apos;propertyIsEnumerable&apos;[39m,
  [32m&apos;toString&apos;[39m,
  [32m&apos;valueOf&apos;[39m,
  [32m&apos;__proto__&apos;[39m,
  [32m&apos;toLocaleString&apos;[39m
]
[WebflowDesignerAPI] Detected capabilities: {
  canReadPageInfo: [33mtrue[39m,
  canUpdatePageTitle: [33mfalse[39m,
  canUpdatePageMeta: [33mfalse[39m,
  canUpdatePageSlug: [33mfalse[39m,
  canAddCustomCode: [33mfalse[39m,
  canUpdateCMS: [33mfalse[39m,
  canManipulateElements: [33mfalse[39m,
  canSelectElements: [33mfalse[39m,
  hasElementBuilder: [33mfalse[39m,
  availableMethods: [ [32m&apos;getCurrentPage&apos;[39m, [32m&apos;getAllElementsByTag&apos;[39m, [32m&apos;getAllElementsByClass&apos;[39m ]
}
[WebflowInsertion] Using Webflow Designer Extension APIs for modifications

[WebflowInsertion] Applying request: {
  type: [32m&apos;page_title&apos;[39m,
  pageId: [32m&apos;page_123&apos;[39m,
  value: [32m&apos;Unauthenticated Title Update&apos;[39m
}

            </system-out>
            <system-err>
[WebflowInsertion] Apply error: TypeError: this.api.getConfig is not a function
    at WebflowInsertion.checkPermissions [90m(C:\Users\Paul Mulligan\PMDS\Projects\AI-SEO-Copilot-for-Webflow\[39mclient\src\lib\webflowInsertion.ts:319:29[90m)[39m
    at WebflowInsertion.apply [90m(C:\Users\Paul Mulligan\PMDS\Projects\AI-SEO-Copilot-for-Webflow\[39mclient\src\lib\webflowInsertion.ts:90:18[90m)[39m
    at [90mC:\Users\Paul Mulligan\PMDS\Projects\AI-SEO-Copilot-for-Webflow\[39mclient\src\lib\webflowInsertion.content.test.ts:368:37
    at [90mfile:///C:/Users/Paul%20Mulligan/PMDS/Projects/AI-SEO-Copilot-for-Webflow/[39mnode_modules/[4m.pnpm[24m/@vitest+runner@3.2.4/node_modules/[4m@vitest[24m/runner/dist/chunk-hooks.js:155:11
    at [90mfile:///C:/Users/Paul%20Mulligan/PMDS/Projects/AI-SEO-Copilot-for-Webflow/[39mnode_modules/[4m.pnpm[24m/@vitest+runner@3.2.4/node_modules/[4m@vitest[24m/runner/dist/chunk-hooks.js:752:26
    at [90mfile:///C:/Users/Paul%20Mulligan/PMDS/Projects/AI-SEO-Copilot-for-Webflow/[39mnode_modules/[4m.pnpm[24m/@vitest+runner@3.2.4/node_modules/[4m@vitest[24m/runner/dist/chunk-hooks.js:1897:20
    at new Promise (&lt;anonymous&gt;)
    at runWithTimeout [90m(file:///C:/Users/Paul%20Mulligan/PMDS/Projects/AI-SEO-Copilot-for-Webflow/[39mnode_modules/[4m.pnpm[24m/@vitest+runner@3.2.4/node_modules/[4m@vitest[24m/runner/dist/chunk-hooks.js:1863:10[90m)[39m
    at runTest [90m(file:///C:/Users/Paul%20Mulligan/PMDS/Projects/AI-SEO-Copilot-for-Webflow/[39mnode_modules/[4m.pnpm[24m/@vitest+runner@3.2.4/node_modules/[4m@vitest[24m/runner/dist/chunk-hooks.js:1574:12[90m)[39m
[90m    at processTicksAndRejections (node:internal/process/task_queues:105:5)[39m

            </system-err>
            <failure message="promise resolved &quot;{ success: false, error: { …(3) } }&quot; instead of rejecting" type="AssertionError">
AssertionError: promise resolved &quot;{ success: false, error: { …(3) } }&quot; instead of rejecting

- Expected
+ Received

- Error {
-   &quot;message&quot;: &quot;rejected promise&quot;,
+ {
+   &quot;error&quot;: {
+     &quot;code&quot;: 500,
+     &quot;err&quot;: &quot;Unknown Error&quot;,
+     &quot;msg&quot;: &quot;this.api.getConfig is not a function&quot;,
+   },
+   &quot;success&quot;: false,
  }

 ❯ client/src/lib/webflowInsertion.content.test.ts:368:43
            </failure>
        </testcase>
    </testsuite>
    <testsuite name="client/src/lib/webflowInsertion.test.ts" timestamp="2025-10-09T00:10:01.980Z" hostname="JohnDee" tests="19" failures="0" errors="0" skipped="0" time="0.378727">
        <testcase classname="client/src/lib/webflowInsertion.test.ts" name="WebflowInsertion &gt; Single Insertion Operations &gt; should apply page title recommendation" time="0.0070232">
            <system-out>
[WebflowInsertion] No Designer context, using Data API for modifications

[WebflowInsertion] Applying request: {
  type: [32m&apos;page_title&apos;[39m,
  pageId: [32m&apos;page_123&apos;[39m,
  value: [32m&apos;New Optimized Title&apos;[39m
}

[WebflowInsertion] Using Data API to update page title

[WebflowInsertion] Apply result: {
  success: [33mtrue[39m,
  data: {
    _id: [32m&apos;page_123&apos;[39m,
    title: [32m&apos;New Optimized Title&apos;[39m,
    lastUpdated: [32m&apos;2025-10-09T00:07:14.550Z&apos;[39m
  }
}

            </system-out>
        </testcase>
        <testcase classname="client/src/lib/webflowInsertion.test.ts" name="WebflowInsertion &gt; Single Insertion Operations &gt; should apply meta description recommendation" time="0.0018749">
            <system-out>
[WebflowInsertion] No Designer context, using Data API for modifications

[WebflowInsertion] Applying request: {
  type: [32m&apos;meta_description&apos;[39m,
  pageId: [32m&apos;page_123&apos;[39m,
  value: [32m&apos;New SEO-optimized meta description for better visibility&apos;[39m
}

[WebflowInsertion] Using Data API to update meta description

[WebflowInsertion] Apply result: {
  success: [33mtrue[39m,
  data: {
    _id: [32m&apos;page_123&apos;[39m,
    seo: {
      title: [32m&apos;Existing Title&apos;[39m,
      description: [32m&apos;New SEO-optimized meta description for better visibility&apos;[39m
    },
    lastUpdated: [32m&apos;2025-10-09T00:07:14.556Z&apos;[39m
  }
}

            </system-out>
        </testcase>
        <testcase classname="client/src/lib/webflowInsertion.test.ts" name="WebflowInsertion &gt; Single Insertion Operations &gt; should apply page SEO data (title + description)" time="0.001405">
            <system-out>
[WebflowInsertion] No Designer context, using Data API for modifications

[WebflowInsertion] Applying request: {
  type: [32m&apos;page_seo&apos;[39m,
  pageId: [32m&apos;page_123&apos;[39m,
  value: {
    title: [32m&apos;Optimized SEO Title&apos;[39m,
    description: [32m&apos;Optimized SEO description&apos;[39m
  }
}

[WebflowInsertion] Apply result: {
  success: [33mtrue[39m,
  data: {
    _id: [32m&apos;page_123&apos;[39m,
    seo: {
      title: [32m&apos;Optimized SEO Title&apos;[39m,
      description: [32m&apos;Optimized SEO description&apos;[39m
    },
    lastUpdated: [32m&apos;2025-10-09T00:07:14.557Z&apos;[39m
  }
}

            </system-out>
        </testcase>
        <testcase classname="client/src/lib/webflowInsertion.test.ts" name="WebflowInsertion &gt; Single Insertion Operations &gt; should apply CMS field recommendation" time="0.001947">
            <system-out>
[WebflowInsertion] No Designer context, using Data API for modifications

[WebflowInsertion] Applying request: {
  type: [32m&apos;cms_field&apos;[39m,
  pageId: [90mundefined[39m,
  value: [32m&apos;Updated Blog Post Title&apos;[39m
}

[WebflowInsertion] Apply result: {
  success: [33mtrue[39m,
  data: {
    _id: [32m&apos;item_123&apos;[39m,
    fieldData: {
      name: [32m&apos;Updated Blog Post Title&apos;[39m,
      slug: [32m&apos;updated-blog-post-title&apos;[39m
    },
    lastUpdated: [32m&apos;2025-10-09T00:07:14.559Z&apos;[39m
  }
}

            </system-out>
        </testcase>
        <testcase classname="client/src/lib/webflowInsertion.test.ts" name="WebflowInsertion &gt; Validation &gt; should validate required fields for page operations" time="0.0042726">
            <system-out>
[WebflowInsertion] No Designer context, using Data API for modifications

[WebflowInsertion] Applying request: { type: [32m&apos;page_title&apos;[39m, pageId: [90mundefined[39m, value: [32m&apos;New Title&apos;[39m }

            </system-out>
            <system-err>
[WebflowInsertion] Apply error: Error: Page ID is required for page operations
    at WebflowInsertion.validateRequest [90m(C:\Users\Paul Mulligan\PMDS\Projects\AI-SEO-Copilot-for-Webflow\[39mclient\src\lib\webflowInsertion.ts:288:15[90m)[39m
    at WebflowInsertion.apply [90m(C:\Users\Paul Mulligan\PMDS\Projects\AI-SEO-Copilot-for-Webflow\[39mclient\src\lib\webflowInsertion.ts:87:12[90m)[39m
    at [90mC:\Users\Paul Mulligan\PMDS\Projects\AI-SEO-Copilot-for-Webflow\[39mclient\src\lib\webflowInsertion.test.ts:202:38
    at [90mfile:///C:/Users/Paul%20Mulligan/PMDS/Projects/AI-SEO-Copilot-for-Webflow/[39mnode_modules/[4m.pnpm[24m/@vitest+runner@3.2.4/node_modules/[4m@vitest[24m/runner/dist/chunk-hooks.js:155:11
    at [90mfile:///C:/Users/Paul%20Mulligan/PMDS/Projects/AI-SEO-Copilot-for-Webflow/[39mnode_modules/[4m.pnpm[24m/@vitest+runner@3.2.4/node_modules/[4m@vitest[24m/runner/dist/chunk-hooks.js:752:26
    at [90mfile:///C:/Users/Paul%20Mulligan/PMDS/Projects/AI-SEO-Copilot-for-Webflow/[39mnode_modules/[4m.pnpm[24m/@vitest+runner@3.2.4/node_modules/[4m@vitest[24m/runner/dist/chunk-hooks.js:1897:20
    at new Promise (&lt;anonymous&gt;)
    at runWithTimeout [90m(file:///C:/Users/Paul%20Mulligan/PMDS/Projects/AI-SEO-Copilot-for-Webflow/[39mnode_modules/[4m.pnpm[24m/@vitest+runner@3.2.4/node_modules/[4m@vitest[24m/runner/dist/chunk-hooks.js:1863:10[90m)[39m
    at runTest [90m(file:///C:/Users/Paul%20Mulligan/PMDS/Projects/AI-SEO-Copilot-for-Webflow/[39mnode_modules/[4m.pnpm[24m/@vitest+runner@3.2.4/node_modules/[4m@vitest[24m/runner/dist/chunk-hooks.js:1574:12[90m)[39m
[90m    at processTicksAndRejections (node:internal/process/task_queues:105:5)[39m

            </system-err>
        </testcase>
        <testcase classname="client/src/lib/webflowInsertion.test.ts" name="WebflowInsertion &gt; Validation &gt; should validate required fields for CMS operations" time="0.0020569">
            <system-out>
[WebflowInsertion] No Designer context, using Data API for modifications

[WebflowInsertion] Applying request: { type: [32m&apos;cms_field&apos;[39m, pageId: [90mundefined[39m, value: [32m&apos;New Value&apos;[39m }

            </system-out>
            <system-err>
[WebflowInsertion] Apply error: Error: CMS Item ID and Field ID are required for CMS operations
    at WebflowInsertion.validateRequest [90m(C:\Users\Paul Mulligan\PMDS\Projects\AI-SEO-Copilot-for-Webflow\[39mclient\src\lib\webflowInsertion.ts:294:15[90m)[39m
    at WebflowInsertion.apply [90m(C:\Users\Paul Mulligan\PMDS\Projects\AI-SEO-Copilot-for-Webflow\[39mclient\src\lib\webflowInsertion.ts:87:12[90m)[39m
    at [90mC:\Users\Paul Mulligan\PMDS\Projects\AI-SEO-Copilot-for-Webflow\[39mclient\src\lib\webflowInsertion.test.ts:216:38
    at [90mfile:///C:/Users/Paul%20Mulligan/PMDS/Projects/AI-SEO-Copilot-for-Webflow/[39mnode_modules/[4m.pnpm[24m/@vitest+runner@3.2.4/node_modules/[4m@vitest[24m/runner/dist/chunk-hooks.js:155:11
    at [90mfile:///C:/Users/Paul%20Mulligan/PMDS/Projects/AI-SEO-Copilot-for-Webflow/[39mnode_modules/[4m.pnpm[24m/@vitest+runner@3.2.4/node_modules/[4m@vitest[24m/runner/dist/chunk-hooks.js:752:26
    at [90mfile:///C:/Users/Paul%20Mulligan/PMDS/Projects/AI-SEO-Copilot-for-Webflow/[39mnode_modules/[4m.pnpm[24m/@vitest+runner@3.2.4/node_modules/[4m@vitest[24m/runner/dist/chunk-hooks.js:1897:20
    at new Promise (&lt;anonymous&gt;)
    at runWithTimeout [90m(file:///C:/Users/Paul%20Mulligan/PMDS/Projects/AI-SEO-Copilot-for-Webflow/[39mnode_modules/[4m.pnpm[24m/@vitest+runner@3.2.4/node_modules/[4m@vitest[24m/runner/dist/chunk-hooks.js:1863:10[90m)[39m
    at runTest [90m(file:///C:/Users/Paul%20Mulligan/PMDS/Projects/AI-SEO-Copilot-for-Webflow/[39mnode_modules/[4m.pnpm[24m/@vitest+runner@3.2.4/node_modules/[4m@vitest[24m/runner/dist/chunk-hooks.js:1574:12[90m)[39m
[90m    at processTicksAndRejections (node:internal/process/task_queues:105:5)[39m

            </system-err>
        </testcase>
        <testcase classname="client/src/lib/webflowInsertion.test.ts" name="WebflowInsertion &gt; Validation &gt; should validate value types" time="0.0018029">
            <system-out>
[WebflowInsertion] No Designer context, using Data API for modifications

[WebflowInsertion] Applying request: { type: [32m&apos;page_title&apos;[39m, pageId: [32m&apos;page_123&apos;[39m, value: [32m&apos;&apos;[39m }

            </system-out>
            <system-err>
[WebflowInsertion] Apply error: Error: Value cannot be empty
    at WebflowInsertion.validateRequest [90m(C:\Users\Paul Mulligan\PMDS\Projects\AI-SEO-Copilot-for-Webflow\[39mclient\src\lib\webflowInsertion.ts:305:15[90m)[39m
    at WebflowInsertion.apply [90m(C:\Users\Paul Mulligan\PMDS\Projects\AI-SEO-Copilot-for-Webflow\[39mclient\src\lib\webflowInsertion.ts:87:12[90m)[39m
    at [90mC:\Users\Paul Mulligan\PMDS\Projects\AI-SEO-Copilot-for-Webflow\[39mclient\src\lib\webflowInsertion.test.ts:229:38
    at [90mfile:///C:/Users/Paul%20Mulligan/PMDS/Projects/AI-SEO-Copilot-for-Webflow/[39mnode_modules/[4m.pnpm[24m/@vitest+runner@3.2.4/node_modules/[4m@vitest[24m/runner/dist/chunk-hooks.js:155:11
    at [90mfile:///C:/Users/Paul%20Mulligan/PMDS/Projects/AI-SEO-Copilot-for-Webflow/[39mnode_modules/[4m.pnpm[24m/@vitest+runner@3.2.4/node_modules/[4m@vitest[24m/runner/dist/chunk-hooks.js:752:26
    at [90mfile:///C:/Users/Paul%20Mulligan/PMDS/Projects/AI-SEO-Copilot-for-Webflow/[39mnode_modules/[4m.pnpm[24m/@vitest+runner@3.2.4/node_modules/[4m@vitest[24m/runner/dist/chunk-hooks.js:1897:20
    at new Promise (&lt;anonymous&gt;)
    at runWithTimeout [90m(file:///C:/Users/Paul%20Mulligan/PMDS/Projects/AI-SEO-Copilot-for-Webflow/[39mnode_modules/[4m.pnpm[24m/@vitest+runner@3.2.4/node_modules/[4m@vitest[24m/runner/dist/chunk-hooks.js:1863:10[90m)[39m
    at runTest [90m(file:///C:/Users/Paul%20Mulligan/PMDS/Projects/AI-SEO-Copilot-for-Webflow/[39mnode_modules/[4m.pnpm[24m/@vitest+runner@3.2.4/node_modules/[4m@vitest[24m/runner/dist/chunk-hooks.js:1574:12[90m)[39m
[90m    at processTicksAndRejections (node:internal/process/task_queues:105:5)[39m

            </system-err>
        </testcase>
        <testcase classname="client/src/lib/webflowInsertion.test.ts" name="WebflowInsertion &gt; Validation &gt; should validate page SEO value structure" time="0.0016508">
            <system-out>
[WebflowInsertion] No Designer context, using Data API for modifications

[WebflowInsertion] Applying request: { type: [32m&apos;page_seo&apos;[39m, pageId: [32m&apos;page_123&apos;[39m, value: [32m&apos;Invalid value&apos;[39m }

            </system-out>
            <system-err>
[WebflowInsertion] Apply error: Error: Page SEO value must be an object with title and/or description
    at WebflowInsertion.validateRequest [90m(C:\Users\Paul Mulligan\PMDS\Projects\AI-SEO-Copilot-for-Webflow\[39mclient\src\lib\webflowInsertion.ts:301:15[90m)[39m
    at WebflowInsertion.apply [90m(C:\Users\Paul Mulligan\PMDS\Projects\AI-SEO-Copilot-for-Webflow\[39mclient\src\lib\webflowInsertion.ts:87:12[90m)[39m
    at [90mC:\Users\Paul Mulligan\PMDS\Projects\AI-SEO-Copilot-for-Webflow\[39mclient\src\lib\webflowInsertion.test.ts:242:38
    at [90mfile:///C:/Users/Paul%20Mulligan/PMDS/Projects/AI-SEO-Copilot-for-Webflow/[39mnode_modules/[4m.pnpm[24m/@vitest+runner@3.2.4/node_modules/[4m@vitest[24m/runner/dist/chunk-hooks.js:155:11
    at [90mfile:///C:/Users/Paul%20Mulligan/PMDS/Projects/AI-SEO-Copilot-for-Webflow/[39mnode_modules/[4m.pnpm[24m/@vitest+runner@3.2.4/node_modules/[4m@vitest[24m/runner/dist/chunk-hooks.js:752:26
    at [90mfile:///C:/Users/Paul%20Mulligan/PMDS/Projects/AI-SEO-Copilot-for-Webflow/[39mnode_modules/[4m.pnpm[24m/@vitest+runner@3.2.4/node_modules/[4m@vitest[24m/runner/dist/chunk-hooks.js:1897:20
    at new Promise (&lt;anonymous&gt;)
    at runWithTimeout [90m(file:///C:/Users/Paul%20Mulligan/PMDS/Projects/AI-SEO-Copilot-for-Webflow/[39mnode_modules/[4m.pnpm[24m/@vitest+runner@3.2.4/node_modules/[4m@vitest[24m/runner/dist/chunk-hooks.js:1863:10[90m)[39m
    at runTest [90m(file:///C:/Users/Paul%20Mulligan/PMDS/Projects/AI-SEO-Copilot-for-Webflow/[39mnode_modules/[4m.pnpm[24m/@vitest+runner@3.2.4/node_modules/[4m@vitest[24m/runner/dist/chunk-hooks.js:1574:12[90m)[39m
[90m    at processTicksAndRejections (node:internal/process/task_queues:105:5)[39m

            </system-err>
        </testcase>
        <testcase classname="client/src/lib/webflowInsertion.test.ts" name="WebflowInsertion &gt; Validation &gt; should validate character limits" time="0.0017594">
            <system-out>
[WebflowInsertion] No Designer context, using Data API for modifications

[WebflowInsertion] Applying request: {
  type: [32m&apos;page_title&apos;[39m,
  pageId: [32m&apos;page_123&apos;[39m,
  value: [32m&apos;AAAAAAAAAAAAAAAAAAAAAAAAAAAAAAAAAAAAAAAAAAAAAAAAAAAAAAAAAAAAAAAAAAAAAAAAAAAAAAAAAAAAAAAAAAAAAAAAAAAAAAAAAAAAAAAAAAAAAAAAAAAAAAAAAAAAAAAAAAAAAAAAAAAAAAAAAAAAAAAAAAAAAAAAAAAAAAAAAAAAAAAAAAAAAAAAAAAAAAAAAAAAAAAAAAAAAAAAAAAAAAAAAAAAAAAAAAAAAAAAAAAAAAAAAAAAAAAAAAAAAAAAAAAAAAAAAAAAAAAAAAAAAAAAAAAAAAAAAAAAAAAAAAAAAAAAAAAAAAAAAAAAAAAAAAAAAAAAAAAAAAAAAAAAAAAAAAAAAAAAAAAAAAAAAAAAAAAAAAAAAAAAAAAAAAAAAAAAAAAAAAAAAAAAAAAAAAAAAAAAAAAAAAAAAAAAAAAAAAAAAAAAAAAAAAAAAAAAAAAAAAAAAAAAAAAAAAAAAAAAAAAAAAAAAAAAAAAAAAAAA&apos;[39m
}

            </system-out>
            <system-err>
[WebflowInsertion] Apply error: Error: Page title must be less than 500 characters
    at WebflowInsertion.validateRequest [90m(C:\Users\Paul Mulligan\PMDS\Projects\AI-SEO-Copilot-for-Webflow\[39mclient\src\lib\webflowInsertion.ts:311:13[90m)[39m
    at WebflowInsertion.apply [90m(C:\Users\Paul Mulligan\PMDS\Projects\AI-SEO-Copilot-for-Webflow\[39mclient\src\lib\webflowInsertion.ts:87:12[90m)[39m
    at [90mC:\Users\Paul Mulligan\PMDS\Projects\AI-SEO-Copilot-for-Webflow\[39mclient\src\lib\webflowInsertion.test.ts:255:38
    at [90mfile:///C:/Users/Paul%20Mulligan/PMDS/Projects/AI-SEO-Copilot-for-Webflow/[39mnode_modules/[4m.pnpm[24m/@vitest+runner@3.2.4/node_modules/[4m@vitest[24m/runner/dist/chunk-hooks.js:155:11
    at [90mfile:///C:/Users/Paul%20Mulligan/PMDS/Projects/AI-SEO-Copilot-for-Webflow/[39mnode_modules/[4m.pnpm[24m/@vitest+runner@3.2.4/node_modules/[4m@vitest[24m/runner/dist/chunk-hooks.js:752:26
    at [90mfile:///C:/Users/Paul%20Mulligan/PMDS/Projects/AI-SEO-Copilot-for-Webflow/[39mnode_modules/[4m.pnpm[24m/@vitest+runner@3.2.4/node_modules/[4m@vitest[24m/runner/dist/chunk-hooks.js:1897:20
    at new Promise (&lt;anonymous&gt;)
    at runWithTimeout [90m(file:///C:/Users/Paul%20Mulligan/PMDS/Projects/AI-SEO-Copilot-for-Webflow/[39mnode_modules/[4m.pnpm[24m/@vitest+runner@3.2.4/node_modules/[4m@vitest[24m/runner/dist/chunk-hooks.js:1863:10[90m)[39m
    at runTest [90m(file:///C:/Users/Paul%20Mulligan/PMDS/Projects/AI-SEO-Copilot-for-Webflow/[39mnode_modules/[4m.pnpm[24m/@vitest+runner@3.2.4/node_modules/[4m@vitest[24m/runner/dist/chunk-hooks.js:1574:12[90m)[39m
[90m    at processTicksAndRejections (node:internal/process/task_queues:105:5)[39m

            </system-err>
        </testcase>
        <testcase classname="client/src/lib/webflowInsertion.test.ts" name="WebflowInsertion &gt; Batch Operations &gt; should apply multiple recommendations in batch" time="0.0039308">
            <system-out>
[WebflowInsertion] No Designer context, using Data API for modifications

[WebflowInsertion] Starting batch apply: {
  operationCount: [33m3[39m,
  operations: [
    { type: [32m&apos;page_title&apos;[39m, pageId: [32m&apos;page_123&apos;[39m },
    { type: [32m&apos;meta_description&apos;[39m, pageId: [32m&apos;page_123&apos;[39m },
    { type: [32m&apos;page_title&apos;[39m, pageId: [32m&apos;page_456&apos;[39m }
  ],
  rollbackEnabled: [90mundefined[39m
}
[WebflowInsertion] Applying request: { type: [32m&apos;page_title&apos;[39m, pageId: [32m&apos;page_123&apos;[39m, value: [32m&apos;New Title 1&apos;[39m }

[WebflowInsertion] Using Data API to update page title

[WebflowInsertion] Apply result: { success: [33mtrue[39m, data: { _id: [32m&apos;page_123&apos;[39m, title: [32m&apos;New Title 1&apos;[39m } }

[WebflowInsertion] Applying request: {
  type: [32m&apos;meta_description&apos;[39m,
  pageId: [32m&apos;page_123&apos;[39m,
  value: [32m&apos;New Description 1&apos;[39m
}

[WebflowInsertion] Using Data API to update meta description

[WebflowInsertion] Apply result: {
  success: [33mtrue[39m,
  data: { _id: [32m&apos;page_123&apos;[39m, seo: { description: [32m&apos;New Description 1&apos;[39m } }
}

[WebflowInsertion] Applying request: { type: [32m&apos;page_title&apos;[39m, pageId: [32m&apos;page_456&apos;[39m, value: [32m&apos;New Title 2&apos;[39m }

[WebflowInsertion] Using Data API to update page title

[WebflowInsertion] Apply result: { success: [33mtrue[39m, data: { _id: [32m&apos;page_456&apos;[39m, title: [32m&apos;New Title 2&apos;[39m } }

[WebflowInsertion] Batch apply completed: {
  succeeded: [33m3[39m,
  failed: [33m0[39m,
  total: [33m3[39m,
  success: [33mtrue[39m,
  results: [
    { success: [33mtrue[39m, error: [90mundefined[39m },
    { success: [33mtrue[39m, error: [90mundefined[39m },
    { success: [33mtrue[39m, error: [90mundefined[39m }
  ]
}

            </system-out>
        </testcase>
        <testcase classname="client/src/lib/webflowInsertion.test.ts" name="WebflowInsertion &gt; Batch Operations &gt; should handle partial batch failures" time="0.0055787">
            <system-out>
[WebflowInsertion] No Designer context, using Data API for modifications

[WebflowInsertion] Starting batch apply: {
  operationCount: [33m3[39m,
  operations: [
    { type: [32m&apos;page_title&apos;[39m, pageId: [32m&apos;page_123&apos;[39m },
    { type: [32m&apos;page_title&apos;[39m, pageId: [32m&apos;page_404&apos;[39m },
    { type: [32m&apos;page_title&apos;[39m, pageId: [32m&apos;page_789&apos;[39m }
  ],
  rollbackEnabled: [90mundefined[39m
}
[WebflowInsertion] Applying request: { type: [32m&apos;page_title&apos;[39m, pageId: [32m&apos;page_123&apos;[39m, value: [32m&apos;New Title&apos;[39m }

[WebflowInsertion] Using Data API to update page title

[WebflowInsertion] Apply result: { success: [33mtrue[39m, data: { _id: [32m&apos;page_123&apos;[39m, title: [32m&apos;New Title&apos;[39m } }

[WebflowInsertion] Applying request: { type: [32m&apos;page_title&apos;[39m, pageId: [32m&apos;page_404&apos;[39m, value: [32m&apos;Will Fail&apos;[39m }

[WebflowInsertion] Using Data API to update page title

[WebflowInsertion] Applying request: { type: [32m&apos;page_title&apos;[39m, pageId: [32m&apos;page_789&apos;[39m, value: [32m&apos;Another Title&apos;[39m }

[WebflowInsertion] Using Data API to update page title

[WebflowInsertion] Apply result: { success: [33mtrue[39m, data: { _id: [32m&apos;page_789&apos;[39m, title: [32m&apos;Another Title&apos;[39m } }

[WebflowInsertion] Batch apply completed: {
  succeeded: [33m2[39m,
  failed: [33m1[39m,
  total: [33m3[39m,
  success: [33mfalse[39m,
  results: [
    { success: [33mtrue[39m, error: [90mundefined[39m },
    { success: [33mfalse[39m, error: [36m[Object][39m },
    { success: [33mtrue[39m, error: [90mundefined[39m }
  ]
}

            </system-out>
            <system-err>
[WebflowInsertion] Failed to update page title: Error: Page not found
    at Object.&lt;anonymous&gt; [90m(C:\Users\Paul Mulligan\PMDS\Projects\AI-SEO-Copilot-for-Webflow\[39mclient\src\lib\webflowInsertion.test.ts:326:17[90m)[39m
    at Object.mockCall [90m(file:///C:/Users/Paul%20Mulligan/PMDS/Projects/AI-SEO-Copilot-for-Webflow/[39mnode_modules/[4m.pnpm[24m/@vitest+spy@3.2.4/node_modules/[4m@vitest[24m/spy/dist/index.js:96:15[90m)[39m
    at Object.updatePage [90m(file:///C:/Users/Paul%20Mulligan/PMDS/Projects/AI-SEO-Copilot-for-Webflow/[39mnode_modules/[4m.pnpm[24m/tinyspy@4.0.3/node_modules/[4mtinyspy[24m/dist/index.js:47:103[90m)[39m
    at WebflowInsertion.applyPageTitle [90m(C:\Users\Paul Mulligan\PMDS\Projects\AI-SEO-Copilot-for-Webflow\[39mclient\src\lib\webflowInsertion.ts:370:44[90m)[39m
    at WebflowInsertion.apply [90m(C:\Users\Paul Mulligan\PMDS\Projects\AI-SEO-Copilot-for-Webflow\[39mclient\src\lib\webflowInsertion.ts:96:31[90m)[39m
[90m    at processTicksAndRejections (node:internal/process/task_queues:105:5)[39m
    at WebflowInsertion.applyBatch [90m(C:\Users\Paul Mulligan\PMDS\Projects\AI-SEO-Copilot-for-Webflow\[39mclient\src\lib\webflowInsertion.ts:189:22[90m)[39m
    at [90mC:\Users\Paul Mulligan\PMDS\Projects\AI-SEO-Copilot-for-Webflow\[39mclient\src\lib\webflowInsertion.test.ts:333:22
    at [90mfile:///C:/Users/Paul%20Mulligan/PMDS/Projects/AI-SEO-Copilot-for-Webflow/[39mnode_modules/[4m.pnpm[24m/@vitest+runner@3.2.4/node_modules/[4m@vitest[24m/runner/dist/chunk-hooks.js:752:20

[WebflowInsertion] Apply error: Error: Page not found
    at Object.&lt;anonymous&gt; [90m(C:\Users\Paul Mulligan\PMDS\Projects\AI-SEO-Copilot-for-Webflow\[39mclient\src\lib\webflowInsertion.test.ts:326:17[90m)[39m
    at Object.mockCall [90m(file:///C:/Users/Paul%20Mulligan/PMDS/Projects/AI-SEO-Copilot-for-Webflow/[39mnode_modules/[4m.pnpm[24m/@vitest+spy@3.2.4/node_modules/[4m@vitest[24m/spy/dist/index.js:96:15[90m)[39m
    at Object.updatePage [90m(file:///C:/Users/Paul%20Mulligan/PMDS/Projects/AI-SEO-Copilot-for-Webflow/[39mnode_modules/[4m.pnpm[24m/tinyspy@4.0.3/node_modules/[4mtinyspy[24m/dist/index.js:47:103[90m)[39m
    at WebflowInsertion.applyPageTitle [90m(C:\Users\Paul Mulligan\PMDS\Projects\AI-SEO-Copilot-for-Webflow\[39mclient\src\lib\webflowInsertion.ts:370:44[90m)[39m
    at WebflowInsertion.apply [90m(C:\Users\Paul Mulligan\PMDS\Projects\AI-SEO-Copilot-for-Webflow\[39mclient\src\lib\webflowInsertion.ts:96:31[90m)[39m
[90m    at processTicksAndRejections (node:internal/process/task_queues:105:5)[39m
    at WebflowInsertion.applyBatch [90m(C:\Users\Paul Mulligan\PMDS\Projects\AI-SEO-Copilot-for-Webflow\[39mclient\src\lib\webflowInsertion.ts:189:22[90m)[39m
    at [90mC:\Users\Paul Mulligan\PMDS\Projects\AI-SEO-Copilot-for-Webflow\[39mclient\src\lib\webflowInsertion.test.ts:333:22
    at [90mfile:///C:/Users/Paul%20Mulligan/PMDS/Projects/AI-SEO-Copilot-for-Webflow/[39mnode_modules/[4m.pnpm[24m/@vitest+runner@3.2.4/node_modules/[4m@vitest[24m/runner/dist/chunk-hooks.js:752:20

            </system-err>
        </testcase>
        <testcase classname="client/src/lib/webflowInsertion.test.ts" name="WebflowInsertion &gt; Batch Operations &gt; should require confirmation for batch operations when specified" time="0.0019788">
            <system-out>
[WebflowInsertion] No Designer context, using Data API for modifications

            </system-out>
        </testcase>
        <testcase classname="client/src/lib/webflowInsertion.test.ts" name="WebflowInsertion &gt; Batch Operations &gt; should support rollback for batch operations" time="0.0026328">
            <system-out>
[WebflowInsertion] No Designer context, using Data API for modifications

[WebflowInsertion] Starting batch apply: {
  operationCount: [33m1[39m,
  operations: [ { type: [32m&apos;page_title&apos;[39m, pageId: [32m&apos;page_123&apos;[39m } ],
  rollbackEnabled: [33mtrue[39m
}

[WebflowInsertion] Applying request: { type: [32m&apos;page_title&apos;[39m, pageId: [32m&apos;page_123&apos;[39m, value: [32m&apos;New Title&apos;[39m }

[WebflowInsertion] Using Data API to update page title

[WebflowInsertion] Apply result: { success: [33mtrue[39m, data: { _id: [32m&apos;page_123&apos;[39m, title: [32m&apos;New Title&apos;[39m } }

[WebflowInsertion] Batch apply completed: {
  succeeded: [33m1[39m,
  failed: [33m0[39m,
  total: [33m1[39m,
  success: [33mtrue[39m,
  results: [ { success: [33mtrue[39m, error: [90mundefined[39m } ]
}

[WebflowInsertion] Applying request: { type: [32m&apos;page_title&apos;[39m, pageId: [32m&apos;page_123&apos;[39m, value: [32m&apos;Original Title&apos;[39m }

[WebflowInsertion] Using Data API to update page title

[WebflowInsertion] Apply result: { success: [33mtrue[39m, data: [90mundefined[39m }

            </system-out>
        </testcase>
        <testcase classname="client/src/lib/webflowInsertion.test.ts" name="WebflowInsertion &gt; Error Handling &gt; should handle API errors gracefully" time="0.0024148">
            <system-out>
[WebflowInsertion] No Designer context, using Data API for modifications

[WebflowInsertion] Applying request: { type: [32m&apos;page_title&apos;[39m, pageId: [32m&apos;page_123&apos;[39m, value: [32m&apos;New Title&apos;[39m }

[WebflowInsertion] Using Data API to update page title

            </system-out>
            <system-err>
[WebflowInsertion] Failed to update page title: Error: API Error: Server error
    at Object.&lt;anonymous&gt; [90m(C:\Users\Paul Mulligan\PMDS\Projects\AI-SEO-Copilot-for-Webflow\[39mclient\src\lib\webflowInsertion.test.ts:413:15[90m)[39m
    at Object.mockCall [90m(file:///C:/Users/Paul%20Mulligan/PMDS/Projects/AI-SEO-Copilot-for-Webflow/[39mnode_modules/[4m.pnpm[24m/@vitest+spy@3.2.4/node_modules/[4m@vitest[24m/spy/dist/index.js:96:15[90m)[39m
    at Object.updatePage [90m(file:///C:/Users/Paul%20Mulligan/PMDS/Projects/AI-SEO-Copilot-for-Webflow/[39mnode_modules/[4m.pnpm[24m/tinyspy@4.0.3/node_modules/[4mtinyspy[24m/dist/index.js:47:103[90m)[39m
    at WebflowInsertion.applyPageTitle [90m(C:\Users\Paul Mulligan\PMDS\Projects\AI-SEO-Copilot-for-Webflow\[39mclient\src\lib\webflowInsertion.ts:370:44[90m)[39m
    at WebflowInsertion.apply [90m(C:\Users\Paul Mulligan\PMDS\Projects\AI-SEO-Copilot-for-Webflow\[39mclient\src\lib\webflowInsertion.ts:96:31[90m)[39m
[90m    at processTicksAndRejections (node:internal/process/task_queues:105:5)[39m
    at [90mC:\Users\Paul Mulligan\PMDS\Projects\AI-SEO-Copilot-for-Webflow\[39mclient\src\lib\webflowInsertion.test.ts:416:22
    at [90mfile:///C:/Users/Paul%20Mulligan/PMDS/Projects/AI-SEO-Copilot-for-Webflow/[39mnode_modules/[4m.pnpm[24m/@vitest+runner@3.2.4/node_modules/[4m@vitest[24m/runner/dist/chunk-hooks.js:752:20

[WebflowInsertion] Apply error: Error: API Error: Server error
    at Object.&lt;anonymous&gt; [90m(C:\Users\Paul Mulligan\PMDS\Projects\AI-SEO-Copilot-for-Webflow\[39mclient\src\lib\webflowInsertion.test.ts:413:15[90m)[39m
    at Object.mockCall [90m(file:///C:/Users/Paul%20Mulligan/PMDS/Projects/AI-SEO-Copilot-for-Webflow/[39mnode_modules/[4m.pnpm[24m/@vitest+spy@3.2.4/node_modules/[4m@vitest[24m/spy/dist/index.js:96:15[90m)[39m
    at Object.updatePage [90m(file:///C:/Users/Paul%20Mulligan/PMDS/Projects/AI-SEO-Copilot-for-Webflow/[39mnode_modules/[4m.pnpm[24m/tinyspy@4.0.3/node_modules/[4mtinyspy[24m/dist/index.js:47:103[90m)[39m
    at WebflowInsertion.applyPageTitle [90m(C:\Users\Paul Mulligan\PMDS\Projects\AI-SEO-Copilot-for-Webflow\[39mclient\src\lib\webflowInsertion.ts:370:44[90m)[39m
    at WebflowInsertion.apply [90m(C:\Users\Paul Mulligan\PMDS\Projects\AI-SEO-Copilot-for-Webflow\[39mclient\src\lib\webflowInsertion.ts:96:31[90m)[39m
[90m    at processTicksAndRejections (node:internal/process/task_queues:105:5)[39m
    at [90mC:\Users\Paul Mulligan\PMDS\Projects\AI-SEO-Copilot-for-Webflow\[39mclient\src\lib\webflowInsertion.test.ts:416:22
    at [90mfile:///C:/Users/Paul%20Mulligan/PMDS/Projects/AI-SEO-Copilot-for-Webflow/[39mnode_modules/[4m.pnpm[24m/@vitest+runner@3.2.4/node_modules/[4m@vitest[24m/runner/dist/chunk-hooks.js:752:20

            </system-err>
        </testcase>
        <testcase classname="client/src/lib/webflowInsertion.test.ts" name="WebflowInsertion &gt; Error Handling &gt; should handle rate limiting errors" time="0.0038397">
            <system-out>
[WebflowInsertion] No Designer context, using Data API for modifications

[WebflowInsertion] Applying request: { type: [32m&apos;page_title&apos;[39m, pageId: [32m&apos;page_123&apos;[39m, value: [32m&apos;New Title&apos;[39m }

[WebflowInsertion] Using Data API to update page title

            </system-out>
            <system-err>
[WebflowInsertion] Failed to update page title: Error: Rate Limited: Too many requests
    at [90mC:\Users\Paul Mulligan\PMDS\Projects\AI-SEO-Copilot-for-Webflow\[39mclient\src\lib\webflowInsertion.test.ts:435:30
    at [90mfile:///C:/Users/Paul%20Mulligan/PMDS/Projects/AI-SEO-Copilot-for-Webflow/[39mnode_modules/[4m.pnpm[24m/@vitest+runner@3.2.4/node_modules/[4m@vitest[24m/runner/dist/chunk-hooks.js:155:11
    at [90mfile:///C:/Users/Paul%20Mulligan/PMDS/Projects/AI-SEO-Copilot-for-Webflow/[39mnode_modules/[4m.pnpm[24m/@vitest+runner@3.2.4/node_modules/[4m@vitest[24m/runner/dist/chunk-hooks.js:752:26
    at [90mfile:///C:/Users/Paul%20Mulligan/PMDS/Projects/AI-SEO-Copilot-for-Webflow/[39mnode_modules/[4m.pnpm[24m/@vitest+runner@3.2.4/node_modules/[4m@vitest[24m/runner/dist/chunk-hooks.js:1897:20
    at new Promise (&lt;anonymous&gt;)
    at runWithTimeout [90m(file:///C:/Users/Paul%20Mulligan/PMDS/Projects/AI-SEO-Copilot-for-Webflow/[39mnode_modules/[4m.pnpm[24m/@vitest+runner@3.2.4/node_modules/[4m@vitest[24m/runner/dist/chunk-hooks.js:1863:10[90m)[39m
    at runTest [90m(file:///C:/Users/Paul%20Mulligan/PMDS/Projects/AI-SEO-Copilot-for-Webflow/[39mnode_modules/[4m.pnpm[24m/@vitest+runner@3.2.4/node_modules/[4m@vitest[24m/runner/dist/chunk-hooks.js:1574:12[90m)[39m
[90m    at processTicksAndRejections (node:internal/process/task_queues:105:5)[39m
    at runSuite [90m(file:///C:/Users/Paul%20Mulligan/PMDS/Projects/AI-SEO-Copilot-for-Webflow/[39mnode_modules/[4m.pnpm[24m/@vitest+runner@3.2.4/node_modules/[4m@vitest[24m/runner/dist/chunk-hooks.js:1729:8[90m)[39m
    at runSuite [90m(file:///C:/Users/Paul%20Mulligan/PMDS/Projects/AI-SEO-Copilot-for-Webflow/[39mnode_modules/[4m.pnpm[24m/@vitest+runner@3.2.4/node_modules/[4m@vitest[24m/runner/dist/chunk-hooks.js:1729:8[90m)[39m {
  rateLimitInfo: {
    remaining: [33m0[39m,
    limit: [33m100[39m,
    resetTime: [33m1759968494589[39m,
    retryAfter: [33m60000[39m
  }
}

[WebflowInsertion] Apply error: Error: Rate Limited: Too many requests
    at [90mC:\Users\Paul Mulligan\PMDS\Projects\AI-SEO-Copilot-for-Webflow\[39mclient\src\lib\webflowInsertion.test.ts:435:30
    at [90mfile:///C:/Users/Paul%20Mulligan/PMDS/Projects/AI-SEO-Copilot-for-Webflow/[39mnode_modules/[4m.pnpm[24m/@vitest+runner@3.2.4/node_modules/[4m@vitest[24m/runner/dist/chunk-hooks.js:155:11
    at [90mfile:///C:/Users/Paul%20Mulligan/PMDS/Projects/AI-SEO-Copilot-for-Webflow/[39mnode_modules/[4m.pnpm[24m/@vitest+runner@3.2.4/node_modules/[4m@vitest[24m/runner/dist/chunk-hooks.js:752:26
    at [90mfile:///C:/Users/Paul%20Mulligan/PMDS/Projects/AI-SEO-Copilot-for-Webflow/[39mnode_modules/[4m.pnpm[24m/@vitest+runner@3.2.4/node_modules/[4m@vitest[24m/runner/dist/chunk-hooks.js:1897:20
    at new Promise (&lt;anonymous&gt;)
    at runWithTimeout [90m(file:///C:/Users/Paul%20Mulligan/PMDS/Projects/AI-SEO-Copilot-for-Webflow/[39mnode_modules/[4m.pnpm[24m/@vitest+runner@3.2.4/node_modules/[4m@vitest[24m/runner/dist/chunk-hooks.js:1863:10[90m)[39m
    at runTest [90m(file:///C:/Users/Paul%20Mulligan/PMDS/Projects/AI-SEO-Copilot-for-Webflow/[39mnode_modules/[4m.pnpm[24m/@vitest+runner@3.2.4/node_modules/[4m@vitest[24m/runner/dist/chunk-hooks.js:1574:12[90m)[39m
[90m    at processTicksAndRejections (node:internal/process/task_queues:105:5)[39m
    at runSuite [90m(file:///C:/Users/Paul%20Mulligan/PMDS/Projects/AI-SEO-Copilot-for-Webflow/[39mnode_modules/[4m.pnpm[24m/@vitest+runner@3.2.4/node_modules/[4m@vitest[24m/runner/dist/chunk-hooks.js:1729:8[90m)[39m
    at runSuite [90m(file:///C:/Users/Paul%20Mulligan/PMDS/Projects/AI-SEO-Copilot-for-Webflow/[39mnode_modules/[4m.pnpm[24m/@vitest+runner@3.2.4/node_modules/[4m@vitest[24m/runner/dist/chunk-hooks.js:1729:8[90m)[39m {
  rateLimitInfo: {
    remaining: [33m0[39m,
    limit: [33m100[39m,
    resetTime: [33m1759968494589[39m,
    retryAfter: [33m60000[39m
  }
}

            </system-err>
        </testcase>
        <testcase classname="client/src/lib/webflowInsertion.test.ts" name="WebflowInsertion &gt; Error Handling &gt; should validate permissions before applying" time="0.0036066">
            <system-out>
[WebflowInsertion] No Designer context, using Data API for modifications

[WebflowInsertion] No Designer context, using Data API for modifications
[WebflowInsertion] Applying request: { type: [32m&apos;page_title&apos;[39m, pageId: [32m&apos;page_123&apos;[39m, value: [32m&apos;New Title&apos;[39m }

            </system-out>
            <system-err>
[WebflowInsertion] Apply error: Error: Insufficient permissions: pages:write scope required
    at WebflowInsertion.checkPermissions [90m(C:\Users\Paul Mulligan\PMDS\Projects\AI-SEO-Copilot-for-Webflow\[39mclient\src\lib\webflowInsertion.ts:333:13[90m)[39m
    at WebflowInsertion.apply [90m(C:\Users\Paul Mulligan\PMDS\Projects\AI-SEO-Copilot-for-Webflow\[39mclient\src\lib\webflowInsertion.ts:90:18[90m)[39m
    at [90mC:\Users\Paul Mulligan\PMDS\Projects\AI-SEO-Copilot-for-Webflow\[39mclient\src\lib\webflowInsertion.test.ts:475:46
    at [90mfile:///C:/Users/Paul%20Mulligan/PMDS/Projects/AI-SEO-Copilot-for-Webflow/[39mnode_modules/[4m.pnpm[24m/@vitest+runner@3.2.4/node_modules/[4m@vitest[24m/runner/dist/chunk-hooks.js:155:11
    at [90mfile:///C:/Users/Paul%20Mulligan/PMDS/Projects/AI-SEO-Copilot-for-Webflow/[39mnode_modules/[4m.pnpm[24m/@vitest+runner@3.2.4/node_modules/[4m@vitest[24m/runner/dist/chunk-hooks.js:752:26
    at [90mfile:///C:/Users/Paul%20Mulligan/PMDS/Projects/AI-SEO-Copilot-for-Webflow/[39mnode_modules/[4m.pnpm[24m/@vitest+runner@3.2.4/node_modules/[4m@vitest[24m/runner/dist/chunk-hooks.js:1897:20
    at new Promise (&lt;anonymous&gt;)
    at runWithTimeout [90m(file:///C:/Users/Paul%20Mulligan/PMDS/Projects/AI-SEO-Copilot-for-Webflow/[39mnode_modules/[4m.pnpm[24m/@vitest+runner@3.2.4/node_modules/[4m@vitest[24m/runner/dist/chunk-hooks.js:1863:10[90m)[39m
    at runTest [90m(file:///C:/Users/Paul%20Mulligan/PMDS/Projects/AI-SEO-Copilot-for-Webflow/[39mnode_modules/[4m.pnpm[24m/@vitest+runner@3.2.4/node_modules/[4m@vitest[24m/runner/dist/chunk-hooks.js:1574:12[90m)[39m
[90m    at processTicksAndRejections (node:internal/process/task_queues:105:5)[39m

            </system-err>
        </testcase>
        <testcase classname="client/src/lib/webflowInsertion.test.ts" name="WebflowInsertion &gt; Progress Tracking &gt; should track progress for long operations" time="0.3225705">
            <system-out>
[WebflowInsertion] No Designer context, using Data API for modifications

[WebflowInsertion] Starting batch apply: {
  operationCount: [33m3[39m,
  operations: [
    { type: [32m&apos;page_title&apos;[39m, pageId: [32m&apos;page_1&apos;[39m },
    { type: [32m&apos;page_title&apos;[39m, pageId: [32m&apos;page_2&apos;[39m },
    { type: [32m&apos;page_title&apos;[39m, pageId: [32m&apos;page_3&apos;[39m }
  ],
  rollbackEnabled: [90mundefined[39m
}
[WebflowInsertion] Applying request: { type: [32m&apos;page_title&apos;[39m, pageId: [32m&apos;page_1&apos;[39m, value: [32m&apos;Title 1&apos;[39m }

[WebflowInsertion] Using Data API to update page title

[WebflowInsertion] Apply result: { success: [33mtrue[39m, data: {} }

[WebflowInsertion] Applying request: { type: [32m&apos;page_title&apos;[39m, pageId: [32m&apos;page_2&apos;[39m, value: [32m&apos;Title 2&apos;[39m }

[WebflowInsertion] Using Data API to update page title

[WebflowInsertion] Apply result: { success: [33mtrue[39m, data: {} }

[WebflowInsertion] Applying request: { type: [32m&apos;page_title&apos;[39m, pageId: [32m&apos;page_3&apos;[39m, value: [32m&apos;Title 3&apos;[39m }

[WebflowInsertion] Using Data API to update page title

[WebflowInsertion] Apply result: { success: [33mtrue[39m, data: {} }

[WebflowInsertion] Batch apply completed: {
  succeeded: [33m3[39m,
  failed: [33m0[39m,
  total: [33m3[39m,
  success: [33mtrue[39m,
  results: [
    { success: [33mtrue[39m, error: [90mundefined[39m },
    { success: [33mtrue[39m, error: [90mundefined[39m },
    { success: [33mtrue[39m, error: [90mundefined[39m }
  ]
}

            </system-out>
        </testcase>
        <testcase classname="client/src/lib/webflowInsertion.test.ts" name="WebflowInsertion &gt; Collection ID Resolution &gt; should resolve collection ID for CMS items" time="0.0020121">
            <system-out>
[WebflowInsertion] No Designer context, using Data API for modifications

[WebflowInsertion] Applying request: { type: [32m&apos;cms_field&apos;[39m, pageId: [90mundefined[39m, value: [32m&apos;New Value&apos;[39m }

[WebflowInsertion] Apply result: { success: [33mtrue[39m, data: {} }

            </system-out>
        </testcase>
        <testcase classname="client/src/lib/webflowInsertion.test.ts" name="WebflowInsertion &gt; Collection ID Resolution &gt; should cache collection ID lookups" time="0.0010529">
            <system-out>
[WebflowInsertion] No Designer context, using Data API for modifications

[WebflowInsertion] Applying request: { type: [32m&apos;cms_field&apos;[39m, pageId: [90mundefined[39m, value: [32m&apos;New Value&apos;[39m }

[WebflowInsertion] Apply result: { success: [33mtrue[39m, data: {} }

[WebflowInsertion] Applying request: { type: [32m&apos;cms_field&apos;[39m, pageId: [90mundefined[39m, value: [32m&apos;New Value&apos;[39m }

[WebflowInsertion] Apply result: { success: [33mtrue[39m, data: {} }

            </system-out>
        </testcase>
    </testsuite>
    <testsuite name="client/src/pages/Home.test.tsx" timestamp="2025-10-09T00:10:01.986Z" hostname="JohnDee" tests="33" failures="18" errors="0" skipped="0" time="164.5426835">
        <testcase classname="client/src/pages/Home.test.tsx" name="Home Component &gt; renders without crashing" time="0.1734096">
            <system-out>
[InsertionContext] No OAuth token available - will use Designer Extension APIs directly
[WebflowInsertion] Webflow Designer context detected
[WebflowDesignerDetection] === WEBFLOW API INSPECTION ===
[WebflowDesignerDetection] typeof window.webflow: object
[WebflowDesignerDetection] window.webflow: {
  getCurrentPage: [Function: spy] {
    getMockName: [36m[Function (anonymous)][39m,
    mockName: [36m[Function (anonymous)][39m,
    mockClear: [36m[Function (anonymous)][39m,
    mockReset: [36m[Function (anonymous)][39m,
    mockRestore: [36m[Function (anonymous)][39m,
    getMockImplementation: [36m[Function (anonymous)][39m,
    mockImplementation: [36m[Function (anonymous)][39m,
    mockImplementationOnce: [36m[Function (anonymous)][39m,
    withImplementation: [36m[Function: withImplementation][39m,
    mockReturnThis: [36m[Function (anonymous)][39m,
    mockReturnValue: [36m[Function (anonymous)][39m,
    mockReturnValueOnce: [36m[Function (anonymous)][39m,
    mockResolvedValue: [36m[Function (anonymous)][39m,
    mockResolvedValueOnce: [36m[Function (anonymous)][39m,
    mockRejectedValue: [36m[Function (anonymous)][39m,
    mockRejectedValueOnce: [36m[Function (anonymous)][39m,
    [[32mSymbol(nodejs.dispose)[39m]: [36m[Function (anonymous)][39m
  },
  getSiteInfo: [Function: spy] {
    getMockName: [36m[Function (anonymous)][39m,
    mockName: [36m[Function (anonymous)][39m,
    mockClear: [36m[Function (anonymous)][39m,
    mockReset: [36m[Function (anonymous)][39m,
    mockRestore: [36m[Function (anonymous)][39m,
    getMockImplementation: [36m[Function (anonymous)][39m,
    mockImplementation: [36m[Function (anonymous)][39m,
    mockImplementationOnce: [36m[Function (anonymous)][39m,
    withImplementation: [36m[Function: withImplementation][39m,
    mockReturnThis: [36m[Function (anonymous)][39m,
    mockReturnValue: [36m[Function (anonymous)][39m,
    mockReturnValueOnce: [36m[Function (anonymous)][39m,
    mockResolvedValue: [36m[Function (anonymous)][39m,
    mockResolvedValueOnce: [36m[Function (anonymous)][39m,
    mockRejectedValue: [36m[Function (anonymous)][39m,
    mockRejectedValueOnce: [36m[Function (anonymous)][39m,
    [[32mSymbol(nodejs.dispose)[39m]: [36m[Function (anonymous)][39m
  },
  subscribe: [Function: spy] {
    getMockName: [36m[Function (anonymous)][39m,
    mockName: [36m[Function (anonymous)][39m,
    mockClear: [36m[Function (anonymous)][39m,
    mockReset: [36m[Function (anonymous)][39m,
    mockRestore: [36m[Function (anonymous)][39m,
    getMockImplementation: [36m[Function (anonymous)][39m,
    mockImplementation: [36m[Function (anonymous)][39m,
    mockImplementationOnce: [36m[Function (anonymous)][39m,
    withImplementation: [36m[Function: withImplementation][39m,
    mockReturnThis: [36m[Function (anonymous)][39m,
    mockReturnValue: [36m[Function (anonymous)][39m,
    mockReturnValueOnce: [36m[Function (anonymous)][39m,
    mockResolvedValue: [36m[Function (anonymous)][39m,
    mockResolvedValueOnce: [36m[Function (anonymous)][39m,
    mockRejectedValue: [36m[Function (anonymous)][39m,
    mockRejectedValueOnce: [36m[Function (anonymous)][39m,
    [[32mSymbol(nodejs.dispose)[39m]: [36m[Function (anonymous)][39m
  }
}
[WebflowDesignerDetection] Available webflow properties: [ [32m&apos;getCurrentPage&apos;[39m, [32m&apos;getSiteInfo&apos;[39m, [32m&apos;subscribe&apos;[39m ]
[WebflowDesignerDetection] Available webflow methods: [ [32m&apos;getCurrentPage&apos;[39m, [32m&apos;getSiteInfo&apos;[39m, [32m&apos;subscribe&apos;[39m ]
[WebflowDesignerDetection] Method &apos;getCurrentPage&apos;: {
  type: [32m&apos;function&apos;[39m,
  length: [33m0[39m,
  name: [32m&apos;spy&apos;[39m,
  toString: [32m&apos;function(...args) {\n&apos;[39m +
    [32m&apos;    let state2 = getInternalState(fn);\n&apos;[39m +
    [32m&apos;    state2.called = !0, state2.callCount++, state2.calls.push(args);\n&apos;[39m +
    [32m&apos;    let next = state2.next.shift();\n&apos;[39m +
    [32m&apos;    if (next) {\n&apos;[39m +
    [32m&apos;      state2.results...&apos;[39m
}
[WebflowDesignerDetection] Method &apos;getSiteInfo&apos;: {
  type: [32m&apos;function&apos;[39m,
  length: [33m0[39m,
  name: [32m&apos;spy&apos;[39m,
  toString: [32m&apos;function(...args) {\n&apos;[39m +
    [32m&apos;    let state2 = getInternalState(fn);\n&apos;[39m +
    [32m&apos;    state2.called = !0, state2.callCount++, state2.calls.push(args);\n&apos;[39m +
    [32m&apos;    let next = state2.next.shift();\n&apos;[39m +
    [32m&apos;    if (next) {\n&apos;[39m +
    [32m&apos;      state2.results...&apos;[39m
}
[WebflowDesignerDetection] Method &apos;subscribe&apos;: {
  type: [32m&apos;function&apos;[39m,
  length: [33m0[39m,
  name: [32m&apos;spy&apos;[39m,
  toString: [32m&apos;function(...args) {\n&apos;[39m +
    [32m&apos;    let state2 = getInternalState(fn);\n&apos;[39m +
    [32m&apos;    state2.called = !0, state2.callCount++, state2.calls.push(args);\n&apos;[39m +
    [32m&apos;    let next = state2.next.shift();\n&apos;[39m +
    [32m&apos;    if (next) {\n&apos;[39m +
    [32m&apos;      state2.results...&apos;[39m
}
[WebflowDesignerDetection] Prototype methods: [
  [32m&apos;constructor&apos;[39m,
  [32m&apos;__defineGetter__&apos;[39m,
  [32m&apos;__defineSetter__&apos;[39m,
  [32m&apos;hasOwnProperty&apos;[39m,
  [32m&apos;__lookupGetter__&apos;[39m,
  [32m&apos;__lookupSetter__&apos;[39m,
  [32m&apos;isPrototypeOf&apos;[39m,
  [32m&apos;propertyIsEnumerable&apos;[39m,
  [32m&apos;toString&apos;[39m,
  [32m&apos;valueOf&apos;[39m,
  [32m&apos;__proto__&apos;[39m,
  [32m&apos;toLocaleString&apos;[39m
]
[WebflowDesignerAPI] Detected capabilities: {
  canReadPageInfo: [33mtrue[39m,
  canUpdatePageTitle: [33mfalse[39m,
  canUpdatePageMeta: [33mfalse[39m,
  canUpdatePageSlug: [33mfalse[39m,
  canAddCustomCode: [33mfalse[39m,
  canUpdateCMS: [33mfalse[39m,
  canManipulateElements: [33mfalse[39m,
  canSelectElements: [33mfalse[39m,
  hasElementBuilder: [33mfalse[39m,
  availableMethods: [ [32m&apos;getCurrentPage&apos;[39m, [32m&apos;getSiteInfo&apos;[39m, [32m&apos;subscribe&apos;[39m ]
}
[WebflowInsertion] Using Webflow Designer Extension APIs for modifications

[AuthContext] No OAuth token found - Designer Extension will use Designer APIs directly

            </system-out>
        </testcase>
        <testcase classname="client/src/pages/Home.test.tsx" name="Home Component &gt; displays keyphrase input field" time="0.0681321">
            <system-out>
[InsertionContext] No OAuth token available - will use Designer Extension APIs directly
[WebflowInsertion] Webflow Designer context detected
[WebflowDesignerDetection] === WEBFLOW API INSPECTION ===
[WebflowDesignerDetection] typeof window.webflow: object
[WebflowDesignerDetection] window.webflow: {
  getCurrentPage: [Function: spy] {
    getMockName: [36m[Function (anonymous)][39m,
    mockName: [36m[Function (anonymous)][39m,
    mockClear: [36m[Function (anonymous)][39m,
    mockReset: [36m[Function (anonymous)][39m,
    mockRestore: [36m[Function (anonymous)][39m,
    getMockImplementation: [36m[Function (anonymous)][39m,
    mockImplementation: [36m[Function (anonymous)][39m,
    mockImplementationOnce: [36m[Function (anonymous)][39m,
    withImplementation: [36m[Function: withImplementation][39m,
    mockReturnThis: [36m[Function (anonymous)][39m,
    mockReturnValue: [36m[Function (anonymous)][39m,
    mockReturnValueOnce: [36m[Function (anonymous)][39m,
    mockResolvedValue: [36m[Function (anonymous)][39m,
    mockResolvedValueOnce: [36m[Function (anonymous)][39m,
    mockRejectedValue: [36m[Function (anonymous)][39m,
    mockRejectedValueOnce: [36m[Function (anonymous)][39m,
    [[32mSymbol(nodejs.dispose)[39m]: [36m[Function (anonymous)][39m
  },
  getSiteInfo: [Function: spy] {
    getMockName: [36m[Function (anonymous)][39m,
    mockName: [36m[Function (anonymous)][39m,
    mockClear: [36m[Function (anonymous)][39m,
    mockReset: [36m[Function (anonymous)][39m,
    mockRestore: [36m[Function (anonymous)][39m,
    getMockImplementation: [36m[Function (anonymous)][39m,
    mockImplementation: [36m[Function (anonymous)][39m,
    mockImplementationOnce: [36m[Function (anonymous)][39m,
    withImplementation: [36m[Function: withImplementation][39m,
    mockReturnThis: [36m[Function (anonymous)][39m,
    mockReturnValue: [36m[Function (anonymous)][39m,
    mockReturnValueOnce: [36m[Function (anonymous)][39m,
    mockResolvedValue: [36m[Function (anonymous)][39m,
    mockResolvedValueOnce: [36m[Function (anonymous)][39m,
    mockRejectedValue: [36m[Function (anonymous)][39m,
    mockRejectedValueOnce: [36m[Function (anonymous)][39m,
    [[32mSymbol(nodejs.dispose)[39m]: [36m[Function (anonymous)][39m
  },
  subscribe: [Function: spy] {
    getMockName: [36m[Function (anonymous)][39m,
    mockName: [36m[Function (anonymous)][39m,
    mockClear: [36m[Function (anonymous)][39m,
    mockReset: [36m[Function (anonymous)][39m,
    mockRestore: [36m[Function (anonymous)][39m,
    getMockImplementation: [36m[Function (anonymous)][39m,
    mockImplementation: [36m[Function (anonymous)][39m,
    mockImplementationOnce: [36m[Function (anonymous)][39m,
    withImplementation: [36m[Function: withImplementation][39m,
    mockReturnThis: [36m[Function (anonymous)][39m,
    mockReturnValue: [36m[Function (anonymous)][39m,
    mockReturnValueOnce: [36m[Function (anonymous)][39m,
    mockResolvedValue: [36m[Function (anonymous)][39m,
    mockResolvedValueOnce: [36m[Function (anonymous)][39m,
    mockRejectedValue: [36m[Function (anonymous)][39m,
    mockRejectedValueOnce: [36m[Function (anonymous)][39m,
    [[32mSymbol(nodejs.dispose)[39m]: [36m[Function (anonymous)][39m
  }
}
[WebflowDesignerDetection] Available webflow properties: [ [32m&apos;getCurrentPage&apos;[39m, [32m&apos;getSiteInfo&apos;[39m, [32m&apos;subscribe&apos;[39m ]
[WebflowDesignerDetection] Available webflow methods: [ [32m&apos;getCurrentPage&apos;[39m, [32m&apos;getSiteInfo&apos;[39m, [32m&apos;subscribe&apos;[39m ]
[WebflowDesignerDetection] Method &apos;getCurrentPage&apos;: {
  type: [32m&apos;function&apos;[39m,
  length: [33m0[39m,
  name: [32m&apos;spy&apos;[39m,
  toString: [32m&apos;function(...args) {\n&apos;[39m +
    [32m&apos;    let state2 = getInternalState(fn);\n&apos;[39m +
    [32m&apos;    state2.called = !0, state2.callCount++, state2.calls.push(args);\n&apos;[39m +
    [32m&apos;    let next = state2.next.shift();\n&apos;[39m +
    [32m&apos;    if (next) {\n&apos;[39m +
    [32m&apos;      state2.results...&apos;[39m
}
[WebflowDesignerDetection] Method &apos;getSiteInfo&apos;: {
  type: [32m&apos;function&apos;[39m,
  length: [33m0[39m,
  name: [32m&apos;spy&apos;[39m,
  toString: [32m&apos;function(...args) {\n&apos;[39m +
    [32m&apos;    let state2 = getInternalState(fn);\n&apos;[39m +
    [32m&apos;    state2.called = !0, state2.callCount++, state2.calls.push(args);\n&apos;[39m +
    [32m&apos;    let next = state2.next.shift();\n&apos;[39m +
    [32m&apos;    if (next) {\n&apos;[39m +
    [32m&apos;      state2.results...&apos;[39m
}
[WebflowDesignerDetection] Method &apos;subscribe&apos;: {
  type: [32m&apos;function&apos;[39m,
  length: [33m0[39m,
  name: [32m&apos;spy&apos;[39m,
  toString: [32m&apos;function(...args) {\n&apos;[39m +
    [32m&apos;    let state2 = getInternalState(fn);\n&apos;[39m +
    [32m&apos;    state2.called = !0, state2.callCount++, state2.calls.push(args);\n&apos;[39m +
    [32m&apos;    let next = state2.next.shift();\n&apos;[39m +
    [32m&apos;    if (next) {\n&apos;[39m +
    [32m&apos;      state2.results...&apos;[39m
}
[WebflowDesignerDetection] Prototype methods: [
  [32m&apos;constructor&apos;[39m,
  [32m&apos;__defineGetter__&apos;[39m,
  [32m&apos;__defineSetter__&apos;[39m,
  [32m&apos;hasOwnProperty&apos;[39m,
  [32m&apos;__lookupGetter__&apos;[39m,
  [32m&apos;__lookupSetter__&apos;[39m,
  [32m&apos;isPrototypeOf&apos;[39m,
  [32m&apos;propertyIsEnumerable&apos;[39m,
  [32m&apos;toString&apos;[39m,
  [32m&apos;valueOf&apos;[39m,
  [32m&apos;__proto__&apos;[39m,
  [32m&apos;toLocaleString&apos;[39m
]
[WebflowDesignerAPI] Detected capabilities: {
  canReadPageInfo: [33mtrue[39m,
  canUpdatePageTitle: [33mfalse[39m,
  canUpdatePageMeta: [33mfalse[39m,
  canUpdatePageSlug: [33mfalse[39m,
  canAddCustomCode: [33mfalse[39m,
  canUpdateCMS: [33mfalse[39m,
  canManipulateElements: [33mfalse[39m,
  canSelectElements: [33mfalse[39m,
  hasElementBuilder: [33mfalse[39m,
  availableMethods: [ [32m&apos;getCurrentPage&apos;[39m, [32m&apos;getSiteInfo&apos;[39m, [32m&apos;subscribe&apos;[39m ]
}
[WebflowInsertion] Using Webflow Designer Extension APIs for modifications

[AuthContext] No OAuth token found - Designer Extension will use Designer APIs directly

            </system-out>
            <system-err>
An update to Home inside a test was not wrapped in act(...).

When testing, code that causes React state updates should be wrapped into act(...):

act(() =&gt; {
  /* fire events that update state */
});
/* assert on the output */

This ensures that you&apos;re testing the behavior the user would see in the browser. Learn more at https://react.dev/link/wrap-tests-with-act
An update to AuthProvider inside a test was not wrapped in act(...).

When testing, code that causes React state updates should be wrapped into act(...):

act(() =&gt; {
  /* fire events that update state */
});
/* assert on the output */

This ensures that you&apos;re testing the behavior the user would see in the browser. Learn more at https://react.dev/link/wrap-tests-with-act
An update to AuthProvider inside a test was not wrapped in act(...).

When testing, code that causes React state updates should be wrapped into act(...):

act(() =&gt; {
  /* fire events that update state */
});
/* assert on the output */

This ensures that you&apos;re testing the behavior the user would see in the browser. Learn more at https://react.dev/link/wrap-tests-with-act
An update to AuthProvider inside a test was not wrapped in act(...).

When testing, code that causes React state updates should be wrapped into act(...):

act(() =&gt; {
  /* fire events that update state */
});
/* assert on the output */

This ensures that you&apos;re testing the behavior the user would see in the browser. Learn more at https://react.dev/link/wrap-tests-with-act

An update to Home inside a test was not wrapped in act(...).

When testing, code that causes React state updates should be wrapped into act(...):

act(() =&gt; {
  /* fire events that update state */
});
/* assert on the output */

This ensures that you&apos;re testing the behavior the user would see in the browser. Learn more at https://react.dev/link/wrap-tests-with-act
An update to Home inside a test was not wrapped in act(...).

When testing, code that causes React state updates should be wrapped into act(...):

act(() =&gt; {
  /* fire events that update state */
});
/* assert on the output */

This ensures that you&apos;re testing the behavior the user would see in the browser. Learn more at https://react.dev/link/wrap-tests-with-act
An update to Home inside a test was not wrapped in act(...).

When testing, code that causes React state updates should be wrapped into act(...):

act(() =&gt; {
  /* fire events that update state */
});
/* assert on the output */

This ensures that you&apos;re testing the behavior the user would see in the browser. Learn more at https://react.dev/link/wrap-tests-with-act
Failed to initialize page keywords: TypeError: Cannot read properties of undefined (reading &apos;pageType&apos;)
    at initializePageKeywords [90m(C:\Users\Paul Mulligan\PMDS\Projects\AI-SEO-Copilot-for-Webflow\[39mclient\src\pages\Home.tsx:542:34[90m)[39m
[90m    at processTicksAndRejections (node:internal/process/task_queues:105:5)[39m

            </system-err>
        </testcase>
        <testcase classname="client/src/pages/Home.test.tsx" name="Home Component &gt; shows analyze button" time="0.060523">
            <system-out>
[InsertionContext] No OAuth token available - will use Designer Extension APIs directly
[WebflowInsertion] Webflow Designer context detected
[WebflowDesignerDetection] === WEBFLOW API INSPECTION ===
[WebflowDesignerDetection] typeof window.webflow: object
[WebflowDesignerDetection] window.webflow: {
  getCurrentPage: [Function: spy] {
    getMockName: [36m[Function (anonymous)][39m,
    mockName: [36m[Function (anonymous)][39m,
    mockClear: [36m[Function (anonymous)][39m,
    mockReset: [36m[Function (anonymous)][39m,
    mockRestore: [36m[Function (anonymous)][39m,
    getMockImplementation: [36m[Function (anonymous)][39m,
    mockImplementation: [36m[Function (anonymous)][39m,
    mockImplementationOnce: [36m[Function (anonymous)][39m,
    withImplementation: [36m[Function: withImplementation][39m,
    mockReturnThis: [36m[Function (anonymous)][39m,
    mockReturnValue: [36m[Function (anonymous)][39m,
    mockReturnValueOnce: [36m[Function (anonymous)][39m,
    mockResolvedValue: [36m[Function (anonymous)][39m,
    mockResolvedValueOnce: [36m[Function (anonymous)][39m,
    mockRejectedValue: [36m[Function (anonymous)][39m,
    mockRejectedValueOnce: [36m[Function (anonymous)][39m,
    [[32mSymbol(nodejs.dispose)[39m]: [36m[Function (anonymous)][39m
  },
  getSiteInfo: [Function: spy] {
    getMockName: [36m[Function (anonymous)][39m,
    mockName: [36m[Function (anonymous)][39m,
    mockClear: [36m[Function (anonymous)][39m,
    mockReset: [36m[Function (anonymous)][39m,
    mockRestore: [36m[Function (anonymous)][39m,
    getMockImplementation: [36m[Function (anonymous)][39m,
    mockImplementation: [36m[Function (anonymous)][39m,
    mockImplementationOnce: [36m[Function (anonymous)][39m,
    withImplementation: [36m[Function: withImplementation][39m,
    mockReturnThis: [36m[Function (anonymous)][39m,
    mockReturnValue: [36m[Function (anonymous)][39m,
    mockReturnValueOnce: [36m[Function (anonymous)][39m,
    mockResolvedValue: [36m[Function (anonymous)][39m,
    mockResolvedValueOnce: [36m[Function (anonymous)][39m,
    mockRejectedValue: [36m[Function (anonymous)][39m,
    mockRejectedValueOnce: [36m[Function (anonymous)][39m,
    [[32mSymbol(nodejs.dispose)[39m]: [36m[Function (anonymous)][39m
  },
  subscribe: [Function: spy] {
    getMockName: [36m[Function (anonymous)][39m,
    mockName: [36m[Function (anonymous)][39m,
    mockClear: [36m[Function (anonymous)][39m,
    mockReset: [36m[Function (anonymous)][39m,
    mockRestore: [36m[Function (anonymous)][39m,
    getMockImplementation: [36m[Function (anonymous)][39m,
    mockImplementation: [36m[Function (anonymous)][39m,
    mockImplementationOnce: [36m[Function (anonymous)][39m,
    withImplementation: [36m[Function: withImplementation][39m,
    mockReturnThis: [36m[Function (anonymous)][39m,
    mockReturnValue: [36m[Function (anonymous)][39m,
    mockReturnValueOnce: [36m[Function (anonymous)][39m,
    mockResolvedValue: [36m[Function (anonymous)][39m,
    mockResolvedValueOnce: [36m[Function (anonymous)][39m,
    mockRejectedValue: [36m[Function (anonymous)][39m,
    mockRejectedValueOnce: [36m[Function (anonymous)][39m,
    [[32mSymbol(nodejs.dispose)[39m]: [36m[Function (anonymous)][39m
  }
}
[WebflowDesignerDetection] Available webflow properties: [ [32m&apos;getCurrentPage&apos;[39m, [32m&apos;getSiteInfo&apos;[39m, [32m&apos;subscribe&apos;[39m ]
[WebflowDesignerDetection] Available webflow methods: [ [32m&apos;getCurrentPage&apos;[39m, [32m&apos;getSiteInfo&apos;[39m, [32m&apos;subscribe&apos;[39m ]
[WebflowDesignerDetection] Method &apos;getCurrentPage&apos;: {
  type: [32m&apos;function&apos;[39m,
  length: [33m0[39m,
  name: [32m&apos;spy&apos;[39m,
  toString: [32m&apos;function(...args) {\n&apos;[39m +
    [32m&apos;    let state2 = getInternalState(fn);\n&apos;[39m +
    [32m&apos;    state2.called = !0, state2.callCount++, state2.calls.push(args);\n&apos;[39m +
    [32m&apos;    let next = state2.next.shift();\n&apos;[39m +
    [32m&apos;    if (next) {\n&apos;[39m +
    [32m&apos;      state2.results...&apos;[39m
}
[WebflowDesignerDetection] Method &apos;getSiteInfo&apos;: {
  type: [32m&apos;function&apos;[39m,
  length: [33m0[39m,
  name: [32m&apos;spy&apos;[39m,
  toString: [32m&apos;function(...args) {\n&apos;[39m +
    [32m&apos;    let state2 = getInternalState(fn);\n&apos;[39m +
    [32m&apos;    state2.called = !0, state2.callCount++, state2.calls.push(args);\n&apos;[39m +
    [32m&apos;    let next = state2.next.shift();\n&apos;[39m +
    [32m&apos;    if (next) {\n&apos;[39m +
    [32m&apos;      state2.results...&apos;[39m
}
[WebflowDesignerDetection] Method &apos;subscribe&apos;: {
  type: [32m&apos;function&apos;[39m,
  length: [33m0[39m,
  name: [32m&apos;spy&apos;[39m,
  toString: [32m&apos;function(...args) {\n&apos;[39m +
    [32m&apos;    let state2 = getInternalState(fn);\n&apos;[39m +
    [32m&apos;    state2.called = !0, state2.callCount++, state2.calls.push(args);\n&apos;[39m +
    [32m&apos;    let next = state2.next.shift();\n&apos;[39m +
    [32m&apos;    if (next) {\n&apos;[39m +
    [32m&apos;      state2.results...&apos;[39m
}
[WebflowDesignerDetection] Prototype methods: [
  [32m&apos;constructor&apos;[39m,
  [32m&apos;__defineGetter__&apos;[39m,
  [32m&apos;__defineSetter__&apos;[39m,
  [32m&apos;hasOwnProperty&apos;[39m,
  [32m&apos;__lookupGetter__&apos;[39m,
  [32m&apos;__lookupSetter__&apos;[39m,
  [32m&apos;isPrototypeOf&apos;[39m,
  [32m&apos;propertyIsEnumerable&apos;[39m,
  [32m&apos;toString&apos;[39m,
  [32m&apos;valueOf&apos;[39m,
  [32m&apos;__proto__&apos;[39m,
  [32m&apos;toLocaleString&apos;[39m
]
[WebflowDesignerAPI] Detected capabilities: {
  canReadPageInfo: [33mtrue[39m,
  canUpdatePageTitle: [33mfalse[39m,
  canUpdatePageMeta: [33mfalse[39m,
  canUpdatePageSlug: [33mfalse[39m,
  canAddCustomCode: [33mfalse[39m,
  canUpdateCMS: [33mfalse[39m,
  canManipulateElements: [33mfalse[39m,
  canSelectElements: [33mfalse[39m,
  hasElementBuilder: [33mfalse[39m,
  availableMethods: [ [32m&apos;getCurrentPage&apos;[39m, [32m&apos;getSiteInfo&apos;[39m, [32m&apos;subscribe&apos;[39m ]
}
[WebflowInsertion] Using Webflow Designer Extension APIs for modifications

[AuthContext] No OAuth token found - Designer Extension will use Designer APIs directly

            </system-out>
            <system-err>
An update to Home inside a test was not wrapped in act(...).

When testing, code that causes React state updates should be wrapped into act(...):

act(() =&gt; {
  /* fire events that update state */
});
/* assert on the output */

This ensures that you&apos;re testing the behavior the user would see in the browser. Learn more at https://react.dev/link/wrap-tests-with-act
An update to AuthProvider inside a test was not wrapped in act(...).

When testing, code that causes React state updates should be wrapped into act(...):

act(() =&gt; {
  /* fire events that update state */
});
/* assert on the output */

This ensures that you&apos;re testing the behavior the user would see in the browser. Learn more at https://react.dev/link/wrap-tests-with-act
An update to AuthProvider inside a test was not wrapped in act(...).

When testing, code that causes React state updates should be wrapped into act(...):

act(() =&gt; {
  /* fire events that update state */
});
/* assert on the output */

This ensures that you&apos;re testing the behavior the user would see in the browser. Learn more at https://react.dev/link/wrap-tests-with-act
An update to AuthProvider inside a test was not wrapped in act(...).

When testing, code that causes React state updates should be wrapped into act(...):

act(() =&gt; {
  /* fire events that update state */
});
/* assert on the output */

This ensures that you&apos;re testing the behavior the user would see in the browser. Learn more at https://react.dev/link/wrap-tests-with-act

An update to Home inside a test was not wrapped in act(...).

When testing, code that causes React state updates should be wrapped into act(...):

act(() =&gt; {
  /* fire events that update state */
});
/* assert on the output */

This ensures that you&apos;re testing the behavior the user would see in the browser. Learn more at https://react.dev/link/wrap-tests-with-act
An update to Home inside a test was not wrapped in act(...).

When testing, code that causes React state updates should be wrapped into act(...):

act(() =&gt; {
  /* fire events that update state */
});
/* assert on the output */

This ensures that you&apos;re testing the behavior the user would see in the browser. Learn more at https://react.dev/link/wrap-tests-with-act
An update to Home inside a test was not wrapped in act(...).

When testing, code that causes React state updates should be wrapped into act(...):

act(() =&gt; {
  /* fire events that update state */
});
/* assert on the output */

This ensures that you&apos;re testing the behavior the user would see in the browser. Learn more at https://react.dev/link/wrap-tests-with-act
Failed to initialize page keywords: TypeError: Cannot read properties of undefined (reading &apos;pageType&apos;)
    at initializePageKeywords [90m(C:\Users\Paul Mulligan\PMDS\Projects\AI-SEO-Copilot-for-Webflow\[39mclient\src\pages\Home.tsx:542:34[90m)[39m
[90m    at processTicksAndRejections (node:internal/process/task_queues:105:5)[39m

            </system-err>
        </testcase>
        <testcase classname="client/src/pages/Home.test.tsx" name="Home Component &gt; handles keyphrase input changes" time="0.3195594">
            <system-out>
[InsertionContext] No OAuth token available - will use Designer Extension APIs directly
[WebflowInsertion] Webflow Designer context detected
[WebflowDesignerDetection] === WEBFLOW API INSPECTION ===
[WebflowDesignerDetection] typeof window.webflow: object
[WebflowDesignerDetection] window.webflow: {
  getCurrentPage: [Function: spy] {
    getMockName: [36m[Function (anonymous)][39m,
    mockName: [36m[Function (anonymous)][39m,
    mockClear: [36m[Function (anonymous)][39m,
    mockReset: [36m[Function (anonymous)][39m,
    mockRestore: [36m[Function (anonymous)][39m,
    getMockImplementation: [36m[Function (anonymous)][39m,
    mockImplementation: [36m[Function (anonymous)][39m,
    mockImplementationOnce: [36m[Function (anonymous)][39m,
    withImplementation: [36m[Function: withImplementation][39m,
    mockReturnThis: [36m[Function (anonymous)][39m,
    mockReturnValue: [36m[Function (anonymous)][39m,
    mockReturnValueOnce: [36m[Function (anonymous)][39m,
    mockResolvedValue: [36m[Function (anonymous)][39m,
    mockResolvedValueOnce: [36m[Function (anonymous)][39m,
    mockRejectedValue: [36m[Function (anonymous)][39m,
    mockRejectedValueOnce: [36m[Function (anonymous)][39m,
    [[32mSymbol(nodejs.dispose)[39m]: [36m[Function (anonymous)][39m
  },
  getSiteInfo: [Function: spy] {
    getMockName: [36m[Function (anonymous)][39m,
    mockName: [36m[Function (anonymous)][39m,
    mockClear: [36m[Function (anonymous)][39m,
    mockReset: [36m[Function (anonymous)][39m,
    mockRestore: [36m[Function (anonymous)][39m,
    getMockImplementation: [36m[Function (anonymous)][39m,
    mockImplementation: [36m[Function (anonymous)][39m,
    mockImplementationOnce: [36m[Function (anonymous)][39m,
    withImplementation: [36m[Function: withImplementation][39m,
    mockReturnThis: [36m[Function (anonymous)][39m,
    mockReturnValue: [36m[Function (anonymous)][39m,
    mockReturnValueOnce: [36m[Function (anonymous)][39m,
    mockResolvedValue: [36m[Function (anonymous)][39m,
    mockResolvedValueOnce: [36m[Function (anonymous)][39m,
    mockRejectedValue: [36m[Function (anonymous)][39m,
    mockRejectedValueOnce: [36m[Function (anonymous)][39m,
    [[32mSymbol(nodejs.dispose)[39m]: [36m[Function (anonymous)][39m
  },
  subscribe: [Function: spy] {
    getMockName: [36m[Function (anonymous)][39m,
    mockName: [36m[Function (anonymous)][39m,
    mockClear: [36m[Function (anonymous)][39m,
    mockReset: [36m[Function (anonymous)][39m,
    mockRestore: [36m[Function (anonymous)][39m,
    getMockImplementation: [36m[Function (anonymous)][39m,
    mockImplementation: [36m[Function (anonymous)][39m,
    mockImplementationOnce: [36m[Function (anonymous)][39m,
    withImplementation: [36m[Function: withImplementation][39m,
    mockReturnThis: [36m[Function (anonymous)][39m,
    mockReturnValue: [36m[Function (anonymous)][39m,
    mockReturnValueOnce: [36m[Function (anonymous)][39m,
    mockResolvedValue: [36m[Function (anonymous)][39m,
    mockResolvedValueOnce: [36m[Function (anonymous)][39m,
    mockRejectedValue: [36m[Function (anonymous)][39m,
    mockRejectedValueOnce: [36m[Function (anonymous)][39m,
    [[32mSymbol(nodejs.dispose)[39m]: [36m[Function (anonymous)][39m
  }
}
[WebflowDesignerDetection] Available webflow properties: [ [32m&apos;getCurrentPage&apos;[39m, [32m&apos;getSiteInfo&apos;[39m, [32m&apos;subscribe&apos;[39m ]
[WebflowDesignerDetection] Available webflow methods: [ [32m&apos;getCurrentPage&apos;[39m, [32m&apos;getSiteInfo&apos;[39m, [32m&apos;subscribe&apos;[39m ]
[WebflowDesignerDetection] Method &apos;getCurrentPage&apos;: {
  type: [32m&apos;function&apos;[39m,
  length: [33m0[39m,
  name: [32m&apos;spy&apos;[39m,
  toString: [32m&apos;function(...args) {\n&apos;[39m +
    [32m&apos;    let state2 = getInternalState(fn);\n&apos;[39m +
    [32m&apos;    state2.called = !0, state2.callCount++, state2.calls.push(args);\n&apos;[39m +
    [32m&apos;    let next = state2.next.shift();\n&apos;[39m +
    [32m&apos;    if (next) {\n&apos;[39m +
    [32m&apos;      state2.results...&apos;[39m
}
[WebflowDesignerDetection] Method &apos;getSiteInfo&apos;: {
  type: [32m&apos;function&apos;[39m,
  length: [33m0[39m,
  name: [32m&apos;spy&apos;[39m,
  toString: [32m&apos;function(...args) {\n&apos;[39m +
    [32m&apos;    let state2 = getInternalState(fn);\n&apos;[39m +
    [32m&apos;    state2.called = !0, state2.callCount++, state2.calls.push(args);\n&apos;[39m +
    [32m&apos;    let next = state2.next.shift();\n&apos;[39m +
    [32m&apos;    if (next) {\n&apos;[39m +
    [32m&apos;      state2.results...&apos;[39m
}
[WebflowDesignerDetection] Method &apos;subscribe&apos;: {
  type: [32m&apos;function&apos;[39m,
  length: [33m0[39m,
  name: [32m&apos;spy&apos;[39m,
  toString: [32m&apos;function(...args) {\n&apos;[39m +
    [32m&apos;    let state2 = getInternalState(fn);\n&apos;[39m +
    [32m&apos;    state2.called = !0, state2.callCount++, state2.calls.push(args);\n&apos;[39m +
    [32m&apos;    let next = state2.next.shift();\n&apos;[39m +
    [32m&apos;    if (next) {\n&apos;[39m +
    [32m&apos;      state2.results...&apos;[39m
}
[WebflowDesignerDetection] Prototype methods: [
  [32m&apos;constructor&apos;[39m,
  [32m&apos;__defineGetter__&apos;[39m,
  [32m&apos;__defineSetter__&apos;[39m,
  [32m&apos;hasOwnProperty&apos;[39m,
  [32m&apos;__lookupGetter__&apos;[39m,
  [32m&apos;__lookupSetter__&apos;[39m,
  [32m&apos;isPrototypeOf&apos;[39m,
  [32m&apos;propertyIsEnumerable&apos;[39m,
  [32m&apos;toString&apos;[39m,
  [32m&apos;valueOf&apos;[39m,
  [32m&apos;__proto__&apos;[39m,
  [32m&apos;toLocaleString&apos;[39m
]
[WebflowDesignerAPI] Detected capabilities: {
  canReadPageInfo: [33mtrue[39m,
  canUpdatePageTitle: [33mfalse[39m,
  canUpdatePageMeta: [33mfalse[39m,
  canUpdatePageSlug: [33mfalse[39m,
  canAddCustomCode: [33mfalse[39m,
  canUpdateCMS: [33mfalse[39m,
  canManipulateElements: [33mfalse[39m,
  canSelectElements: [33mfalse[39m,
  hasElementBuilder: [33mfalse[39m,
  availableMethods: [ [32m&apos;getCurrentPage&apos;[39m, [32m&apos;getSiteInfo&apos;[39m, [32m&apos;subscribe&apos;[39m ]
}
[WebflowInsertion] Using Webflow Designer Extension APIs for modifications

[AuthContext] No OAuth token found - Designer Extension will use Designer APIs directly

            </system-out>
            <system-err>
The current testing environment is not configured to support act(...)
The current testing environment is not configured to support act(...)
The current testing environment is not configured to support act(...)
The current testing environment is not configured to support act(...)

The current testing environment is not configured to support act(...)
The current testing environment is not configured to support act(...)
The current testing environment is not configured to support act(...)
Failed to initialize page keywords: TypeError: Cannot read properties of undefined (reading &apos;pageType&apos;)
    at initializePageKeywords [90m(C:\Users\Paul Mulligan\PMDS\Projects\AI-SEO-Copilot-for-Webflow\[39mclient\src\pages\Home.tsx:542:34[90m)[39m
[90m    at processTicksAndRejections (node:internal/process/task_queues:105:5)[39m

The current testing environment is not configured to support act(...)

The current testing environment is not configured to support act(...)

            </system-err>
        </testcase>
        <testcase classname="client/src/pages/Home.test.tsx" name="Home Component &gt; validates keyphrase length" time="1.2038837">
            <system-out>
[InsertionContext] No OAuth token available - will use Designer Extension APIs directly
[WebflowInsertion] Webflow Designer context detected
[WebflowDesignerDetection] === WEBFLOW API INSPECTION ===
[WebflowDesignerDetection] typeof window.webflow: object
[WebflowDesignerDetection] window.webflow: {
  getCurrentPage: [Function: spy] {
    getMockName: [36m[Function (anonymous)][39m,
    mockName: [36m[Function (anonymous)][39m,
    mockClear: [36m[Function (anonymous)][39m,
    mockReset: [36m[Function (anonymous)][39m,
    mockRestore: [36m[Function (anonymous)][39m,
    getMockImplementation: [36m[Function (anonymous)][39m,
    mockImplementation: [36m[Function (anonymous)][39m,
    mockImplementationOnce: [36m[Function (anonymous)][39m,
    withImplementation: [36m[Function: withImplementation][39m,
    mockReturnThis: [36m[Function (anonymous)][39m,
    mockReturnValue: [36m[Function (anonymous)][39m,
    mockReturnValueOnce: [36m[Function (anonymous)][39m,
    mockResolvedValue: [36m[Function (anonymous)][39m,
    mockResolvedValueOnce: [36m[Function (anonymous)][39m,
    mockRejectedValue: [36m[Function (anonymous)][39m,
    mockRejectedValueOnce: [36m[Function (anonymous)][39m,
    [[32mSymbol(nodejs.dispose)[39m]: [36m[Function (anonymous)][39m
  },
  getSiteInfo: [Function: spy] {
    getMockName: [36m[Function (anonymous)][39m,
    mockName: [36m[Function (anonymous)][39m,
    mockClear: [36m[Function (anonymous)][39m,
    mockReset: [36m[Function (anonymous)][39m,
    mockRestore: [36m[Function (anonymous)][39m,
    getMockImplementation: [36m[Function (anonymous)][39m,
    mockImplementation: [36m[Function (anonymous)][39m,
    mockImplementationOnce: [36m[Function (anonymous)][39m,
    withImplementation: [36m[Function: withImplementation][39m,
    mockReturnThis: [36m[Function (anonymous)][39m,
    mockReturnValue: [36m[Function (anonymous)][39m,
    mockReturnValueOnce: [36m[Function (anonymous)][39m,
    mockResolvedValue: [36m[Function (anonymous)][39m,
    mockResolvedValueOnce: [36m[Function (anonymous)][39m,
    mockRejectedValue: [36m[Function (anonymous)][39m,
    mockRejectedValueOnce: [36m[Function (anonymous)][39m,
    [[32mSymbol(nodejs.dispose)[39m]: [36m[Function (anonymous)][39m
  },
  subscribe: [Function: spy] {
    getMockName: [36m[Function (anonymous)][39m,
    mockName: [36m[Function (anonymous)][39m,
    mockClear: [36m[Function (anonymous)][39m,
    mockReset: [36m[Function (anonymous)][39m,
    mockRestore: [36m[Function (anonymous)][39m,
    getMockImplementation: [36m[Function (anonymous)][39m,
    mockImplementation: [36m[Function (anonymous)][39m,
    mockImplementationOnce: [36m[Function (anonymous)][39m,
    withImplementation: [36m[Function: withImplementation][39m,
    mockReturnThis: [36m[Function (anonymous)][39m,
    mockReturnValue: [36m[Function (anonymous)][39m,
    mockReturnValueOnce: [36m[Function (anonymous)][39m,
    mockResolvedValue: [36m[Function (anonymous)][39m,
    mockResolvedValueOnce: [36m[Function (anonymous)][39m,
    mockRejectedValue: [36m[Function (anonymous)][39m,
    mockRejectedValueOnce: [36m[Function (anonymous)][39m,
    [[32mSymbol(nodejs.dispose)[39m]: [36m[Function (anonymous)][39m
  }
}
[WebflowDesignerDetection] Available webflow properties: [ [32m&apos;getCurrentPage&apos;[39m, [32m&apos;getSiteInfo&apos;[39m, [32m&apos;subscribe&apos;[39m ]
[WebflowDesignerDetection] Available webflow methods: [ [32m&apos;getCurrentPage&apos;[39m, [32m&apos;getSiteInfo&apos;[39m, [32m&apos;subscribe&apos;[39m ]
[WebflowDesignerDetection] Method &apos;getCurrentPage&apos;: {
  type: [32m&apos;function&apos;[39m,
  length: [33m0[39m,
  name: [32m&apos;spy&apos;[39m,
  toString: [32m&apos;function(...args) {\n&apos;[39m +
    [32m&apos;    let state2 = getInternalState(fn);\n&apos;[39m +
    [32m&apos;    state2.called = !0, state2.callCount++, state2.calls.push(args);\n&apos;[39m +
    [32m&apos;    let next = state2.next.shift();\n&apos;[39m +
    [32m&apos;    if (next) {\n&apos;[39m +
    [32m&apos;      state2.results...&apos;[39m
}
[WebflowDesignerDetection] Method &apos;getSiteInfo&apos;: {
  type: [32m&apos;function&apos;[39m,
  length: [33m0[39m,
  name: [32m&apos;spy&apos;[39m,
  toString: [32m&apos;function(...args) {\n&apos;[39m +
    [32m&apos;    let state2 = getInternalState(fn);\n&apos;[39m +
    [32m&apos;    state2.called = !0, state2.callCount++, state2.calls.push(args);\n&apos;[39m +
    [32m&apos;    let next = state2.next.shift();\n&apos;[39m +
    [32m&apos;    if (next) {\n&apos;[39m +
    [32m&apos;      state2.results...&apos;[39m
}
[WebflowDesignerDetection] Method &apos;subscribe&apos;: {
  type: [32m&apos;function&apos;[39m,
  length: [33m0[39m,
  name: [32m&apos;spy&apos;[39m,
  toString: [32m&apos;function(...args) {\n&apos;[39m +
    [32m&apos;    let state2 = getInternalState(fn);\n&apos;[39m +
    [32m&apos;    state2.called = !0, state2.callCount++, state2.calls.push(args);\n&apos;[39m +
    [32m&apos;    let next = state2.next.shift();\n&apos;[39m +
    [32m&apos;    if (next) {\n&apos;[39m +
    [32m&apos;      state2.results...&apos;[39m
}
[WebflowDesignerDetection] Prototype methods: [
  [32m&apos;constructor&apos;[39m,
  [32m&apos;__defineGetter__&apos;[39m,
  [32m&apos;__defineSetter__&apos;[39m,
  [32m&apos;hasOwnProperty&apos;[39m,
  [32m&apos;__lookupGetter__&apos;[39m,
  [32m&apos;__lookupSetter__&apos;[39m,
  [32m&apos;isPrototypeOf&apos;[39m,
  [32m&apos;propertyIsEnumerable&apos;[39m,
  [32m&apos;toString&apos;[39m,
  [32m&apos;valueOf&apos;[39m,
  [32m&apos;__proto__&apos;[39m,
  [32m&apos;toLocaleString&apos;[39m
]
[WebflowDesignerAPI] Detected capabilities: {
  canReadPageInfo: [33mtrue[39m,
  canUpdatePageTitle: [33mfalse[39m,
  canUpdatePageMeta: [33mfalse[39m,
  canUpdatePageSlug: [33mfalse[39m,
  canAddCustomCode: [33mfalse[39m,
  canUpdateCMS: [33mfalse[39m,
  canManipulateElements: [33mfalse[39m,
  canSelectElements: [33mfalse[39m,
  hasElementBuilder: [33mfalse[39m,
  availableMethods: [ [32m&apos;getCurrentPage&apos;[39m, [32m&apos;getSiteInfo&apos;[39m, [32m&apos;subscribe&apos;[39m ]
}
[WebflowInsertion] Using Webflow Designer Extension APIs for modifications

[AuthContext] No OAuth token found - Designer Extension will use Designer APIs directly

            </system-out>
            <system-err>
The current testing environment is not configured to support act(...)
The current testing environment is not configured to support act(...)
The current testing environment is not configured to support act(...)
The current testing environment is not configured to support act(...)

The current testing environment is not configured to support act(...)
The current testing environment is not configured to support act(...)
The current testing environment is not configured to support act(...)
Failed to initialize page keywords: TypeError: Cannot read properties of undefined (reading &apos;pageType&apos;)
    at initializePageKeywords [90m(C:\Users\Paul Mulligan\PMDS\Projects\AI-SEO-Copilot-for-Webflow\[39mclient\src\pages\Home.tsx:542:34[90m)[39m

The current testing environment is not configured to support act(...)

The current testing environment is not configured to support act(...)

            </system-err>
            <failure message="Unable to find an element with the text: /keyphrase must be at least 2 characters/i. This could be because the text is broken up by multiple elements. In this case, you can provide a function for your text matcher to make your matcher more flexible.

Ignored nodes: comments, script, style
[36m&lt;body&gt;[39m
  [36m&lt;div&gt;[39m
    [36m&lt;div[39m
      [33mclass[39m=[32m&quot;min-h-screen bg-background p-4 md:p-6 flex flex-col&quot;[39m
      [33mstyle[39m=[32m&quot;color: #FFFFFF&quot;[39m
    [36m&gt;[39m
      [36m&lt;div[39m
        [33mclass[39m=[32m&quot;mx-auto w-full max-w-3xl space-y-6 flex-grow&quot;[39m
      [36m&gt;[39m
        [36m&lt;div[39m
          [33mclass[39m=[32m&quot;w-full&quot;[39m
        [36m&gt;[39m
          [36m&lt;div[39m
            [33mclass[39m=[32m&quot;rounded-lg border bg-background2 text-card-foreground shadow-sm w-full&quot;[39m
          [36m&gt;[39m
            [36m&lt;div[39m
              [33mclass[39m=[32m&quot;flex flex-col space-y-1.5 p-6&quot;[39m
            [36m&gt;[39m
              [36m&lt;h3[39m
                [33mclass[39m=[32m&quot;text-2xl font-semibold leading-none tracking-tight text-center&quot;[39m
              [36m&gt;[39m
                [0mSEO Analysis Tool[0m
              [36m&lt;/h3&gt;[39m
            [36m&lt;/div&gt;[39m
            [36m&lt;div[39m
              [33mclass[39m=[32m&quot;p-6 pt-0&quot;[39m
            [36m&gt;[39m
              [36m&lt;form[39m
                [33mclass[39m=[32m&quot;space-y-5 w-full&quot;[39m
              [36m&gt;[39m
                [36m&lt;div[39m
                  [33mclass[39m=[32m&quot;space-y-2 w-full&quot;[39m
                [36m&gt;[39m
                  [36m&lt;div[39m
                    [33mclass[39m=[32m&quot;flex justify-between items-center mb-1&quot;[39m
                  [36m&gt;[39m
                    [36m&lt;label[39m
                      [33mclass[39m=[32m&quot;text-sm font-medium leading-none peer-disabled:cursor-not-allowed peer-disabled:opacity-70 mb-0&quot;[39m
                      [33mfor[39m=[32m&quot;«rb»-form-item&quot;[39m
                    [36m&gt;[39m
                      [0mTarget keyphrase[0m
                    [36m&lt;/label&gt;[39m
                    [36m&lt;span[39m
                      [33mclass[39m=[32m&quot;text-xs font-medium&quot;[39m
                      [33mstyle[39m=[32m&quot;color: var(--redText)&quot;[39m
                    [36m&gt;[39m
                      [0mNo keyword saved[0m
                    [36m&lt;/span&gt;[39m
                  [36m&lt;/div&gt;[39m
                  [36m&lt;div[39m
                    [33maria-describedby[39m=[32m&quot;«rb»-form-item-description&quot;[39m
                    [33maria-invalid[39m=[32m&quot;false&quot;[39m
                    [33mclass[39m=[32m&quot;mt-2 w-full mt-2&quot;[39m
                    [33mid[39m=[32m&quot;«rb»-form-item&quot;[39m
                  [36m&gt;[39m
                    [36m&lt;input[39m
                      [33mclass[39m=[32m&quot;flex h-10 rounded-md border border-input bg-background px-3 py-2 text-sm ring-offset-background file:border-0 file:bg-transparent file:text-sm file:font-medium file:text-foreground placeholder:text-muted-foreground focus-visible:outline-none focus-visible:ring-2 focus-visible:ring-ring focus-visible:ring-offset-2 disabled:cursor-not-allowed disabled:opacity-50 w-full&quot;[39m
                      [33mname[39m=[32m&quot;keyphrase&quot;[39m
                      [33mplaceholder[39m=[32m&quot;Enter your target keyphrase&quot;[39m
                      [33mvalue[39m=[32m&quot;a&quot;[39m
                    [36m/&gt;[39m
                  [36m&lt;/div&gt;[39m
                [36m&lt;/div&gt;[39m
                [36m&lt;div[39m
                  [33mclass[39m=[32m&quot;border-t pt-4 mt-4&quot;[39m
                [36m&gt;[39m
                  [36m&lt;div[39m
                    [33mclass[39m=[32m&quot;flex items-center justify-between mb-4&quot;[39m
                  [36m&gt;[39m
                    [36m&lt;div&gt;[39m
                      [36m&lt;h3[39m
                        [33mclass[39m=[32m&quot;text-lg font-semibold&quot;[39m
                      [36m&gt;[39m
                        [0mAdvanced Analysis[0m
                      [36m&lt;/h3&gt;[39m
                      [36m&lt;p[39m
                        [33mclass[39m=[32m&quot;text-sm text-muted-foreground&quot;[39m
                      [36m&gt;[39m
                        [0mAdd secondary keywords and specify page type for more targeted SEO analysis[0m
                      [36m&lt;/p&gt;[39m
                    [36m&lt;/div&gt;[39m
                    [36m&lt;div[39m
                      [33mclass[39m=[32m&quot;flex items-center space-x-2&quot;[39m
                    [36m&gt;[39m
                      [36m&lt;button[39m
                        [33maria-checked[39m=[32m&quot;false&quot;[39m
                        [33mclass[39m=[32m&quot;peer inline-flex h-6 w-11 shrink-0 cursor-pointer items-center rounded-full border-2 border-transparent transition-colors focus-visible:outline-none focus-visible:ring-2 focus-visible:ring-ring focus-visible:ring-offset-2 focus-visible:ring-offset-background disabled:cursor-not-allowed disabled:opacity-50 data-[state=checked]:bg-primary data-[state=unchecked]:bg-input&quot;[39m
                        [33mdata-state[39m=[32m&quot;unchecked&quot;[39m
                        [33mrole[39m=[32m&quot;switch&quot;[39m
                        [33mtype[39m=[32m&quot;button&quot;[39m
                        [33mvalue[39m=[32m&quot;on&quot;[39m
                      [36m&gt;[39m
                        [36m&lt;span[39m
                          [33mclass[39m=[32m&quot;pointer-events-none block h-5 w-5 rounded-full bg-background shadow-lg ring-0 transition-transform data-[state=checked]:translate-x-5 data-[state=unchecked]:translate-x-0&quot;[39m
                          [33mdata-state[39m=[32m&quot;unchecked&quot;[39m
                        [36m/&gt;[39m
                      [36m&lt;/button&gt;[39m
                      [36m&lt;input[39m
                        [33maria-hidden[39m=[32m&quot;true&quot;[39m
                        [33mstyle[39m=[32m&quot;transform: translateX(-100%); width: 200px; height: 100px&quot;[39m
                        [33mtabindex[39m=[32m&quot;-1&quot;[39m
                        [33mtype[39m=[32m&quot;checkbox&quot;[39m
                        [33mvalue[39m=[32m&quot;on&quot;[39m
                      [36m/&gt;[39m
                      [36m&lt;span[39m
                        [33mclass[39m=[32m&quot;text-sm&quot;[39m
                      [36m&gt;[39m
                        [0mOff[0m
                      [36m&lt;/span&gt;[39m
                    [36m&lt;/div&gt;[39m
                  [36m&lt;/div&gt;[39m
                [36m&lt;/div&gt;[39m
                [36m&lt;div[39m
                  [33mclass[39m=[32m&quot;w-full pt-2&quot;[39m
                [36m&gt;[39m
                  [36m&lt;button[39m
                    [33mclass[39m=[32m&quot;inline-flex items-center justify-center gap-2 whitespace-nowrap rounded-md text-sm font-medium ring-offset-background transition-colors focus-visible:outline-none focus-visible:ring-2 focus-visible:ring-ring focus-visible:ring-offset-2 disabled:pointer-events-none disabled:opacity-50 [&amp;_svg]:pointer-events-none [&amp;_svg]:size-4 [&amp;_svg]:shrink-0 [&amp;_svg]:text-current bg-primary text-primary-foreground hover:bg-primary/90 px-4 py-2 w-full h-11 cursor-pointer&quot;[39m
                    [33mtype[39m=[32m&quot;submit&quot;[39m
                  [36m&gt;[39m
                    [0mStart optimizing your SEO[0m
        ...

Ignored nodes: comments, script, style
[36m&lt;html&gt;[39m
  [36m&lt;head /&gt;[39m
  [36m&lt;body&gt;[39m
    [36m&lt;div&gt;[39m
      [36m&lt;div[39m
        [33mclass[39m=[32m&quot;min-h-screen bg-background p-4 md:p-6 flex flex-col&quot;[39m
        [33mstyle[39m=[32m&quot;color: #FFFFFF&quot;[39m
      [36m&gt;[39m
        [36m&lt;div[39m
          [33mclass[39m=[32m&quot;mx-auto w-full max-w-3xl space-y-6 flex-grow&quot;[39m
        [36m&gt;[39m
          [36m&lt;div[39m
            [33mclass[39m=[32m&quot;w-full&quot;[39m
          [36m&gt;[39m
            [36m&lt;div[39m
              [33mclass[39m=[32m&quot;rounded-lg border bg-background2 text-card-foreground shadow-sm w-full&quot;[39m
            [36m&gt;[39m
              [36m&lt;div[39m
                [33mclass[39m=[32m&quot;flex flex-col space-y-1.5 p-6&quot;[39m
              [36m&gt;[39m
                [36m&lt;h3[39m
                  [33mclass[39m=[32m&quot;text-2xl font-semibold leading-none tracking-tight text-center&quot;[39m
                [36m&gt;[39m
                  [0mSEO Analysis Tool[0m
                [36m&lt;/h3&gt;[39m
              [36m&lt;/div&gt;[39m
              [36m&lt;div[39m
                [33mclass[39m=[32m&quot;p-6 pt-0&quot;[39m
              [36m&gt;[39m
                [36m&lt;form[39m
                  [33mclass[39m=[32m&quot;space-y-5 w-full&quot;[39m
                [36m&gt;[39m
                  [36m&lt;div[39m
                    [33mclass[39m=[32m&quot;space-y-2 w-full&quot;[39m
                  [36m&gt;[39m
                    [36m&lt;div[39m
                      [33mclass[39m=[32m&quot;flex justify-between items-center mb-1&quot;[39m
                    [36m&gt;[39m
                      [36m&lt;label[39m
                        [33mclass[39m=[32m&quot;text-sm font-medium leading-none peer-disabled:cursor-not-allowed peer-disabled:opacity-70 mb-0&quot;[39m
                        [33mfor[39m=[32m&quot;«rb»-form-item&quot;[39m
                      [36m&gt;[39m
                        [0mTarget keyphrase[0m
                      [36m&lt;/label&gt;[39m
                      [36m&lt;span[39m
                        [33mclass[39m=[32m&quot;text-xs font-medium&quot;[39m
                        [33mstyle[39m=[32m&quot;color: var(--redText)&quot;[39m
                      [36m&gt;[39m
                        [0mNo keyword saved[0m
                      [36m&lt;/span&gt;[39m
                    [36m&lt;/div&gt;[39m
                    [36m&lt;div[39m
                      [33maria-describedby[39m=[32m&quot;«rb»-form-item-description&quot;[39m
                      [33maria-invalid[39m=[32m&quot;false&quot;[39m
                      [33mclass[39m=[32m&quot;mt-2 w-full mt-2&quot;[39m
                      [33mid[39m=[32m&quot;«rb»-form-item&quot;[39m
                    [36m&gt;[39m
                      [36m&lt;input[39m
                        [33mclass[39m=[32m&quot;flex h-10 rounded-md border border-input bg-background px-3 py-2 text-sm ring-offset-background file:border-0 file:bg-transparent file:text-sm file:font-medium file:text-foreground placeholder:text-muted-foreground focus-visible:outline-none focus-visible:ring-2 focus-visible:ring-ring focus-visible:ring-offset-2 disabled:cursor-not-allowed disabled:opacity-50 w-full&quot;[39m
                        [33mname[39m=[32m&quot;keyphrase&quot;[39m
                        [33mplaceholder[39m=[32m&quot;Enter your target keyphrase&quot;[39m
                        [33mvalue[39m=[32m&quot;a&quot;[39m
                      [36m/&gt;[39m
                    [36m&lt;/div&gt;[39m
                  [36m&lt;/div&gt;[39m
                  [36m&lt;div[39m
                    [33mclass[39m=[32m&quot;border-t pt-4 mt-4&quot;[39m
                  [36m&gt;[39m
                    [36m&lt;div[39m
                      [33mclass[39m=[32m&quot;flex items-center justify-between mb-4&quot;[39m
                    [36m&gt;[39m
                      [36m&lt;div&gt;[39m
                        [36m&lt;h3[39m
                          [33mclass[39m=[32m&quot;text-lg font-semibold&quot;[39m
                        [36m&gt;[39m
                          [0mAdvanced Analysis[0m
                        [36m&lt;/h3&gt;[39m
                        [36m&lt;p[39m
                          [33mclass[39m=[32m&quot;text-sm text-muted-foreground&quot;[39m
                        [36m&gt;[39m
                          [0mAdd secondary keywords and specify page type for more targeted SEO analysis[0m
                        [36m&lt;/p&gt;[39m
                      [36m&lt;/div&gt;[39m
                      [36m&lt;div[39m
                        [33mclass[39m=[32m&quot;flex items-center space-x-2&quot;[39m
                      [36m&gt;[39m
                        [36m&lt;button[39m
                          [33maria-checked[39m=[32m&quot;false&quot;[39m
                          [33mclass[39m=[32m&quot;peer inline-flex h-6 w-11 shrink-0 cursor-pointer items-center rounded-full border-2 border-transparent transition-colors focus-visible:outline-none focus-visible:ring-2 focus-visible:ring-ring focus-visible:ring-offset-2 focus-visible:ring-offset-background disabled:cursor-not-allowed disabled:opacity-50 data-[state=checked]:bg-primary data-[state=unchecked]:bg-input&quot;[39m
                          [33mdata-state[39m=[32m&quot;unchecked&quot;[39m
                          [33mrole[39m=[32m&quot;switch&quot;[39m
                          [33mtype[39m=[32m&quot;button&quot;[39m
                          [33mvalue[39m=[32m&quot;on&quot;[39m
                        [36m&gt;[39m
                          [36m&lt;span[39m
                            [33mclass[39m=[32m&quot;pointer-events-none block h-5 w-5 rounded-full bg-background shadow-lg ring-0 transition-transform data-[state=checked]:translate-x-5 data-[state=unchecked]:translate-x-0&quot;[39m
                            [33mdata-state[39m=[32m&quot;unchecked&quot;[39m
                          [36m/&gt;[39m
                        [36m&lt;/button&gt;[39m
                        [36m&lt;input[39m
                          [33maria-hidden[39m=[32m&quot;true&quot;[39m
                          [33mstyle[39m=[32m&quot;transform: translateX(-100%); width: 200px; height: 100px&quot;[39m
                          [33mtabindex[39m=[32m&quot;-1&quot;[39m
                          [33mtype[39m=[32m&quot;checkbox&quot;[39m
                          [33mvalue[39m=[32m&quot;on&quot;[39m
                        [36m/&gt;[39m
                        [36m&lt;span[39m
                          [33mclass[39m=[32m&quot;text-sm&quot;[39m
                        [36m&gt;[39m
                          [0mOff[0m
                        [36m&lt;/span&gt;[39m
                      [36m&lt;/div&gt;[39m
                    [36m&lt;/div&gt;[39m
                  [36m&lt;/div&gt;[39m
                  [36m&lt;div[39m
                    [33mclass[39m=[32m&quot;w-full pt-2&quot;[39m
                  [36m&gt;[39m
                    [36m&lt;button[39m
                      [33mclass[39m=[32m&quot;inline-flex items-center justify-center gap-2 whitespace-nowrap rounded-md text-sm font-medium ring-offset-background transition-colors focus-visible:outline-none focus-visible:ring-2 focus-visible:ring-ring focus-visible:ring-offset-2 disabled:pointer-events-none disabled:opacity-50 [&amp;_svg]:pointer-events-none [&amp;_svg]:size-4 [&amp;_svg]:sh..." type="TestingLibraryElementError">
TestingLibraryElementError: Unable to find an element with the text: /keyphrase must be at least 2 characters/i. This could be because the text is broken up by multiple elements. In this case, you can provide a function for your text matcher to make your matcher more flexible.

Ignored nodes: comments, script, style
&lt;body&gt;
  &lt;div&gt;
    &lt;div
      class=&quot;min-h-screen bg-background p-4 md:p-6 flex flex-col&quot;
      style=&quot;color: #FFFFFF&quot;
    &gt;
      &lt;div
        class=&quot;mx-auto w-full max-w-3xl space-y-6 flex-grow&quot;
      &gt;
        &lt;div
          class=&quot;w-full&quot;
        &gt;
          &lt;div
            class=&quot;rounded-lg border bg-background2 text-card-foreground shadow-sm w-full&quot;
          &gt;
            &lt;div
              class=&quot;flex flex-col space-y-1.5 p-6&quot;
            &gt;
              &lt;h3
                class=&quot;text-2xl font-semibold leading-none tracking-tight text-center&quot;
              &gt;
                SEO Analysis Tool
              &lt;/h3&gt;
            &lt;/div&gt;
            &lt;div
              class=&quot;p-6 pt-0&quot;
            &gt;
              &lt;form
                class=&quot;space-y-5 w-full&quot;
              &gt;
                &lt;div
                  class=&quot;space-y-2 w-full&quot;
                &gt;
                  &lt;div
                    class=&quot;flex justify-between items-center mb-1&quot;
                  &gt;
                    &lt;label
                      class=&quot;text-sm font-medium leading-none peer-disabled:cursor-not-allowed peer-disabled:opacity-70 mb-0&quot;
                      for=&quot;«rb»-form-item&quot;
                    &gt;
                      Target keyphrase
                    &lt;/label&gt;
                    &lt;span
                      class=&quot;text-xs font-medium&quot;
                      style=&quot;color: var(--redText)&quot;
                    &gt;
                      No keyword saved
                    &lt;/span&gt;
                  &lt;/div&gt;
                  &lt;div
                    aria-describedby=&quot;«rb»-form-item-description&quot;
                    aria-invalid=&quot;false&quot;
                    class=&quot;mt-2 w-full mt-2&quot;
                    id=&quot;«rb»-form-item&quot;
                  &gt;
                    &lt;input
                      class=&quot;flex h-10 rounded-md border border-input bg-background px-3 py-2 text-sm ring-offset-background file:border-0 file:bg-transparent file:text-sm file:font-medium file:text-foreground placeholder:text-muted-foreground focus-visible:outline-none focus-visible:ring-2 focus-visible:ring-ring focus-visible:ring-offset-2 disabled:cursor-not-allowed disabled:opacity-50 w-full&quot;
                      name=&quot;keyphrase&quot;
                      placeholder=&quot;Enter your target keyphrase&quot;
                      value=&quot;a&quot;
                    /&gt;
                  &lt;/div&gt;
                &lt;/div&gt;
                &lt;div
                  class=&quot;border-t pt-4 mt-4&quot;
                &gt;
                  &lt;div
                    class=&quot;flex items-center justify-between mb-4&quot;
                  &gt;
                    &lt;div&gt;
                      &lt;h3
                        class=&quot;text-lg font-semibold&quot;
                      &gt;
                        Advanced Analysis
                      &lt;/h3&gt;
                      &lt;p
                        class=&quot;text-sm text-muted-foreground&quot;
                      &gt;
                        Add secondary keywords and specify page type for more targeted SEO analysis
                      &lt;/p&gt;
                    &lt;/div&gt;
                    &lt;div
                      class=&quot;flex items-center space-x-2&quot;
                    &gt;
                      &lt;button
                        aria-checked=&quot;false&quot;
                        class=&quot;peer inline-flex h-6 w-11 shrink-0 cursor-pointer items-center rounded-full border-2 border-transparent transition-colors focus-visible:outline-none focus-visible:ring-2 focus-visible:ring-ring focus-visible:ring-offset-2 focus-visible:ring-offset-background disabled:cursor-not-allowed disabled:opacity-50 data-[state=checked]:bg-primary data-[state=unchecked]:bg-input&quot;
                        data-state=&quot;unchecked&quot;
                        role=&quot;switch&quot;
                        type=&quot;button&quot;
                        value=&quot;on&quot;
                      &gt;
                        &lt;span
                          class=&quot;pointer-events-none block h-5 w-5 rounded-full bg-background shadow-lg ring-0 transition-transform data-[state=checked]:translate-x-5 data-[state=unchecked]:translate-x-0&quot;
                          data-state=&quot;unchecked&quot;
                        /&gt;
                      &lt;/button&gt;
                      &lt;input
                        aria-hidden=&quot;true&quot;
                        style=&quot;transform: translateX(-100%); width: 200px; height: 100px&quot;
                        tabindex=&quot;-1&quot;
                        type=&quot;checkbox&quot;
                        value=&quot;on&quot;
                      /&gt;
                      &lt;span
                        class=&quot;text-sm&quot;
                      &gt;
                        Off
                      &lt;/span&gt;
                    &lt;/div&gt;
                  &lt;/div&gt;
                &lt;/div&gt;
                &lt;div
                  class=&quot;w-full pt-2&quot;
                &gt;
                  &lt;button
                    class=&quot;inline-flex items-center justify-center gap-2 whitespace-nowrap rounded-md text-sm font-medium ring-offset-background transition-colors focus-visible:outline-none focus-visible:ring-2 focus-visible:ring-ring focus-visible:ring-offset-2 disabled:pointer-events-none disabled:opacity-50 [&amp;_svg]:pointer-events-none [&amp;_svg]:size-4 [&amp;_svg]:shrink-0 [&amp;_svg]:text-current bg-primary text-primary-foreground hover:bg-primary/90 px-4 py-2 w-full h-11 cursor-pointer&quot;
                    type=&quot;submit&quot;
                  &gt;
                    Start optimizing your SEO
        ...

Ignored nodes: comments, script, style
&lt;html&gt;
  &lt;head /&gt;
  &lt;body&gt;
    &lt;div&gt;
      &lt;div
        class=&quot;min-h-screen bg-background p-4 md:p-6 flex flex-col&quot;
        style=&quot;color: #FFFFFF&quot;
      &gt;
        &lt;div
          class=&quot;mx-auto w-full max-w-3xl space-y-6 flex-grow&quot;
        &gt;
          &lt;div
            class=&quot;w-full&quot;
          &gt;
            &lt;div
              class=&quot;rounded-lg border bg-background2 text-card-foreground shadow-sm w-full&quot;
            &gt;
              &lt;div
                class=&quot;flex flex-col space-y-1.5 p-6&quot;
              &gt;
                &lt;h3
                  class=&quot;text-2xl font-semibold leading-none tracking-tight text-center&quot;
                &gt;
                  SEO Analysis Tool
                &lt;/h3&gt;
              &lt;/div&gt;
              &lt;div
                class=&quot;p-6 pt-0&quot;
              &gt;
                &lt;form
                  class=&quot;space-y-5 w-full&quot;
                &gt;
                  &lt;div
                    class=&quot;space-y-2 w-full&quot;
                  &gt;
                    &lt;div
                      class=&quot;flex justify-between items-center mb-1&quot;
                    &gt;
                      &lt;label
                        class=&quot;text-sm font-medium leading-none peer-disabled:cursor-not-allowed peer-disabled:opacity-70 mb-0&quot;
                        for=&quot;«rb»-form-item&quot;
                      &gt;
                        Target keyphrase
                      &lt;/label&gt;
                      &lt;span
                        class=&quot;text-xs font-medium&quot;
                        style=&quot;color: var(--redText)&quot;
                      &gt;
                        No keyword saved
                      &lt;/span&gt;
                    &lt;/div&gt;
                    &lt;div
                      aria-describedby=&quot;«rb»-form-item-description&quot;
                      aria-invalid=&quot;false&quot;
                      class=&quot;mt-2 w-full mt-2&quot;
                      id=&quot;«rb»-form-item&quot;
                    &gt;
                      &lt;input
                        class=&quot;flex h-10 rounded-md border border-input bg-background px-3 py-2 text-sm ring-offset-background file:border-0 file:bg-transparent file:text-sm file:font-medium file:text-foreground placeholder:text-muted-foreground focus-visible:outline-none focus-visible:ring-2 focus-visible:ring-ring focus-visible:ring-offset-2 disabled:cursor-not-allowed disabled:opacity-50 w-full&quot;
                        name=&quot;keyphrase&quot;
                        placeholder=&quot;Enter your target keyphrase&quot;
                        value=&quot;a&quot;
                      /&gt;
                    &lt;/div&gt;
                  &lt;/div&gt;
                  &lt;div
                    class=&quot;border-t pt-4 mt-4&quot;
                  &gt;
                    &lt;div
                      class=&quot;flex items-center justify-between mb-4&quot;
                    &gt;
                      &lt;div&gt;
                        &lt;h3
                          class=&quot;text-lg font-semibold&quot;
                        &gt;
                          Advanced Analysis
                        &lt;/h3&gt;
                        &lt;p
                          class=&quot;text-sm text-muted-foreground&quot;
                        &gt;
                          Add secondary keywords and specify page type for more targeted SEO analysis
                        &lt;/p&gt;
                      &lt;/div&gt;
                      &lt;div
                        class=&quot;flex items-center space-x-2&quot;
                      &gt;
                        &lt;button
                          aria-checked=&quot;false&quot;
                          class=&quot;peer inline-flex h-6 w-11 shrink-0 cursor-pointer items-center rounded-full border-2 border-transparent transition-colors focus-visible:outline-none focus-visible:ring-2 focus-visible:ring-ring focus-visible:ring-offset-2 focus-visible:ring-offset-background disabled:cursor-not-allowed disabled:opacity-50 data-[state=checked]:bg-primary data-[state=unchecked]:bg-input&quot;
                          data-state=&quot;unchecked&quot;
                          role=&quot;switch&quot;
                          type=&quot;button&quot;
                          value=&quot;on&quot;
                        &gt;
                          &lt;span
                            class=&quot;pointer-events-none block h-5 w-5 rounded-full bg-background shadow-lg ring-0 transition-transform data-[state=checked]:translate-x-5 data-[state=unchecked]:translate-x-0&quot;
                            data-state=&quot;unchecked&quot;
                          /&gt;
                        &lt;/button&gt;
                        &lt;input
                          aria-hidden=&quot;true&quot;
                          style=&quot;transform: translateX(-100%); width: 200px; height: 100px&quot;
                          tabindex=&quot;-1&quot;
                          type=&quot;checkbox&quot;
                          value=&quot;on&quot;
                        /&gt;
                        &lt;span
                          class=&quot;text-sm&quot;
                        &gt;
                          Off
                        &lt;/span&gt;
                      &lt;/div&gt;
                    &lt;/div&gt;
                  &lt;/div&gt;
                  &lt;div
                    class=&quot;w-full pt-2&quot;
                  &gt;
                    &lt;button
                      class=&quot;inline-flex items-center justify-center gap-2 whitespace-nowrap rounded-md text-sm font-medium ring-offset-background transition-colors focus-visible:outline-none focus-visible:ring-2 focus-visible:ring-ring focus-visible:ring-offset-2 disabled:pointer-events-none disabled:opacity-50 [&amp;_svg]:pointer-events-none [&amp;_svg]:size-4 [&amp;_svg]:sh...
 ❯ Proxy.waitFor node_modules/.pnpm/@testing-library+dom@10.4.1/node_modules/@testing-library/dom/dist/wait-for.js:163:27
 ❯ client/src/pages/Home.test.tsx:202:11
            </failure>
        </testcase>
        <testcase classname="client/src/pages/Home.test.tsx" name="Home Component &gt; performs SEO analysis on valid keyphrase" time="15.3587677">
            <system-out>
[InsertionContext] No OAuth token available - will use Designer Extension APIs directly
[WebflowInsertion] Webflow Designer context detected
[WebflowDesignerDetection] === WEBFLOW API INSPECTION ===
[WebflowDesignerDetection] typeof window.webflow: object
[WebflowDesignerDetection] window.webflow: {
  getCurrentPage: [Function: spy] {
    getMockName: [36m[Function (anonymous)][39m,
    mockName: [36m[Function (anonymous)][39m,
    mockClear: [36m[Function (anonymous)][39m,
    mockReset: [36m[Function (anonymous)][39m,
    mockRestore: [36m[Function (anonymous)][39m,
    getMockImplementation: [36m[Function (anonymous)][39m,
    mockImplementation: [36m[Function (anonymous)][39m,
    mockImplementationOnce: [36m[Function (anonymous)][39m,
    withImplementation: [36m[Function: withImplementation][39m,
    mockReturnThis: [36m[Function (anonymous)][39m,
    mockReturnValue: [36m[Function (anonymous)][39m,
    mockReturnValueOnce: [36m[Function (anonymous)][39m,
    mockResolvedValue: [36m[Function (anonymous)][39m,
    mockResolvedValueOnce: [36m[Function (anonymous)][39m,
    mockRejectedValue: [36m[Function (anonymous)][39m,
    mockRejectedValueOnce: [36m[Function (anonymous)][39m,
    [[32mSymbol(nodejs.dispose)[39m]: [36m[Function (anonymous)][39m
  },
  getSiteInfo: [Function: spy] {
    getMockName: [36m[Function (anonymous)][39m,
    mockName: [36m[Function (anonymous)][39m,
    mockClear: [36m[Function (anonymous)][39m,
    mockReset: [36m[Function (anonymous)][39m,
    mockRestore: [36m[Function (anonymous)][39m,
    getMockImplementation: [36m[Function (anonymous)][39m,
    mockImplementation: [36m[Function (anonymous)][39m,
    mockImplementationOnce: [36m[Function (anonymous)][39m,
    withImplementation: [36m[Function: withImplementation][39m,
    mockReturnThis: [36m[Function (anonymous)][39m,
    mockReturnValue: [36m[Function (anonymous)][39m,
    mockReturnValueOnce: [36m[Function (anonymous)][39m,
    mockResolvedValue: [36m[Function (anonymous)][39m,
    mockResolvedValueOnce: [36m[Function (anonymous)][39m,
    mockRejectedValue: [36m[Function (anonymous)][39m,
    mockRejectedValueOnce: [36m[Function (anonymous)][39m,
    [[32mSymbol(nodejs.dispose)[39m]: [36m[Function (anonymous)][39m
  },
  subscribe: [Function: spy] {
    getMockName: [36m[Function (anonymous)][39m,
    mockName: [36m[Function (anonymous)][39m,
    mockClear: [36m[Function (anonymous)][39m,
    mockReset: [36m[Function (anonymous)][39m,
    mockRestore: [36m[Function (anonymous)][39m,
    getMockImplementation: [36m[Function (anonymous)][39m,
    mockImplementation: [36m[Function (anonymous)][39m,
    mockImplementationOnce: [36m[Function (anonymous)][39m,
    withImplementation: [36m[Function: withImplementation][39m,
    mockReturnThis: [36m[Function (anonymous)][39m,
    mockReturnValue: [36m[Function (anonymous)][39m,
    mockReturnValueOnce: [36m[Function (anonymous)][39m,
    mockResolvedValue: [36m[Function (anonymous)][39m,
    mockResolvedValueOnce: [36m[Function (anonymous)][39m,
    mockRejectedValue: [36m[Function (anonymous)][39m,
    mockRejectedValueOnce: [36m[Function (anonymous)][39m,
    [[32mSymbol(nodejs.dispose)[39m]: [36m[Function (anonymous)][39m
  }
}
[WebflowDesignerDetection] Available webflow properties: [ [32m&apos;getCurrentPage&apos;[39m, [32m&apos;getSiteInfo&apos;[39m, [32m&apos;subscribe&apos;[39m ]
[WebflowDesignerDetection] Available webflow methods: [ [32m&apos;getCurrentPage&apos;[39m, [32m&apos;getSiteInfo&apos;[39m, [32m&apos;subscribe&apos;[39m ]
[WebflowDesignerDetection] Method &apos;getCurrentPage&apos;: {
  type: [32m&apos;function&apos;[39m,
  length: [33m0[39m,
  name: [32m&apos;spy&apos;[39m,
  toString: [32m&apos;function(...args) {\n&apos;[39m +
    [32m&apos;    let state2 = getInternalState(fn);\n&apos;[39m +
    [32m&apos;    state2.called = !0, state2.callCount++, state2.calls.push(args);\n&apos;[39m +
    [32m&apos;    let next = state2.next.shift();\n&apos;[39m +
    [32m&apos;    if (next) {\n&apos;[39m +
    [32m&apos;      state2.results...&apos;[39m
}
[WebflowDesignerDetection] Method &apos;getSiteInfo&apos;: {
  type: [32m&apos;function&apos;[39m,
  length: [33m0[39m,
  name: [32m&apos;spy&apos;[39m,
  toString: [32m&apos;function(...args) {\n&apos;[39m +
    [32m&apos;    let state2 = getInternalState(fn);\n&apos;[39m +
    [32m&apos;    state2.called = !0, state2.callCount++, state2.calls.push(args);\n&apos;[39m +
    [32m&apos;    let next = state2.next.shift();\n&apos;[39m +
    [32m&apos;    if (next) {\n&apos;[39m +
    [32m&apos;      state2.results...&apos;[39m
}
[WebflowDesignerDetection] Method &apos;subscribe&apos;: {
  type: [32m&apos;function&apos;[39m,
  length: [33m0[39m,
  name: [32m&apos;spy&apos;[39m,
  toString: [32m&apos;function(...args) {\n&apos;[39m +
    [32m&apos;    let state2 = getInternalState(fn);\n&apos;[39m +
    [32m&apos;    state2.called = !0, state2.callCount++, state2.calls.push(args);\n&apos;[39m +
    [32m&apos;    let next = state2.next.shift();\n&apos;[39m +
    [32m&apos;    if (next) {\n&apos;[39m +
    [32m&apos;      state2.results...&apos;[39m
}
[WebflowDesignerDetection] Prototype methods: [
  [32m&apos;constructor&apos;[39m,
  [32m&apos;__defineGetter__&apos;[39m,
  [32m&apos;__defineSetter__&apos;[39m,
  [32m&apos;hasOwnProperty&apos;[39m,
  [32m&apos;__lookupGetter__&apos;[39m,
  [32m&apos;__lookupSetter__&apos;[39m,
  [32m&apos;isPrototypeOf&apos;[39m,
  [32m&apos;propertyIsEnumerable&apos;[39m,
  [32m&apos;toString&apos;[39m,
  [32m&apos;valueOf&apos;[39m,
  [32m&apos;__proto__&apos;[39m,
  [32m&apos;toLocaleString&apos;[39m
]
[WebflowDesignerAPI] Detected capabilities: {
  canReadPageInfo: [33mtrue[39m,
  canUpdatePageTitle: [33mfalse[39m,
  canUpdatePageMeta: [33mfalse[39m,
  canUpdatePageSlug: [33mfalse[39m,
  canAddCustomCode: [33mfalse[39m,
  canUpdateCMS: [33mfalse[39m,
  canManipulateElements: [33mfalse[39m,
  canSelectElements: [33mfalse[39m,
  hasElementBuilder: [33mfalse[39m,
  availableMethods: [ [32m&apos;getCurrentPage&apos;[39m, [32m&apos;getSiteInfo&apos;[39m, [32m&apos;subscribe&apos;[39m ]
}
[WebflowInsertion] Using Webflow Designer Extension APIs for modifications

[AuthContext] No OAuth token found - Designer Extension will use Designer APIs directly

            </system-out>
            <system-err>
The current testing environment is not configured to support act(...)
The current testing environment is not configured to support act(...)
The current testing environment is not configured to support act(...)
The current testing environment is not configured to support act(...)

The current testing environment is not configured to support act(...)
The current testing environment is not configured to support act(...)
The current testing environment is not configured to support act(...)
Failed to initialize page keywords: TypeError: Cannot read properties of undefined (reading &apos;pageType&apos;)
    at initializePageKeywords [90m(C:\Users\Paul Mulligan\PMDS\Projects\AI-SEO-Copilot-for-Webflow\[39mclient\src\pages\Home.tsx:542:34[90m)[39m

The current testing environment is not configured to support act(...)

The current testing environment is not configured to support act(...)

            </system-err>
            <failure message="expected &quot;spy&quot; to be called at least once

Ignored nodes: comments, script, style
[36m&lt;html&gt;[39m
  [36m&lt;head /&gt;[39m
  [36m&lt;body&gt;[39m
    [36m&lt;div&gt;[39m
      [36m&lt;div[39m
        [33mclass[39m=[32m&quot;min-h-screen bg-background p-4 md:p-6 flex flex-col&quot;[39m
        [33mstyle[39m=[32m&quot;color: #FFFFFF&quot;[39m
      [36m&gt;[39m
        [36m&lt;div[39m
          [33mclass[39m=[32m&quot;mx-auto w-full max-w-3xl space-y-6 flex-grow&quot;[39m
        [36m&gt;[39m
          [36m&lt;div[39m
            [33mclass[39m=[32m&quot;w-full&quot;[39m
          [36m&gt;[39m
            [36m&lt;div[39m
              [33mclass[39m=[32m&quot;rounded-lg border bg-background2 text-card-foreground shadow-sm w-full&quot;[39m
            [36m&gt;[39m
              [36m&lt;div[39m
                [33mclass[39m=[32m&quot;flex flex-col space-y-1.5 p-6&quot;[39m
              [36m&gt;[39m
                [36m&lt;h3[39m
                  [33mclass[39m=[32m&quot;text-2xl font-semibold leading-none tracking-tight text-center&quot;[39m
                [36m&gt;[39m
                  [0mSEO Analysis Tool[0m
                [36m&lt;/h3&gt;[39m
              [36m&lt;/div&gt;[39m
              [36m&lt;div[39m
                [33mclass[39m=[32m&quot;p-6 pt-0&quot;[39m
              [36m&gt;[39m
                [36m&lt;form[39m
                  [33mclass[39m=[32m&quot;space-y-5 w-full&quot;[39m
                [36m&gt;[39m
                  [36m&lt;div[39m
                    [33mclass[39m=[32m&quot;space-y-2 w-full&quot;[39m
                  [36m&gt;[39m
                    [36m&lt;div[39m
                      [33mclass[39m=[32m&quot;flex justify-between items-center mb-1&quot;[39m
                    [36m&gt;[39m
                      [36m&lt;label[39m
                        [33mclass[39m=[32m&quot;text-sm font-medium leading-none peer-disabled:cursor-not-allowed peer-disabled:opacity-70 mb-0&quot;[39m
                        [33mfor[39m=[32m&quot;«re»-form-item&quot;[39m
                      [36m&gt;[39m
                        [0mTarget keyphrase[0m
                      [36m&lt;/label&gt;[39m
                      [36m&lt;span[39m
                        [33mclass[39m=[32m&quot;text-xs font-medium&quot;[39m
                        [33mstyle[39m=[32m&quot;color: var(--redText)&quot;[39m
                      [36m&gt;[39m
                        [0mNo keyword saved[0m
                      [36m&lt;/span&gt;[39m
                    [36m&lt;/div&gt;[39m
                    [36m&lt;div[39m
                      [33maria-describedby[39m=[32m&quot;«re»-form-item-description&quot;[39m
                      [33maria-invalid[39m=[32m&quot;false&quot;[39m
                      [33mclass[39m=[32m&quot;mt-2 w-full mt-2&quot;[39m
                      [33mid[39m=[32m&quot;«re»-form-item&quot;[39m
                    [36m&gt;[39m
                      [36m&lt;input[39m
                        [33mclass[39m=[32m&quot;flex h-10 rounded-md border border-input bg-background px-3 py-2 text-sm ring-offset-background file:border-0 file:bg-transparent file:text-sm file:font-medium file:text-foreground placeholder:text-muted-foreground focus-visible:outline-none focus-visible:ring-2 focus-visible:ring-ring focus-visible:ring-offset-2 disabled:cursor-not-allowed disabled:opacity-50 w-full&quot;[39m
                        [33mname[39m=[32m&quot;keyphrase&quot;[39m
                        [33mplaceholder[39m=[32m&quot;Enter your target keyphrase&quot;[39m
                        [33mvalue[39m=[32m&quot;t&quot;[39m
                      [36m/&gt;[39m
                    [36m&lt;/div&gt;[39m
                  [36m&lt;/div&gt;[39m
                  [36m&lt;div[39m
                    [33mclass[39m=[32m&quot;border-t pt-4 mt-4&quot;[39m
                  [36m&gt;[39m
                    [36m&lt;div[39m
                      [33mclass[39m=[32m&quot;flex items-center justify-between mb-4&quot;[39m
                    [36m&gt;[39m
                      [36m&lt;div&gt;[39m
                        [36m&lt;h3[39m
                          [33mclass[39m=[32m&quot;text-lg font-semibold&quot;[39m
                        [36m&gt;[39m
                          [0mAdvanced Analysis[0m
                        [36m&lt;/h3&gt;[39m
                        [36m&lt;p[39m
                          [33mclass[39m=[32m&quot;text-sm text-muted-foreground&quot;[39m
                        [36m&gt;[39m
                          [0mAdd secondary keywords and specify page type for more targeted SEO analysis[0m
                        [36m&lt;/p&gt;[39m
                      [36m&lt;/div&gt;[39m
                      [36m&lt;div[39m
                        [33mclass[39m=[32m&quot;flex items-center space-x-2&quot;[39m
                      [36m&gt;[39m
                        [36m&lt;button[39m
                          [33maria-checked[39m=[32m&quot;false&quot;[39m
                          [33mclass[39m=[32m&quot;peer inline-flex h-6 w-11 shrink-0 cursor-pointer items-center rounded-full border-2 border-transparent transition-colors focus-visible:outline-none focus-visible:ring-2 focus-visible:ring-ring focus-visible:ring-offset-2 focus-visible:ring-offset-background disabled:cursor-not-allowed disabled:opacity-50 data-[state=checked]:bg-primary data-[state=unchecked]:bg-input&quot;[39m
                          [33mdata-state[39m=[32m&quot;unchecked&quot;[39m
                          [33mrole[39m=[32m&quot;switch&quot;[39m
                          [33mtype[39m=[32m&quot;button&quot;[39m
                          [33mvalue[39m=[32m&quot;on&quot;[39m
                        [36m&gt;[39m
                          [36m&lt;span[39m
                            [33mclass[39m=[32m&quot;pointer-events-none block h-5 w-5 rounded-full bg-background shadow-lg ring-0 transition-transform data-[state=checked]:translate-x-5 data-[state=unchecked]:translate-x-0&quot;[39m
                            [33mdata-state[39m=[32m&quot;unchecked&quot;[39m
                          [36m/&gt;[39m
                        [36m&lt;/button&gt;[39m
                        [36m&lt;input[39m
                          [33maria-hidden[39m=[32m&quot;true&quot;[39m
                          [33mstyle[39m=[32m&quot;transform: translateX(-100%); width: 200px; height: 100px&quot;[39m
                          [33mtabindex[39m=[32m&quot;-1&quot;[39m
                          [33mtype[39m=[32m&quot;checkbox&quot;[39m
                          [33mvalue[39m=[32m&quot;on&quot;[39m
                        [36m/&gt;[39m
                        [36m&lt;span[39m
                          [33mclass[39m=[32m&quot;text-sm&quot;[39m
                        [36m&gt;[39m
                          [0mOff[0m
                        [36m&lt;/span&gt;[39m
                      [36m&lt;/div&gt;[39m
                    [36m&lt;/div&gt;[39m
                  [36m&lt;/div&gt;[39m
                  [36m&lt;div[39m
                    [33mclass[39m=[32m&quot;w-full pt-2&quot;[39m
                  [36m&gt;[39m
                    [36m&lt;button[39m
                      [33mclass[39m=[32m&quot;inline-flex items-center justify-center gap-2 whitespace-nowrap rounded-md text-sm font-medium ring-offset-background transition-colors focus-visible:outline-none focus-visible:ring-2 focus-visible:ring-ring focus-visible:ring-offset-2 disabled:pointer-events-none disabled:opacity-50 [&amp;_svg]:pointer-events-none [&amp;_svg]:size-4 [&amp;_svg]:sh..." type="AssertionError">
AssertionError: expected &quot;spy&quot; to be called at least once

Ignored nodes: comments, script, style
&lt;html&gt;
  &lt;head /&gt;
  &lt;body&gt;
    &lt;div&gt;
      &lt;div
        class=&quot;min-h-screen bg-background p-4 md:p-6 flex flex-col&quot;
        style=&quot;color: #FFFFFF&quot;
      &gt;
        &lt;div
          class=&quot;mx-auto w-full max-w-3xl space-y-6 flex-grow&quot;
        &gt;
          &lt;div
            class=&quot;w-full&quot;
          &gt;
            &lt;div
              class=&quot;rounded-lg border bg-background2 text-card-foreground shadow-sm w-full&quot;
            &gt;
              &lt;div
                class=&quot;flex flex-col space-y-1.5 p-6&quot;
              &gt;
                &lt;h3
                  class=&quot;text-2xl font-semibold leading-none tracking-tight text-center&quot;
                &gt;
                  SEO Analysis Tool
                &lt;/h3&gt;
              &lt;/div&gt;
              &lt;div
                class=&quot;p-6 pt-0&quot;
              &gt;
                &lt;form
                  class=&quot;space-y-5 w-full&quot;
                &gt;
                  &lt;div
                    class=&quot;space-y-2 w-full&quot;
                  &gt;
                    &lt;div
                      class=&quot;flex justify-between items-center mb-1&quot;
                    &gt;
                      &lt;label
                        class=&quot;text-sm font-medium leading-none peer-disabled:cursor-not-allowed peer-disabled:opacity-70 mb-0&quot;
                        for=&quot;«re»-form-item&quot;
                      &gt;
                        Target keyphrase
                      &lt;/label&gt;
                      &lt;span
                        class=&quot;text-xs font-medium&quot;
                        style=&quot;color: var(--redText)&quot;
                      &gt;
                        No keyword saved
                      &lt;/span&gt;
                    &lt;/div&gt;
                    &lt;div
                      aria-describedby=&quot;«re»-form-item-description&quot;
                      aria-invalid=&quot;false&quot;
                      class=&quot;mt-2 w-full mt-2&quot;
                      id=&quot;«re»-form-item&quot;
                    &gt;
                      &lt;input
                        class=&quot;flex h-10 rounded-md border border-input bg-background px-3 py-2 text-sm ring-offset-background file:border-0 file:bg-transparent file:text-sm file:font-medium file:text-foreground placeholder:text-muted-foreground focus-visible:outline-none focus-visible:ring-2 focus-visible:ring-ring focus-visible:ring-offset-2 disabled:cursor-not-allowed disabled:opacity-50 w-full&quot;
                        name=&quot;keyphrase&quot;
                        placeholder=&quot;Enter your target keyphrase&quot;
                        value=&quot;t&quot;
                      /&gt;
                    &lt;/div&gt;
                  &lt;/div&gt;
                  &lt;div
                    class=&quot;border-t pt-4 mt-4&quot;
                  &gt;
                    &lt;div
                      class=&quot;flex items-center justify-between mb-4&quot;
                    &gt;
                      &lt;div&gt;
                        &lt;h3
                          class=&quot;text-lg font-semibold&quot;
                        &gt;
                          Advanced Analysis
                        &lt;/h3&gt;
                        &lt;p
                          class=&quot;text-sm text-muted-foreground&quot;
                        &gt;
                          Add secondary keywords and specify page type for more targeted SEO analysis
                        &lt;/p&gt;
                      &lt;/div&gt;
                      &lt;div
                        class=&quot;flex items-center space-x-2&quot;
                      &gt;
                        &lt;button
                          aria-checked=&quot;false&quot;
                          class=&quot;peer inline-flex h-6 w-11 shrink-0 cursor-pointer items-center rounded-full border-2 border-transparent transition-colors focus-visible:outline-none focus-visible:ring-2 focus-visible:ring-ring focus-visible:ring-offset-2 focus-visible:ring-offset-background disabled:cursor-not-allowed disabled:opacity-50 data-[state=checked]:bg-primary data-[state=unchecked]:bg-input&quot;
                          data-state=&quot;unchecked&quot;
                          role=&quot;switch&quot;
                          type=&quot;button&quot;
                          value=&quot;on&quot;
                        &gt;
                          &lt;span
                            class=&quot;pointer-events-none block h-5 w-5 rounded-full bg-background shadow-lg ring-0 transition-transform data-[state=checked]:translate-x-5 data-[state=unchecked]:translate-x-0&quot;
                            data-state=&quot;unchecked&quot;
                          /&gt;
                        &lt;/button&gt;
                        &lt;input
                          aria-hidden=&quot;true&quot;
                          style=&quot;transform: translateX(-100%); width: 200px; height: 100px&quot;
                          tabindex=&quot;-1&quot;
                          type=&quot;checkbox&quot;
                          value=&quot;on&quot;
                        /&gt;
                        &lt;span
                          class=&quot;text-sm&quot;
                        &gt;
                          Off
                        &lt;/span&gt;
                      &lt;/div&gt;
                    &lt;/div&gt;
                  &lt;/div&gt;
                  &lt;div
                    class=&quot;w-full pt-2&quot;
                  &gt;
                    &lt;button
                      class=&quot;inline-flex items-center justify-center gap-2 whitespace-nowrap rounded-md text-sm font-medium ring-offset-background transition-colors focus-visible:outline-none focus-visible:ring-2 focus-visible:ring-ring focus-visible:ring-offset-2 disabled:pointer-events-none disabled:opacity-50 [&amp;_svg]:pointer-events-none [&amp;_svg]:size-4 [&amp;_svg]:sh...
 ❯ __vi_import_1__.waitFor.timeout client/src/pages/Home.test.tsx:225:26
 ❯ runWithExpensiveErrorDiagnosticsDisabled node_modules/.pnpm/@testing-library+dom@10.4.1/node_modules/@testing-library/dom/dist/config.js:47:12
 ❯ checkCallback node_modules/.pnpm/@testing-library+dom@10.4.1/node_modules/@testing-library/dom/dist/wait-for.js:124:77
 ❯ Timeout.checkRealTimersCallback node_modules/.pnpm/@testing-library+dom@10.4.1/node_modules/@testing-library/dom/dist/wait-for.js:118:16
            </failure>
        </testcase>
        <testcase classname="client/src/pages/Home.test.tsx" name="Home Component &gt; displays loading state during analysis" time="5.3196595">
            <system-out>
[InsertionContext] No OAuth token available - will use Designer Extension APIs directly
[WebflowInsertion] Webflow Designer context detected
[WebflowDesignerDetection] === WEBFLOW API INSPECTION ===
[WebflowDesignerDetection] typeof window.webflow: object
[WebflowDesignerDetection] window.webflow: {
  getCurrentPage: [Function: spy] {
    getMockName: [36m[Function (anonymous)][39m,
    mockName: [36m[Function (anonymous)][39m,
    mockClear: [36m[Function (anonymous)][39m,
    mockReset: [36m[Function (anonymous)][39m,
    mockRestore: [36m[Function (anonymous)][39m,
    getMockImplementation: [36m[Function (anonymous)][39m,
    mockImplementation: [36m[Function (anonymous)][39m,
    mockImplementationOnce: [36m[Function (anonymous)][39m,
    withImplementation: [36m[Function: withImplementation][39m,
    mockReturnThis: [36m[Function (anonymous)][39m,
    mockReturnValue: [36m[Function (anonymous)][39m,
    mockReturnValueOnce: [36m[Function (anonymous)][39m,
    mockResolvedValue: [36m[Function (anonymous)][39m,
    mockResolvedValueOnce: [36m[Function (anonymous)][39m,
    mockRejectedValue: [36m[Function (anonymous)][39m,
    mockRejectedValueOnce: [36m[Function (anonymous)][39m,
    [[32mSymbol(nodejs.dispose)[39m]: [36m[Function (anonymous)][39m
  },
  getSiteInfo: [Function: spy] {
    getMockName: [36m[Function (anonymous)][39m,
    mockName: [36m[Function (anonymous)][39m,
    mockClear: [36m[Function (anonymous)][39m,
    mockReset: [36m[Function (anonymous)][39m,
    mockRestore: [36m[Function (anonymous)][39m,
    getMockImplementation: [36m[Function (anonymous)][39m,
    mockImplementation: [36m[Function (anonymous)][39m,
    mockImplementationOnce: [36m[Function (anonymous)][39m,
    withImplementation: [36m[Function: withImplementation][39m,
    mockReturnThis: [36m[Function (anonymous)][39m,
    mockReturnValue: [36m[Function (anonymous)][39m,
    mockReturnValueOnce: [36m[Function (anonymous)][39m,
    mockResolvedValue: [36m[Function (anonymous)][39m,
    mockResolvedValueOnce: [36m[Function (anonymous)][39m,
    mockRejectedValue: [36m[Function (anonymous)][39m,
    mockRejectedValueOnce: [36m[Function (anonymous)][39m,
    [[32mSymbol(nodejs.dispose)[39m]: [36m[Function (anonymous)][39m
  },
  subscribe: [Function: spy] {
    getMockName: [36m[Function (anonymous)][39m,
    mockName: [36m[Function (anonymous)][39m,
    mockClear: [36m[Function (anonymous)][39m,
    mockReset: [36m[Function (anonymous)][39m,
    mockRestore: [36m[Function (anonymous)][39m,
    getMockImplementation: [36m[Function (anonymous)][39m,
    mockImplementation: [36m[Function (anonymous)][39m,
    mockImplementationOnce: [36m[Function (anonymous)][39m,
    withImplementation: [36m[Function: withImplementation][39m,
    mockReturnThis: [36m[Function (anonymous)][39m,
    mockReturnValue: [36m[Function (anonymous)][39m,
    mockReturnValueOnce: [36m[Function (anonymous)][39m,
    mockResolvedValue: [36m[Function (anonymous)][39m,
    mockResolvedValueOnce: [36m[Function (anonymous)][39m,
    mockRejectedValue: [36m[Function (anonymous)][39m,
    mockRejectedValueOnce: [36m[Function (anonymous)][39m,
    [[32mSymbol(nodejs.dispose)[39m]: [36m[Function (anonymous)][39m
  }
}
[WebflowDesignerDetection] Available webflow properties: [ [32m&apos;getCurrentPage&apos;[39m, [32m&apos;getSiteInfo&apos;[39m, [32m&apos;subscribe&apos;[39m ]
[WebflowDesignerDetection] Available webflow methods: [ [32m&apos;getCurrentPage&apos;[39m, [32m&apos;getSiteInfo&apos;[39m, [32m&apos;subscribe&apos;[39m ]
[WebflowDesignerDetection] Method &apos;getCurrentPage&apos;: {
  type: [32m&apos;function&apos;[39m,
  length: [33m0[39m,
  name: [32m&apos;spy&apos;[39m,
  toString: [32m&apos;function(...args) {\n&apos;[39m +
    [32m&apos;    let state2 = getInternalState(fn);\n&apos;[39m +
    [32m&apos;    state2.called = !0, state2.callCount++, state2.calls.push(args);\n&apos;[39m +
    [32m&apos;    let next = state2.next.shift();\n&apos;[39m +
    [32m&apos;    if (next) {\n&apos;[39m +
    [32m&apos;      state2.results...&apos;[39m
}
[WebflowDesignerDetection] Method &apos;getSiteInfo&apos;: {
  type: [32m&apos;function&apos;[39m,
  length: [33m0[39m,
  name: [32m&apos;spy&apos;[39m,
  toString: [32m&apos;function(...args) {\n&apos;[39m +
    [32m&apos;    let state2 = getInternalState(fn);\n&apos;[39m +
    [32m&apos;    state2.called = !0, state2.callCount++, state2.calls.push(args);\n&apos;[39m +
    [32m&apos;    let next = state2.next.shift();\n&apos;[39m +
    [32m&apos;    if (next) {\n&apos;[39m +
    [32m&apos;      state2.results...&apos;[39m
}
[WebflowDesignerDetection] Method &apos;subscribe&apos;: {
  type: [32m&apos;function&apos;[39m,
  length: [33m0[39m,
  name: [32m&apos;spy&apos;[39m,
  toString: [32m&apos;function(...args) {\n&apos;[39m +
    [32m&apos;    let state2 = getInternalState(fn);\n&apos;[39m +
    [32m&apos;    state2.called = !0, state2.callCount++, state2.calls.push(args);\n&apos;[39m +
    [32m&apos;    let next = state2.next.shift();\n&apos;[39m +
    [32m&apos;    if (next) {\n&apos;[39m +
    [32m&apos;      state2.results...&apos;[39m
}
[WebflowDesignerDetection] Prototype methods: [
  [32m&apos;constructor&apos;[39m,
  [32m&apos;__defineGetter__&apos;[39m,
  [32m&apos;__defineSetter__&apos;[39m,
  [32m&apos;hasOwnProperty&apos;[39m,
  [32m&apos;__lookupGetter__&apos;[39m,
  [32m&apos;__lookupSetter__&apos;[39m,
  [32m&apos;isPrototypeOf&apos;[39m,
  [32m&apos;propertyIsEnumerable&apos;[39m,
  [32m&apos;toString&apos;[39m,
  [32m&apos;valueOf&apos;[39m,
  [32m&apos;__proto__&apos;[39m,
  [32m&apos;toLocaleString&apos;[39m
]
[WebflowDesignerAPI] Detected capabilities: {
  canReadPageInfo: [33mtrue[39m,
  canUpdatePageTitle: [33mfalse[39m,
  canUpdatePageMeta: [33mfalse[39m,
  canUpdatePageSlug: [33mfalse[39m,
  canAddCustomCode: [33mfalse[39m,
  canUpdateCMS: [33mfalse[39m,
  canManipulateElements: [33mfalse[39m,
  canSelectElements: [33mfalse[39m,
  hasElementBuilder: [33mfalse[39m,
  availableMethods: [ [32m&apos;getCurrentPage&apos;[39m, [32m&apos;getSiteInfo&apos;[39m, [32m&apos;subscribe&apos;[39m ]
}
[WebflowInsertion] Using Webflow Designer Extension APIs for modifications

[AuthContext] No OAuth token found - Designer Extension will use Designer APIs directly

            </system-out>
            <system-err>
The current testing environment is not configured to support act(...)
The current testing environment is not configured to support act(...)
The current testing environment is not configured to support act(...)
The current testing environment is not configured to support act(...)

The current testing environment is not configured to support act(...)
The current testing environment is not configured to support act(...)
The current testing environment is not configured to support act(...)
Failed to initialize page keywords: TypeError: Cannot read properties of undefined (reading &apos;pageType&apos;)
    at initializePageKeywords [90m(C:\Users\Paul Mulligan\PMDS\Projects\AI-SEO-Copilot-for-Webflow\[39mclient\src\pages\Home.tsx:542:34[90m)[39m

The current testing environment is not configured to support act(...)

The current testing environment is not configured to support act(...)

            </system-err>
            <failure message="[2mexpect([22m[31melement[39m[2m).toBeDisabled()[22m

Received element is not disabled:
  [31m&lt;button
  class=&quot;inline-flex items-center justify-center gap-2 whitespace-nowrap rounded-md text-sm font-medium ring-offset-background transition-colors focus-visible:outline-none focus-visible:ring-2 focus-visible:ring-ring focus-visible:ring-offset-2 disabled:pointer-events-none disabled:opacity-50 [&amp;_svg]:pointer-events-none [&amp;_svg]:size-4 [&amp;_svg]:shrink-0 [&amp;_svg]:text-current bg-primary text-primary-foreground hover:bg-primary/90 px-4 py-2 w-full h-11 cursor-pointer&quot;
  type=&quot;submit&quot;
/&gt;[39m

Ignored nodes: comments, script, style
[36m&lt;html&gt;[39m
  [36m&lt;head /&gt;[39m
  [36m&lt;body&gt;[39m
    [36m&lt;div&gt;[39m
      [36m&lt;div[39m
        [33mclass[39m=[32m&quot;min-h-screen bg-background p-4 md:p-6 flex flex-col&quot;[39m
        [33mstyle[39m=[32m&quot;color: #FFFFFF&quot;[39m
      [36m&gt;[39m
        [36m&lt;div[39m
          [33mclass[39m=[32m&quot;mx-auto w-full max-w-3xl space-y-6 flex-grow&quot;[39m
        [36m&gt;[39m
          [36m&lt;div[39m
            [33mclass[39m=[32m&quot;w-full&quot;[39m
          [36m&gt;[39m
            [36m&lt;div[39m
              [33mclass[39m=[32m&quot;rounded-lg border bg-background2 text-card-foreground shadow-sm w-full&quot;[39m
            [36m&gt;[39m
              [36m&lt;div[39m
                [33mclass[39m=[32m&quot;flex flex-col space-y-1.5 p-6&quot;[39m
              [36m&gt;[39m
                [36m&lt;h3[39m
                  [33mclass[39m=[32m&quot;text-2xl font-semibold leading-none tracking-tight text-center&quot;[39m
                [36m&gt;[39m
                  [0mSEO Analysis Tool[0m
                [36m&lt;/h3&gt;[39m
              [36m&lt;/div&gt;[39m
              [36m&lt;div[39m
                [33mclass[39m=[32m&quot;p-6 pt-0&quot;[39m
              [36m&gt;[39m
                [36m&lt;form[39m
                  [33mclass[39m=[32m&quot;space-y-5 w-full&quot;[39m
                [36m&gt;[39m
                  [36m&lt;div[39m
                    [33mclass[39m=[32m&quot;space-y-2 w-full&quot;[39m
                  [36m&gt;[39m
                    [36m&lt;div[39m
                      [33mclass[39m=[32m&quot;flex justify-between items-center mb-1&quot;[39m
                    [36m&gt;[39m
                      [36m&lt;label[39m
                        [33mclass[39m=[32m&quot;text-sm font-medium leading-none peer-disabled:cursor-not-allowed peer-disabled:opacity-70 mb-0&quot;[39m
                        [33mfor[39m=[32m&quot;«rh»-form-item&quot;[39m
                      [36m&gt;[39m
                        [0mTarget keyphrase[0m
                      [36m&lt;/label&gt;[39m
                      [36m&lt;span[39m
                        [33mclass[39m=[32m&quot;text-xs font-medium&quot;[39m
                        [33mstyle[39m=[32m&quot;color: var(--redText)&quot;[39m
                      [36m&gt;[39m
                        [0mNo keyword saved[0m
                      [36m&lt;/span&gt;[39m
                    [36m&lt;/div&gt;[39m
                    [36m&lt;div[39m
                      [33maria-describedby[39m=[32m&quot;«rh»-form-item-description&quot;[39m
                      [33maria-invalid[39m=[32m&quot;false&quot;[39m
                      [33mclass[39m=[32m&quot;mt-2 w-full mt-2&quot;[39m
                      [33mid[39m=[32m&quot;«rh»-form-item&quot;[39m
                    [36m&gt;[39m
                      [36m&lt;input[39m
                        [33mclass[39m=[32m&quot;flex h-10 rounded-md border border-input bg-background px-3 py-2 text-sm ring-offset-background file:border-0 file:bg-transparent file:text-sm file:font-medium file:text-foreground placeholder:text-muted-foreground focus-visible:outline-none focus-visible:ring-2 focus-visible:ring-ring focus-visible:ring-offset-2 disabled:cursor-not-allowed disabled:opacity-50 w-full&quot;[39m
                        [33mname[39m=[32m&quot;keyphrase&quot;[39m
                        [33mplaceholder[39m=[32m&quot;Enter your target keyphrase&quot;[39m
                        [33mvalue[39m=[32m&quot;t&quot;[39m
                      [36m/&gt;[39m
                    [36m&lt;/div&gt;[39m
                  [36m&lt;/div&gt;[39m
                  [36m&lt;div[39m
                    [33mclass[39m=[32m&quot;border-t pt-4 mt-4&quot;[39m
                  [36m&gt;[39m
                    [36m&lt;div[39m
                      [33mclass[39m=[32m&quot;flex items-center justify-between mb-4&quot;[39m
                    [36m&gt;[39m
                      [36m&lt;div&gt;[39m
                        [36m&lt;h3[39m
                          [33mclass[39m=[32m&quot;text-lg font-semibold&quot;[39m
                        [36m&gt;[39m
                          [0mAdvanced Analysis[0m
                        [36m&lt;/h3&gt;[39m
                        [36m&lt;p[39m
                          [33mclass[39m=[32m&quot;text-sm text-muted-foreground&quot;[39m
                        [36m&gt;[39m
                          [0mAdd secondary keywords and specify page type for more targeted SEO analysis[0m
                        [36m&lt;/p&gt;[39m
                      [36m&lt;/div&gt;[39m
                      [36m&lt;div[39m
                        [33mclass[39m=[32m&quot;flex items-center space-x-2&quot;[39m
                      [36m&gt;[39m
                        [36m&lt;button[39m
                          [33maria-checked[39m=[32m&quot;false&quot;[39m
                          [33mclass[39m=[32m&quot;peer inline-flex h-6 w-11 shrink-0 cursor-pointer items-center rounded-full border-2 border-transparent transition-colors focus-visible:outline-none focus-visible:ring-2 focus-visible:ring-ring focus-visible:ring-offset-2 focus-visible:ring-offset-background disabled:cursor-not-allowed disabled:opacity-50 data-[state=checked]:bg-primary data-[state=unchecked]:bg-input&quot;[39m
                          [33mdata-state[39m=[32m&quot;unchecked&quot;[39m
                          [33mrole[39m=[32m&quot;switch&quot;[39m
                          [33mtype[39m=[32m&quot;button&quot;[39m
                          [33mvalue[39m=[32m&quot;on&quot;[39m
                        [36m&gt;[39m
                          [36m&lt;span[39m
                            [33mclass[39m=[32m&quot;pointer-events-none block h-5 w-5 rounded-full bg-background shadow-lg ring-0 transition-transform data-[state=checked]:translate-x-5 data-[state=unchecked]:translate-x-0&quot;[39m
                            [33mdata-state[39m=[32m&quot;unchecked&quot;[39m
                          [36m/&gt;[39m
                        [36m&lt;/button&gt;[39m
                        [36m&lt;input[39m
                          [33maria-hidden[39m=[32m&quot;true&quot;[39m
                          [33mstyle[39m=[32m&quot;transform: translateX(-100%); width: 200px; height: 100px&quot;[39m
                          [33mtabindex[39m=[32m&quot;-1&quot;[39m
                          [33mtype[39m=[32m&quot;checkbox&quot;[39m
                          [33mvalue[39m=[32m&quot;on&quot;[39m
                        [36m/&gt;[39m
                        [36m&lt;span[39m
                          [33mclass[39m=[32m&quot;text-sm&quot;[39m
                        [36m&gt;[39m
                          [0mOff[0m
                        [36m&lt;/span&gt;[39m
                      [36m&lt;/div&gt;[39m
                    [36m&lt;/div&gt;[39m
                  [36m&lt;/div&gt;[39m
                  [36m&lt;div[39m
                    [33mclass[39m=[32m&quot;w-full pt-2&quot;[39m
                  [36m&gt;[39m
                    [36m&lt;button[39m
                      [33mclass[39m=[32m&quot;inline-flex items-center justify-center gap-2 whitespace-nowrap rounded-md text-sm font-medium ring-offset-background transition-colors focus-visible:outline-none focus-visible:ring-2 focus-visible:ring-ring focus-visible:ring-offset-2 disabled:pointer-events-none disabled:opacity-50 [&amp;_svg]:pointer-events-none [&amp;_svg]:size-4 [&amp;_svg]:sh..." type="Error">
Error: expect(element).toBeDisabled()

Received element is not disabled:
  &lt;button
  class=&quot;inline-flex items-center justify-center gap-2 whitespace-nowrap rounded-md text-sm font-medium ring-offset-background transition-colors focus-visible:outline-none focus-visible:ring-2 focus-visible:ring-ring focus-visible:ring-offset-2 disabled:pointer-events-none disabled:opacity-50 [&amp;_svg]:pointer-events-none [&amp;_svg]:size-4 [&amp;_svg]:shrink-0 [&amp;_svg]:text-current bg-primary text-primary-foreground hover:bg-primary/90 px-4 py-2 w-full h-11 cursor-pointer&quot;
  type=&quot;submit&quot;
/&gt;

Ignored nodes: comments, script, style
&lt;html&gt;
  &lt;head /&gt;
  &lt;body&gt;
    &lt;div&gt;
      &lt;div
        class=&quot;min-h-screen bg-background p-4 md:p-6 flex flex-col&quot;
        style=&quot;color: #FFFFFF&quot;
      &gt;
        &lt;div
          class=&quot;mx-auto w-full max-w-3xl space-y-6 flex-grow&quot;
        &gt;
          &lt;div
            class=&quot;w-full&quot;
          &gt;
            &lt;div
              class=&quot;rounded-lg border bg-background2 text-card-foreground shadow-sm w-full&quot;
            &gt;
              &lt;div
                class=&quot;flex flex-col space-y-1.5 p-6&quot;
              &gt;
                &lt;h3
                  class=&quot;text-2xl font-semibold leading-none tracking-tight text-center&quot;
                &gt;
                  SEO Analysis Tool
                &lt;/h3&gt;
              &lt;/div&gt;
              &lt;div
                class=&quot;p-6 pt-0&quot;
              &gt;
                &lt;form
                  class=&quot;space-y-5 w-full&quot;
                &gt;
                  &lt;div
                    class=&quot;space-y-2 w-full&quot;
                  &gt;
                    &lt;div
                      class=&quot;flex justify-between items-center mb-1&quot;
                    &gt;
                      &lt;label
                        class=&quot;text-sm font-medium leading-none peer-disabled:cursor-not-allowed peer-disabled:opacity-70 mb-0&quot;
                        for=&quot;«rh»-form-item&quot;
                      &gt;
                        Target keyphrase
                      &lt;/label&gt;
                      &lt;span
                        class=&quot;text-xs font-medium&quot;
                        style=&quot;color: var(--redText)&quot;
                      &gt;
                        No keyword saved
                      &lt;/span&gt;
                    &lt;/div&gt;
                    &lt;div
                      aria-describedby=&quot;«rh»-form-item-description&quot;
                      aria-invalid=&quot;false&quot;
                      class=&quot;mt-2 w-full mt-2&quot;
                      id=&quot;«rh»-form-item&quot;
                    &gt;
                      &lt;input
                        class=&quot;flex h-10 rounded-md border border-input bg-background px-3 py-2 text-sm ring-offset-background file:border-0 file:bg-transparent file:text-sm file:font-medium file:text-foreground placeholder:text-muted-foreground focus-visible:outline-none focus-visible:ring-2 focus-visible:ring-ring focus-visible:ring-offset-2 disabled:cursor-not-allowed disabled:opacity-50 w-full&quot;
                        name=&quot;keyphrase&quot;
                        placeholder=&quot;Enter your target keyphrase&quot;
                        value=&quot;t&quot;
                      /&gt;
                    &lt;/div&gt;
                  &lt;/div&gt;
                  &lt;div
                    class=&quot;border-t pt-4 mt-4&quot;
                  &gt;
                    &lt;div
                      class=&quot;flex items-center justify-between mb-4&quot;
                    &gt;
                      &lt;div&gt;
                        &lt;h3
                          class=&quot;text-lg font-semibold&quot;
                        &gt;
                          Advanced Analysis
                        &lt;/h3&gt;
                        &lt;p
                          class=&quot;text-sm text-muted-foreground&quot;
                        &gt;
                          Add secondary keywords and specify page type for more targeted SEO analysis
                        &lt;/p&gt;
                      &lt;/div&gt;
                      &lt;div
                        class=&quot;flex items-center space-x-2&quot;
                      &gt;
                        &lt;button
                          aria-checked=&quot;false&quot;
                          class=&quot;peer inline-flex h-6 w-11 shrink-0 cursor-pointer items-center rounded-full border-2 border-transparent transition-colors focus-visible:outline-none focus-visible:ring-2 focus-visible:ring-ring focus-visible:ring-offset-2 focus-visible:ring-offset-background disabled:cursor-not-allowed disabled:opacity-50 data-[state=checked]:bg-primary data-[state=unchecked]:bg-input&quot;
                          data-state=&quot;unchecked&quot;
                          role=&quot;switch&quot;
                          type=&quot;button&quot;
                          value=&quot;on&quot;
                        &gt;
                          &lt;span
                            class=&quot;pointer-events-none block h-5 w-5 rounded-full bg-background shadow-lg ring-0 transition-transform data-[state=checked]:translate-x-5 data-[state=unchecked]:translate-x-0&quot;
                            data-state=&quot;unchecked&quot;
                          /&gt;
                        &lt;/button&gt;
                        &lt;input
                          aria-hidden=&quot;true&quot;
                          style=&quot;transform: translateX(-100%); width: 200px; height: 100px&quot;
                          tabindex=&quot;-1&quot;
                          type=&quot;checkbox&quot;
                          value=&quot;on&quot;
                        /&gt;
                        &lt;span
                          class=&quot;text-sm&quot;
                        &gt;
                          Off
                        &lt;/span&gt;
                      &lt;/div&gt;
                    &lt;/div&gt;
                  &lt;/div&gt;
                  &lt;div
                    class=&quot;w-full pt-2&quot;
                  &gt;
                    &lt;button
                      class=&quot;inline-flex items-center justify-center gap-2 whitespace-nowrap rounded-md text-sm font-medium ring-offset-background transition-colors focus-visible:outline-none focus-visible:ring-2 focus-visible:ring-ring focus-visible:ring-offset-2 disabled:pointer-events-none disabled:opacity-50 [&amp;_svg]:pointer-events-none [&amp;_svg]:size-4 [&amp;_svg]:sh...
 ❯ __vi_import_1__.waitFor.timeout client/src/pages/Home.test.tsx:263:22
 ❯ runWithExpensiveErrorDiagnosticsDisabled node_modules/.pnpm/@testing-library+dom@10.4.1/node_modules/@testing-library/dom/dist/config.js:47:12
 ❯ checkCallback node_modules/.pnpm/@testing-library+dom@10.4.1/node_modules/@testing-library/dom/dist/wait-for.js:124:77
 ❯ Timeout.checkRealTimersCallback node_modules/.pnpm/@testing-library+dom@10.4.1/node_modules/@testing-library/dom/dist/wait-for.js:118:16
            </failure>
        </testcase>
        <testcase classname="client/src/pages/Home.test.tsx" name="Home Component &gt; handles analysis errors gracefully" time="0.3218271">
            <system-out>
[InsertionContext] No OAuth token available - will use Designer Extension APIs directly
[WebflowInsertion] Webflow Designer context detected
[WebflowDesignerDetection] === WEBFLOW API INSPECTION ===
[WebflowDesignerDetection] typeof window.webflow: object
[WebflowDesignerDetection] window.webflow: {
  getCurrentPage: [Function: spy] {
    getMockName: [36m[Function (anonymous)][39m,
    mockName: [36m[Function (anonymous)][39m,
    mockClear: [36m[Function (anonymous)][39m,
    mockReset: [36m[Function (anonymous)][39m,
    mockRestore: [36m[Function (anonymous)][39m,
    getMockImplementation: [36m[Function (anonymous)][39m,
    mockImplementation: [36m[Function (anonymous)][39m,
    mockImplementationOnce: [36m[Function (anonymous)][39m,
    withImplementation: [36m[Function: withImplementation][39m,
    mockReturnThis: [36m[Function (anonymous)][39m,
    mockReturnValue: [36m[Function (anonymous)][39m,
    mockReturnValueOnce: [36m[Function (anonymous)][39m,
    mockResolvedValue: [36m[Function (anonymous)][39m,
    mockResolvedValueOnce: [36m[Function (anonymous)][39m,
    mockRejectedValue: [36m[Function (anonymous)][39m,
    mockRejectedValueOnce: [36m[Function (anonymous)][39m,
    [[32mSymbol(nodejs.dispose)[39m]: [36m[Function (anonymous)][39m
  },
  getSiteInfo: [Function: spy] {
    getMockName: [36m[Function (anonymous)][39m,
    mockName: [36m[Function (anonymous)][39m,
    mockClear: [36m[Function (anonymous)][39m,
    mockReset: [36m[Function (anonymous)][39m,
    mockRestore: [36m[Function (anonymous)][39m,
    getMockImplementation: [36m[Function (anonymous)][39m,
    mockImplementation: [36m[Function (anonymous)][39m,
    mockImplementationOnce: [36m[Function (anonymous)][39m,
    withImplementation: [36m[Function: withImplementation][39m,
    mockReturnThis: [36m[Function (anonymous)][39m,
    mockReturnValue: [36m[Function (anonymous)][39m,
    mockReturnValueOnce: [36m[Function (anonymous)][39m,
    mockResolvedValue: [36m[Function (anonymous)][39m,
    mockResolvedValueOnce: [36m[Function (anonymous)][39m,
    mockRejectedValue: [36m[Function (anonymous)][39m,
    mockRejectedValueOnce: [36m[Function (anonymous)][39m,
    [[32mSymbol(nodejs.dispose)[39m]: [36m[Function (anonymous)][39m
  },
  subscribe: [Function: spy] {
    getMockName: [36m[Function (anonymous)][39m,
    mockName: [36m[Function (anonymous)][39m,
    mockClear: [36m[Function (anonymous)][39m,
    mockReset: [36m[Function (anonymous)][39m,
    mockRestore: [36m[Function (anonymous)][39m,
    getMockImplementation: [36m[Function (anonymous)][39m,
    mockImplementation: [36m[Function (anonymous)][39m,
    mockImplementationOnce: [36m[Function (anonymous)][39m,
    withImplementation: [36m[Function: withImplementation][39m,
    mockReturnThis: [36m[Function (anonymous)][39m,
    mockReturnValue: [36m[Function (anonymous)][39m,
    mockReturnValueOnce: [36m[Function (anonymous)][39m,
    mockResolvedValue: [36m[Function (anonymous)][39m,
    mockResolvedValueOnce: [36m[Function (anonymous)][39m,
    mockRejectedValue: [36m[Function (anonymous)][39m,
    mockRejectedValueOnce: [36m[Function (anonymous)][39m,
    [[32mSymbol(nodejs.dispose)[39m]: [36m[Function (anonymous)][39m
  }
}
[WebflowDesignerDetection] Available webflow properties: [ [32m&apos;getCurrentPage&apos;[39m, [32m&apos;getSiteInfo&apos;[39m, [32m&apos;subscribe&apos;[39m ]
[WebflowDesignerDetection] Available webflow methods: [ [32m&apos;getCurrentPage&apos;[39m, [32m&apos;getSiteInfo&apos;[39m, [32m&apos;subscribe&apos;[39m ]
[WebflowDesignerDetection] Method &apos;getCurrentPage&apos;: {
  type: [32m&apos;function&apos;[39m,
  length: [33m0[39m,
  name: [32m&apos;spy&apos;[39m,
  toString: [32m&apos;function(...args) {\n&apos;[39m +
    [32m&apos;    let state2 = getInternalState(fn);\n&apos;[39m +
    [32m&apos;    state2.called = !0, state2.callCount++, state2.calls.push(args);\n&apos;[39m +
    [32m&apos;    let next = state2.next.shift();\n&apos;[39m +
    [32m&apos;    if (next) {\n&apos;[39m +
    [32m&apos;      state2.results...&apos;[39m
}
[WebflowDesignerDetection] Method &apos;getSiteInfo&apos;: {
  type: [32m&apos;function&apos;[39m,
  length: [33m0[39m,
  name: [32m&apos;spy&apos;[39m,
  toString: [32m&apos;function(...args) {\n&apos;[39m +
    [32m&apos;    let state2 = getInternalState(fn);\n&apos;[39m +
    [32m&apos;    state2.called = !0, state2.callCount++, state2.calls.push(args);\n&apos;[39m +
    [32m&apos;    let next = state2.next.shift();\n&apos;[39m +
    [32m&apos;    if (next) {\n&apos;[39m +
    [32m&apos;      state2.results...&apos;[39m
}
[WebflowDesignerDetection] Method &apos;subscribe&apos;: {
  type: [32m&apos;function&apos;[39m,
  length: [33m0[39m,
  name: [32m&apos;spy&apos;[39m,
  toString: [32m&apos;function(...args) {\n&apos;[39m +
    [32m&apos;    let state2 = getInternalState(fn);\n&apos;[39m +
    [32m&apos;    state2.called = !0, state2.callCount++, state2.calls.push(args);\n&apos;[39m +
    [32m&apos;    let next = state2.next.shift();\n&apos;[39m +
    [32m&apos;    if (next) {\n&apos;[39m +
    [32m&apos;      state2.results...&apos;[39m
}
[WebflowDesignerDetection] Prototype methods: [
  [32m&apos;constructor&apos;[39m,
  [32m&apos;__defineGetter__&apos;[39m,
  [32m&apos;__defineSetter__&apos;[39m,
  [32m&apos;hasOwnProperty&apos;[39m,
  [32m&apos;__lookupGetter__&apos;[39m,
  [32m&apos;__lookupSetter__&apos;[39m,
  [32m&apos;isPrototypeOf&apos;[39m,
  [32m&apos;propertyIsEnumerable&apos;[39m,
  [32m&apos;toString&apos;[39m,
  [32m&apos;valueOf&apos;[39m,
  [32m&apos;__proto__&apos;[39m,
  [32m&apos;toLocaleString&apos;[39m
]
[WebflowDesignerAPI] Detected capabilities: {
  canReadPageInfo: [33mtrue[39m,
  canUpdatePageTitle: [33mfalse[39m,
  canUpdatePageMeta: [33mfalse[39m,
  canUpdatePageSlug: [33mfalse[39m,
  canAddCustomCode: [33mfalse[39m,
  canUpdateCMS: [33mfalse[39m,
  canManipulateElements: [33mfalse[39m,
  canSelectElements: [33mfalse[39m,
  hasElementBuilder: [33mfalse[39m,
  availableMethods: [ [32m&apos;getCurrentPage&apos;[39m, [32m&apos;getSiteInfo&apos;[39m, [32m&apos;subscribe&apos;[39m ]
}
[WebflowInsertion] Using Webflow Designer Extension APIs for modifications

[AuthContext] No OAuth token found - Designer Extension will use Designer APIs directly

            </system-out>
            <system-err>
Failed to initialize page keywords: TypeError: Cannot read properties of undefined (reading &apos;pageType&apos;)
    at initializePageKeywords [90m(C:\Users\Paul Mulligan\PMDS\Projects\AI-SEO-Copilot-for-Webflow\[39mclient\src\pages\Home.tsx:542:34[90m)[39m

            </system-err>
        </testcase>
        <testcase classname="client/src/pages/Home.test.tsx" name="Home Component &gt; displays results after successful analysis" time="15.3117768">
            <system-out>
[InsertionContext] No OAuth token available - will use Designer Extension APIs directly
[WebflowInsertion] Webflow Designer context detected
[WebflowDesignerDetection] === WEBFLOW API INSPECTION ===
[WebflowDesignerDetection] typeof window.webflow: object
[WebflowDesignerDetection] window.webflow: {
  getCurrentPage: [Function: spy] {
    getMockName: [36m[Function (anonymous)][39m,
    mockName: [36m[Function (anonymous)][39m,
    mockClear: [36m[Function (anonymous)][39m,
    mockReset: [36m[Function (anonymous)][39m,
    mockRestore: [36m[Function (anonymous)][39m,
    getMockImplementation: [36m[Function (anonymous)][39m,
    mockImplementation: [36m[Function (anonymous)][39m,
    mockImplementationOnce: [36m[Function (anonymous)][39m,
    withImplementation: [36m[Function: withImplementation][39m,
    mockReturnThis: [36m[Function (anonymous)][39m,
    mockReturnValue: [36m[Function (anonymous)][39m,
    mockReturnValueOnce: [36m[Function (anonymous)][39m,
    mockResolvedValue: [36m[Function (anonymous)][39m,
    mockResolvedValueOnce: [36m[Function (anonymous)][39m,
    mockRejectedValue: [36m[Function (anonymous)][39m,
    mockRejectedValueOnce: [36m[Function (anonymous)][39m,
    [[32mSymbol(nodejs.dispose)[39m]: [36m[Function (anonymous)][39m
  },
  getSiteInfo: [Function: spy] {
    getMockName: [36m[Function (anonymous)][39m,
    mockName: [36m[Function (anonymous)][39m,
    mockClear: [36m[Function (anonymous)][39m,
    mockReset: [36m[Function (anonymous)][39m,
    mockRestore: [36m[Function (anonymous)][39m,
    getMockImplementation: [36m[Function (anonymous)][39m,
    mockImplementation: [36m[Function (anonymous)][39m,
    mockImplementationOnce: [36m[Function (anonymous)][39m,
    withImplementation: [36m[Function: withImplementation][39m,
    mockReturnThis: [36m[Function (anonymous)][39m,
    mockReturnValue: [36m[Function (anonymous)][39m,
    mockReturnValueOnce: [36m[Function (anonymous)][39m,
    mockResolvedValue: [36m[Function (anonymous)][39m,
    mockResolvedValueOnce: [36m[Function (anonymous)][39m,
    mockRejectedValue: [36m[Function (anonymous)][39m,
    mockRejectedValueOnce: [36m[Function (anonymous)][39m,
    [[32mSymbol(nodejs.dispose)[39m]: [36m[Function (anonymous)][39m
  },
  subscribe: [Function: spy] {
    getMockName: [36m[Function (anonymous)][39m,
    mockName: [36m[Function (anonymous)][39m,
    mockClear: [36m[Function (anonymous)][39m,
    mockReset: [36m[Function (anonymous)][39m,
    mockRestore: [36m[Function (anonymous)][39m,
    getMockImplementation: [36m[Function (anonymous)][39m,
    mockImplementation: [36m[Function (anonymous)][39m,
    mockImplementationOnce: [36m[Function (anonymous)][39m,
    withImplementation: [36m[Function: withImplementation][39m,
    mockReturnThis: [36m[Function (anonymous)][39m,
    mockReturnValue: [36m[Function (anonymous)][39m,
    mockReturnValueOnce: [36m[Function (anonymous)][39m,
    mockResolvedValue: [36m[Function (anonymous)][39m,
    mockResolvedValueOnce: [36m[Function (anonymous)][39m,
    mockRejectedValue: [36m[Function (anonymous)][39m,
    mockRejectedValueOnce: [36m[Function (anonymous)][39m,
    [[32mSymbol(nodejs.dispose)[39m]: [36m[Function (anonymous)][39m
  }
}
[WebflowDesignerDetection] Available webflow properties: [ [32m&apos;getCurrentPage&apos;[39m, [32m&apos;getSiteInfo&apos;[39m, [32m&apos;subscribe&apos;[39m ]
[WebflowDesignerDetection] Available webflow methods: [ [32m&apos;getCurrentPage&apos;[39m, [32m&apos;getSiteInfo&apos;[39m, [32m&apos;subscribe&apos;[39m ]
[WebflowDesignerDetection] Method &apos;getCurrentPage&apos;: {
  type: [32m&apos;function&apos;[39m,
  length: [33m0[39m,
  name: [32m&apos;spy&apos;[39m,
  toString: [32m&apos;function(...args) {\n&apos;[39m +
    [32m&apos;    let state2 = getInternalState(fn);\n&apos;[39m +
    [32m&apos;    state2.called = !0, state2.callCount++, state2.calls.push(args);\n&apos;[39m +
    [32m&apos;    let next = state2.next.shift();\n&apos;[39m +
    [32m&apos;    if (next) {\n&apos;[39m +
    [32m&apos;      state2.results...&apos;[39m
}
[WebflowDesignerDetection] Method &apos;getSiteInfo&apos;: {
  type: [32m&apos;function&apos;[39m,
  length: [33m0[39m,
  name: [32m&apos;spy&apos;[39m,
  toString: [32m&apos;function(...args) {\n&apos;[39m +
    [32m&apos;    let state2 = getInternalState(fn);\n&apos;[39m +
    [32m&apos;    state2.called = !0, state2.callCount++, state2.calls.push(args);\n&apos;[39m +
    [32m&apos;    let next = state2.next.shift();\n&apos;[39m +
    [32m&apos;    if (next) {\n&apos;[39m +
    [32m&apos;      state2.results...&apos;[39m
}
[WebflowDesignerDetection] Method &apos;subscribe&apos;: {
  type: [32m&apos;function&apos;[39m,
  length: [33m0[39m,
  name: [32m&apos;spy&apos;[39m,
  toString: [32m&apos;function(...args) {\n&apos;[39m +
    [32m&apos;    let state2 = getInternalState(fn);\n&apos;[39m +
    [32m&apos;    state2.called = !0, state2.callCount++, state2.calls.push(args);\n&apos;[39m +
    [32m&apos;    let next = state2.next.shift();\n&apos;[39m +
    [32m&apos;    if (next) {\n&apos;[39m +
    [32m&apos;      state2.results...&apos;[39m
}
[WebflowDesignerDetection] Prototype methods: [
  [32m&apos;constructor&apos;[39m,
  [32m&apos;__defineGetter__&apos;[39m,
  [32m&apos;__defineSetter__&apos;[39m,
  [32m&apos;hasOwnProperty&apos;[39m,
  [32m&apos;__lookupGetter__&apos;[39m,
  [32m&apos;__lookupSetter__&apos;[39m,
  [32m&apos;isPrototypeOf&apos;[39m,
  [32m&apos;propertyIsEnumerable&apos;[39m,
  [32m&apos;toString&apos;[39m,
  [32m&apos;valueOf&apos;[39m,
  [32m&apos;__proto__&apos;[39m,
  [32m&apos;toLocaleString&apos;[39m
]
[WebflowDesignerAPI] Detected capabilities: {
  canReadPageInfo: [33mtrue[39m,
  canUpdatePageTitle: [33mfalse[39m,
  canUpdatePageMeta: [33mfalse[39m,
  canUpdatePageSlug: [33mfalse[39m,
  canAddCustomCode: [33mfalse[39m,
  canUpdateCMS: [33mfalse[39m,
  canManipulateElements: [33mfalse[39m,
  canSelectElements: [33mfalse[39m,
  hasElementBuilder: [33mfalse[39m,
  availableMethods: [ [32m&apos;getCurrentPage&apos;[39m, [32m&apos;getSiteInfo&apos;[39m, [32m&apos;subscribe&apos;[39m ]
}
[WebflowInsertion] Using Webflow Designer Extension APIs for modifications

[AuthContext] No OAuth token found - Designer Extension will use Designer APIs directly

            </system-out>
            <system-err>
Failed to initialize page keywords: TypeError: Cannot read properties of undefined (reading &apos;pageType&apos;)
    at initializePageKeywords [90m(C:\Users\Paul Mulligan\PMDS\Projects\AI-SEO-Copilot-for-Webflow\[39mclient\src\pages\Home.tsx:542:34[90m)[39m

            </system-err>
            <failure message="Unable to find an element with the text: /Analysis Results/i. This could be because the text is broken up by multiple elements. In this case, you can provide a function for your text matcher to make your matcher more flexible.

Ignored nodes: comments, script, style
[36m&lt;body&gt;[39m
  [36m&lt;div&gt;[39m
    [36m&lt;div[39m
      [33mclass[39m=[32m&quot;min-h-screen bg-background p-4 md:p-6 flex flex-col&quot;[39m
      [33mstyle[39m=[32m&quot;color: #FFFFFF&quot;[39m
    [36m&gt;[39m
      [36m&lt;div[39m
        [33mclass[39m=[32m&quot;mx-auto w-full max-w-3xl space-y-6 flex-grow&quot;[39m
      [36m&gt;[39m
        [36m&lt;div[39m
          [33mclass[39m=[32m&quot;w-full&quot;[39m
        [36m&gt;[39m
          [36m&lt;div[39m
            [33mclass[39m=[32m&quot;rounded-lg border bg-background2 text-card-foreground shadow-sm w-full&quot;[39m
          [36m&gt;[39m
            [36m&lt;div[39m
              [33mclass[39m=[32m&quot;flex flex-col space-y-1.5 p-6&quot;[39m
            [36m&gt;[39m
              [36m&lt;h3[39m
                [33mclass[39m=[32m&quot;text-2xl font-semibold leading-none tracking-tight text-center&quot;[39m
              [36m&gt;[39m
                [0mSEO Analysis Tool[0m
              [36m&lt;/h3&gt;[39m
            [36m&lt;/div&gt;[39m
            [36m&lt;div[39m
              [33mclass[39m=[32m&quot;p-6 pt-0&quot;[39m
            [36m&gt;[39m
              [36m&lt;form[39m
                [33mclass[39m=[32m&quot;space-y-5 w-full&quot;[39m
              [36m&gt;[39m
                [36m&lt;div[39m
                  [33mclass[39m=[32m&quot;space-y-2 w-full&quot;[39m
                [36m&gt;[39m
                  [36m&lt;div[39m
                    [33mclass[39m=[32m&quot;flex justify-between items-center mb-1&quot;[39m
                  [36m&gt;[39m
                    [36m&lt;label[39m
                      [33mclass[39m=[32m&quot;text-sm font-medium leading-none peer-disabled:cursor-not-allowed peer-disabled:opacity-70 mb-0&quot;[39m
                      [33mfor[39m=[32m&quot;«rn»-form-item&quot;[39m
                    [36m&gt;[39m
                      [0mTarget keyphrase[0m
                    [36m&lt;/label&gt;[39m
                    [36m&lt;span[39m
                      [33mclass[39m=[32m&quot;text-xs font-medium&quot;[39m
                      [33mstyle[39m=[32m&quot;color: var(--redText)&quot;[39m
                    [36m&gt;[39m
                      [0mNo keyword saved[0m
                    [36m&lt;/span&gt;[39m
                  [36m&lt;/div&gt;[39m
                  [36m&lt;div[39m
                    [33maria-describedby[39m=[32m&quot;«rn»-form-item-description&quot;[39m
                    [33maria-invalid[39m=[32m&quot;false&quot;[39m
                    [33mclass[39m=[32m&quot;mt-2 w-full mt-2&quot;[39m
                    [33mid[39m=[32m&quot;«rn»-form-item&quot;[39m
                  [36m&gt;[39m
                    [36m&lt;input[39m
                      [33mclass[39m=[32m&quot;flex h-10 rounded-md border border-input bg-background px-3 py-2 text-sm ring-offset-background file:border-0 file:bg-transparent file:text-sm file:font-medium file:text-foreground placeholder:text-muted-foreground focus-visible:outline-none focus-visible:ring-2 focus-visible:ring-ring focus-visible:ring-offset-2 disabled:cursor-not-allowed disabled:opacity-50 w-full&quot;[39m
                      [33mname[39m=[32m&quot;keyphrase&quot;[39m
                      [33mplaceholder[39m=[32m&quot;Enter your target keyphrase&quot;[39m
                      [33mvalue[39m=[32m&quot;&quot;[39m
                    [36m/&gt;[39m
                  [36m&lt;/div&gt;[39m
                [36m&lt;/div&gt;[39m
                [36m&lt;div[39m
                  [33mclass[39m=[32m&quot;border-t pt-4 mt-4&quot;[39m
                [36m&gt;[39m
                  [36m&lt;div[39m
                    [33mclass[39m=[32m&quot;flex items-center justify-between mb-4&quot;[39m
                  [36m&gt;[39m
                    [36m&lt;div&gt;[39m
                      [36m&lt;h3[39m
                        [33mclass[39m=[32m&quot;text-lg font-semibold&quot;[39m
                      [36m&gt;[39m
                        [0mAdvanced Analysis[0m
                      [36m&lt;/h3&gt;[39m
                      [36m&lt;p[39m
                        [33mclass[39m=[32m&quot;text-sm text-muted-foreground&quot;[39m
                      [36m&gt;[39m
                        [0mAdd secondary keywords and specify page type for more targeted SEO analysis[0m
                      [36m&lt;/p&gt;[39m
                    [36m&lt;/div&gt;[39m
                    [36m&lt;div[39m
                      [33mclass[39m=[32m&quot;flex items-center space-x-2&quot;[39m
                    [36m&gt;[39m
                      [36m&lt;button[39m
                        [33maria-checked[39m=[32m&quot;false&quot;[39m
                        [33mclass[39m=[32m&quot;peer inline-flex h-6 w-11 shrink-0 cursor-pointer items-center rounded-full border-2 border-transparent transition-colors focus-visible:outline-none focus-visible:ring-2 focus-visible:ring-ring focus-visible:ring-offset-2 focus-visible:ring-offset-background disabled:cursor-not-allowed disabled:opacity-50 data-[state=checked]:bg-primary data-[state=unchecked]:bg-input&quot;[39m
                        [33mdata-state[39m=[32m&quot;unchecked&quot;[39m
                        [33mrole[39m=[32m&quot;switch&quot;[39m
                        [33mtype[39m=[32m&quot;button&quot;[39m
                        [33mvalue[39m=[32m&quot;on&quot;[39m
                      [36m&gt;[39m
                        [36m&lt;span[39m
                          [33mclass[39m=[32m&quot;pointer-events-none block h-5 w-5 rounded-full bg-background shadow-lg ring-0 transition-transform data-[state=checked]:translate-x-5 data-[state=unchecked]:translate-x-0&quot;[39m
                          [33mdata-state[39m=[32m&quot;unchecked&quot;[39m
                        [36m/&gt;[39m
                      [36m&lt;/button&gt;[39m
                      [36m&lt;input[39m
                        [33maria-hidden[39m=[32m&quot;true&quot;[39m
                        [33mstyle[39m=[32m&quot;transform: translateX(-100%); width: 200px; height: 100px&quot;[39m
                        [33mtabindex[39m=[32m&quot;-1&quot;[39m
                        [33mtype[39m=[32m&quot;checkbox&quot;[39m
                        [33mvalue[39m=[32m&quot;on&quot;[39m
                      [36m/&gt;[39m
                      [36m&lt;span[39m
                        [33mclass[39m=[32m&quot;text-sm&quot;[39m
                      [36m&gt;[39m
                        [0mOff[0m
                      [36m&lt;/span&gt;[39m
                    [36m&lt;/div&gt;[39m
                  [36m&lt;/div&gt;[39m
                [36m&lt;/div&gt;[39m
                [36m&lt;div[39m
                  [33mclass[39m=[32m&quot;w-full pt-2&quot;[39m
                [36m&gt;[39m
                  [36m&lt;button[39m
                    [33mclass[39m=[32m&quot;inline-flex items-center justify-center gap-2 whitespace-nowrap rounded-md text-sm font-medium ring-offset-background transition-colors focus-visible:outline-none focus-visible:ring-2 focus-visible:ring-ring focus-visible:ring-offset-2 disabled:pointer-events-none disabled:opacity-50 [&amp;_svg]:pointer-events-none [&amp;_svg]:size-4 [&amp;_svg]:shrink-0 [&amp;_svg]:text-current bg-primary text-primary-foreground hover:bg-primary/90 px-4 py-2 w-full h-11 cursor-pointer&quot;[39m
                    [33mtype[39m=[32m&quot;submit&quot;[39m
                  [36m&gt;[39m
                    [0mStart optimizing your SEO[0m
         ...

Ignored nodes: comments, script, style
[36m&lt;html&gt;[39m
  [36m&lt;head /&gt;[39m
  [36m&lt;body&gt;[39m
    [36m&lt;div&gt;[39m
      [36m&lt;div[39m
        [33mclass[39m=[32m&quot;min-h-screen bg-background p-4 md:p-6 flex flex-col&quot;[39m
        [33mstyle[39m=[32m&quot;color: #FFFFFF&quot;[39m
      [36m&gt;[39m
        [36m&lt;div[39m
          [33mclass[39m=[32m&quot;mx-auto w-full max-w-3xl space-y-6 flex-grow&quot;[39m
        [36m&gt;[39m
          [36m&lt;div[39m
            [33mclass[39m=[32m&quot;w-full&quot;[39m
          [36m&gt;[39m
            [36m&lt;div[39m
              [33mclass[39m=[32m&quot;rounded-lg border bg-background2 text-card-foreground shadow-sm w-full&quot;[39m
            [36m&gt;[39m
              [36m&lt;div[39m
                [33mclass[39m=[32m&quot;flex flex-col space-y-1.5 p-6&quot;[39m
              [36m&gt;[39m
                [36m&lt;h3[39m
                  [33mclass[39m=[32m&quot;text-2xl font-semibold leading-none tracking-tight text-center&quot;[39m
                [36m&gt;[39m
                  [0mSEO Analysis Tool[0m
                [36m&lt;/h3&gt;[39m
              [36m&lt;/div&gt;[39m
              [36m&lt;div[39m
                [33mclass[39m=[32m&quot;p-6 pt-0&quot;[39m
              [36m&gt;[39m
                [36m&lt;form[39m
                  [33mclass[39m=[32m&quot;space-y-5 w-full&quot;[39m
                [36m&gt;[39m
                  [36m&lt;div[39m
                    [33mclass[39m=[32m&quot;space-y-2 w-full&quot;[39m
                  [36m&gt;[39m
                    [36m&lt;div[39m
                      [33mclass[39m=[32m&quot;flex justify-between items-center mb-1&quot;[39m
                    [36m&gt;[39m
                      [36m&lt;label[39m
                        [33mclass[39m=[32m&quot;text-sm font-medium leading-none peer-disabled:cursor-not-allowed peer-disabled:opacity-70 mb-0&quot;[39m
                        [33mfor[39m=[32m&quot;«rn»-form-item&quot;[39m
                      [36m&gt;[39m
                        [0mTarget keyphrase[0m
                      [36m&lt;/label&gt;[39m
                      [36m&lt;span[39m
                        [33mclass[39m=[32m&quot;text-xs font-medium&quot;[39m
                        [33mstyle[39m=[32m&quot;color: var(--redText)&quot;[39m
                      [36m&gt;[39m
                        [0mNo keyword saved[0m
                      [36m&lt;/span&gt;[39m
                    [36m&lt;/div&gt;[39m
                    [36m&lt;div[39m
                      [33maria-describedby[39m=[32m&quot;«rn»-form-item-description&quot;[39m
                      [33maria-invalid[39m=[32m&quot;false&quot;[39m
                      [33mclass[39m=[32m&quot;mt-2 w-full mt-2&quot;[39m
                      [33mid[39m=[32m&quot;«rn»-form-item&quot;[39m
                    [36m&gt;[39m
                      [36m&lt;input[39m
                        [33mclass[39m=[32m&quot;flex h-10 rounded-md border border-input bg-background px-3 py-2 text-sm ring-offset-background file:border-0 file:bg-transparent file:text-sm file:font-medium file:text-foreground placeholder:text-muted-foreground focus-visible:outline-none focus-visible:ring-2 focus-visible:ring-ring focus-visible:ring-offset-2 disabled:cursor-not-allowed disabled:opacity-50 w-full&quot;[39m
                        [33mname[39m=[32m&quot;keyphrase&quot;[39m
                        [33mplaceholder[39m=[32m&quot;Enter your target keyphrase&quot;[39m
                        [33mvalue[39m=[32m&quot;&quot;[39m
                      [36m/&gt;[39m
                    [36m&lt;/div&gt;[39m
                  [36m&lt;/div&gt;[39m
                  [36m&lt;div[39m
                    [33mclass[39m=[32m&quot;border-t pt-4 mt-4&quot;[39m
                  [36m&gt;[39m
                    [36m&lt;div[39m
                      [33mclass[39m=[32m&quot;flex items-center justify-between mb-4&quot;[39m
                    [36m&gt;[39m
                      [36m&lt;div&gt;[39m
                        [36m&lt;h3[39m
                          [33mclass[39m=[32m&quot;text-lg font-semibold&quot;[39m
                        [36m&gt;[39m
                          [0mAdvanced Analysis[0m
                        [36m&lt;/h3&gt;[39m
                        [36m&lt;p[39m
                          [33mclass[39m=[32m&quot;text-sm text-muted-foreground&quot;[39m
                        [36m&gt;[39m
                          [0mAdd secondary keywords and specify page type for more targeted SEO analysis[0m
                        [36m&lt;/p&gt;[39m
                      [36m&lt;/div&gt;[39m
                      [36m&lt;div[39m
                        [33mclass[39m=[32m&quot;flex items-center space-x-2&quot;[39m
                      [36m&gt;[39m
                        [36m&lt;button[39m
                          [33maria-checked[39m=[32m&quot;false&quot;[39m
                          [33mclass[39m=[32m&quot;peer inline-flex h-6 w-11 shrink-0 cursor-pointer items-center rounded-full border-2 border-transparent transition-colors focus-visible:outline-none focus-visible:ring-2 focus-visible:ring-ring focus-visible:ring-offset-2 focus-visible:ring-offset-background disabled:cursor-not-allowed disabled:opacity-50 data-[state=checked]:bg-primary data-[state=unchecked]:bg-input&quot;[39m
                          [33mdata-state[39m=[32m&quot;unchecked&quot;[39m
                          [33mrole[39m=[32m&quot;switch&quot;[39m
                          [33mtype[39m=[32m&quot;button&quot;[39m
                          [33mvalue[39m=[32m&quot;on&quot;[39m
                        [36m&gt;[39m
                          [36m&lt;span[39m
                            [33mclass[39m=[32m&quot;pointer-events-none block h-5 w-5 rounded-full bg-background shadow-lg ring-0 transition-transform data-[state=checked]:translate-x-5 data-[state=unchecked]:translate-x-0&quot;[39m
                            [33mdata-state[39m=[32m&quot;unchecked&quot;[39m
                          [36m/&gt;[39m
                        [36m&lt;/button&gt;[39m
                        [36m&lt;input[39m
                          [33maria-hidden[39m=[32m&quot;true&quot;[39m
                          [33mstyle[39m=[32m&quot;transform: translateX(-100%); width: 200px; height: 100px&quot;[39m
                          [33mtabindex[39m=[32m&quot;-1&quot;[39m
                          [33mtype[39m=[32m&quot;checkbox&quot;[39m
                          [33mvalue[39m=[32m&quot;on&quot;[39m
                        [36m/&gt;[39m
                        [36m&lt;span[39m
                          [33mclass[39m=[32m&quot;text-sm&quot;[39m
                        [36m&gt;[39m
                          [0mOff[0m
                        [36m&lt;/span&gt;[39m
                      [36m&lt;/div&gt;[39m
                    [36m&lt;/div&gt;[39m
                  [36m&lt;/div&gt;[39m
                  [36m&lt;div[39m
                    [33mclass[39m=[32m&quot;w-full pt-2&quot;[39m
                  [36m&gt;[39m
                    [36m&lt;button[39m
                      [33mclass[39m=[32m&quot;inline-flex items-center justify-center gap-2 whitespace-nowrap rounded-md text-sm font-medium ring-offset-background transition-colors focus-visible:outline-none focus-visible:ring-2 focus-visible:ring-ring focus-visible:ring-offset-2 disabled:pointer-events-none disabled:opacity-50 [&amp;_svg]:pointer-events-none [&amp;_svg]:size-4 [&amp;_svg]:shr..." type="TestingLibraryElementError">
TestingLibraryElementError: Unable to find an element with the text: /Analysis Results/i. This could be because the text is broken up by multiple elements. In this case, you can provide a function for your text matcher to make your matcher more flexible.

Ignored nodes: comments, script, style
&lt;body&gt;
  &lt;div&gt;
    &lt;div
      class=&quot;min-h-screen bg-background p-4 md:p-6 flex flex-col&quot;
      style=&quot;color: #FFFFFF&quot;
    &gt;
      &lt;div
        class=&quot;mx-auto w-full max-w-3xl space-y-6 flex-grow&quot;
      &gt;
        &lt;div
          class=&quot;w-full&quot;
        &gt;
          &lt;div
            class=&quot;rounded-lg border bg-background2 text-card-foreground shadow-sm w-full&quot;
          &gt;
            &lt;div
              class=&quot;flex flex-col space-y-1.5 p-6&quot;
            &gt;
              &lt;h3
                class=&quot;text-2xl font-semibold leading-none tracking-tight text-center&quot;
              &gt;
                SEO Analysis Tool
              &lt;/h3&gt;
            &lt;/div&gt;
            &lt;div
              class=&quot;p-6 pt-0&quot;
            &gt;
              &lt;form
                class=&quot;space-y-5 w-full&quot;
              &gt;
                &lt;div
                  class=&quot;space-y-2 w-full&quot;
                &gt;
                  &lt;div
                    class=&quot;flex justify-between items-center mb-1&quot;
                  &gt;
                    &lt;label
                      class=&quot;text-sm font-medium leading-none peer-disabled:cursor-not-allowed peer-disabled:opacity-70 mb-0&quot;
                      for=&quot;«rn»-form-item&quot;
                    &gt;
                      Target keyphrase
                    &lt;/label&gt;
                    &lt;span
                      class=&quot;text-xs font-medium&quot;
                      style=&quot;color: var(--redText)&quot;
                    &gt;
                      No keyword saved
                    &lt;/span&gt;
                  &lt;/div&gt;
                  &lt;div
                    aria-describedby=&quot;«rn»-form-item-description&quot;
                    aria-invalid=&quot;false&quot;
                    class=&quot;mt-2 w-full mt-2&quot;
                    id=&quot;«rn»-form-item&quot;
                  &gt;
                    &lt;input
                      class=&quot;flex h-10 rounded-md border border-input bg-background px-3 py-2 text-sm ring-offset-background file:border-0 file:bg-transparent file:text-sm file:font-medium file:text-foreground placeholder:text-muted-foreground focus-visible:outline-none focus-visible:ring-2 focus-visible:ring-ring focus-visible:ring-offset-2 disabled:cursor-not-allowed disabled:opacity-50 w-full&quot;
                      name=&quot;keyphrase&quot;
                      placeholder=&quot;Enter your target keyphrase&quot;
                      value=&quot;&quot;
                    /&gt;
                  &lt;/div&gt;
                &lt;/div&gt;
                &lt;div
                  class=&quot;border-t pt-4 mt-4&quot;
                &gt;
                  &lt;div
                    class=&quot;flex items-center justify-between mb-4&quot;
                  &gt;
                    &lt;div&gt;
                      &lt;h3
                        class=&quot;text-lg font-semibold&quot;
                      &gt;
                        Advanced Analysis
                      &lt;/h3&gt;
                      &lt;p
                        class=&quot;text-sm text-muted-foreground&quot;
                      &gt;
                        Add secondary keywords and specify page type for more targeted SEO analysis
                      &lt;/p&gt;
                    &lt;/div&gt;
                    &lt;div
                      class=&quot;flex items-center space-x-2&quot;
                    &gt;
                      &lt;button
                        aria-checked=&quot;false&quot;
                        class=&quot;peer inline-flex h-6 w-11 shrink-0 cursor-pointer items-center rounded-full border-2 border-transparent transition-colors focus-visible:outline-none focus-visible:ring-2 focus-visible:ring-ring focus-visible:ring-offset-2 focus-visible:ring-offset-background disabled:cursor-not-allowed disabled:opacity-50 data-[state=checked]:bg-primary data-[state=unchecked]:bg-input&quot;
                        data-state=&quot;unchecked&quot;
                        role=&quot;switch&quot;
                        type=&quot;button&quot;
                        value=&quot;on&quot;
                      &gt;
                        &lt;span
                          class=&quot;pointer-events-none block h-5 w-5 rounded-full bg-background shadow-lg ring-0 transition-transform data-[state=checked]:translate-x-5 data-[state=unchecked]:translate-x-0&quot;
                          data-state=&quot;unchecked&quot;
                        /&gt;
                      &lt;/button&gt;
                      &lt;input
                        aria-hidden=&quot;true&quot;
                        style=&quot;transform: translateX(-100%); width: 200px; height: 100px&quot;
                        tabindex=&quot;-1&quot;
                        type=&quot;checkbox&quot;
                        value=&quot;on&quot;
                      /&gt;
                      &lt;span
                        class=&quot;text-sm&quot;
                      &gt;
                        Off
                      &lt;/span&gt;
                    &lt;/div&gt;
                  &lt;/div&gt;
                &lt;/div&gt;
                &lt;div
                  class=&quot;w-full pt-2&quot;
                &gt;
                  &lt;button
                    class=&quot;inline-flex items-center justify-center gap-2 whitespace-nowrap rounded-md text-sm font-medium ring-offset-background transition-colors focus-visible:outline-none focus-visible:ring-2 focus-visible:ring-ring focus-visible:ring-offset-2 disabled:pointer-events-none disabled:opacity-50 [&amp;_svg]:pointer-events-none [&amp;_svg]:size-4 [&amp;_svg]:shrink-0 [&amp;_svg]:text-current bg-primary text-primary-foreground hover:bg-primary/90 px-4 py-2 w-full h-11 cursor-pointer&quot;
                    type=&quot;submit&quot;
                  &gt;
                    Start optimizing your SEO
         ...

Ignored nodes: comments, script, style
&lt;html&gt;
  &lt;head /&gt;
  &lt;body&gt;
    &lt;div&gt;
      &lt;div
        class=&quot;min-h-screen bg-background p-4 md:p-6 flex flex-col&quot;
        style=&quot;color: #FFFFFF&quot;
      &gt;
        &lt;div
          class=&quot;mx-auto w-full max-w-3xl space-y-6 flex-grow&quot;
        &gt;
          &lt;div
            class=&quot;w-full&quot;
          &gt;
            &lt;div
              class=&quot;rounded-lg border bg-background2 text-card-foreground shadow-sm w-full&quot;
            &gt;
              &lt;div
                class=&quot;flex flex-col space-y-1.5 p-6&quot;
              &gt;
                &lt;h3
                  class=&quot;text-2xl font-semibold leading-none tracking-tight text-center&quot;
                &gt;
                  SEO Analysis Tool
                &lt;/h3&gt;
              &lt;/div&gt;
              &lt;div
                class=&quot;p-6 pt-0&quot;
              &gt;
                &lt;form
                  class=&quot;space-y-5 w-full&quot;
                &gt;
                  &lt;div
                    class=&quot;space-y-2 w-full&quot;
                  &gt;
                    &lt;div
                      class=&quot;flex justify-between items-center mb-1&quot;
                    &gt;
                      &lt;label
                        class=&quot;text-sm font-medium leading-none peer-disabled:cursor-not-allowed peer-disabled:opacity-70 mb-0&quot;
                        for=&quot;«rn»-form-item&quot;
                      &gt;
                        Target keyphrase
                      &lt;/label&gt;
                      &lt;span
                        class=&quot;text-xs font-medium&quot;
                        style=&quot;color: var(--redText)&quot;
                      &gt;
                        No keyword saved
                      &lt;/span&gt;
                    &lt;/div&gt;
                    &lt;div
                      aria-describedby=&quot;«rn»-form-item-description&quot;
                      aria-invalid=&quot;false&quot;
                      class=&quot;mt-2 w-full mt-2&quot;
                      id=&quot;«rn»-form-item&quot;
                    &gt;
                      &lt;input
                        class=&quot;flex h-10 rounded-md border border-input bg-background px-3 py-2 text-sm ring-offset-background file:border-0 file:bg-transparent file:text-sm file:font-medium file:text-foreground placeholder:text-muted-foreground focus-visible:outline-none focus-visible:ring-2 focus-visible:ring-ring focus-visible:ring-offset-2 disabled:cursor-not-allowed disabled:opacity-50 w-full&quot;
                        name=&quot;keyphrase&quot;
                        placeholder=&quot;Enter your target keyphrase&quot;
                        value=&quot;&quot;
                      /&gt;
                    &lt;/div&gt;
                  &lt;/div&gt;
                  &lt;div
                    class=&quot;border-t pt-4 mt-4&quot;
                  &gt;
                    &lt;div
                      class=&quot;flex items-center justify-between mb-4&quot;
                    &gt;
                      &lt;div&gt;
                        &lt;h3
                          class=&quot;text-lg font-semibold&quot;
                        &gt;
                          Advanced Analysis
                        &lt;/h3&gt;
                        &lt;p
                          class=&quot;text-sm text-muted-foreground&quot;
                        &gt;
                          Add secondary keywords and specify page type for more targeted SEO analysis
                        &lt;/p&gt;
                      &lt;/div&gt;
                      &lt;div
                        class=&quot;flex items-center space-x-2&quot;
                      &gt;
                        &lt;button
                          aria-checked=&quot;false&quot;
                          class=&quot;peer inline-flex h-6 w-11 shrink-0 cursor-pointer items-center rounded-full border-2 border-transparent transition-colors focus-visible:outline-none focus-visible:ring-2 focus-visible:ring-ring focus-visible:ring-offset-2 focus-visible:ring-offset-background disabled:cursor-not-allowed disabled:opacity-50 data-[state=checked]:bg-primary data-[state=unchecked]:bg-input&quot;
                          data-state=&quot;unchecked&quot;
                          role=&quot;switch&quot;
                          type=&quot;button&quot;
                          value=&quot;on&quot;
                        &gt;
                          &lt;span
                            class=&quot;pointer-events-none block h-5 w-5 rounded-full bg-background shadow-lg ring-0 transition-transform data-[state=checked]:translate-x-5 data-[state=unchecked]:translate-x-0&quot;
                            data-state=&quot;unchecked&quot;
                          /&gt;
                        &lt;/button&gt;
                        &lt;input
                          aria-hidden=&quot;true&quot;
                          style=&quot;transform: translateX(-100%); width: 200px; height: 100px&quot;
                          tabindex=&quot;-1&quot;
                          type=&quot;checkbox&quot;
                          value=&quot;on&quot;
                        /&gt;
                        &lt;span
                          class=&quot;text-sm&quot;
                        &gt;
                          Off
                        &lt;/span&gt;
                      &lt;/div&gt;
                    &lt;/div&gt;
                  &lt;/div&gt;
                  &lt;div
                    class=&quot;w-full pt-2&quot;
                  &gt;
                    &lt;button
                      class=&quot;inline-flex items-center justify-center gap-2 whitespace-nowrap rounded-md text-sm font-medium ring-offset-background transition-colors focus-visible:outline-none focus-visible:ring-2 focus-visible:ring-ring focus-visible:ring-offset-2 disabled:pointer-events-none disabled:opacity-50 [&amp;_svg]:pointer-events-none [&amp;_svg]:size-4 [&amp;_svg]:shr...
 ❯ Proxy.waitFor node_modules/.pnpm/@testing-library+dom@10.4.1/node_modules/@testing-library/dom/dist/wait-for.js:163:27
 ❯ client/src/pages/Home.test.tsx:325:11
            </failure>
        </testcase>
        <testcase classname="client/src/pages/Home.test.tsx" name="Home Component &gt; handles unpublished page error correctly" time="0.3432783">
            <system-out>
[InsertionContext] No OAuth token available - will use Designer Extension APIs directly
[WebflowInsertion] Webflow Designer context detected
[WebflowDesignerDetection] === WEBFLOW API INSPECTION ===
[WebflowDesignerDetection] typeof window.webflow: object
[WebflowDesignerDetection] window.webflow: {
  getCurrentPage: [Function: spy] {
    getMockName: [36m[Function (anonymous)][39m,
    mockName: [36m[Function (anonymous)][39m,
    mockClear: [36m[Function (anonymous)][39m,
    mockReset: [36m[Function (anonymous)][39m,
    mockRestore: [36m[Function (anonymous)][39m,
    getMockImplementation: [36m[Function (anonymous)][39m,
    mockImplementation: [36m[Function (anonymous)][39m,
    mockImplementationOnce: [36m[Function (anonymous)][39m,
    withImplementation: [36m[Function: withImplementation][39m,
    mockReturnThis: [36m[Function (anonymous)][39m,
    mockReturnValue: [36m[Function (anonymous)][39m,
    mockReturnValueOnce: [36m[Function (anonymous)][39m,
    mockResolvedValue: [36m[Function (anonymous)][39m,
    mockResolvedValueOnce: [36m[Function (anonymous)][39m,
    mockRejectedValue: [36m[Function (anonymous)][39m,
    mockRejectedValueOnce: [36m[Function (anonymous)][39m,
    [[32mSymbol(nodejs.dispose)[39m]: [36m[Function (anonymous)][39m
  },
  getSiteInfo: [Function: spy] {
    getMockName: [36m[Function (anonymous)][39m,
    mockName: [36m[Function (anonymous)][39m,
    mockClear: [36m[Function (anonymous)][39m,
    mockReset: [36m[Function (anonymous)][39m,
    mockRestore: [36m[Function (anonymous)][39m,
    getMockImplementation: [36m[Function (anonymous)][39m,
    mockImplementation: [36m[Function (anonymous)][39m,
    mockImplementationOnce: [36m[Function (anonymous)][39m,
    withImplementation: [36m[Function: withImplementation][39m,
    mockReturnThis: [36m[Function (anonymous)][39m,
    mockReturnValue: [36m[Function (anonymous)][39m,
    mockReturnValueOnce: [36m[Function (anonymous)][39m,
    mockResolvedValue: [36m[Function (anonymous)][39m,
    mockResolvedValueOnce: [36m[Function (anonymous)][39m,
    mockRejectedValue: [36m[Function (anonymous)][39m,
    mockRejectedValueOnce: [36m[Function (anonymous)][39m,
    [[32mSymbol(nodejs.dispose)[39m]: [36m[Function (anonymous)][39m
  },
  subscribe: [Function: spy] {
    getMockName: [36m[Function (anonymous)][39m,
    mockName: [36m[Function (anonymous)][39m,
    mockClear: [36m[Function (anonymous)][39m,
    mockReset: [36m[Function (anonymous)][39m,
    mockRestore: [36m[Function (anonymous)][39m,
    getMockImplementation: [36m[Function (anonymous)][39m,
    mockImplementation: [36m[Function (anonymous)][39m,
    mockImplementationOnce: [36m[Function (anonymous)][39m,
    withImplementation: [36m[Function: withImplementation][39m,
    mockReturnThis: [36m[Function (anonymous)][39m,
    mockReturnValue: [36m[Function (anonymous)][39m,
    mockReturnValueOnce: [36m[Function (anonymous)][39m,
    mockResolvedValue: [36m[Function (anonymous)][39m,
    mockResolvedValueOnce: [36m[Function (anonymous)][39m,
    mockRejectedValue: [36m[Function (anonymous)][39m,
    mockRejectedValueOnce: [36m[Function (anonymous)][39m,
    [[32mSymbol(nodejs.dispose)[39m]: [36m[Function (anonymous)][39m
  }
}
[WebflowDesignerDetection] Available webflow properties: [ [32m&apos;getCurrentPage&apos;[39m, [32m&apos;getSiteInfo&apos;[39m, [32m&apos;subscribe&apos;[39m ]
[WebflowDesignerDetection] Available webflow methods: [ [32m&apos;getCurrentPage&apos;[39m, [32m&apos;getSiteInfo&apos;[39m, [32m&apos;subscribe&apos;[39m ]
[WebflowDesignerDetection] Method &apos;getCurrentPage&apos;: {
  type: [32m&apos;function&apos;[39m,
  length: [33m0[39m,
  name: [32m&apos;spy&apos;[39m,
  toString: [32m&apos;function(...args) {\n&apos;[39m +
    [32m&apos;    let state2 = getInternalState(fn);\n&apos;[39m +
    [32m&apos;    state2.called = !0, state2.callCount++, state2.calls.push(args);\n&apos;[39m +
    [32m&apos;    let next = state2.next.shift();\n&apos;[39m +
    [32m&apos;    if (next) {\n&apos;[39m +
    [32m&apos;      state2.results...&apos;[39m
}
[WebflowDesignerDetection] Method &apos;getSiteInfo&apos;: {
  type: [32m&apos;function&apos;[39m,
  length: [33m0[39m,
  name: [32m&apos;spy&apos;[39m,
  toString: [32m&apos;function(...args) {\n&apos;[39m +
    [32m&apos;    let state2 = getInternalState(fn);\n&apos;[39m +
    [32m&apos;    state2.called = !0, state2.callCount++, state2.calls.push(args);\n&apos;[39m +
    [32m&apos;    let next = state2.next.shift();\n&apos;[39m +
    [32m&apos;    if (next) {\n&apos;[39m +
    [32m&apos;      state2.results...&apos;[39m
}
[WebflowDesignerDetection] Method &apos;subscribe&apos;: {
  type: [32m&apos;function&apos;[39m,
  length: [33m0[39m,
  name: [32m&apos;spy&apos;[39m,
  toString: [32m&apos;function(...args) {\n&apos;[39m +
    [32m&apos;    let state2 = getInternalState(fn);\n&apos;[39m +
    [32m&apos;    state2.called = !0, state2.callCount++, state2.calls.push(args);\n&apos;[39m +
    [32m&apos;    let next = state2.next.shift();\n&apos;[39m +
    [32m&apos;    if (next) {\n&apos;[39m +
    [32m&apos;      state2.results...&apos;[39m
}
[WebflowDesignerDetection] Prototype methods: [
  [32m&apos;constructor&apos;[39m,
  [32m&apos;__defineGetter__&apos;[39m,
  [32m&apos;__defineSetter__&apos;[39m,
  [32m&apos;hasOwnProperty&apos;[39m,
  [32m&apos;__lookupGetter__&apos;[39m,
  [32m&apos;__lookupSetter__&apos;[39m,
  [32m&apos;isPrototypeOf&apos;[39m,
  [32m&apos;propertyIsEnumerable&apos;[39m,
  [32m&apos;toString&apos;[39m,
  [32m&apos;valueOf&apos;[39m,
  [32m&apos;__proto__&apos;[39m,
  [32m&apos;toLocaleString&apos;[39m
]
[WebflowDesignerAPI] Detected capabilities: {
  canReadPageInfo: [33mtrue[39m,
  canUpdatePageTitle: [33mfalse[39m,
  canUpdatePageMeta: [33mfalse[39m,
  canUpdatePageSlug: [33mfalse[39m,
  canAddCustomCode: [33mfalse[39m,
  canUpdateCMS: [33mfalse[39m,
  canManipulateElements: [33mfalse[39m,
  canSelectElements: [33mfalse[39m,
  hasElementBuilder: [33mfalse[39m,
  availableMethods: [ [32m&apos;getCurrentPage&apos;[39m, [32m&apos;getSiteInfo&apos;[39m, [32m&apos;subscribe&apos;[39m ]
}
[WebflowInsertion] Using Webflow Designer Extension APIs for modifications

[AuthContext] No OAuth token found - Designer Extension will use Designer APIs directly

            </system-out>
            <system-err>
Failed to initialize page keywords: TypeError: Cannot read properties of undefined (reading &apos;pageType&apos;)
    at initializePageKeywords [90m(C:\Users\Paul Mulligan\PMDS\Projects\AI-SEO-Copilot-for-Webflow\[39mclient\src\pages\Home.tsx:542:34[90m)[39m

            </system-err>
        </testcase>
        <testcase classname="client/src/pages/Home.test.tsx" name="Home Component &gt; handles homepage URL check correctly" time="15.3163274">
            <system-out>
[InsertionContext] No OAuth token available - will use Designer Extension APIs directly
[WebflowInsertion] Webflow Designer context detected
[WebflowDesignerDetection] === WEBFLOW API INSPECTION ===
[WebflowDesignerDetection] typeof window.webflow: object
[WebflowDesignerDetection] window.webflow: {
  getCurrentPage: [Function: spy] {
    getMockName: [36m[Function (anonymous)][39m,
    mockName: [36m[Function (anonymous)][39m,
    mockClear: [36m[Function (anonymous)][39m,
    mockReset: [36m[Function (anonymous)][39m,
    mockRestore: [36m[Function (anonymous)][39m,
    getMockImplementation: [36m[Function (anonymous)][39m,
    mockImplementation: [36m[Function (anonymous)][39m,
    mockImplementationOnce: [36m[Function (anonymous)][39m,
    withImplementation: [36m[Function: withImplementation][39m,
    mockReturnThis: [36m[Function (anonymous)][39m,
    mockReturnValue: [36m[Function (anonymous)][39m,
    mockReturnValueOnce: [36m[Function (anonymous)][39m,
    mockResolvedValue: [36m[Function (anonymous)][39m,
    mockResolvedValueOnce: [36m[Function (anonymous)][39m,
    mockRejectedValue: [36m[Function (anonymous)][39m,
    mockRejectedValueOnce: [36m[Function (anonymous)][39m,
    [[32mSymbol(nodejs.dispose)[39m]: [36m[Function (anonymous)][39m
  },
  getSiteInfo: [Function: spy] {
    getMockName: [36m[Function (anonymous)][39m,
    mockName: [36m[Function (anonymous)][39m,
    mockClear: [36m[Function (anonymous)][39m,
    mockReset: [36m[Function (anonymous)][39m,
    mockRestore: [36m[Function (anonymous)][39m,
    getMockImplementation: [36m[Function (anonymous)][39m,
    mockImplementation: [36m[Function (anonymous)][39m,
    mockImplementationOnce: [36m[Function (anonymous)][39m,
    withImplementation: [36m[Function: withImplementation][39m,
    mockReturnThis: [36m[Function (anonymous)][39m,
    mockReturnValue: [36m[Function (anonymous)][39m,
    mockReturnValueOnce: [36m[Function (anonymous)][39m,
    mockResolvedValue: [36m[Function (anonymous)][39m,
    mockResolvedValueOnce: [36m[Function (anonymous)][39m,
    mockRejectedValue: [36m[Function (anonymous)][39m,
    mockRejectedValueOnce: [36m[Function (anonymous)][39m,
    [[32mSymbol(nodejs.dispose)[39m]: [36m[Function (anonymous)][39m
  },
  subscribe: [Function: spy] {
    getMockName: [36m[Function (anonymous)][39m,
    mockName: [36m[Function (anonymous)][39m,
    mockClear: [36m[Function (anonymous)][39m,
    mockReset: [36m[Function (anonymous)][39m,
    mockRestore: [36m[Function (anonymous)][39m,
    getMockImplementation: [36m[Function (anonymous)][39m,
    mockImplementation: [36m[Function (anonymous)][39m,
    mockImplementationOnce: [36m[Function (anonymous)][39m,
    withImplementation: [36m[Function: withImplementation][39m,
    mockReturnThis: [36m[Function (anonymous)][39m,
    mockReturnValue: [36m[Function (anonymous)][39m,
    mockReturnValueOnce: [36m[Function (anonymous)][39m,
    mockResolvedValue: [36m[Function (anonymous)][39m,
    mockResolvedValueOnce: [36m[Function (anonymous)][39m,
    mockRejectedValue: [36m[Function (anonymous)][39m,
    mockRejectedValueOnce: [36m[Function (anonymous)][39m,
    [[32mSymbol(nodejs.dispose)[39m]: [36m[Function (anonymous)][39m
  }
}
[WebflowDesignerDetection] Available webflow properties: [ [32m&apos;getCurrentPage&apos;[39m, [32m&apos;getSiteInfo&apos;[39m, [32m&apos;subscribe&apos;[39m ]
[WebflowDesignerDetection] Available webflow methods: [ [32m&apos;getCurrentPage&apos;[39m, [32m&apos;getSiteInfo&apos;[39m, [32m&apos;subscribe&apos;[39m ]
[WebflowDesignerDetection] Method &apos;getCurrentPage&apos;: {
  type: [32m&apos;function&apos;[39m,
  length: [33m0[39m,
  name: [32m&apos;spy&apos;[39m,
  toString: [32m&apos;function(...args) {\n&apos;[39m +
    [32m&apos;    let state2 = getInternalState(fn);\n&apos;[39m +
    [32m&apos;    state2.called = !0, state2.callCount++, state2.calls.push(args);\n&apos;[39m +
    [32m&apos;    let next = state2.next.shift();\n&apos;[39m +
    [32m&apos;    if (next) {\n&apos;[39m +
    [32m&apos;      state2.results...&apos;[39m
}
[WebflowDesignerDetection] Method &apos;getSiteInfo&apos;: {
  type: [32m&apos;function&apos;[39m,
  length: [33m0[39m,
  name: [32m&apos;spy&apos;[39m,
  toString: [32m&apos;function(...args) {\n&apos;[39m +
    [32m&apos;    let state2 = getInternalState(fn);\n&apos;[39m +
    [32m&apos;    state2.called = !0, state2.callCount++, state2.calls.push(args);\n&apos;[39m +
    [32m&apos;    let next = state2.next.shift();\n&apos;[39m +
    [32m&apos;    if (next) {\n&apos;[39m +
    [32m&apos;      state2.results...&apos;[39m
}
[WebflowDesignerDetection] Method &apos;subscribe&apos;: {
  type: [32m&apos;function&apos;[39m,
  length: [33m0[39m,
  name: [32m&apos;spy&apos;[39m,
  toString: [32m&apos;function(...args) {\n&apos;[39m +
    [32m&apos;    let state2 = getInternalState(fn);\n&apos;[39m +
    [32m&apos;    state2.called = !0, state2.callCount++, state2.calls.push(args);\n&apos;[39m +
    [32m&apos;    let next = state2.next.shift();\n&apos;[39m +
    [32m&apos;    if (next) {\n&apos;[39m +
    [32m&apos;      state2.results...&apos;[39m
}
[WebflowDesignerDetection] Prototype methods: [
  [32m&apos;constructor&apos;[39m,
  [32m&apos;__defineGetter__&apos;[39m,
  [32m&apos;__defineSetter__&apos;[39m,
  [32m&apos;hasOwnProperty&apos;[39m,
  [32m&apos;__lookupGetter__&apos;[39m,
  [32m&apos;__lookupSetter__&apos;[39m,
  [32m&apos;isPrototypeOf&apos;[39m,
  [32m&apos;propertyIsEnumerable&apos;[39m,
  [32m&apos;toString&apos;[39m,
  [32m&apos;valueOf&apos;[39m,
  [32m&apos;__proto__&apos;[39m,
  [32m&apos;toLocaleString&apos;[39m
]
[WebflowDesignerAPI] Detected capabilities: {
  canReadPageInfo: [33mtrue[39m,
  canUpdatePageTitle: [33mfalse[39m,
  canUpdatePageMeta: [33mfalse[39m,
  canUpdatePageSlug: [33mfalse[39m,
  canAddCustomCode: [33mfalse[39m,
  canUpdateCMS: [33mfalse[39m,
  canManipulateElements: [33mfalse[39m,
  canSelectElements: [33mfalse[39m,
  hasElementBuilder: [33mfalse[39m,
  availableMethods: [ [32m&apos;getCurrentPage&apos;[39m, [32m&apos;getSiteInfo&apos;[39m, [32m&apos;subscribe&apos;[39m ]
}
[WebflowInsertion] Using Webflow Designer Extension APIs for modifications

[AuthContext] No OAuth token found - Designer Extension will use Designer APIs directly

            </system-out>
            <system-err>
Failed to initialize page keywords: TypeError: Cannot read properties of undefined (reading &apos;pageType&apos;)
    at initializePageKeywords [90m(C:\Users\Paul Mulligan\PMDS\Projects\AI-SEO-Copilot-for-Webflow\[39mclient\src\pages\Home.tsx:542:34[90m)[39m

            </system-err>
            <failure message="Unable to find an element with the text: /Analysis Results/i. This could be because the text is broken up by multiple elements. In this case, you can provide a function for your text matcher to make your matcher more flexible.

Ignored nodes: comments, script, style
[36m&lt;body&gt;[39m
  [36m&lt;div&gt;[39m
    [36m&lt;div[39m
      [33mclass[39m=[32m&quot;min-h-screen bg-background p-4 md:p-6 flex flex-col&quot;[39m
      [33mstyle[39m=[32m&quot;color: #FFFFFF&quot;[39m
    [36m&gt;[39m
      [36m&lt;div[39m
        [33mclass[39m=[32m&quot;mx-auto w-full max-w-3xl space-y-6 flex-grow&quot;[39m
      [36m&gt;[39m
        [36m&lt;div[39m
          [33mclass[39m=[32m&quot;w-full&quot;[39m
        [36m&gt;[39m
          [36m&lt;div[39m
            [33mclass[39m=[32m&quot;rounded-lg border bg-background2 text-card-foreground shadow-sm w-full&quot;[39m
          [36m&gt;[39m
            [36m&lt;div[39m
              [33mclass[39m=[32m&quot;flex flex-col space-y-1.5 p-6&quot;[39m
            [36m&gt;[39m
              [36m&lt;h3[39m
                [33mclass[39m=[32m&quot;text-2xl font-semibold leading-none tracking-tight text-center&quot;[39m
              [36m&gt;[39m
                [0mSEO Analysis Tool[0m
              [36m&lt;/h3&gt;[39m
            [36m&lt;/div&gt;[39m
            [36m&lt;div[39m
              [33mclass[39m=[32m&quot;p-6 pt-0&quot;[39m
            [36m&gt;[39m
              [36m&lt;form[39m
                [33mclass[39m=[32m&quot;space-y-5 w-full&quot;[39m
              [36m&gt;[39m
                [36m&lt;div[39m
                  [33mclass[39m=[32m&quot;space-y-2 w-full&quot;[39m
                [36m&gt;[39m
                  [36m&lt;div[39m
                    [33mclass[39m=[32m&quot;flex justify-between items-center mb-1&quot;[39m
                  [36m&gt;[39m
                    [36m&lt;label[39m
                      [33mclass[39m=[32m&quot;text-sm font-medium leading-none peer-disabled:cursor-not-allowed peer-disabled:opacity-70 mb-0&quot;[39m
                      [33mfor[39m=[32m&quot;«rt»-form-item&quot;[39m
                    [36m&gt;[39m
                      [0mTarget keyphrase[0m
                    [36m&lt;/label&gt;[39m
                    [36m&lt;span[39m
                      [33mclass[39m=[32m&quot;text-xs font-medium&quot;[39m
                      [33mstyle[39m=[32m&quot;color: var(--redText)&quot;[39m
                    [36m&gt;[39m
                      [0mNo keyword saved[0m
                    [36m&lt;/span&gt;[39m
                  [36m&lt;/div&gt;[39m
                  [36m&lt;div[39m
                    [33maria-describedby[39m=[32m&quot;«rt»-form-item-description&quot;[39m
                    [33maria-invalid[39m=[32m&quot;false&quot;[39m
                    [33mclass[39m=[32m&quot;mt-2 w-full mt-2&quot;[39m
                    [33mid[39m=[32m&quot;«rt»-form-item&quot;[39m
                  [36m&gt;[39m
                    [36m&lt;input[39m
                      [33mclass[39m=[32m&quot;flex h-10 rounded-md border border-input bg-background px-3 py-2 text-sm ring-offset-background file:border-0 file:bg-transparent file:text-sm file:font-medium file:text-foreground placeholder:text-muted-foreground focus-visible:outline-none focus-visible:ring-2 focus-visible:ring-ring focus-visible:ring-offset-2 disabled:cursor-not-allowed disabled:opacity-50 w-full&quot;[39m
                      [33mname[39m=[32m&quot;keyphrase&quot;[39m
                      [33mplaceholder[39m=[32m&quot;Enter your target keyphrase&quot;[39m
                      [33mvalue[39m=[32m&quot;&quot;[39m
                    [36m/&gt;[39m
                  [36m&lt;/div&gt;[39m
                [36m&lt;/div&gt;[39m
                [36m&lt;div[39m
                  [33mclass[39m=[32m&quot;border-t pt-4 mt-4&quot;[39m
                [36m&gt;[39m
                  [36m&lt;div[39m
                    [33mclass[39m=[32m&quot;flex items-center justify-between mb-4&quot;[39m
                  [36m&gt;[39m
                    [36m&lt;div&gt;[39m
                      [36m&lt;h3[39m
                        [33mclass[39m=[32m&quot;text-lg font-semibold&quot;[39m
                      [36m&gt;[39m
                        [0mAdvanced Analysis[0m
                      [36m&lt;/h3&gt;[39m
                      [36m&lt;p[39m
                        [33mclass[39m=[32m&quot;text-sm text-muted-foreground&quot;[39m
                      [36m&gt;[39m
                        [0mAdd secondary keywords and specify page type for more targeted SEO analysis[0m
                      [36m&lt;/p&gt;[39m
                    [36m&lt;/div&gt;[39m
                    [36m&lt;div[39m
                      [33mclass[39m=[32m&quot;flex items-center space-x-2&quot;[39m
                    [36m&gt;[39m
                      [36m&lt;button[39m
                        [33maria-checked[39m=[32m&quot;false&quot;[39m
                        [33mclass[39m=[32m&quot;peer inline-flex h-6 w-11 shrink-0 cursor-pointer items-center rounded-full border-2 border-transparent transition-colors focus-visible:outline-none focus-visible:ring-2 focus-visible:ring-ring focus-visible:ring-offset-2 focus-visible:ring-offset-background disabled:cursor-not-allowed disabled:opacity-50 data-[state=checked]:bg-primary data-[state=unchecked]:bg-input&quot;[39m
                        [33mdata-state[39m=[32m&quot;unchecked&quot;[39m
                        [33mrole[39m=[32m&quot;switch&quot;[39m
                        [33mtype[39m=[32m&quot;button&quot;[39m
                        [33mvalue[39m=[32m&quot;on&quot;[39m
                      [36m&gt;[39m
                        [36m&lt;span[39m
                          [33mclass[39m=[32m&quot;pointer-events-none block h-5 w-5 rounded-full bg-background shadow-lg ring-0 transition-transform data-[state=checked]:translate-x-5 data-[state=unchecked]:translate-x-0&quot;[39m
                          [33mdata-state[39m=[32m&quot;unchecked&quot;[39m
                        [36m/&gt;[39m
                      [36m&lt;/button&gt;[39m
                      [36m&lt;input[39m
                        [33maria-hidden[39m=[32m&quot;true&quot;[39m
                        [33mstyle[39m=[32m&quot;transform: translateX(-100%); width: 200px; height: 100px&quot;[39m
                        [33mtabindex[39m=[32m&quot;-1&quot;[39m
                        [33mtype[39m=[32m&quot;checkbox&quot;[39m
                        [33mvalue[39m=[32m&quot;on&quot;[39m
                      [36m/&gt;[39m
                      [36m&lt;span[39m
                        [33mclass[39m=[32m&quot;text-sm&quot;[39m
                      [36m&gt;[39m
                        [0mOff[0m
                      [36m&lt;/span&gt;[39m
                    [36m&lt;/div&gt;[39m
                  [36m&lt;/div&gt;[39m
                [36m&lt;/div&gt;[39m
                [36m&lt;div[39m
                  [33mclass[39m=[32m&quot;w-full pt-2&quot;[39m
                [36m&gt;[39m
                  [36m&lt;button[39m
                    [33mclass[39m=[32m&quot;inline-flex items-center justify-center gap-2 whitespace-nowrap rounded-md text-sm font-medium ring-offset-background transition-colors focus-visible:outline-none focus-visible:ring-2 focus-visible:ring-ring focus-visible:ring-offset-2 disabled:pointer-events-none disabled:opacity-50 [&amp;_svg]:pointer-events-none [&amp;_svg]:size-4 [&amp;_svg]:shrink-0 [&amp;_svg]:text-current bg-primary text-primary-foreground hover:bg-primary/90 px-4 py-2 w-full h-11 cursor-pointer&quot;[39m
                    [33mtype[39m=[32m&quot;submit&quot;[39m
                  [36m&gt;[39m
                    [0mStart optimizing your SEO[0m
         ...

Ignored nodes: comments, script, style
[36m&lt;html&gt;[39m
  [36m&lt;head /&gt;[39m
  [36m&lt;body&gt;[39m
    [36m&lt;div&gt;[39m
      [36m&lt;div[39m
        [33mclass[39m=[32m&quot;min-h-screen bg-background p-4 md:p-6 flex flex-col&quot;[39m
        [33mstyle[39m=[32m&quot;color: #FFFFFF&quot;[39m
      [36m&gt;[39m
        [36m&lt;div[39m
          [33mclass[39m=[32m&quot;mx-auto w-full max-w-3xl space-y-6 flex-grow&quot;[39m
        [36m&gt;[39m
          [36m&lt;div[39m
            [33mclass[39m=[32m&quot;w-full&quot;[39m
          [36m&gt;[39m
            [36m&lt;div[39m
              [33mclass[39m=[32m&quot;rounded-lg border bg-background2 text-card-foreground shadow-sm w-full&quot;[39m
            [36m&gt;[39m
              [36m&lt;div[39m
                [33mclass[39m=[32m&quot;flex flex-col space-y-1.5 p-6&quot;[39m
              [36m&gt;[39m
                [36m&lt;h3[39m
                  [33mclass[39m=[32m&quot;text-2xl font-semibold leading-none tracking-tight text-center&quot;[39m
                [36m&gt;[39m
                  [0mSEO Analysis Tool[0m
                [36m&lt;/h3&gt;[39m
              [36m&lt;/div&gt;[39m
              [36m&lt;div[39m
                [33mclass[39m=[32m&quot;p-6 pt-0&quot;[39m
              [36m&gt;[39m
                [36m&lt;form[39m
                  [33mclass[39m=[32m&quot;space-y-5 w-full&quot;[39m
                [36m&gt;[39m
                  [36m&lt;div[39m
                    [33mclass[39m=[32m&quot;space-y-2 w-full&quot;[39m
                  [36m&gt;[39m
                    [36m&lt;div[39m
                      [33mclass[39m=[32m&quot;flex justify-between items-center mb-1&quot;[39m
                    [36m&gt;[39m
                      [36m&lt;label[39m
                        [33mclass[39m=[32m&quot;text-sm font-medium leading-none peer-disabled:cursor-not-allowed peer-disabled:opacity-70 mb-0&quot;[39m
                        [33mfor[39m=[32m&quot;«rt»-form-item&quot;[39m
                      [36m&gt;[39m
                        [0mTarget keyphrase[0m
                      [36m&lt;/label&gt;[39m
                      [36m&lt;span[39m
                        [33mclass[39m=[32m&quot;text-xs font-medium&quot;[39m
                        [33mstyle[39m=[32m&quot;color: var(--redText)&quot;[39m
                      [36m&gt;[39m
                        [0mNo keyword saved[0m
                      [36m&lt;/span&gt;[39m
                    [36m&lt;/div&gt;[39m
                    [36m&lt;div[39m
                      [33maria-describedby[39m=[32m&quot;«rt»-form-item-description&quot;[39m
                      [33maria-invalid[39m=[32m&quot;false&quot;[39m
                      [33mclass[39m=[32m&quot;mt-2 w-full mt-2&quot;[39m
                      [33mid[39m=[32m&quot;«rt»-form-item&quot;[39m
                    [36m&gt;[39m
                      [36m&lt;input[39m
                        [33mclass[39m=[32m&quot;flex h-10 rounded-md border border-input bg-background px-3 py-2 text-sm ring-offset-background file:border-0 file:bg-transparent file:text-sm file:font-medium file:text-foreground placeholder:text-muted-foreground focus-visible:outline-none focus-visible:ring-2 focus-visible:ring-ring focus-visible:ring-offset-2 disabled:cursor-not-allowed disabled:opacity-50 w-full&quot;[39m
                        [33mname[39m=[32m&quot;keyphrase&quot;[39m
                        [33mplaceholder[39m=[32m&quot;Enter your target keyphrase&quot;[39m
                        [33mvalue[39m=[32m&quot;&quot;[39m
                      [36m/&gt;[39m
                    [36m&lt;/div&gt;[39m
                  [36m&lt;/div&gt;[39m
                  [36m&lt;div[39m
                    [33mclass[39m=[32m&quot;border-t pt-4 mt-4&quot;[39m
                  [36m&gt;[39m
                    [36m&lt;div[39m
                      [33mclass[39m=[32m&quot;flex items-center justify-between mb-4&quot;[39m
                    [36m&gt;[39m
                      [36m&lt;div&gt;[39m
                        [36m&lt;h3[39m
                          [33mclass[39m=[32m&quot;text-lg font-semibold&quot;[39m
                        [36m&gt;[39m
                          [0mAdvanced Analysis[0m
                        [36m&lt;/h3&gt;[39m
                        [36m&lt;p[39m
                          [33mclass[39m=[32m&quot;text-sm text-muted-foreground&quot;[39m
                        [36m&gt;[39m
                          [0mAdd secondary keywords and specify page type for more targeted SEO analysis[0m
                        [36m&lt;/p&gt;[39m
                      [36m&lt;/div&gt;[39m
                      [36m&lt;div[39m
                        [33mclass[39m=[32m&quot;flex items-center space-x-2&quot;[39m
                      [36m&gt;[39m
                        [36m&lt;button[39m
                          [33maria-checked[39m=[32m&quot;false&quot;[39m
                          [33mclass[39m=[32m&quot;peer inline-flex h-6 w-11 shrink-0 cursor-pointer items-center rounded-full border-2 border-transparent transition-colors focus-visible:outline-none focus-visible:ring-2 focus-visible:ring-ring focus-visible:ring-offset-2 focus-visible:ring-offset-background disabled:cursor-not-allowed disabled:opacity-50 data-[state=checked]:bg-primary data-[state=unchecked]:bg-input&quot;[39m
                          [33mdata-state[39m=[32m&quot;unchecked&quot;[39m
                          [33mrole[39m=[32m&quot;switch&quot;[39m
                          [33mtype[39m=[32m&quot;button&quot;[39m
                          [33mvalue[39m=[32m&quot;on&quot;[39m
                        [36m&gt;[39m
                          [36m&lt;span[39m
                            [33mclass[39m=[32m&quot;pointer-events-none block h-5 w-5 rounded-full bg-background shadow-lg ring-0 transition-transform data-[state=checked]:translate-x-5 data-[state=unchecked]:translate-x-0&quot;[39m
                            [33mdata-state[39m=[32m&quot;unchecked&quot;[39m
                          [36m/&gt;[39m
                        [36m&lt;/button&gt;[39m
                        [36m&lt;input[39m
                          [33maria-hidden[39m=[32m&quot;true&quot;[39m
                          [33mstyle[39m=[32m&quot;transform: translateX(-100%); width: 200px; height: 100px&quot;[39m
                          [33mtabindex[39m=[32m&quot;-1&quot;[39m
                          [33mtype[39m=[32m&quot;checkbox&quot;[39m
                          [33mvalue[39m=[32m&quot;on&quot;[39m
                        [36m/&gt;[39m
                        [36m&lt;span[39m
                          [33mclass[39m=[32m&quot;text-sm&quot;[39m
                        [36m&gt;[39m
                          [0mOff[0m
                        [36m&lt;/span&gt;[39m
                      [36m&lt;/div&gt;[39m
                    [36m&lt;/div&gt;[39m
                  [36m&lt;/div&gt;[39m
                  [36m&lt;div[39m
                    [33mclass[39m=[32m&quot;w-full pt-2&quot;[39m
                  [36m&gt;[39m
                    [36m&lt;button[39m
                      [33mclass[39m=[32m&quot;inline-flex items-center justify-center gap-2 whitespace-nowrap rounded-md text-sm font-medium ring-offset-background transition-colors focus-visible:outline-none focus-visible:ring-2 focus-visible:ring-ring focus-visible:ring-offset-2 disabled:pointer-events-none disabled:opacity-50 [&amp;_svg]:pointer-events-none [&amp;_svg]:size-4 [&amp;_svg]:shr..." type="TestingLibraryElementError">
TestingLibraryElementError: Unable to find an element with the text: /Analysis Results/i. This could be because the text is broken up by multiple elements. In this case, you can provide a function for your text matcher to make your matcher more flexible.

Ignored nodes: comments, script, style
&lt;body&gt;
  &lt;div&gt;
    &lt;div
      class=&quot;min-h-screen bg-background p-4 md:p-6 flex flex-col&quot;
      style=&quot;color: #FFFFFF&quot;
    &gt;
      &lt;div
        class=&quot;mx-auto w-full max-w-3xl space-y-6 flex-grow&quot;
      &gt;
        &lt;div
          class=&quot;w-full&quot;
        &gt;
          &lt;div
            class=&quot;rounded-lg border bg-background2 text-card-foreground shadow-sm w-full&quot;
          &gt;
            &lt;div
              class=&quot;flex flex-col space-y-1.5 p-6&quot;
            &gt;
              &lt;h3
                class=&quot;text-2xl font-semibold leading-none tracking-tight text-center&quot;
              &gt;
                SEO Analysis Tool
              &lt;/h3&gt;
            &lt;/div&gt;
            &lt;div
              class=&quot;p-6 pt-0&quot;
            &gt;
              &lt;form
                class=&quot;space-y-5 w-full&quot;
              &gt;
                &lt;div
                  class=&quot;space-y-2 w-full&quot;
                &gt;
                  &lt;div
                    class=&quot;flex justify-between items-center mb-1&quot;
                  &gt;
                    &lt;label
                      class=&quot;text-sm font-medium leading-none peer-disabled:cursor-not-allowed peer-disabled:opacity-70 mb-0&quot;
                      for=&quot;«rt»-form-item&quot;
                    &gt;
                      Target keyphrase
                    &lt;/label&gt;
                    &lt;span
                      class=&quot;text-xs font-medium&quot;
                      style=&quot;color: var(--redText)&quot;
                    &gt;
                      No keyword saved
                    &lt;/span&gt;
                  &lt;/div&gt;
                  &lt;div
                    aria-describedby=&quot;«rt»-form-item-description&quot;
                    aria-invalid=&quot;false&quot;
                    class=&quot;mt-2 w-full mt-2&quot;
                    id=&quot;«rt»-form-item&quot;
                  &gt;
                    &lt;input
                      class=&quot;flex h-10 rounded-md border border-input bg-background px-3 py-2 text-sm ring-offset-background file:border-0 file:bg-transparent file:text-sm file:font-medium file:text-foreground placeholder:text-muted-foreground focus-visible:outline-none focus-visible:ring-2 focus-visible:ring-ring focus-visible:ring-offset-2 disabled:cursor-not-allowed disabled:opacity-50 w-full&quot;
                      name=&quot;keyphrase&quot;
                      placeholder=&quot;Enter your target keyphrase&quot;
                      value=&quot;&quot;
                    /&gt;
                  &lt;/div&gt;
                &lt;/div&gt;
                &lt;div
                  class=&quot;border-t pt-4 mt-4&quot;
                &gt;
                  &lt;div
                    class=&quot;flex items-center justify-between mb-4&quot;
                  &gt;
                    &lt;div&gt;
                      &lt;h3
                        class=&quot;text-lg font-semibold&quot;
                      &gt;
                        Advanced Analysis
                      &lt;/h3&gt;
                      &lt;p
                        class=&quot;text-sm text-muted-foreground&quot;
                      &gt;
                        Add secondary keywords and specify page type for more targeted SEO analysis
                      &lt;/p&gt;
                    &lt;/div&gt;
                    &lt;div
                      class=&quot;flex items-center space-x-2&quot;
                    &gt;
                      &lt;button
                        aria-checked=&quot;false&quot;
                        class=&quot;peer inline-flex h-6 w-11 shrink-0 cursor-pointer items-center rounded-full border-2 border-transparent transition-colors focus-visible:outline-none focus-visible:ring-2 focus-visible:ring-ring focus-visible:ring-offset-2 focus-visible:ring-offset-background disabled:cursor-not-allowed disabled:opacity-50 data-[state=checked]:bg-primary data-[state=unchecked]:bg-input&quot;
                        data-state=&quot;unchecked&quot;
                        role=&quot;switch&quot;
                        type=&quot;button&quot;
                        value=&quot;on&quot;
                      &gt;
                        &lt;span
                          class=&quot;pointer-events-none block h-5 w-5 rounded-full bg-background shadow-lg ring-0 transition-transform data-[state=checked]:translate-x-5 data-[state=unchecked]:translate-x-0&quot;
                          data-state=&quot;unchecked&quot;
                        /&gt;
                      &lt;/button&gt;
                      &lt;input
                        aria-hidden=&quot;true&quot;
                        style=&quot;transform: translateX(-100%); width: 200px; height: 100px&quot;
                        tabindex=&quot;-1&quot;
                        type=&quot;checkbox&quot;
                        value=&quot;on&quot;
                      /&gt;
                      &lt;span
                        class=&quot;text-sm&quot;
                      &gt;
                        Off
                      &lt;/span&gt;
                    &lt;/div&gt;
                  &lt;/div&gt;
                &lt;/div&gt;
                &lt;div
                  class=&quot;w-full pt-2&quot;
                &gt;
                  &lt;button
                    class=&quot;inline-flex items-center justify-center gap-2 whitespace-nowrap rounded-md text-sm font-medium ring-offset-background transition-colors focus-visible:outline-none focus-visible:ring-2 focus-visible:ring-ring focus-visible:ring-offset-2 disabled:pointer-events-none disabled:opacity-50 [&amp;_svg]:pointer-events-none [&amp;_svg]:size-4 [&amp;_svg]:shrink-0 [&amp;_svg]:text-current bg-primary text-primary-foreground hover:bg-primary/90 px-4 py-2 w-full h-11 cursor-pointer&quot;
                    type=&quot;submit&quot;
                  &gt;
                    Start optimizing your SEO
         ...

Ignored nodes: comments, script, style
&lt;html&gt;
  &lt;head /&gt;
  &lt;body&gt;
    &lt;div&gt;
      &lt;div
        class=&quot;min-h-screen bg-background p-4 md:p-6 flex flex-col&quot;
        style=&quot;color: #FFFFFF&quot;
      &gt;
        &lt;div
          class=&quot;mx-auto w-full max-w-3xl space-y-6 flex-grow&quot;
        &gt;
          &lt;div
            class=&quot;w-full&quot;
          &gt;
            &lt;div
              class=&quot;rounded-lg border bg-background2 text-card-foreground shadow-sm w-full&quot;
            &gt;
              &lt;div
                class=&quot;flex flex-col space-y-1.5 p-6&quot;
              &gt;
                &lt;h3
                  class=&quot;text-2xl font-semibold leading-none tracking-tight text-center&quot;
                &gt;
                  SEO Analysis Tool
                &lt;/h3&gt;
              &lt;/div&gt;
              &lt;div
                class=&quot;p-6 pt-0&quot;
              &gt;
                &lt;form
                  class=&quot;space-y-5 w-full&quot;
                &gt;
                  &lt;div
                    class=&quot;space-y-2 w-full&quot;
                  &gt;
                    &lt;div
                      class=&quot;flex justify-between items-center mb-1&quot;
                    &gt;
                      &lt;label
                        class=&quot;text-sm font-medium leading-none peer-disabled:cursor-not-allowed peer-disabled:opacity-70 mb-0&quot;
                        for=&quot;«rt»-form-item&quot;
                      &gt;
                        Target keyphrase
                      &lt;/label&gt;
                      &lt;span
                        class=&quot;text-xs font-medium&quot;
                        style=&quot;color: var(--redText)&quot;
                      &gt;
                        No keyword saved
                      &lt;/span&gt;
                    &lt;/div&gt;
                    &lt;div
                      aria-describedby=&quot;«rt»-form-item-description&quot;
                      aria-invalid=&quot;false&quot;
                      class=&quot;mt-2 w-full mt-2&quot;
                      id=&quot;«rt»-form-item&quot;
                    &gt;
                      &lt;input
                        class=&quot;flex h-10 rounded-md border border-input bg-background px-3 py-2 text-sm ring-offset-background file:border-0 file:bg-transparent file:text-sm file:font-medium file:text-foreground placeholder:text-muted-foreground focus-visible:outline-none focus-visible:ring-2 focus-visible:ring-ring focus-visible:ring-offset-2 disabled:cursor-not-allowed disabled:opacity-50 w-full&quot;
                        name=&quot;keyphrase&quot;
                        placeholder=&quot;Enter your target keyphrase&quot;
                        value=&quot;&quot;
                      /&gt;
                    &lt;/div&gt;
                  &lt;/div&gt;
                  &lt;div
                    class=&quot;border-t pt-4 mt-4&quot;
                  &gt;
                    &lt;div
                      class=&quot;flex items-center justify-between mb-4&quot;
                    &gt;
                      &lt;div&gt;
                        &lt;h3
                          class=&quot;text-lg font-semibold&quot;
                        &gt;
                          Advanced Analysis
                        &lt;/h3&gt;
                        &lt;p
                          class=&quot;text-sm text-muted-foreground&quot;
                        &gt;
                          Add secondary keywords and specify page type for more targeted SEO analysis
                        &lt;/p&gt;
                      &lt;/div&gt;
                      &lt;div
                        class=&quot;flex items-center space-x-2&quot;
                      &gt;
                        &lt;button
                          aria-checked=&quot;false&quot;
                          class=&quot;peer inline-flex h-6 w-11 shrink-0 cursor-pointer items-center rounded-full border-2 border-transparent transition-colors focus-visible:outline-none focus-visible:ring-2 focus-visible:ring-ring focus-visible:ring-offset-2 focus-visible:ring-offset-background disabled:cursor-not-allowed disabled:opacity-50 data-[state=checked]:bg-primary data-[state=unchecked]:bg-input&quot;
                          data-state=&quot;unchecked&quot;
                          role=&quot;switch&quot;
                          type=&quot;button&quot;
                          value=&quot;on&quot;
                        &gt;
                          &lt;span
                            class=&quot;pointer-events-none block h-5 w-5 rounded-full bg-background shadow-lg ring-0 transition-transform data-[state=checked]:translate-x-5 data-[state=unchecked]:translate-x-0&quot;
                            data-state=&quot;unchecked&quot;
                          /&gt;
                        &lt;/button&gt;
                        &lt;input
                          aria-hidden=&quot;true&quot;
                          style=&quot;transform: translateX(-100%); width: 200px; height: 100px&quot;
                          tabindex=&quot;-1&quot;
                          type=&quot;checkbox&quot;
                          value=&quot;on&quot;
                        /&gt;
                        &lt;span
                          class=&quot;text-sm&quot;
                        &gt;
                          Off
                        &lt;/span&gt;
                      &lt;/div&gt;
                    &lt;/div&gt;
                  &lt;/div&gt;
                  &lt;div
                    class=&quot;w-full pt-2&quot;
                  &gt;
                    &lt;button
                      class=&quot;inline-flex items-center justify-center gap-2 whitespace-nowrap rounded-md text-sm font-medium ring-offset-background transition-colors focus-visible:outline-none focus-visible:ring-2 focus-visible:ring-ring focus-visible:ring-offset-2 disabled:pointer-events-none disabled:opacity-50 [&amp;_svg]:pointer-events-none [&amp;_svg]:size-4 [&amp;_svg]:shr...
 ❯ Proxy.waitFor node_modules/.pnpm/@testing-library+dom@10.4.1/node_modules/@testing-library/dom/dist/wait-for.js:163:27
 ❯ client/src/pages/Home.test.tsx:393:11
            </failure>
        </testcase>
        <testcase classname="client/src/pages/Home.test.tsx" name="Home Component &gt; can navigate to category details" time="15.3229459">
            <system-out>
[InsertionContext] No OAuth token available - will use Designer Extension APIs directly
[WebflowInsertion] Webflow Designer context detected
[WebflowDesignerDetection] === WEBFLOW API INSPECTION ===
[WebflowDesignerDetection] typeof window.webflow: object
[WebflowDesignerDetection] window.webflow: {
  getCurrentPage: [Function: spy] {
    getMockName: [36m[Function (anonymous)][39m,
    mockName: [36m[Function (anonymous)][39m,
    mockClear: [36m[Function (anonymous)][39m,
    mockReset: [36m[Function (anonymous)][39m,
    mockRestore: [36m[Function (anonymous)][39m,
    getMockImplementation: [36m[Function (anonymous)][39m,
    mockImplementation: [36m[Function (anonymous)][39m,
    mockImplementationOnce: [36m[Function (anonymous)][39m,
    withImplementation: [36m[Function: withImplementation][39m,
    mockReturnThis: [36m[Function (anonymous)][39m,
    mockReturnValue: [36m[Function (anonymous)][39m,
    mockReturnValueOnce: [36m[Function (anonymous)][39m,
    mockResolvedValue: [36m[Function (anonymous)][39m,
    mockResolvedValueOnce: [36m[Function (anonymous)][39m,
    mockRejectedValue: [36m[Function (anonymous)][39m,
    mockRejectedValueOnce: [36m[Function (anonymous)][39m,
    [[32mSymbol(nodejs.dispose)[39m]: [36m[Function (anonymous)][39m
  },
  getSiteInfo: [Function: spy] {
    getMockName: [36m[Function (anonymous)][39m,
    mockName: [36m[Function (anonymous)][39m,
    mockClear: [36m[Function (anonymous)][39m,
    mockReset: [36m[Function (anonymous)][39m,
    mockRestore: [36m[Function (anonymous)][39m,
    getMockImplementation: [36m[Function (anonymous)][39m,
    mockImplementation: [36m[Function (anonymous)][39m,
    mockImplementationOnce: [36m[Function (anonymous)][39m,
    withImplementation: [36m[Function: withImplementation][39m,
    mockReturnThis: [36m[Function (anonymous)][39m,
    mockReturnValue: [36m[Function (anonymous)][39m,
    mockReturnValueOnce: [36m[Function (anonymous)][39m,
    mockResolvedValue: [36m[Function (anonymous)][39m,
    mockResolvedValueOnce: [36m[Function (anonymous)][39m,
    mockRejectedValue: [36m[Function (anonymous)][39m,
    mockRejectedValueOnce: [36m[Function (anonymous)][39m,
    [[32mSymbol(nodejs.dispose)[39m]: [36m[Function (anonymous)][39m
  },
  subscribe: [Function: spy] {
    getMockName: [36m[Function (anonymous)][39m,
    mockName: [36m[Function (anonymous)][39m,
    mockClear: [36m[Function (anonymous)][39m,
    mockReset: [36m[Function (anonymous)][39m,
    mockRestore: [36m[Function (anonymous)][39m,
    getMockImplementation: [36m[Function (anonymous)][39m,
    mockImplementation: [36m[Function (anonymous)][39m,
    mockImplementationOnce: [36m[Function (anonymous)][39m,
    withImplementation: [36m[Function: withImplementation][39m,
    mockReturnThis: [36m[Function (anonymous)][39m,
    mockReturnValue: [36m[Function (anonymous)][39m,
    mockReturnValueOnce: [36m[Function (anonymous)][39m,
    mockResolvedValue: [36m[Function (anonymous)][39m,
    mockResolvedValueOnce: [36m[Function (anonymous)][39m,
    mockRejectedValue: [36m[Function (anonymous)][39m,
    mockRejectedValueOnce: [36m[Function (anonymous)][39m,
    [[32mSymbol(nodejs.dispose)[39m]: [36m[Function (anonymous)][39m
  }
}
[WebflowDesignerDetection] Available webflow properties: [ [32m&apos;getCurrentPage&apos;[39m, [32m&apos;getSiteInfo&apos;[39m, [32m&apos;subscribe&apos;[39m ]
[WebflowDesignerDetection] Available webflow methods: [ [32m&apos;getCurrentPage&apos;[39m, [32m&apos;getSiteInfo&apos;[39m, [32m&apos;subscribe&apos;[39m ]
[WebflowDesignerDetection] Method &apos;getCurrentPage&apos;: {
  type: [32m&apos;function&apos;[39m,
  length: [33m0[39m,
  name: [32m&apos;spy&apos;[39m,
  toString: [32m&apos;function(...args) {\n&apos;[39m +
    [32m&apos;    let state2 = getInternalState(fn);\n&apos;[39m +
    [32m&apos;    state2.called = !0, state2.callCount++, state2.calls.push(args);\n&apos;[39m +
    [32m&apos;    let next = state2.next.shift();\n&apos;[39m +
    [32m&apos;    if (next) {\n&apos;[39m +
    [32m&apos;      state2.results...&apos;[39m
}
[WebflowDesignerDetection] Method &apos;getSiteInfo&apos;: {
  type: [32m&apos;function&apos;[39m,
  length: [33m0[39m,
  name: [32m&apos;spy&apos;[39m,
  toString: [32m&apos;function(...args) {\n&apos;[39m +
    [32m&apos;    let state2 = getInternalState(fn);\n&apos;[39m +
    [32m&apos;    state2.called = !0, state2.callCount++, state2.calls.push(args);\n&apos;[39m +
    [32m&apos;    let next = state2.next.shift();\n&apos;[39m +
    [32m&apos;    if (next) {\n&apos;[39m +
    [32m&apos;      state2.results...&apos;[39m
}
[WebflowDesignerDetection] Method &apos;subscribe&apos;: {
  type: [32m&apos;function&apos;[39m,
  length: [33m0[39m,
  name: [32m&apos;spy&apos;[39m,
  toString: [32m&apos;function(...args) {\n&apos;[39m +
    [32m&apos;    let state2 = getInternalState(fn);\n&apos;[39m +
    [32m&apos;    state2.called = !0, state2.callCount++, state2.calls.push(args);\n&apos;[39m +
    [32m&apos;    let next = state2.next.shift();\n&apos;[39m +
    [32m&apos;    if (next) {\n&apos;[39m +
    [32m&apos;      state2.results...&apos;[39m
}
[WebflowDesignerDetection] Prototype methods: [
  [32m&apos;constructor&apos;[39m,
  [32m&apos;__defineGetter__&apos;[39m,
  [32m&apos;__defineSetter__&apos;[39m,
  [32m&apos;hasOwnProperty&apos;[39m,
  [32m&apos;__lookupGetter__&apos;[39m,
  [32m&apos;__lookupSetter__&apos;[39m,
  [32m&apos;isPrototypeOf&apos;[39m,
  [32m&apos;propertyIsEnumerable&apos;[39m,
  [32m&apos;toString&apos;[39m,
  [32m&apos;valueOf&apos;[39m,
  [32m&apos;__proto__&apos;[39m,
  [32m&apos;toLocaleString&apos;[39m
]
[WebflowDesignerAPI] Detected capabilities: {
  canReadPageInfo: [33mtrue[39m,
  canUpdatePageTitle: [33mfalse[39m,
  canUpdatePageMeta: [33mfalse[39m,
  canUpdatePageSlug: [33mfalse[39m,
  canAddCustomCode: [33mfalse[39m,
  canUpdateCMS: [33mfalse[39m,
  canManipulateElements: [33mfalse[39m,
  canSelectElements: [33mfalse[39m,
  hasElementBuilder: [33mfalse[39m,
  availableMethods: [ [32m&apos;getCurrentPage&apos;[39m, [32m&apos;getSiteInfo&apos;[39m, [32m&apos;subscribe&apos;[39m ]
}
[WebflowInsertion] Using Webflow Designer Extension APIs for modifications

[AuthContext] No OAuth token found - Designer Extension will use Designer APIs directly

            </system-out>
            <system-err>
Failed to initialize page keywords: TypeError: Cannot read properties of undefined (reading &apos;pageType&apos;)
    at initializePageKeywords [90m(C:\Users\Paul Mulligan\PMDS\Projects\AI-SEO-Copilot-for-Webflow\[39mclient\src\pages\Home.tsx:542:34[90m)[39m

            </system-err>
            <failure message="Unable to find an element with the text: /Meta SEO/i. This could be because the text is broken up by multiple elements. In this case, you can provide a function for your text matcher to make your matcher more flexible.

Ignored nodes: comments, script, style
[36m&lt;body&gt;[39m
  [36m&lt;div&gt;[39m
    [36m&lt;div[39m
      [33mclass[39m=[32m&quot;min-h-screen bg-background p-4 md:p-6 flex flex-col&quot;[39m
      [33mstyle[39m=[32m&quot;color: #FFFFFF&quot;[39m
    [36m&gt;[39m
      [36m&lt;div[39m
        [33mclass[39m=[32m&quot;mx-auto w-full max-w-3xl space-y-6 flex-grow&quot;[39m
      [36m&gt;[39m
        [36m&lt;div[39m
          [33mclass[39m=[32m&quot;w-full&quot;[39m
        [36m&gt;[39m
          [36m&lt;div[39m
            [33mclass[39m=[32m&quot;rounded-lg border bg-background2 text-card-foreground shadow-sm w-full&quot;[39m
          [36m&gt;[39m
            [36m&lt;div[39m
              [33mclass[39m=[32m&quot;flex flex-col space-y-1.5 p-6&quot;[39m
            [36m&gt;[39m
              [36m&lt;h3[39m
                [33mclass[39m=[32m&quot;text-2xl font-semibold leading-none tracking-tight text-center&quot;[39m
              [36m&gt;[39m
                [0mSEO Analysis Tool[0m
              [36m&lt;/h3&gt;[39m
            [36m&lt;/div&gt;[39m
            [36m&lt;div[39m
              [33mclass[39m=[32m&quot;p-6 pt-0&quot;[39m
            [36m&gt;[39m
              [36m&lt;form[39m
                [33mclass[39m=[32m&quot;space-y-5 w-full&quot;[39m
              [36m&gt;[39m
                [36m&lt;div[39m
                  [33mclass[39m=[32m&quot;space-y-2 w-full&quot;[39m
                [36m&gt;[39m
                  [36m&lt;div[39m
                    [33mclass[39m=[32m&quot;flex justify-between items-center mb-1&quot;[39m
                  [36m&gt;[39m
                    [36m&lt;label[39m
                      [33mclass[39m=[32m&quot;text-sm font-medium leading-none peer-disabled:cursor-not-allowed peer-disabled:opacity-70 mb-0&quot;[39m
                      [33mfor[39m=[32m&quot;«r10»-form-item&quot;[39m
                    [36m&gt;[39m
                      [0mTarget keyphrase[0m
                    [36m&lt;/label&gt;[39m
                    [36m&lt;span[39m
                      [33mclass[39m=[32m&quot;text-xs font-medium&quot;[39m
                      [33mstyle[39m=[32m&quot;color: var(--redText)&quot;[39m
                    [36m&gt;[39m
                      [0mNo keyword saved[0m
                    [36m&lt;/span&gt;[39m
                  [36m&lt;/div&gt;[39m
                  [36m&lt;div[39m
                    [33maria-describedby[39m=[32m&quot;«r10»-form-item-description&quot;[39m
                    [33maria-invalid[39m=[32m&quot;false&quot;[39m
                    [33mclass[39m=[32m&quot;mt-2 w-full mt-2&quot;[39m
                    [33mid[39m=[32m&quot;«r10»-form-item&quot;[39m
                  [36m&gt;[39m
                    [36m&lt;input[39m
                      [33mclass[39m=[32m&quot;flex h-10 rounded-md border border-input bg-background px-3 py-2 text-sm ring-offset-background file:border-0 file:bg-transparent file:text-sm file:font-medium file:text-foreground placeholder:text-muted-foreground focus-visible:outline-none focus-visible:ring-2 focus-visible:ring-ring focus-visible:ring-offset-2 disabled:cursor-not-allowed disabled:opacity-50 w-full&quot;[39m
                      [33mname[39m=[32m&quot;keyphrase&quot;[39m
                      [33mplaceholder[39m=[32m&quot;Enter your target keyphrase&quot;[39m
                      [33mvalue[39m=[32m&quot;&quot;[39m
                    [36m/&gt;[39m
                  [36m&lt;/div&gt;[39m
                [36m&lt;/div&gt;[39m
                [36m&lt;div[39m
                  [33mclass[39m=[32m&quot;border-t pt-4 mt-4&quot;[39m
                [36m&gt;[39m
                  [36m&lt;div[39m
                    [33mclass[39m=[32m&quot;flex items-center justify-between mb-4&quot;[39m
                  [36m&gt;[39m
                    [36m&lt;div&gt;[39m
                      [36m&lt;h3[39m
                        [33mclass[39m=[32m&quot;text-lg font-semibold&quot;[39m
                      [36m&gt;[39m
                        [0mAdvanced Analysis[0m
                      [36m&lt;/h3&gt;[39m
                      [36m&lt;p[39m
                        [33mclass[39m=[32m&quot;text-sm text-muted-foreground&quot;[39m
                      [36m&gt;[39m
                        [0mAdd secondary keywords and specify page type for more targeted SEO analysis[0m
                      [36m&lt;/p&gt;[39m
                    [36m&lt;/div&gt;[39m
                    [36m&lt;div[39m
                      [33mclass[39m=[32m&quot;flex items-center space-x-2&quot;[39m
                    [36m&gt;[39m
                      [36m&lt;button[39m
                        [33maria-checked[39m=[32m&quot;false&quot;[39m
                        [33mclass[39m=[32m&quot;peer inline-flex h-6 w-11 shrink-0 cursor-pointer items-center rounded-full border-2 border-transparent transition-colors focus-visible:outline-none focus-visible:ring-2 focus-visible:ring-ring focus-visible:ring-offset-2 focus-visible:ring-offset-background disabled:cursor-not-allowed disabled:opacity-50 data-[state=checked]:bg-primary data-[state=unchecked]:bg-input&quot;[39m
                        [33mdata-state[39m=[32m&quot;unchecked&quot;[39m
                        [33mrole[39m=[32m&quot;switch&quot;[39m
                        [33mtype[39m=[32m&quot;button&quot;[39m
                        [33mvalue[39m=[32m&quot;on&quot;[39m
                      [36m&gt;[39m
                        [36m&lt;span[39m
                          [33mclass[39m=[32m&quot;pointer-events-none block h-5 w-5 rounded-full bg-background shadow-lg ring-0 transition-transform data-[state=checked]:translate-x-5 data-[state=unchecked]:translate-x-0&quot;[39m
                          [33mdata-state[39m=[32m&quot;unchecked&quot;[39m
                        [36m/&gt;[39m
                      [36m&lt;/button&gt;[39m
                      [36m&lt;input[39m
                        [33maria-hidden[39m=[32m&quot;true&quot;[39m
                        [33mstyle[39m=[32m&quot;transform: translateX(-100%); width: 200px; height: 100px&quot;[39m
                        [33mtabindex[39m=[32m&quot;-1&quot;[39m
                        [33mtype[39m=[32m&quot;checkbox&quot;[39m
                        [33mvalue[39m=[32m&quot;on&quot;[39m
                      [36m/&gt;[39m
                      [36m&lt;span[39m
                        [33mclass[39m=[32m&quot;text-sm&quot;[39m
                      [36m&gt;[39m
                        [0mOff[0m
                      [36m&lt;/span&gt;[39m
                    [36m&lt;/div&gt;[39m
                  [36m&lt;/div&gt;[39m
                [36m&lt;/div&gt;[39m
                [36m&lt;div[39m
                  [33mclass[39m=[32m&quot;w-full pt-2&quot;[39m
                [36m&gt;[39m
                  [36m&lt;button[39m
                    [33mclass[39m=[32m&quot;inline-flex items-center justify-center gap-2 whitespace-nowrap rounded-md text-sm font-medium ring-offset-background transition-colors focus-visible:outline-none focus-visible:ring-2 focus-visible:ring-ring focus-visible:ring-offset-2 disabled:pointer-events-none disabled:opacity-50 [&amp;_svg]:pointer-events-none [&amp;_svg]:size-4 [&amp;_svg]:shrink-0 [&amp;_svg]:text-current bg-primary text-primary-foreground hover:bg-primary/90 px-4 py-2 w-full h-11 cursor-pointer&quot;[39m
                    [33mtype[39m=[32m&quot;submit&quot;[39m
                  [36m&gt;[39m
                    [0mStart optimizing your SEO[0m
      ...

Ignored nodes: comments, script, style
[36m&lt;html&gt;[39m
  [36m&lt;head /&gt;[39m
  [36m&lt;body&gt;[39m
    [36m&lt;div&gt;[39m
      [36m&lt;div[39m
        [33mclass[39m=[32m&quot;min-h-screen bg-background p-4 md:p-6 flex flex-col&quot;[39m
        [33mstyle[39m=[32m&quot;color: #FFFFFF&quot;[39m
      [36m&gt;[39m
        [36m&lt;div[39m
          [33mclass[39m=[32m&quot;mx-auto w-full max-w-3xl space-y-6 flex-grow&quot;[39m
        [36m&gt;[39m
          [36m&lt;div[39m
            [33mclass[39m=[32m&quot;w-full&quot;[39m
          [36m&gt;[39m
            [36m&lt;div[39m
              [33mclass[39m=[32m&quot;rounded-lg border bg-background2 text-card-foreground shadow-sm w-full&quot;[39m
            [36m&gt;[39m
              [36m&lt;div[39m
                [33mclass[39m=[32m&quot;flex flex-col space-y-1.5 p-6&quot;[39m
              [36m&gt;[39m
                [36m&lt;h3[39m
                  [33mclass[39m=[32m&quot;text-2xl font-semibold leading-none tracking-tight text-center&quot;[39m
                [36m&gt;[39m
                  [0mSEO Analysis Tool[0m
                [36m&lt;/h3&gt;[39m
              [36m&lt;/div&gt;[39m
              [36m&lt;div[39m
                [33mclass[39m=[32m&quot;p-6 pt-0&quot;[39m
              [36m&gt;[39m
                [36m&lt;form[39m
                  [33mclass[39m=[32m&quot;space-y-5 w-full&quot;[39m
                [36m&gt;[39m
                  [36m&lt;div[39m
                    [33mclass[39m=[32m&quot;space-y-2 w-full&quot;[39m
                  [36m&gt;[39m
                    [36m&lt;div[39m
                      [33mclass[39m=[32m&quot;flex justify-between items-center mb-1&quot;[39m
                    [36m&gt;[39m
                      [36m&lt;label[39m
                        [33mclass[39m=[32m&quot;text-sm font-medium leading-none peer-disabled:cursor-not-allowed peer-disabled:opacity-70 mb-0&quot;[39m
                        [33mfor[39m=[32m&quot;«r10»-form-item&quot;[39m
                      [36m&gt;[39m
                        [0mTarget keyphrase[0m
                      [36m&lt;/label&gt;[39m
                      [36m&lt;span[39m
                        [33mclass[39m=[32m&quot;text-xs font-medium&quot;[39m
                        [33mstyle[39m=[32m&quot;color: var(--redText)&quot;[39m
                      [36m&gt;[39m
                        [0mNo keyword saved[0m
                      [36m&lt;/span&gt;[39m
                    [36m&lt;/div&gt;[39m
                    [36m&lt;div[39m
                      [33maria-describedby[39m=[32m&quot;«r10»-form-item-description&quot;[39m
                      [33maria-invalid[39m=[32m&quot;false&quot;[39m
                      [33mclass[39m=[32m&quot;mt-2 w-full mt-2&quot;[39m
                      [33mid[39m=[32m&quot;«r10»-form-item&quot;[39m
                    [36m&gt;[39m
                      [36m&lt;input[39m
                        [33mclass[39m=[32m&quot;flex h-10 rounded-md border border-input bg-background px-3 py-2 text-sm ring-offset-background file:border-0 file:bg-transparent file:text-sm file:font-medium file:text-foreground placeholder:text-muted-foreground focus-visible:outline-none focus-visible:ring-2 focus-visible:ring-ring focus-visible:ring-offset-2 disabled:cursor-not-allowed disabled:opacity-50 w-full&quot;[39m
                        [33mname[39m=[32m&quot;keyphrase&quot;[39m
                        [33mplaceholder[39m=[32m&quot;Enter your target keyphrase&quot;[39m
                        [33mvalue[39m=[32m&quot;&quot;[39m
                      [36m/&gt;[39m
                    [36m&lt;/div&gt;[39m
                  [36m&lt;/div&gt;[39m
                  [36m&lt;div[39m
                    [33mclass[39m=[32m&quot;border-t pt-4 mt-4&quot;[39m
                  [36m&gt;[39m
                    [36m&lt;div[39m
                      [33mclass[39m=[32m&quot;flex items-center justify-between mb-4&quot;[39m
                    [36m&gt;[39m
                      [36m&lt;div&gt;[39m
                        [36m&lt;h3[39m
                          [33mclass[39m=[32m&quot;text-lg font-semibold&quot;[39m
                        [36m&gt;[39m
                          [0mAdvanced Analysis[0m
                        [36m&lt;/h3&gt;[39m
                        [36m&lt;p[39m
                          [33mclass[39m=[32m&quot;text-sm text-muted-foreground&quot;[39m
                        [36m&gt;[39m
                          [0mAdd secondary keywords and specify page type for more targeted SEO analysis[0m
                        [36m&lt;/p&gt;[39m
                      [36m&lt;/div&gt;[39m
                      [36m&lt;div[39m
                        [33mclass[39m=[32m&quot;flex items-center space-x-2&quot;[39m
                      [36m&gt;[39m
                        [36m&lt;button[39m
                          [33maria-checked[39m=[32m&quot;false&quot;[39m
                          [33mclass[39m=[32m&quot;peer inline-flex h-6 w-11 shrink-0 cursor-pointer items-center rounded-full border-2 border-transparent transition-colors focus-visible:outline-none focus-visible:ring-2 focus-visible:ring-ring focus-visible:ring-offset-2 focus-visible:ring-offset-background disabled:cursor-not-allowed disabled:opacity-50 data-[state=checked]:bg-primary data-[state=unchecked]:bg-input&quot;[39m
                          [33mdata-state[39m=[32m&quot;unchecked&quot;[39m
                          [33mrole[39m=[32m&quot;switch&quot;[39m
                          [33mtype[39m=[32m&quot;button&quot;[39m
                          [33mvalue[39m=[32m&quot;on&quot;[39m
                        [36m&gt;[39m
                          [36m&lt;span[39m
                            [33mclass[39m=[32m&quot;pointer-events-none block h-5 w-5 rounded-full bg-background shadow-lg ring-0 transition-transform data-[state=checked]:translate-x-5 data-[state=unchecked]:translate-x-0&quot;[39m
                            [33mdata-state[39m=[32m&quot;unchecked&quot;[39m
                          [36m/&gt;[39m
                        [36m&lt;/button&gt;[39m
                        [36m&lt;input[39m
                          [33maria-hidden[39m=[32m&quot;true&quot;[39m
                          [33mstyle[39m=[32m&quot;transform: translateX(-100%); width: 200px; height: 100px&quot;[39m
                          [33mtabindex[39m=[32m&quot;-1&quot;[39m
                          [33mtype[39m=[32m&quot;checkbox&quot;[39m
                          [33mvalue[39m=[32m&quot;on&quot;[39m
                        [36m/&gt;[39m
                        [36m&lt;span[39m
                          [33mclass[39m=[32m&quot;text-sm&quot;[39m
                        [36m&gt;[39m
                          [0mOff[0m
                        [36m&lt;/span&gt;[39m
                      [36m&lt;/div&gt;[39m
                    [36m&lt;/div&gt;[39m
                  [36m&lt;/div&gt;[39m
                  [36m&lt;div[39m
                    [33mclass[39m=[32m&quot;w-full pt-2&quot;[39m
                  [36m&gt;[39m
                    [36m&lt;button[39m
                      [33mclass[39m=[32m&quot;inline-flex items-center justify-center gap-2 whitespace-nowrap rounded-md text-sm font-medium ring-offset-background transition-colors focus-visible:outline-none focus-visible:ring-2 focus-visible:ring-ring focus-visible:ring-offset-2 disabled:pointer-events-none disabled:opacity-50 [&amp;_svg]:pointer-events-none [&amp;_svg]:size-4 [&amp;_svg]:..." type="TestingLibraryElementError">
TestingLibraryElementError: Unable to find an element with the text: /Meta SEO/i. This could be because the text is broken up by multiple elements. In this case, you can provide a function for your text matcher to make your matcher more flexible.

Ignored nodes: comments, script, style
&lt;body&gt;
  &lt;div&gt;
    &lt;div
      class=&quot;min-h-screen bg-background p-4 md:p-6 flex flex-col&quot;
      style=&quot;color: #FFFFFF&quot;
    &gt;
      &lt;div
        class=&quot;mx-auto w-full max-w-3xl space-y-6 flex-grow&quot;
      &gt;
        &lt;div
          class=&quot;w-full&quot;
        &gt;
          &lt;div
            class=&quot;rounded-lg border bg-background2 text-card-foreground shadow-sm w-full&quot;
          &gt;
            &lt;div
              class=&quot;flex flex-col space-y-1.5 p-6&quot;
            &gt;
              &lt;h3
                class=&quot;text-2xl font-semibold leading-none tracking-tight text-center&quot;
              &gt;
                SEO Analysis Tool
              &lt;/h3&gt;
            &lt;/div&gt;
            &lt;div
              class=&quot;p-6 pt-0&quot;
            &gt;
              &lt;form
                class=&quot;space-y-5 w-full&quot;
              &gt;
                &lt;div
                  class=&quot;space-y-2 w-full&quot;
                &gt;
                  &lt;div
                    class=&quot;flex justify-between items-center mb-1&quot;
                  &gt;
                    &lt;label
                      class=&quot;text-sm font-medium leading-none peer-disabled:cursor-not-allowed peer-disabled:opacity-70 mb-0&quot;
                      for=&quot;«r10»-form-item&quot;
                    &gt;
                      Target keyphrase
                    &lt;/label&gt;
                    &lt;span
                      class=&quot;text-xs font-medium&quot;
                      style=&quot;color: var(--redText)&quot;
                    &gt;
                      No keyword saved
                    &lt;/span&gt;
                  &lt;/div&gt;
                  &lt;div
                    aria-describedby=&quot;«r10»-form-item-description&quot;
                    aria-invalid=&quot;false&quot;
                    class=&quot;mt-2 w-full mt-2&quot;
                    id=&quot;«r10»-form-item&quot;
                  &gt;
                    &lt;input
                      class=&quot;flex h-10 rounded-md border border-input bg-background px-3 py-2 text-sm ring-offset-background file:border-0 file:bg-transparent file:text-sm file:font-medium file:text-foreground placeholder:text-muted-foreground focus-visible:outline-none focus-visible:ring-2 focus-visible:ring-ring focus-visible:ring-offset-2 disabled:cursor-not-allowed disabled:opacity-50 w-full&quot;
                      name=&quot;keyphrase&quot;
                      placeholder=&quot;Enter your target keyphrase&quot;
                      value=&quot;&quot;
                    /&gt;
                  &lt;/div&gt;
                &lt;/div&gt;
                &lt;div
                  class=&quot;border-t pt-4 mt-4&quot;
                &gt;
                  &lt;div
                    class=&quot;flex items-center justify-between mb-4&quot;
                  &gt;
                    &lt;div&gt;
                      &lt;h3
                        class=&quot;text-lg font-semibold&quot;
                      &gt;
                        Advanced Analysis
                      &lt;/h3&gt;
                      &lt;p
                        class=&quot;text-sm text-muted-foreground&quot;
                      &gt;
                        Add secondary keywords and specify page type for more targeted SEO analysis
                      &lt;/p&gt;
                    &lt;/div&gt;
                    &lt;div
                      class=&quot;flex items-center space-x-2&quot;
                    &gt;
                      &lt;button
                        aria-checked=&quot;false&quot;
                        class=&quot;peer inline-flex h-6 w-11 shrink-0 cursor-pointer items-center rounded-full border-2 border-transparent transition-colors focus-visible:outline-none focus-visible:ring-2 focus-visible:ring-ring focus-visible:ring-offset-2 focus-visible:ring-offset-background disabled:cursor-not-allowed disabled:opacity-50 data-[state=checked]:bg-primary data-[state=unchecked]:bg-input&quot;
                        data-state=&quot;unchecked&quot;
                        role=&quot;switch&quot;
                        type=&quot;button&quot;
                        value=&quot;on&quot;
                      &gt;
                        &lt;span
                          class=&quot;pointer-events-none block h-5 w-5 rounded-full bg-background shadow-lg ring-0 transition-transform data-[state=checked]:translate-x-5 data-[state=unchecked]:translate-x-0&quot;
                          data-state=&quot;unchecked&quot;
                        /&gt;
                      &lt;/button&gt;
                      &lt;input
                        aria-hidden=&quot;true&quot;
                        style=&quot;transform: translateX(-100%); width: 200px; height: 100px&quot;
                        tabindex=&quot;-1&quot;
                        type=&quot;checkbox&quot;
                        value=&quot;on&quot;
                      /&gt;
                      &lt;span
                        class=&quot;text-sm&quot;
                      &gt;
                        Off
                      &lt;/span&gt;
                    &lt;/div&gt;
                  &lt;/div&gt;
                &lt;/div&gt;
                &lt;div
                  class=&quot;w-full pt-2&quot;
                &gt;
                  &lt;button
                    class=&quot;inline-flex items-center justify-center gap-2 whitespace-nowrap rounded-md text-sm font-medium ring-offset-background transition-colors focus-visible:outline-none focus-visible:ring-2 focus-visible:ring-ring focus-visible:ring-offset-2 disabled:pointer-events-none disabled:opacity-50 [&amp;_svg]:pointer-events-none [&amp;_svg]:size-4 [&amp;_svg]:shrink-0 [&amp;_svg]:text-current bg-primary text-primary-foreground hover:bg-primary/90 px-4 py-2 w-full h-11 cursor-pointer&quot;
                    type=&quot;submit&quot;
                  &gt;
                    Start optimizing your SEO
      ...

Ignored nodes: comments, script, style
&lt;html&gt;
  &lt;head /&gt;
  &lt;body&gt;
    &lt;div&gt;
      &lt;div
        class=&quot;min-h-screen bg-background p-4 md:p-6 flex flex-col&quot;
        style=&quot;color: #FFFFFF&quot;
      &gt;
        &lt;div
          class=&quot;mx-auto w-full max-w-3xl space-y-6 flex-grow&quot;
        &gt;
          &lt;div
            class=&quot;w-full&quot;
          &gt;
            &lt;div
              class=&quot;rounded-lg border bg-background2 text-card-foreground shadow-sm w-full&quot;
            &gt;
              &lt;div
                class=&quot;flex flex-col space-y-1.5 p-6&quot;
              &gt;
                &lt;h3
                  class=&quot;text-2xl font-semibold leading-none tracking-tight text-center&quot;
                &gt;
                  SEO Analysis Tool
                &lt;/h3&gt;
              &lt;/div&gt;
              &lt;div
                class=&quot;p-6 pt-0&quot;
              &gt;
                &lt;form
                  class=&quot;space-y-5 w-full&quot;
                &gt;
                  &lt;div
                    class=&quot;space-y-2 w-full&quot;
                  &gt;
                    &lt;div
                      class=&quot;flex justify-between items-center mb-1&quot;
                    &gt;
                      &lt;label
                        class=&quot;text-sm font-medium leading-none peer-disabled:cursor-not-allowed peer-disabled:opacity-70 mb-0&quot;
                        for=&quot;«r10»-form-item&quot;
                      &gt;
                        Target keyphrase
                      &lt;/label&gt;
                      &lt;span
                        class=&quot;text-xs font-medium&quot;
                        style=&quot;color: var(--redText)&quot;
                      &gt;
                        No keyword saved
                      &lt;/span&gt;
                    &lt;/div&gt;
                    &lt;div
                      aria-describedby=&quot;«r10»-form-item-description&quot;
                      aria-invalid=&quot;false&quot;
                      class=&quot;mt-2 w-full mt-2&quot;
                      id=&quot;«r10»-form-item&quot;
                    &gt;
                      &lt;input
                        class=&quot;flex h-10 rounded-md border border-input bg-background px-3 py-2 text-sm ring-offset-background file:border-0 file:bg-transparent file:text-sm file:font-medium file:text-foreground placeholder:text-muted-foreground focus-visible:outline-none focus-visible:ring-2 focus-visible:ring-ring focus-visible:ring-offset-2 disabled:cursor-not-allowed disabled:opacity-50 w-full&quot;
                        name=&quot;keyphrase&quot;
                        placeholder=&quot;Enter your target keyphrase&quot;
                        value=&quot;&quot;
                      /&gt;
                    &lt;/div&gt;
                  &lt;/div&gt;
                  &lt;div
                    class=&quot;border-t pt-4 mt-4&quot;
                  &gt;
                    &lt;div
                      class=&quot;flex items-center justify-between mb-4&quot;
                    &gt;
                      &lt;div&gt;
                        &lt;h3
                          class=&quot;text-lg font-semibold&quot;
                        &gt;
                          Advanced Analysis
                        &lt;/h3&gt;
                        &lt;p
                          class=&quot;text-sm text-muted-foreground&quot;
                        &gt;
                          Add secondary keywords and specify page type for more targeted SEO analysis
                        &lt;/p&gt;
                      &lt;/div&gt;
                      &lt;div
                        class=&quot;flex items-center space-x-2&quot;
                      &gt;
                        &lt;button
                          aria-checked=&quot;false&quot;
                          class=&quot;peer inline-flex h-6 w-11 shrink-0 cursor-pointer items-center rounded-full border-2 border-transparent transition-colors focus-visible:outline-none focus-visible:ring-2 focus-visible:ring-ring focus-visible:ring-offset-2 focus-visible:ring-offset-background disabled:cursor-not-allowed disabled:opacity-50 data-[state=checked]:bg-primary data-[state=unchecked]:bg-input&quot;
                          data-state=&quot;unchecked&quot;
                          role=&quot;switch&quot;
                          type=&quot;button&quot;
                          value=&quot;on&quot;
                        &gt;
                          &lt;span
                            class=&quot;pointer-events-none block h-5 w-5 rounded-full bg-background shadow-lg ring-0 transition-transform data-[state=checked]:translate-x-5 data-[state=unchecked]:translate-x-0&quot;
                            data-state=&quot;unchecked&quot;
                          /&gt;
                        &lt;/button&gt;
                        &lt;input
                          aria-hidden=&quot;true&quot;
                          style=&quot;transform: translateX(-100%); width: 200px; height: 100px&quot;
                          tabindex=&quot;-1&quot;
                          type=&quot;checkbox&quot;
                          value=&quot;on&quot;
                        /&gt;
                        &lt;span
                          class=&quot;text-sm&quot;
                        &gt;
                          Off
                        &lt;/span&gt;
                      &lt;/div&gt;
                    &lt;/div&gt;
                  &lt;/div&gt;
                  &lt;div
                    class=&quot;w-full pt-2&quot;
                  &gt;
                    &lt;button
                      class=&quot;inline-flex items-center justify-center gap-2 whitespace-nowrap rounded-md text-sm font-medium ring-offset-background transition-colors focus-visible:outline-none focus-visible:ring-2 focus-visible:ring-ring focus-visible:ring-offset-2 disabled:pointer-events-none disabled:opacity-50 [&amp;_svg]:pointer-events-none [&amp;_svg]:size-4 [&amp;_svg]:...
 ❯ Proxy.waitFor node_modules/.pnpm/@testing-library+dom@10.4.1/node_modules/@testing-library/dom/dist/wait-for.js:163:27
 ❯ client/src/pages/Home.test.tsx:431:11
            </failure>
        </testcase>
        <testcase classname="client/src/pages/Home.test.tsx" name="Home Component &gt; can copy recommendations to clipboard" time="10.3434428">
            <system-out>
[InsertionContext] No OAuth token available - will use Designer Extension APIs directly
[WebflowInsertion] Webflow Designer context detected
[WebflowDesignerDetection] === WEBFLOW API INSPECTION ===
[WebflowDesignerDetection] typeof window.webflow: object
[WebflowDesignerDetection] window.webflow: {
  getCurrentPage: [Function: spy] {
    getMockName: [36m[Function (anonymous)][39m,
    mockName: [36m[Function (anonymous)][39m,
    mockClear: [36m[Function (anonymous)][39m,
    mockReset: [36m[Function (anonymous)][39m,
    mockRestore: [36m[Function (anonymous)][39m,
    getMockImplementation: [36m[Function (anonymous)][39m,
    mockImplementation: [36m[Function (anonymous)][39m,
    mockImplementationOnce: [36m[Function (anonymous)][39m,
    withImplementation: [36m[Function: withImplementation][39m,
    mockReturnThis: [36m[Function (anonymous)][39m,
    mockReturnValue: [36m[Function (anonymous)][39m,
    mockReturnValueOnce: [36m[Function (anonymous)][39m,
    mockResolvedValue: [36m[Function (anonymous)][39m,
    mockResolvedValueOnce: [36m[Function (anonymous)][39m,
    mockRejectedValue: [36m[Function (anonymous)][39m,
    mockRejectedValueOnce: [36m[Function (anonymous)][39m,
    [[32mSymbol(nodejs.dispose)[39m]: [36m[Function (anonymous)][39m
  },
  getSiteInfo: [Function: spy] {
    getMockName: [36m[Function (anonymous)][39m,
    mockName: [36m[Function (anonymous)][39m,
    mockClear: [36m[Function (anonymous)][39m,
    mockReset: [36m[Function (anonymous)][39m,
    mockRestore: [36m[Function (anonymous)][39m,
    getMockImplementation: [36m[Function (anonymous)][39m,
    mockImplementation: [36m[Function (anonymous)][39m,
    mockImplementationOnce: [36m[Function (anonymous)][39m,
    withImplementation: [36m[Function: withImplementation][39m,
    mockReturnThis: [36m[Function (anonymous)][39m,
    mockReturnValue: [36m[Function (anonymous)][39m,
    mockReturnValueOnce: [36m[Function (anonymous)][39m,
    mockResolvedValue: [36m[Function (anonymous)][39m,
    mockResolvedValueOnce: [36m[Function (anonymous)][39m,
    mockRejectedValue: [36m[Function (anonymous)][39m,
    mockRejectedValueOnce: [36m[Function (anonymous)][39m,
    [[32mSymbol(nodejs.dispose)[39m]: [36m[Function (anonymous)][39m
  },
  subscribe: [Function: spy] {
    getMockName: [36m[Function (anonymous)][39m,
    mockName: [36m[Function (anonymous)][39m,
    mockClear: [36m[Function (anonymous)][39m,
    mockReset: [36m[Function (anonymous)][39m,
    mockRestore: [36m[Function (anonymous)][39m,
    getMockImplementation: [36m[Function (anonymous)][39m,
    mockImplementation: [36m[Function (anonymous)][39m,
    mockImplementationOnce: [36m[Function (anonymous)][39m,
    withImplementation: [36m[Function: withImplementation][39m,
    mockReturnThis: [36m[Function (anonymous)][39m,
    mockReturnValue: [36m[Function (anonymous)][39m,
    mockReturnValueOnce: [36m[Function (anonymous)][39m,
    mockResolvedValue: [36m[Function (anonymous)][39m,
    mockResolvedValueOnce: [36m[Function (anonymous)][39m,
    mockRejectedValue: [36m[Function (anonymous)][39m,
    mockRejectedValueOnce: [36m[Function (anonymous)][39m,
    [[32mSymbol(nodejs.dispose)[39m]: [36m[Function (anonymous)][39m
  }
}
[WebflowDesignerDetection] Available webflow properties: [ [32m&apos;getCurrentPage&apos;[39m, [32m&apos;getSiteInfo&apos;[39m, [32m&apos;subscribe&apos;[39m ]
[WebflowDesignerDetection] Available webflow methods: [ [32m&apos;getCurrentPage&apos;[39m, [32m&apos;getSiteInfo&apos;[39m, [32m&apos;subscribe&apos;[39m ]
[WebflowDesignerDetection] Method &apos;getCurrentPage&apos;: {
  type: [32m&apos;function&apos;[39m,
  length: [33m0[39m,
  name: [32m&apos;spy&apos;[39m,
  toString: [32m&apos;function(...args) {\n&apos;[39m +
    [32m&apos;    let state2 = getInternalState(fn);\n&apos;[39m +
    [32m&apos;    state2.called = !0, state2.callCount++, state2.calls.push(args);\n&apos;[39m +
    [32m&apos;    let next = state2.next.shift();\n&apos;[39m +
    [32m&apos;    if (next) {\n&apos;[39m +
    [32m&apos;      state2.results...&apos;[39m
}
[WebflowDesignerDetection] Method &apos;getSiteInfo&apos;: {
  type: [32m&apos;function&apos;[39m,
  length: [33m0[39m,
  name: [32m&apos;spy&apos;[39m,
  toString: [32m&apos;function(...args) {\n&apos;[39m +
    [32m&apos;    let state2 = getInternalState(fn);\n&apos;[39m +
    [32m&apos;    state2.called = !0, state2.callCount++, state2.calls.push(args);\n&apos;[39m +
    [32m&apos;    let next = state2.next.shift();\n&apos;[39m +
    [32m&apos;    if (next) {\n&apos;[39m +
    [32m&apos;      state2.results...&apos;[39m
}
[WebflowDesignerDetection] Method &apos;subscribe&apos;: {
  type: [32m&apos;function&apos;[39m,
  length: [33m0[39m,
  name: [32m&apos;spy&apos;[39m,
  toString: [32m&apos;function(...args) {\n&apos;[39m +
    [32m&apos;    let state2 = getInternalState(fn);\n&apos;[39m +
    [32m&apos;    state2.called = !0, state2.callCount++, state2.calls.push(args);\n&apos;[39m +
    [32m&apos;    let next = state2.next.shift();\n&apos;[39m +
    [32m&apos;    if (next) {\n&apos;[39m +
    [32m&apos;      state2.results...&apos;[39m
}
[WebflowDesignerDetection] Prototype methods: [
  [32m&apos;constructor&apos;[39m,
  [32m&apos;__defineGetter__&apos;[39m,
  [32m&apos;__defineSetter__&apos;[39m,
  [32m&apos;hasOwnProperty&apos;[39m,
  [32m&apos;__lookupGetter__&apos;[39m,
  [32m&apos;__lookupSetter__&apos;[39m,
  [32m&apos;isPrototypeOf&apos;[39m,
  [32m&apos;propertyIsEnumerable&apos;[39m,
  [32m&apos;toString&apos;[39m,
  [32m&apos;valueOf&apos;[39m,
  [32m&apos;__proto__&apos;[39m,
  [32m&apos;toLocaleString&apos;[39m
]
[WebflowDesignerAPI] Detected capabilities: {
  canReadPageInfo: [33mtrue[39m,
  canUpdatePageTitle: [33mfalse[39m,
  canUpdatePageMeta: [33mfalse[39m,
  canUpdatePageSlug: [33mfalse[39m,
  canAddCustomCode: [33mfalse[39m,
  canUpdateCMS: [33mfalse[39m,
  canManipulateElements: [33mfalse[39m,
  canSelectElements: [33mfalse[39m,
  hasElementBuilder: [33mfalse[39m,
  availableMethods: [ [32m&apos;getCurrentPage&apos;[39m, [32m&apos;getSiteInfo&apos;[39m, [32m&apos;subscribe&apos;[39m ]
}
[WebflowInsertion] Using Webflow Designer Extension APIs for modifications

[AuthContext] No OAuth token found - Designer Extension will use Designer APIs directly

            </system-out>
            <system-err>
Failed to initialize page keywords: TypeError: Cannot read properties of undefined (reading &apos;pageType&apos;)
    at initializePageKeywords [90m(C:\Users\Paul Mulligan\PMDS\Projects\AI-SEO-Copilot-for-Webflow\[39mclient\src\pages\Home.tsx:542:34[90m)[39m

            </system-err>
            <failure message="Unable to find an element with the text: /Meta SEO/i. This could be because the text is broken up by multiple elements. In this case, you can provide a function for your text matcher to make your matcher more flexible.

Ignored nodes: comments, script, style
[36m&lt;body&gt;[39m
  [36m&lt;div&gt;[39m
    [36m&lt;div[39m
      [33mclass[39m=[32m&quot;min-h-screen bg-background p-4 md:p-6 flex flex-col&quot;[39m
      [33mstyle[39m=[32m&quot;color: #FFFFFF&quot;[39m
    [36m&gt;[39m
      [36m&lt;div[39m
        [33mclass[39m=[32m&quot;mx-auto w-full max-w-3xl space-y-6 flex-grow&quot;[39m
      [36m&gt;[39m
        [36m&lt;div[39m
          [33mclass[39m=[32m&quot;w-full&quot;[39m
        [36m&gt;[39m
          [36m&lt;div[39m
            [33mclass[39m=[32m&quot;rounded-lg border bg-background2 text-card-foreground shadow-sm w-full&quot;[39m
          [36m&gt;[39m
            [36m&lt;div[39m
              [33mclass[39m=[32m&quot;flex flex-col space-y-1.5 p-6&quot;[39m
            [36m&gt;[39m
              [36m&lt;h3[39m
                [33mclass[39m=[32m&quot;text-2xl font-semibold leading-none tracking-tight text-center&quot;[39m
              [36m&gt;[39m
                [0mSEO Analysis Tool[0m
              [36m&lt;/h3&gt;[39m
            [36m&lt;/div&gt;[39m
            [36m&lt;div[39m
              [33mclass[39m=[32m&quot;p-6 pt-0&quot;[39m
            [36m&gt;[39m
              [36m&lt;form[39m
                [33mclass[39m=[32m&quot;space-y-5 w-full&quot;[39m
              [36m&gt;[39m
                [36m&lt;div[39m
                  [33mclass[39m=[32m&quot;space-y-2 w-full&quot;[39m
                [36m&gt;[39m
                  [36m&lt;div[39m
                    [33mclass[39m=[32m&quot;flex justify-between items-center mb-1&quot;[39m
                  [36m&gt;[39m
                    [36m&lt;label[39m
                      [33mclass[39m=[32m&quot;text-sm font-medium leading-none peer-disabled:cursor-not-allowed peer-disabled:opacity-70 mb-0&quot;[39m
                      [33mfor[39m=[32m&quot;«r13»-form-item&quot;[39m
                    [36m&gt;[39m
                      [0mTarget keyphrase[0m
                    [36m&lt;/label&gt;[39m
                    [36m&lt;span[39m
                      [33mclass[39m=[32m&quot;text-xs font-medium&quot;[39m
                      [33mstyle[39m=[32m&quot;color: var(--redText)&quot;[39m
                    [36m&gt;[39m
                      [0mNo keyword saved[0m
                    [36m&lt;/span&gt;[39m
                  [36m&lt;/div&gt;[39m
                  [36m&lt;div[39m
                    [33maria-describedby[39m=[32m&quot;«r13»-form-item-description&quot;[39m
                    [33maria-invalid[39m=[32m&quot;false&quot;[39m
                    [33mclass[39m=[32m&quot;mt-2 w-full mt-2&quot;[39m
                    [33mid[39m=[32m&quot;«r13»-form-item&quot;[39m
                  [36m&gt;[39m
                    [36m&lt;input[39m
                      [33mclass[39m=[32m&quot;flex h-10 rounded-md border border-input bg-background px-3 py-2 text-sm ring-offset-background file:border-0 file:bg-transparent file:text-sm file:font-medium file:text-foreground placeholder:text-muted-foreground focus-visible:outline-none focus-visible:ring-2 focus-visible:ring-ring focus-visible:ring-offset-2 disabled:cursor-not-allowed disabled:opacity-50 w-full&quot;[39m
                      [33mname[39m=[32m&quot;keyphrase&quot;[39m
                      [33mplaceholder[39m=[32m&quot;Enter your target keyphrase&quot;[39m
                      [33mvalue[39m=[32m&quot;&quot;[39m
                    [36m/&gt;[39m
                  [36m&lt;/div&gt;[39m
                [36m&lt;/div&gt;[39m
                [36m&lt;div[39m
                  [33mclass[39m=[32m&quot;border-t pt-4 mt-4&quot;[39m
                [36m&gt;[39m
                  [36m&lt;div[39m
                    [33mclass[39m=[32m&quot;flex items-center justify-between mb-4&quot;[39m
                  [36m&gt;[39m
                    [36m&lt;div&gt;[39m
                      [36m&lt;h3[39m
                        [33mclass[39m=[32m&quot;text-lg font-semibold&quot;[39m
                      [36m&gt;[39m
                        [0mAdvanced Analysis[0m
                      [36m&lt;/h3&gt;[39m
                      [36m&lt;p[39m
                        [33mclass[39m=[32m&quot;text-sm text-muted-foreground&quot;[39m
                      [36m&gt;[39m
                        [0mAdd secondary keywords and specify page type for more targeted SEO analysis[0m
                      [36m&lt;/p&gt;[39m
                    [36m&lt;/div&gt;[39m
                    [36m&lt;div[39m
                      [33mclass[39m=[32m&quot;flex items-center space-x-2&quot;[39m
                    [36m&gt;[39m
                      [36m&lt;button[39m
                        [33maria-checked[39m=[32m&quot;false&quot;[39m
                        [33mclass[39m=[32m&quot;peer inline-flex h-6 w-11 shrink-0 cursor-pointer items-center rounded-full border-2 border-transparent transition-colors focus-visible:outline-none focus-visible:ring-2 focus-visible:ring-ring focus-visible:ring-offset-2 focus-visible:ring-offset-background disabled:cursor-not-allowed disabled:opacity-50 data-[state=checked]:bg-primary data-[state=unchecked]:bg-input&quot;[39m
                        [33mdata-state[39m=[32m&quot;unchecked&quot;[39m
                        [33mrole[39m=[32m&quot;switch&quot;[39m
                        [33mtype[39m=[32m&quot;button&quot;[39m
                        [33mvalue[39m=[32m&quot;on&quot;[39m
                      [36m&gt;[39m
                        [36m&lt;span[39m
                          [33mclass[39m=[32m&quot;pointer-events-none block h-5 w-5 rounded-full bg-background shadow-lg ring-0 transition-transform data-[state=checked]:translate-x-5 data-[state=unchecked]:translate-x-0&quot;[39m
                          [33mdata-state[39m=[32m&quot;unchecked&quot;[39m
                        [36m/&gt;[39m
                      [36m&lt;/button&gt;[39m
                      [36m&lt;input[39m
                        [33maria-hidden[39m=[32m&quot;true&quot;[39m
                        [33mstyle[39m=[32m&quot;transform: translateX(-100%); width: 200px; height: 100px&quot;[39m
                        [33mtabindex[39m=[32m&quot;-1&quot;[39m
                        [33mtype[39m=[32m&quot;checkbox&quot;[39m
                        [33mvalue[39m=[32m&quot;on&quot;[39m
                      [36m/&gt;[39m
                      [36m&lt;span[39m
                        [33mclass[39m=[32m&quot;text-sm&quot;[39m
                      [36m&gt;[39m
                        [0mOff[0m
                      [36m&lt;/span&gt;[39m
                    [36m&lt;/div&gt;[39m
                  [36m&lt;/div&gt;[39m
                [36m&lt;/div&gt;[39m
                [36m&lt;div[39m
                  [33mclass[39m=[32m&quot;w-full pt-2&quot;[39m
                [36m&gt;[39m
                  [36m&lt;button[39m
                    [33mclass[39m=[32m&quot;inline-flex items-center justify-center gap-2 whitespace-nowrap rounded-md text-sm font-medium ring-offset-background transition-colors focus-visible:outline-none focus-visible:ring-2 focus-visible:ring-ring focus-visible:ring-offset-2 disabled:pointer-events-none disabled:opacity-50 [&amp;_svg]:pointer-events-none [&amp;_svg]:size-4 [&amp;_svg]:shrink-0 [&amp;_svg]:text-current bg-primary text-primary-foreground hover:bg-primary/90 px-4 py-2 w-full h-11 cursor-pointer&quot;[39m
                    [33mtype[39m=[32m&quot;submit&quot;[39m
                  [36m&gt;[39m
                    [0mStart optimizing your SEO[0m
      ...

Ignored nodes: comments, script, style
[36m&lt;html&gt;[39m
  [36m&lt;head /&gt;[39m
  [36m&lt;body&gt;[39m
    [36m&lt;div&gt;[39m
      [36m&lt;div[39m
        [33mclass[39m=[32m&quot;min-h-screen bg-background p-4 md:p-6 flex flex-col&quot;[39m
        [33mstyle[39m=[32m&quot;color: #FFFFFF&quot;[39m
      [36m&gt;[39m
        [36m&lt;div[39m
          [33mclass[39m=[32m&quot;mx-auto w-full max-w-3xl space-y-6 flex-grow&quot;[39m
        [36m&gt;[39m
          [36m&lt;div[39m
            [33mclass[39m=[32m&quot;w-full&quot;[39m
          [36m&gt;[39m
            [36m&lt;div[39m
              [33mclass[39m=[32m&quot;rounded-lg border bg-background2 text-card-foreground shadow-sm w-full&quot;[39m
            [36m&gt;[39m
              [36m&lt;div[39m
                [33mclass[39m=[32m&quot;flex flex-col space-y-1.5 p-6&quot;[39m
              [36m&gt;[39m
                [36m&lt;h3[39m
                  [33mclass[39m=[32m&quot;text-2xl font-semibold leading-none tracking-tight text-center&quot;[39m
                [36m&gt;[39m
                  [0mSEO Analysis Tool[0m
                [36m&lt;/h3&gt;[39m
              [36m&lt;/div&gt;[39m
              [36m&lt;div[39m
                [33mclass[39m=[32m&quot;p-6 pt-0&quot;[39m
              [36m&gt;[39m
                [36m&lt;form[39m
                  [33mclass[39m=[32m&quot;space-y-5 w-full&quot;[39m
                [36m&gt;[39m
                  [36m&lt;div[39m
                    [33mclass[39m=[32m&quot;space-y-2 w-full&quot;[39m
                  [36m&gt;[39m
                    [36m&lt;div[39m
                      [33mclass[39m=[32m&quot;flex justify-between items-center mb-1&quot;[39m
                    [36m&gt;[39m
                      [36m&lt;label[39m
                        [33mclass[39m=[32m&quot;text-sm font-medium leading-none peer-disabled:cursor-not-allowed peer-disabled:opacity-70 mb-0&quot;[39m
                        [33mfor[39m=[32m&quot;«r13»-form-item&quot;[39m
                      [36m&gt;[39m
                        [0mTarget keyphrase[0m
                      [36m&lt;/label&gt;[39m
                      [36m&lt;span[39m
                        [33mclass[39m=[32m&quot;text-xs font-medium&quot;[39m
                        [33mstyle[39m=[32m&quot;color: var(--redText)&quot;[39m
                      [36m&gt;[39m
                        [0mNo keyword saved[0m
                      [36m&lt;/span&gt;[39m
                    [36m&lt;/div&gt;[39m
                    [36m&lt;div[39m
                      [33maria-describedby[39m=[32m&quot;«r13»-form-item-description&quot;[39m
                      [33maria-invalid[39m=[32m&quot;false&quot;[39m
                      [33mclass[39m=[32m&quot;mt-2 w-full mt-2&quot;[39m
                      [33mid[39m=[32m&quot;«r13»-form-item&quot;[39m
                    [36m&gt;[39m
                      [36m&lt;input[39m
                        [33mclass[39m=[32m&quot;flex h-10 rounded-md border border-input bg-background px-3 py-2 text-sm ring-offset-background file:border-0 file:bg-transparent file:text-sm file:font-medium file:text-foreground placeholder:text-muted-foreground focus-visible:outline-none focus-visible:ring-2 focus-visible:ring-ring focus-visible:ring-offset-2 disabled:cursor-not-allowed disabled:opacity-50 w-full&quot;[39m
                        [33mname[39m=[32m&quot;keyphrase&quot;[39m
                        [33mplaceholder[39m=[32m&quot;Enter your target keyphrase&quot;[39m
                        [33mvalue[39m=[32m&quot;&quot;[39m
                      [36m/&gt;[39m
                    [36m&lt;/div&gt;[39m
                  [36m&lt;/div&gt;[39m
                  [36m&lt;div[39m
                    [33mclass[39m=[32m&quot;border-t pt-4 mt-4&quot;[39m
                  [36m&gt;[39m
                    [36m&lt;div[39m
                      [33mclass[39m=[32m&quot;flex items-center justify-between mb-4&quot;[39m
                    [36m&gt;[39m
                      [36m&lt;div&gt;[39m
                        [36m&lt;h3[39m
                          [33mclass[39m=[32m&quot;text-lg font-semibold&quot;[39m
                        [36m&gt;[39m
                          [0mAdvanced Analysis[0m
                        [36m&lt;/h3&gt;[39m
                        [36m&lt;p[39m
                          [33mclass[39m=[32m&quot;text-sm text-muted-foreground&quot;[39m
                        [36m&gt;[39m
                          [0mAdd secondary keywords and specify page type for more targeted SEO analysis[0m
                        [36m&lt;/p&gt;[39m
                      [36m&lt;/div&gt;[39m
                      [36m&lt;div[39m
                        [33mclass[39m=[32m&quot;flex items-center space-x-2&quot;[39m
                      [36m&gt;[39m
                        [36m&lt;button[39m
                          [33maria-checked[39m=[32m&quot;false&quot;[39m
                          [33mclass[39m=[32m&quot;peer inline-flex h-6 w-11 shrink-0 cursor-pointer items-center rounded-full border-2 border-transparent transition-colors focus-visible:outline-none focus-visible:ring-2 focus-visible:ring-ring focus-visible:ring-offset-2 focus-visible:ring-offset-background disabled:cursor-not-allowed disabled:opacity-50 data-[state=checked]:bg-primary data-[state=unchecked]:bg-input&quot;[39m
                          [33mdata-state[39m=[32m&quot;unchecked&quot;[39m
                          [33mrole[39m=[32m&quot;switch&quot;[39m
                          [33mtype[39m=[32m&quot;button&quot;[39m
                          [33mvalue[39m=[32m&quot;on&quot;[39m
                        [36m&gt;[39m
                          [36m&lt;span[39m
                            [33mclass[39m=[32m&quot;pointer-events-none block h-5 w-5 rounded-full bg-background shadow-lg ring-0 transition-transform data-[state=checked]:translate-x-5 data-[state=unchecked]:translate-x-0&quot;[39m
                            [33mdata-state[39m=[32m&quot;unchecked&quot;[39m
                          [36m/&gt;[39m
                        [36m&lt;/button&gt;[39m
                        [36m&lt;input[39m
                          [33maria-hidden[39m=[32m&quot;true&quot;[39m
                          [33mstyle[39m=[32m&quot;transform: translateX(-100%); width: 200px; height: 100px&quot;[39m
                          [33mtabindex[39m=[32m&quot;-1&quot;[39m
                          [33mtype[39m=[32m&quot;checkbox&quot;[39m
                          [33mvalue[39m=[32m&quot;on&quot;[39m
                        [36m/&gt;[39m
                        [36m&lt;span[39m
                          [33mclass[39m=[32m&quot;text-sm&quot;[39m
                        [36m&gt;[39m
                          [0mOff[0m
                        [36m&lt;/span&gt;[39m
                      [36m&lt;/div&gt;[39m
                    [36m&lt;/div&gt;[39m
                  [36m&lt;/div&gt;[39m
                  [36m&lt;div[39m
                    [33mclass[39m=[32m&quot;w-full pt-2&quot;[39m
                  [36m&gt;[39m
                    [36m&lt;button[39m
                      [33mclass[39m=[32m&quot;inline-flex items-center justify-center gap-2 whitespace-nowrap rounded-md text-sm font-medium ring-offset-background transition-colors focus-visible:outline-none focus-visible:ring-2 focus-visible:ring-ring focus-visible:ring-offset-2 disabled:pointer-events-none disabled:opacity-50 [&amp;_svg]:pointer-events-none [&amp;_svg]:size-4 [&amp;_svg]:..." type="TestingLibraryElementError">
TestingLibraryElementError: Unable to find an element with the text: /Meta SEO/i. This could be because the text is broken up by multiple elements. In this case, you can provide a function for your text matcher to make your matcher more flexible.

Ignored nodes: comments, script, style
&lt;body&gt;
  &lt;div&gt;
    &lt;div
      class=&quot;min-h-screen bg-background p-4 md:p-6 flex flex-col&quot;
      style=&quot;color: #FFFFFF&quot;
    &gt;
      &lt;div
        class=&quot;mx-auto w-full max-w-3xl space-y-6 flex-grow&quot;
      &gt;
        &lt;div
          class=&quot;w-full&quot;
        &gt;
          &lt;div
            class=&quot;rounded-lg border bg-background2 text-card-foreground shadow-sm w-full&quot;
          &gt;
            &lt;div
              class=&quot;flex flex-col space-y-1.5 p-6&quot;
            &gt;
              &lt;h3
                class=&quot;text-2xl font-semibold leading-none tracking-tight text-center&quot;
              &gt;
                SEO Analysis Tool
              &lt;/h3&gt;
            &lt;/div&gt;
            &lt;div
              class=&quot;p-6 pt-0&quot;
            &gt;
              &lt;form
                class=&quot;space-y-5 w-full&quot;
              &gt;
                &lt;div
                  class=&quot;space-y-2 w-full&quot;
                &gt;
                  &lt;div
                    class=&quot;flex justify-between items-center mb-1&quot;
                  &gt;
                    &lt;label
                      class=&quot;text-sm font-medium leading-none peer-disabled:cursor-not-allowed peer-disabled:opacity-70 mb-0&quot;
                      for=&quot;«r13»-form-item&quot;
                    &gt;
                      Target keyphrase
                    &lt;/label&gt;
                    &lt;span
                      class=&quot;text-xs font-medium&quot;
                      style=&quot;color: var(--redText)&quot;
                    &gt;
                      No keyword saved
                    &lt;/span&gt;
                  &lt;/div&gt;
                  &lt;div
                    aria-describedby=&quot;«r13»-form-item-description&quot;
                    aria-invalid=&quot;false&quot;
                    class=&quot;mt-2 w-full mt-2&quot;
                    id=&quot;«r13»-form-item&quot;
                  &gt;
                    &lt;input
                      class=&quot;flex h-10 rounded-md border border-input bg-background px-3 py-2 text-sm ring-offset-background file:border-0 file:bg-transparent file:text-sm file:font-medium file:text-foreground placeholder:text-muted-foreground focus-visible:outline-none focus-visible:ring-2 focus-visible:ring-ring focus-visible:ring-offset-2 disabled:cursor-not-allowed disabled:opacity-50 w-full&quot;
                      name=&quot;keyphrase&quot;
                      placeholder=&quot;Enter your target keyphrase&quot;
                      value=&quot;&quot;
                    /&gt;
                  &lt;/div&gt;
                &lt;/div&gt;
                &lt;div
                  class=&quot;border-t pt-4 mt-4&quot;
                &gt;
                  &lt;div
                    class=&quot;flex items-center justify-between mb-4&quot;
                  &gt;
                    &lt;div&gt;
                      &lt;h3
                        class=&quot;text-lg font-semibold&quot;
                      &gt;
                        Advanced Analysis
                      &lt;/h3&gt;
                      &lt;p
                        class=&quot;text-sm text-muted-foreground&quot;
                      &gt;
                        Add secondary keywords and specify page type for more targeted SEO analysis
                      &lt;/p&gt;
                    &lt;/div&gt;
                    &lt;div
                      class=&quot;flex items-center space-x-2&quot;
                    &gt;
                      &lt;button
                        aria-checked=&quot;false&quot;
                        class=&quot;peer inline-flex h-6 w-11 shrink-0 cursor-pointer items-center rounded-full border-2 border-transparent transition-colors focus-visible:outline-none focus-visible:ring-2 focus-visible:ring-ring focus-visible:ring-offset-2 focus-visible:ring-offset-background disabled:cursor-not-allowed disabled:opacity-50 data-[state=checked]:bg-primary data-[state=unchecked]:bg-input&quot;
                        data-state=&quot;unchecked&quot;
                        role=&quot;switch&quot;
                        type=&quot;button&quot;
                        value=&quot;on&quot;
                      &gt;
                        &lt;span
                          class=&quot;pointer-events-none block h-5 w-5 rounded-full bg-background shadow-lg ring-0 transition-transform data-[state=checked]:translate-x-5 data-[state=unchecked]:translate-x-0&quot;
                          data-state=&quot;unchecked&quot;
                        /&gt;
                      &lt;/button&gt;
                      &lt;input
                        aria-hidden=&quot;true&quot;
                        style=&quot;transform: translateX(-100%); width: 200px; height: 100px&quot;
                        tabindex=&quot;-1&quot;
                        type=&quot;checkbox&quot;
                        value=&quot;on&quot;
                      /&gt;
                      &lt;span
                        class=&quot;text-sm&quot;
                      &gt;
                        Off
                      &lt;/span&gt;
                    &lt;/div&gt;
                  &lt;/div&gt;
                &lt;/div&gt;
                &lt;div
                  class=&quot;w-full pt-2&quot;
                &gt;
                  &lt;button
                    class=&quot;inline-flex items-center justify-center gap-2 whitespace-nowrap rounded-md text-sm font-medium ring-offset-background transition-colors focus-visible:outline-none focus-visible:ring-2 focus-visible:ring-ring focus-visible:ring-offset-2 disabled:pointer-events-none disabled:opacity-50 [&amp;_svg]:pointer-events-none [&amp;_svg]:size-4 [&amp;_svg]:shrink-0 [&amp;_svg]:text-current bg-primary text-primary-foreground hover:bg-primary/90 px-4 py-2 w-full h-11 cursor-pointer&quot;
                    type=&quot;submit&quot;
                  &gt;
                    Start optimizing your SEO
      ...

Ignored nodes: comments, script, style
&lt;html&gt;
  &lt;head /&gt;
  &lt;body&gt;
    &lt;div&gt;
      &lt;div
        class=&quot;min-h-screen bg-background p-4 md:p-6 flex flex-col&quot;
        style=&quot;color: #FFFFFF&quot;
      &gt;
        &lt;div
          class=&quot;mx-auto w-full max-w-3xl space-y-6 flex-grow&quot;
        &gt;
          &lt;div
            class=&quot;w-full&quot;
          &gt;
            &lt;div
              class=&quot;rounded-lg border bg-background2 text-card-foreground shadow-sm w-full&quot;
            &gt;
              &lt;div
                class=&quot;flex flex-col space-y-1.5 p-6&quot;
              &gt;
                &lt;h3
                  class=&quot;text-2xl font-semibold leading-none tracking-tight text-center&quot;
                &gt;
                  SEO Analysis Tool
                &lt;/h3&gt;
              &lt;/div&gt;
              &lt;div
                class=&quot;p-6 pt-0&quot;
              &gt;
                &lt;form
                  class=&quot;space-y-5 w-full&quot;
                &gt;
                  &lt;div
                    class=&quot;space-y-2 w-full&quot;
                  &gt;
                    &lt;div
                      class=&quot;flex justify-between items-center mb-1&quot;
                    &gt;
                      &lt;label
                        class=&quot;text-sm font-medium leading-none peer-disabled:cursor-not-allowed peer-disabled:opacity-70 mb-0&quot;
                        for=&quot;«r13»-form-item&quot;
                      &gt;
                        Target keyphrase
                      &lt;/label&gt;
                      &lt;span
                        class=&quot;text-xs font-medium&quot;
                        style=&quot;color: var(--redText)&quot;
                      &gt;
                        No keyword saved
                      &lt;/span&gt;
                    &lt;/div&gt;
                    &lt;div
                      aria-describedby=&quot;«r13»-form-item-description&quot;
                      aria-invalid=&quot;false&quot;
                      class=&quot;mt-2 w-full mt-2&quot;
                      id=&quot;«r13»-form-item&quot;
                    &gt;
                      &lt;input
                        class=&quot;flex h-10 rounded-md border border-input bg-background px-3 py-2 text-sm ring-offset-background file:border-0 file:bg-transparent file:text-sm file:font-medium file:text-foreground placeholder:text-muted-foreground focus-visible:outline-none focus-visible:ring-2 focus-visible:ring-ring focus-visible:ring-offset-2 disabled:cursor-not-allowed disabled:opacity-50 w-full&quot;
                        name=&quot;keyphrase&quot;
                        placeholder=&quot;Enter your target keyphrase&quot;
                        value=&quot;&quot;
                      /&gt;
                    &lt;/div&gt;
                  &lt;/div&gt;
                  &lt;div
                    class=&quot;border-t pt-4 mt-4&quot;
                  &gt;
                    &lt;div
                      class=&quot;flex items-center justify-between mb-4&quot;
                    &gt;
                      &lt;div&gt;
                        &lt;h3
                          class=&quot;text-lg font-semibold&quot;
                        &gt;
                          Advanced Analysis
                        &lt;/h3&gt;
                        &lt;p
                          class=&quot;text-sm text-muted-foreground&quot;
                        &gt;
                          Add secondary keywords and specify page type for more targeted SEO analysis
                        &lt;/p&gt;
                      &lt;/div&gt;
                      &lt;div
                        class=&quot;flex items-center space-x-2&quot;
                      &gt;
                        &lt;button
                          aria-checked=&quot;false&quot;
                          class=&quot;peer inline-flex h-6 w-11 shrink-0 cursor-pointer items-center rounded-full border-2 border-transparent transition-colors focus-visible:outline-none focus-visible:ring-2 focus-visible:ring-ring focus-visible:ring-offset-2 focus-visible:ring-offset-background disabled:cursor-not-allowed disabled:opacity-50 data-[state=checked]:bg-primary data-[state=unchecked]:bg-input&quot;
                          data-state=&quot;unchecked&quot;
                          role=&quot;switch&quot;
                          type=&quot;button&quot;
                          value=&quot;on&quot;
                        &gt;
                          &lt;span
                            class=&quot;pointer-events-none block h-5 w-5 rounded-full bg-background shadow-lg ring-0 transition-transform data-[state=checked]:translate-x-5 data-[state=unchecked]:translate-x-0&quot;
                            data-state=&quot;unchecked&quot;
                          /&gt;
                        &lt;/button&gt;
                        &lt;input
                          aria-hidden=&quot;true&quot;
                          style=&quot;transform: translateX(-100%); width: 200px; height: 100px&quot;
                          tabindex=&quot;-1&quot;
                          type=&quot;checkbox&quot;
                          value=&quot;on&quot;
                        /&gt;
                        &lt;span
                          class=&quot;text-sm&quot;
                        &gt;
                          Off
                        &lt;/span&gt;
                      &lt;/div&gt;
                    &lt;/div&gt;
                  &lt;/div&gt;
                  &lt;div
                    class=&quot;w-full pt-2&quot;
                  &gt;
                    &lt;button
                      class=&quot;inline-flex items-center justify-center gap-2 whitespace-nowrap rounded-md text-sm font-medium ring-offset-background transition-colors focus-visible:outline-none focus-visible:ring-2 focus-visible:ring-ring focus-visible:ring-offset-2 disabled:pointer-events-none disabled:opacity-50 [&amp;_svg]:pointer-events-none [&amp;_svg]:size-4 [&amp;_svg]:...
 ❯ Proxy.waitFor node_modules/.pnpm/@testing-library+dom@10.4.1/node_modules/@testing-library/dom/dist/wait-for.js:163:27
 ❯ client/src/pages/Home.test.tsx:492:11
            </failure>
        </testcase>
        <testcase classname="client/src/pages/Home.test.tsx" name="Home Component &gt; shows perfect score celebration for 100 score" time="10.3176558">
            <system-out>
[InsertionContext] No OAuth token available - will use Designer Extension APIs directly
[WebflowInsertion] Webflow Designer context detected
[WebflowDesignerDetection] === WEBFLOW API INSPECTION ===
[WebflowDesignerDetection] typeof window.webflow: object
[WebflowDesignerDetection] window.webflow: {
  getCurrentPage: [Function: spy] {
    getMockName: [36m[Function (anonymous)][39m,
    mockName: [36m[Function (anonymous)][39m,
    mockClear: [36m[Function (anonymous)][39m,
    mockReset: [36m[Function (anonymous)][39m,
    mockRestore: [36m[Function (anonymous)][39m,
    getMockImplementation: [36m[Function (anonymous)][39m,
    mockImplementation: [36m[Function (anonymous)][39m,
    mockImplementationOnce: [36m[Function (anonymous)][39m,
    withImplementation: [36m[Function: withImplementation][39m,
    mockReturnThis: [36m[Function (anonymous)][39m,
    mockReturnValue: [36m[Function (anonymous)][39m,
    mockReturnValueOnce: [36m[Function (anonymous)][39m,
    mockResolvedValue: [36m[Function (anonymous)][39m,
    mockResolvedValueOnce: [36m[Function (anonymous)][39m,
    mockRejectedValue: [36m[Function (anonymous)][39m,
    mockRejectedValueOnce: [36m[Function (anonymous)][39m,
    [[32mSymbol(nodejs.dispose)[39m]: [36m[Function (anonymous)][39m
  },
  getSiteInfo: [Function: spy] {
    getMockName: [36m[Function (anonymous)][39m,
    mockName: [36m[Function (anonymous)][39m,
    mockClear: [36m[Function (anonymous)][39m,
    mockReset: [36m[Function (anonymous)][39m,
    mockRestore: [36m[Function (anonymous)][39m,
    getMockImplementation: [36m[Function (anonymous)][39m,
    mockImplementation: [36m[Function (anonymous)][39m,
    mockImplementationOnce: [36m[Function (anonymous)][39m,
    withImplementation: [36m[Function: withImplementation][39m,
    mockReturnThis: [36m[Function (anonymous)][39m,
    mockReturnValue: [36m[Function (anonymous)][39m,
    mockReturnValueOnce: [36m[Function (anonymous)][39m,
    mockResolvedValue: [36m[Function (anonymous)][39m,
    mockResolvedValueOnce: [36m[Function (anonymous)][39m,
    mockRejectedValue: [36m[Function (anonymous)][39m,
    mockRejectedValueOnce: [36m[Function (anonymous)][39m,
    [[32mSymbol(nodejs.dispose)[39m]: [36m[Function (anonymous)][39m
  },
  subscribe: [Function: spy] {
    getMockName: [36m[Function (anonymous)][39m,
    mockName: [36m[Function (anonymous)][39m,
    mockClear: [36m[Function (anonymous)][39m,
    mockReset: [36m[Function (anonymous)][39m,
    mockRestore: [36m[Function (anonymous)][39m,
    getMockImplementation: [36m[Function (anonymous)][39m,
    mockImplementation: [36m[Function (anonymous)][39m,
    mockImplementationOnce: [36m[Function (anonymous)][39m,
    withImplementation: [36m[Function: withImplementation][39m,
    mockReturnThis: [36m[Function (anonymous)][39m,
    mockReturnValue: [36m[Function (anonymous)][39m,
    mockReturnValueOnce: [36m[Function (anonymous)][39m,
    mockResolvedValue: [36m[Function (anonymous)][39m,
    mockResolvedValueOnce: [36m[Function (anonymous)][39m,
    mockRejectedValue: [36m[Function (anonymous)][39m,
    mockRejectedValueOnce: [36m[Function (anonymous)][39m,
    [[32mSymbol(nodejs.dispose)[39m]: [36m[Function (anonymous)][39m
  }
}
[WebflowDesignerDetection] Available webflow properties: [ [32m&apos;getCurrentPage&apos;[39m, [32m&apos;getSiteInfo&apos;[39m, [32m&apos;subscribe&apos;[39m ]
[WebflowDesignerDetection] Available webflow methods: [ [32m&apos;getCurrentPage&apos;[39m, [32m&apos;getSiteInfo&apos;[39m, [32m&apos;subscribe&apos;[39m ]
[WebflowDesignerDetection] Method &apos;getCurrentPage&apos;: {
  type: [32m&apos;function&apos;[39m,
  length: [33m0[39m,
  name: [32m&apos;spy&apos;[39m,
  toString: [32m&apos;function(...args) {\n&apos;[39m +
    [32m&apos;    let state2 = getInternalState(fn);\n&apos;[39m +
    [32m&apos;    state2.called = !0, state2.callCount++, state2.calls.push(args);\n&apos;[39m +
    [32m&apos;    let next = state2.next.shift();\n&apos;[39m +
    [32m&apos;    if (next) {\n&apos;[39m +
    [32m&apos;      state2.results...&apos;[39m
}
[WebflowDesignerDetection] Method &apos;getSiteInfo&apos;: {
  type: [32m&apos;function&apos;[39m,
  length: [33m0[39m,
  name: [32m&apos;spy&apos;[39m,
  toString: [32m&apos;function(...args) {\n&apos;[39m +
    [32m&apos;    let state2 = getInternalState(fn);\n&apos;[39m +
    [32m&apos;    state2.called = !0, state2.callCount++, state2.calls.push(args);\n&apos;[39m +
    [32m&apos;    let next = state2.next.shift();\n&apos;[39m +
    [32m&apos;    if (next) {\n&apos;[39m +
    [32m&apos;      state2.results...&apos;[39m
}
[WebflowDesignerDetection] Method &apos;subscribe&apos;: {
  type: [32m&apos;function&apos;[39m,
  length: [33m0[39m,
  name: [32m&apos;spy&apos;[39m,
  toString: [32m&apos;function(...args) {\n&apos;[39m +
    [32m&apos;    let state2 = getInternalState(fn);\n&apos;[39m +
    [32m&apos;    state2.called = !0, state2.callCount++, state2.calls.push(args);\n&apos;[39m +
    [32m&apos;    let next = state2.next.shift();\n&apos;[39m +
    [32m&apos;    if (next) {\n&apos;[39m +
    [32m&apos;      state2.results...&apos;[39m
}
[WebflowDesignerDetection] Prototype methods: [
  [32m&apos;constructor&apos;[39m,
  [32m&apos;__defineGetter__&apos;[39m,
  [32m&apos;__defineSetter__&apos;[39m,
  [32m&apos;hasOwnProperty&apos;[39m,
  [32m&apos;__lookupGetter__&apos;[39m,
  [32m&apos;__lookupSetter__&apos;[39m,
  [32m&apos;isPrototypeOf&apos;[39m,
  [32m&apos;propertyIsEnumerable&apos;[39m,
  [32m&apos;toString&apos;[39m,
  [32m&apos;valueOf&apos;[39m,
  [32m&apos;__proto__&apos;[39m,
  [32m&apos;toLocaleString&apos;[39m
]
[WebflowDesignerAPI] Detected capabilities: {
  canReadPageInfo: [33mtrue[39m,
  canUpdatePageTitle: [33mfalse[39m,
  canUpdatePageMeta: [33mfalse[39m,
  canUpdatePageSlug: [33mfalse[39m,
  canAddCustomCode: [33mfalse[39m,
  canUpdateCMS: [33mfalse[39m,
  canManipulateElements: [33mfalse[39m,
  canSelectElements: [33mfalse[39m,
  hasElementBuilder: [33mfalse[39m,
  availableMethods: [ [32m&apos;getCurrentPage&apos;[39m, [32m&apos;getSiteInfo&apos;[39m, [32m&apos;subscribe&apos;[39m ]
}
[WebflowInsertion] Using Webflow Designer Extension APIs for modifications

[AuthContext] No OAuth token found - Designer Extension will use Designer APIs directly

            </system-out>
            <system-err>
Failed to initialize page keywords: TypeError: Cannot read properties of undefined (reading &apos;pageType&apos;)
    at initializePageKeywords [90m(C:\Users\Paul Mulligan\PMDS\Projects\AI-SEO-Copilot-for-Webflow\[39mclient\src\pages\Home.tsx:542:34[90m)[39m

            </system-err>
            <failure message="Unable to find an element with the text: /You are an absolute SEO legend/i. This could be because the text is broken up by multiple elements. In this case, you can provide a function for your text matcher to make your matcher more flexible.

Ignored nodes: comments, script, style
[36m&lt;body&gt;[39m
  [36m&lt;div&gt;[39m
    [36m&lt;div[39m
      [33mclass[39m=[32m&quot;min-h-screen bg-background p-4 md:p-6 flex flex-col&quot;[39m
      [33mstyle[39m=[32m&quot;color: #FFFFFF&quot;[39m
    [36m&gt;[39m
      [36m&lt;div[39m
        [33mclass[39m=[32m&quot;mx-auto w-full max-w-3xl space-y-6 flex-grow&quot;[39m
      [36m&gt;[39m
        [36m&lt;div[39m
          [33mclass[39m=[32m&quot;w-full&quot;[39m
        [36m&gt;[39m
          [36m&lt;div[39m
            [33mclass[39m=[32m&quot;rounded-lg border bg-background2 text-card-foreground shadow-sm w-full&quot;[39m
          [36m&gt;[39m
            [36m&lt;div[39m
              [33mclass[39m=[32m&quot;flex flex-col space-y-1.5 p-6&quot;[39m
            [36m&gt;[39m
              [36m&lt;h3[39m
                [33mclass[39m=[32m&quot;text-2xl font-semibold leading-none tracking-tight text-center&quot;[39m
              [36m&gt;[39m
                [0mSEO Analysis Tool[0m
              [36m&lt;/h3&gt;[39m
            [36m&lt;/div&gt;[39m
            [36m&lt;div[39m
              [33mclass[39m=[32m&quot;p-6 pt-0&quot;[39m
            [36m&gt;[39m
              [36m&lt;form[39m
                [33mclass[39m=[32m&quot;space-y-5 w-full&quot;[39m
              [36m&gt;[39m
                [36m&lt;div[39m
                  [33mclass[39m=[32m&quot;space-y-2 w-full&quot;[39m
                [36m&gt;[39m
                  [36m&lt;div[39m
                    [33mclass[39m=[32m&quot;flex justify-between items-center mb-1&quot;[39m
                  [36m&gt;[39m
                    [36m&lt;label[39m
                      [33mclass[39m=[32m&quot;text-sm font-medium leading-none peer-disabled:cursor-not-allowed peer-disabled:opacity-70 mb-0&quot;[39m
                      [33mfor[39m=[32m&quot;«r16»-form-item&quot;[39m
                    [36m&gt;[39m
                      [0mTarget keyphrase[0m
                    [36m&lt;/label&gt;[39m
                    [36m&lt;span[39m
                      [33mclass[39m=[32m&quot;text-xs font-medium&quot;[39m
                      [33mstyle[39m=[32m&quot;color: var(--redText)&quot;[39m
                    [36m&gt;[39m
                      [0mNo keyword saved[0m
                    [36m&lt;/span&gt;[39m
                  [36m&lt;/div&gt;[39m
                  [36m&lt;div[39m
                    [33maria-describedby[39m=[32m&quot;«r16»-form-item-description&quot;[39m
                    [33maria-invalid[39m=[32m&quot;false&quot;[39m
                    [33mclass[39m=[32m&quot;mt-2 w-full mt-2&quot;[39m
                    [33mid[39m=[32m&quot;«r16»-form-item&quot;[39m
                  [36m&gt;[39m
                    [36m&lt;input[39m
                      [33mclass[39m=[32m&quot;flex h-10 rounded-md border border-input bg-background px-3 py-2 text-sm ring-offset-background file:border-0 file:bg-transparent file:text-sm file:font-medium file:text-foreground placeholder:text-muted-foreground focus-visible:outline-none focus-visible:ring-2 focus-visible:ring-ring focus-visible:ring-offset-2 disabled:cursor-not-allowed disabled:opacity-50 w-full&quot;[39m
                      [33mname[39m=[32m&quot;keyphrase&quot;[39m
                      [33mplaceholder[39m=[32m&quot;Enter your target keyphrase&quot;[39m
                      [33mvalue[39m=[32m&quot;&quot;[39m
                    [36m/&gt;[39m
                  [36m&lt;/div&gt;[39m
                [36m&lt;/div&gt;[39m
                [36m&lt;div[39m
                  [33mclass[39m=[32m&quot;border-t pt-4 mt-4&quot;[39m
                [36m&gt;[39m
                  [36m&lt;div[39m
                    [33mclass[39m=[32m&quot;flex items-center justify-between mb-4&quot;[39m
                  [36m&gt;[39m
                    [36m&lt;div&gt;[39m
                      [36m&lt;h3[39m
                        [33mclass[39m=[32m&quot;text-lg font-semibold&quot;[39m
                      [36m&gt;[39m
                        [0mAdvanced Analysis[0m
                      [36m&lt;/h3&gt;[39m
                      [36m&lt;p[39m
                        [33mclass[39m=[32m&quot;text-sm text-muted-foreground&quot;[39m
                      [36m&gt;[39m
                        [0mAdd secondary keywords and specify page type for more targeted SEO analysis[0m
                      [36m&lt;/p&gt;[39m
                    [36m&lt;/div&gt;[39m
                    [36m&lt;div[39m
                      [33mclass[39m=[32m&quot;flex items-center space-x-2&quot;[39m
                    [36m&gt;[39m
                      [36m&lt;button[39m
                        [33maria-checked[39m=[32m&quot;false&quot;[39m
                        [33mclass[39m=[32m&quot;peer inline-flex h-6 w-11 shrink-0 cursor-pointer items-center rounded-full border-2 border-transparent transition-colors focus-visible:outline-none focus-visible:ring-2 focus-visible:ring-ring focus-visible:ring-offset-2 focus-visible:ring-offset-background disabled:cursor-not-allowed disabled:opacity-50 data-[state=checked]:bg-primary data-[state=unchecked]:bg-input&quot;[39m
                        [33mdata-state[39m=[32m&quot;unchecked&quot;[39m
                        [33mrole[39m=[32m&quot;switch&quot;[39m
                        [33mtype[39m=[32m&quot;button&quot;[39m
                        [33mvalue[39m=[32m&quot;on&quot;[39m
                      [36m&gt;[39m
                        [36m&lt;span[39m
                          [33mclass[39m=[32m&quot;pointer-events-none block h-5 w-5 rounded-full bg-background shadow-lg ring-0 transition-transform data-[state=checked]:translate-x-5 data-[state=unchecked]:translate-x-0&quot;[39m
                          [33mdata-state[39m=[32m&quot;unchecked&quot;[39m
                        [36m/&gt;[39m
                      [36m&lt;/button&gt;[39m
                      [36m&lt;input[39m
                        [33maria-hidden[39m=[32m&quot;true&quot;[39m
                        [33mstyle[39m=[32m&quot;transform: translateX(-100%); width: 200px; height: 100px&quot;[39m
                        [33mtabindex[39m=[32m&quot;-1&quot;[39m
                        [33mtype[39m=[32m&quot;checkbox&quot;[39m
                        [33mvalue[39m=[32m&quot;on&quot;[39m
                      [36m/&gt;[39m
                      [36m&lt;span[39m
                        [33mclass[39m=[32m&quot;text-sm&quot;[39m
                      [36m&gt;[39m
                        [0mOff[0m
                      [36m&lt;/span&gt;[39m
                    [36m&lt;/div&gt;[39m
                  [36m&lt;/div&gt;[39m
                [36m&lt;/div&gt;[39m
                [36m&lt;div[39m
                  [33mclass[39m=[32m&quot;w-full pt-2&quot;[39m
                [36m&gt;[39m
                  [36m&lt;button[39m
                    [33mclass[39m=[32m&quot;inline-flex items-center justify-center gap-2 whitespace-nowrap rounded-md text-sm font-medium ring-offset-background transition-colors focus-visible:outline-none focus-visible:ring-2 focus-visible:ring-ring focus-visible:ring-offset-2 disabled:pointer-events-none disabled:opacity-50 [&amp;_svg]:pointer-events-none [&amp;_svg]:size-4 [&amp;_svg]:shrink-0 [&amp;_svg]:text-current bg-primary text-primary-foreground hover:bg-primary/90 px-4 py-2 w-full h-11 cursor-pointer&quot;[39m
                    [33mtype[39m=[32m&quot;submit&quot;[39m
                  [36m&gt;[39m
                    [0mStart optimizing your SEO[0m
      ...

Ignored nodes: comments, script, style
[36m&lt;html&gt;[39m
  [36m&lt;head /&gt;[39m
  [36m&lt;body&gt;[39m
    [36m&lt;div&gt;[39m
      [36m&lt;div[39m
        [33mclass[39m=[32m&quot;min-h-screen bg-background p-4 md:p-6 flex flex-col&quot;[39m
        [33mstyle[39m=[32m&quot;color: #FFFFFF&quot;[39m
      [36m&gt;[39m
        [36m&lt;div[39m
          [33mclass[39m=[32m&quot;mx-auto w-full max-w-3xl space-y-6 flex-grow&quot;[39m
        [36m&gt;[39m
          [36m&lt;div[39m
            [33mclass[39m=[32m&quot;w-full&quot;[39m
          [36m&gt;[39m
            [36m&lt;div[39m
              [33mclass[39m=[32m&quot;rounded-lg border bg-background2 text-card-foreground shadow-sm w-full&quot;[39m
            [36m&gt;[39m
              [36m&lt;div[39m
                [33mclass[39m=[32m&quot;flex flex-col space-y-1.5 p-6&quot;[39m
              [36m&gt;[39m
                [36m&lt;h3[39m
                  [33mclass[39m=[32m&quot;text-2xl font-semibold leading-none tracking-tight text-center&quot;[39m
                [36m&gt;[39m
                  [0mSEO Analysis Tool[0m
                [36m&lt;/h3&gt;[39m
              [36m&lt;/div&gt;[39m
              [36m&lt;div[39m
                [33mclass[39m=[32m&quot;p-6 pt-0&quot;[39m
              [36m&gt;[39m
                [36m&lt;form[39m
                  [33mclass[39m=[32m&quot;space-y-5 w-full&quot;[39m
                [36m&gt;[39m
                  [36m&lt;div[39m
                    [33mclass[39m=[32m&quot;space-y-2 w-full&quot;[39m
                  [36m&gt;[39m
                    [36m&lt;div[39m
                      [33mclass[39m=[32m&quot;flex justify-between items-center mb-1&quot;[39m
                    [36m&gt;[39m
                      [36m&lt;label[39m
                        [33mclass[39m=[32m&quot;text-sm font-medium leading-none peer-disabled:cursor-not-allowed peer-disabled:opacity-70 mb-0&quot;[39m
                        [33mfor[39m=[32m&quot;«r16»-form-item&quot;[39m
                      [36m&gt;[39m
                        [0mTarget keyphrase[0m
                      [36m&lt;/label&gt;[39m
                      [36m&lt;span[39m
                        [33mclass[39m=[32m&quot;text-xs font-medium&quot;[39m
                        [33mstyle[39m=[32m&quot;color: var(--redText)&quot;[39m
                      [36m&gt;[39m
                        [0mNo keyword saved[0m
                      [36m&lt;/span&gt;[39m
                    [36m&lt;/div&gt;[39m
                    [36m&lt;div[39m
                      [33maria-describedby[39m=[32m&quot;«r16»-form-item-description&quot;[39m
                      [33maria-invalid[39m=[32m&quot;false&quot;[39m
                      [33mclass[39m=[32m&quot;mt-2 w-full mt-2&quot;[39m
                      [33mid[39m=[32m&quot;«r16»-form-item&quot;[39m
                    [36m&gt;[39m
                      [36m&lt;input[39m
                        [33mclass[39m=[32m&quot;flex h-10 rounded-md border border-input bg-background px-3 py-2 text-sm ring-offset-background file:border-0 file:bg-transparent file:text-sm file:font-medium file:text-foreground placeholder:text-muted-foreground focus-visible:outline-none focus-visible:ring-2 focus-visible:ring-ring focus-visible:ring-offset-2 disabled:cursor-not-allowed disabled:opacity-50 w-full&quot;[39m
                        [33mname[39m=[32m&quot;keyphrase&quot;[39m
                        [33mplaceholder[39m=[32m&quot;Enter your target keyphrase&quot;[39m
                        [33mvalue[39m=[32m&quot;&quot;[39m
                      [36m/&gt;[39m
                    [36m&lt;/div&gt;[39m
                  [36m&lt;/div&gt;[39m
                  [36m&lt;div[39m
                    [33mclass[39m=[32m&quot;border-t pt-4 mt-4&quot;[39m
                  [36m&gt;[39m
                    [36m&lt;div[39m
                      [33mclass[39m=[32m&quot;flex items-center justify-between mb-4&quot;[39m
                    [36m&gt;[39m
                      [36m&lt;div&gt;[39m
                        [36m&lt;h3[39m
                          [33mclass[39m=[32m&quot;text-lg font-semibold&quot;[39m
                        [36m&gt;[39m
                          [0mAdvanced Analysis[0m
                        [36m&lt;/h3&gt;[39m
                        [36m&lt;p[39m
                          [33mclass[39m=[32m&quot;text-sm text-muted-foreground&quot;[39m
                        [36m&gt;[39m
                          [0mAdd secondary keywords and specify page type for more targeted SEO analysis[0m
                        [36m&lt;/p&gt;[39m
                      [36m&lt;/div&gt;[39m
                      [36m&lt;div[39m
                        [33mclass[39m=[32m&quot;flex items-center space-x-2&quot;[39m
                      [36m&gt;[39m
                        [36m&lt;button[39m
                          [33maria-checked[39m=[32m&quot;false&quot;[39m
                          [33mclass[39m=[32m&quot;peer inline-flex h-6 w-11 shrink-0 cursor-pointer items-center rounded-full border-2 border-transparent transition-colors focus-visible:outline-none focus-visible:ring-2 focus-visible:ring-ring focus-visible:ring-offset-2 focus-visible:ring-offset-background disabled:cursor-not-allowed disabled:opacity-50 data-[state=checked]:bg-primary data-[state=unchecked]:bg-input&quot;[39m
                          [33mdata-state[39m=[32m&quot;unchecked&quot;[39m
                          [33mrole[39m=[32m&quot;switch&quot;[39m
                          [33mtype[39m=[32m&quot;button&quot;[39m
                          [33mvalue[39m=[32m&quot;on&quot;[39m
                        [36m&gt;[39m
                          [36m&lt;span[39m
                            [33mclass[39m=[32m&quot;pointer-events-none block h-5 w-5 rounded-full bg-background shadow-lg ring-0 transition-transform data-[state=checked]:translate-x-5 data-[state=unchecked]:translate-x-0&quot;[39m
                            [33mdata-state[39m=[32m&quot;unchecked&quot;[39m
                          [36m/&gt;[39m
                        [36m&lt;/button&gt;[39m
                        [36m&lt;input[39m
                          [33maria-hidden[39m=[32m&quot;true&quot;[39m
                          [33mstyle[39m=[32m&quot;transform: translateX(-100%); width: 200px; height: 100px&quot;[39m
                          [33mtabindex[39m=[32m&quot;-1&quot;[39m
                          [33mtype[39m=[32m&quot;checkbox&quot;[39m
                          [33mvalue[39m=[32m&quot;on&quot;[39m
                        [36m/&gt;[39m
                        [36m&lt;span[39m
                          [33mclass[39m=[32m&quot;text-sm&quot;[39m
                        [36m&gt;[39m
                          [0mOff[0m
                        [36m&lt;/span&gt;[39m
                      [36m&lt;/div&gt;[39m
                    [36m&lt;/div&gt;[39m
                  [36m&lt;/div&gt;[39m
                  [36m&lt;div[39m
                    [33mclass[39m=[32m&quot;w-full pt-2&quot;[39m
                  [36m&gt;[39m
                    [36m&lt;button[39m
                      [33mclass[39m=[32m&quot;inline-flex items-center justify-center gap-2 whitespace-nowrap rounded-md text-sm font-medium ring-offset-background transition-colors focus-visible:outline-none focus-visible:ring-2 focus-visible:ring-ring focus-visible:ring-offset-2 disabled:pointer-events-none disabled:opacity-50 [&amp;_svg]:pointer-events-none [&amp;_svg]:size-4 [&amp;_svg]:..." type="TestingLibraryElementError">
TestingLibraryElementError: Unable to find an element with the text: /You are an absolute SEO legend/i. This could be because the text is broken up by multiple elements. In this case, you can provide a function for your text matcher to make your matcher more flexible.

Ignored nodes: comments, script, style
&lt;body&gt;
  &lt;div&gt;
    &lt;div
      class=&quot;min-h-screen bg-background p-4 md:p-6 flex flex-col&quot;
      style=&quot;color: #FFFFFF&quot;
    &gt;
      &lt;div
        class=&quot;mx-auto w-full max-w-3xl space-y-6 flex-grow&quot;
      &gt;
        &lt;div
          class=&quot;w-full&quot;
        &gt;
          &lt;div
            class=&quot;rounded-lg border bg-background2 text-card-foreground shadow-sm w-full&quot;
          &gt;
            &lt;div
              class=&quot;flex flex-col space-y-1.5 p-6&quot;
            &gt;
              &lt;h3
                class=&quot;text-2xl font-semibold leading-none tracking-tight text-center&quot;
              &gt;
                SEO Analysis Tool
              &lt;/h3&gt;
            &lt;/div&gt;
            &lt;div
              class=&quot;p-6 pt-0&quot;
            &gt;
              &lt;form
                class=&quot;space-y-5 w-full&quot;
              &gt;
                &lt;div
                  class=&quot;space-y-2 w-full&quot;
                &gt;
                  &lt;div
                    class=&quot;flex justify-between items-center mb-1&quot;
                  &gt;
                    &lt;label
                      class=&quot;text-sm font-medium leading-none peer-disabled:cursor-not-allowed peer-disabled:opacity-70 mb-0&quot;
                      for=&quot;«r16»-form-item&quot;
                    &gt;
                      Target keyphrase
                    &lt;/label&gt;
                    &lt;span
                      class=&quot;text-xs font-medium&quot;
                      style=&quot;color: var(--redText)&quot;
                    &gt;
                      No keyword saved
                    &lt;/span&gt;
                  &lt;/div&gt;
                  &lt;div
                    aria-describedby=&quot;«r16»-form-item-description&quot;
                    aria-invalid=&quot;false&quot;
                    class=&quot;mt-2 w-full mt-2&quot;
                    id=&quot;«r16»-form-item&quot;
                  &gt;
                    &lt;input
                      class=&quot;flex h-10 rounded-md border border-input bg-background px-3 py-2 text-sm ring-offset-background file:border-0 file:bg-transparent file:text-sm file:font-medium file:text-foreground placeholder:text-muted-foreground focus-visible:outline-none focus-visible:ring-2 focus-visible:ring-ring focus-visible:ring-offset-2 disabled:cursor-not-allowed disabled:opacity-50 w-full&quot;
                      name=&quot;keyphrase&quot;
                      placeholder=&quot;Enter your target keyphrase&quot;
                      value=&quot;&quot;
                    /&gt;
                  &lt;/div&gt;
                &lt;/div&gt;
                &lt;div
                  class=&quot;border-t pt-4 mt-4&quot;
                &gt;
                  &lt;div
                    class=&quot;flex items-center justify-between mb-4&quot;
                  &gt;
                    &lt;div&gt;
                      &lt;h3
                        class=&quot;text-lg font-semibold&quot;
                      &gt;
                        Advanced Analysis
                      &lt;/h3&gt;
                      &lt;p
                        class=&quot;text-sm text-muted-foreground&quot;
                      &gt;
                        Add secondary keywords and specify page type for more targeted SEO analysis
                      &lt;/p&gt;
                    &lt;/div&gt;
                    &lt;div
                      class=&quot;flex items-center space-x-2&quot;
                    &gt;
                      &lt;button
                        aria-checked=&quot;false&quot;
                        class=&quot;peer inline-flex h-6 w-11 shrink-0 cursor-pointer items-center rounded-full border-2 border-transparent transition-colors focus-visible:outline-none focus-visible:ring-2 focus-visible:ring-ring focus-visible:ring-offset-2 focus-visible:ring-offset-background disabled:cursor-not-allowed disabled:opacity-50 data-[state=checked]:bg-primary data-[state=unchecked]:bg-input&quot;
                        data-state=&quot;unchecked&quot;
                        role=&quot;switch&quot;
                        type=&quot;button&quot;
                        value=&quot;on&quot;
                      &gt;
                        &lt;span
                          class=&quot;pointer-events-none block h-5 w-5 rounded-full bg-background shadow-lg ring-0 transition-transform data-[state=checked]:translate-x-5 data-[state=unchecked]:translate-x-0&quot;
                          data-state=&quot;unchecked&quot;
                        /&gt;
                      &lt;/button&gt;
                      &lt;input
                        aria-hidden=&quot;true&quot;
                        style=&quot;transform: translateX(-100%); width: 200px; height: 100px&quot;
                        tabindex=&quot;-1&quot;
                        type=&quot;checkbox&quot;
                        value=&quot;on&quot;
                      /&gt;
                      &lt;span
                        class=&quot;text-sm&quot;
                      &gt;
                        Off
                      &lt;/span&gt;
                    &lt;/div&gt;
                  &lt;/div&gt;
                &lt;/div&gt;
                &lt;div
                  class=&quot;w-full pt-2&quot;
                &gt;
                  &lt;button
                    class=&quot;inline-flex items-center justify-center gap-2 whitespace-nowrap rounded-md text-sm font-medium ring-offset-background transition-colors focus-visible:outline-none focus-visible:ring-2 focus-visible:ring-ring focus-visible:ring-offset-2 disabled:pointer-events-none disabled:opacity-50 [&amp;_svg]:pointer-events-none [&amp;_svg]:size-4 [&amp;_svg]:shrink-0 [&amp;_svg]:text-current bg-primary text-primary-foreground hover:bg-primary/90 px-4 py-2 w-full h-11 cursor-pointer&quot;
                    type=&quot;submit&quot;
                  &gt;
                    Start optimizing your SEO
      ...

Ignored nodes: comments, script, style
&lt;html&gt;
  &lt;head /&gt;
  &lt;body&gt;
    &lt;div&gt;
      &lt;div
        class=&quot;min-h-screen bg-background p-4 md:p-6 flex flex-col&quot;
        style=&quot;color: #FFFFFF&quot;
      &gt;
        &lt;div
          class=&quot;mx-auto w-full max-w-3xl space-y-6 flex-grow&quot;
        &gt;
          &lt;div
            class=&quot;w-full&quot;
          &gt;
            &lt;div
              class=&quot;rounded-lg border bg-background2 text-card-foreground shadow-sm w-full&quot;
            &gt;
              &lt;div
                class=&quot;flex flex-col space-y-1.5 p-6&quot;
              &gt;
                &lt;h3
                  class=&quot;text-2xl font-semibold leading-none tracking-tight text-center&quot;
                &gt;
                  SEO Analysis Tool
                &lt;/h3&gt;
              &lt;/div&gt;
              &lt;div
                class=&quot;p-6 pt-0&quot;
              &gt;
                &lt;form
                  class=&quot;space-y-5 w-full&quot;
                &gt;
                  &lt;div
                    class=&quot;space-y-2 w-full&quot;
                  &gt;
                    &lt;div
                      class=&quot;flex justify-between items-center mb-1&quot;
                    &gt;
                      &lt;label
                        class=&quot;text-sm font-medium leading-none peer-disabled:cursor-not-allowed peer-disabled:opacity-70 mb-0&quot;
                        for=&quot;«r16»-form-item&quot;
                      &gt;
                        Target keyphrase
                      &lt;/label&gt;
                      &lt;span
                        class=&quot;text-xs font-medium&quot;
                        style=&quot;color: var(--redText)&quot;
                      &gt;
                        No keyword saved
                      &lt;/span&gt;
                    &lt;/div&gt;
                    &lt;div
                      aria-describedby=&quot;«r16»-form-item-description&quot;
                      aria-invalid=&quot;false&quot;
                      class=&quot;mt-2 w-full mt-2&quot;
                      id=&quot;«r16»-form-item&quot;
                    &gt;
                      &lt;input
                        class=&quot;flex h-10 rounded-md border border-input bg-background px-3 py-2 text-sm ring-offset-background file:border-0 file:bg-transparent file:text-sm file:font-medium file:text-foreground placeholder:text-muted-foreground focus-visible:outline-none focus-visible:ring-2 focus-visible:ring-ring focus-visible:ring-offset-2 disabled:cursor-not-allowed disabled:opacity-50 w-full&quot;
                        name=&quot;keyphrase&quot;
                        placeholder=&quot;Enter your target keyphrase&quot;
                        value=&quot;&quot;
                      /&gt;
                    &lt;/div&gt;
                  &lt;/div&gt;
                  &lt;div
                    class=&quot;border-t pt-4 mt-4&quot;
                  &gt;
                    &lt;div
                      class=&quot;flex items-center justify-between mb-4&quot;
                    &gt;
                      &lt;div&gt;
                        &lt;h3
                          class=&quot;text-lg font-semibold&quot;
                        &gt;
                          Advanced Analysis
                        &lt;/h3&gt;
                        &lt;p
                          class=&quot;text-sm text-muted-foreground&quot;
                        &gt;
                          Add secondary keywords and specify page type for more targeted SEO analysis
                        &lt;/p&gt;
                      &lt;/div&gt;
                      &lt;div
                        class=&quot;flex items-center space-x-2&quot;
                      &gt;
                        &lt;button
                          aria-checked=&quot;false&quot;
                          class=&quot;peer inline-flex h-6 w-11 shrink-0 cursor-pointer items-center rounded-full border-2 border-transparent transition-colors focus-visible:outline-none focus-visible:ring-2 focus-visible:ring-ring focus-visible:ring-offset-2 focus-visible:ring-offset-background disabled:cursor-not-allowed disabled:opacity-50 data-[state=checked]:bg-primary data-[state=unchecked]:bg-input&quot;
                          data-state=&quot;unchecked&quot;
                          role=&quot;switch&quot;
                          type=&quot;button&quot;
                          value=&quot;on&quot;
                        &gt;
                          &lt;span
                            class=&quot;pointer-events-none block h-5 w-5 rounded-full bg-background shadow-lg ring-0 transition-transform data-[state=checked]:translate-x-5 data-[state=unchecked]:translate-x-0&quot;
                            data-state=&quot;unchecked&quot;
                          /&gt;
                        &lt;/button&gt;
                        &lt;input
                          aria-hidden=&quot;true&quot;
                          style=&quot;transform: translateX(-100%); width: 200px; height: 100px&quot;
                          tabindex=&quot;-1&quot;
                          type=&quot;checkbox&quot;
                          value=&quot;on&quot;
                        /&gt;
                        &lt;span
                          class=&quot;text-sm&quot;
                        &gt;
                          Off
                        &lt;/span&gt;
                      &lt;/div&gt;
                    &lt;/div&gt;
                  &lt;/div&gt;
                  &lt;div
                    class=&quot;w-full pt-2&quot;
                  &gt;
                    &lt;button
                      class=&quot;inline-flex items-center justify-center gap-2 whitespace-nowrap rounded-md text-sm font-medium ring-offset-background transition-colors focus-visible:outline-none focus-visible:ring-2 focus-visible:ring-ring focus-visible:ring-offset-2 disabled:pointer-events-none disabled:opacity-50 [&amp;_svg]:pointer-events-none [&amp;_svg]:size-4 [&amp;_svg]:...
 ❯ Proxy.waitFor node_modules/.pnpm/@testing-library+dom@10.4.1/node_modules/@testing-library/dom/dist/wait-for.js:163:27
 ❯ client/src/pages/Home.test.tsx:548:11
            </failure>
        </testcase>
        <testcase classname="client/src/pages/Home.test.tsx" name="Home Component &gt; handles no published domain found error" time="0.3146567">
            <system-out>
[InsertionContext] No OAuth token available - will use Designer Extension APIs directly
[WebflowInsertion] Webflow Designer context detected
[WebflowDesignerDetection] === WEBFLOW API INSPECTION ===
[WebflowDesignerDetection] typeof window.webflow: object
[WebflowDesignerDetection] window.webflow: {
  getCurrentPage: [Function: spy] {
    getMockName: [36m[Function (anonymous)][39m,
    mockName: [36m[Function (anonymous)][39m,
    mockClear: [36m[Function (anonymous)][39m,
    mockReset: [36m[Function (anonymous)][39m,
    mockRestore: [36m[Function (anonymous)][39m,
    getMockImplementation: [36m[Function (anonymous)][39m,
    mockImplementation: [36m[Function (anonymous)][39m,
    mockImplementationOnce: [36m[Function (anonymous)][39m,
    withImplementation: [36m[Function: withImplementation][39m,
    mockReturnThis: [36m[Function (anonymous)][39m,
    mockReturnValue: [36m[Function (anonymous)][39m,
    mockReturnValueOnce: [36m[Function (anonymous)][39m,
    mockResolvedValue: [36m[Function (anonymous)][39m,
    mockResolvedValueOnce: [36m[Function (anonymous)][39m,
    mockRejectedValue: [36m[Function (anonymous)][39m,
    mockRejectedValueOnce: [36m[Function (anonymous)][39m,
    [[32mSymbol(nodejs.dispose)[39m]: [36m[Function (anonymous)][39m
  },
  getSiteInfo: [Function: spy] {
    getMockName: [36m[Function (anonymous)][39m,
    mockName: [36m[Function (anonymous)][39m,
    mockClear: [36m[Function (anonymous)][39m,
    mockReset: [36m[Function (anonymous)][39m,
    mockRestore: [36m[Function (anonymous)][39m,
    getMockImplementation: [36m[Function (anonymous)][39m,
    mockImplementation: [36m[Function (anonymous)][39m,
    mockImplementationOnce: [36m[Function (anonymous)][39m,
    withImplementation: [36m[Function: withImplementation][39m,
    mockReturnThis: [36m[Function (anonymous)][39m,
    mockReturnValue: [36m[Function (anonymous)][39m,
    mockReturnValueOnce: [36m[Function (anonymous)][39m,
    mockResolvedValue: [36m[Function (anonymous)][39m,
    mockResolvedValueOnce: [36m[Function (anonymous)][39m,
    mockRejectedValue: [36m[Function (anonymous)][39m,
    mockRejectedValueOnce: [36m[Function (anonymous)][39m,
    [[32mSymbol(nodejs.dispose)[39m]: [36m[Function (anonymous)][39m
  },
  subscribe: [Function: spy] {
    getMockName: [36m[Function (anonymous)][39m,
    mockName: [36m[Function (anonymous)][39m,
    mockClear: [36m[Function (anonymous)][39m,
    mockReset: [36m[Function (anonymous)][39m,
    mockRestore: [36m[Function (anonymous)][39m,
    getMockImplementation: [36m[Function (anonymous)][39m,
    mockImplementation: [36m[Function (anonymous)][39m,
    mockImplementationOnce: [36m[Function (anonymous)][39m,
    withImplementation: [36m[Function: withImplementation][39m,
    mockReturnThis: [36m[Function (anonymous)][39m,
    mockReturnValue: [36m[Function (anonymous)][39m,
    mockReturnValueOnce: [36m[Function (anonymous)][39m,
    mockResolvedValue: [36m[Function (anonymous)][39m,
    mockResolvedValueOnce: [36m[Function (anonymous)][39m,
    mockRejectedValue: [36m[Function (anonymous)][39m,
    mockRejectedValueOnce: [36m[Function (anonymous)][39m,
    [[32mSymbol(nodejs.dispose)[39m]: [36m[Function (anonymous)][39m
  }
}
[WebflowDesignerDetection] Available webflow properties: [ [32m&apos;getCurrentPage&apos;[39m, [32m&apos;getSiteInfo&apos;[39m, [32m&apos;subscribe&apos;[39m ]
[WebflowDesignerDetection] Available webflow methods: [ [32m&apos;getCurrentPage&apos;[39m, [32m&apos;getSiteInfo&apos;[39m, [32m&apos;subscribe&apos;[39m ]
[WebflowDesignerDetection] Method &apos;getCurrentPage&apos;: {
  type: [32m&apos;function&apos;[39m,
  length: [33m0[39m,
  name: [32m&apos;spy&apos;[39m,
  toString: [32m&apos;function(...args) {\n&apos;[39m +
    [32m&apos;    let state2 = getInternalState(fn);\n&apos;[39m +
    [32m&apos;    state2.called = !0, state2.callCount++, state2.calls.push(args);\n&apos;[39m +
    [32m&apos;    let next = state2.next.shift();\n&apos;[39m +
    [32m&apos;    if (next) {\n&apos;[39m +
    [32m&apos;      state2.results...&apos;[39m
}
[WebflowDesignerDetection] Method &apos;getSiteInfo&apos;: {
  type: [32m&apos;function&apos;[39m,
  length: [33m0[39m,
  name: [32m&apos;spy&apos;[39m,
  toString: [32m&apos;function(...args) {\n&apos;[39m +
    [32m&apos;    let state2 = getInternalState(fn);\n&apos;[39m +
    [32m&apos;    state2.called = !0, state2.callCount++, state2.calls.push(args);\n&apos;[39m +
    [32m&apos;    let next = state2.next.shift();\n&apos;[39m +
    [32m&apos;    if (next) {\n&apos;[39m +
    [32m&apos;      state2.results...&apos;[39m
}
[WebflowDesignerDetection] Method &apos;subscribe&apos;: {
  type: [32m&apos;function&apos;[39m,
  length: [33m0[39m,
  name: [32m&apos;spy&apos;[39m,
  toString: [32m&apos;function(...args) {\n&apos;[39m +
    [32m&apos;    let state2 = getInternalState(fn);\n&apos;[39m +
    [32m&apos;    state2.called = !0, state2.callCount++, state2.calls.push(args);\n&apos;[39m +
    [32m&apos;    let next = state2.next.shift();\n&apos;[39m +
    [32m&apos;    if (next) {\n&apos;[39m +
    [32m&apos;      state2.results...&apos;[39m
}
[WebflowDesignerDetection] Prototype methods: [
  [32m&apos;constructor&apos;[39m,
  [32m&apos;__defineGetter__&apos;[39m,
  [32m&apos;__defineSetter__&apos;[39m,
  [32m&apos;hasOwnProperty&apos;[39m,
  [32m&apos;__lookupGetter__&apos;[39m,
  [32m&apos;__lookupSetter__&apos;[39m,
  [32m&apos;isPrototypeOf&apos;[39m,
  [32m&apos;propertyIsEnumerable&apos;[39m,
  [32m&apos;toString&apos;[39m,
  [32m&apos;valueOf&apos;[39m,
  [32m&apos;__proto__&apos;[39m,
  [32m&apos;toLocaleString&apos;[39m
]
[WebflowDesignerAPI] Detected capabilities: {
  canReadPageInfo: [33mtrue[39m,
  canUpdatePageTitle: [33mfalse[39m,
  canUpdatePageMeta: [33mfalse[39m,
  canUpdatePageSlug: [33mfalse[39m,
  canAddCustomCode: [33mfalse[39m,
  canUpdateCMS: [33mfalse[39m,
  canManipulateElements: [33mfalse[39m,
  canSelectElements: [33mfalse[39m,
  hasElementBuilder: [33mfalse[39m,
  availableMethods: [ [32m&apos;getCurrentPage&apos;[39m, [32m&apos;getSiteInfo&apos;[39m, [32m&apos;subscribe&apos;[39m ]
}
[WebflowInsertion] Using Webflow Designer Extension APIs for modifications

[AuthContext] No OAuth token found - Designer Extension will use Designer APIs directly

            </system-out>
            <system-err>
Failed to initialize page keywords: TypeError: Cannot read properties of undefined (reading &apos;pageType&apos;)
    at initializePageKeywords [90m(C:\Users\Paul Mulligan\PMDS\Projects\AI-SEO-Copilot-for-Webflow\[39mclient\src\pages\Home.tsx:542:34[90m)[39m

            </system-err>
        </testcase>
        <testcase classname="client/src/pages/Home.test.tsx" name="Home Component &gt; displays different score ratings correctly" time="10.0936893">
            <system-out>
[InsertionContext] No OAuth token available - will use Designer Extension APIs directly
[WebflowInsertion] Webflow Designer context detected
[WebflowDesignerDetection] === WEBFLOW API INSPECTION ===
[WebflowDesignerDetection] typeof window.webflow: object
[WebflowDesignerDetection] window.webflow: {
  getCurrentPage: [Function: spy] {
    getMockName: [36m[Function (anonymous)][39m,
    mockName: [36m[Function (anonymous)][39m,
    mockClear: [36m[Function (anonymous)][39m,
    mockReset: [36m[Function (anonymous)][39m,
    mockRestore: [36m[Function (anonymous)][39m,
    getMockImplementation: [36m[Function (anonymous)][39m,
    mockImplementation: [36m[Function (anonymous)][39m,
    mockImplementationOnce: [36m[Function (anonymous)][39m,
    withImplementation: [36m[Function: withImplementation][39m,
    mockReturnThis: [36m[Function (anonymous)][39m,
    mockReturnValue: [36m[Function (anonymous)][39m,
    mockReturnValueOnce: [36m[Function (anonymous)][39m,
    mockResolvedValue: [36m[Function (anonymous)][39m,
    mockResolvedValueOnce: [36m[Function (anonymous)][39m,
    mockRejectedValue: [36m[Function (anonymous)][39m,
    mockRejectedValueOnce: [36m[Function (anonymous)][39m,
    [[32mSymbol(nodejs.dispose)[39m]: [36m[Function (anonymous)][39m
  },
  getSiteInfo: [Function: spy] {
    getMockName: [36m[Function (anonymous)][39m,
    mockName: [36m[Function (anonymous)][39m,
    mockClear: [36m[Function (anonymous)][39m,
    mockReset: [36m[Function (anonymous)][39m,
    mockRestore: [36m[Function (anonymous)][39m,
    getMockImplementation: [36m[Function (anonymous)][39m,
    mockImplementation: [36m[Function (anonymous)][39m,
    mockImplementationOnce: [36m[Function (anonymous)][39m,
    withImplementation: [36m[Function: withImplementation][39m,
    mockReturnThis: [36m[Function (anonymous)][39m,
    mockReturnValue: [36m[Function (anonymous)][39m,
    mockReturnValueOnce: [36m[Function (anonymous)][39m,
    mockResolvedValue: [36m[Function (anonymous)][39m,
    mockResolvedValueOnce: [36m[Function (anonymous)][39m,
    mockRejectedValue: [36m[Function (anonymous)][39m,
    mockRejectedValueOnce: [36m[Function (anonymous)][39m,
    [[32mSymbol(nodejs.dispose)[39m]: [36m[Function (anonymous)][39m
  },
  subscribe: [Function: spy] {
    getMockName: [36m[Function (anonymous)][39m,
    mockName: [36m[Function (anonymous)][39m,
    mockClear: [36m[Function (anonymous)][39m,
    mockReset: [36m[Function (anonymous)][39m,
    mockRestore: [36m[Function (anonymous)][39m,
    getMockImplementation: [36m[Function (anonymous)][39m,
    mockImplementation: [36m[Function (anonymous)][39m,
    mockImplementationOnce: [36m[Function (anonymous)][39m,
    withImplementation: [36m[Function: withImplementation][39m,
    mockReturnThis: [36m[Function (anonymous)][39m,
    mockReturnValue: [36m[Function (anonymous)][39m,
    mockReturnValueOnce: [36m[Function (anonymous)][39m,
    mockResolvedValue: [36m[Function (anonymous)][39m,
    mockResolvedValueOnce: [36m[Function (anonymous)][39m,
    mockRejectedValue: [36m[Function (anonymous)][39m,
    mockRejectedValueOnce: [36m[Function (anonymous)][39m,
    [[32mSymbol(nodejs.dispose)[39m]: [36m[Function (anonymous)][39m
  }
}
[WebflowDesignerDetection] Available webflow properties: [ [32m&apos;getCurrentPage&apos;[39m, [32m&apos;getSiteInfo&apos;[39m, [32m&apos;subscribe&apos;[39m ]
[WebflowDesignerDetection] Available webflow methods: [ [32m&apos;getCurrentPage&apos;[39m, [32m&apos;getSiteInfo&apos;[39m, [32m&apos;subscribe&apos;[39m ]
[WebflowDesignerDetection] Method &apos;getCurrentPage&apos;: {
  type: [32m&apos;function&apos;[39m,
  length: [33m0[39m,
  name: [32m&apos;spy&apos;[39m,
  toString: [32m&apos;function(...args) {\n&apos;[39m +
    [32m&apos;    let state2 = getInternalState(fn);\n&apos;[39m +
    [32m&apos;    state2.called = !0, state2.callCount++, state2.calls.push(args);\n&apos;[39m +
    [32m&apos;    let next = state2.next.shift();\n&apos;[39m +
    [32m&apos;    if (next) {\n&apos;[39m +
    [32m&apos;      state2.results...&apos;[39m
}
[WebflowDesignerDetection] Method &apos;getSiteInfo&apos;: {
  type: [32m&apos;function&apos;[39m,
  length: [33m0[39m,
  name: [32m&apos;spy&apos;[39m,
  toString: [32m&apos;function(...args) {\n&apos;[39m +
    [32m&apos;    let state2 = getInternalState(fn);\n&apos;[39m +
    [32m&apos;    state2.called = !0, state2.callCount++, state2.calls.push(args);\n&apos;[39m +
    [32m&apos;    let next = state2.next.shift();\n&apos;[39m +
    [32m&apos;    if (next) {\n&apos;[39m +
    [32m&apos;      state2.results...&apos;[39m
}
[WebflowDesignerDetection] Method &apos;subscribe&apos;: {
  type: [32m&apos;function&apos;[39m,
  length: [33m0[39m,
  name: [32m&apos;spy&apos;[39m,
  toString: [32m&apos;function(...args) {\n&apos;[39m +
    [32m&apos;    let state2 = getInternalState(fn);\n&apos;[39m +
    [32m&apos;    state2.called = !0, state2.callCount++, state2.calls.push(args);\n&apos;[39m +
    [32m&apos;    let next = state2.next.shift();\n&apos;[39m +
    [32m&apos;    if (next) {\n&apos;[39m +
    [32m&apos;      state2.results...&apos;[39m
}
[WebflowDesignerDetection] Prototype methods: [
  [32m&apos;constructor&apos;[39m,
  [32m&apos;__defineGetter__&apos;[39m,
  [32m&apos;__defineSetter__&apos;[39m,
  [32m&apos;hasOwnProperty&apos;[39m,
  [32m&apos;__lookupGetter__&apos;[39m,
  [32m&apos;__lookupSetter__&apos;[39m,
  [32m&apos;isPrototypeOf&apos;[39m,
  [32m&apos;propertyIsEnumerable&apos;[39m,
  [32m&apos;toString&apos;[39m,
  [32m&apos;valueOf&apos;[39m,
  [32m&apos;__proto__&apos;[39m,
  [32m&apos;toLocaleString&apos;[39m
]
[WebflowDesignerAPI] Detected capabilities: {
  canReadPageInfo: [33mtrue[39m,
  canUpdatePageTitle: [33mfalse[39m,
  canUpdatePageMeta: [33mfalse[39m,
  canUpdatePageSlug: [33mfalse[39m,
  canAddCustomCode: [33mfalse[39m,
  canUpdateCMS: [33mfalse[39m,
  canManipulateElements: [33mfalse[39m,
  canSelectElements: [33mfalse[39m,
  hasElementBuilder: [33mfalse[39m,
  availableMethods: [ [32m&apos;getCurrentPage&apos;[39m, [32m&apos;getSiteInfo&apos;[39m, [32m&apos;subscribe&apos;[39m ]
}
[WebflowInsertion] Using Webflow Designer Extension APIs for modifications

[AuthContext] No OAuth token found - Designer Extension will use Designer APIs directly

            </system-out>
            <system-err>
Failed to initialize page keywords: TypeError: Cannot read properties of undefined (reading &apos;pageType&apos;)
    at initializePageKeywords [90m(C:\Users\Paul Mulligan\PMDS\Projects\AI-SEO-Copilot-for-Webflow\[39mclient\src\pages\Home.tsx:542:34[90m)[39m

            </system-err>
            <failure message="Unable to find an element with the text: /Analysis Results/i. This could be because the text is broken up by multiple elements. In this case, you can provide a function for your text matcher to make your matcher more flexible.

Ignored nodes: comments, script, style
[36m&lt;body&gt;[39m
  [36m&lt;div&gt;[39m
    [36m&lt;div[39m
      [33mclass[39m=[32m&quot;min-h-screen bg-background p-4 md:p-6 flex flex-col&quot;[39m
      [33mstyle[39m=[32m&quot;color: #FFFFFF&quot;[39m
    [36m&gt;[39m
      [36m&lt;div[39m
        [33mclass[39m=[32m&quot;mx-auto w-full max-w-3xl space-y-6 flex-grow&quot;[39m
      [36m&gt;[39m
        [36m&lt;div[39m
          [33mclass[39m=[32m&quot;w-full&quot;[39m
        [36m&gt;[39m
          [36m&lt;div[39m
            [33mclass[39m=[32m&quot;rounded-lg border bg-background2 text-card-foreground shadow-sm w-full&quot;[39m
          [36m&gt;[39m
            [36m&lt;div[39m
              [33mclass[39m=[32m&quot;flex flex-col space-y-1.5 p-6&quot;[39m
            [36m&gt;[39m
              [36m&lt;h3[39m
                [33mclass[39m=[32m&quot;text-2xl font-semibold leading-none tracking-tight text-center&quot;[39m
              [36m&gt;[39m
                [0mSEO Analysis Tool[0m
              [36m&lt;/h3&gt;[39m
            [36m&lt;/div&gt;[39m
            [36m&lt;div[39m
              [33mclass[39m=[32m&quot;p-6 pt-0&quot;[39m
            [36m&gt;[39m
              [36m&lt;form[39m
                [33mclass[39m=[32m&quot;space-y-5 w-full&quot;[39m
              [36m&gt;[39m
                [36m&lt;div[39m
                  [33mclass[39m=[32m&quot;space-y-2 w-full&quot;[39m
                [36m&gt;[39m
                  [36m&lt;div[39m
                    [33mclass[39m=[32m&quot;flex justify-between items-center mb-1&quot;[39m
                  [36m&gt;[39m
                    [36m&lt;label[39m
                      [33mclass[39m=[32m&quot;text-sm font-medium leading-none peer-disabled:cursor-not-allowed peer-disabled:opacity-70 mb-0&quot;[39m
                      [33mfor[39m=[32m&quot;«r1c»-form-item&quot;[39m
                    [36m&gt;[39m
                      [0mTarget keyphrase[0m
                    [36m&lt;/label&gt;[39m
                    [36m&lt;span[39m
                      [33mclass[39m=[32m&quot;text-xs font-medium&quot;[39m
                      [33mstyle[39m=[32m&quot;color: var(--redText)&quot;[39m
                    [36m&gt;[39m
                      [0mNo keyword saved[0m
                    [36m&lt;/span&gt;[39m
                  [36m&lt;/div&gt;[39m
                  [36m&lt;div[39m
                    [33maria-describedby[39m=[32m&quot;«r1c»-form-item-description&quot;[39m
                    [33maria-invalid[39m=[32m&quot;false&quot;[39m
                    [33mclass[39m=[32m&quot;mt-2 w-full mt-2&quot;[39m
                    [33mid[39m=[32m&quot;«r1c»-form-item&quot;[39m
                  [36m&gt;[39m
                    [36m&lt;input[39m
                      [33mclass[39m=[32m&quot;flex h-10 rounded-md border border-input bg-background px-3 py-2 text-sm ring-offset-background file:border-0 file:bg-transparent file:text-sm file:font-medium file:text-foreground placeholder:text-muted-foreground focus-visible:outline-none focus-visible:ring-2 focus-visible:ring-ring focus-visible:ring-offset-2 disabled:cursor-not-allowed disabled:opacity-50 w-full&quot;[39m
                      [33mname[39m=[32m&quot;keyphrase&quot;[39m
                      [33mplaceholder[39m=[32m&quot;Enter your target keyphrase&quot;[39m
                      [33mvalue[39m=[32m&quot;&quot;[39m
                    [36m/&gt;[39m
                  [36m&lt;/div&gt;[39m
                [36m&lt;/div&gt;[39m
                [36m&lt;div[39m
                  [33mclass[39m=[32m&quot;border-t pt-4 mt-4&quot;[39m
                [36m&gt;[39m
                  [36m&lt;div[39m
                    [33mclass[39m=[32m&quot;flex items-center justify-between mb-4&quot;[39m
                  [36m&gt;[39m
                    [36m&lt;div&gt;[39m
                      [36m&lt;h3[39m
                        [33mclass[39m=[32m&quot;text-lg font-semibold&quot;[39m
                      [36m&gt;[39m
                        [0mAdvanced Analysis[0m
                      [36m&lt;/h3&gt;[39m
                      [36m&lt;p[39m
                        [33mclass[39m=[32m&quot;text-sm text-muted-foreground&quot;[39m
                      [36m&gt;[39m
                        [0mAdd secondary keywords and specify page type for more targeted SEO analysis[0m
                      [36m&lt;/p&gt;[39m
                    [36m&lt;/div&gt;[39m
                    [36m&lt;div[39m
                      [33mclass[39m=[32m&quot;flex items-center space-x-2&quot;[39m
                    [36m&gt;[39m
                      [36m&lt;button[39m
                        [33maria-checked[39m=[32m&quot;false&quot;[39m
                        [33mclass[39m=[32m&quot;peer inline-flex h-6 w-11 shrink-0 cursor-pointer items-center rounded-full border-2 border-transparent transition-colors focus-visible:outline-none focus-visible:ring-2 focus-visible:ring-ring focus-visible:ring-offset-2 focus-visible:ring-offset-background disabled:cursor-not-allowed disabled:opacity-50 data-[state=checked]:bg-primary data-[state=unchecked]:bg-input&quot;[39m
                        [33mdata-state[39m=[32m&quot;unchecked&quot;[39m
                        [33mrole[39m=[32m&quot;switch&quot;[39m
                        [33mtype[39m=[32m&quot;button&quot;[39m
                        [33mvalue[39m=[32m&quot;on&quot;[39m
                      [36m&gt;[39m
                        [36m&lt;span[39m
                          [33mclass[39m=[32m&quot;pointer-events-none block h-5 w-5 rounded-full bg-background shadow-lg ring-0 transition-transform data-[state=checked]:translate-x-5 data-[state=unchecked]:translate-x-0&quot;[39m
                          [33mdata-state[39m=[32m&quot;unchecked&quot;[39m
                        [36m/&gt;[39m
                      [36m&lt;/button&gt;[39m
                      [36m&lt;input[39m
                        [33maria-hidden[39m=[32m&quot;true&quot;[39m
                        [33mstyle[39m=[32m&quot;transform: translateX(-100%); width: 200px; height: 100px&quot;[39m
                        [33mtabindex[39m=[32m&quot;-1&quot;[39m
                        [33mtype[39m=[32m&quot;checkbox&quot;[39m
                        [33mvalue[39m=[32m&quot;on&quot;[39m
                      [36m/&gt;[39m
                      [36m&lt;span[39m
                        [33mclass[39m=[32m&quot;text-sm&quot;[39m
                      [36m&gt;[39m
                        [0mOff[0m
                      [36m&lt;/span&gt;[39m
                    [36m&lt;/div&gt;[39m
                  [36m&lt;/div&gt;[39m
                [36m&lt;/div&gt;[39m
                [36m&lt;div[39m
                  [33mclass[39m=[32m&quot;w-full pt-2&quot;[39m
                [36m&gt;[39m
                  [36m&lt;button[39m
                    [33mclass[39m=[32m&quot;inline-flex items-center justify-center gap-2 whitespace-nowrap rounded-md text-sm font-medium ring-offset-background transition-colors focus-visible:outline-none focus-visible:ring-2 focus-visible:ring-ring focus-visible:ring-offset-2 disabled:pointer-events-none disabled:opacity-50 [&amp;_svg]:pointer-events-none [&amp;_svg]:size-4 [&amp;_svg]:shrink-0 [&amp;_svg]:text-current bg-primary text-primary-foreground hover:bg-primary/90 px-4 py-2 w-full h-11 cursor-pointer&quot;[39m
                    [33mtype[39m=[32m&quot;submit&quot;[39m
                  [36m&gt;[39m
                    [0mStart optimizing your SEO[0m
      ...

Ignored nodes: comments, script, style
[36m&lt;html&gt;[39m
  [36m&lt;head /&gt;[39m
  [36m&lt;body&gt;[39m
    [36m&lt;div&gt;[39m
      [36m&lt;div[39m
        [33mclass[39m=[32m&quot;min-h-screen bg-background p-4 md:p-6 flex flex-col&quot;[39m
        [33mstyle[39m=[32m&quot;color: #FFFFFF&quot;[39m
      [36m&gt;[39m
        [36m&lt;div[39m
          [33mclass[39m=[32m&quot;mx-auto w-full max-w-3xl space-y-6 flex-grow&quot;[39m
        [36m&gt;[39m
          [36m&lt;div[39m
            [33mclass[39m=[32m&quot;w-full&quot;[39m
          [36m&gt;[39m
            [36m&lt;div[39m
              [33mclass[39m=[32m&quot;rounded-lg border bg-background2 text-card-foreground shadow-sm w-full&quot;[39m
            [36m&gt;[39m
              [36m&lt;div[39m
                [33mclass[39m=[32m&quot;flex flex-col space-y-1.5 p-6&quot;[39m
              [36m&gt;[39m
                [36m&lt;h3[39m
                  [33mclass[39m=[32m&quot;text-2xl font-semibold leading-none tracking-tight text-center&quot;[39m
                [36m&gt;[39m
                  [0mSEO Analysis Tool[0m
                [36m&lt;/h3&gt;[39m
              [36m&lt;/div&gt;[39m
              [36m&lt;div[39m
                [33mclass[39m=[32m&quot;p-6 pt-0&quot;[39m
              [36m&gt;[39m
                [36m&lt;form[39m
                  [33mclass[39m=[32m&quot;space-y-5 w-full&quot;[39m
                [36m&gt;[39m
                  [36m&lt;div[39m
                    [33mclass[39m=[32m&quot;space-y-2 w-full&quot;[39m
                  [36m&gt;[39m
                    [36m&lt;div[39m
                      [33mclass[39m=[32m&quot;flex justify-between items-center mb-1&quot;[39m
                    [36m&gt;[39m
                      [36m&lt;label[39m
                        [33mclass[39m=[32m&quot;text-sm font-medium leading-none peer-disabled:cursor-not-allowed peer-disabled:opacity-70 mb-0&quot;[39m
                        [33mfor[39m=[32m&quot;«r1c»-form-item&quot;[39m
                      [36m&gt;[39m
                        [0mTarget keyphrase[0m
                      [36m&lt;/label&gt;[39m
                      [36m&lt;span[39m
                        [33mclass[39m=[32m&quot;text-xs font-medium&quot;[39m
                        [33mstyle[39m=[32m&quot;color: var(--redText)&quot;[39m
                      [36m&gt;[39m
                        [0mNo keyword saved[0m
                      [36m&lt;/span&gt;[39m
                    [36m&lt;/div&gt;[39m
                    [36m&lt;div[39m
                      [33maria-describedby[39m=[32m&quot;«r1c»-form-item-description&quot;[39m
                      [33maria-invalid[39m=[32m&quot;false&quot;[39m
                      [33mclass[39m=[32m&quot;mt-2 w-full mt-2&quot;[39m
                      [33mid[39m=[32m&quot;«r1c»-form-item&quot;[39m
                    [36m&gt;[39m
                      [36m&lt;input[39m
                        [33mclass[39m=[32m&quot;flex h-10 rounded-md border border-input bg-background px-3 py-2 text-sm ring-offset-background file:border-0 file:bg-transparent file:text-sm file:font-medium file:text-foreground placeholder:text-muted-foreground focus-visible:outline-none focus-visible:ring-2 focus-visible:ring-ring focus-visible:ring-offset-2 disabled:cursor-not-allowed disabled:opacity-50 w-full&quot;[39m
                        [33mname[39m=[32m&quot;keyphrase&quot;[39m
                        [33mplaceholder[39m=[32m&quot;Enter your target keyphrase&quot;[39m
                        [33mvalue[39m=[32m&quot;&quot;[39m
                      [36m/&gt;[39m
                    [36m&lt;/div&gt;[39m
                  [36m&lt;/div&gt;[39m
                  [36m&lt;div[39m
                    [33mclass[39m=[32m&quot;border-t pt-4 mt-4&quot;[39m
                  [36m&gt;[39m
                    [36m&lt;div[39m
                      [33mclass[39m=[32m&quot;flex items-center justify-between mb-4&quot;[39m
                    [36m&gt;[39m
                      [36m&lt;div&gt;[39m
                        [36m&lt;h3[39m
                          [33mclass[39m=[32m&quot;text-lg font-semibold&quot;[39m
                        [36m&gt;[39m
                          [0mAdvanced Analysis[0m
                        [36m&lt;/h3&gt;[39m
                        [36m&lt;p[39m
                          [33mclass[39m=[32m&quot;text-sm text-muted-foreground&quot;[39m
                        [36m&gt;[39m
                          [0mAdd secondary keywords and specify page type for more targeted SEO analysis[0m
                        [36m&lt;/p&gt;[39m
                      [36m&lt;/div&gt;[39m
                      [36m&lt;div[39m
                        [33mclass[39m=[32m&quot;flex items-center space-x-2&quot;[39m
                      [36m&gt;[39m
                        [36m&lt;button[39m
                          [33maria-checked[39m=[32m&quot;false&quot;[39m
                          [33mclass[39m=[32m&quot;peer inline-flex h-6 w-11 shrink-0 cursor-pointer items-center rounded-full border-2 border-transparent transition-colors focus-visible:outline-none focus-visible:ring-2 focus-visible:ring-ring focus-visible:ring-offset-2 focus-visible:ring-offset-background disabled:cursor-not-allowed disabled:opacity-50 data-[state=checked]:bg-primary data-[state=unchecked]:bg-input&quot;[39m
                          [33mdata-state[39m=[32m&quot;unchecked&quot;[39m
                          [33mrole[39m=[32m&quot;switch&quot;[39m
                          [33mtype[39m=[32m&quot;button&quot;[39m
                          [33mvalue[39m=[32m&quot;on&quot;[39m
                        [36m&gt;[39m
                          [36m&lt;span[39m
                            [33mclass[39m=[32m&quot;pointer-events-none block h-5 w-5 rounded-full bg-background shadow-lg ring-0 transition-transform data-[state=checked]:translate-x-5 data-[state=unchecked]:translate-x-0&quot;[39m
                            [33mdata-state[39m=[32m&quot;unchecked&quot;[39m
                          [36m/&gt;[39m
                        [36m&lt;/button&gt;[39m
                        [36m&lt;input[39m
                          [33maria-hidden[39m=[32m&quot;true&quot;[39m
                          [33mstyle[39m=[32m&quot;transform: translateX(-100%); width: 200px; height: 100px&quot;[39m
                          [33mtabindex[39m=[32m&quot;-1&quot;[39m
                          [33mtype[39m=[32m&quot;checkbox&quot;[39m
                          [33mvalue[39m=[32m&quot;on&quot;[39m
                        [36m/&gt;[39m
                        [36m&lt;span[39m
                          [33mclass[39m=[32m&quot;text-sm&quot;[39m
                        [36m&gt;[39m
                          [0mOff[0m
                        [36m&lt;/span&gt;[39m
                      [36m&lt;/div&gt;[39m
                    [36m&lt;/div&gt;[39m
                  [36m&lt;/div&gt;[39m
                  [36m&lt;div[39m
                    [33mclass[39m=[32m&quot;w-full pt-2&quot;[39m
                  [36m&gt;[39m
                    [36m&lt;button[39m
                      [33mclass[39m=[32m&quot;inline-flex items-center justify-center gap-2 whitespace-nowrap rounded-md text-sm font-medium ring-offset-background transition-colors focus-visible:outline-none focus-visible:ring-2 focus-visible:ring-ring focus-visible:ring-offset-2 disabled:pointer-events-none disabled:opacity-50 [&amp;_svg]:pointer-events-none [&amp;_svg]:size-4 [&amp;_svg]:..." type="TestingLibraryElementError">
TestingLibraryElementError: Unable to find an element with the text: /Analysis Results/i. This could be because the text is broken up by multiple elements. In this case, you can provide a function for your text matcher to make your matcher more flexible.

Ignored nodes: comments, script, style
&lt;body&gt;
  &lt;div&gt;
    &lt;div
      class=&quot;min-h-screen bg-background p-4 md:p-6 flex flex-col&quot;
      style=&quot;color: #FFFFFF&quot;
    &gt;
      &lt;div
        class=&quot;mx-auto w-full max-w-3xl space-y-6 flex-grow&quot;
      &gt;
        &lt;div
          class=&quot;w-full&quot;
        &gt;
          &lt;div
            class=&quot;rounded-lg border bg-background2 text-card-foreground shadow-sm w-full&quot;
          &gt;
            &lt;div
              class=&quot;flex flex-col space-y-1.5 p-6&quot;
            &gt;
              &lt;h3
                class=&quot;text-2xl font-semibold leading-none tracking-tight text-center&quot;
              &gt;
                SEO Analysis Tool
              &lt;/h3&gt;
            &lt;/div&gt;
            &lt;div
              class=&quot;p-6 pt-0&quot;
            &gt;
              &lt;form
                class=&quot;space-y-5 w-full&quot;
              &gt;
                &lt;div
                  class=&quot;space-y-2 w-full&quot;
                &gt;
                  &lt;div
                    class=&quot;flex justify-between items-center mb-1&quot;
                  &gt;
                    &lt;label
                      class=&quot;text-sm font-medium leading-none peer-disabled:cursor-not-allowed peer-disabled:opacity-70 mb-0&quot;
                      for=&quot;«r1c»-form-item&quot;
                    &gt;
                      Target keyphrase
                    &lt;/label&gt;
                    &lt;span
                      class=&quot;text-xs font-medium&quot;
                      style=&quot;color: var(--redText)&quot;
                    &gt;
                      No keyword saved
                    &lt;/span&gt;
                  &lt;/div&gt;
                  &lt;div
                    aria-describedby=&quot;«r1c»-form-item-description&quot;
                    aria-invalid=&quot;false&quot;
                    class=&quot;mt-2 w-full mt-2&quot;
                    id=&quot;«r1c»-form-item&quot;
                  &gt;
                    &lt;input
                      class=&quot;flex h-10 rounded-md border border-input bg-background px-3 py-2 text-sm ring-offset-background file:border-0 file:bg-transparent file:text-sm file:font-medium file:text-foreground placeholder:text-muted-foreground focus-visible:outline-none focus-visible:ring-2 focus-visible:ring-ring focus-visible:ring-offset-2 disabled:cursor-not-allowed disabled:opacity-50 w-full&quot;
                      name=&quot;keyphrase&quot;
                      placeholder=&quot;Enter your target keyphrase&quot;
                      value=&quot;&quot;
                    /&gt;
                  &lt;/div&gt;
                &lt;/div&gt;
                &lt;div
                  class=&quot;border-t pt-4 mt-4&quot;
                &gt;
                  &lt;div
                    class=&quot;flex items-center justify-between mb-4&quot;
                  &gt;
                    &lt;div&gt;
                      &lt;h3
                        class=&quot;text-lg font-semibold&quot;
                      &gt;
                        Advanced Analysis
                      &lt;/h3&gt;
                      &lt;p
                        class=&quot;text-sm text-muted-foreground&quot;
                      &gt;
                        Add secondary keywords and specify page type for more targeted SEO analysis
                      &lt;/p&gt;
                    &lt;/div&gt;
                    &lt;div
                      class=&quot;flex items-center space-x-2&quot;
                    &gt;
                      &lt;button
                        aria-checked=&quot;false&quot;
                        class=&quot;peer inline-flex h-6 w-11 shrink-0 cursor-pointer items-center rounded-full border-2 border-transparent transition-colors focus-visible:outline-none focus-visible:ring-2 focus-visible:ring-ring focus-visible:ring-offset-2 focus-visible:ring-offset-background disabled:cursor-not-allowed disabled:opacity-50 data-[state=checked]:bg-primary data-[state=unchecked]:bg-input&quot;
                        data-state=&quot;unchecked&quot;
                        role=&quot;switch&quot;
                        type=&quot;button&quot;
                        value=&quot;on&quot;
                      &gt;
                        &lt;span
                          class=&quot;pointer-events-none block h-5 w-5 rounded-full bg-background shadow-lg ring-0 transition-transform data-[state=checked]:translate-x-5 data-[state=unchecked]:translate-x-0&quot;
                          data-state=&quot;unchecked&quot;
                        /&gt;
                      &lt;/button&gt;
                      &lt;input
                        aria-hidden=&quot;true&quot;
                        style=&quot;transform: translateX(-100%); width: 200px; height: 100px&quot;
                        tabindex=&quot;-1&quot;
                        type=&quot;checkbox&quot;
                        value=&quot;on&quot;
                      /&gt;
                      &lt;span
                        class=&quot;text-sm&quot;
                      &gt;
                        Off
                      &lt;/span&gt;
                    &lt;/div&gt;
                  &lt;/div&gt;
                &lt;/div&gt;
                &lt;div
                  class=&quot;w-full pt-2&quot;
                &gt;
                  &lt;button
                    class=&quot;inline-flex items-center justify-center gap-2 whitespace-nowrap rounded-md text-sm font-medium ring-offset-background transition-colors focus-visible:outline-none focus-visible:ring-2 focus-visible:ring-ring focus-visible:ring-offset-2 disabled:pointer-events-none disabled:opacity-50 [&amp;_svg]:pointer-events-none [&amp;_svg]:size-4 [&amp;_svg]:shrink-0 [&amp;_svg]:text-current bg-primary text-primary-foreground hover:bg-primary/90 px-4 py-2 w-full h-11 cursor-pointer&quot;
                    type=&quot;submit&quot;
                  &gt;
                    Start optimizing your SEO
      ...

Ignored nodes: comments, script, style
&lt;html&gt;
  &lt;head /&gt;
  &lt;body&gt;
    &lt;div&gt;
      &lt;div
        class=&quot;min-h-screen bg-background p-4 md:p-6 flex flex-col&quot;
        style=&quot;color: #FFFFFF&quot;
      &gt;
        &lt;div
          class=&quot;mx-auto w-full max-w-3xl space-y-6 flex-grow&quot;
        &gt;
          &lt;div
            class=&quot;w-full&quot;
          &gt;
            &lt;div
              class=&quot;rounded-lg border bg-background2 text-card-foreground shadow-sm w-full&quot;
            &gt;
              &lt;div
                class=&quot;flex flex-col space-y-1.5 p-6&quot;
              &gt;
                &lt;h3
                  class=&quot;text-2xl font-semibold leading-none tracking-tight text-center&quot;
                &gt;
                  SEO Analysis Tool
                &lt;/h3&gt;
              &lt;/div&gt;
              &lt;div
                class=&quot;p-6 pt-0&quot;
              &gt;
                &lt;form
                  class=&quot;space-y-5 w-full&quot;
                &gt;
                  &lt;div
                    class=&quot;space-y-2 w-full&quot;
                  &gt;
                    &lt;div
                      class=&quot;flex justify-between items-center mb-1&quot;
                    &gt;
                      &lt;label
                        class=&quot;text-sm font-medium leading-none peer-disabled:cursor-not-allowed peer-disabled:opacity-70 mb-0&quot;
                        for=&quot;«r1c»-form-item&quot;
                      &gt;
                        Target keyphrase
                      &lt;/label&gt;
                      &lt;span
                        class=&quot;text-xs font-medium&quot;
                        style=&quot;color: var(--redText)&quot;
                      &gt;
                        No keyword saved
                      &lt;/span&gt;
                    &lt;/div&gt;
                    &lt;div
                      aria-describedby=&quot;«r1c»-form-item-description&quot;
                      aria-invalid=&quot;false&quot;
                      class=&quot;mt-2 w-full mt-2&quot;
                      id=&quot;«r1c»-form-item&quot;
                    &gt;
                      &lt;input
                        class=&quot;flex h-10 rounded-md border border-input bg-background px-3 py-2 text-sm ring-offset-background file:border-0 file:bg-transparent file:text-sm file:font-medium file:text-foreground placeholder:text-muted-foreground focus-visible:outline-none focus-visible:ring-2 focus-visible:ring-ring focus-visible:ring-offset-2 disabled:cursor-not-allowed disabled:opacity-50 w-full&quot;
                        name=&quot;keyphrase&quot;
                        placeholder=&quot;Enter your target keyphrase&quot;
                        value=&quot;&quot;
                      /&gt;
                    &lt;/div&gt;
                  &lt;/div&gt;
                  &lt;div
                    class=&quot;border-t pt-4 mt-4&quot;
                  &gt;
                    &lt;div
                      class=&quot;flex items-center justify-between mb-4&quot;
                    &gt;
                      &lt;div&gt;
                        &lt;h3
                          class=&quot;text-lg font-semibold&quot;
                        &gt;
                          Advanced Analysis
                        &lt;/h3&gt;
                        &lt;p
                          class=&quot;text-sm text-muted-foreground&quot;
                        &gt;
                          Add secondary keywords and specify page type for more targeted SEO analysis
                        &lt;/p&gt;
                      &lt;/div&gt;
                      &lt;div
                        class=&quot;flex items-center space-x-2&quot;
                      &gt;
                        &lt;button
                          aria-checked=&quot;false&quot;
                          class=&quot;peer inline-flex h-6 w-11 shrink-0 cursor-pointer items-center rounded-full border-2 border-transparent transition-colors focus-visible:outline-none focus-visible:ring-2 focus-visible:ring-ring focus-visible:ring-offset-2 focus-visible:ring-offset-background disabled:cursor-not-allowed disabled:opacity-50 data-[state=checked]:bg-primary data-[state=unchecked]:bg-input&quot;
                          data-state=&quot;unchecked&quot;
                          role=&quot;switch&quot;
                          type=&quot;button&quot;
                          value=&quot;on&quot;
                        &gt;
                          &lt;span
                            class=&quot;pointer-events-none block h-5 w-5 rounded-full bg-background shadow-lg ring-0 transition-transform data-[state=checked]:translate-x-5 data-[state=unchecked]:translate-x-0&quot;
                            data-state=&quot;unchecked&quot;
                          /&gt;
                        &lt;/button&gt;
                        &lt;input
                          aria-hidden=&quot;true&quot;
                          style=&quot;transform: translateX(-100%); width: 200px; height: 100px&quot;
                          tabindex=&quot;-1&quot;
                          type=&quot;checkbox&quot;
                          value=&quot;on&quot;
                        /&gt;
                        &lt;span
                          class=&quot;text-sm&quot;
                        &gt;
                          Off
                        &lt;/span&gt;
                      &lt;/div&gt;
                    &lt;/div&gt;
                  &lt;/div&gt;
                  &lt;div
                    class=&quot;w-full pt-2&quot;
                  &gt;
                    &lt;button
                      class=&quot;inline-flex items-center justify-center gap-2 whitespace-nowrap rounded-md text-sm font-medium ring-offset-background transition-colors focus-visible:outline-none focus-visible:ring-2 focus-visible:ring-ring focus-visible:ring-offset-2 disabled:pointer-events-none disabled:opacity-50 [&amp;_svg]:pointer-events-none [&amp;_svg]:size-4 [&amp;_svg]:...
 ❯ Proxy.waitFor node_modules/.pnpm/@testing-library+dom@10.4.1/node_modules/@testing-library/dom/dist/wait-for.js:163:27
 ❯ client/src/pages/Home.test.tsx:617:11
            </failure>
        </testcase>
        <testcase classname="client/src/pages/Home.test.tsx" name="Home Component &gt; handles multiple SEO check categories correctly" time="15.3226214">
            <system-out>
[InsertionContext] No OAuth token available - will use Designer Extension APIs directly
[WebflowInsertion] Webflow Designer context detected
[WebflowDesignerDetection] === WEBFLOW API INSPECTION ===
[WebflowDesignerDetection] typeof window.webflow: object
[WebflowDesignerDetection] window.webflow: {
  getCurrentPage: [Function: spy] {
    getMockName: [36m[Function (anonymous)][39m,
    mockName: [36m[Function (anonymous)][39m,
    mockClear: [36m[Function (anonymous)][39m,
    mockReset: [36m[Function (anonymous)][39m,
    mockRestore: [36m[Function (anonymous)][39m,
    getMockImplementation: [36m[Function (anonymous)][39m,
    mockImplementation: [36m[Function (anonymous)][39m,
    mockImplementationOnce: [36m[Function (anonymous)][39m,
    withImplementation: [36m[Function: withImplementation][39m,
    mockReturnThis: [36m[Function (anonymous)][39m,
    mockReturnValue: [36m[Function (anonymous)][39m,
    mockReturnValueOnce: [36m[Function (anonymous)][39m,
    mockResolvedValue: [36m[Function (anonymous)][39m,
    mockResolvedValueOnce: [36m[Function (anonymous)][39m,
    mockRejectedValue: [36m[Function (anonymous)][39m,
    mockRejectedValueOnce: [36m[Function (anonymous)][39m,
    [[32mSymbol(nodejs.dispose)[39m]: [36m[Function (anonymous)][39m
  },
  getSiteInfo: [Function: spy] {
    getMockName: [36m[Function (anonymous)][39m,
    mockName: [36m[Function (anonymous)][39m,
    mockClear: [36m[Function (anonymous)][39m,
    mockReset: [36m[Function (anonymous)][39m,
    mockRestore: [36m[Function (anonymous)][39m,
    getMockImplementation: [36m[Function (anonymous)][39m,
    mockImplementation: [36m[Function (anonymous)][39m,
    mockImplementationOnce: [36m[Function (anonymous)][39m,
    withImplementation: [36m[Function: withImplementation][39m,
    mockReturnThis: [36m[Function (anonymous)][39m,
    mockReturnValue: [36m[Function (anonymous)][39m,
    mockReturnValueOnce: [36m[Function (anonymous)][39m,
    mockResolvedValue: [36m[Function (anonymous)][39m,
    mockResolvedValueOnce: [36m[Function (anonymous)][39m,
    mockRejectedValue: [36m[Function (anonymous)][39m,
    mockRejectedValueOnce: [36m[Function (anonymous)][39m,
    [[32mSymbol(nodejs.dispose)[39m]: [36m[Function (anonymous)][39m
  },
  subscribe: [Function: spy] {
    getMockName: [36m[Function (anonymous)][39m,
    mockName: [36m[Function (anonymous)][39m,
    mockClear: [36m[Function (anonymous)][39m,
    mockReset: [36m[Function (anonymous)][39m,
    mockRestore: [36m[Function (anonymous)][39m,
    getMockImplementation: [36m[Function (anonymous)][39m,
    mockImplementation: [36m[Function (anonymous)][39m,
    mockImplementationOnce: [36m[Function (anonymous)][39m,
    withImplementation: [36m[Function: withImplementation][39m,
    mockReturnThis: [36m[Function (anonymous)][39m,
    mockReturnValue: [36m[Function (anonymous)][39m,
    mockReturnValueOnce: [36m[Function (anonymous)][39m,
    mockResolvedValue: [36m[Function (anonymous)][39m,
    mockResolvedValueOnce: [36m[Function (anonymous)][39m,
    mockRejectedValue: [36m[Function (anonymous)][39m,
    mockRejectedValueOnce: [36m[Function (anonymous)][39m,
    [[32mSymbol(nodejs.dispose)[39m]: [36m[Function (anonymous)][39m
  }
}
[WebflowDesignerDetection] Available webflow properties: [ [32m&apos;getCurrentPage&apos;[39m, [32m&apos;getSiteInfo&apos;[39m, [32m&apos;subscribe&apos;[39m ]
[WebflowDesignerDetection] Available webflow methods: [ [32m&apos;getCurrentPage&apos;[39m, [32m&apos;getSiteInfo&apos;[39m, [32m&apos;subscribe&apos;[39m ]
[WebflowDesignerDetection] Method &apos;getCurrentPage&apos;: {
  type: [32m&apos;function&apos;[39m,
  length: [33m0[39m,
  name: [32m&apos;spy&apos;[39m,
  toString: [32m&apos;function(...args) {\n&apos;[39m +
    [32m&apos;    let state2 = getInternalState(fn);\n&apos;[39m +
    [32m&apos;    state2.called = !0, state2.callCount++, state2.calls.push(args);\n&apos;[39m +
    [32m&apos;    let next = state2.next.shift();\n&apos;[39m +
    [32m&apos;    if (next) {\n&apos;[39m +
    [32m&apos;      state2.results...&apos;[39m
}
[WebflowDesignerDetection] Method &apos;getSiteInfo&apos;: {
  type: [32m&apos;function&apos;[39m,
  length: [33m0[39m,
  name: [32m&apos;spy&apos;[39m,
  toString: [32m&apos;function(...args) {\n&apos;[39m +
    [32m&apos;    let state2 = getInternalState(fn);\n&apos;[39m +
    [32m&apos;    state2.called = !0, state2.callCount++, state2.calls.push(args);\n&apos;[39m +
    [32m&apos;    let next = state2.next.shift();\n&apos;[39m +
    [32m&apos;    if (next) {\n&apos;[39m +
    [32m&apos;      state2.results...&apos;[39m
}
[WebflowDesignerDetection] Method &apos;subscribe&apos;: {
  type: [32m&apos;function&apos;[39m,
  length: [33m0[39m,
  name: [32m&apos;spy&apos;[39m,
  toString: [32m&apos;function(...args) {\n&apos;[39m +
    [32m&apos;    let state2 = getInternalState(fn);\n&apos;[39m +
    [32m&apos;    state2.called = !0, state2.callCount++, state2.calls.push(args);\n&apos;[39m +
    [32m&apos;    let next = state2.next.shift();\n&apos;[39m +
    [32m&apos;    if (next) {\n&apos;[39m +
    [32m&apos;      state2.results...&apos;[39m
}
[WebflowDesignerDetection] Prototype methods: [
  [32m&apos;constructor&apos;[39m,
  [32m&apos;__defineGetter__&apos;[39m,
  [32m&apos;__defineSetter__&apos;[39m,
  [32m&apos;hasOwnProperty&apos;[39m,
  [32m&apos;__lookupGetter__&apos;[39m,
  [32m&apos;__lookupSetter__&apos;[39m,
  [32m&apos;isPrototypeOf&apos;[39m,
  [32m&apos;propertyIsEnumerable&apos;[39m,
  [32m&apos;toString&apos;[39m,
  [32m&apos;valueOf&apos;[39m,
  [32m&apos;__proto__&apos;[39m,
  [32m&apos;toLocaleString&apos;[39m
]
[WebflowDesignerAPI] Detected capabilities: {
  canReadPageInfo: [33mtrue[39m,
  canUpdatePageTitle: [33mfalse[39m,
  canUpdatePageMeta: [33mfalse[39m,
  canUpdatePageSlug: [33mfalse[39m,
  canAddCustomCode: [33mfalse[39m,
  canUpdateCMS: [33mfalse[39m,
  canManipulateElements: [33mfalse[39m,
  canSelectElements: [33mfalse[39m,
  hasElementBuilder: [33mfalse[39m,
  availableMethods: [ [32m&apos;getCurrentPage&apos;[39m, [32m&apos;getSiteInfo&apos;[39m, [32m&apos;subscribe&apos;[39m ]
}
[WebflowInsertion] Using Webflow Designer Extension APIs for modifications

[AuthContext] No OAuth token found - Designer Extension will use Designer APIs directly

            </system-out>
            <system-err>
Failed to initialize page keywords: TypeError: Cannot read properties of undefined (reading &apos;pageType&apos;)
    at initializePageKeywords [90m(C:\Users\Paul Mulligan\PMDS\Projects\AI-SEO-Copilot-for-Webflow\[39mclient\src\pages\Home.tsx:542:34[90m)[39m

            </system-err>
            <failure message="Unable to find an element with the text: /Meta SEO/i. This could be because the text is broken up by multiple elements. In this case, you can provide a function for your text matcher to make your matcher more flexible.

Ignored nodes: comments, script, style
[36m&lt;body&gt;[39m
  [36m&lt;div&gt;[39m
    [36m&lt;div[39m
      [33mclass[39m=[32m&quot;min-h-screen bg-background p-4 md:p-6 flex flex-col&quot;[39m
      [33mstyle[39m=[32m&quot;color: #FFFFFF&quot;[39m
    [36m&gt;[39m
      [36m&lt;div[39m
        [33mclass[39m=[32m&quot;mx-auto w-full max-w-3xl space-y-6 flex-grow&quot;[39m
      [36m&gt;[39m
        [36m&lt;div[39m
          [33mclass[39m=[32m&quot;w-full&quot;[39m
        [36m&gt;[39m
          [36m&lt;div[39m
            [33mclass[39m=[32m&quot;rounded-lg border bg-background2 text-card-foreground shadow-sm w-full&quot;[39m
          [36m&gt;[39m
            [36m&lt;div[39m
              [33mclass[39m=[32m&quot;flex flex-col space-y-1.5 p-6&quot;[39m
            [36m&gt;[39m
              [36m&lt;h3[39m
                [33mclass[39m=[32m&quot;text-2xl font-semibold leading-none tracking-tight text-center&quot;[39m
              [36m&gt;[39m
                [0mSEO Analysis Tool[0m
              [36m&lt;/h3&gt;[39m
            [36m&lt;/div&gt;[39m
            [36m&lt;div[39m
              [33mclass[39m=[32m&quot;p-6 pt-0&quot;[39m
            [36m&gt;[39m
              [36m&lt;form[39m
                [33mclass[39m=[32m&quot;space-y-5 w-full&quot;[39m
              [36m&gt;[39m
                [36m&lt;div[39m
                  [33mclass[39m=[32m&quot;space-y-2 w-full&quot;[39m
                [36m&gt;[39m
                  [36m&lt;div[39m
                    [33mclass[39m=[32m&quot;flex justify-between items-center mb-1&quot;[39m
                  [36m&gt;[39m
                    [36m&lt;label[39m
                      [33mclass[39m=[32m&quot;text-sm font-medium leading-none peer-disabled:cursor-not-allowed peer-disabled:opacity-70 mb-0&quot;[39m
                      [33mfor[39m=[32m&quot;«r1f»-form-item&quot;[39m
                    [36m&gt;[39m
                      [0mTarget keyphrase[0m
                    [36m&lt;/label&gt;[39m
                    [36m&lt;span[39m
                      [33mclass[39m=[32m&quot;text-xs font-medium&quot;[39m
                      [33mstyle[39m=[32m&quot;color: var(--redText)&quot;[39m
                    [36m&gt;[39m
                      [0mNo keyword saved[0m
                    [36m&lt;/span&gt;[39m
                  [36m&lt;/div&gt;[39m
                  [36m&lt;div[39m
                    [33maria-describedby[39m=[32m&quot;«r1f»-form-item-description&quot;[39m
                    [33maria-invalid[39m=[32m&quot;false&quot;[39m
                    [33mclass[39m=[32m&quot;mt-2 w-full mt-2&quot;[39m
                    [33mid[39m=[32m&quot;«r1f»-form-item&quot;[39m
                  [36m&gt;[39m
                    [36m&lt;input[39m
                      [33mclass[39m=[32m&quot;flex h-10 rounded-md border border-input bg-background px-3 py-2 text-sm ring-offset-background file:border-0 file:bg-transparent file:text-sm file:font-medium file:text-foreground placeholder:text-muted-foreground focus-visible:outline-none focus-visible:ring-2 focus-visible:ring-ring focus-visible:ring-offset-2 disabled:cursor-not-allowed disabled:opacity-50 w-full&quot;[39m
                      [33mname[39m=[32m&quot;keyphrase&quot;[39m
                      [33mplaceholder[39m=[32m&quot;Enter your target keyphrase&quot;[39m
                      [33mvalue[39m=[32m&quot;&quot;[39m
                    [36m/&gt;[39m
                  [36m&lt;/div&gt;[39m
                [36m&lt;/div&gt;[39m
                [36m&lt;div[39m
                  [33mclass[39m=[32m&quot;border-t pt-4 mt-4&quot;[39m
                [36m&gt;[39m
                  [36m&lt;div[39m
                    [33mclass[39m=[32m&quot;flex items-center justify-between mb-4&quot;[39m
                  [36m&gt;[39m
                    [36m&lt;div&gt;[39m
                      [36m&lt;h3[39m
                        [33mclass[39m=[32m&quot;text-lg font-semibold&quot;[39m
                      [36m&gt;[39m
                        [0mAdvanced Analysis[0m
                      [36m&lt;/h3&gt;[39m
                      [36m&lt;p[39m
                        [33mclass[39m=[32m&quot;text-sm text-muted-foreground&quot;[39m
                      [36m&gt;[39m
                        [0mAdd secondary keywords and specify page type for more targeted SEO analysis[0m
                      [36m&lt;/p&gt;[39m
                    [36m&lt;/div&gt;[39m
                    [36m&lt;div[39m
                      [33mclass[39m=[32m&quot;flex items-center space-x-2&quot;[39m
                    [36m&gt;[39m
                      [36m&lt;button[39m
                        [33maria-checked[39m=[32m&quot;false&quot;[39m
                        [33mclass[39m=[32m&quot;peer inline-flex h-6 w-11 shrink-0 cursor-pointer items-center rounded-full border-2 border-transparent transition-colors focus-visible:outline-none focus-visible:ring-2 focus-visible:ring-ring focus-visible:ring-offset-2 focus-visible:ring-offset-background disabled:cursor-not-allowed disabled:opacity-50 data-[state=checked]:bg-primary data-[state=unchecked]:bg-input&quot;[39m
                        [33mdata-state[39m=[32m&quot;unchecked&quot;[39m
                        [33mrole[39m=[32m&quot;switch&quot;[39m
                        [33mtype[39m=[32m&quot;button&quot;[39m
                        [33mvalue[39m=[32m&quot;on&quot;[39m
                      [36m&gt;[39m
                        [36m&lt;span[39m
                          [33mclass[39m=[32m&quot;pointer-events-none block h-5 w-5 rounded-full bg-background shadow-lg ring-0 transition-transform data-[state=checked]:translate-x-5 data-[state=unchecked]:translate-x-0&quot;[39m
                          [33mdata-state[39m=[32m&quot;unchecked&quot;[39m
                        [36m/&gt;[39m
                      [36m&lt;/button&gt;[39m
                      [36m&lt;input[39m
                        [33maria-hidden[39m=[32m&quot;true&quot;[39m
                        [33mstyle[39m=[32m&quot;transform: translateX(-100%); width: 200px; height: 100px&quot;[39m
                        [33mtabindex[39m=[32m&quot;-1&quot;[39m
                        [33mtype[39m=[32m&quot;checkbox&quot;[39m
                        [33mvalue[39m=[32m&quot;on&quot;[39m
                      [36m/&gt;[39m
                      [36m&lt;span[39m
                        [33mclass[39m=[32m&quot;text-sm&quot;[39m
                      [36m&gt;[39m
                        [0mOff[0m
                      [36m&lt;/span&gt;[39m
                    [36m&lt;/div&gt;[39m
                  [36m&lt;/div&gt;[39m
                [36m&lt;/div&gt;[39m
                [36m&lt;div[39m
                  [33mclass[39m=[32m&quot;w-full pt-2&quot;[39m
                [36m&gt;[39m
                  [36m&lt;button[39m
                    [33mclass[39m=[32m&quot;inline-flex items-center justify-center gap-2 whitespace-nowrap rounded-md text-sm font-medium ring-offset-background transition-colors focus-visible:outline-none focus-visible:ring-2 focus-visible:ring-ring focus-visible:ring-offset-2 disabled:pointer-events-none disabled:opacity-50 [&amp;_svg]:pointer-events-none [&amp;_svg]:size-4 [&amp;_svg]:shrink-0 [&amp;_svg]:text-current bg-primary text-primary-foreground hover:bg-primary/90 px-4 py-2 w-full h-11 cursor-pointer&quot;[39m
                    [33mtype[39m=[32m&quot;submit&quot;[39m
                  [36m&gt;[39m
                    [0mStart optimizing your SEO[0m
      ...

Ignored nodes: comments, script, style
[36m&lt;html&gt;[39m
  [36m&lt;head /&gt;[39m
  [36m&lt;body&gt;[39m
    [36m&lt;div&gt;[39m
      [36m&lt;div[39m
        [33mclass[39m=[32m&quot;min-h-screen bg-background p-4 md:p-6 flex flex-col&quot;[39m
        [33mstyle[39m=[32m&quot;color: #FFFFFF&quot;[39m
      [36m&gt;[39m
        [36m&lt;div[39m
          [33mclass[39m=[32m&quot;mx-auto w-full max-w-3xl space-y-6 flex-grow&quot;[39m
        [36m&gt;[39m
          [36m&lt;div[39m
            [33mclass[39m=[32m&quot;w-full&quot;[39m
          [36m&gt;[39m
            [36m&lt;div[39m
              [33mclass[39m=[32m&quot;rounded-lg border bg-background2 text-card-foreground shadow-sm w-full&quot;[39m
            [36m&gt;[39m
              [36m&lt;div[39m
                [33mclass[39m=[32m&quot;flex flex-col space-y-1.5 p-6&quot;[39m
              [36m&gt;[39m
                [36m&lt;h3[39m
                  [33mclass[39m=[32m&quot;text-2xl font-semibold leading-none tracking-tight text-center&quot;[39m
                [36m&gt;[39m
                  [0mSEO Analysis Tool[0m
                [36m&lt;/h3&gt;[39m
              [36m&lt;/div&gt;[39m
              [36m&lt;div[39m
                [33mclass[39m=[32m&quot;p-6 pt-0&quot;[39m
              [36m&gt;[39m
                [36m&lt;form[39m
                  [33mclass[39m=[32m&quot;space-y-5 w-full&quot;[39m
                [36m&gt;[39m
                  [36m&lt;div[39m
                    [33mclass[39m=[32m&quot;space-y-2 w-full&quot;[39m
                  [36m&gt;[39m
                    [36m&lt;div[39m
                      [33mclass[39m=[32m&quot;flex justify-between items-center mb-1&quot;[39m
                    [36m&gt;[39m
                      [36m&lt;label[39m
                        [33mclass[39m=[32m&quot;text-sm font-medium leading-none peer-disabled:cursor-not-allowed peer-disabled:opacity-70 mb-0&quot;[39m
                        [33mfor[39m=[32m&quot;«r1f»-form-item&quot;[39m
                      [36m&gt;[39m
                        [0mTarget keyphrase[0m
                      [36m&lt;/label&gt;[39m
                      [36m&lt;span[39m
                        [33mclass[39m=[32m&quot;text-xs font-medium&quot;[39m
                        [33mstyle[39m=[32m&quot;color: var(--redText)&quot;[39m
                      [36m&gt;[39m
                        [0mNo keyword saved[0m
                      [36m&lt;/span&gt;[39m
                    [36m&lt;/div&gt;[39m
                    [36m&lt;div[39m
                      [33maria-describedby[39m=[32m&quot;«r1f»-form-item-description&quot;[39m
                      [33maria-invalid[39m=[32m&quot;false&quot;[39m
                      [33mclass[39m=[32m&quot;mt-2 w-full mt-2&quot;[39m
                      [33mid[39m=[32m&quot;«r1f»-form-item&quot;[39m
                    [36m&gt;[39m
                      [36m&lt;input[39m
                        [33mclass[39m=[32m&quot;flex h-10 rounded-md border border-input bg-background px-3 py-2 text-sm ring-offset-background file:border-0 file:bg-transparent file:text-sm file:font-medium file:text-foreground placeholder:text-muted-foreground focus-visible:outline-none focus-visible:ring-2 focus-visible:ring-ring focus-visible:ring-offset-2 disabled:cursor-not-allowed disabled:opacity-50 w-full&quot;[39m
                        [33mname[39m=[32m&quot;keyphrase&quot;[39m
                        [33mplaceholder[39m=[32m&quot;Enter your target keyphrase&quot;[39m
                        [33mvalue[39m=[32m&quot;&quot;[39m
                      [36m/&gt;[39m
                    [36m&lt;/div&gt;[39m
                  [36m&lt;/div&gt;[39m
                  [36m&lt;div[39m
                    [33mclass[39m=[32m&quot;border-t pt-4 mt-4&quot;[39m
                  [36m&gt;[39m
                    [36m&lt;div[39m
                      [33mclass[39m=[32m&quot;flex items-center justify-between mb-4&quot;[39m
                    [36m&gt;[39m
                      [36m&lt;div&gt;[39m
                        [36m&lt;h3[39m
                          [33mclass[39m=[32m&quot;text-lg font-semibold&quot;[39m
                        [36m&gt;[39m
                          [0mAdvanced Analysis[0m
                        [36m&lt;/h3&gt;[39m
                        [36m&lt;p[39m
                          [33mclass[39m=[32m&quot;text-sm text-muted-foreground&quot;[39m
                        [36m&gt;[39m
                          [0mAdd secondary keywords and specify page type for more targeted SEO analysis[0m
                        [36m&lt;/p&gt;[39m
                      [36m&lt;/div&gt;[39m
                      [36m&lt;div[39m
                        [33mclass[39m=[32m&quot;flex items-center space-x-2&quot;[39m
                      [36m&gt;[39m
                        [36m&lt;button[39m
                          [33maria-checked[39m=[32m&quot;false&quot;[39m
                          [33mclass[39m=[32m&quot;peer inline-flex h-6 w-11 shrink-0 cursor-pointer items-center rounded-full border-2 border-transparent transition-colors focus-visible:outline-none focus-visible:ring-2 focus-visible:ring-ring focus-visible:ring-offset-2 focus-visible:ring-offset-background disabled:cursor-not-allowed disabled:opacity-50 data-[state=checked]:bg-primary data-[state=unchecked]:bg-input&quot;[39m
                          [33mdata-state[39m=[32m&quot;unchecked&quot;[39m
                          [33mrole[39m=[32m&quot;switch&quot;[39m
                          [33mtype[39m=[32m&quot;button&quot;[39m
                          [33mvalue[39m=[32m&quot;on&quot;[39m
                        [36m&gt;[39m
                          [36m&lt;span[39m
                            [33mclass[39m=[32m&quot;pointer-events-none block h-5 w-5 rounded-full bg-background shadow-lg ring-0 transition-transform data-[state=checked]:translate-x-5 data-[state=unchecked]:translate-x-0&quot;[39m
                            [33mdata-state[39m=[32m&quot;unchecked&quot;[39m
                          [36m/&gt;[39m
                        [36m&lt;/button&gt;[39m
                        [36m&lt;input[39m
                          [33maria-hidden[39m=[32m&quot;true&quot;[39m
                          [33mstyle[39m=[32m&quot;transform: translateX(-100%); width: 200px; height: 100px&quot;[39m
                          [33mtabindex[39m=[32m&quot;-1&quot;[39m
                          [33mtype[39m=[32m&quot;checkbox&quot;[39m
                          [33mvalue[39m=[32m&quot;on&quot;[39m
                        [36m/&gt;[39m
                        [36m&lt;span[39m
                          [33mclass[39m=[32m&quot;text-sm&quot;[39m
                        [36m&gt;[39m
                          [0mOff[0m
                        [36m&lt;/span&gt;[39m
                      [36m&lt;/div&gt;[39m
                    [36m&lt;/div&gt;[39m
                  [36m&lt;/div&gt;[39m
                  [36m&lt;div[39m
                    [33mclass[39m=[32m&quot;w-full pt-2&quot;[39m
                  [36m&gt;[39m
                    [36m&lt;button[39m
                      [33mclass[39m=[32m&quot;inline-flex items-center justify-center gap-2 whitespace-nowrap rounded-md text-sm font-medium ring-offset-background transition-colors focus-visible:outline-none focus-visible:ring-2 focus-visible:ring-ring focus-visible:ring-offset-2 disabled:pointer-events-none disabled:opacity-50 [&amp;_svg]:pointer-events-none [&amp;_svg]:size-4 [&amp;_svg]:..." type="TestingLibraryElementError">
TestingLibraryElementError: Unable to find an element with the text: /Meta SEO/i. This could be because the text is broken up by multiple elements. In this case, you can provide a function for your text matcher to make your matcher more flexible.

Ignored nodes: comments, script, style
&lt;body&gt;
  &lt;div&gt;
    &lt;div
      class=&quot;min-h-screen bg-background p-4 md:p-6 flex flex-col&quot;
      style=&quot;color: #FFFFFF&quot;
    &gt;
      &lt;div
        class=&quot;mx-auto w-full max-w-3xl space-y-6 flex-grow&quot;
      &gt;
        &lt;div
          class=&quot;w-full&quot;
        &gt;
          &lt;div
            class=&quot;rounded-lg border bg-background2 text-card-foreground shadow-sm w-full&quot;
          &gt;
            &lt;div
              class=&quot;flex flex-col space-y-1.5 p-6&quot;
            &gt;
              &lt;h3
                class=&quot;text-2xl font-semibold leading-none tracking-tight text-center&quot;
              &gt;
                SEO Analysis Tool
              &lt;/h3&gt;
            &lt;/div&gt;
            &lt;div
              class=&quot;p-6 pt-0&quot;
            &gt;
              &lt;form
                class=&quot;space-y-5 w-full&quot;
              &gt;
                &lt;div
                  class=&quot;space-y-2 w-full&quot;
                &gt;
                  &lt;div
                    class=&quot;flex justify-between items-center mb-1&quot;
                  &gt;
                    &lt;label
                      class=&quot;text-sm font-medium leading-none peer-disabled:cursor-not-allowed peer-disabled:opacity-70 mb-0&quot;
                      for=&quot;«r1f»-form-item&quot;
                    &gt;
                      Target keyphrase
                    &lt;/label&gt;
                    &lt;span
                      class=&quot;text-xs font-medium&quot;
                      style=&quot;color: var(--redText)&quot;
                    &gt;
                      No keyword saved
                    &lt;/span&gt;
                  &lt;/div&gt;
                  &lt;div
                    aria-describedby=&quot;«r1f»-form-item-description&quot;
                    aria-invalid=&quot;false&quot;
                    class=&quot;mt-2 w-full mt-2&quot;
                    id=&quot;«r1f»-form-item&quot;
                  &gt;
                    &lt;input
                      class=&quot;flex h-10 rounded-md border border-input bg-background px-3 py-2 text-sm ring-offset-background file:border-0 file:bg-transparent file:text-sm file:font-medium file:text-foreground placeholder:text-muted-foreground focus-visible:outline-none focus-visible:ring-2 focus-visible:ring-ring focus-visible:ring-offset-2 disabled:cursor-not-allowed disabled:opacity-50 w-full&quot;
                      name=&quot;keyphrase&quot;
                      placeholder=&quot;Enter your target keyphrase&quot;
                      value=&quot;&quot;
                    /&gt;
                  &lt;/div&gt;
                &lt;/div&gt;
                &lt;div
                  class=&quot;border-t pt-4 mt-4&quot;
                &gt;
                  &lt;div
                    class=&quot;flex items-center justify-between mb-4&quot;
                  &gt;
                    &lt;div&gt;
                      &lt;h3
                        class=&quot;text-lg font-semibold&quot;
                      &gt;
                        Advanced Analysis
                      &lt;/h3&gt;
                      &lt;p
                        class=&quot;text-sm text-muted-foreground&quot;
                      &gt;
                        Add secondary keywords and specify page type for more targeted SEO analysis
                      &lt;/p&gt;
                    &lt;/div&gt;
                    &lt;div
                      class=&quot;flex items-center space-x-2&quot;
                    &gt;
                      &lt;button
                        aria-checked=&quot;false&quot;
                        class=&quot;peer inline-flex h-6 w-11 shrink-0 cursor-pointer items-center rounded-full border-2 border-transparent transition-colors focus-visible:outline-none focus-visible:ring-2 focus-visible:ring-ring focus-visible:ring-offset-2 focus-visible:ring-offset-background disabled:cursor-not-allowed disabled:opacity-50 data-[state=checked]:bg-primary data-[state=unchecked]:bg-input&quot;
                        data-state=&quot;unchecked&quot;
                        role=&quot;switch&quot;
                        type=&quot;button&quot;
                        value=&quot;on&quot;
                      &gt;
                        &lt;span
                          class=&quot;pointer-events-none block h-5 w-5 rounded-full bg-background shadow-lg ring-0 transition-transform data-[state=checked]:translate-x-5 data-[state=unchecked]:translate-x-0&quot;
                          data-state=&quot;unchecked&quot;
                        /&gt;
                      &lt;/button&gt;
                      &lt;input
                        aria-hidden=&quot;true&quot;
                        style=&quot;transform: translateX(-100%); width: 200px; height: 100px&quot;
                        tabindex=&quot;-1&quot;
                        type=&quot;checkbox&quot;
                        value=&quot;on&quot;
                      /&gt;
                      &lt;span
                        class=&quot;text-sm&quot;
                      &gt;
                        Off
                      &lt;/span&gt;
                    &lt;/div&gt;
                  &lt;/div&gt;
                &lt;/div&gt;
                &lt;div
                  class=&quot;w-full pt-2&quot;
                &gt;
                  &lt;button
                    class=&quot;inline-flex items-center justify-center gap-2 whitespace-nowrap rounded-md text-sm font-medium ring-offset-background transition-colors focus-visible:outline-none focus-visible:ring-2 focus-visible:ring-ring focus-visible:ring-offset-2 disabled:pointer-events-none disabled:opacity-50 [&amp;_svg]:pointer-events-none [&amp;_svg]:size-4 [&amp;_svg]:shrink-0 [&amp;_svg]:text-current bg-primary text-primary-foreground hover:bg-primary/90 px-4 py-2 w-full h-11 cursor-pointer&quot;
                    type=&quot;submit&quot;
                  &gt;
                    Start optimizing your SEO
      ...

Ignored nodes: comments, script, style
&lt;html&gt;
  &lt;head /&gt;
  &lt;body&gt;
    &lt;div&gt;
      &lt;div
        class=&quot;min-h-screen bg-background p-4 md:p-6 flex flex-col&quot;
        style=&quot;color: #FFFFFF&quot;
      &gt;
        &lt;div
          class=&quot;mx-auto w-full max-w-3xl space-y-6 flex-grow&quot;
        &gt;
          &lt;div
            class=&quot;w-full&quot;
          &gt;
            &lt;div
              class=&quot;rounded-lg border bg-background2 text-card-foreground shadow-sm w-full&quot;
            &gt;
              &lt;div
                class=&quot;flex flex-col space-y-1.5 p-6&quot;
              &gt;
                &lt;h3
                  class=&quot;text-2xl font-semibold leading-none tracking-tight text-center&quot;
                &gt;
                  SEO Analysis Tool
                &lt;/h3&gt;
              &lt;/div&gt;
              &lt;div
                class=&quot;p-6 pt-0&quot;
              &gt;
                &lt;form
                  class=&quot;space-y-5 w-full&quot;
                &gt;
                  &lt;div
                    class=&quot;space-y-2 w-full&quot;
                  &gt;
                    &lt;div
                      class=&quot;flex justify-between items-center mb-1&quot;
                    &gt;
                      &lt;label
                        class=&quot;text-sm font-medium leading-none peer-disabled:cursor-not-allowed peer-disabled:opacity-70 mb-0&quot;
                        for=&quot;«r1f»-form-item&quot;
                      &gt;
                        Target keyphrase
                      &lt;/label&gt;
                      &lt;span
                        class=&quot;text-xs font-medium&quot;
                        style=&quot;color: var(--redText)&quot;
                      &gt;
                        No keyword saved
                      &lt;/span&gt;
                    &lt;/div&gt;
                    &lt;div
                      aria-describedby=&quot;«r1f»-form-item-description&quot;
                      aria-invalid=&quot;false&quot;
                      class=&quot;mt-2 w-full mt-2&quot;
                      id=&quot;«r1f»-form-item&quot;
                    &gt;
                      &lt;input
                        class=&quot;flex h-10 rounded-md border border-input bg-background px-3 py-2 text-sm ring-offset-background file:border-0 file:bg-transparent file:text-sm file:font-medium file:text-foreground placeholder:text-muted-foreground focus-visible:outline-none focus-visible:ring-2 focus-visible:ring-ring focus-visible:ring-offset-2 disabled:cursor-not-allowed disabled:opacity-50 w-full&quot;
                        name=&quot;keyphrase&quot;
                        placeholder=&quot;Enter your target keyphrase&quot;
                        value=&quot;&quot;
                      /&gt;
                    &lt;/div&gt;
                  &lt;/div&gt;
                  &lt;div
                    class=&quot;border-t pt-4 mt-4&quot;
                  &gt;
                    &lt;div
                      class=&quot;flex items-center justify-between mb-4&quot;
                    &gt;
                      &lt;div&gt;
                        &lt;h3
                          class=&quot;text-lg font-semibold&quot;
                        &gt;
                          Advanced Analysis
                        &lt;/h3&gt;
                        &lt;p
                          class=&quot;text-sm text-muted-foreground&quot;
                        &gt;
                          Add secondary keywords and specify page type for more targeted SEO analysis
                        &lt;/p&gt;
                      &lt;/div&gt;
                      &lt;div
                        class=&quot;flex items-center space-x-2&quot;
                      &gt;
                        &lt;button
                          aria-checked=&quot;false&quot;
                          class=&quot;peer inline-flex h-6 w-11 shrink-0 cursor-pointer items-center rounded-full border-2 border-transparent transition-colors focus-visible:outline-none focus-visible:ring-2 focus-visible:ring-ring focus-visible:ring-offset-2 focus-visible:ring-offset-background disabled:cursor-not-allowed disabled:opacity-50 data-[state=checked]:bg-primary data-[state=unchecked]:bg-input&quot;
                          data-state=&quot;unchecked&quot;
                          role=&quot;switch&quot;
                          type=&quot;button&quot;
                          value=&quot;on&quot;
                        &gt;
                          &lt;span
                            class=&quot;pointer-events-none block h-5 w-5 rounded-full bg-background shadow-lg ring-0 transition-transform data-[state=checked]:translate-x-5 data-[state=unchecked]:translate-x-0&quot;
                            data-state=&quot;unchecked&quot;
                          /&gt;
                        &lt;/button&gt;
                        &lt;input
                          aria-hidden=&quot;true&quot;
                          style=&quot;transform: translateX(-100%); width: 200px; height: 100px&quot;
                          tabindex=&quot;-1&quot;
                          type=&quot;checkbox&quot;
                          value=&quot;on&quot;
                        /&gt;
                        &lt;span
                          class=&quot;text-sm&quot;
                        &gt;
                          Off
                        &lt;/span&gt;
                      &lt;/div&gt;
                    &lt;/div&gt;
                  &lt;/div&gt;
                  &lt;div
                    class=&quot;w-full pt-2&quot;
                  &gt;
                    &lt;button
                      class=&quot;inline-flex items-center justify-center gap-2 whitespace-nowrap rounded-md text-sm font-medium ring-offset-background transition-colors focus-visible:outline-none focus-visible:ring-2 focus-visible:ring-ring focus-visible:ring-offset-2 disabled:pointer-events-none disabled:opacity-50 [&amp;_svg]:pointer-events-none [&amp;_svg]:size-4 [&amp;_svg]:...
 ❯ Proxy.waitFor node_modules/.pnpm/@testing-library+dom@10.4.1/node_modules/@testing-library/dom/dist/wait-for.js:163:27
 ❯ client/src/pages/Home.test.tsx:692:11
            </failure>
        </testcase>
        <testcase classname="client/src/pages/Home.test.tsx" name="Home Component - Additional Coverage &gt; Error Handling Scenarios &gt; handles webflow API not available scenario" time="0.0194995">
            <system-out>
[InsertionContext] No OAuth token available - will use Designer Extension APIs directly
[WebflowInsertion] No Designer context, using Data API for modifications

[AuthContext] No OAuth token found - Designer Extension will use Designer APIs directly

            </system-out>
        </testcase>
        <testcase classname="client/src/pages/Home.test.tsx" name="Home Component - Additional Coverage &gt; Error Handling Scenarios &gt; handles getSiteInfo API errors" time="0.2994695">
            <system-out>
[InsertionContext] No OAuth token available - will use Designer Extension APIs directly
[WebflowInsertion] Webflow Designer context detected
[WebflowDesignerDetection] === WEBFLOW API INSPECTION ===
[WebflowDesignerDetection] typeof window.webflow: object
[WebflowDesignerDetection] window.webflow: {
  getCurrentPage: [Function: spy] {
    getMockName: [36m[Function (anonymous)][39m,
    mockName: [36m[Function (anonymous)][39m,
    mockClear: [36m[Function (anonymous)][39m,
    mockReset: [36m[Function (anonymous)][39m,
    mockRestore: [36m[Function (anonymous)][39m,
    getMockImplementation: [36m[Function (anonymous)][39m,
    mockImplementation: [36m[Function (anonymous)][39m,
    mockImplementationOnce: [36m[Function (anonymous)][39m,
    withImplementation: [36m[Function: withImplementation][39m,
    mockReturnThis: [36m[Function (anonymous)][39m,
    mockReturnValue: [36m[Function (anonymous)][39m,
    mockReturnValueOnce: [36m[Function (anonymous)][39m,
    mockResolvedValue: [36m[Function (anonymous)][39m,
    mockResolvedValueOnce: [36m[Function (anonymous)][39m,
    mockRejectedValue: [36m[Function (anonymous)][39m,
    mockRejectedValueOnce: [36m[Function (anonymous)][39m,
    [[32mSymbol(nodejs.dispose)[39m]: [36m[Function (anonymous)][39m
  },
  getSiteInfo: [Function: spy] {
    getMockName: [36m[Function (anonymous)][39m,
    mockName: [36m[Function (anonymous)][39m,
    mockClear: [36m[Function (anonymous)][39m,
    mockReset: [36m[Function (anonymous)][39m,
    mockRestore: [36m[Function (anonymous)][39m,
    getMockImplementation: [36m[Function (anonymous)][39m,
    mockImplementation: [36m[Function (anonymous)][39m,
    mockImplementationOnce: [36m[Function (anonymous)][39m,
    withImplementation: [36m[Function: withImplementation][39m,
    mockReturnThis: [36m[Function (anonymous)][39m,
    mockReturnValue: [36m[Function (anonymous)][39m,
    mockReturnValueOnce: [36m[Function (anonymous)][39m,
    mockResolvedValue: [36m[Function (anonymous)][39m,
    mockResolvedValueOnce: [36m[Function (anonymous)][39m,
    mockRejectedValue: [36m[Function (anonymous)][39m,
    mockRejectedValueOnce: [36m[Function (anonymous)][39m,
    [[32mSymbol(nodejs.dispose)[39m]: [36m[Function (anonymous)][39m
  },
  subscribe: [Function: spy] {
    getMockName: [36m[Function (anonymous)][39m,
    mockName: [36m[Function (anonymous)][39m,
    mockClear: [36m[Function (anonymous)][39m,
    mockReset: [36m[Function (anonymous)][39m,
    mockRestore: [36m[Function (anonymous)][39m,
    getMockImplementation: [36m[Function (anonymous)][39m,
    mockImplementation: [36m[Function (anonymous)][39m,
    mockImplementationOnce: [36m[Function (anonymous)][39m,
    withImplementation: [36m[Function: withImplementation][39m,
    mockReturnThis: [36m[Function (anonymous)][39m,
    mockReturnValue: [36m[Function (anonymous)][39m,
    mockReturnValueOnce: [36m[Function (anonymous)][39m,
    mockResolvedValue: [36m[Function (anonymous)][39m,
    mockResolvedValueOnce: [36m[Function (anonymous)][39m,
    mockRejectedValue: [36m[Function (anonymous)][39m,
    mockRejectedValueOnce: [36m[Function (anonymous)][39m,
    [[32mSymbol(nodejs.dispose)[39m]: [36m[Function (anonymous)][39m
  }
}
[WebflowDesignerDetection] Available webflow properties: [ [32m&apos;getCurrentPage&apos;[39m, [32m&apos;getSiteInfo&apos;[39m, [32m&apos;subscribe&apos;[39m ]
[WebflowDesignerDetection] Available webflow methods: [ [32m&apos;getCurrentPage&apos;[39m, [32m&apos;getSiteInfo&apos;[39m, [32m&apos;subscribe&apos;[39m ]
[WebflowDesignerDetection] Method &apos;getCurrentPage&apos;: {
  type: [32m&apos;function&apos;[39m,
  length: [33m0[39m,
  name: [32m&apos;spy&apos;[39m,
  toString: [32m&apos;function(...args) {\n&apos;[39m +
    [32m&apos;    let state2 = getInternalState(fn);\n&apos;[39m +
    [32m&apos;    state2.called = !0, state2.callCount++, state2.calls.push(args);\n&apos;[39m +
    [32m&apos;    let next = state2.next.shift();\n&apos;[39m +
    [32m&apos;    if (next) {\n&apos;[39m +
    [32m&apos;      state2.results...&apos;[39m
}
[WebflowDesignerDetection] Method &apos;getSiteInfo&apos;: {
  type: [32m&apos;function&apos;[39m,
  length: [33m0[39m,
  name: [32m&apos;spy&apos;[39m,
  toString: [32m&apos;function(...args) {\n&apos;[39m +
    [32m&apos;    let state2 = getInternalState(fn);\n&apos;[39m +
    [32m&apos;    state2.called = !0, state2.callCount++, state2.calls.push(args);\n&apos;[39m +
    [32m&apos;    let next = state2.next.shift();\n&apos;[39m +
    [32m&apos;    if (next) {\n&apos;[39m +
    [32m&apos;      state2.results...&apos;[39m
}
[WebflowDesignerDetection] Method &apos;subscribe&apos;: {
  type: [32m&apos;function&apos;[39m,
  length: [33m0[39m,
  name: [32m&apos;spy&apos;[39m,
  toString: [32m&apos;function(...args) {\n&apos;[39m +
    [32m&apos;    let state2 = getInternalState(fn);\n&apos;[39m +
    [32m&apos;    state2.called = !0, state2.callCount++, state2.calls.push(args);\n&apos;[39m +
    [32m&apos;    let next = state2.next.shift();\n&apos;[39m +
    [32m&apos;    if (next) {\n&apos;[39m +
    [32m&apos;      state2.results...&apos;[39m
}
[WebflowDesignerDetection] Prototype methods: [
  [32m&apos;constructor&apos;[39m,
  [32m&apos;__defineGetter__&apos;[39m,
  [32m&apos;__defineSetter__&apos;[39m,
  [32m&apos;hasOwnProperty&apos;[39m,
  [32m&apos;__lookupGetter__&apos;[39m,
  [32m&apos;__lookupSetter__&apos;[39m,
  [32m&apos;isPrototypeOf&apos;[39m,
  [32m&apos;propertyIsEnumerable&apos;[39m,
  [32m&apos;toString&apos;[39m,
  [32m&apos;valueOf&apos;[39m,
  [32m&apos;__proto__&apos;[39m,
  [32m&apos;toLocaleString&apos;[39m
]
[WebflowDesignerAPI] Detected capabilities: {
  canReadPageInfo: [33mtrue[39m,
  canUpdatePageTitle: [33mfalse[39m,
  canUpdatePageMeta: [33mfalse[39m,
  canUpdatePageSlug: [33mfalse[39m,
  canAddCustomCode: [33mfalse[39m,
  canUpdateCMS: [33mfalse[39m,
  canManipulateElements: [33mfalse[39m,
  canSelectElements: [33mfalse[39m,
  hasElementBuilder: [33mfalse[39m,
  availableMethods: [ [32m&apos;getCurrentPage&apos;[39m, [32m&apos;getSiteInfo&apos;[39m, [32m&apos;subscribe&apos;[39m ]
}
[WebflowInsertion] Using Webflow Designer Extension APIs for modifications

[AuthContext] No OAuth token found - Designer Extension will use Designer APIs directly

            </system-out>
            <system-err>
Failed to initialize page keywords: Error: Site info error
    at [90mC:\Users\Paul Mulligan\PMDS\Projects\AI-SEO-Copilot-for-Webflow\[39mclient\src\pages\Home.test.tsx:780:52
    at [90mfile:///C:/Users/Paul%20Mulligan/PMDS/Projects/AI-SEO-Copilot-for-Webflow/[39mnode_modules/[4m.pnpm[24m/@vitest+runner@3.2.4/node_modules/[4m@vitest[24m/runner/dist/chunk-hooks.js:155:11
    at [90mfile:///C:/Users/Paul%20Mulligan/PMDS/Projects/AI-SEO-Copilot-for-Webflow/[39mnode_modules/[4m.pnpm[24m/@vitest+runner@3.2.4/node_modules/[4m@vitest[24m/runner/dist/chunk-hooks.js:752:26
    at [90mfile:///C:/Users/Paul%20Mulligan/PMDS/Projects/AI-SEO-Copilot-for-Webflow/[39mnode_modules/[4m.pnpm[24m/@vitest+runner@3.2.4/node_modules/[4m@vitest[24m/runner/dist/chunk-hooks.js:1897:20
    at new Promise (&lt;anonymous&gt;)
    at runWithTimeout [90m(file:///C:/Users/Paul%20Mulligan/PMDS/Projects/AI-SEO-Copilot-for-Webflow/[39mnode_modules/[4m.pnpm[24m/@vitest+runner@3.2.4/node_modules/[4m@vitest[24m/runner/dist/chunk-hooks.js:1863:10[90m)[39m
    at runTest [90m(file:///C:/Users/Paul%20Mulligan/PMDS/Projects/AI-SEO-Copilot-for-Webflow/[39mnode_modules/[4m.pnpm[24m/@vitest+runner@3.2.4/node_modules/[4m@vitest[24m/runner/dist/chunk-hooks.js:1574:12[90m)[39m
    at runSuite [90m(file:///C:/Users/Paul%20Mulligan/PMDS/Projects/AI-SEO-Copilot-for-Webflow/[39mnode_modules/[4m.pnpm[24m/@vitest+runner@3.2.4/node_modules/[4m@vitest[24m/runner/dist/chunk-hooks.js:1729:8[90m)[39m
    at runSuite [90m(file:///C:/Users/Paul%20Mulligan/PMDS/Projects/AI-SEO-Copilot-for-Webflow/[39mnode_modules/[4m.pnpm[24m/@vitest+runner@3.2.4/node_modules/[4m@vitest[24m/runner/dist/chunk-hooks.js:1729:8[90m)[39m
    at runSuite [90m(file:///C:/Users/Paul%20Mulligan/PMDS/Projects/AI-SEO-Copilot-for-Webflow/[39mnode_modules/[4m.pnpm[24m/@vitest+runner@3.2.4/node_modules/[4m@vitest[24m/runner/dist/chunk-hooks.js:1729:8[90m)[39m

            </system-err>
        </testcase>
        <testcase classname="client/src/pages/Home.test.tsx" name="Home Component - Additional Coverage &gt; Error Handling Scenarios &gt; handles getCurrentPage API errors during analysis" time="0.2779601">
            <system-out>
[InsertionContext] No OAuth token available - will use Designer Extension APIs directly
[WebflowInsertion] Webflow Designer context detected
[WebflowDesignerDetection] === WEBFLOW API INSPECTION ===
[WebflowDesignerDetection] typeof window.webflow: object
[WebflowDesignerDetection] window.webflow: {
  getCurrentPage: [Function: spy] {
    getMockName: [36m[Function (anonymous)][39m,
    mockName: [36m[Function (anonymous)][39m,
    mockClear: [36m[Function (anonymous)][39m,
    mockReset: [36m[Function (anonymous)][39m,
    mockRestore: [36m[Function (anonymous)][39m,
    getMockImplementation: [36m[Function (anonymous)][39m,
    mockImplementation: [36m[Function (anonymous)][39m,
    mockImplementationOnce: [36m[Function (anonymous)][39m,
    withImplementation: [36m[Function: withImplementation][39m,
    mockReturnThis: [36m[Function (anonymous)][39m,
    mockReturnValue: [36m[Function (anonymous)][39m,
    mockReturnValueOnce: [36m[Function (anonymous)][39m,
    mockResolvedValue: [36m[Function (anonymous)][39m,
    mockResolvedValueOnce: [36m[Function (anonymous)][39m,
    mockRejectedValue: [36m[Function (anonymous)][39m,
    mockRejectedValueOnce: [36m[Function (anonymous)][39m,
    [[32mSymbol(nodejs.dispose)[39m]: [36m[Function (anonymous)][39m
  },
  getSiteInfo: [Function: spy] {
    getMockName: [36m[Function (anonymous)][39m,
    mockName: [36m[Function (anonymous)][39m,
    mockClear: [36m[Function (anonymous)][39m,
    mockReset: [36m[Function (anonymous)][39m,
    mockRestore: [36m[Function (anonymous)][39m,
    getMockImplementation: [36m[Function (anonymous)][39m,
    mockImplementation: [36m[Function (anonymous)][39m,
    mockImplementationOnce: [36m[Function (anonymous)][39m,
    withImplementation: [36m[Function: withImplementation][39m,
    mockReturnThis: [36m[Function (anonymous)][39m,
    mockReturnValue: [36m[Function (anonymous)][39m,
    mockReturnValueOnce: [36m[Function (anonymous)][39m,
    mockResolvedValue: [36m[Function (anonymous)][39m,
    mockResolvedValueOnce: [36m[Function (anonymous)][39m,
    mockRejectedValue: [36m[Function (anonymous)][39m,
    mockRejectedValueOnce: [36m[Function (anonymous)][39m,
    [[32mSymbol(nodejs.dispose)[39m]: [36m[Function (anonymous)][39m
  },
  subscribe: [Function: spy] {
    getMockName: [36m[Function (anonymous)][39m,
    mockName: [36m[Function (anonymous)][39m,
    mockClear: [36m[Function (anonymous)][39m,
    mockReset: [36m[Function (anonymous)][39m,
    mockRestore: [36m[Function (anonymous)][39m,
    getMockImplementation: [36m[Function (anonymous)][39m,
    mockImplementation: [36m[Function (anonymous)][39m,
    mockImplementationOnce: [36m[Function (anonymous)][39m,
    withImplementation: [36m[Function: withImplementation][39m,
    mockReturnThis: [36m[Function (anonymous)][39m,
    mockReturnValue: [36m[Function (anonymous)][39m,
    mockReturnValueOnce: [36m[Function (anonymous)][39m,
    mockResolvedValue: [36m[Function (anonymous)][39m,
    mockResolvedValueOnce: [36m[Function (anonymous)][39m,
    mockRejectedValue: [36m[Function (anonymous)][39m,
    mockRejectedValueOnce: [36m[Function (anonymous)][39m,
    [[32mSymbol(nodejs.dispose)[39m]: [36m[Function (anonymous)][39m
  }
}
[WebflowDesignerDetection] Available webflow properties: [ [32m&apos;getCurrentPage&apos;[39m, [32m&apos;getSiteInfo&apos;[39m, [32m&apos;subscribe&apos;[39m ]
[WebflowDesignerDetection] Available webflow methods: [ [32m&apos;getCurrentPage&apos;[39m, [32m&apos;getSiteInfo&apos;[39m, [32m&apos;subscribe&apos;[39m ]
[WebflowDesignerDetection] Method &apos;getCurrentPage&apos;: {
  type: [32m&apos;function&apos;[39m,
  length: [33m0[39m,
  name: [32m&apos;spy&apos;[39m,
  toString: [32m&apos;function(...args) {\n&apos;[39m +
    [32m&apos;    let state2 = getInternalState(fn);\n&apos;[39m +
    [32m&apos;    state2.called = !0, state2.callCount++, state2.calls.push(args);\n&apos;[39m +
    [32m&apos;    let next = state2.next.shift();\n&apos;[39m +
    [32m&apos;    if (next) {\n&apos;[39m +
    [32m&apos;      state2.results...&apos;[39m
}
[WebflowDesignerDetection] Method &apos;getSiteInfo&apos;: {
  type: [32m&apos;function&apos;[39m,
  length: [33m0[39m,
  name: [32m&apos;spy&apos;[39m,
  toString: [32m&apos;function(...args) {\n&apos;[39m +
    [32m&apos;    let state2 = getInternalState(fn);\n&apos;[39m +
    [32m&apos;    state2.called = !0, state2.callCount++, state2.calls.push(args);\n&apos;[39m +
    [32m&apos;    let next = state2.next.shift();\n&apos;[39m +
    [32m&apos;    if (next) {\n&apos;[39m +
    [32m&apos;      state2.results...&apos;[39m
}
[WebflowDesignerDetection] Method &apos;subscribe&apos;: {
  type: [32m&apos;function&apos;[39m,
  length: [33m0[39m,
  name: [32m&apos;spy&apos;[39m,
  toString: [32m&apos;function(...args) {\n&apos;[39m +
    [32m&apos;    let state2 = getInternalState(fn);\n&apos;[39m +
    [32m&apos;    state2.called = !0, state2.callCount++, state2.calls.push(args);\n&apos;[39m +
    [32m&apos;    let next = state2.next.shift();\n&apos;[39m +
    [32m&apos;    if (next) {\n&apos;[39m +
    [32m&apos;      state2.results...&apos;[39m
}
[WebflowDesignerDetection] Prototype methods: [
  [32m&apos;constructor&apos;[39m,
  [32m&apos;__defineGetter__&apos;[39m,
  [32m&apos;__defineSetter__&apos;[39m,
  [32m&apos;hasOwnProperty&apos;[39m,
  [32m&apos;__lookupGetter__&apos;[39m,
  [32m&apos;__lookupSetter__&apos;[39m,
  [32m&apos;isPrototypeOf&apos;[39m,
  [32m&apos;propertyIsEnumerable&apos;[39m,
  [32m&apos;toString&apos;[39m,
  [32m&apos;valueOf&apos;[39m,
  [32m&apos;__proto__&apos;[39m,
  [32m&apos;toLocaleString&apos;[39m
]
[WebflowDesignerAPI] Detected capabilities: {
  canReadPageInfo: [33mtrue[39m,
  canUpdatePageTitle: [33mfalse[39m,
  canUpdatePageMeta: [33mfalse[39m,
  canUpdatePageSlug: [33mfalse[39m,
  canAddCustomCode: [33mfalse[39m,
  canUpdateCMS: [33mfalse[39m,
  canManipulateElements: [33mfalse[39m,
  canSelectElements: [33mfalse[39m,
  hasElementBuilder: [33mfalse[39m,
  availableMethods: [ [32m&apos;getCurrentPage&apos;[39m, [32m&apos;getSiteInfo&apos;[39m, [32m&apos;subscribe&apos;[39m ]
}
[WebflowInsertion] Using Webflow Designer Extension APIs for modifications

[AuthContext] No OAuth token found - Designer Extension will use Designer APIs directly

            </system-out>
            <system-err>
Failed to initialize page keywords: Error: Page fetch error
    at [90mC:\Users\Paul Mulligan\PMDS\Projects\AI-SEO-Copilot-for-Webflow\[39mclient\src\pages\Home.test.tsx:801:28
    at [90mfile:///C:/Users/Paul%20Mulligan/PMDS/Projects/AI-SEO-Copilot-for-Webflow/[39mnode_modules/[4m.pnpm[24m/@vitest+runner@3.2.4/node_modules/[4m@vitest[24m/runner/dist/chunk-hooks.js:155:11
    at [90mfile:///C:/Users/Paul%20Mulligan/PMDS/Projects/AI-SEO-Copilot-for-Webflow/[39mnode_modules/[4m.pnpm[24m/@vitest+runner@3.2.4/node_modules/[4m@vitest[24m/runner/dist/chunk-hooks.js:752:26
    at [90mfile:///C:/Users/Paul%20Mulligan/PMDS/Projects/AI-SEO-Copilot-for-Webflow/[39mnode_modules/[4m.pnpm[24m/@vitest+runner@3.2.4/node_modules/[4m@vitest[24m/runner/dist/chunk-hooks.js:1897:20
    at new Promise (&lt;anonymous&gt;)
    at runWithTimeout [90m(file:///C:/Users/Paul%20Mulligan/PMDS/Projects/AI-SEO-Copilot-for-Webflow/[39mnode_modules/[4m.pnpm[24m/@vitest+runner@3.2.4/node_modules/[4m@vitest[24m/runner/dist/chunk-hooks.js:1863:10[90m)[39m
    at runTest [90m(file:///C:/Users/Paul%20Mulligan/PMDS/Projects/AI-SEO-Copilot-for-Webflow/[39mnode_modules/[4m.pnpm[24m/@vitest+runner@3.2.4/node_modules/[4m@vitest[24m/runner/dist/chunk-hooks.js:1574:12[90m)[39m
    at runSuite [90m(file:///C:/Users/Paul%20Mulligan/PMDS/Projects/AI-SEO-Copilot-for-Webflow/[39mnode_modules/[4m.pnpm[24m/@vitest+runner@3.2.4/node_modules/[4m@vitest[24m/runner/dist/chunk-hooks.js:1729:8[90m)[39m
    at runSuite [90m(file:///C:/Users/Paul%20Mulligan/PMDS/Projects/AI-SEO-Copilot-for-Webflow/[39mnode_modules/[4m.pnpm[24m/@vitest+runner@3.2.4/node_modules/[4m@vitest[24m/runner/dist/chunk-hooks.js:1729:8[90m)[39m
    at runSuite [90m(file:///C:/Users/Paul%20Mulligan/PMDS/Projects/AI-SEO-Copilot-for-Webflow/[39mnode_modules/[4m.pnpm[24m/@vitest+runner@3.2.4/node_modules/[4m@vitest[24m/runner/dist/chunk-hooks.js:1729:8[90m)[39m

            </system-err>
        </testcase>
        <testcase classname="client/src/pages/Home.test.tsx" name="Home Component - Additional Coverage &gt; Page Change Subscription &gt; handles page path changes correctly" time="0.3812301">
            <system-out>
[InsertionContext] No OAuth token available - will use Designer Extension APIs directly
[WebflowInsertion] Webflow Designer context detected
[WebflowDesignerDetection] === WEBFLOW API INSPECTION ===
[WebflowDesignerDetection] typeof window.webflow: object
[WebflowDesignerDetection] window.webflow: {
  getCurrentPage: [Function: spy] {
    getMockName: [36m[Function (anonymous)][39m,
    mockName: [36m[Function (anonymous)][39m,
    mockClear: [36m[Function (anonymous)][39m,
    mockReset: [36m[Function (anonymous)][39m,
    mockRestore: [36m[Function (anonymous)][39m,
    getMockImplementation: [36m[Function (anonymous)][39m,
    mockImplementation: [36m[Function (anonymous)][39m,
    mockImplementationOnce: [36m[Function (anonymous)][39m,
    withImplementation: [36m[Function: withImplementation][39m,
    mockReturnThis: [36m[Function (anonymous)][39m,
    mockReturnValue: [36m[Function (anonymous)][39m,
    mockReturnValueOnce: [36m[Function (anonymous)][39m,
    mockResolvedValue: [36m[Function (anonymous)][39m,
    mockResolvedValueOnce: [36m[Function (anonymous)][39m,
    mockRejectedValue: [36m[Function (anonymous)][39m,
    mockRejectedValueOnce: [36m[Function (anonymous)][39m,
    [[32mSymbol(nodejs.dispose)[39m]: [36m[Function (anonymous)][39m
  },
  getSiteInfo: [Function: spy] {
    getMockName: [36m[Function (anonymous)][39m,
    mockName: [36m[Function (anonymous)][39m,
    mockClear: [36m[Function (anonymous)][39m,
    mockReset: [36m[Function (anonymous)][39m,
    mockRestore: [36m[Function (anonymous)][39m,
    getMockImplementation: [36m[Function (anonymous)][39m,
    mockImplementation: [36m[Function (anonymous)][39m,
    mockImplementationOnce: [36m[Function (anonymous)][39m,
    withImplementation: [36m[Function: withImplementation][39m,
    mockReturnThis: [36m[Function (anonymous)][39m,
    mockReturnValue: [36m[Function (anonymous)][39m,
    mockReturnValueOnce: [36m[Function (anonymous)][39m,
    mockResolvedValue: [36m[Function (anonymous)][39m,
    mockResolvedValueOnce: [36m[Function (anonymous)][39m,
    mockRejectedValue: [36m[Function (anonymous)][39m,
    mockRejectedValueOnce: [36m[Function (anonymous)][39m,
    [[32mSymbol(nodejs.dispose)[39m]: [36m[Function (anonymous)][39m
  },
  subscribe: [Function: spy] {
    getMockName: [36m[Function (anonymous)][39m,
    mockName: [36m[Function (anonymous)][39m,
    mockClear: [36m[Function (anonymous)][39m,
    mockReset: [36m[Function (anonymous)][39m,
    mockRestore: [36m[Function (anonymous)][39m,
    getMockImplementation: [36m[Function (anonymous)][39m,
    mockImplementation: [36m[Function (anonymous)][39m,
    mockImplementationOnce: [36m[Function (anonymous)][39m,
    withImplementation: [36m[Function: withImplementation][39m,
    mockReturnThis: [36m[Function (anonymous)][39m,
    mockReturnValue: [36m[Function (anonymous)][39m,
    mockReturnValueOnce: [36m[Function (anonymous)][39m,
    mockResolvedValue: [36m[Function (anonymous)][39m,
    mockResolvedValueOnce: [36m[Function (anonymous)][39m,
    mockRejectedValue: [36m[Function (anonymous)][39m,
    mockRejectedValueOnce: [36m[Function (anonymous)][39m,
    [[32mSymbol(nodejs.dispose)[39m]: [36m[Function (anonymous)][39m
  }
}
[WebflowDesignerDetection] Available webflow properties: [ [32m&apos;getCurrentPage&apos;[39m, [32m&apos;getSiteInfo&apos;[39m, [32m&apos;subscribe&apos;[39m ]
[WebflowDesignerDetection] Available webflow methods: [ [32m&apos;getCurrentPage&apos;[39m, [32m&apos;getSiteInfo&apos;[39m, [32m&apos;subscribe&apos;[39m ]
[WebflowDesignerDetection] Method &apos;getCurrentPage&apos;: {
  type: [32m&apos;function&apos;[39m,
  length: [33m0[39m,
  name: [32m&apos;spy&apos;[39m,
  toString: [32m&apos;function(...args) {\n&apos;[39m +
    [32m&apos;    let state2 = getInternalState(fn);\n&apos;[39m +
    [32m&apos;    state2.called = !0, state2.callCount++, state2.calls.push(args);\n&apos;[39m +
    [32m&apos;    let next = state2.next.shift();\n&apos;[39m +
    [32m&apos;    if (next) {\n&apos;[39m +
    [32m&apos;      state2.results...&apos;[39m
}
[WebflowDesignerDetection] Method &apos;getSiteInfo&apos;: {
  type: [32m&apos;function&apos;[39m,
  length: [33m0[39m,
  name: [32m&apos;spy&apos;[39m,
  toString: [32m&apos;function(...args) {\n&apos;[39m +
    [32m&apos;    let state2 = getInternalState(fn);\n&apos;[39m +
    [32m&apos;    state2.called = !0, state2.callCount++, state2.calls.push(args);\n&apos;[39m +
    [32m&apos;    let next = state2.next.shift();\n&apos;[39m +
    [32m&apos;    if (next) {\n&apos;[39m +
    [32m&apos;      state2.results...&apos;[39m
}
[WebflowDesignerDetection] Method &apos;subscribe&apos;: {
  type: [32m&apos;function&apos;[39m,
  length: [33m2[39m,
  name: [32m&apos;spy&apos;[39m,
  toString: [32m&apos;function(...args) {\n&apos;[39m +
    [32m&apos;    let state2 = getInternalState(fn);\n&apos;[39m +
    [32m&apos;    state2.called = !0, state2.callCount++, state2.calls.push(args);\n&apos;[39m +
    [32m&apos;    let next = state2.next.shift();\n&apos;[39m +
    [32m&apos;    if (next) {\n&apos;[39m +
    [32m&apos;      state2.results...&apos;[39m
}
[WebflowDesignerDetection] Prototype methods: [
  [32m&apos;constructor&apos;[39m,
  [32m&apos;__defineGetter__&apos;[39m,
  [32m&apos;__defineSetter__&apos;[39m,
  [32m&apos;hasOwnProperty&apos;[39m,
  [32m&apos;__lookupGetter__&apos;[39m,
  [32m&apos;__lookupSetter__&apos;[39m,
  [32m&apos;isPrototypeOf&apos;[39m,
  [32m&apos;propertyIsEnumerable&apos;[39m,
  [32m&apos;toString&apos;[39m,
  [32m&apos;valueOf&apos;[39m,
  [32m&apos;__proto__&apos;[39m,
  [32m&apos;toLocaleString&apos;[39m
]
[WebflowDesignerAPI] Detected capabilities: {
  canReadPageInfo: [33mtrue[39m,
  canUpdatePageTitle: [33mfalse[39m,
  canUpdatePageMeta: [33mfalse[39m,
  canUpdatePageSlug: [33mfalse[39m,
  canAddCustomCode: [33mfalse[39m,
  canUpdateCMS: [33mfalse[39m,
  canManipulateElements: [33mfalse[39m,
  canSelectElements: [33mfalse[39m,
  hasElementBuilder: [33mfalse[39m,
  availableMethods: [ [32m&apos;getCurrentPage&apos;[39m, [32m&apos;getSiteInfo&apos;[39m, [32m&apos;subscribe&apos;[39m ]
}
[WebflowInsertion] Using Webflow Designer Extension APIs for modifications

[AuthContext] No OAuth token found - Designer Extension will use Designer APIs directly

Home: Page changed to: /test-page - reloading app

            </system-out>
            <system-err>
Failed to initialize page keywords: TypeError: Cannot read properties of undefined (reading &apos;pageType&apos;)
    at initializePageKeywords [90m(C:\Users\Paul Mulligan\PMDS\Projects\AI-SEO-Copilot-for-Webflow\[39mclient\src\pages\Home.tsx:542:34[90m)[39m

            </system-err>
        </testcase>
        <testcase classname="client/src/pages/Home.test.tsx" name="Home Component - Additional Coverage &gt; Page Change Subscription &gt; does not reload when page path remains the same" time="0.0201402">
            <system-out>
[InsertionContext] No OAuth token available - will use Designer Extension APIs directly
[WebflowInsertion] Webflow Designer context detected
[WebflowDesignerDetection] === WEBFLOW API INSPECTION ===
[WebflowDesignerDetection] typeof window.webflow: object
[WebflowDesignerDetection] window.webflow: {
  getCurrentPage: [Function: spy] {
    getMockName: [36m[Function (anonymous)][39m,
    mockName: [36m[Function (anonymous)][39m,
    mockClear: [36m[Function (anonymous)][39m,
    mockReset: [36m[Function (anonymous)][39m,
    mockRestore: [36m[Function (anonymous)][39m,
    getMockImplementation: [36m[Function (anonymous)][39m,
    mockImplementation: [36m[Function (anonymous)][39m,
    mockImplementationOnce: [36m[Function (anonymous)][39m,
    withImplementation: [36m[Function: withImplementation][39m,
    mockReturnThis: [36m[Function (anonymous)][39m,
    mockReturnValue: [36m[Function (anonymous)][39m,
    mockReturnValueOnce: [36m[Function (anonymous)][39m,
    mockResolvedValue: [36m[Function (anonymous)][39m,
    mockResolvedValueOnce: [36m[Function (anonymous)][39m,
    mockRejectedValue: [36m[Function (anonymous)][39m,
    mockRejectedValueOnce: [36m[Function (anonymous)][39m,
    [[32mSymbol(nodejs.dispose)[39m]: [36m[Function (anonymous)][39m
  },
  getSiteInfo: [Function: spy] {
    getMockName: [36m[Function (anonymous)][39m,
    mockName: [36m[Function (anonymous)][39m,
    mockClear: [36m[Function (anonymous)][39m,
    mockReset: [36m[Function (anonymous)][39m,
    mockRestore: [36m[Function (anonymous)][39m,
    getMockImplementation: [36m[Function (anonymous)][39m,
    mockImplementation: [36m[Function (anonymous)][39m,
    mockImplementationOnce: [36m[Function (anonymous)][39m,
    withImplementation: [36m[Function: withImplementation][39m,
    mockReturnThis: [36m[Function (anonymous)][39m,
    mockReturnValue: [36m[Function (anonymous)][39m,
    mockReturnValueOnce: [36m[Function (anonymous)][39m,
    mockResolvedValue: [36m[Function (anonymous)][39m,
    mockResolvedValueOnce: [36m[Function (anonymous)][39m,
    mockRejectedValue: [36m[Function (anonymous)][39m,
    mockRejectedValueOnce: [36m[Function (anonymous)][39m,
    [[32mSymbol(nodejs.dispose)[39m]: [36m[Function (anonymous)][39m
  },
  subscribe: [Function: spy] {
    getMockName: [36m[Function (anonymous)][39m,
    mockName: [36m[Function (anonymous)][39m,
    mockClear: [36m[Function (anonymous)][39m,
    mockReset: [36m[Function (anonymous)][39m,
    mockRestore: [36m[Function (anonymous)][39m,
    getMockImplementation: [36m[Function (anonymous)][39m,
    mockImplementation: [36m[Function (anonymous)][39m,
    mockImplementationOnce: [36m[Function (anonymous)][39m,
    withImplementation: [36m[Function: withImplementation][39m,
    mockReturnThis: [36m[Function (anonymous)][39m,
    mockReturnValue: [36m[Function (anonymous)][39m,
    mockReturnValueOnce: [36m[Function (anonymous)][39m,
    mockResolvedValue: [36m[Function (anonymous)][39m,
    mockResolvedValueOnce: [36m[Function (anonymous)][39m,
    mockRejectedValue: [36m[Function (anonymous)][39m,
    mockRejectedValueOnce: [36m[Function (anonymous)][39m,
    [[32mSymbol(nodejs.dispose)[39m]: [36m[Function (anonymous)][39m
  }
}
[WebflowDesignerDetection] Available webflow properties: [ [32m&apos;getCurrentPage&apos;[39m, [32m&apos;getSiteInfo&apos;[39m, [32m&apos;subscribe&apos;[39m ]
[WebflowDesignerDetection] Available webflow methods: [ [32m&apos;getCurrentPage&apos;[39m, [32m&apos;getSiteInfo&apos;[39m, [32m&apos;subscribe&apos;[39m ]
[WebflowDesignerDetection] Method &apos;getCurrentPage&apos;: {
  type: [32m&apos;function&apos;[39m,
  length: [33m0[39m,
  name: [32m&apos;spy&apos;[39m,
  toString: [32m&apos;function(...args) {\n&apos;[39m +
    [32m&apos;    let state2 = getInternalState(fn);\n&apos;[39m +
    [32m&apos;    state2.called = !0, state2.callCount++, state2.calls.push(args);\n&apos;[39m +
    [32m&apos;    let next = state2.next.shift();\n&apos;[39m +
    [32m&apos;    if (next) {\n&apos;[39m +
    [32m&apos;      state2.results...&apos;[39m
}
[WebflowDesignerDetection] Method &apos;getSiteInfo&apos;: {
  type: [32m&apos;function&apos;[39m,
  length: [33m0[39m,
  name: [32m&apos;spy&apos;[39m,
  toString: [32m&apos;function(...args) {\n&apos;[39m +
    [32m&apos;    let state2 = getInternalState(fn);\n&apos;[39m +
    [32m&apos;    state2.called = !0, state2.callCount++, state2.calls.push(args);\n&apos;[39m +
    [32m&apos;    let next = state2.next.shift();\n&apos;[39m +
    [32m&apos;    if (next) {\n&apos;[39m +
    [32m&apos;      state2.results...&apos;[39m
}
[WebflowDesignerDetection] Method &apos;subscribe&apos;: {
  type: [32m&apos;function&apos;[39m,
  length: [33m2[39m,
  name: [32m&apos;spy&apos;[39m,
  toString: [32m&apos;function(...args) {\n&apos;[39m +
    [32m&apos;    let state2 = getInternalState(fn);\n&apos;[39m +
    [32m&apos;    state2.called = !0, state2.callCount++, state2.calls.push(args);\n&apos;[39m +
    [32m&apos;    let next = state2.next.shift();\n&apos;[39m +
    [32m&apos;    if (next) {\n&apos;[39m +
    [32m&apos;      state2.results...&apos;[39m
}
[WebflowDesignerDetection] Prototype methods: [
  [32m&apos;constructor&apos;[39m,
  [32m&apos;__defineGetter__&apos;[39m,
  [32m&apos;__defineSetter__&apos;[39m,
  [32m&apos;hasOwnProperty&apos;[39m,
  [32m&apos;__lookupGetter__&apos;[39m,
  [32m&apos;__lookupSetter__&apos;[39m,
  [32m&apos;isPrototypeOf&apos;[39m,
  [32m&apos;propertyIsEnumerable&apos;[39m,
  [32m&apos;toString&apos;[39m,
  [32m&apos;valueOf&apos;[39m,
  [32m&apos;__proto__&apos;[39m,
  [32m&apos;toLocaleString&apos;[39m
]
[WebflowDesignerAPI] Detected capabilities: {
  canReadPageInfo: [33mtrue[39m,
  canUpdatePageTitle: [33mfalse[39m,
  canUpdatePageMeta: [33mfalse[39m,
  canUpdatePageSlug: [33mfalse[39m,
  canAddCustomCode: [33mfalse[39m,
  canUpdateCMS: [33mfalse[39m,
  canManipulateElements: [33mfalse[39m,
  canSelectElements: [33mfalse[39m,
  hasElementBuilder: [33mfalse[39m,
  availableMethods: [ [32m&apos;getCurrentPage&apos;[39m, [32m&apos;getSiteInfo&apos;[39m, [32m&apos;subscribe&apos;[39m ]
}
[WebflowInsertion] Using Webflow Designer Extension APIs for modifications

[AuthContext] No OAuth token found - Designer Extension will use Designer APIs directly

            </system-out>
            <system-err>
Failed to initialize page keywords: TypeError: Cannot read properties of undefined (reading &apos;pageType&apos;)
    at initializePageKeywords [90m(C:\Users\Paul Mulligan\PMDS\Projects\AI-SEO-Copilot-for-Webflow\[39mclient\src\pages\Home.tsx:542:34[90m)[39m

            </system-err>
        </testcase>
        <testcase classname="client/src/pages/Home.test.tsx" name="Home Component - Additional Coverage &gt; Page Change Subscription &gt; handles page change subscription errors" time="0.0186002">
            <system-out>
[InsertionContext] No OAuth token available - will use Designer Extension APIs directly
[WebflowInsertion] Webflow Designer context detected
[WebflowDesignerDetection] === WEBFLOW API INSPECTION ===
[WebflowDesignerDetection] typeof window.webflow: object
[WebflowDesignerDetection] window.webflow: {
  getCurrentPage: [Function: spy] {
    getMockName: [36m[Function (anonymous)][39m,
    mockName: [36m[Function (anonymous)][39m,
    mockClear: [36m[Function (anonymous)][39m,
    mockReset: [36m[Function (anonymous)][39m,
    mockRestore: [36m[Function (anonymous)][39m,
    getMockImplementation: [36m[Function (anonymous)][39m,
    mockImplementation: [36m[Function (anonymous)][39m,
    mockImplementationOnce: [36m[Function (anonymous)][39m,
    withImplementation: [36m[Function: withImplementation][39m,
    mockReturnThis: [36m[Function (anonymous)][39m,
    mockReturnValue: [36m[Function (anonymous)][39m,
    mockReturnValueOnce: [36m[Function (anonymous)][39m,
    mockResolvedValue: [36m[Function (anonymous)][39m,
    mockResolvedValueOnce: [36m[Function (anonymous)][39m,
    mockRejectedValue: [36m[Function (anonymous)][39m,
    mockRejectedValueOnce: [36m[Function (anonymous)][39m,
    [[32mSymbol(nodejs.dispose)[39m]: [36m[Function (anonymous)][39m
  },
  getSiteInfo: [Function: spy] {
    getMockName: [36m[Function (anonymous)][39m,
    mockName: [36m[Function (anonymous)][39m,
    mockClear: [36m[Function (anonymous)][39m,
    mockReset: [36m[Function (anonymous)][39m,
    mockRestore: [36m[Function (anonymous)][39m,
    getMockImplementation: [36m[Function (anonymous)][39m,
    mockImplementation: [36m[Function (anonymous)][39m,
    mockImplementationOnce: [36m[Function (anonymous)][39m,
    withImplementation: [36m[Function: withImplementation][39m,
    mockReturnThis: [36m[Function (anonymous)][39m,
    mockReturnValue: [36m[Function (anonymous)][39m,
    mockReturnValueOnce: [36m[Function (anonymous)][39m,
    mockResolvedValue: [36m[Function (anonymous)][39m,
    mockResolvedValueOnce: [36m[Function (anonymous)][39m,
    mockRejectedValue: [36m[Function (anonymous)][39m,
    mockRejectedValueOnce: [36m[Function (anonymous)][39m,
    [[32mSymbol(nodejs.dispose)[39m]: [36m[Function (anonymous)][39m
  },
  subscribe: [Function: spy] {
    getMockName: [36m[Function (anonymous)][39m,
    mockName: [36m[Function (anonymous)][39m,
    mockClear: [36m[Function (anonymous)][39m,
    mockReset: [36m[Function (anonymous)][39m,
    mockRestore: [36m[Function (anonymous)][39m,
    getMockImplementation: [36m[Function (anonymous)][39m,
    mockImplementation: [36m[Function (anonymous)][39m,
    mockImplementationOnce: [36m[Function (anonymous)][39m,
    withImplementation: [36m[Function: withImplementation][39m,
    mockReturnThis: [36m[Function (anonymous)][39m,
    mockReturnValue: [36m[Function (anonymous)][39m,
    mockReturnValueOnce: [36m[Function (anonymous)][39m,
    mockResolvedValue: [36m[Function (anonymous)][39m,
    mockResolvedValueOnce: [36m[Function (anonymous)][39m,
    mockRejectedValue: [36m[Function (anonymous)][39m,
    mockRejectedValueOnce: [36m[Function (anonymous)][39m,
    [[32mSymbol(nodejs.dispose)[39m]: [36m[Function (anonymous)][39m
  }
}
[WebflowDesignerDetection] Available webflow properties: [ [32m&apos;getCurrentPage&apos;[39m, [32m&apos;getSiteInfo&apos;[39m, [32m&apos;subscribe&apos;[39m ]
[WebflowDesignerDetection] Available webflow methods: [ [32m&apos;getCurrentPage&apos;[39m, [32m&apos;getSiteInfo&apos;[39m, [32m&apos;subscribe&apos;[39m ]
[WebflowDesignerDetection] Method &apos;getCurrentPage&apos;: {
  type: [32m&apos;function&apos;[39m,
  length: [33m0[39m,
  name: [32m&apos;spy&apos;[39m,
  toString: [32m&apos;function(...args) {\n&apos;[39m +
    [32m&apos;    let state2 = getInternalState(fn);\n&apos;[39m +
    [32m&apos;    state2.called = !0, state2.callCount++, state2.calls.push(args);\n&apos;[39m +
    [32m&apos;    let next = state2.next.shift();\n&apos;[39m +
    [32m&apos;    if (next) {\n&apos;[39m +
    [32m&apos;      state2.results...&apos;[39m
}
[WebflowDesignerDetection] Method &apos;getSiteInfo&apos;: {
  type: [32m&apos;function&apos;[39m,
  length: [33m0[39m,
  name: [32m&apos;spy&apos;[39m,
  toString: [32m&apos;function(...args) {\n&apos;[39m +
    [32m&apos;    let state2 = getInternalState(fn);\n&apos;[39m +
    [32m&apos;    state2.called = !0, state2.callCount++, state2.calls.push(args);\n&apos;[39m +
    [32m&apos;    let next = state2.next.shift();\n&apos;[39m +
    [32m&apos;    if (next) {\n&apos;[39m +
    [32m&apos;      state2.results...&apos;[39m
}
[WebflowDesignerDetection] Method &apos;subscribe&apos;: {
  type: [32m&apos;function&apos;[39m,
  length: [33m2[39m,
  name: [32m&apos;spy&apos;[39m,
  toString: [32m&apos;function(...args) {\n&apos;[39m +
    [32m&apos;    let state2 = getInternalState(fn);\n&apos;[39m +
    [32m&apos;    state2.called = !0, state2.callCount++, state2.calls.push(args);\n&apos;[39m +
    [32m&apos;    let next = state2.next.shift();\n&apos;[39m +
    [32m&apos;    if (next) {\n&apos;[39m +
    [32m&apos;      state2.results...&apos;[39m
}
[WebflowDesignerDetection] Prototype methods: [
  [32m&apos;constructor&apos;[39m,
  [32m&apos;__defineGetter__&apos;[39m,
  [32m&apos;__defineSetter__&apos;[39m,
  [32m&apos;hasOwnProperty&apos;[39m,
  [32m&apos;__lookupGetter__&apos;[39m,
  [32m&apos;__lookupSetter__&apos;[39m,
  [32m&apos;isPrototypeOf&apos;[39m,
  [32m&apos;propertyIsEnumerable&apos;[39m,
  [32m&apos;toString&apos;[39m,
  [32m&apos;valueOf&apos;[39m,
  [32m&apos;__proto__&apos;[39m,
  [32m&apos;toLocaleString&apos;[39m
]
[WebflowDesignerAPI] Detected capabilities: {
  canReadPageInfo: [33mtrue[39m,
  canUpdatePageTitle: [33mfalse[39m,
  canUpdatePageMeta: [33mfalse[39m,
  canUpdatePageSlug: [33mfalse[39m,
  canAddCustomCode: [33mfalse[39m,
  canUpdateCMS: [33mfalse[39m,
  canManipulateElements: [33mfalse[39m,
  canSelectElements: [33mfalse[39m,
  hasElementBuilder: [33mfalse[39m,
  availableMethods: [ [32m&apos;getCurrentPage&apos;[39m, [32m&apos;getSiteInfo&apos;[39m, [32m&apos;subscribe&apos;[39m ]
}
[WebflowInsertion] Using Webflow Designer Extension APIs for modifications

[AuthContext] No OAuth token found - Designer Extension will use Designer APIs directly

            </system-out>
            <system-err>
Failed to initialize page keywords: Error: Page change error
    at [90mC:\Users\Paul Mulligan\PMDS\Projects\AI-SEO-Copilot-for-Webflow\[39mclient\src\pages\Home.test.tsx:906:28
    at [90mfile:///C:/Users/Paul%20Mulligan/PMDS/Projects/AI-SEO-Copilot-for-Webflow/[39mnode_modules/[4m.pnpm[24m/@vitest+runner@3.2.4/node_modules/[4m@vitest[24m/runner/dist/chunk-hooks.js:155:11
    at [90mfile:///C:/Users/Paul%20Mulligan/PMDS/Projects/AI-SEO-Copilot-for-Webflow/[39mnode_modules/[4m.pnpm[24m/@vitest+runner@3.2.4/node_modules/[4m@vitest[24m/runner/dist/chunk-hooks.js:752:26
    at [90mfile:///C:/Users/Paul%20Mulligan/PMDS/Projects/AI-SEO-Copilot-for-Webflow/[39mnode_modules/[4m.pnpm[24m/@vitest+runner@3.2.4/node_modules/[4m@vitest[24m/runner/dist/chunk-hooks.js:1897:20
    at new Promise (&lt;anonymous&gt;)
    at runWithTimeout [90m(file:///C:/Users/Paul%20Mulligan/PMDS/Projects/AI-SEO-Copilot-for-Webflow/[39mnode_modules/[4m.pnpm[24m/@vitest+runner@3.2.4/node_modules/[4m@vitest[24m/runner/dist/chunk-hooks.js:1863:10[90m)[39m
    at runTest [90m(file:///C:/Users/Paul%20Mulligan/PMDS/Projects/AI-SEO-Copilot-for-Webflow/[39mnode_modules/[4m.pnpm[24m/@vitest+runner@3.2.4/node_modules/[4m@vitest[24m/runner/dist/chunk-hooks.js:1574:12[90m)[39m
[90m    at runNextTicks (node:internal/process/task_queues:65:5)[39m
[90m    at listOnTimeout (node:internal/timers:549:9)[39m
[90m    at processTimers (node:internal/timers:523:7)[39m

            </system-err>
        </testcase>
        <testcase classname="client/src/pages/Home.test.tsx" name="Home Component - Additional Coverage &gt; Test Mode Functionality &gt; shows test button in development mode" time="0.0167051">
            <system-out>
[InsertionContext] No OAuth token available - will use Designer Extension APIs directly
[WebflowInsertion] Webflow Designer context detected
[WebflowDesignerDetection] === WEBFLOW API INSPECTION ===
[WebflowDesignerDetection] typeof window.webflow: object
[WebflowDesignerDetection] window.webflow: {
  getCurrentPage: [Function: spy] {
    getMockName: [36m[Function (anonymous)][39m,
    mockName: [36m[Function (anonymous)][39m,
    mockClear: [36m[Function (anonymous)][39m,
    mockReset: [36m[Function (anonymous)][39m,
    mockRestore: [36m[Function (anonymous)][39m,
    getMockImplementation: [36m[Function (anonymous)][39m,
    mockImplementation: [36m[Function (anonymous)][39m,
    mockImplementationOnce: [36m[Function (anonymous)][39m,
    withImplementation: [36m[Function: withImplementation][39m,
    mockReturnThis: [36m[Function (anonymous)][39m,
    mockReturnValue: [36m[Function (anonymous)][39m,
    mockReturnValueOnce: [36m[Function (anonymous)][39m,
    mockResolvedValue: [36m[Function (anonymous)][39m,
    mockResolvedValueOnce: [36m[Function (anonymous)][39m,
    mockRejectedValue: [36m[Function (anonymous)][39m,
    mockRejectedValueOnce: [36m[Function (anonymous)][39m,
    [[32mSymbol(nodejs.dispose)[39m]: [36m[Function (anonymous)][39m
  },
  getSiteInfo: [Function: spy] {
    getMockName: [36m[Function (anonymous)][39m,
    mockName: [36m[Function (anonymous)][39m,
    mockClear: [36m[Function (anonymous)][39m,
    mockReset: [36m[Function (anonymous)][39m,
    mockRestore: [36m[Function (anonymous)][39m,
    getMockImplementation: [36m[Function (anonymous)][39m,
    mockImplementation: [36m[Function (anonymous)][39m,
    mockImplementationOnce: [36m[Function (anonymous)][39m,
    withImplementation: [36m[Function: withImplementation][39m,
    mockReturnThis: [36m[Function (anonymous)][39m,
    mockReturnValue: [36m[Function (anonymous)][39m,
    mockReturnValueOnce: [36m[Function (anonymous)][39m,
    mockResolvedValue: [36m[Function (anonymous)][39m,
    mockResolvedValueOnce: [36m[Function (anonymous)][39m,
    mockRejectedValue: [36m[Function (anonymous)][39m,
    mockRejectedValueOnce: [36m[Function (anonymous)][39m,
    [[32mSymbol(nodejs.dispose)[39m]: [36m[Function (anonymous)][39m
  },
  subscribe: [Function: spy] {
    getMockName: [36m[Function (anonymous)][39m,
    mockName: [36m[Function (anonymous)][39m,
    mockClear: [36m[Function (anonymous)][39m,
    mockReset: [36m[Function (anonymous)][39m,
    mockRestore: [36m[Function (anonymous)][39m,
    getMockImplementation: [36m[Function (anonymous)][39m,
    mockImplementation: [36m[Function (anonymous)][39m,
    mockImplementationOnce: [36m[Function (anonymous)][39m,
    withImplementation: [36m[Function: withImplementation][39m,
    mockReturnThis: [36m[Function (anonymous)][39m,
    mockReturnValue: [36m[Function (anonymous)][39m,
    mockReturnValueOnce: [36m[Function (anonymous)][39m,
    mockResolvedValue: [36m[Function (anonymous)][39m,
    mockResolvedValueOnce: [36m[Function (anonymous)][39m,
    mockRejectedValue: [36m[Function (anonymous)][39m,
    mockRejectedValueOnce: [36m[Function (anonymous)][39m,
    [[32mSymbol(nodejs.dispose)[39m]: [36m[Function (anonymous)][39m
  }
}
[WebflowDesignerDetection] Available webflow properties: [ [32m&apos;getCurrentPage&apos;[39m, [32m&apos;getSiteInfo&apos;[39m, [32m&apos;subscribe&apos;[39m ]
[WebflowDesignerDetection] Available webflow methods: [ [32m&apos;getCurrentPage&apos;[39m, [32m&apos;getSiteInfo&apos;[39m, [32m&apos;subscribe&apos;[39m ]
[WebflowDesignerDetection] Method &apos;getCurrentPage&apos;: {
  type: [32m&apos;function&apos;[39m,
  length: [33m0[39m,
  name: [32m&apos;spy&apos;[39m,
  toString: [32m&apos;function(...args) {\n&apos;[39m +
    [32m&apos;    let state2 = getInternalState(fn);\n&apos;[39m +
    [32m&apos;    state2.called = !0, state2.callCount++, state2.calls.push(args);\n&apos;[39m +
    [32m&apos;    let next = state2.next.shift();\n&apos;[39m +
    [32m&apos;    if (next) {\n&apos;[39m +
    [32m&apos;      state2.results...&apos;[39m
}
[WebflowDesignerDetection] Method &apos;getSiteInfo&apos;: {
  type: [32m&apos;function&apos;[39m,
  length: [33m0[39m,
  name: [32m&apos;spy&apos;[39m,
  toString: [32m&apos;function(...args) {\n&apos;[39m +
    [32m&apos;    let state2 = getInternalState(fn);\n&apos;[39m +
    [32m&apos;    state2.called = !0, state2.callCount++, state2.calls.push(args);\n&apos;[39m +
    [32m&apos;    let next = state2.next.shift();\n&apos;[39m +
    [32m&apos;    if (next) {\n&apos;[39m +
    [32m&apos;      state2.results...&apos;[39m
}
[WebflowDesignerDetection] Method &apos;subscribe&apos;: {
  type: [32m&apos;function&apos;[39m,
  length: [33m0[39m,
  name: [32m&apos;spy&apos;[39m,
  toString: [32m&apos;function(...args) {\n&apos;[39m +
    [32m&apos;    let state2 = getInternalState(fn);\n&apos;[39m +
    [32m&apos;    state2.called = !0, state2.callCount++, state2.calls.push(args);\n&apos;[39m +
    [32m&apos;    let next = state2.next.shift();\n&apos;[39m +
    [32m&apos;    if (next) {\n&apos;[39m +
    [32m&apos;      state2.results...&apos;[39m
}
[WebflowDesignerDetection] Prototype methods: [
  [32m&apos;constructor&apos;[39m,
  [32m&apos;__defineGetter__&apos;[39m,
  [32m&apos;__defineSetter__&apos;[39m,
  [32m&apos;hasOwnProperty&apos;[39m,
  [32m&apos;__lookupGetter__&apos;[39m,
  [32m&apos;__lookupSetter__&apos;[39m,
  [32m&apos;isPrototypeOf&apos;[39m,
  [32m&apos;propertyIsEnumerable&apos;[39m,
  [32m&apos;toString&apos;[39m,
  [32m&apos;valueOf&apos;[39m,
  [32m&apos;__proto__&apos;[39m,
  [32m&apos;toLocaleString&apos;[39m
]
[WebflowDesignerAPI] Detected capabilities: {
  canReadPageInfo: [33mtrue[39m,
  canUpdatePageTitle: [33mfalse[39m,
  canUpdatePageMeta: [33mfalse[39m,
  canUpdatePageSlug: [33mfalse[39m,
  canAddCustomCode: [33mfalse[39m,
  canUpdateCMS: [33mfalse[39m,
  canManipulateElements: [33mfalse[39m,
  canSelectElements: [33mfalse[39m,
  hasElementBuilder: [33mfalse[39m,
  availableMethods: [ [32m&apos;getCurrentPage&apos;[39m, [32m&apos;getSiteInfo&apos;[39m, [32m&apos;subscribe&apos;[39m ]
}
[WebflowInsertion] Using Webflow Designer Extension APIs for modifications

[AuthContext] No OAuth token found - Designer Extension will use Designer APIs directly

            </system-out>
            <system-err>
An update to Home inside a test was not wrapped in act(...).

When testing, code that causes React state updates should be wrapped into act(...):

act(() =&gt; {
  /* fire events that update state */
});
/* assert on the output */

This ensures that you&apos;re testing the behavior the user would see in the browser. Learn more at https://react.dev/link/wrap-tests-with-act
An update to AuthProvider inside a test was not wrapped in act(...).

When testing, code that causes React state updates should be wrapped into act(...):

act(() =&gt; {
  /* fire events that update state */
});
/* assert on the output */

This ensures that you&apos;re testing the behavior the user would see in the browser. Learn more at https://react.dev/link/wrap-tests-with-act
An update to AuthProvider inside a test was not wrapped in act(...).

When testing, code that causes React state updates should be wrapped into act(...):

act(() =&gt; {
  /* fire events that update state */
});
/* assert on the output */

This ensures that you&apos;re testing the behavior the user would see in the browser. Learn more at https://react.dev/link/wrap-tests-with-act
An update to AuthProvider inside a test was not wrapped in act(...).

When testing, code that causes React state updates should be wrapped into act(...):

act(() =&gt; {
  /* fire events that update state */
});
/* assert on the output */

This ensures that you&apos;re testing the behavior the user would see in the browser. Learn more at https://react.dev/link/wrap-tests-with-act

An update to Home inside a test was not wrapped in act(...).

When testing, code that causes React state updates should be wrapped into act(...):

act(() =&gt; {
  /* fire events that update state */
});
/* assert on the output */

This ensures that you&apos;re testing the behavior the user would see in the browser. Learn more at https://react.dev/link/wrap-tests-with-act
An update to Home inside a test was not wrapped in act(...).

When testing, code that causes React state updates should be wrapped into act(...):

act(() =&gt; {
  /* fire events that update state */
});
/* assert on the output */

This ensures that you&apos;re testing the behavior the user would see in the browser. Learn more at https://react.dev/link/wrap-tests-with-act
An update to Home inside a test was not wrapped in act(...).

When testing, code that causes React state updates should be wrapped into act(...):

act(() =&gt; {
  /* fire events that update state */
});
/* assert on the output */

This ensures that you&apos;re testing the behavior the user would see in the browser. Learn more at https://react.dev/link/wrap-tests-with-act
Failed to initialize page keywords: TypeError: Cannot read properties of undefined (reading &apos;pageType&apos;)
    at initializePageKeywords [90m(C:\Users\Paul Mulligan\PMDS\Projects\AI-SEO-Copilot-for-Webflow\[39mclient\src\pages\Home.tsx:542:34[90m)[39m

            </system-err>
        </testcase>
        <testcase classname="client/src/pages/Home.test.tsx" name="Home Component - Additional Coverage &gt; Test Mode Functionality &gt; activates perfect score test mode with existing results" time="15.3087885">
            <system-out>
[InsertionContext] No OAuth token available - will use Designer Extension APIs directly
[WebflowInsertion] Webflow Designer context detected
[WebflowDesignerDetection] === WEBFLOW API INSPECTION ===
[WebflowDesignerDetection] typeof window.webflow: object
[WebflowDesignerDetection] window.webflow: {
  getCurrentPage: [Function: spy] {
    getMockName: [36m[Function (anonymous)][39m,
    mockName: [36m[Function (anonymous)][39m,
    mockClear: [36m[Function (anonymous)][39m,
    mockReset: [36m[Function (anonymous)][39m,
    mockRestore: [36m[Function (anonymous)][39m,
    getMockImplementation: [36m[Function (anonymous)][39m,
    mockImplementation: [36m[Function (anonymous)][39m,
    mockImplementationOnce: [36m[Function (anonymous)][39m,
    withImplementation: [36m[Function: withImplementation][39m,
    mockReturnThis: [36m[Function (anonymous)][39m,
    mockReturnValue: [36m[Function (anonymous)][39m,
    mockReturnValueOnce: [36m[Function (anonymous)][39m,
    mockResolvedValue: [36m[Function (anonymous)][39m,
    mockResolvedValueOnce: [36m[Function (anonymous)][39m,
    mockRejectedValue: [36m[Function (anonymous)][39m,
    mockRejectedValueOnce: [36m[Function (anonymous)][39m,
    [[32mSymbol(nodejs.dispose)[39m]: [36m[Function (anonymous)][39m
  },
  getSiteInfo: [Function: spy] {
    getMockName: [36m[Function (anonymous)][39m,
    mockName: [36m[Function (anonymous)][39m,
    mockClear: [36m[Function (anonymous)][39m,
    mockReset: [36m[Function (anonymous)][39m,
    mockRestore: [36m[Function (anonymous)][39m,
    getMockImplementation: [36m[Function (anonymous)][39m,
    mockImplementation: [36m[Function (anonymous)][39m,
    mockImplementationOnce: [36m[Function (anonymous)][39m,
    withImplementation: [36m[Function: withImplementation][39m,
    mockReturnThis: [36m[Function (anonymous)][39m,
    mockReturnValue: [36m[Function (anonymous)][39m,
    mockReturnValueOnce: [36m[Function (anonymous)][39m,
    mockResolvedValue: [36m[Function (anonymous)][39m,
    mockResolvedValueOnce: [36m[Function (anonymous)][39m,
    mockRejectedValue: [36m[Function (anonymous)][39m,
    mockRejectedValueOnce: [36m[Function (anonymous)][39m,
    [[32mSymbol(nodejs.dispose)[39m]: [36m[Function (anonymous)][39m
  },
  subscribe: [Function: spy] {
    getMockName: [36m[Function (anonymous)][39m,
    mockName: [36m[Function (anonymous)][39m,
    mockClear: [36m[Function (anonymous)][39m,
    mockReset: [36m[Function (anonymous)][39m,
    mockRestore: [36m[Function (anonymous)][39m,
    getMockImplementation: [36m[Function (anonymous)][39m,
    mockImplementation: [36m[Function (anonymous)][39m,
    mockImplementationOnce: [36m[Function (anonymous)][39m,
    withImplementation: [36m[Function: withImplementation][39m,
    mockReturnThis: [36m[Function (anonymous)][39m,
    mockReturnValue: [36m[Function (anonymous)][39m,
    mockReturnValueOnce: [36m[Function (anonymous)][39m,
    mockResolvedValue: [36m[Function (anonymous)][39m,
    mockResolvedValueOnce: [36m[Function (anonymous)][39m,
    mockRejectedValue: [36m[Function (anonymous)][39m,
    mockRejectedValueOnce: [36m[Function (anonymous)][39m,
    [[32mSymbol(nodejs.dispose)[39m]: [36m[Function (anonymous)][39m
  }
}
[WebflowDesignerDetection] Available webflow properties: [ [32m&apos;getCurrentPage&apos;[39m, [32m&apos;getSiteInfo&apos;[39m, [32m&apos;subscribe&apos;[39m ]
[WebflowDesignerDetection] Available webflow methods: [ [32m&apos;getCurrentPage&apos;[39m, [32m&apos;getSiteInfo&apos;[39m, [32m&apos;subscribe&apos;[39m ]
[WebflowDesignerDetection] Method &apos;getCurrentPage&apos;: {
  type: [32m&apos;function&apos;[39m,
  length: [33m0[39m,
  name: [32m&apos;spy&apos;[39m,
  toString: [32m&apos;function(...args) {\n&apos;[39m +
    [32m&apos;    let state2 = getInternalState(fn);\n&apos;[39m +
    [32m&apos;    state2.called = !0, state2.callCount++, state2.calls.push(args);\n&apos;[39m +
    [32m&apos;    let next = state2.next.shift();\n&apos;[39m +
    [32m&apos;    if (next) {\n&apos;[39m +
    [32m&apos;      state2.results...&apos;[39m
}
[WebflowDesignerDetection] Method &apos;getSiteInfo&apos;: {
  type: [32m&apos;function&apos;[39m,
  length: [33m0[39m,
  name: [32m&apos;spy&apos;[39m,
  toString: [32m&apos;function(...args) {\n&apos;[39m +
    [32m&apos;    let state2 = getInternalState(fn);\n&apos;[39m +
    [32m&apos;    state2.called = !0, state2.callCount++, state2.calls.push(args);\n&apos;[39m +
    [32m&apos;    let next = state2.next.shift();\n&apos;[39m +
    [32m&apos;    if (next) {\n&apos;[39m +
    [32m&apos;      state2.results...&apos;[39m
}
[WebflowDesignerDetection] Method &apos;subscribe&apos;: {
  type: [32m&apos;function&apos;[39m,
  length: [33m0[39m,
  name: [32m&apos;spy&apos;[39m,
  toString: [32m&apos;function(...args) {\n&apos;[39m +
    [32m&apos;    let state2 = getInternalState(fn);\n&apos;[39m +
    [32m&apos;    state2.called = !0, state2.callCount++, state2.calls.push(args);\n&apos;[39m +
    [32m&apos;    let next = state2.next.shift();\n&apos;[39m +
    [32m&apos;    if (next) {\n&apos;[39m +
    [32m&apos;      state2.results...&apos;[39m
}
[WebflowDesignerDetection] Prototype methods: [
  [32m&apos;constructor&apos;[39m,
  [32m&apos;__defineGetter__&apos;[39m,
  [32m&apos;__defineSetter__&apos;[39m,
  [32m&apos;hasOwnProperty&apos;[39m,
  [32m&apos;__lookupGetter__&apos;[39m,
  [32m&apos;__lookupSetter__&apos;[39m,
  [32m&apos;isPrototypeOf&apos;[39m,
  [32m&apos;propertyIsEnumerable&apos;[39m,
  [32m&apos;toString&apos;[39m,
  [32m&apos;valueOf&apos;[39m,
  [32m&apos;__proto__&apos;[39m,
  [32m&apos;toLocaleString&apos;[39m
]
[WebflowDesignerAPI] Detected capabilities: {
  canReadPageInfo: [33mtrue[39m,
  canUpdatePageTitle: [33mfalse[39m,
  canUpdatePageMeta: [33mfalse[39m,
  canUpdatePageSlug: [33mfalse[39m,
  canAddCustomCode: [33mfalse[39m,
  canUpdateCMS: [33mfalse[39m,
  canManipulateElements: [33mfalse[39m,
  canSelectElements: [33mfalse[39m,
  hasElementBuilder: [33mfalse[39m,
  availableMethods: [ [32m&apos;getCurrentPage&apos;[39m, [32m&apos;getSiteInfo&apos;[39m, [32m&apos;subscribe&apos;[39m ]
}
[WebflowInsertion] Using Webflow Designer Extension APIs for modifications

[AuthContext] No OAuth token found - Designer Extension will use Designer APIs directly

            </system-out>
            <system-err>
Failed to initialize page keywords: TypeError: Cannot read properties of undefined (reading &apos;pageType&apos;)
    at initializePageKeywords [90m(C:\Users\Paul Mulligan\PMDS\Projects\AI-SEO-Copilot-for-Webflow\[39mclient\src\pages\Home.tsx:542:34[90m)[39m

            </system-err>
            <failure message="Unable to find an element with the text: /Analysis Results/i. This could be because the text is broken up by multiple elements. In this case, you can provide a function for your text matcher to make your matcher more flexible.

Ignored nodes: comments, script, style
[36m&lt;body&gt;[39m
  [36m&lt;div&gt;[39m
    [36m&lt;div[39m
      [33mclass[39m=[32m&quot;min-h-screen bg-background p-4 md:p-6 flex flex-col&quot;[39m
      [33mstyle[39m=[32m&quot;color: #FFFFFF&quot;[39m
    [36m&gt;[39m
      [36m&lt;div[39m
        [33mclass[39m=[32m&quot;mx-auto w-full max-w-3xl space-y-6 flex-grow&quot;[39m
      [36m&gt;[39m
        [36m&lt;div[39m
          [33mclass[39m=[32m&quot;w-full&quot;[39m
        [36m&gt;[39m
          [36m&lt;div[39m
            [33mclass[39m=[32m&quot;rounded-lg border bg-background2 text-card-foreground shadow-sm w-full&quot;[39m
          [36m&gt;[39m
            [36m&lt;div[39m
              [33mclass[39m=[32m&quot;flex flex-col space-y-1.5 p-6&quot;[39m
            [36m&gt;[39m
              [36m&lt;h3[39m
                [33mclass[39m=[32m&quot;text-2xl font-semibold leading-none tracking-tight text-center&quot;[39m
              [36m&gt;[39m
                [0mSEO Analysis Tool[0m
              [36m&lt;/h3&gt;[39m
            [36m&lt;/div&gt;[39m
            [36m&lt;div[39m
              [33mclass[39m=[32m&quot;p-6 pt-0&quot;[39m
            [36m&gt;[39m
              [36m&lt;form[39m
                [33mclass[39m=[32m&quot;space-y-5 w-full&quot;[39m
              [36m&gt;[39m
                [36m&lt;div[39m
                  [33mclass[39m=[32m&quot;space-y-2 w-full&quot;[39m
                [36m&gt;[39m
                  [36m&lt;div[39m
                    [33mclass[39m=[32m&quot;flex justify-between items-center mb-1&quot;[39m
                  [36m&gt;[39m
                    [36m&lt;label[39m
                      [33mclass[39m=[32m&quot;text-sm font-medium leading-none peer-disabled:cursor-not-allowed peer-disabled:opacity-70 mb-0&quot;[39m
                      [33mfor[39m=[32m&quot;«r26»-form-item&quot;[39m
                    [36m&gt;[39m
                      [0mTarget keyphrase[0m
                    [36m&lt;/label&gt;[39m
                    [36m&lt;span[39m
                      [33mclass[39m=[32m&quot;text-xs font-medium&quot;[39m
                      [33mstyle[39m=[32m&quot;color: var(--redText)&quot;[39m
                    [36m&gt;[39m
                      [0mNo keyword saved[0m
                    [36m&lt;/span&gt;[39m
                  [36m&lt;/div&gt;[39m
                  [36m&lt;div[39m
                    [33maria-describedby[39m=[32m&quot;«r26»-form-item-description&quot;[39m
                    [33maria-invalid[39m=[32m&quot;false&quot;[39m
                    [33mclass[39m=[32m&quot;mt-2 w-full mt-2&quot;[39m
                    [33mid[39m=[32m&quot;«r26»-form-item&quot;[39m
                  [36m&gt;[39m
                    [36m&lt;input[39m
                      [33mclass[39m=[32m&quot;flex h-10 rounded-md border border-input bg-background px-3 py-2 text-sm ring-offset-background file:border-0 file:bg-transparent file:text-sm file:font-medium file:text-foreground placeholder:text-muted-foreground focus-visible:outline-none focus-visible:ring-2 focus-visible:ring-ring focus-visible:ring-offset-2 disabled:cursor-not-allowed disabled:opacity-50 w-full&quot;[39m
                      [33mname[39m=[32m&quot;keyphrase&quot;[39m
                      [33mplaceholder[39m=[32m&quot;Enter your target keyphrase&quot;[39m
                      [33mvalue[39m=[32m&quot;&quot;[39m
                    [36m/&gt;[39m
                  [36m&lt;/div&gt;[39m
                [36m&lt;/div&gt;[39m
                [36m&lt;div[39m
                  [33mclass[39m=[32m&quot;border-t pt-4 mt-4&quot;[39m
                [36m&gt;[39m
                  [36m&lt;div[39m
                    [33mclass[39m=[32m&quot;flex items-center justify-between mb-4&quot;[39m
                  [36m&gt;[39m
                    [36m&lt;div&gt;[39m
                      [36m&lt;h3[39m
                        [33mclass[39m=[32m&quot;text-lg font-semibold&quot;[39m
                      [36m&gt;[39m
                        [0mAdvanced Analysis[0m
                      [36m&lt;/h3&gt;[39m
                      [36m&lt;p[39m
                        [33mclass[39m=[32m&quot;text-sm text-muted-foreground&quot;[39m
                      [36m&gt;[39m
                        [0mAdd secondary keywords and specify page type for more targeted SEO analysis[0m
                      [36m&lt;/p&gt;[39m
                    [36m&lt;/div&gt;[39m
                    [36m&lt;div[39m
                      [33mclass[39m=[32m&quot;flex items-center space-x-2&quot;[39m
                    [36m&gt;[39m
                      [36m&lt;button[39m
                        [33maria-checked[39m=[32m&quot;false&quot;[39m
                        [33mclass[39m=[32m&quot;peer inline-flex h-6 w-11 shrink-0 cursor-pointer items-center rounded-full border-2 border-transparent transition-colors focus-visible:outline-none focus-visible:ring-2 focus-visible:ring-ring focus-visible:ring-offset-2 focus-visible:ring-offset-background disabled:cursor-not-allowed disabled:opacity-50 data-[state=checked]:bg-primary data-[state=unchecked]:bg-input&quot;[39m
                        [33mdata-state[39m=[32m&quot;unchecked&quot;[39m
                        [33mrole[39m=[32m&quot;switch&quot;[39m
                        [33mtype[39m=[32m&quot;button&quot;[39m
                        [33mvalue[39m=[32m&quot;on&quot;[39m
                      [36m&gt;[39m
                        [36m&lt;span[39m
                          [33mclass[39m=[32m&quot;pointer-events-none block h-5 w-5 rounded-full bg-background shadow-lg ring-0 transition-transform data-[state=checked]:translate-x-5 data-[state=unchecked]:translate-x-0&quot;[39m
                          [33mdata-state[39m=[32m&quot;unchecked&quot;[39m
                        [36m/&gt;[39m
                      [36m&lt;/button&gt;[39m
                      [36m&lt;input[39m
                        [33maria-hidden[39m=[32m&quot;true&quot;[39m
                        [33mstyle[39m=[32m&quot;transform: translateX(-100%); width: 200px; height: 100px&quot;[39m
                        [33mtabindex[39m=[32m&quot;-1&quot;[39m
                        [33mtype[39m=[32m&quot;checkbox&quot;[39m
                        [33mvalue[39m=[32m&quot;on&quot;[39m
                      [36m/&gt;[39m
                      [36m&lt;span[39m
                        [33mclass[39m=[32m&quot;text-sm&quot;[39m
                      [36m&gt;[39m
                        [0mOff[0m
                      [36m&lt;/span&gt;[39m
                    [36m&lt;/div&gt;[39m
                  [36m&lt;/div&gt;[39m
                [36m&lt;/div&gt;[39m
                [36m&lt;div[39m
                  [33mclass[39m=[32m&quot;w-full pt-2&quot;[39m
                [36m&gt;[39m
                  [36m&lt;button[39m
                    [33mclass[39m=[32m&quot;inline-flex items-center justify-center gap-2 whitespace-nowrap rounded-md text-sm font-medium ring-offset-background transition-colors focus-visible:outline-none focus-visible:ring-2 focus-visible:ring-ring focus-visible:ring-offset-2 disabled:pointer-events-none disabled:opacity-50 [&amp;_svg]:pointer-events-none [&amp;_svg]:size-4 [&amp;_svg]:shrink-0 [&amp;_svg]:text-current bg-primary text-primary-foreground hover:bg-primary/90 px-4 py-2 w-full h-11 cursor-pointer&quot;[39m
                    [33mtype[39m=[32m&quot;submit&quot;[39m
                  [36m&gt;[39m
                    [0mStart optimizing your SEO[0m
      ...

Ignored nodes: comments, script, style
[36m&lt;html&gt;[39m
  [36m&lt;head /&gt;[39m
  [36m&lt;body&gt;[39m
    [36m&lt;div&gt;[39m
      [36m&lt;div[39m
        [33mclass[39m=[32m&quot;min-h-screen bg-background p-4 md:p-6 flex flex-col&quot;[39m
        [33mstyle[39m=[32m&quot;color: #FFFFFF&quot;[39m
      [36m&gt;[39m
        [36m&lt;div[39m
          [33mclass[39m=[32m&quot;mx-auto w-full max-w-3xl space-y-6 flex-grow&quot;[39m
        [36m&gt;[39m
          [36m&lt;div[39m
            [33mclass[39m=[32m&quot;w-full&quot;[39m
          [36m&gt;[39m
            [36m&lt;div[39m
              [33mclass[39m=[32m&quot;rounded-lg border bg-background2 text-card-foreground shadow-sm w-full&quot;[39m
            [36m&gt;[39m
              [36m&lt;div[39m
                [33mclass[39m=[32m&quot;flex flex-col space-y-1.5 p-6&quot;[39m
              [36m&gt;[39m
                [36m&lt;h3[39m
                  [33mclass[39m=[32m&quot;text-2xl font-semibold leading-none tracking-tight text-center&quot;[39m
                [36m&gt;[39m
                  [0mSEO Analysis Tool[0m
                [36m&lt;/h3&gt;[39m
              [36m&lt;/div&gt;[39m
              [36m&lt;div[39m
                [33mclass[39m=[32m&quot;p-6 pt-0&quot;[39m
              [36m&gt;[39m
                [36m&lt;form[39m
                  [33mclass[39m=[32m&quot;space-y-5 w-full&quot;[39m
                [36m&gt;[39m
                  [36m&lt;div[39m
                    [33mclass[39m=[32m&quot;space-y-2 w-full&quot;[39m
                  [36m&gt;[39m
                    [36m&lt;div[39m
                      [33mclass[39m=[32m&quot;flex justify-between items-center mb-1&quot;[39m
                    [36m&gt;[39m
                      [36m&lt;label[39m
                        [33mclass[39m=[32m&quot;text-sm font-medium leading-none peer-disabled:cursor-not-allowed peer-disabled:opacity-70 mb-0&quot;[39m
                        [33mfor[39m=[32m&quot;«r26»-form-item&quot;[39m
                      [36m&gt;[39m
                        [0mTarget keyphrase[0m
                      [36m&lt;/label&gt;[39m
                      [36m&lt;span[39m
                        [33mclass[39m=[32m&quot;text-xs font-medium&quot;[39m
                        [33mstyle[39m=[32m&quot;color: var(--redText)&quot;[39m
                      [36m&gt;[39m
                        [0mNo keyword saved[0m
                      [36m&lt;/span&gt;[39m
                    [36m&lt;/div&gt;[39m
                    [36m&lt;div[39m
                      [33maria-describedby[39m=[32m&quot;«r26»-form-item-description&quot;[39m
                      [33maria-invalid[39m=[32m&quot;false&quot;[39m
                      [33mclass[39m=[32m&quot;mt-2 w-full mt-2&quot;[39m
                      [33mid[39m=[32m&quot;«r26»-form-item&quot;[39m
                    [36m&gt;[39m
                      [36m&lt;input[39m
                        [33mclass[39m=[32m&quot;flex h-10 rounded-md border border-input bg-background px-3 py-2 text-sm ring-offset-background file:border-0 file:bg-transparent file:text-sm file:font-medium file:text-foreground placeholder:text-muted-foreground focus-visible:outline-none focus-visible:ring-2 focus-visible:ring-ring focus-visible:ring-offset-2 disabled:cursor-not-allowed disabled:opacity-50 w-full&quot;[39m
                        [33mname[39m=[32m&quot;keyphrase&quot;[39m
                        [33mplaceholder[39m=[32m&quot;Enter your target keyphrase&quot;[39m
                        [33mvalue[39m=[32m&quot;&quot;[39m
                      [36m/&gt;[39m
                    [36m&lt;/div&gt;[39m
                  [36m&lt;/div&gt;[39m
                  [36m&lt;div[39m
                    [33mclass[39m=[32m&quot;border-t pt-4 mt-4&quot;[39m
                  [36m&gt;[39m
                    [36m&lt;div[39m
                      [33mclass[39m=[32m&quot;flex items-center justify-between mb-4&quot;[39m
                    [36m&gt;[39m
                      [36m&lt;div&gt;[39m
                        [36m&lt;h3[39m
                          [33mclass[39m=[32m&quot;text-lg font-semibold&quot;[39m
                        [36m&gt;[39m
                          [0mAdvanced Analysis[0m
                        [36m&lt;/h3&gt;[39m
                        [36m&lt;p[39m
                          [33mclass[39m=[32m&quot;text-sm text-muted-foreground&quot;[39m
                        [36m&gt;[39m
                          [0mAdd secondary keywords and specify page type for more targeted SEO analysis[0m
                        [36m&lt;/p&gt;[39m
                      [36m&lt;/div&gt;[39m
                      [36m&lt;div[39m
                        [33mclass[39m=[32m&quot;flex items-center space-x-2&quot;[39m
                      [36m&gt;[39m
                        [36m&lt;button[39m
                          [33maria-checked[39m=[32m&quot;false&quot;[39m
                          [33mclass[39m=[32m&quot;peer inline-flex h-6 w-11 shrink-0 cursor-pointer items-center rounded-full border-2 border-transparent transition-colors focus-visible:outline-none focus-visible:ring-2 focus-visible:ring-ring focus-visible:ring-offset-2 focus-visible:ring-offset-background disabled:cursor-not-allowed disabled:opacity-50 data-[state=checked]:bg-primary data-[state=unchecked]:bg-input&quot;[39m
                          [33mdata-state[39m=[32m&quot;unchecked&quot;[39m
                          [33mrole[39m=[32m&quot;switch&quot;[39m
                          [33mtype[39m=[32m&quot;button&quot;[39m
                          [33mvalue[39m=[32m&quot;on&quot;[39m
                        [36m&gt;[39m
                          [36m&lt;span[39m
                            [33mclass[39m=[32m&quot;pointer-events-none block h-5 w-5 rounded-full bg-background shadow-lg ring-0 transition-transform data-[state=checked]:translate-x-5 data-[state=unchecked]:translate-x-0&quot;[39m
                            [33mdata-state[39m=[32m&quot;unchecked&quot;[39m
                          [36m/&gt;[39m
                        [36m&lt;/button&gt;[39m
                        [36m&lt;input[39m
                          [33maria-hidden[39m=[32m&quot;true&quot;[39m
                          [33mstyle[39m=[32m&quot;transform: translateX(-100%); width: 200px; height: 100px&quot;[39m
                          [33mtabindex[39m=[32m&quot;-1&quot;[39m
                          [33mtype[39m=[32m&quot;checkbox&quot;[39m
                          [33mvalue[39m=[32m&quot;on&quot;[39m
                        [36m/&gt;[39m
                        [36m&lt;span[39m
                          [33mclass[39m=[32m&quot;text-sm&quot;[39m
                        [36m&gt;[39m
                          [0mOff[0m
                        [36m&lt;/span&gt;[39m
                      [36m&lt;/div&gt;[39m
                    [36m&lt;/div&gt;[39m
                  [36m&lt;/div&gt;[39m
                  [36m&lt;div[39m
                    [33mclass[39m=[32m&quot;w-full pt-2&quot;[39m
                  [36m&gt;[39m
                    [36m&lt;button[39m
                      [33mclass[39m=[32m&quot;inline-flex items-center justify-center gap-2 whitespace-nowrap rounded-md text-sm font-medium ring-offset-background transition-colors focus-visible:outline-none focus-visible:ring-2 focus-visible:ring-ring focus-visible:ring-offset-2 disabled:pointer-events-none disabled:opacity-50 [&amp;_svg]:pointer-events-none [&amp;_svg]:size-4 [&amp;_svg]:..." type="TestingLibraryElementError">
TestingLibraryElementError: Unable to find an element with the text: /Analysis Results/i. This could be because the text is broken up by multiple elements. In this case, you can provide a function for your text matcher to make your matcher more flexible.

Ignored nodes: comments, script, style
&lt;body&gt;
  &lt;div&gt;
    &lt;div
      class=&quot;min-h-screen bg-background p-4 md:p-6 flex flex-col&quot;
      style=&quot;color: #FFFFFF&quot;
    &gt;
      &lt;div
        class=&quot;mx-auto w-full max-w-3xl space-y-6 flex-grow&quot;
      &gt;
        &lt;div
          class=&quot;w-full&quot;
        &gt;
          &lt;div
            class=&quot;rounded-lg border bg-background2 text-card-foreground shadow-sm w-full&quot;
          &gt;
            &lt;div
              class=&quot;flex flex-col space-y-1.5 p-6&quot;
            &gt;
              &lt;h3
                class=&quot;text-2xl font-semibold leading-none tracking-tight text-center&quot;
              &gt;
                SEO Analysis Tool
              &lt;/h3&gt;
            &lt;/div&gt;
            &lt;div
              class=&quot;p-6 pt-0&quot;
            &gt;
              &lt;form
                class=&quot;space-y-5 w-full&quot;
              &gt;
                &lt;div
                  class=&quot;space-y-2 w-full&quot;
                &gt;
                  &lt;div
                    class=&quot;flex justify-between items-center mb-1&quot;
                  &gt;
                    &lt;label
                      class=&quot;text-sm font-medium leading-none peer-disabled:cursor-not-allowed peer-disabled:opacity-70 mb-0&quot;
                      for=&quot;«r26»-form-item&quot;
                    &gt;
                      Target keyphrase
                    &lt;/label&gt;
                    &lt;span
                      class=&quot;text-xs font-medium&quot;
                      style=&quot;color: var(--redText)&quot;
                    &gt;
                      No keyword saved
                    &lt;/span&gt;
                  &lt;/div&gt;
                  &lt;div
                    aria-describedby=&quot;«r26»-form-item-description&quot;
                    aria-invalid=&quot;false&quot;
                    class=&quot;mt-2 w-full mt-2&quot;
                    id=&quot;«r26»-form-item&quot;
                  &gt;
                    &lt;input
                      class=&quot;flex h-10 rounded-md border border-input bg-background px-3 py-2 text-sm ring-offset-background file:border-0 file:bg-transparent file:text-sm file:font-medium file:text-foreground placeholder:text-muted-foreground focus-visible:outline-none focus-visible:ring-2 focus-visible:ring-ring focus-visible:ring-offset-2 disabled:cursor-not-allowed disabled:opacity-50 w-full&quot;
                      name=&quot;keyphrase&quot;
                      placeholder=&quot;Enter your target keyphrase&quot;
                      value=&quot;&quot;
                    /&gt;
                  &lt;/div&gt;
                &lt;/div&gt;
                &lt;div
                  class=&quot;border-t pt-4 mt-4&quot;
                &gt;
                  &lt;div
                    class=&quot;flex items-center justify-between mb-4&quot;
                  &gt;
                    &lt;div&gt;
                      &lt;h3
                        class=&quot;text-lg font-semibold&quot;
                      &gt;
                        Advanced Analysis
                      &lt;/h3&gt;
                      &lt;p
                        class=&quot;text-sm text-muted-foreground&quot;
                      &gt;
                        Add secondary keywords and specify page type for more targeted SEO analysis
                      &lt;/p&gt;
                    &lt;/div&gt;
                    &lt;div
                      class=&quot;flex items-center space-x-2&quot;
                    &gt;
                      &lt;button
                        aria-checked=&quot;false&quot;
                        class=&quot;peer inline-flex h-6 w-11 shrink-0 cursor-pointer items-center rounded-full border-2 border-transparent transition-colors focus-visible:outline-none focus-visible:ring-2 focus-visible:ring-ring focus-visible:ring-offset-2 focus-visible:ring-offset-background disabled:cursor-not-allowed disabled:opacity-50 data-[state=checked]:bg-primary data-[state=unchecked]:bg-input&quot;
                        data-state=&quot;unchecked&quot;
                        role=&quot;switch&quot;
                        type=&quot;button&quot;
                        value=&quot;on&quot;
                      &gt;
                        &lt;span
                          class=&quot;pointer-events-none block h-5 w-5 rounded-full bg-background shadow-lg ring-0 transition-transform data-[state=checked]:translate-x-5 data-[state=unchecked]:translate-x-0&quot;
                          data-state=&quot;unchecked&quot;
                        /&gt;
                      &lt;/button&gt;
                      &lt;input
                        aria-hidden=&quot;true&quot;
                        style=&quot;transform: translateX(-100%); width: 200px; height: 100px&quot;
                        tabindex=&quot;-1&quot;
                        type=&quot;checkbox&quot;
                        value=&quot;on&quot;
                      /&gt;
                      &lt;span
                        class=&quot;text-sm&quot;
                      &gt;
                        Off
                      &lt;/span&gt;
                    &lt;/div&gt;
                  &lt;/div&gt;
                &lt;/div&gt;
                &lt;div
                  class=&quot;w-full pt-2&quot;
                &gt;
                  &lt;button
                    class=&quot;inline-flex items-center justify-center gap-2 whitespace-nowrap rounded-md text-sm font-medium ring-offset-background transition-colors focus-visible:outline-none focus-visible:ring-2 focus-visible:ring-ring focus-visible:ring-offset-2 disabled:pointer-events-none disabled:opacity-50 [&amp;_svg]:pointer-events-none [&amp;_svg]:size-4 [&amp;_svg]:shrink-0 [&amp;_svg]:text-current bg-primary text-primary-foreground hover:bg-primary/90 px-4 py-2 w-full h-11 cursor-pointer&quot;
                    type=&quot;submit&quot;
                  &gt;
                    Start optimizing your SEO
      ...

Ignored nodes: comments, script, style
&lt;html&gt;
  &lt;head /&gt;
  &lt;body&gt;
    &lt;div&gt;
      &lt;div
        class=&quot;min-h-screen bg-background p-4 md:p-6 flex flex-col&quot;
        style=&quot;color: #FFFFFF&quot;
      &gt;
        &lt;div
          class=&quot;mx-auto w-full max-w-3xl space-y-6 flex-grow&quot;
        &gt;
          &lt;div
            class=&quot;w-full&quot;
          &gt;
            &lt;div
              class=&quot;rounded-lg border bg-background2 text-card-foreground shadow-sm w-full&quot;
            &gt;
              &lt;div
                class=&quot;flex flex-col space-y-1.5 p-6&quot;
              &gt;
                &lt;h3
                  class=&quot;text-2xl font-semibold leading-none tracking-tight text-center&quot;
                &gt;
                  SEO Analysis Tool
                &lt;/h3&gt;
              &lt;/div&gt;
              &lt;div
                class=&quot;p-6 pt-0&quot;
              &gt;
                &lt;form
                  class=&quot;space-y-5 w-full&quot;
                &gt;
                  &lt;div
                    class=&quot;space-y-2 w-full&quot;
                  &gt;
                    &lt;div
                      class=&quot;flex justify-between items-center mb-1&quot;
                    &gt;
                      &lt;label
                        class=&quot;text-sm font-medium leading-none peer-disabled:cursor-not-allowed peer-disabled:opacity-70 mb-0&quot;
                        for=&quot;«r26»-form-item&quot;
                      &gt;
                        Target keyphrase
                      &lt;/label&gt;
                      &lt;span
                        class=&quot;text-xs font-medium&quot;
                        style=&quot;color: var(--redText)&quot;
                      &gt;
                        No keyword saved
                      &lt;/span&gt;
                    &lt;/div&gt;
                    &lt;div
                      aria-describedby=&quot;«r26»-form-item-description&quot;
                      aria-invalid=&quot;false&quot;
                      class=&quot;mt-2 w-full mt-2&quot;
                      id=&quot;«r26»-form-item&quot;
                    &gt;
                      &lt;input
                        class=&quot;flex h-10 rounded-md border border-input bg-background px-3 py-2 text-sm ring-offset-background file:border-0 file:bg-transparent file:text-sm file:font-medium file:text-foreground placeholder:text-muted-foreground focus-visible:outline-none focus-visible:ring-2 focus-visible:ring-ring focus-visible:ring-offset-2 disabled:cursor-not-allowed disabled:opacity-50 w-full&quot;
                        name=&quot;keyphrase&quot;
                        placeholder=&quot;Enter your target keyphrase&quot;
                        value=&quot;&quot;
                      /&gt;
                    &lt;/div&gt;
                  &lt;/div&gt;
                  &lt;div
                    class=&quot;border-t pt-4 mt-4&quot;
                  &gt;
                    &lt;div
                      class=&quot;flex items-center justify-between mb-4&quot;
                    &gt;
                      &lt;div&gt;
                        &lt;h3
                          class=&quot;text-lg font-semibold&quot;
                        &gt;
                          Advanced Analysis
                        &lt;/h3&gt;
                        &lt;p
                          class=&quot;text-sm text-muted-foreground&quot;
                        &gt;
                          Add secondary keywords and specify page type for more targeted SEO analysis
                        &lt;/p&gt;
                      &lt;/div&gt;
                      &lt;div
                        class=&quot;flex items-center space-x-2&quot;
                      &gt;
                        &lt;button
                          aria-checked=&quot;false&quot;
                          class=&quot;peer inline-flex h-6 w-11 shrink-0 cursor-pointer items-center rounded-full border-2 border-transparent transition-colors focus-visible:outline-none focus-visible:ring-2 focus-visible:ring-ring focus-visible:ring-offset-2 focus-visible:ring-offset-background disabled:cursor-not-allowed disabled:opacity-50 data-[state=checked]:bg-primary data-[state=unchecked]:bg-input&quot;
                          data-state=&quot;unchecked&quot;
                          role=&quot;switch&quot;
                          type=&quot;button&quot;
                          value=&quot;on&quot;
                        &gt;
                          &lt;span
                            class=&quot;pointer-events-none block h-5 w-5 rounded-full bg-background shadow-lg ring-0 transition-transform data-[state=checked]:translate-x-5 data-[state=unchecked]:translate-x-0&quot;
                            data-state=&quot;unchecked&quot;
                          /&gt;
                        &lt;/button&gt;
                        &lt;input
                          aria-hidden=&quot;true&quot;
                          style=&quot;transform: translateX(-100%); width: 200px; height: 100px&quot;
                          tabindex=&quot;-1&quot;
                          type=&quot;checkbox&quot;
                          value=&quot;on&quot;
                        /&gt;
                        &lt;span
                          class=&quot;text-sm&quot;
                        &gt;
                          Off
                        &lt;/span&gt;
                      &lt;/div&gt;
                    &lt;/div&gt;
                  &lt;/div&gt;
                  &lt;div
                    class=&quot;w-full pt-2&quot;
                  &gt;
                    &lt;button
                      class=&quot;inline-flex items-center justify-center gap-2 whitespace-nowrap rounded-md text-sm font-medium ring-offset-background transition-colors focus-visible:outline-none focus-visible:ring-2 focus-visible:ring-ring focus-visible:ring-offset-2 disabled:pointer-events-none disabled:opacity-50 [&amp;_svg]:pointer-events-none [&amp;_svg]:size-4 [&amp;_svg]:...
 ❯ Proxy.waitFor node_modules/.pnpm/@testing-library+dom@10.4.1/node_modules/@testing-library/dom/dist/wait-for.js:163:27
 ❯ client/src/pages/Home.test.tsx:973:13
            </failure>
        </testcase>
        <testcase classname="client/src/pages/Home.test.tsx" name="Home Component - Additional Coverage &gt; Test Mode Functionality &gt; shows error when trying to test without existing results" time="0.042911">
            <system-out>
[InsertionContext] No OAuth token available - will use Designer Extension APIs directly
[WebflowInsertion] Webflow Designer context detected
[WebflowDesignerDetection] === WEBFLOW API INSPECTION ===
[WebflowDesignerDetection] typeof window.webflow: object
[WebflowDesignerDetection] window.webflow: {
  getCurrentPage: [Function: spy] {
    getMockName: [36m[Function (anonymous)][39m,
    mockName: [36m[Function (anonymous)][39m,
    mockClear: [36m[Function (anonymous)][39m,
    mockReset: [36m[Function (anonymous)][39m,
    mockRestore: [36m[Function (anonymous)][39m,
    getMockImplementation: [36m[Function (anonymous)][39m,
    mockImplementation: [36m[Function (anonymous)][39m,
    mockImplementationOnce: [36m[Function (anonymous)][39m,
    withImplementation: [36m[Function: withImplementation][39m,
    mockReturnThis: [36m[Function (anonymous)][39m,
    mockReturnValue: [36m[Function (anonymous)][39m,
    mockReturnValueOnce: [36m[Function (anonymous)][39m,
    mockResolvedValue: [36m[Function (anonymous)][39m,
    mockResolvedValueOnce: [36m[Function (anonymous)][39m,
    mockRejectedValue: [36m[Function (anonymous)][39m,
    mockRejectedValueOnce: [36m[Function (anonymous)][39m,
    [[32mSymbol(nodejs.dispose)[39m]: [36m[Function (anonymous)][39m
  },
  getSiteInfo: [Function: spy] {
    getMockName: [36m[Function (anonymous)][39m,
    mockName: [36m[Function (anonymous)][39m,
    mockClear: [36m[Function (anonymous)][39m,
    mockReset: [36m[Function (anonymous)][39m,
    mockRestore: [36m[Function (anonymous)][39m,
    getMockImplementation: [36m[Function (anonymous)][39m,
    mockImplementation: [36m[Function (anonymous)][39m,
    mockImplementationOnce: [36m[Function (anonymous)][39m,
    withImplementation: [36m[Function: withImplementation][39m,
    mockReturnThis: [36m[Function (anonymous)][39m,
    mockReturnValue: [36m[Function (anonymous)][39m,
    mockReturnValueOnce: [36m[Function (anonymous)][39m,
    mockResolvedValue: [36m[Function (anonymous)][39m,
    mockResolvedValueOnce: [36m[Function (anonymous)][39m,
    mockRejectedValue: [36m[Function (anonymous)][39m,
    mockRejectedValueOnce: [36m[Function (anonymous)][39m,
    [[32mSymbol(nodejs.dispose)[39m]: [36m[Function (anonymous)][39m
  },
  subscribe: [Function: spy] {
    getMockName: [36m[Function (anonymous)][39m,
    mockName: [36m[Function (anonymous)][39m,
    mockClear: [36m[Function (anonymous)][39m,
    mockReset: [36m[Function (anonymous)][39m,
    mockRestore: [36m[Function (anonymous)][39m,
    getMockImplementation: [36m[Function (anonymous)][39m,
    mockImplementation: [36m[Function (anonymous)][39m,
    mockImplementationOnce: [36m[Function (anonymous)][39m,
    withImplementation: [36m[Function: withImplementation][39m,
    mockReturnThis: [36m[Function (anonymous)][39m,
    mockReturnValue: [36m[Function (anonymous)][39m,
    mockReturnValueOnce: [36m[Function (anonymous)][39m,
    mockResolvedValue: [36m[Function (anonymous)][39m,
    mockResolvedValueOnce: [36m[Function (anonymous)][39m,
    mockRejectedValue: [36m[Function (anonymous)][39m,
    mockRejectedValueOnce: [36m[Function (anonymous)][39m,
    [[32mSymbol(nodejs.dispose)[39m]: [36m[Function (anonymous)][39m
  }
}
[WebflowDesignerDetection] Available webflow properties: [ [32m&apos;getCurrentPage&apos;[39m, [32m&apos;getSiteInfo&apos;[39m, [32m&apos;subscribe&apos;[39m ]
[WebflowDesignerDetection] Available webflow methods: [ [32m&apos;getCurrentPage&apos;[39m, [32m&apos;getSiteInfo&apos;[39m, [32m&apos;subscribe&apos;[39m ]
[WebflowDesignerDetection] Method &apos;getCurrentPage&apos;: {
  type: [32m&apos;function&apos;[39m,
  length: [33m0[39m,
  name: [32m&apos;spy&apos;[39m,
  toString: [32m&apos;function(...args) {\n&apos;[39m +
    [32m&apos;    let state2 = getInternalState(fn);\n&apos;[39m +
    [32m&apos;    state2.called = !0, state2.callCount++, state2.calls.push(args);\n&apos;[39m +
    [32m&apos;    let next = state2.next.shift();\n&apos;[39m +
    [32m&apos;    if (next) {\n&apos;[39m +
    [32m&apos;      state2.results...&apos;[39m
}
[WebflowDesignerDetection] Method &apos;getSiteInfo&apos;: {
  type: [32m&apos;function&apos;[39m,
  length: [33m0[39m,
  name: [32m&apos;spy&apos;[39m,
  toString: [32m&apos;function(...args) {\n&apos;[39m +
    [32m&apos;    let state2 = getInternalState(fn);\n&apos;[39m +
    [32m&apos;    state2.called = !0, state2.callCount++, state2.calls.push(args);\n&apos;[39m +
    [32m&apos;    let next = state2.next.shift();\n&apos;[39m +
    [32m&apos;    if (next) {\n&apos;[39m +
    [32m&apos;      state2.results...&apos;[39m
}
[WebflowDesignerDetection] Method &apos;subscribe&apos;: {
  type: [32m&apos;function&apos;[39m,
  length: [33m0[39m,
  name: [32m&apos;spy&apos;[39m,
  toString: [32m&apos;function(...args) {\n&apos;[39m +
    [32m&apos;    let state2 = getInternalState(fn);\n&apos;[39m +
    [32m&apos;    state2.called = !0, state2.callCount++, state2.calls.push(args);\n&apos;[39m +
    [32m&apos;    let next = state2.next.shift();\n&apos;[39m +
    [32m&apos;    if (next) {\n&apos;[39m +
    [32m&apos;      state2.results...&apos;[39m
}
[WebflowDesignerDetection] Prototype methods: [
  [32m&apos;constructor&apos;[39m,
  [32m&apos;__defineGetter__&apos;[39m,
  [32m&apos;__defineSetter__&apos;[39m,
  [32m&apos;hasOwnProperty&apos;[39m,
  [32m&apos;__lookupGetter__&apos;[39m,
  [32m&apos;__lookupSetter__&apos;[39m,
  [32m&apos;isPrototypeOf&apos;[39m,
  [32m&apos;propertyIsEnumerable&apos;[39m,
  [32m&apos;toString&apos;[39m,
  [32m&apos;valueOf&apos;[39m,
  [32m&apos;__proto__&apos;[39m,
  [32m&apos;toLocaleString&apos;[39m
]
[WebflowDesignerAPI] Detected capabilities: {
  canReadPageInfo: [33mtrue[39m,
  canUpdatePageTitle: [33mfalse[39m,
  canUpdatePageMeta: [33mfalse[39m,
  canUpdatePageSlug: [33mfalse[39m,
  canAddCustomCode: [33mfalse[39m,
  canUpdateCMS: [33mfalse[39m,
  canManipulateElements: [33mfalse[39m,
  canSelectElements: [33mfalse[39m,
  hasElementBuilder: [33mfalse[39m,
  availableMethods: [ [32m&apos;getCurrentPage&apos;[39m, [32m&apos;getSiteInfo&apos;[39m, [32m&apos;subscribe&apos;[39m ]
}
[WebflowInsertion] Using Webflow Designer Extension APIs for modifications

[AuthContext] No OAuth token found - Designer Extension will use Designer APIs directly

            </system-out>
            <system-err>
Failed to initialize page keywords: TypeError: Cannot read properties of undefined (reading &apos;pageType&apos;)
    at initializePageKeywords [90m(C:\Users\Paul Mulligan\PMDS\Projects\AI-SEO-Copilot-for-Webflow\[39mclient\src\pages\Home.tsx:542:34[90m)[39m

            </system-err>
            <failure message="[2mexpect([22m[31melement[39m[2m).toBeInTheDocument()[22m

[31melement could not be found in the document[39m" type="Error">
Error: expect(element).toBeInTheDocument()

element could not be found in the document
 ❯ client/src/pages/Home.test.tsx:997:26
            </failure>
        </testcase>
        <testcase classname="client/src/pages/Home.test.tsx" name="Home Component - Additional Coverage &gt; Image Data Display Logic &gt; renders image data for image-related checks" time="15.2838111">
            <system-out>
[InsertionContext] No OAuth token available - will use Designer Extension APIs directly
[WebflowInsertion] Webflow Designer context detected
[WebflowDesignerDetection] === WEBFLOW API INSPECTION ===
[WebflowDesignerDetection] typeof window.webflow: object
[WebflowDesignerDetection] window.webflow: {
  getCurrentPage: [Function: spy] {
    getMockName: [36m[Function (anonymous)][39m,
    mockName: [36m[Function (anonymous)][39m,
    mockClear: [36m[Function (anonymous)][39m,
    mockReset: [36m[Function (anonymous)][39m,
    mockRestore: [36m[Function (anonymous)][39m,
    getMockImplementation: [36m[Function (anonymous)][39m,
    mockImplementation: [36m[Function (anonymous)][39m,
    mockImplementationOnce: [36m[Function (anonymous)][39m,
    withImplementation: [36m[Function: withImplementation][39m,
    mockReturnThis: [36m[Function (anonymous)][39m,
    mockReturnValue: [36m[Function (anonymous)][39m,
    mockReturnValueOnce: [36m[Function (anonymous)][39m,
    mockResolvedValue: [36m[Function (anonymous)][39m,
    mockResolvedValueOnce: [36m[Function (anonymous)][39m,
    mockRejectedValue: [36m[Function (anonymous)][39m,
    mockRejectedValueOnce: [36m[Function (anonymous)][39m,
    [[32mSymbol(nodejs.dispose)[39m]: [36m[Function (anonymous)][39m
  },
  getSiteInfo: [Function: spy] {
    getMockName: [36m[Function (anonymous)][39m,
    mockName: [36m[Function (anonymous)][39m,
    mockClear: [36m[Function (anonymous)][39m,
    mockReset: [36m[Function (anonymous)][39m,
    mockRestore: [36m[Function (anonymous)][39m,
    getMockImplementation: [36m[Function (anonymous)][39m,
    mockImplementation: [36m[Function (anonymous)][39m,
    mockImplementationOnce: [36m[Function (anonymous)][39m,
    withImplementation: [36m[Function: withImplementation][39m,
    mockReturnThis: [36m[Function (anonymous)][39m,
    mockReturnValue: [36m[Function (anonymous)][39m,
    mockReturnValueOnce: [36m[Function (anonymous)][39m,
    mockResolvedValue: [36m[Function (anonymous)][39m,
    mockResolvedValueOnce: [36m[Function (anonymous)][39m,
    mockRejectedValue: [36m[Function (anonymous)][39m,
    mockRejectedValueOnce: [36m[Function (anonymous)][39m,
    [[32mSymbol(nodejs.dispose)[39m]: [36m[Function (anonymous)][39m
  },
  subscribe: [Function: spy] {
    getMockName: [36m[Function (anonymous)][39m,
    mockName: [36m[Function (anonymous)][39m,
    mockClear: [36m[Function (anonymous)][39m,
    mockReset: [36m[Function (anonymous)][39m,
    mockRestore: [36m[Function (anonymous)][39m,
    getMockImplementation: [36m[Function (anonymous)][39m,
    mockImplementation: [36m[Function (anonymous)][39m,
    mockImplementationOnce: [36m[Function (anonymous)][39m,
    withImplementation: [36m[Function: withImplementation][39m,
    mockReturnThis: [36m[Function (anonymous)][39m,
    mockReturnValue: [36m[Function (anonymous)][39m,
    mockReturnValueOnce: [36m[Function (anonymous)][39m,
    mockResolvedValue: [36m[Function (anonymous)][39m,
    mockResolvedValueOnce: [36m[Function (anonymous)][39m,
    mockRejectedValue: [36m[Function (anonymous)][39m,
    mockRejectedValueOnce: [36m[Function (anonymous)][39m,
    [[32mSymbol(nodejs.dispose)[39m]: [36m[Function (anonymous)][39m
  }
}
[WebflowDesignerDetection] Available webflow properties: [ [32m&apos;getCurrentPage&apos;[39m, [32m&apos;getSiteInfo&apos;[39m, [32m&apos;subscribe&apos;[39m ]
[WebflowDesignerDetection] Available webflow methods: [ [32m&apos;getCurrentPage&apos;[39m, [32m&apos;getSiteInfo&apos;[39m, [32m&apos;subscribe&apos;[39m ]
[WebflowDesignerDetection] Method &apos;getCurrentPage&apos;: {
  type: [32m&apos;function&apos;[39m,
  length: [33m0[39m,
  name: [32m&apos;spy&apos;[39m,
  toString: [32m&apos;function(...args) {\n&apos;[39m +
    [32m&apos;    let state2 = getInternalState(fn);\n&apos;[39m +
    [32m&apos;    state2.called = !0, state2.callCount++, state2.calls.push(args);\n&apos;[39m +
    [32m&apos;    let next = state2.next.shift();\n&apos;[39m +
    [32m&apos;    if (next) {\n&apos;[39m +
    [32m&apos;      state2.results...&apos;[39m
}
[WebflowDesignerDetection] Method &apos;getSiteInfo&apos;: {
  type: [32m&apos;function&apos;[39m,
  length: [33m0[39m,
  name: [32m&apos;spy&apos;[39m,
  toString: [32m&apos;function(...args) {\n&apos;[39m +
    [32m&apos;    let state2 = getInternalState(fn);\n&apos;[39m +
    [32m&apos;    state2.called = !0, state2.callCount++, state2.calls.push(args);\n&apos;[39m +
    [32m&apos;    let next = state2.next.shift();\n&apos;[39m +
    [32m&apos;    if (next) {\n&apos;[39m +
    [32m&apos;      state2.results...&apos;[39m
}
[WebflowDesignerDetection] Method &apos;subscribe&apos;: {
  type: [32m&apos;function&apos;[39m,
  length: [33m0[39m,
  name: [32m&apos;spy&apos;[39m,
  toString: [32m&apos;function(...args) {\n&apos;[39m +
    [32m&apos;    let state2 = getInternalState(fn);\n&apos;[39m +
    [32m&apos;    state2.called = !0, state2.callCount++, state2.calls.push(args);\n&apos;[39m +
    [32m&apos;    let next = state2.next.shift();\n&apos;[39m +
    [32m&apos;    if (next) {\n&apos;[39m +
    [32m&apos;      state2.results...&apos;[39m
}
[WebflowDesignerDetection] Prototype methods: [
  [32m&apos;constructor&apos;[39m,
  [32m&apos;__defineGetter__&apos;[39m,
  [32m&apos;__defineSetter__&apos;[39m,
  [32m&apos;hasOwnProperty&apos;[39m,
  [32m&apos;__lookupGetter__&apos;[39m,
  [32m&apos;__lookupSetter__&apos;[39m,
  [32m&apos;isPrototypeOf&apos;[39m,
  [32m&apos;propertyIsEnumerable&apos;[39m,
  [32m&apos;toString&apos;[39m,
  [32m&apos;valueOf&apos;[39m,
  [32m&apos;__proto__&apos;[39m,
  [32m&apos;toLocaleString&apos;[39m
]
[WebflowDesignerAPI] Detected capabilities: {
  canReadPageInfo: [33mtrue[39m,
  canUpdatePageTitle: [33mfalse[39m,
  canUpdatePageMeta: [33mfalse[39m,
  canUpdatePageSlug: [33mfalse[39m,
  canAddCustomCode: [33mfalse[39m,
  canUpdateCMS: [33mfalse[39m,
  canManipulateElements: [33mfalse[39m,
  canSelectElements: [33mfalse[39m,
  hasElementBuilder: [33mfalse[39m,
  availableMethods: [ [32m&apos;getCurrentPage&apos;[39m, [32m&apos;getSiteInfo&apos;[39m, [32m&apos;subscribe&apos;[39m ]
}
[WebflowInsertion] Using Webflow Designer Extension APIs for modifications

[AuthContext] No OAuth token found - Designer Extension will use Designer APIs directly

            </system-out>
            <system-err>
Failed to initialize page keywords: TypeError: Cannot read properties of undefined (reading &apos;pageType&apos;)
    at initializePageKeywords [90m(C:\Users\Paul Mulligan\PMDS\Projects\AI-SEO-Copilot-for-Webflow\[39mclient\src\pages\Home.tsx:542:34[90m)[39m

            </system-err>
            <failure message="Unable to find an element with the text: /Analysis Results/i. This could be because the text is broken up by multiple elements. In this case, you can provide a function for your text matcher to make your matcher more flexible.

Ignored nodes: comments, script, style
[36m&lt;body&gt;[39m
  [36m&lt;div&gt;[39m
    [36m&lt;div[39m
      [33mclass[39m=[32m&quot;min-h-screen bg-background p-4 md:p-6 flex flex-col&quot;[39m
      [33mstyle[39m=[32m&quot;color: #FFFFFF&quot;[39m
    [36m&gt;[39m
      [36m&lt;div[39m
        [33mclass[39m=[32m&quot;mx-auto w-full max-w-3xl space-y-6 flex-grow&quot;[39m
      [36m&gt;[39m
        [36m&lt;div[39m
          [33mclass[39m=[32m&quot;w-full&quot;[39m
        [36m&gt;[39m
          [36m&lt;div[39m
            [33mclass[39m=[32m&quot;rounded-lg border bg-background2 text-card-foreground shadow-sm w-full&quot;[39m
          [36m&gt;[39m
            [36m&lt;div[39m
              [33mclass[39m=[32m&quot;flex flex-col space-y-1.5 p-6&quot;[39m
            [36m&gt;[39m
              [36m&lt;h3[39m
                [33mclass[39m=[32m&quot;text-2xl font-semibold leading-none tracking-tight text-center&quot;[39m
              [36m&gt;[39m
                [0mSEO Analysis Tool[0m
              [36m&lt;/h3&gt;[39m
            [36m&lt;/div&gt;[39m
            [36m&lt;div[39m
              [33mclass[39m=[32m&quot;p-6 pt-0&quot;[39m
            [36m&gt;[39m
              [36m&lt;form[39m
                [33mclass[39m=[32m&quot;space-y-5 w-full&quot;[39m
              [36m&gt;[39m
                [36m&lt;div[39m
                  [33mclass[39m=[32m&quot;space-y-2 w-full&quot;[39m
                [36m&gt;[39m
                  [36m&lt;div[39m
                    [33mclass[39m=[32m&quot;flex justify-between items-center mb-1&quot;[39m
                  [36m&gt;[39m
                    [36m&lt;label[39m
                      [33mclass[39m=[32m&quot;text-sm font-medium leading-none peer-disabled:cursor-not-allowed peer-disabled:opacity-70 mb-0&quot;[39m
                      [33mfor[39m=[32m&quot;«r2c»-form-item&quot;[39m
                    [36m&gt;[39m
                      [0mTarget keyphrase[0m
                    [36m&lt;/label&gt;[39m
                    [36m&lt;span[39m
                      [33mclass[39m=[32m&quot;text-xs font-medium&quot;[39m
                      [33mstyle[39m=[32m&quot;color: var(--redText)&quot;[39m
                    [36m&gt;[39m
                      [0mNo keyword saved[0m
                    [36m&lt;/span&gt;[39m
                  [36m&lt;/div&gt;[39m
                  [36m&lt;div[39m
                    [33maria-describedby[39m=[32m&quot;«r2c»-form-item-description&quot;[39m
                    [33maria-invalid[39m=[32m&quot;false&quot;[39m
                    [33mclass[39m=[32m&quot;mt-2 w-full mt-2&quot;[39m
                    [33mid[39m=[32m&quot;«r2c»-form-item&quot;[39m
                  [36m&gt;[39m
                    [36m&lt;input[39m
                      [33mclass[39m=[32m&quot;flex h-10 rounded-md border border-input bg-background px-3 py-2 text-sm ring-offset-background file:border-0 file:bg-transparent file:text-sm file:font-medium file:text-foreground placeholder:text-muted-foreground focus-visible:outline-none focus-visible:ring-2 focus-visible:ring-ring focus-visible:ring-offset-2 disabled:cursor-not-allowed disabled:opacity-50 w-full&quot;[39m
                      [33mname[39m=[32m&quot;keyphrase&quot;[39m
                      [33mplaceholder[39m=[32m&quot;Enter your target keyphrase&quot;[39m
                      [33mvalue[39m=[32m&quot;&quot;[39m
                    [36m/&gt;[39m
                  [36m&lt;/div&gt;[39m
                [36m&lt;/div&gt;[39m
                [36m&lt;div[39m
                  [33mclass[39m=[32m&quot;border-t pt-4 mt-4&quot;[39m
                [36m&gt;[39m
                  [36m&lt;div[39m
                    [33mclass[39m=[32m&quot;flex items-center justify-between mb-4&quot;[39m
                  [36m&gt;[39m
                    [36m&lt;div&gt;[39m
                      [36m&lt;h3[39m
                        [33mclass[39m=[32m&quot;text-lg font-semibold&quot;[39m
                      [36m&gt;[39m
                        [0mAdvanced Analysis[0m
                      [36m&lt;/h3&gt;[39m
                      [36m&lt;p[39m
                        [33mclass[39m=[32m&quot;text-sm text-muted-foreground&quot;[39m
                      [36m&gt;[39m
                        [0mAdd secondary keywords and specify page type for more targeted SEO analysis[0m
                      [36m&lt;/p&gt;[39m
                    [36m&lt;/div&gt;[39m
                    [36m&lt;div[39m
                      [33mclass[39m=[32m&quot;flex items-center space-x-2&quot;[39m
                    [36m&gt;[39m
                      [36m&lt;button[39m
                        [33maria-checked[39m=[32m&quot;false&quot;[39m
                        [33mclass[39m=[32m&quot;peer inline-flex h-6 w-11 shrink-0 cursor-pointer items-center rounded-full border-2 border-transparent transition-colors focus-visible:outline-none focus-visible:ring-2 focus-visible:ring-ring focus-visible:ring-offset-2 focus-visible:ring-offset-background disabled:cursor-not-allowed disabled:opacity-50 data-[state=checked]:bg-primary data-[state=unchecked]:bg-input&quot;[39m
                        [33mdata-state[39m=[32m&quot;unchecked&quot;[39m
                        [33mrole[39m=[32m&quot;switch&quot;[39m
                        [33mtype[39m=[32m&quot;button&quot;[39m
                        [33mvalue[39m=[32m&quot;on&quot;[39m
                      [36m&gt;[39m
                        [36m&lt;span[39m
                          [33mclass[39m=[32m&quot;pointer-events-none block h-5 w-5 rounded-full bg-background shadow-lg ring-0 transition-transform data-[state=checked]:translate-x-5 data-[state=unchecked]:translate-x-0&quot;[39m
                          [33mdata-state[39m=[32m&quot;unchecked&quot;[39m
                        [36m/&gt;[39m
                      [36m&lt;/button&gt;[39m
                      [36m&lt;input[39m
                        [33maria-hidden[39m=[32m&quot;true&quot;[39m
                        [33mstyle[39m=[32m&quot;transform: translateX(-100%); width: 200px; height: 100px&quot;[39m
                        [33mtabindex[39m=[32m&quot;-1&quot;[39m
                        [33mtype[39m=[32m&quot;checkbox&quot;[39m
                        [33mvalue[39m=[32m&quot;on&quot;[39m
                      [36m/&gt;[39m
                      [36m&lt;span[39m
                        [33mclass[39m=[32m&quot;text-sm&quot;[39m
                      [36m&gt;[39m
                        [0mOff[0m
                      [36m&lt;/span&gt;[39m
                    [36m&lt;/div&gt;[39m
                  [36m&lt;/div&gt;[39m
                [36m&lt;/div&gt;[39m
                [36m&lt;div[39m
                  [33mclass[39m=[32m&quot;w-full pt-2&quot;[39m
                [36m&gt;[39m
                  [36m&lt;button[39m
                    [33mclass[39m=[32m&quot;inline-flex items-center justify-center gap-2 whitespace-nowrap rounded-md text-sm font-medium ring-offset-background transition-colors focus-visible:outline-none focus-visible:ring-2 focus-visible:ring-ring focus-visible:ring-offset-2 disabled:pointer-events-none disabled:opacity-50 [&amp;_svg]:pointer-events-none [&amp;_svg]:size-4 [&amp;_svg]:shrink-0 [&amp;_svg]:text-current bg-primary text-primary-foreground hover:bg-primary/90 px-4 py-2 w-full h-11 cursor-pointer&quot;[39m
                    [33mtype[39m=[32m&quot;submit&quot;[39m
                  [36m&gt;[39m
                    [0mStart optimizing your SEO[0m
      ...

Ignored nodes: comments, script, style
[36m&lt;html&gt;[39m
  [36m&lt;head /&gt;[39m
  [36m&lt;body&gt;[39m
    [36m&lt;div&gt;[39m
      [36m&lt;div[39m
        [33mclass[39m=[32m&quot;min-h-screen bg-background p-4 md:p-6 flex flex-col&quot;[39m
        [33mstyle[39m=[32m&quot;color: #FFFFFF&quot;[39m
      [36m&gt;[39m
        [36m&lt;div[39m
          [33mclass[39m=[32m&quot;mx-auto w-full max-w-3xl space-y-6 flex-grow&quot;[39m
        [36m&gt;[39m
          [36m&lt;div[39m
            [33mclass[39m=[32m&quot;w-full&quot;[39m
          [36m&gt;[39m
            [36m&lt;div[39m
              [33mclass[39m=[32m&quot;rounded-lg border bg-background2 text-card-foreground shadow-sm w-full&quot;[39m
            [36m&gt;[39m
              [36m&lt;div[39m
                [33mclass[39m=[32m&quot;flex flex-col space-y-1.5 p-6&quot;[39m
              [36m&gt;[39m
                [36m&lt;h3[39m
                  [33mclass[39m=[32m&quot;text-2xl font-semibold leading-none tracking-tight text-center&quot;[39m
                [36m&gt;[39m
                  [0mSEO Analysis Tool[0m
                [36m&lt;/h3&gt;[39m
              [36m&lt;/div&gt;[39m
              [36m&lt;div[39m
                [33mclass[39m=[32m&quot;p-6 pt-0&quot;[39m
              [36m&gt;[39m
                [36m&lt;form[39m
                  [33mclass[39m=[32m&quot;space-y-5 w-full&quot;[39m
                [36m&gt;[39m
                  [36m&lt;div[39m
                    [33mclass[39m=[32m&quot;space-y-2 w-full&quot;[39m
                  [36m&gt;[39m
                    [36m&lt;div[39m
                      [33mclass[39m=[32m&quot;flex justify-between items-center mb-1&quot;[39m
                    [36m&gt;[39m
                      [36m&lt;label[39m
                        [33mclass[39m=[32m&quot;text-sm font-medium leading-none peer-disabled:cursor-not-allowed peer-disabled:opacity-70 mb-0&quot;[39m
                        [33mfor[39m=[32m&quot;«r2c»-form-item&quot;[39m
                      [36m&gt;[39m
                        [0mTarget keyphrase[0m
                      [36m&lt;/label&gt;[39m
                      [36m&lt;span[39m
                        [33mclass[39m=[32m&quot;text-xs font-medium&quot;[39m
                        [33mstyle[39m=[32m&quot;color: var(--redText)&quot;[39m
                      [36m&gt;[39m
                        [0mNo keyword saved[0m
                      [36m&lt;/span&gt;[39m
                    [36m&lt;/div&gt;[39m
                    [36m&lt;div[39m
                      [33maria-describedby[39m=[32m&quot;«r2c»-form-item-description&quot;[39m
                      [33maria-invalid[39m=[32m&quot;false&quot;[39m
                      [33mclass[39m=[32m&quot;mt-2 w-full mt-2&quot;[39m
                      [33mid[39m=[32m&quot;«r2c»-form-item&quot;[39m
                    [36m&gt;[39m
                      [36m&lt;input[39m
                        [33mclass[39m=[32m&quot;flex h-10 rounded-md border border-input bg-background px-3 py-2 text-sm ring-offset-background file:border-0 file:bg-transparent file:text-sm file:font-medium file:text-foreground placeholder:text-muted-foreground focus-visible:outline-none focus-visible:ring-2 focus-visible:ring-ring focus-visible:ring-offset-2 disabled:cursor-not-allowed disabled:opacity-50 w-full&quot;[39m
                        [33mname[39m=[32m&quot;keyphrase&quot;[39m
                        [33mplaceholder[39m=[32m&quot;Enter your target keyphrase&quot;[39m
                        [33mvalue[39m=[32m&quot;&quot;[39m
                      [36m/&gt;[39m
                    [36m&lt;/div&gt;[39m
                  [36m&lt;/div&gt;[39m
                  [36m&lt;div[39m
                    [33mclass[39m=[32m&quot;border-t pt-4 mt-4&quot;[39m
                  [36m&gt;[39m
                    [36m&lt;div[39m
                      [33mclass[39m=[32m&quot;flex items-center justify-between mb-4&quot;[39m
                    [36m&gt;[39m
                      [36m&lt;div&gt;[39m
                        [36m&lt;h3[39m
                          [33mclass[39m=[32m&quot;text-lg font-semibold&quot;[39m
                        [36m&gt;[39m
                          [0mAdvanced Analysis[0m
                        [36m&lt;/h3&gt;[39m
                        [36m&lt;p[39m
                          [33mclass[39m=[32m&quot;text-sm text-muted-foreground&quot;[39m
                        [36m&gt;[39m
                          [0mAdd secondary keywords and specify page type for more targeted SEO analysis[0m
                        [36m&lt;/p&gt;[39m
                      [36m&lt;/div&gt;[39m
                      [36m&lt;div[39m
                        [33mclass[39m=[32m&quot;flex items-center space-x-2&quot;[39m
                      [36m&gt;[39m
                        [36m&lt;button[39m
                          [33maria-checked[39m=[32m&quot;false&quot;[39m
                          [33mclass[39m=[32m&quot;peer inline-flex h-6 w-11 shrink-0 cursor-pointer items-center rounded-full border-2 border-transparent transition-colors focus-visible:outline-none focus-visible:ring-2 focus-visible:ring-ring focus-visible:ring-offset-2 focus-visible:ring-offset-background disabled:cursor-not-allowed disabled:opacity-50 data-[state=checked]:bg-primary data-[state=unchecked]:bg-input&quot;[39m
                          [33mdata-state[39m=[32m&quot;unchecked&quot;[39m
                          [33mrole[39m=[32m&quot;switch&quot;[39m
                          [33mtype[39m=[32m&quot;button&quot;[39m
                          [33mvalue[39m=[32m&quot;on&quot;[39m
                        [36m&gt;[39m
                          [36m&lt;span[39m
                            [33mclass[39m=[32m&quot;pointer-events-none block h-5 w-5 rounded-full bg-background shadow-lg ring-0 transition-transform data-[state=checked]:translate-x-5 data-[state=unchecked]:translate-x-0&quot;[39m
                            [33mdata-state[39m=[32m&quot;unchecked&quot;[39m
                          [36m/&gt;[39m
                        [36m&lt;/button&gt;[39m
                        [36m&lt;input[39m
                          [33maria-hidden[39m=[32m&quot;true&quot;[39m
                          [33mstyle[39m=[32m&quot;transform: translateX(-100%); width: 200px; height: 100px&quot;[39m
                          [33mtabindex[39m=[32m&quot;-1&quot;[39m
                          [33mtype[39m=[32m&quot;checkbox&quot;[39m
                          [33mvalue[39m=[32m&quot;on&quot;[39m
                        [36m/&gt;[39m
                        [36m&lt;span[39m
                          [33mclass[39m=[32m&quot;text-sm&quot;[39m
                        [36m&gt;[39m
                          [0mOff[0m
                        [36m&lt;/span&gt;[39m
                      [36m&lt;/div&gt;[39m
                    [36m&lt;/div&gt;[39m
                  [36m&lt;/div&gt;[39m
                  [36m&lt;div[39m
                    [33mclass[39m=[32m&quot;w-full pt-2&quot;[39m
                  [36m&gt;[39m
                    [36m&lt;button[39m
                      [33mclass[39m=[32m&quot;inline-flex items-center justify-center gap-2 whitespace-nowrap rounded-md text-sm font-medium ring-offset-background transition-colors focus-visible:outline-none focus-visible:ring-2 focus-visible:ring-ring focus-visible:ring-offset-2 disabled:pointer-events-none disabled:opacity-50 [&amp;_svg]:pointer-events-none [&amp;_svg]:size-4 [&amp;_svg]:..." type="TestingLibraryElementError">
TestingLibraryElementError: Unable to find an element with the text: /Analysis Results/i. This could be because the text is broken up by multiple elements. In this case, you can provide a function for your text matcher to make your matcher more flexible.

Ignored nodes: comments, script, style
&lt;body&gt;
  &lt;div&gt;
    &lt;div
      class=&quot;min-h-screen bg-background p-4 md:p-6 flex flex-col&quot;
      style=&quot;color: #FFFFFF&quot;
    &gt;
      &lt;div
        class=&quot;mx-auto w-full max-w-3xl space-y-6 flex-grow&quot;
      &gt;
        &lt;div
          class=&quot;w-full&quot;
        &gt;
          &lt;div
            class=&quot;rounded-lg border bg-background2 text-card-foreground shadow-sm w-full&quot;
          &gt;
            &lt;div
              class=&quot;flex flex-col space-y-1.5 p-6&quot;
            &gt;
              &lt;h3
                class=&quot;text-2xl font-semibold leading-none tracking-tight text-center&quot;
              &gt;
                SEO Analysis Tool
              &lt;/h3&gt;
            &lt;/div&gt;
            &lt;div
              class=&quot;p-6 pt-0&quot;
            &gt;
              &lt;form
                class=&quot;space-y-5 w-full&quot;
              &gt;
                &lt;div
                  class=&quot;space-y-2 w-full&quot;
                &gt;
                  &lt;div
                    class=&quot;flex justify-between items-center mb-1&quot;
                  &gt;
                    &lt;label
                      class=&quot;text-sm font-medium leading-none peer-disabled:cursor-not-allowed peer-disabled:opacity-70 mb-0&quot;
                      for=&quot;«r2c»-form-item&quot;
                    &gt;
                      Target keyphrase
                    &lt;/label&gt;
                    &lt;span
                      class=&quot;text-xs font-medium&quot;
                      style=&quot;color: var(--redText)&quot;
                    &gt;
                      No keyword saved
                    &lt;/span&gt;
                  &lt;/div&gt;
                  &lt;div
                    aria-describedby=&quot;«r2c»-form-item-description&quot;
                    aria-invalid=&quot;false&quot;
                    class=&quot;mt-2 w-full mt-2&quot;
                    id=&quot;«r2c»-form-item&quot;
                  &gt;
                    &lt;input
                      class=&quot;flex h-10 rounded-md border border-input bg-background px-3 py-2 text-sm ring-offset-background file:border-0 file:bg-transparent file:text-sm file:font-medium file:text-foreground placeholder:text-muted-foreground focus-visible:outline-none focus-visible:ring-2 focus-visible:ring-ring focus-visible:ring-offset-2 disabled:cursor-not-allowed disabled:opacity-50 w-full&quot;
                      name=&quot;keyphrase&quot;
                      placeholder=&quot;Enter your target keyphrase&quot;
                      value=&quot;&quot;
                    /&gt;
                  &lt;/div&gt;
                &lt;/div&gt;
                &lt;div
                  class=&quot;border-t pt-4 mt-4&quot;
                &gt;
                  &lt;div
                    class=&quot;flex items-center justify-between mb-4&quot;
                  &gt;
                    &lt;div&gt;
                      &lt;h3
                        class=&quot;text-lg font-semibold&quot;
                      &gt;
                        Advanced Analysis
                      &lt;/h3&gt;
                      &lt;p
                        class=&quot;text-sm text-muted-foreground&quot;
                      &gt;
                        Add secondary keywords and specify page type for more targeted SEO analysis
                      &lt;/p&gt;
                    &lt;/div&gt;
                    &lt;div
                      class=&quot;flex items-center space-x-2&quot;
                    &gt;
                      &lt;button
                        aria-checked=&quot;false&quot;
                        class=&quot;peer inline-flex h-6 w-11 shrink-0 cursor-pointer items-center rounded-full border-2 border-transparent transition-colors focus-visible:outline-none focus-visible:ring-2 focus-visible:ring-ring focus-visible:ring-offset-2 focus-visible:ring-offset-background disabled:cursor-not-allowed disabled:opacity-50 data-[state=checked]:bg-primary data-[state=unchecked]:bg-input&quot;
                        data-state=&quot;unchecked&quot;
                        role=&quot;switch&quot;
                        type=&quot;button&quot;
                        value=&quot;on&quot;
                      &gt;
                        &lt;span
                          class=&quot;pointer-events-none block h-5 w-5 rounded-full bg-background shadow-lg ring-0 transition-transform data-[state=checked]:translate-x-5 data-[state=unchecked]:translate-x-0&quot;
                          data-state=&quot;unchecked&quot;
                        /&gt;
                      &lt;/button&gt;
                      &lt;input
                        aria-hidden=&quot;true&quot;
                        style=&quot;transform: translateX(-100%); width: 200px; height: 100px&quot;
                        tabindex=&quot;-1&quot;
                        type=&quot;checkbox&quot;
                        value=&quot;on&quot;
                      /&gt;
                      &lt;span
                        class=&quot;text-sm&quot;
                      &gt;
                        Off
                      &lt;/span&gt;
                    &lt;/div&gt;
                  &lt;/div&gt;
                &lt;/div&gt;
                &lt;div
                  class=&quot;w-full pt-2&quot;
                &gt;
                  &lt;button
                    class=&quot;inline-flex items-center justify-center gap-2 whitespace-nowrap rounded-md text-sm font-medium ring-offset-background transition-colors focus-visible:outline-none focus-visible:ring-2 focus-visible:ring-ring focus-visible:ring-offset-2 disabled:pointer-events-none disabled:opacity-50 [&amp;_svg]:pointer-events-none [&amp;_svg]:size-4 [&amp;_svg]:shrink-0 [&amp;_svg]:text-current bg-primary text-primary-foreground hover:bg-primary/90 px-4 py-2 w-full h-11 cursor-pointer&quot;
                    type=&quot;submit&quot;
                  &gt;
                    Start optimizing your SEO
      ...

Ignored nodes: comments, script, style
&lt;html&gt;
  &lt;head /&gt;
  &lt;body&gt;
    &lt;div&gt;
      &lt;div
        class=&quot;min-h-screen bg-background p-4 md:p-6 flex flex-col&quot;
        style=&quot;color: #FFFFFF&quot;
      &gt;
        &lt;div
          class=&quot;mx-auto w-full max-w-3xl space-y-6 flex-grow&quot;
        &gt;
          &lt;div
            class=&quot;w-full&quot;
          &gt;
            &lt;div
              class=&quot;rounded-lg border bg-background2 text-card-foreground shadow-sm w-full&quot;
            &gt;
              &lt;div
                class=&quot;flex flex-col space-y-1.5 p-6&quot;
              &gt;
                &lt;h3
                  class=&quot;text-2xl font-semibold leading-none tracking-tight text-center&quot;
                &gt;
                  SEO Analysis Tool
                &lt;/h3&gt;
              &lt;/div&gt;
              &lt;div
                class=&quot;p-6 pt-0&quot;
              &gt;
                &lt;form
                  class=&quot;space-y-5 w-full&quot;
                &gt;
                  &lt;div
                    class=&quot;space-y-2 w-full&quot;
                  &gt;
                    &lt;div
                      class=&quot;flex justify-between items-center mb-1&quot;
                    &gt;
                      &lt;label
                        class=&quot;text-sm font-medium leading-none peer-disabled:cursor-not-allowed peer-disabled:opacity-70 mb-0&quot;
                        for=&quot;«r2c»-form-item&quot;
                      &gt;
                        Target keyphrase
                      &lt;/label&gt;
                      &lt;span
                        class=&quot;text-xs font-medium&quot;
                        style=&quot;color: var(--redText)&quot;
                      &gt;
                        No keyword saved
                      &lt;/span&gt;
                    &lt;/div&gt;
                    &lt;div
                      aria-describedby=&quot;«r2c»-form-item-description&quot;
                      aria-invalid=&quot;false&quot;
                      class=&quot;mt-2 w-full mt-2&quot;
                      id=&quot;«r2c»-form-item&quot;
                    &gt;
                      &lt;input
                        class=&quot;flex h-10 rounded-md border border-input bg-background px-3 py-2 text-sm ring-offset-background file:border-0 file:bg-transparent file:text-sm file:font-medium file:text-foreground placeholder:text-muted-foreground focus-visible:outline-none focus-visible:ring-2 focus-visible:ring-ring focus-visible:ring-offset-2 disabled:cursor-not-allowed disabled:opacity-50 w-full&quot;
                        name=&quot;keyphrase&quot;
                        placeholder=&quot;Enter your target keyphrase&quot;
                        value=&quot;&quot;
                      /&gt;
                    &lt;/div&gt;
                  &lt;/div&gt;
                  &lt;div
                    class=&quot;border-t pt-4 mt-4&quot;
                  &gt;
                    &lt;div
                      class=&quot;flex items-center justify-between mb-4&quot;
                    &gt;
                      &lt;div&gt;
                        &lt;h3
                          class=&quot;text-lg font-semibold&quot;
                        &gt;
                          Advanced Analysis
                        &lt;/h3&gt;
                        &lt;p
                          class=&quot;text-sm text-muted-foreground&quot;
                        &gt;
                          Add secondary keywords and specify page type for more targeted SEO analysis
                        &lt;/p&gt;
                      &lt;/div&gt;
                      &lt;div
                        class=&quot;flex items-center space-x-2&quot;
                      &gt;
                        &lt;button
                          aria-checked=&quot;false&quot;
                          class=&quot;peer inline-flex h-6 w-11 shrink-0 cursor-pointer items-center rounded-full border-2 border-transparent transition-colors focus-visible:outline-none focus-visible:ring-2 focus-visible:ring-ring focus-visible:ring-offset-2 focus-visible:ring-offset-background disabled:cursor-not-allowed disabled:opacity-50 data-[state=checked]:bg-primary data-[state=unchecked]:bg-input&quot;
                          data-state=&quot;unchecked&quot;
                          role=&quot;switch&quot;
                          type=&quot;button&quot;
                          value=&quot;on&quot;
                        &gt;
                          &lt;span
                            class=&quot;pointer-events-none block h-5 w-5 rounded-full bg-background shadow-lg ring-0 transition-transform data-[state=checked]:translate-x-5 data-[state=unchecked]:translate-x-0&quot;
                            data-state=&quot;unchecked&quot;
                          /&gt;
                        &lt;/button&gt;
                        &lt;input
                          aria-hidden=&quot;true&quot;
                          style=&quot;transform: translateX(-100%); width: 200px; height: 100px&quot;
                          tabindex=&quot;-1&quot;
                          type=&quot;checkbox&quot;
                          value=&quot;on&quot;
                        /&gt;
                        &lt;span
                          class=&quot;text-sm&quot;
                        &gt;
                          Off
                        &lt;/span&gt;
                      &lt;/div&gt;
                    &lt;/div&gt;
                  &lt;/div&gt;
                  &lt;div
                    class=&quot;w-full pt-2&quot;
                  &gt;
                    &lt;button
                      class=&quot;inline-flex items-center justify-center gap-2 whitespace-nowrap rounded-md text-sm font-medium ring-offset-background transition-colors focus-visible:outline-none focus-visible:ring-2 focus-visible:ring-ring focus-visible:ring-offset-2 disabled:pointer-events-none disabled:opacity-50 [&amp;_svg]:pointer-events-none [&amp;_svg]:size-4 [&amp;_svg]:...
 ❯ Proxy.waitFor node_modules/.pnpm/@testing-library+dom@10.4.1/node_modules/@testing-library/dom/dist/wait-for.js:163:27
 ❯ client/src/pages/Home.test.tsx:1047:13
            </failure>
        </testcase>
        <testcase classname="client/src/pages/Home.test.tsx" name="Home Component - Additional Coverage &gt; Advanced Options Persistent Settings &gt; should hide advanced options section by default" time="0.0170417">
            <system-out>
[InsertionContext] No OAuth token available - will use Designer Extension APIs directly
[WebflowInsertion] Webflow Designer context detected
[WebflowDesignerDetection] === WEBFLOW API INSPECTION ===
[WebflowDesignerDetection] typeof window.webflow: object
[WebflowDesignerDetection] window.webflow: {
  getCurrentPage: [Function: spy] {
    getMockName: [36m[Function (anonymous)][39m,
    mockName: [36m[Function (anonymous)][39m,
    mockClear: [36m[Function (anonymous)][39m,
    mockReset: [36m[Function (anonymous)][39m,
    mockRestore: [36m[Function (anonymous)][39m,
    getMockImplementation: [36m[Function (anonymous)][39m,
    mockImplementation: [36m[Function (anonymous)][39m,
    mockImplementationOnce: [36m[Function (anonymous)][39m,
    withImplementation: [36m[Function: withImplementation][39m,
    mockReturnThis: [36m[Function (anonymous)][39m,
    mockReturnValue: [36m[Function (anonymous)][39m,
    mockReturnValueOnce: [36m[Function (anonymous)][39m,
    mockResolvedValue: [36m[Function (anonymous)][39m,
    mockResolvedValueOnce: [36m[Function (anonymous)][39m,
    mockRejectedValue: [36m[Function (anonymous)][39m,
    mockRejectedValueOnce: [36m[Function (anonymous)][39m,
    [[32mSymbol(nodejs.dispose)[39m]: [36m[Function (anonymous)][39m
  },
  getSiteInfo: [Function: spy] {
    getMockName: [36m[Function (anonymous)][39m,
    mockName: [36m[Function (anonymous)][39m,
    mockClear: [36m[Function (anonymous)][39m,
    mockReset: [36m[Function (anonymous)][39m,
    mockRestore: [36m[Function (anonymous)][39m,
    getMockImplementation: [36m[Function (anonymous)][39m,
    mockImplementation: [36m[Function (anonymous)][39m,
    mockImplementationOnce: [36m[Function (anonymous)][39m,
    withImplementation: [36m[Function: withImplementation][39m,
    mockReturnThis: [36m[Function (anonymous)][39m,
    mockReturnValue: [36m[Function (anonymous)][39m,
    mockReturnValueOnce: [36m[Function (anonymous)][39m,
    mockResolvedValue: [36m[Function (anonymous)][39m,
    mockResolvedValueOnce: [36m[Function (anonymous)][39m,
    mockRejectedValue: [36m[Function (anonymous)][39m,
    mockRejectedValueOnce: [36m[Function (anonymous)][39m,
    [[32mSymbol(nodejs.dispose)[39m]: [36m[Function (anonymous)][39m
  },
  subscribe: [Function: spy] {
    getMockName: [36m[Function (anonymous)][39m,
    mockName: [36m[Function (anonymous)][39m,
    mockClear: [36m[Function (anonymous)][39m,
    mockReset: [36m[Function (anonymous)][39m,
    mockRestore: [36m[Function (anonymous)][39m,
    getMockImplementation: [36m[Function (anonymous)][39m,
    mockImplementation: [36m[Function (anonymous)][39m,
    mockImplementationOnce: [36m[Function (anonymous)][39m,
    withImplementation: [36m[Function: withImplementation][39m,
    mockReturnThis: [36m[Function (anonymous)][39m,
    mockReturnValue: [36m[Function (anonymous)][39m,
    mockReturnValueOnce: [36m[Function (anonymous)][39m,
    mockResolvedValue: [36m[Function (anonymous)][39m,
    mockResolvedValueOnce: [36m[Function (anonymous)][39m,
    mockRejectedValue: [36m[Function (anonymous)][39m,
    mockRejectedValueOnce: [36m[Function (anonymous)][39m,
    [[32mSymbol(nodejs.dispose)[39m]: [36m[Function (anonymous)][39m
  }
}
[WebflowDesignerDetection] Available webflow properties: [ [32m&apos;getCurrentPage&apos;[39m, [32m&apos;getSiteInfo&apos;[39m, [32m&apos;subscribe&apos;[39m ]
[WebflowDesignerDetection] Available webflow methods: [ [32m&apos;getCurrentPage&apos;[39m, [32m&apos;getSiteInfo&apos;[39m, [32m&apos;subscribe&apos;[39m ]
[WebflowDesignerDetection] Method &apos;getCurrentPage&apos;: {
  type: [32m&apos;function&apos;[39m,
  length: [33m0[39m,
  name: [32m&apos;spy&apos;[39m,
  toString: [32m&apos;function(...args) {\n&apos;[39m +
    [32m&apos;    let state2 = getInternalState(fn);\n&apos;[39m +
    [32m&apos;    state2.called = !0, state2.callCount++, state2.calls.push(args);\n&apos;[39m +
    [32m&apos;    let next = state2.next.shift();\n&apos;[39m +
    [32m&apos;    if (next) {\n&apos;[39m +
    [32m&apos;      state2.results...&apos;[39m
}
[WebflowDesignerDetection] Method &apos;getSiteInfo&apos;: {
  type: [32m&apos;function&apos;[39m,
  length: [33m0[39m,
  name: [32m&apos;spy&apos;[39m,
  toString: [32m&apos;function(...args) {\n&apos;[39m +
    [32m&apos;    let state2 = getInternalState(fn);\n&apos;[39m +
    [32m&apos;    state2.called = !0, state2.callCount++, state2.calls.push(args);\n&apos;[39m +
    [32m&apos;    let next = state2.next.shift();\n&apos;[39m +
    [32m&apos;    if (next) {\n&apos;[39m +
    [32m&apos;      state2.results...&apos;[39m
}
[WebflowDesignerDetection] Method &apos;subscribe&apos;: {
  type: [32m&apos;function&apos;[39m,
  length: [33m0[39m,
  name: [32m&apos;spy&apos;[39m,
  toString: [32m&apos;function(...args) {\n&apos;[39m +
    [32m&apos;    let state2 = getInternalState(fn);\n&apos;[39m +
    [32m&apos;    state2.called = !0, state2.callCount++, state2.calls.push(args);\n&apos;[39m +
    [32m&apos;    let next = state2.next.shift();\n&apos;[39m +
    [32m&apos;    if (next) {\n&apos;[39m +
    [32m&apos;      state2.results...&apos;[39m
}
[WebflowDesignerDetection] Prototype methods: [
  [32m&apos;constructor&apos;[39m,
  [32m&apos;__defineGetter__&apos;[39m,
  [32m&apos;__defineSetter__&apos;[39m,
  [32m&apos;hasOwnProperty&apos;[39m,
  [32m&apos;__lookupGetter__&apos;[39m,
  [32m&apos;__lookupSetter__&apos;[39m,
  [32m&apos;isPrototypeOf&apos;[39m,
  [32m&apos;propertyIsEnumerable&apos;[39m,
  [32m&apos;toString&apos;[39m,
  [32m&apos;valueOf&apos;[39m,
  [32m&apos;__proto__&apos;[39m,
  [32m&apos;toLocaleString&apos;[39m
]
[WebflowDesignerAPI] Detected capabilities: {
  canReadPageInfo: [33mtrue[39m,
  canUpdatePageTitle: [33mfalse[39m,
  canUpdatePageMeta: [33mfalse[39m,
  canUpdatePageSlug: [33mfalse[39m,
  canAddCustomCode: [33mfalse[39m,
  canUpdateCMS: [33mfalse[39m,
  canManipulateElements: [33mfalse[39m,
  canSelectElements: [33mfalse[39m,
  hasElementBuilder: [33mfalse[39m,
  availableMethods: [ [32m&apos;getCurrentPage&apos;[39m, [32m&apos;getSiteInfo&apos;[39m, [32m&apos;subscribe&apos;[39m ]
}
[WebflowInsertion] Using Webflow Designer Extension APIs for modifications

[AuthContext] No OAuth token found - Designer Extension will use Designer APIs directly

            </system-out>
            <system-err>
An update to Home inside a test was not wrapped in act(...).

When testing, code that causes React state updates should be wrapped into act(...):

act(() =&gt; {
  /* fire events that update state */
});
/* assert on the output */

This ensures that you&apos;re testing the behavior the user would see in the browser. Learn more at https://react.dev/link/wrap-tests-with-act
An update to AuthProvider inside a test was not wrapped in act(...).

When testing, code that causes React state updates should be wrapped into act(...):

act(() =&gt; {
  /* fire events that update state */
});
/* assert on the output */

This ensures that you&apos;re testing the behavior the user would see in the browser. Learn more at https://react.dev/link/wrap-tests-with-act
An update to AuthProvider inside a test was not wrapped in act(...).

When testing, code that causes React state updates should be wrapped into act(...):

act(() =&gt; {
  /* fire events that update state */
});
/* assert on the output */

This ensures that you&apos;re testing the behavior the user would see in the browser. Learn more at https://react.dev/link/wrap-tests-with-act
An update to AuthProvider inside a test was not wrapped in act(...).

When testing, code that causes React state updates should be wrapped into act(...):

act(() =&gt; {
  /* fire events that update state */
});
/* assert on the output */

This ensures that you&apos;re testing the behavior the user would see in the browser. Learn more at https://react.dev/link/wrap-tests-with-act

An update to Home inside a test was not wrapped in act(...).

When testing, code that causes React state updates should be wrapped into act(...):

act(() =&gt; {
  /* fire events that update state */
});
/* assert on the output */

This ensures that you&apos;re testing the behavior the user would see in the browser. Learn more at https://react.dev/link/wrap-tests-with-act
An update to Home inside a test was not wrapped in act(...).

When testing, code that causes React state updates should be wrapped into act(...):

act(() =&gt; {
  /* fire events that update state */
});
/* assert on the output */

This ensures that you&apos;re testing the behavior the user would see in the browser. Learn more at https://react.dev/link/wrap-tests-with-act
An update to Home inside a test was not wrapped in act(...).

When testing, code that causes React state updates should be wrapped into act(...):

act(() =&gt; {
  /* fire events that update state */
});
/* assert on the output */

This ensures that you&apos;re testing the behavior the user would see in the browser. Learn more at https://react.dev/link/wrap-tests-with-act
An update to Home inside a test was not wrapped in act(...).

When testing, code that causes React state updates should be wrapped into act(...):

act(() =&gt; {
  /* fire events that update state */
});
/* assert on the output */

This ensures that you&apos;re testing the behavior the user would see in the browser. Learn more at https://react.dev/link/wrap-tests-with-act
An update to Home inside a test was not wrapped in act(...).

When testing, code that causes React state updates should be wrapped into act(...):

act(() =&gt; {
  /* fire events that update state */
});
/* assert on the output */

This ensures that you&apos;re testing the behavior the user would see in the browser. Learn more at https://react.dev/link/wrap-tests-with-act
An update to Home inside a test was not wrapped in act(...).

When testing, code that causes React state updates should be wrapped into act(...):

act(() =&gt; {
  /* fire events that update state */
});
/* assert on the output */

This ensures that you&apos;re testing the behavior the user would see in the browser. Learn more at https://react.dev/link/wrap-tests-with-act
An update to Home inside a test was not wrapped in act(...).

When testing, code that causes React state updates should be wrapped into act(...):

act(() =&gt; {
  /* fire events that update state */
});
/* assert on the output */

This ensures that you&apos;re testing the behavior the user would see in the browser. Learn more at https://react.dev/link/wrap-tests-with-act

            </system-err>
        </testcase>
        <testcase classname="client/src/pages/Home.test.tsx" name="Home Component - Additional Coverage &gt; Advanced Options Persistent Settings &gt; should show advanced options when toggle is enabled" time="1.06928">
            <system-out>
[InsertionContext] No OAuth token available - will use Designer Extension APIs directly
[WebflowInsertion] Webflow Designer context detected
[WebflowDesignerDetection] === WEBFLOW API INSPECTION ===
[WebflowDesignerDetection] typeof window.webflow: object
[WebflowDesignerDetection] window.webflow: {
  getCurrentPage: [Function: spy] {
    getMockName: [36m[Function (anonymous)][39m,
    mockName: [36m[Function (anonymous)][39m,
    mockClear: [36m[Function (anonymous)][39m,
    mockReset: [36m[Function (anonymous)][39m,
    mockRestore: [36m[Function (anonymous)][39m,
    getMockImplementation: [36m[Function (anonymous)][39m,
    mockImplementation: [36m[Function (anonymous)][39m,
    mockImplementationOnce: [36m[Function (anonymous)][39m,
    withImplementation: [36m[Function: withImplementation][39m,
    mockReturnThis: [36m[Function (anonymous)][39m,
    mockReturnValue: [36m[Function (anonymous)][39m,
    mockReturnValueOnce: [36m[Function (anonymous)][39m,
    mockResolvedValue: [36m[Function (anonymous)][39m,
    mockResolvedValueOnce: [36m[Function (anonymous)][39m,
    mockRejectedValue: [36m[Function (anonymous)][39m,
    mockRejectedValueOnce: [36m[Function (anonymous)][39m,
    [[32mSymbol(nodejs.dispose)[39m]: [36m[Function (anonymous)][39m
  },
  getSiteInfo: [Function: spy] {
    getMockName: [36m[Function (anonymous)][39m,
    mockName: [36m[Function (anonymous)][39m,
    mockClear: [36m[Function (anonymous)][39m,
    mockReset: [36m[Function (anonymous)][39m,
    mockRestore: [36m[Function (anonymous)][39m,
    getMockImplementation: [36m[Function (anonymous)][39m,
    mockImplementation: [36m[Function (anonymous)][39m,
    mockImplementationOnce: [36m[Function (anonymous)][39m,
    withImplementation: [36m[Function: withImplementation][39m,
    mockReturnThis: [36m[Function (anonymous)][39m,
    mockReturnValue: [36m[Function (anonymous)][39m,
    mockReturnValueOnce: [36m[Function (anonymous)][39m,
    mockResolvedValue: [36m[Function (anonymous)][39m,
    mockResolvedValueOnce: [36m[Function (anonymous)][39m,
    mockRejectedValue: [36m[Function (anonymous)][39m,
    mockRejectedValueOnce: [36m[Function (anonymous)][39m,
    [[32mSymbol(nodejs.dispose)[39m]: [36m[Function (anonymous)][39m
  },
  subscribe: [Function: spy] {
    getMockName: [36m[Function (anonymous)][39m,
    mockName: [36m[Function (anonymous)][39m,
    mockClear: [36m[Function (anonymous)][39m,
    mockReset: [36m[Function (anonymous)][39m,
    mockRestore: [36m[Function (anonymous)][39m,
    getMockImplementation: [36m[Function (anonymous)][39m,
    mockImplementation: [36m[Function (anonymous)][39m,
    mockImplementationOnce: [36m[Function (anonymous)][39m,
    withImplementation: [36m[Function: withImplementation][39m,
    mockReturnThis: [36m[Function (anonymous)][39m,
    mockReturnValue: [36m[Function (anonymous)][39m,
    mockReturnValueOnce: [36m[Function (anonymous)][39m,
    mockResolvedValue: [36m[Function (anonymous)][39m,
    mockResolvedValueOnce: [36m[Function (anonymous)][39m,
    mockRejectedValue: [36m[Function (anonymous)][39m,
    mockRejectedValueOnce: [36m[Function (anonymous)][39m,
    [[32mSymbol(nodejs.dispose)[39m]: [36m[Function (anonymous)][39m
  }
}
[WebflowDesignerDetection] Available webflow properties: [ [32m&apos;getCurrentPage&apos;[39m, [32m&apos;getSiteInfo&apos;[39m, [32m&apos;subscribe&apos;[39m ]
[WebflowDesignerDetection] Available webflow methods: [ [32m&apos;getCurrentPage&apos;[39m, [32m&apos;getSiteInfo&apos;[39m, [32m&apos;subscribe&apos;[39m ]
[WebflowDesignerDetection] Method &apos;getCurrentPage&apos;: {
  type: [32m&apos;function&apos;[39m,
  length: [33m0[39m,
  name: [32m&apos;spy&apos;[39m,
  toString: [32m&apos;function(...args) {\n&apos;[39m +
    [32m&apos;    let state2 = getInternalState(fn);\n&apos;[39m +
    [32m&apos;    state2.called = !0, state2.callCount++, state2.calls.push(args);\n&apos;[39m +
    [32m&apos;    let next = state2.next.shift();\n&apos;[39m +
    [32m&apos;    if (next) {\n&apos;[39m +
    [32m&apos;      state2.results...&apos;[39m
}
[WebflowDesignerDetection] Method &apos;getSiteInfo&apos;: {
  type: [32m&apos;function&apos;[39m,
  length: [33m0[39m,
  name: [32m&apos;spy&apos;[39m,
  toString: [32m&apos;function(...args) {\n&apos;[39m +
    [32m&apos;    let state2 = getInternalState(fn);\n&apos;[39m +
    [32m&apos;    state2.called = !0, state2.callCount++, state2.calls.push(args);\n&apos;[39m +
    [32m&apos;    let next = state2.next.shift();\n&apos;[39m +
    [32m&apos;    if (next) {\n&apos;[39m +
    [32m&apos;      state2.results...&apos;[39m
}
[WebflowDesignerDetection] Method &apos;subscribe&apos;: {
  type: [32m&apos;function&apos;[39m,
  length: [33m0[39m,
  name: [32m&apos;spy&apos;[39m,
  toString: [32m&apos;function(...args) {\n&apos;[39m +
    [32m&apos;    let state2 = getInternalState(fn);\n&apos;[39m +
    [32m&apos;    state2.called = !0, state2.callCount++, state2.calls.push(args);\n&apos;[39m +
    [32m&apos;    let next = state2.next.shift();\n&apos;[39m +
    [32m&apos;    if (next) {\n&apos;[39m +
    [32m&apos;      state2.results...&apos;[39m
}
[WebflowDesignerDetection] Prototype methods: [
  [32m&apos;constructor&apos;[39m,
  [32m&apos;__defineGetter__&apos;[39m,
  [32m&apos;__defineSetter__&apos;[39m,
  [32m&apos;hasOwnProperty&apos;[39m,
  [32m&apos;__lookupGetter__&apos;[39m,
  [32m&apos;__lookupSetter__&apos;[39m,
  [32m&apos;isPrototypeOf&apos;[39m,
  [32m&apos;propertyIsEnumerable&apos;[39m,
  [32m&apos;toString&apos;[39m,
  [32m&apos;valueOf&apos;[39m,
  [32m&apos;__proto__&apos;[39m,
  [32m&apos;toLocaleString&apos;[39m
]
[WebflowDesignerAPI] Detected capabilities: {
  canReadPageInfo: [33mtrue[39m,
  canUpdatePageTitle: [33mfalse[39m,
  canUpdatePageMeta: [33mfalse[39m,
  canUpdatePageSlug: [33mfalse[39m,
  canAddCustomCode: [33mfalse[39m,
  canUpdateCMS: [33mfalse[39m,
  canManipulateElements: [33mfalse[39m,
  canSelectElements: [33mfalse[39m,
  hasElementBuilder: [33mfalse[39m,
  availableMethods: [ [32m&apos;getCurrentPage&apos;[39m, [32m&apos;getSiteInfo&apos;[39m, [32m&apos;subscribe&apos;[39m ]
}
[WebflowInsertion] Using Webflow Designer Extension APIs for modifications

[AuthContext] No OAuth token found - Designer Extension will use Designer APIs directly

            </system-out>
            <failure message="Unable to find role=&quot;combobox&quot;

Ignored nodes: comments, script, style
[36m&lt;body&gt;[39m
  [36m&lt;div&gt;[39m
    [36m&lt;div[39m
      [33mclass[39m=[32m&quot;min-h-screen bg-background p-4 md:p-6 flex flex-col&quot;[39m
      [33mstyle[39m=[32m&quot;color: #FFFFFF&quot;[39m
    [36m&gt;[39m
      [36m&lt;div[39m
        [33mclass[39m=[32m&quot;mx-auto w-full max-w-3xl space-y-6 flex-grow&quot;[39m
      [36m&gt;[39m
        [36m&lt;div[39m
          [33mclass[39m=[32m&quot;w-full&quot;[39m
        [36m&gt;[39m
          [36m&lt;div[39m
            [33mclass[39m=[32m&quot;rounded-lg border bg-background2 text-card-foreground shadow-sm w-full&quot;[39m
          [36m&gt;[39m
            [36m&lt;div[39m
              [33mclass[39m=[32m&quot;flex flex-col space-y-1.5 p-6&quot;[39m
            [36m&gt;[39m
              [36m&lt;h3[39m
                [33mclass[39m=[32m&quot;text-2xl font-semibold leading-none tracking-tight text-center&quot;[39m
              [36m&gt;[39m
                [0mSEO Analysis Tool[0m
              [36m&lt;/h3&gt;[39m
            [36m&lt;/div&gt;[39m
            [36m&lt;div[39m
              [33mclass[39m=[32m&quot;p-6 pt-0&quot;[39m
            [36m&gt;[39m
              [36m&lt;form[39m
                [33mclass[39m=[32m&quot;space-y-5 w-full&quot;[39m
              [36m&gt;[39m
                [36m&lt;div[39m
                  [33mclass[39m=[32m&quot;space-y-2 w-full&quot;[39m
                [36m&gt;[39m
                  [36m&lt;div[39m
                    [33mclass[39m=[32m&quot;flex justify-between items-center mb-1&quot;[39m
                  [36m&gt;[39m
                    [36m&lt;label[39m
                      [33mclass[39m=[32m&quot;text-sm font-medium leading-none peer-disabled:cursor-not-allowed peer-disabled:opacity-70 mb-0&quot;[39m
                      [33mfor[39m=[32m&quot;«r2h»-form-item&quot;[39m
                    [36m&gt;[39m
                      [0mTarget keyphrase[0m
                    [36m&lt;/label&gt;[39m
                    [36m&lt;span[39m
                      [33mclass[39m=[32m&quot;text-xs font-medium&quot;[39m
                      [33mstyle[39m=[32m&quot;color: var(--redText)&quot;[39m
                    [36m&gt;[39m
                      [0mNo keyword saved[0m
                    [36m&lt;/span&gt;[39m
                  [36m&lt;/div&gt;[39m
                  [36m&lt;div[39m
                    [33maria-describedby[39m=[32m&quot;«r2h»-form-item-description&quot;[39m
                    [33maria-invalid[39m=[32m&quot;false&quot;[39m
                    [33mclass[39m=[32m&quot;mt-2 w-full mt-2&quot;[39m
                    [33mid[39m=[32m&quot;«r2h»-form-item&quot;[39m
                  [36m&gt;[39m
                    [36m&lt;input[39m
                      [33mclass[39m=[32m&quot;flex h-10 rounded-md border border-input bg-background px-3 py-2 text-sm ring-offset-background file:border-0 file:bg-transparent file:text-sm file:font-medium file:text-foreground placeholder:text-muted-foreground focus-visible:outline-none focus-visible:ring-2 focus-visible:ring-ring focus-visible:ring-offset-2 disabled:cursor-not-allowed disabled:opacity-50 w-full&quot;[39m
                      [33mname[39m=[32m&quot;keyphrase&quot;[39m
                      [33mplaceholder[39m=[32m&quot;Enter your target keyphrase&quot;[39m
                      [33mvalue[39m=[32m&quot;&quot;[39m
                    [36m/&gt;[39m
                  [36m&lt;/div&gt;[39m
                [36m&lt;/div&gt;[39m
                [36m&lt;div[39m
                  [33mclass[39m=[32m&quot;border-t pt-4 mt-4&quot;[39m
                [36m&gt;[39m
                  [36m&lt;div[39m
                    [33mclass[39m=[32m&quot;flex items-center justify-between mb-4&quot;[39m
                  [36m&gt;[39m
                    [36m&lt;div&gt;[39m
                      [36m&lt;h3[39m
                        [33mclass[39m=[32m&quot;text-lg font-semibold&quot;[39m
                      [36m&gt;[39m
                        [0mAdvanced Analysis[0m
                      [36m&lt;/h3&gt;[39m
                      [36m&lt;p[39m
                        [33mclass[39m=[32m&quot;text-sm text-muted-foreground&quot;[39m
                      [36m&gt;[39m
                        [0mAdd secondary keywords and specify page type for more targeted SEO analysis[0m
                      [36m&lt;/p&gt;[39m
                    [36m&lt;/div&gt;[39m
                    [36m&lt;div[39m
                      [33mclass[39m=[32m&quot;flex items-center space-x-2&quot;[39m
                    [36m&gt;[39m
                      [36m&lt;button[39m
                        [33maria-checked[39m=[32m&quot;false&quot;[39m
                        [33mclass[39m=[32m&quot;peer inline-flex h-6 w-11 shrink-0 cursor-pointer items-center rounded-full border-2 border-transparent transition-colors focus-visible:outline-none focus-visible:ring-2 focus-visible:ring-ring focus-visible:ring-offset-2 focus-visible:ring-offset-background disabled:cursor-not-allowed disabled:opacity-50 data-[state=checked]:bg-primary data-[state=unchecked]:bg-input&quot;[39m
                        [33mdata-state[39m=[32m&quot;unchecked&quot;[39m
                        [33mrole[39m=[32m&quot;switch&quot;[39m
                        [33mtype[39m=[32m&quot;button&quot;[39m
                        [33mvalue[39m=[32m&quot;on&quot;[39m
                      [36m&gt;[39m
                        [36m&lt;span[39m
                          [33mclass[39m=[32m&quot;pointer-events-none block h-5 w-5 rounded-full bg-background shadow-lg ring-0 transition-transform data-[state=checked]:translate-x-5 data-[state=unchecked]:translate-x-0&quot;[39m
                          [33mdata-state[39m=[32m&quot;unchecked&quot;[39m
                        [36m/&gt;[39m
                      [36m&lt;/button&gt;[39m
                      [36m&lt;input[39m
                        [33maria-hidden[39m=[32m&quot;true&quot;[39m
                        [33mstyle[39m=[32m&quot;transform: translateX(-100%); width: 200px; height: 100px&quot;[39m
                        [33mtabindex[39m=[32m&quot;-1&quot;[39m
                        [33mtype[39m=[32m&quot;checkbox&quot;[39m
                        [33mvalue[39m=[32m&quot;on&quot;[39m
                      [36m/&gt;[39m
                      [36m&lt;span[39m
                        [33mclass[39m=[32m&quot;text-sm&quot;[39m
                      [36m&gt;[39m
                        [0mOff[0m
                      [36m&lt;/span&gt;[39m
                    [36m&lt;/div&gt;[39m
                  [36m&lt;/div&gt;[39m
                [36m&lt;/div&gt;[39m
                [36m&lt;div[39m
                  [33mclass[39m=[32m&quot;w-full pt-2&quot;[39m
                [36m&gt;[39m
                  [36m&lt;button[39m
                    [33mclass[39m=[32m&quot;inline-flex items-center justify-center gap-2 whitespace-nowrap rounded-md text-sm font-medium ring-offset-background transition-colors focus-visible:outline-none focus-visible:ring-2 focus-visible:ring-ring focus-visible:ring-offset-2 disabled:pointer-events-none disabled:opacity-50 [&amp;_svg]:pointer-events-none [&amp;_svg]:size-4 [&amp;_svg]:shrink-0 [&amp;_svg]:text-current bg-primary text-primary-foreground hover:bg-primary/90 px-4 py-2 w-full h-11 cursor-pointer&quot;[39m
                    [33mtype[39m=[32m&quot;submit&quot;[39m
                  [36m&gt;[39m
                    [0mStart optimizing your SEO[0m
      ...

Ignored nodes: comments, script, style
[36m&lt;html&gt;[39m
  [36m&lt;head /&gt;[39m
  [36m&lt;body&gt;[39m
    [36m&lt;div&gt;[39m
      [36m&lt;div[39m
        [33mclass[39m=[32m&quot;min-h-screen bg-background p-4 md:p-6 flex flex-col&quot;[39m
        [33mstyle[39m=[32m&quot;color: #FFFFFF&quot;[39m
      [36m&gt;[39m
        [36m&lt;div[39m
          [33mclass[39m=[32m&quot;mx-auto w-full max-w-3xl space-y-6 flex-grow&quot;[39m
        [36m&gt;[39m
          [36m&lt;div[39m
            [33mclass[39m=[32m&quot;w-full&quot;[39m
          [36m&gt;[39m
            [36m&lt;div[39m
              [33mclass[39m=[32m&quot;rounded-lg border bg-background2 text-card-foreground shadow-sm w-full&quot;[39m
            [36m&gt;[39m
              [36m&lt;div[39m
                [33mclass[39m=[32m&quot;flex flex-col space-y-1.5 p-6&quot;[39m
              [36m&gt;[39m
                [36m&lt;h3[39m
                  [33mclass[39m=[32m&quot;text-2xl font-semibold leading-none tracking-tight text-center&quot;[39m
                [36m&gt;[39m
                  [0mSEO Analysis Tool[0m
                [36m&lt;/h3&gt;[39m
              [36m&lt;/div&gt;[39m
              [36m&lt;div[39m
                [33mclass[39m=[32m&quot;p-6 pt-0&quot;[39m
              [36m&gt;[39m
                [36m&lt;form[39m
                  [33mclass[39m=[32m&quot;space-y-5 w-full&quot;[39m
                [36m&gt;[39m
                  [36m&lt;div[39m
                    [33mclass[39m=[32m&quot;space-y-2 w-full&quot;[39m
                  [36m&gt;[39m
                    [36m&lt;div[39m
                      [33mclass[39m=[32m&quot;flex justify-between items-center mb-1&quot;[39m
                    [36m&gt;[39m
                      [36m&lt;label[39m
                        [33mclass[39m=[32m&quot;text-sm font-medium leading-none peer-disabled:cursor-not-allowed peer-disabled:opacity-70 mb-0&quot;[39m
                        [33mfor[39m=[32m&quot;«r2h»-form-item&quot;[39m
                      [36m&gt;[39m
                        [0mTarget keyphrase[0m
                      [36m&lt;/label&gt;[39m
                      [36m&lt;span[39m
                        [33mclass[39m=[32m&quot;text-xs font-medium&quot;[39m
                        [33mstyle[39m=[32m&quot;color: var(--redText)&quot;[39m
                      [36m&gt;[39m
                        [0mNo keyword saved[0m
                      [36m&lt;/span&gt;[39m
                    [36m&lt;/div&gt;[39m
                    [36m&lt;div[39m
                      [33maria-describedby[39m=[32m&quot;«r2h»-form-item-description&quot;[39m
                      [33maria-invalid[39m=[32m&quot;false&quot;[39m
                      [33mclass[39m=[32m&quot;mt-2 w-full mt-2&quot;[39m
                      [33mid[39m=[32m&quot;«r2h»-form-item&quot;[39m
                    [36m&gt;[39m
                      [36m&lt;input[39m
                        [33mclass[39m=[32m&quot;flex h-10 rounded-md border border-input bg-background px-3 py-2 text-sm ring-offset-background file:border-0 file:bg-transparent file:text-sm file:font-medium file:text-foreground placeholder:text-muted-foreground focus-visible:outline-none focus-visible:ring-2 focus-visible:ring-ring focus-visible:ring-offset-2 disabled:cursor-not-allowed disabled:opacity-50 w-full&quot;[39m
                        [33mname[39m=[32m&quot;keyphrase&quot;[39m
                        [33mplaceholder[39m=[32m&quot;Enter your target keyphrase&quot;[39m
                        [33mvalue[39m=[32m&quot;&quot;[39m
                      [36m/&gt;[39m
                    [36m&lt;/div&gt;[39m
                  [36m&lt;/div&gt;[39m
                  [36m&lt;div[39m
                    [33mclass[39m=[32m&quot;border-t pt-4 mt-4&quot;[39m
                  [36m&gt;[39m
                    [36m&lt;div[39m
                      [33mclass[39m=[32m&quot;flex items-center justify-between mb-4&quot;[39m
                    [36m&gt;[39m
                      [36m&lt;div&gt;[39m
                        [36m&lt;h3[39m
                          [33mclass[39m=[32m&quot;text-lg font-semibold&quot;[39m
                        [36m&gt;[39m
                          [0mAdvanced Analysis[0m
                        [36m&lt;/h3&gt;[39m
                        [36m&lt;p[39m
                          [33mclass[39m=[32m&quot;text-sm text-muted-foreground&quot;[39m
                        [36m&gt;[39m
                          [0mAdd secondary keywords and specify page type for more targeted SEO analysis[0m
                        [36m&lt;/p&gt;[39m
                      [36m&lt;/div&gt;[39m
                      [36m&lt;div[39m
                        [33mclass[39m=[32m&quot;flex items-center space-x-2&quot;[39m
                      [36m&gt;[39m
                        [36m&lt;button[39m
                          [33maria-checked[39m=[32m&quot;false&quot;[39m
                          [33mclass[39m=[32m&quot;peer inline-flex h-6 w-11 shrink-0 cursor-pointer items-center rounded-full border-2 border-transparent transition-colors focus-visible:outline-none focus-visible:ring-2 focus-visible:ring-ring focus-visible:ring-offset-2 focus-visible:ring-offset-background disabled:cursor-not-allowed disabled:opacity-50 data-[state=checked]:bg-primary data-[state=unchecked]:bg-input&quot;[39m
                          [33mdata-state[39m=[32m&quot;unchecked&quot;[39m
                          [33mrole[39m=[32m&quot;switch&quot;[39m
                          [33mtype[39m=[32m&quot;button&quot;[39m
                          [33mvalue[39m=[32m&quot;on&quot;[39m
                        [36m&gt;[39m
                          [36m&lt;span[39m
                            [33mclass[39m=[32m&quot;pointer-events-none block h-5 w-5 rounded-full bg-background shadow-lg ring-0 transition-transform data-[state=checked]:translate-x-5 data-[state=unchecked]:translate-x-0&quot;[39m
                            [33mdata-state[39m=[32m&quot;unchecked&quot;[39m
                          [36m/&gt;[39m
                        [36m&lt;/button&gt;[39m
                        [36m&lt;input[39m
                          [33maria-hidden[39m=[32m&quot;true&quot;[39m
                          [33mstyle[39m=[32m&quot;transform: translateX(-100%); width: 200px; height: 100px&quot;[39m
                          [33mtabindex[39m=[32m&quot;-1&quot;[39m
                          [33mtype[39m=[32m&quot;checkbox&quot;[39m
                          [33mvalue[39m=[32m&quot;on&quot;[39m
                        [36m/&gt;[39m
                        [36m&lt;span[39m
                          [33mclass[39m=[32m&quot;text-sm&quot;[39m
                        [36m&gt;[39m
                          [0mOff[0m
                        [36m&lt;/span&gt;[39m
                      [36m&lt;/div&gt;[39m
                    [36m&lt;/div&gt;[39m
                  [36m&lt;/div&gt;[39m
                  [36m&lt;div[39m
                    [33mclass[39m=[32m&quot;w-full pt-2&quot;[39m
                  [36m&gt;[39m
                    [36m&lt;button[39m
                      [33mclass[39m=[32m&quot;inline-flex items-center justify-center gap-2 whitespace-nowrap rounded-md text-sm font-medium ring-offset-background transition-colors focus-visible:outline-none focus-visible:ring-2 focus-visible:ring-ring focus-visible:ring-offset-2 disabled:pointer-events-none disabled:opacity-50 [&amp;_svg]:pointer-events-none [&amp;_svg]:size-4 [&amp;_svg]:..." type="TestingLibraryElementError">
TestingLibraryElementError: Unable to find role=&quot;combobox&quot;

Ignored nodes: comments, script, style
&lt;body&gt;
  &lt;div&gt;
    &lt;div
      class=&quot;min-h-screen bg-background p-4 md:p-6 flex flex-col&quot;
      style=&quot;color: #FFFFFF&quot;
    &gt;
      &lt;div
        class=&quot;mx-auto w-full max-w-3xl space-y-6 flex-grow&quot;
      &gt;
        &lt;div
          class=&quot;w-full&quot;
        &gt;
          &lt;div
            class=&quot;rounded-lg border bg-background2 text-card-foreground shadow-sm w-full&quot;
          &gt;
            &lt;div
              class=&quot;flex flex-col space-y-1.5 p-6&quot;
            &gt;
              &lt;h3
                class=&quot;text-2xl font-semibold leading-none tracking-tight text-center&quot;
              &gt;
                SEO Analysis Tool
              &lt;/h3&gt;
            &lt;/div&gt;
            &lt;div
              class=&quot;p-6 pt-0&quot;
            &gt;
              &lt;form
                class=&quot;space-y-5 w-full&quot;
              &gt;
                &lt;div
                  class=&quot;space-y-2 w-full&quot;
                &gt;
                  &lt;div
                    class=&quot;flex justify-between items-center mb-1&quot;
                  &gt;
                    &lt;label
                      class=&quot;text-sm font-medium leading-none peer-disabled:cursor-not-allowed peer-disabled:opacity-70 mb-0&quot;
                      for=&quot;«r2h»-form-item&quot;
                    &gt;
                      Target keyphrase
                    &lt;/label&gt;
                    &lt;span
                      class=&quot;text-xs font-medium&quot;
                      style=&quot;color: var(--redText)&quot;
                    &gt;
                      No keyword saved
                    &lt;/span&gt;
                  &lt;/div&gt;
                  &lt;div
                    aria-describedby=&quot;«r2h»-form-item-description&quot;
                    aria-invalid=&quot;false&quot;
                    class=&quot;mt-2 w-full mt-2&quot;
                    id=&quot;«r2h»-form-item&quot;
                  &gt;
                    &lt;input
                      class=&quot;flex h-10 rounded-md border border-input bg-background px-3 py-2 text-sm ring-offset-background file:border-0 file:bg-transparent file:text-sm file:font-medium file:text-foreground placeholder:text-muted-foreground focus-visible:outline-none focus-visible:ring-2 focus-visible:ring-ring focus-visible:ring-offset-2 disabled:cursor-not-allowed disabled:opacity-50 w-full&quot;
                      name=&quot;keyphrase&quot;
                      placeholder=&quot;Enter your target keyphrase&quot;
                      value=&quot;&quot;
                    /&gt;
                  &lt;/div&gt;
                &lt;/div&gt;
                &lt;div
                  class=&quot;border-t pt-4 mt-4&quot;
                &gt;
                  &lt;div
                    class=&quot;flex items-center justify-between mb-4&quot;
                  &gt;
                    &lt;div&gt;
                      &lt;h3
                        class=&quot;text-lg font-semibold&quot;
                      &gt;
                        Advanced Analysis
                      &lt;/h3&gt;
                      &lt;p
                        class=&quot;text-sm text-muted-foreground&quot;
                      &gt;
                        Add secondary keywords and specify page type for more targeted SEO analysis
                      &lt;/p&gt;
                    &lt;/div&gt;
                    &lt;div
                      class=&quot;flex items-center space-x-2&quot;
                    &gt;
                      &lt;button
                        aria-checked=&quot;false&quot;
                        class=&quot;peer inline-flex h-6 w-11 shrink-0 cursor-pointer items-center rounded-full border-2 border-transparent transition-colors focus-visible:outline-none focus-visible:ring-2 focus-visible:ring-ring focus-visible:ring-offset-2 focus-visible:ring-offset-background disabled:cursor-not-allowed disabled:opacity-50 data-[state=checked]:bg-primary data-[state=unchecked]:bg-input&quot;
                        data-state=&quot;unchecked&quot;
                        role=&quot;switch&quot;
                        type=&quot;button&quot;
                        value=&quot;on&quot;
                      &gt;
                        &lt;span
                          class=&quot;pointer-events-none block h-5 w-5 rounded-full bg-background shadow-lg ring-0 transition-transform data-[state=checked]:translate-x-5 data-[state=unchecked]:translate-x-0&quot;
                          data-state=&quot;unchecked&quot;
                        /&gt;
                      &lt;/button&gt;
                      &lt;input
                        aria-hidden=&quot;true&quot;
                        style=&quot;transform: translateX(-100%); width: 200px; height: 100px&quot;
                        tabindex=&quot;-1&quot;
                        type=&quot;checkbox&quot;
                        value=&quot;on&quot;
                      /&gt;
                      &lt;span
                        class=&quot;text-sm&quot;
                      &gt;
                        Off
                      &lt;/span&gt;
                    &lt;/div&gt;
                  &lt;/div&gt;
                &lt;/div&gt;
                &lt;div
                  class=&quot;w-full pt-2&quot;
                &gt;
                  &lt;button
                    class=&quot;inline-flex items-center justify-center gap-2 whitespace-nowrap rounded-md text-sm font-medium ring-offset-background transition-colors focus-visible:outline-none focus-visible:ring-2 focus-visible:ring-ring focus-visible:ring-offset-2 disabled:pointer-events-none disabled:opacity-50 [&amp;_svg]:pointer-events-none [&amp;_svg]:size-4 [&amp;_svg]:shrink-0 [&amp;_svg]:text-current bg-primary text-primary-foreground hover:bg-primary/90 px-4 py-2 w-full h-11 cursor-pointer&quot;
                    type=&quot;submit&quot;
                  &gt;
                    Start optimizing your SEO
      ...

Ignored nodes: comments, script, style
&lt;html&gt;
  &lt;head /&gt;
  &lt;body&gt;
    &lt;div&gt;
      &lt;div
        class=&quot;min-h-screen bg-background p-4 md:p-6 flex flex-col&quot;
        style=&quot;color: #FFFFFF&quot;
      &gt;
        &lt;div
          class=&quot;mx-auto w-full max-w-3xl space-y-6 flex-grow&quot;
        &gt;
          &lt;div
            class=&quot;w-full&quot;
          &gt;
            &lt;div
              class=&quot;rounded-lg border bg-background2 text-card-foreground shadow-sm w-full&quot;
            &gt;
              &lt;div
                class=&quot;flex flex-col space-y-1.5 p-6&quot;
              &gt;
                &lt;h3
                  class=&quot;text-2xl font-semibold leading-none tracking-tight text-center&quot;
                &gt;
                  SEO Analysis Tool
                &lt;/h3&gt;
              &lt;/div&gt;
              &lt;div
                class=&quot;p-6 pt-0&quot;
              &gt;
                &lt;form
                  class=&quot;space-y-5 w-full&quot;
                &gt;
                  &lt;div
                    class=&quot;space-y-2 w-full&quot;
                  &gt;
                    &lt;div
                      class=&quot;flex justify-between items-center mb-1&quot;
                    &gt;
                      &lt;label
                        class=&quot;text-sm font-medium leading-none peer-disabled:cursor-not-allowed peer-disabled:opacity-70 mb-0&quot;
                        for=&quot;«r2h»-form-item&quot;
                      &gt;
                        Target keyphrase
                      &lt;/label&gt;
                      &lt;span
                        class=&quot;text-xs font-medium&quot;
                        style=&quot;color: var(--redText)&quot;
                      &gt;
                        No keyword saved
                      &lt;/span&gt;
                    &lt;/div&gt;
                    &lt;div
                      aria-describedby=&quot;«r2h»-form-item-description&quot;
                      aria-invalid=&quot;false&quot;
                      class=&quot;mt-2 w-full mt-2&quot;
                      id=&quot;«r2h»-form-item&quot;
                    &gt;
                      &lt;input
                        class=&quot;flex h-10 rounded-md border border-input bg-background px-3 py-2 text-sm ring-offset-background file:border-0 file:bg-transparent file:text-sm file:font-medium file:text-foreground placeholder:text-muted-foreground focus-visible:outline-none focus-visible:ring-2 focus-visible:ring-ring focus-visible:ring-offset-2 disabled:cursor-not-allowed disabled:opacity-50 w-full&quot;
                        name=&quot;keyphrase&quot;
                        placeholder=&quot;Enter your target keyphrase&quot;
                        value=&quot;&quot;
                      /&gt;
                    &lt;/div&gt;
                  &lt;/div&gt;
                  &lt;div
                    class=&quot;border-t pt-4 mt-4&quot;
                  &gt;
                    &lt;div
                      class=&quot;flex items-center justify-between mb-4&quot;
                    &gt;
                      &lt;div&gt;
                        &lt;h3
                          class=&quot;text-lg font-semibold&quot;
                        &gt;
                          Advanced Analysis
                        &lt;/h3&gt;
                        &lt;p
                          class=&quot;text-sm text-muted-foreground&quot;
                        &gt;
                          Add secondary keywords and specify page type for more targeted SEO analysis
                        &lt;/p&gt;
                      &lt;/div&gt;
                      &lt;div
                        class=&quot;flex items-center space-x-2&quot;
                      &gt;
                        &lt;button
                          aria-checked=&quot;false&quot;
                          class=&quot;peer inline-flex h-6 w-11 shrink-0 cursor-pointer items-center rounded-full border-2 border-transparent transition-colors focus-visible:outline-none focus-visible:ring-2 focus-visible:ring-ring focus-visible:ring-offset-2 focus-visible:ring-offset-background disabled:cursor-not-allowed disabled:opacity-50 data-[state=checked]:bg-primary data-[state=unchecked]:bg-input&quot;
                          data-state=&quot;unchecked&quot;
                          role=&quot;switch&quot;
                          type=&quot;button&quot;
                          value=&quot;on&quot;
                        &gt;
                          &lt;span
                            class=&quot;pointer-events-none block h-5 w-5 rounded-full bg-background shadow-lg ring-0 transition-transform data-[state=checked]:translate-x-5 data-[state=unchecked]:translate-x-0&quot;
                            data-state=&quot;unchecked&quot;
                          /&gt;
                        &lt;/button&gt;
                        &lt;input
                          aria-hidden=&quot;true&quot;
                          style=&quot;transform: translateX(-100%); width: 200px; height: 100px&quot;
                          tabindex=&quot;-1&quot;
                          type=&quot;checkbox&quot;
                          value=&quot;on&quot;
                        /&gt;
                        &lt;span
                          class=&quot;text-sm&quot;
                        &gt;
                          Off
                        &lt;/span&gt;
                      &lt;/div&gt;
                    &lt;/div&gt;
                  &lt;/div&gt;
                  &lt;div
                    class=&quot;w-full pt-2&quot;
                  &gt;
                    &lt;button
                      class=&quot;inline-flex items-center justify-center gap-2 whitespace-nowrap rounded-md text-sm font-medium ring-offset-background transition-colors focus-visible:outline-none focus-visible:ring-2 focus-visible:ring-ring focus-visible:ring-offset-2 disabled:pointer-events-none disabled:opacity-50 [&amp;_svg]:pointer-events-none [&amp;_svg]:size-4 [&amp;_svg]:...
 ❯ Proxy.waitFor node_modules/.pnpm/@testing-library+dom@10.4.1/node_modules/@testing-library/dom/dist/wait-for.js:163:27
 ❯ client/src/pages/Home.test.tsx:1121:13
            </failure>
        </testcase>
        <testcase classname="client/src/pages/Home.test.tsx" name="Home Component - Additional Coverage &gt; Advanced Options Persistent Settings &gt; should preserve settings in storage when toggle is turned off" time="1.0662237">
            <system-out>
[InsertionContext] No OAuth token available - will use Designer Extension APIs directly
[WebflowInsertion] Webflow Designer context detected
[WebflowDesignerDetection] === WEBFLOW API INSPECTION ===
[WebflowDesignerDetection] typeof window.webflow: object
[WebflowDesignerDetection] window.webflow: {
  getCurrentPage: [Function: spy] {
    getMockName: [36m[Function (anonymous)][39m,
    mockName: [36m[Function (anonymous)][39m,
    mockClear: [36m[Function (anonymous)][39m,
    mockReset: [36m[Function (anonymous)][39m,
    mockRestore: [36m[Function (anonymous)][39m,
    getMockImplementation: [36m[Function (anonymous)][39m,
    mockImplementation: [36m[Function (anonymous)][39m,
    mockImplementationOnce: [36m[Function (anonymous)][39m,
    withImplementation: [36m[Function: withImplementation][39m,
    mockReturnThis: [36m[Function (anonymous)][39m,
    mockReturnValue: [36m[Function (anonymous)][39m,
    mockReturnValueOnce: [36m[Function (anonymous)][39m,
    mockResolvedValue: [36m[Function (anonymous)][39m,
    mockResolvedValueOnce: [36m[Function (anonymous)][39m,
    mockRejectedValue: [36m[Function (anonymous)][39m,
    mockRejectedValueOnce: [36m[Function (anonymous)][39m,
    [[32mSymbol(nodejs.dispose)[39m]: [36m[Function (anonymous)][39m
  },
  getSiteInfo: [Function: spy] {
    getMockName: [36m[Function (anonymous)][39m,
    mockName: [36m[Function (anonymous)][39m,
    mockClear: [36m[Function (anonymous)][39m,
    mockReset: [36m[Function (anonymous)][39m,
    mockRestore: [36m[Function (anonymous)][39m,
    getMockImplementation: [36m[Function (anonymous)][39m,
    mockImplementation: [36m[Function (anonymous)][39m,
    mockImplementationOnce: [36m[Function (anonymous)][39m,
    withImplementation: [36m[Function: withImplementation][39m,
    mockReturnThis: [36m[Function (anonymous)][39m,
    mockReturnValue: [36m[Function (anonymous)][39m,
    mockReturnValueOnce: [36m[Function (anonymous)][39m,
    mockResolvedValue: [36m[Function (anonymous)][39m,
    mockResolvedValueOnce: [36m[Function (anonymous)][39m,
    mockRejectedValue: [36m[Function (anonymous)][39m,
    mockRejectedValueOnce: [36m[Function (anonymous)][39m,
    [[32mSymbol(nodejs.dispose)[39m]: [36m[Function (anonymous)][39m
  },
  subscribe: [Function: spy] {
    getMockName: [36m[Function (anonymous)][39m,
    mockName: [36m[Function (anonymous)][39m,
    mockClear: [36m[Function (anonymous)][39m,
    mockReset: [36m[Function (anonymous)][39m,
    mockRestore: [36m[Function (anonymous)][39m,
    getMockImplementation: [36m[Function (anonymous)][39m,
    mockImplementation: [36m[Function (anonymous)][39m,
    mockImplementationOnce: [36m[Function (anonymous)][39m,
    withImplementation: [36m[Function: withImplementation][39m,
    mockReturnThis: [36m[Function (anonymous)][39m,
    mockReturnValue: [36m[Function (anonymous)][39m,
    mockReturnValueOnce: [36m[Function (anonymous)][39m,
    mockResolvedValue: [36m[Function (anonymous)][39m,
    mockResolvedValueOnce: [36m[Function (anonymous)][39m,
    mockRejectedValue: [36m[Function (anonymous)][39m,
    mockRejectedValueOnce: [36m[Function (anonymous)][39m,
    [[32mSymbol(nodejs.dispose)[39m]: [36m[Function (anonymous)][39m
  }
}
[WebflowDesignerDetection] Available webflow properties: [ [32m&apos;getCurrentPage&apos;[39m, [32m&apos;getSiteInfo&apos;[39m, [32m&apos;subscribe&apos;[39m ]
[WebflowDesignerDetection] Available webflow methods: [ [32m&apos;getCurrentPage&apos;[39m, [32m&apos;getSiteInfo&apos;[39m, [32m&apos;subscribe&apos;[39m ]
[WebflowDesignerDetection] Method &apos;getCurrentPage&apos;: {
  type: [32m&apos;function&apos;[39m,
  length: [33m0[39m,
  name: [32m&apos;spy&apos;[39m,
  toString: [32m&apos;function(...args) {\n&apos;[39m +
    [32m&apos;    let state2 = getInternalState(fn);\n&apos;[39m +
    [32m&apos;    state2.called = !0, state2.callCount++, state2.calls.push(args);\n&apos;[39m +
    [32m&apos;    let next = state2.next.shift();\n&apos;[39m +
    [32m&apos;    if (next) {\n&apos;[39m +
    [32m&apos;      state2.results...&apos;[39m
}
[WebflowDesignerDetection] Method &apos;getSiteInfo&apos;: {
  type: [32m&apos;function&apos;[39m,
  length: [33m0[39m,
  name: [32m&apos;spy&apos;[39m,
  toString: [32m&apos;function(...args) {\n&apos;[39m +
    [32m&apos;    let state2 = getInternalState(fn);\n&apos;[39m +
    [32m&apos;    state2.called = !0, state2.callCount++, state2.calls.push(args);\n&apos;[39m +
    [32m&apos;    let next = state2.next.shift();\n&apos;[39m +
    [32m&apos;    if (next) {\n&apos;[39m +
    [32m&apos;      state2.results...&apos;[39m
}
[WebflowDesignerDetection] Method &apos;subscribe&apos;: {
  type: [32m&apos;function&apos;[39m,
  length: [33m0[39m,
  name: [32m&apos;spy&apos;[39m,
  toString: [32m&apos;function(...args) {\n&apos;[39m +
    [32m&apos;    let state2 = getInternalState(fn);\n&apos;[39m +
    [32m&apos;    state2.called = !0, state2.callCount++, state2.calls.push(args);\n&apos;[39m +
    [32m&apos;    let next = state2.next.shift();\n&apos;[39m +
    [32m&apos;    if (next) {\n&apos;[39m +
    [32m&apos;      state2.results...&apos;[39m
}
[WebflowDesignerDetection] Prototype methods: [
  [32m&apos;constructor&apos;[39m,
  [32m&apos;__defineGetter__&apos;[39m,
  [32m&apos;__defineSetter__&apos;[39m,
  [32m&apos;hasOwnProperty&apos;[39m,
  [32m&apos;__lookupGetter__&apos;[39m,
  [32m&apos;__lookupSetter__&apos;[39m,
  [32m&apos;isPrototypeOf&apos;[39m,
  [32m&apos;propertyIsEnumerable&apos;[39m,
  [32m&apos;toString&apos;[39m,
  [32m&apos;valueOf&apos;[39m,
  [32m&apos;__proto__&apos;[39m,
  [32m&apos;toLocaleString&apos;[39m
]
[WebflowDesignerAPI] Detected capabilities: {
  canReadPageInfo: [33mtrue[39m,
  canUpdatePageTitle: [33mfalse[39m,
  canUpdatePageMeta: [33mfalse[39m,
  canUpdatePageSlug: [33mfalse[39m,
  canAddCustomCode: [33mfalse[39m,
  canUpdateCMS: [33mfalse[39m,
  canManipulateElements: [33mfalse[39m,
  canSelectElements: [33mfalse[39m,
  hasElementBuilder: [33mfalse[39m,
  availableMethods: [ [32m&apos;getCurrentPage&apos;[39m, [32m&apos;getSiteInfo&apos;[39m, [32m&apos;subscribe&apos;[39m ]
}
[WebflowInsertion] Using Webflow Designer Extension APIs for modifications

[AuthContext] No OAuth token found - Designer Extension will use Designer APIs directly

            </system-out>
            <failure message="Unable to find role=&quot;combobox&quot;

Ignored nodes: comments, script, style
[36m&lt;body&gt;[39m
  [36m&lt;div&gt;[39m
    [36m&lt;div[39m
      [33mclass[39m=[32m&quot;min-h-screen bg-background p-4 md:p-6 flex flex-col&quot;[39m
      [33mstyle[39m=[32m&quot;color: #FFFFFF&quot;[39m
    [36m&gt;[39m
      [36m&lt;div[39m
        [33mclass[39m=[32m&quot;mx-auto w-full max-w-3xl space-y-6 flex-grow&quot;[39m
      [36m&gt;[39m
        [36m&lt;div[39m
          [33mclass[39m=[32m&quot;w-full&quot;[39m
        [36m&gt;[39m
          [36m&lt;div[39m
            [33mclass[39m=[32m&quot;rounded-lg border bg-background2 text-card-foreground shadow-sm w-full&quot;[39m
          [36m&gt;[39m
            [36m&lt;div[39m
              [33mclass[39m=[32m&quot;flex flex-col space-y-1.5 p-6&quot;[39m
            [36m&gt;[39m
              [36m&lt;h3[39m
                [33mclass[39m=[32m&quot;text-2xl font-semibold leading-none tracking-tight text-center&quot;[39m
              [36m&gt;[39m
                [0mSEO Analysis Tool[0m
              [36m&lt;/h3&gt;[39m
            [36m&lt;/div&gt;[39m
            [36m&lt;div[39m
              [33mclass[39m=[32m&quot;p-6 pt-0&quot;[39m
            [36m&gt;[39m
              [36m&lt;form[39m
                [33mclass[39m=[32m&quot;space-y-5 w-full&quot;[39m
              [36m&gt;[39m
                [36m&lt;div[39m
                  [33mclass[39m=[32m&quot;space-y-2 w-full&quot;[39m
                [36m&gt;[39m
                  [36m&lt;div[39m
                    [33mclass[39m=[32m&quot;flex justify-between items-center mb-1&quot;[39m
                  [36m&gt;[39m
                    [36m&lt;label[39m
                      [33mclass[39m=[32m&quot;text-sm font-medium leading-none peer-disabled:cursor-not-allowed peer-disabled:opacity-70 mb-0&quot;[39m
                      [33mfor[39m=[32m&quot;«r2k»-form-item&quot;[39m
                    [36m&gt;[39m
                      [0mTarget keyphrase[0m
                    [36m&lt;/label&gt;[39m
                    [36m&lt;span[39m
                      [33mclass[39m=[32m&quot;text-xs font-medium&quot;[39m
                      [33mstyle[39m=[32m&quot;color: var(--redText)&quot;[39m
                    [36m&gt;[39m
                      [0mNo keyword saved[0m
                    [36m&lt;/span&gt;[39m
                  [36m&lt;/div&gt;[39m
                  [36m&lt;div[39m
                    [33maria-describedby[39m=[32m&quot;«r2k»-form-item-description&quot;[39m
                    [33maria-invalid[39m=[32m&quot;false&quot;[39m
                    [33mclass[39m=[32m&quot;mt-2 w-full mt-2&quot;[39m
                    [33mid[39m=[32m&quot;«r2k»-form-item&quot;[39m
                  [36m&gt;[39m
                    [36m&lt;input[39m
                      [33mclass[39m=[32m&quot;flex h-10 rounded-md border border-input bg-background px-3 py-2 text-sm ring-offset-background file:border-0 file:bg-transparent file:text-sm file:font-medium file:text-foreground placeholder:text-muted-foreground focus-visible:outline-none focus-visible:ring-2 focus-visible:ring-ring focus-visible:ring-offset-2 disabled:cursor-not-allowed disabled:opacity-50 w-full&quot;[39m
                      [33mname[39m=[32m&quot;keyphrase&quot;[39m
                      [33mplaceholder[39m=[32m&quot;Enter your target keyphrase&quot;[39m
                      [33mvalue[39m=[32m&quot;&quot;[39m
                    [36m/&gt;[39m
                  [36m&lt;/div&gt;[39m
                [36m&lt;/div&gt;[39m
                [36m&lt;div[39m
                  [33mclass[39m=[32m&quot;border-t pt-4 mt-4&quot;[39m
                [36m&gt;[39m
                  [36m&lt;div[39m
                    [33mclass[39m=[32m&quot;flex items-center justify-between mb-4&quot;[39m
                  [36m&gt;[39m
                    [36m&lt;div&gt;[39m
                      [36m&lt;h3[39m
                        [33mclass[39m=[32m&quot;text-lg font-semibold&quot;[39m
                      [36m&gt;[39m
                        [0mAdvanced Analysis[0m
                      [36m&lt;/h3&gt;[39m
                      [36m&lt;p[39m
                        [33mclass[39m=[32m&quot;text-sm text-muted-foreground&quot;[39m
                      [36m&gt;[39m
                        [0mAdd secondary keywords and specify page type for more targeted SEO analysis[0m
                      [36m&lt;/p&gt;[39m
                    [36m&lt;/div&gt;[39m
                    [36m&lt;div[39m
                      [33mclass[39m=[32m&quot;flex items-center space-x-2&quot;[39m
                    [36m&gt;[39m
                      [36m&lt;button[39m
                        [33maria-checked[39m=[32m&quot;false&quot;[39m
                        [33mclass[39m=[32m&quot;peer inline-flex h-6 w-11 shrink-0 cursor-pointer items-center rounded-full border-2 border-transparent transition-colors focus-visible:outline-none focus-visible:ring-2 focus-visible:ring-ring focus-visible:ring-offset-2 focus-visible:ring-offset-background disabled:cursor-not-allowed disabled:opacity-50 data-[state=checked]:bg-primary data-[state=unchecked]:bg-input&quot;[39m
                        [33mdata-state[39m=[32m&quot;unchecked&quot;[39m
                        [33mrole[39m=[32m&quot;switch&quot;[39m
                        [33mtype[39m=[32m&quot;button&quot;[39m
                        [33mvalue[39m=[32m&quot;on&quot;[39m
                      [36m&gt;[39m
                        [36m&lt;span[39m
                          [33mclass[39m=[32m&quot;pointer-events-none block h-5 w-5 rounded-full bg-background shadow-lg ring-0 transition-transform data-[state=checked]:translate-x-5 data-[state=unchecked]:translate-x-0&quot;[39m
                          [33mdata-state[39m=[32m&quot;unchecked&quot;[39m
                        [36m/&gt;[39m
                      [36m&lt;/button&gt;[39m
                      [36m&lt;input[39m
                        [33maria-hidden[39m=[32m&quot;true&quot;[39m
                        [33mstyle[39m=[32m&quot;transform: translateX(-100%); width: 200px; height: 100px&quot;[39m
                        [33mtabindex[39m=[32m&quot;-1&quot;[39m
                        [33mtype[39m=[32m&quot;checkbox&quot;[39m
                        [33mvalue[39m=[32m&quot;on&quot;[39m
                      [36m/&gt;[39m
                      [36m&lt;span[39m
                        [33mclass[39m=[32m&quot;text-sm&quot;[39m
                      [36m&gt;[39m
                        [0mOff[0m
                      [36m&lt;/span&gt;[39m
                    [36m&lt;/div&gt;[39m
                  [36m&lt;/div&gt;[39m
                [36m&lt;/div&gt;[39m
                [36m&lt;div[39m
                  [33mclass[39m=[32m&quot;w-full pt-2&quot;[39m
                [36m&gt;[39m
                  [36m&lt;button[39m
                    [33mclass[39m=[32m&quot;inline-flex items-center justify-center gap-2 whitespace-nowrap rounded-md text-sm font-medium ring-offset-background transition-colors focus-visible:outline-none focus-visible:ring-2 focus-visible:ring-ring focus-visible:ring-offset-2 disabled:pointer-events-none disabled:opacity-50 [&amp;_svg]:pointer-events-none [&amp;_svg]:size-4 [&amp;_svg]:shrink-0 [&amp;_svg]:text-current bg-primary text-primary-foreground hover:bg-primary/90 px-4 py-2 w-full h-11 cursor-pointer&quot;[39m
                    [33mtype[39m=[32m&quot;submit&quot;[39m
                  [36m&gt;[39m
                    [0mStart optimizing your SEO[0m
      ...

Ignored nodes: comments, script, style
[36m&lt;html&gt;[39m
  [36m&lt;head /&gt;[39m
  [36m&lt;body&gt;[39m
    [36m&lt;div&gt;[39m
      [36m&lt;div[39m
        [33mclass[39m=[32m&quot;min-h-screen bg-background p-4 md:p-6 flex flex-col&quot;[39m
        [33mstyle[39m=[32m&quot;color: #FFFFFF&quot;[39m
      [36m&gt;[39m
        [36m&lt;div[39m
          [33mclass[39m=[32m&quot;mx-auto w-full max-w-3xl space-y-6 flex-grow&quot;[39m
        [36m&gt;[39m
          [36m&lt;div[39m
            [33mclass[39m=[32m&quot;w-full&quot;[39m
          [36m&gt;[39m
            [36m&lt;div[39m
              [33mclass[39m=[32m&quot;rounded-lg border bg-background2 text-card-foreground shadow-sm w-full&quot;[39m
            [36m&gt;[39m
              [36m&lt;div[39m
                [33mclass[39m=[32m&quot;flex flex-col space-y-1.5 p-6&quot;[39m
              [36m&gt;[39m
                [36m&lt;h3[39m
                  [33mclass[39m=[32m&quot;text-2xl font-semibold leading-none tracking-tight text-center&quot;[39m
                [36m&gt;[39m
                  [0mSEO Analysis Tool[0m
                [36m&lt;/h3&gt;[39m
              [36m&lt;/div&gt;[39m
              [36m&lt;div[39m
                [33mclass[39m=[32m&quot;p-6 pt-0&quot;[39m
              [36m&gt;[39m
                [36m&lt;form[39m
                  [33mclass[39m=[32m&quot;space-y-5 w-full&quot;[39m
                [36m&gt;[39m
                  [36m&lt;div[39m
                    [33mclass[39m=[32m&quot;space-y-2 w-full&quot;[39m
                  [36m&gt;[39m
                    [36m&lt;div[39m
                      [33mclass[39m=[32m&quot;flex justify-between items-center mb-1&quot;[39m
                    [36m&gt;[39m
                      [36m&lt;label[39m
                        [33mclass[39m=[32m&quot;text-sm font-medium leading-none peer-disabled:cursor-not-allowed peer-disabled:opacity-70 mb-0&quot;[39m
                        [33mfor[39m=[32m&quot;«r2k»-form-item&quot;[39m
                      [36m&gt;[39m
                        [0mTarget keyphrase[0m
                      [36m&lt;/label&gt;[39m
                      [36m&lt;span[39m
                        [33mclass[39m=[32m&quot;text-xs font-medium&quot;[39m
                        [33mstyle[39m=[32m&quot;color: var(--redText)&quot;[39m
                      [36m&gt;[39m
                        [0mNo keyword saved[0m
                      [36m&lt;/span&gt;[39m
                    [36m&lt;/div&gt;[39m
                    [36m&lt;div[39m
                      [33maria-describedby[39m=[32m&quot;«r2k»-form-item-description&quot;[39m
                      [33maria-invalid[39m=[32m&quot;false&quot;[39m
                      [33mclass[39m=[32m&quot;mt-2 w-full mt-2&quot;[39m
                      [33mid[39m=[32m&quot;«r2k»-form-item&quot;[39m
                    [36m&gt;[39m
                      [36m&lt;input[39m
                        [33mclass[39m=[32m&quot;flex h-10 rounded-md border border-input bg-background px-3 py-2 text-sm ring-offset-background file:border-0 file:bg-transparent file:text-sm file:font-medium file:text-foreground placeholder:text-muted-foreground focus-visible:outline-none focus-visible:ring-2 focus-visible:ring-ring focus-visible:ring-offset-2 disabled:cursor-not-allowed disabled:opacity-50 w-full&quot;[39m
                        [33mname[39m=[32m&quot;keyphrase&quot;[39m
                        [33mplaceholder[39m=[32m&quot;Enter your target keyphrase&quot;[39m
                        [33mvalue[39m=[32m&quot;&quot;[39m
                      [36m/&gt;[39m
                    [36m&lt;/div&gt;[39m
                  [36m&lt;/div&gt;[39m
                  [36m&lt;div[39m
                    [33mclass[39m=[32m&quot;border-t pt-4 mt-4&quot;[39m
                  [36m&gt;[39m
                    [36m&lt;div[39m
                      [33mclass[39m=[32m&quot;flex items-center justify-between mb-4&quot;[39m
                    [36m&gt;[39m
                      [36m&lt;div&gt;[39m
                        [36m&lt;h3[39m
                          [33mclass[39m=[32m&quot;text-lg font-semibold&quot;[39m
                        [36m&gt;[39m
                          [0mAdvanced Analysis[0m
                        [36m&lt;/h3&gt;[39m
                        [36m&lt;p[39m
                          [33mclass[39m=[32m&quot;text-sm text-muted-foreground&quot;[39m
                        [36m&gt;[39m
                          [0mAdd secondary keywords and specify page type for more targeted SEO analysis[0m
                        [36m&lt;/p&gt;[39m
                      [36m&lt;/div&gt;[39m
                      [36m&lt;div[39m
                        [33mclass[39m=[32m&quot;flex items-center space-x-2&quot;[39m
                      [36m&gt;[39m
                        [36m&lt;button[39m
                          [33maria-checked[39m=[32m&quot;false&quot;[39m
                          [33mclass[39m=[32m&quot;peer inline-flex h-6 w-11 shrink-0 cursor-pointer items-center rounded-full border-2 border-transparent transition-colors focus-visible:outline-none focus-visible:ring-2 focus-visible:ring-ring focus-visible:ring-offset-2 focus-visible:ring-offset-background disabled:cursor-not-allowed disabled:opacity-50 data-[state=checked]:bg-primary data-[state=unchecked]:bg-input&quot;[39m
                          [33mdata-state[39m=[32m&quot;unchecked&quot;[39m
                          [33mrole[39m=[32m&quot;switch&quot;[39m
                          [33mtype[39m=[32m&quot;button&quot;[39m
                          [33mvalue[39m=[32m&quot;on&quot;[39m
                        [36m&gt;[39m
                          [36m&lt;span[39m
                            [33mclass[39m=[32m&quot;pointer-events-none block h-5 w-5 rounded-full bg-background shadow-lg ring-0 transition-transform data-[state=checked]:translate-x-5 data-[state=unchecked]:translate-x-0&quot;[39m
                            [33mdata-state[39m=[32m&quot;unchecked&quot;[39m
                          [36m/&gt;[39m
                        [36m&lt;/button&gt;[39m
                        [36m&lt;input[39m
                          [33maria-hidden[39m=[32m&quot;true&quot;[39m
                          [33mstyle[39m=[32m&quot;transform: translateX(-100%); width: 200px; height: 100px&quot;[39m
                          [33mtabindex[39m=[32m&quot;-1&quot;[39m
                          [33mtype[39m=[32m&quot;checkbox&quot;[39m
                          [33mvalue[39m=[32m&quot;on&quot;[39m
                        [36m/&gt;[39m
                        [36m&lt;span[39m
                          [33mclass[39m=[32m&quot;text-sm&quot;[39m
                        [36m&gt;[39m
                          [0mOff[0m
                        [36m&lt;/span&gt;[39m
                      [36m&lt;/div&gt;[39m
                    [36m&lt;/div&gt;[39m
                  [36m&lt;/div&gt;[39m
                  [36m&lt;div[39m
                    [33mclass[39m=[32m&quot;w-full pt-2&quot;[39m
                  [36m&gt;[39m
                    [36m&lt;button[39m
                      [33mclass[39m=[32m&quot;inline-flex items-center justify-center gap-2 whitespace-nowrap rounded-md text-sm font-medium ring-offset-background transition-colors focus-visible:outline-none focus-visible:ring-2 focus-visible:ring-ring focus-visible:ring-offset-2 disabled:pointer-events-none disabled:opacity-50 [&amp;_svg]:pointer-events-none [&amp;_svg]:size-4 [&amp;_svg]:..." type="TestingLibraryElementError">
TestingLibraryElementError: Unable to find role=&quot;combobox&quot;

Ignored nodes: comments, script, style
&lt;body&gt;
  &lt;div&gt;
    &lt;div
      class=&quot;min-h-screen bg-background p-4 md:p-6 flex flex-col&quot;
      style=&quot;color: #FFFFFF&quot;
    &gt;
      &lt;div
        class=&quot;mx-auto w-full max-w-3xl space-y-6 flex-grow&quot;
      &gt;
        &lt;div
          class=&quot;w-full&quot;
        &gt;
          &lt;div
            class=&quot;rounded-lg border bg-background2 text-card-foreground shadow-sm w-full&quot;
          &gt;
            &lt;div
              class=&quot;flex flex-col space-y-1.5 p-6&quot;
            &gt;
              &lt;h3
                class=&quot;text-2xl font-semibold leading-none tracking-tight text-center&quot;
              &gt;
                SEO Analysis Tool
              &lt;/h3&gt;
            &lt;/div&gt;
            &lt;div
              class=&quot;p-6 pt-0&quot;
            &gt;
              &lt;form
                class=&quot;space-y-5 w-full&quot;
              &gt;
                &lt;div
                  class=&quot;space-y-2 w-full&quot;
                &gt;
                  &lt;div
                    class=&quot;flex justify-between items-center mb-1&quot;
                  &gt;
                    &lt;label
                      class=&quot;text-sm font-medium leading-none peer-disabled:cursor-not-allowed peer-disabled:opacity-70 mb-0&quot;
                      for=&quot;«r2k»-form-item&quot;
                    &gt;
                      Target keyphrase
                    &lt;/label&gt;
                    &lt;span
                      class=&quot;text-xs font-medium&quot;
                      style=&quot;color: var(--redText)&quot;
                    &gt;
                      No keyword saved
                    &lt;/span&gt;
                  &lt;/div&gt;
                  &lt;div
                    aria-describedby=&quot;«r2k»-form-item-description&quot;
                    aria-invalid=&quot;false&quot;
                    class=&quot;mt-2 w-full mt-2&quot;
                    id=&quot;«r2k»-form-item&quot;
                  &gt;
                    &lt;input
                      class=&quot;flex h-10 rounded-md border border-input bg-background px-3 py-2 text-sm ring-offset-background file:border-0 file:bg-transparent file:text-sm file:font-medium file:text-foreground placeholder:text-muted-foreground focus-visible:outline-none focus-visible:ring-2 focus-visible:ring-ring focus-visible:ring-offset-2 disabled:cursor-not-allowed disabled:opacity-50 w-full&quot;
                      name=&quot;keyphrase&quot;
                      placeholder=&quot;Enter your target keyphrase&quot;
                      value=&quot;&quot;
                    /&gt;
                  &lt;/div&gt;
                &lt;/div&gt;
                &lt;div
                  class=&quot;border-t pt-4 mt-4&quot;
                &gt;
                  &lt;div
                    class=&quot;flex items-center justify-between mb-4&quot;
                  &gt;
                    &lt;div&gt;
                      &lt;h3
                        class=&quot;text-lg font-semibold&quot;
                      &gt;
                        Advanced Analysis
                      &lt;/h3&gt;
                      &lt;p
                        class=&quot;text-sm text-muted-foreground&quot;
                      &gt;
                        Add secondary keywords and specify page type for more targeted SEO analysis
                      &lt;/p&gt;
                    &lt;/div&gt;
                    &lt;div
                      class=&quot;flex items-center space-x-2&quot;
                    &gt;
                      &lt;button
                        aria-checked=&quot;false&quot;
                        class=&quot;peer inline-flex h-6 w-11 shrink-0 cursor-pointer items-center rounded-full border-2 border-transparent transition-colors focus-visible:outline-none focus-visible:ring-2 focus-visible:ring-ring focus-visible:ring-offset-2 focus-visible:ring-offset-background disabled:cursor-not-allowed disabled:opacity-50 data-[state=checked]:bg-primary data-[state=unchecked]:bg-input&quot;
                        data-state=&quot;unchecked&quot;
                        role=&quot;switch&quot;
                        type=&quot;button&quot;
                        value=&quot;on&quot;
                      &gt;
                        &lt;span
                          class=&quot;pointer-events-none block h-5 w-5 rounded-full bg-background shadow-lg ring-0 transition-transform data-[state=checked]:translate-x-5 data-[state=unchecked]:translate-x-0&quot;
                          data-state=&quot;unchecked&quot;
                        /&gt;
                      &lt;/button&gt;
                      &lt;input
                        aria-hidden=&quot;true&quot;
                        style=&quot;transform: translateX(-100%); width: 200px; height: 100px&quot;
                        tabindex=&quot;-1&quot;
                        type=&quot;checkbox&quot;
                        value=&quot;on&quot;
                      /&gt;
                      &lt;span
                        class=&quot;text-sm&quot;
                      &gt;
                        Off
                      &lt;/span&gt;
                    &lt;/div&gt;
                  &lt;/div&gt;
                &lt;/div&gt;
                &lt;div
                  class=&quot;w-full pt-2&quot;
                &gt;
                  &lt;button
                    class=&quot;inline-flex items-center justify-center gap-2 whitespace-nowrap rounded-md text-sm font-medium ring-offset-background transition-colors focus-visible:outline-none focus-visible:ring-2 focus-visible:ring-ring focus-visible:ring-offset-2 disabled:pointer-events-none disabled:opacity-50 [&amp;_svg]:pointer-events-none [&amp;_svg]:size-4 [&amp;_svg]:shrink-0 [&amp;_svg]:text-current bg-primary text-primary-foreground hover:bg-primary/90 px-4 py-2 w-full h-11 cursor-pointer&quot;
                    type=&quot;submit&quot;
                  &gt;
                    Start optimizing your SEO
      ...

Ignored nodes: comments, script, style
&lt;html&gt;
  &lt;head /&gt;
  &lt;body&gt;
    &lt;div&gt;
      &lt;div
        class=&quot;min-h-screen bg-background p-4 md:p-6 flex flex-col&quot;
        style=&quot;color: #FFFFFF&quot;
      &gt;
        &lt;div
          class=&quot;mx-auto w-full max-w-3xl space-y-6 flex-grow&quot;
        &gt;
          &lt;div
            class=&quot;w-full&quot;
          &gt;
            &lt;div
              class=&quot;rounded-lg border bg-background2 text-card-foreground shadow-sm w-full&quot;
            &gt;
              &lt;div
                class=&quot;flex flex-col space-y-1.5 p-6&quot;
              &gt;
                &lt;h3
                  class=&quot;text-2xl font-semibold leading-none tracking-tight text-center&quot;
                &gt;
                  SEO Analysis Tool
                &lt;/h3&gt;
              &lt;/div&gt;
              &lt;div
                class=&quot;p-6 pt-0&quot;
              &gt;
                &lt;form
                  class=&quot;space-y-5 w-full&quot;
                &gt;
                  &lt;div
                    class=&quot;space-y-2 w-full&quot;
                  &gt;
                    &lt;div
                      class=&quot;flex justify-between items-center mb-1&quot;
                    &gt;
                      &lt;label
                        class=&quot;text-sm font-medium leading-none peer-disabled:cursor-not-allowed peer-disabled:opacity-70 mb-0&quot;
                        for=&quot;«r2k»-form-item&quot;
                      &gt;
                        Target keyphrase
                      &lt;/label&gt;
                      &lt;span
                        class=&quot;text-xs font-medium&quot;
                        style=&quot;color: var(--redText)&quot;
                      &gt;
                        No keyword saved
                      &lt;/span&gt;
                    &lt;/div&gt;
                    &lt;div
                      aria-describedby=&quot;«r2k»-form-item-description&quot;
                      aria-invalid=&quot;false&quot;
                      class=&quot;mt-2 w-full mt-2&quot;
                      id=&quot;«r2k»-form-item&quot;
                    &gt;
                      &lt;input
                        class=&quot;flex h-10 rounded-md border border-input bg-background px-3 py-2 text-sm ring-offset-background file:border-0 file:bg-transparent file:text-sm file:font-medium file:text-foreground placeholder:text-muted-foreground focus-visible:outline-none focus-visible:ring-2 focus-visible:ring-ring focus-visible:ring-offset-2 disabled:cursor-not-allowed disabled:opacity-50 w-full&quot;
                        name=&quot;keyphrase&quot;
                        placeholder=&quot;Enter your target keyphrase&quot;
                        value=&quot;&quot;
                      /&gt;
                    &lt;/div&gt;
                  &lt;/div&gt;
                  &lt;div
                    class=&quot;border-t pt-4 mt-4&quot;
                  &gt;
                    &lt;div
                      class=&quot;flex items-center justify-between mb-4&quot;
                    &gt;
                      &lt;div&gt;
                        &lt;h3
                          class=&quot;text-lg font-semibold&quot;
                        &gt;
                          Advanced Analysis
                        &lt;/h3&gt;
                        &lt;p
                          class=&quot;text-sm text-muted-foreground&quot;
                        &gt;
                          Add secondary keywords and specify page type for more targeted SEO analysis
                        &lt;/p&gt;
                      &lt;/div&gt;
                      &lt;div
                        class=&quot;flex items-center space-x-2&quot;
                      &gt;
                        &lt;button
                          aria-checked=&quot;false&quot;
                          class=&quot;peer inline-flex h-6 w-11 shrink-0 cursor-pointer items-center rounded-full border-2 border-transparent transition-colors focus-visible:outline-none focus-visible:ring-2 focus-visible:ring-ring focus-visible:ring-offset-2 focus-visible:ring-offset-background disabled:cursor-not-allowed disabled:opacity-50 data-[state=checked]:bg-primary data-[state=unchecked]:bg-input&quot;
                          data-state=&quot;unchecked&quot;
                          role=&quot;switch&quot;
                          type=&quot;button&quot;
                          value=&quot;on&quot;
                        &gt;
                          &lt;span
                            class=&quot;pointer-events-none block h-5 w-5 rounded-full bg-background shadow-lg ring-0 transition-transform data-[state=checked]:translate-x-5 data-[state=unchecked]:translate-x-0&quot;
                            data-state=&quot;unchecked&quot;
                          /&gt;
                        &lt;/button&gt;
                        &lt;input
                          aria-hidden=&quot;true&quot;
                          style=&quot;transform: translateX(-100%); width: 200px; height: 100px&quot;
                          tabindex=&quot;-1&quot;
                          type=&quot;checkbox&quot;
                          value=&quot;on&quot;
                        /&gt;
                        &lt;span
                          class=&quot;text-sm&quot;
                        &gt;
                          Off
                        &lt;/span&gt;
                      &lt;/div&gt;
                    &lt;/div&gt;
                  &lt;/div&gt;
                  &lt;div
                    class=&quot;w-full pt-2&quot;
                  &gt;
                    &lt;button
                      class=&quot;inline-flex items-center justify-center gap-2 whitespace-nowrap rounded-md text-sm font-medium ring-offset-background transition-colors focus-visible:outline-none focus-visible:ring-2 focus-visible:ring-ring focus-visible:ring-offset-2 disabled:pointer-events-none disabled:opacity-50 [&amp;_svg]:pointer-events-none [&amp;_svg]:size-4 [&amp;_svg]:...
 ❯ Proxy.waitFor node_modules/.pnpm/@testing-library+dom@10.4.1/node_modules/@testing-library/dom/dist/wait-for.js:163:27
 ❯ client/src/pages/Home.test.tsx:1137:13
            </failure>
        </testcase>
        <testcase classname="client/src/pages/Home.test.tsx" name="Home Component - Additional Coverage &gt; Advanced Options Persistent Settings &gt; should restore saved settings when toggle is turned back on" time="5.0770529">
            <system-out>
[InsertionContext] No OAuth token available - will use Designer Extension APIs directly
[WebflowInsertion] Webflow Designer context detected
[WebflowDesignerDetection] === WEBFLOW API INSPECTION ===
[WebflowDesignerDetection] typeof window.webflow: object
[WebflowDesignerDetection] window.webflow: {
  getCurrentPage: [Function: spy] {
    getMockName: [36m[Function (anonymous)][39m,
    mockName: [36m[Function (anonymous)][39m,
    mockClear: [36m[Function (anonymous)][39m,
    mockReset: [36m[Function (anonymous)][39m,
    mockRestore: [36m[Function (anonymous)][39m,
    getMockImplementation: [36m[Function (anonymous)][39m,
    mockImplementation: [36m[Function (anonymous)][39m,
    mockImplementationOnce: [36m[Function (anonymous)][39m,
    withImplementation: [36m[Function: withImplementation][39m,
    mockReturnThis: [36m[Function (anonymous)][39m,
    mockReturnValue: [36m[Function (anonymous)][39m,
    mockReturnValueOnce: [36m[Function (anonymous)][39m,
    mockResolvedValue: [36m[Function (anonymous)][39m,
    mockResolvedValueOnce: [36m[Function (anonymous)][39m,
    mockRejectedValue: [36m[Function (anonymous)][39m,
    mockRejectedValueOnce: [36m[Function (anonymous)][39m,
    [[32mSymbol(nodejs.dispose)[39m]: [36m[Function (anonymous)][39m
  },
  getSiteInfo: [Function: spy] {
    getMockName: [36m[Function (anonymous)][39m,
    mockName: [36m[Function (anonymous)][39m,
    mockClear: [36m[Function (anonymous)][39m,
    mockReset: [36m[Function (anonymous)][39m,
    mockRestore: [36m[Function (anonymous)][39m,
    getMockImplementation: [36m[Function (anonymous)][39m,
    mockImplementation: [36m[Function (anonymous)][39m,
    mockImplementationOnce: [36m[Function (anonymous)][39m,
    withImplementation: [36m[Function: withImplementation][39m,
    mockReturnThis: [36m[Function (anonymous)][39m,
    mockReturnValue: [36m[Function (anonymous)][39m,
    mockReturnValueOnce: [36m[Function (anonymous)][39m,
    mockResolvedValue: [36m[Function (anonymous)][39m,
    mockResolvedValueOnce: [36m[Function (anonymous)][39m,
    mockRejectedValue: [36m[Function (anonymous)][39m,
    mockRejectedValueOnce: [36m[Function (anonymous)][39m,
    [[32mSymbol(nodejs.dispose)[39m]: [36m[Function (anonymous)][39m
  },
  subscribe: [Function: spy] {
    getMockName: [36m[Function (anonymous)][39m,
    mockName: [36m[Function (anonymous)][39m,
    mockClear: [36m[Function (anonymous)][39m,
    mockReset: [36m[Function (anonymous)][39m,
    mockRestore: [36m[Function (anonymous)][39m,
    getMockImplementation: [36m[Function (anonymous)][39m,
    mockImplementation: [36m[Function (anonymous)][39m,
    mockImplementationOnce: [36m[Function (anonymous)][39m,
    withImplementation: [36m[Function: withImplementation][39m,
    mockReturnThis: [36m[Function (anonymous)][39m,
    mockReturnValue: [36m[Function (anonymous)][39m,
    mockReturnValueOnce: [36m[Function (anonymous)][39m,
    mockResolvedValue: [36m[Function (anonymous)][39m,
    mockResolvedValueOnce: [36m[Function (anonymous)][39m,
    mockRejectedValue: [36m[Function (anonymous)][39m,
    mockRejectedValueOnce: [36m[Function (anonymous)][39m,
    [[32mSymbol(nodejs.dispose)[39m]: [36m[Function (anonymous)][39m
  }
}
[WebflowDesignerDetection] Available webflow properties: [ [32m&apos;getCurrentPage&apos;[39m, [32m&apos;getSiteInfo&apos;[39m, [32m&apos;subscribe&apos;[39m ]
[WebflowDesignerDetection] Available webflow methods: [ [32m&apos;getCurrentPage&apos;[39m, [32m&apos;getSiteInfo&apos;[39m, [32m&apos;subscribe&apos;[39m ]
[WebflowDesignerDetection] Method &apos;getCurrentPage&apos;: {
  type: [32m&apos;function&apos;[39m,
  length: [33m0[39m,
  name: [32m&apos;spy&apos;[39m,
  toString: [32m&apos;function(...args) {\n&apos;[39m +
    [32m&apos;    let state2 = getInternalState(fn);\n&apos;[39m +
    [32m&apos;    state2.called = !0, state2.callCount++, state2.calls.push(args);\n&apos;[39m +
    [32m&apos;    let next = state2.next.shift();\n&apos;[39m +
    [32m&apos;    if (next) {\n&apos;[39m +
    [32m&apos;      state2.results...&apos;[39m
}
[WebflowDesignerDetection] Method &apos;getSiteInfo&apos;: {
  type: [32m&apos;function&apos;[39m,
  length: [33m0[39m,
  name: [32m&apos;spy&apos;[39m,
  toString: [32m&apos;function(...args) {\n&apos;[39m +
    [32m&apos;    let state2 = getInternalState(fn);\n&apos;[39m +
    [32m&apos;    state2.called = !0, state2.callCount++, state2.calls.push(args);\n&apos;[39m +
    [32m&apos;    let next = state2.next.shift();\n&apos;[39m +
    [32m&apos;    if (next) {\n&apos;[39m +
    [32m&apos;      state2.results...&apos;[39m
}
[WebflowDesignerDetection] Method &apos;subscribe&apos;: {
  type: [32m&apos;function&apos;[39m,
  length: [33m0[39m,
  name: [32m&apos;spy&apos;[39m,
  toString: [32m&apos;function(...args) {\n&apos;[39m +
    [32m&apos;    let state2 = getInternalState(fn);\n&apos;[39m +
    [32m&apos;    state2.called = !0, state2.callCount++, state2.calls.push(args);\n&apos;[39m +
    [32m&apos;    let next = state2.next.shift();\n&apos;[39m +
    [32m&apos;    if (next) {\n&apos;[39m +
    [32m&apos;      state2.results...&apos;[39m
}
[WebflowDesignerDetection] Prototype methods: [
  [32m&apos;constructor&apos;[39m,
  [32m&apos;__defineGetter__&apos;[39m,
  [32m&apos;__defineSetter__&apos;[39m,
  [32m&apos;hasOwnProperty&apos;[39m,
  [32m&apos;__lookupGetter__&apos;[39m,
  [32m&apos;__lookupSetter__&apos;[39m,
  [32m&apos;isPrototypeOf&apos;[39m,
  [32m&apos;propertyIsEnumerable&apos;[39m,
  [32m&apos;toString&apos;[39m,
  [32m&apos;valueOf&apos;[39m,
  [32m&apos;__proto__&apos;[39m,
  [32m&apos;toLocaleString&apos;[39m
]
[WebflowDesignerAPI] Detected capabilities: {
  canReadPageInfo: [33mtrue[39m,
  canUpdatePageTitle: [33mfalse[39m,
  canUpdatePageMeta: [33mfalse[39m,
  canUpdatePageSlug: [33mfalse[39m,
  canAddCustomCode: [33mfalse[39m,
  canUpdateCMS: [33mfalse[39m,
  canManipulateElements: [33mfalse[39m,
  canSelectElements: [33mfalse[39m,
  hasElementBuilder: [33mfalse[39m,
  availableMethods: [ [32m&apos;getCurrentPage&apos;[39m, [32m&apos;getSiteInfo&apos;[39m, [32m&apos;subscribe&apos;[39m ]
}
[WebflowInsertion] Using Webflow Designer Extension APIs for modifications

[AuthContext] No OAuth token found - Designer Extension will use Designer APIs directly

            </system-out>
            <failure message="Unable to find role=&quot;combobox&quot;

Ignored nodes: comments, script, style
[36m&lt;body&gt;[39m
  [36m&lt;div&gt;[39m
    [36m&lt;div[39m
      [33mclass[39m=[32m&quot;min-h-screen bg-background p-4 md:p-6 flex flex-col&quot;[39m
      [33mstyle[39m=[32m&quot;color: #FFFFFF&quot;[39m
    [36m&gt;[39m
      [36m&lt;div[39m
        [33mclass[39m=[32m&quot;mx-auto w-full max-w-3xl space-y-6 flex-grow&quot;[39m
      [36m&gt;[39m
        [36m&lt;div[39m
          [33mclass[39m=[32m&quot;w-full&quot;[39m
        [36m&gt;[39m
          [36m&lt;div[39m
            [33mclass[39m=[32m&quot;rounded-lg border bg-background2 text-card-foreground shadow-sm w-full&quot;[39m
          [36m&gt;[39m
            [36m&lt;div[39m
              [33mclass[39m=[32m&quot;flex flex-col space-y-1.5 p-6&quot;[39m
            [36m&gt;[39m
              [36m&lt;h3[39m
                [33mclass[39m=[32m&quot;text-2xl font-semibold leading-none tracking-tight text-center&quot;[39m
              [36m&gt;[39m
                [0mSEO Analysis Tool[0m
              [36m&lt;/h3&gt;[39m
            [36m&lt;/div&gt;[39m
            [36m&lt;div[39m
              [33mclass[39m=[32m&quot;p-6 pt-0&quot;[39m
            [36m&gt;[39m
              [36m&lt;form[39m
                [33mclass[39m=[32m&quot;space-y-5 w-full&quot;[39m
              [36m&gt;[39m
                [36m&lt;div[39m
                  [33mclass[39m=[32m&quot;space-y-2 w-full&quot;[39m
                [36m&gt;[39m
                  [36m&lt;div[39m
                    [33mclass[39m=[32m&quot;flex justify-between items-center mb-1&quot;[39m
                  [36m&gt;[39m
                    [36m&lt;label[39m
                      [33mclass[39m=[32m&quot;text-sm font-medium leading-none peer-disabled:cursor-not-allowed peer-disabled:opacity-70 mb-0&quot;[39m
                      [33mfor[39m=[32m&quot;«r2o»-form-item&quot;[39m
                    [36m&gt;[39m
                      [0mTarget keyphrase[0m
                    [36m&lt;/label&gt;[39m
                    [36m&lt;span[39m
                      [33mclass[39m=[32m&quot;text-xs font-medium&quot;[39m
                      [33mstyle[39m=[32m&quot;color: var(--redText)&quot;[39m
                    [36m&gt;[39m
                      [0mNo keyword saved[0m
                    [36m&lt;/span&gt;[39m
                  [36m&lt;/div&gt;[39m
                  [36m&lt;div[39m
                    [33maria-describedby[39m=[32m&quot;«r2o»-form-item-description&quot;[39m
                    [33maria-invalid[39m=[32m&quot;false&quot;[39m
                    [33mclass[39m=[32m&quot;mt-2 w-full mt-2&quot;[39m
                    [33mid[39m=[32m&quot;«r2o»-form-item&quot;[39m
                  [36m&gt;[39m
                    [36m&lt;input[39m
                      [33mclass[39m=[32m&quot;flex h-10 rounded-md border border-input bg-background px-3 py-2 text-sm ring-offset-background file:border-0 file:bg-transparent file:text-sm file:font-medium file:text-foreground placeholder:text-muted-foreground focus-visible:outline-none focus-visible:ring-2 focus-visible:ring-ring focus-visible:ring-offset-2 disabled:cursor-not-allowed disabled:opacity-50 w-full&quot;[39m
                      [33mname[39m=[32m&quot;keyphrase&quot;[39m
                      [33mplaceholder[39m=[32m&quot;Enter your target keyphrase&quot;[39m
                      [33mvalue[39m=[32m&quot;&quot;[39m
                    [36m/&gt;[39m
                  [36m&lt;/div&gt;[39m
                [36m&lt;/div&gt;[39m
                [36m&lt;div[39m
                  [33mclass[39m=[32m&quot;border-t pt-4 mt-4&quot;[39m
                [36m&gt;[39m
                  [36m&lt;div[39m
                    [33mclass[39m=[32m&quot;flex items-center justify-between mb-4&quot;[39m
                  [36m&gt;[39m
                    [36m&lt;div&gt;[39m
                      [36m&lt;h3[39m
                        [33mclass[39m=[32m&quot;text-lg font-semibold&quot;[39m
                      [36m&gt;[39m
                        [0mAdvanced Analysis[0m
                      [36m&lt;/h3&gt;[39m
                      [36m&lt;p[39m
                        [33mclass[39m=[32m&quot;text-sm text-muted-foreground&quot;[39m
                      [36m&gt;[39m
                        [0mAdd secondary keywords and specify page type for more targeted SEO analysis[0m
                      [36m&lt;/p&gt;[39m
                    [36m&lt;/div&gt;[39m
                    [36m&lt;div[39m
                      [33mclass[39m=[32m&quot;flex items-center space-x-2&quot;[39m
                    [36m&gt;[39m
                      [36m&lt;button[39m
                        [33maria-checked[39m=[32m&quot;false&quot;[39m
                        [33mclass[39m=[32m&quot;peer inline-flex h-6 w-11 shrink-0 cursor-pointer items-center rounded-full border-2 border-transparent transition-colors focus-visible:outline-none focus-visible:ring-2 focus-visible:ring-ring focus-visible:ring-offset-2 focus-visible:ring-offset-background disabled:cursor-not-allowed disabled:opacity-50 data-[state=checked]:bg-primary data-[state=unchecked]:bg-input&quot;[39m
                        [33mdata-state[39m=[32m&quot;unchecked&quot;[39m
                        [33mrole[39m=[32m&quot;switch&quot;[39m
                        [33mtype[39m=[32m&quot;button&quot;[39m
                        [33mvalue[39m=[32m&quot;on&quot;[39m
                      [36m&gt;[39m
                        [36m&lt;span[39m
                          [33mclass[39m=[32m&quot;pointer-events-none block h-5 w-5 rounded-full bg-background shadow-lg ring-0 transition-transform data-[state=checked]:translate-x-5 data-[state=unchecked]:translate-x-0&quot;[39m
                          [33mdata-state[39m=[32m&quot;unchecked&quot;[39m
                        [36m/&gt;[39m
                      [36m&lt;/button&gt;[39m
                      [36m&lt;input[39m
                        [33maria-hidden[39m=[32m&quot;true&quot;[39m
                        [33mstyle[39m=[32m&quot;transform: translateX(-100%); width: 200px; height: 100px&quot;[39m
                        [33mtabindex[39m=[32m&quot;-1&quot;[39m
                        [33mtype[39m=[32m&quot;checkbox&quot;[39m
                        [33mvalue[39m=[32m&quot;on&quot;[39m
                      [36m/&gt;[39m
                      [36m&lt;span[39m
                        [33mclass[39m=[32m&quot;text-sm&quot;[39m
                      [36m&gt;[39m
                        [0mOff[0m
                      [36m&lt;/span&gt;[39m
                    [36m&lt;/div&gt;[39m
                  [36m&lt;/div&gt;[39m
                [36m&lt;/div&gt;[39m
                [36m&lt;div[39m
                  [33mclass[39m=[32m&quot;w-full pt-2&quot;[39m
                [36m&gt;[39m
                  [36m&lt;button[39m
                    [33mclass[39m=[32m&quot;inline-flex items-center justify-center gap-2 whitespace-nowrap rounded-md text-sm font-medium ring-offset-background transition-colors focus-visible:outline-none focus-visible:ring-2 focus-visible:ring-ring focus-visible:ring-offset-2 disabled:pointer-events-none disabled:opacity-50 [&amp;_svg]:pointer-events-none [&amp;_svg]:size-4 [&amp;_svg]:shrink-0 [&amp;_svg]:text-current bg-primary text-primary-foreground hover:bg-primary/90 px-4 py-2 w-full h-11 cursor-pointer&quot;[39m
                    [33mtype[39m=[32m&quot;submit&quot;[39m
                  [36m&gt;[39m
                    [0mStart optimizing your SEO[0m
      ...

Ignored nodes: comments, script, style
[36m&lt;html&gt;[39m
  [36m&lt;head /&gt;[39m
  [36m&lt;body&gt;[39m
    [36m&lt;div&gt;[39m
      [36m&lt;div[39m
        [33mclass[39m=[32m&quot;min-h-screen bg-background p-4 md:p-6 flex flex-col&quot;[39m
        [33mstyle[39m=[32m&quot;color: #FFFFFF&quot;[39m
      [36m&gt;[39m
        [36m&lt;div[39m
          [33mclass[39m=[32m&quot;mx-auto w-full max-w-3xl space-y-6 flex-grow&quot;[39m
        [36m&gt;[39m
          [36m&lt;div[39m
            [33mclass[39m=[32m&quot;w-full&quot;[39m
          [36m&gt;[39m
            [36m&lt;div[39m
              [33mclass[39m=[32m&quot;rounded-lg border bg-background2 text-card-foreground shadow-sm w-full&quot;[39m
            [36m&gt;[39m
              [36m&lt;div[39m
                [33mclass[39m=[32m&quot;flex flex-col space-y-1.5 p-6&quot;[39m
              [36m&gt;[39m
                [36m&lt;h3[39m
                  [33mclass[39m=[32m&quot;text-2xl font-semibold leading-none tracking-tight text-center&quot;[39m
                [36m&gt;[39m
                  [0mSEO Analysis Tool[0m
                [36m&lt;/h3&gt;[39m
              [36m&lt;/div&gt;[39m
              [36m&lt;div[39m
                [33mclass[39m=[32m&quot;p-6 pt-0&quot;[39m
              [36m&gt;[39m
                [36m&lt;form[39m
                  [33mclass[39m=[32m&quot;space-y-5 w-full&quot;[39m
                [36m&gt;[39m
                  [36m&lt;div[39m
                    [33mclass[39m=[32m&quot;space-y-2 w-full&quot;[39m
                  [36m&gt;[39m
                    [36m&lt;div[39m
                      [33mclass[39m=[32m&quot;flex justify-between items-center mb-1&quot;[39m
                    [36m&gt;[39m
                      [36m&lt;label[39m
                        [33mclass[39m=[32m&quot;text-sm font-medium leading-none peer-disabled:cursor-not-allowed peer-disabled:opacity-70 mb-0&quot;[39m
                        [33mfor[39m=[32m&quot;«r2o»-form-item&quot;[39m
                      [36m&gt;[39m
                        [0mTarget keyphrase[0m
                      [36m&lt;/label&gt;[39m
                      [36m&lt;span[39m
                        [33mclass[39m=[32m&quot;text-xs font-medium&quot;[39m
                        [33mstyle[39m=[32m&quot;color: var(--redText)&quot;[39m
                      [36m&gt;[39m
                        [0mNo keyword saved[0m
                      [36m&lt;/span&gt;[39m
                    [36m&lt;/div&gt;[39m
                    [36m&lt;div[39m
                      [33maria-describedby[39m=[32m&quot;«r2o»-form-item-description&quot;[39m
                      [33maria-invalid[39m=[32m&quot;false&quot;[39m
                      [33mclass[39m=[32m&quot;mt-2 w-full mt-2&quot;[39m
                      [33mid[39m=[32m&quot;«r2o»-form-item&quot;[39m
                    [36m&gt;[39m
                      [36m&lt;input[39m
                        [33mclass[39m=[32m&quot;flex h-10 rounded-md border border-input bg-background px-3 py-2 text-sm ring-offset-background file:border-0 file:bg-transparent file:text-sm file:font-medium file:text-foreground placeholder:text-muted-foreground focus-visible:outline-none focus-visible:ring-2 focus-visible:ring-ring focus-visible:ring-offset-2 disabled:cursor-not-allowed disabled:opacity-50 w-full&quot;[39m
                        [33mname[39m=[32m&quot;keyphrase&quot;[39m
                        [33mplaceholder[39m=[32m&quot;Enter your target keyphrase&quot;[39m
                        [33mvalue[39m=[32m&quot;&quot;[39m
                      [36m/&gt;[39m
                    [36m&lt;/div&gt;[39m
                  [36m&lt;/div&gt;[39m
                  [36m&lt;div[39m
                    [33mclass[39m=[32m&quot;border-t pt-4 mt-4&quot;[39m
                  [36m&gt;[39m
                    [36m&lt;div[39m
                      [33mclass[39m=[32m&quot;flex items-center justify-between mb-4&quot;[39m
                    [36m&gt;[39m
                      [36m&lt;div&gt;[39m
                        [36m&lt;h3[39m
                          [33mclass[39m=[32m&quot;text-lg font-semibold&quot;[39m
                        [36m&gt;[39m
                          [0mAdvanced Analysis[0m
                        [36m&lt;/h3&gt;[39m
                        [36m&lt;p[39m
                          [33mclass[39m=[32m&quot;text-sm text-muted-foreground&quot;[39m
                        [36m&gt;[39m
                          [0mAdd secondary keywords and specify page type for more targeted SEO analysis[0m
                        [36m&lt;/p&gt;[39m
                      [36m&lt;/div&gt;[39m
                      [36m&lt;div[39m
                        [33mclass[39m=[32m&quot;flex items-center space-x-2&quot;[39m
                      [36m&gt;[39m
                        [36m&lt;button[39m
                          [33maria-checked[39m=[32m&quot;false&quot;[39m
                          [33mclass[39m=[32m&quot;peer inline-flex h-6 w-11 shrink-0 cursor-pointer items-center rounded-full border-2 border-transparent transition-colors focus-visible:outline-none focus-visible:ring-2 focus-visible:ring-ring focus-visible:ring-offset-2 focus-visible:ring-offset-background disabled:cursor-not-allowed disabled:opacity-50 data-[state=checked]:bg-primary data-[state=unchecked]:bg-input&quot;[39m
                          [33mdata-state[39m=[32m&quot;unchecked&quot;[39m
                          [33mrole[39m=[32m&quot;switch&quot;[39m
                          [33mtype[39m=[32m&quot;button&quot;[39m
                          [33mvalue[39m=[32m&quot;on&quot;[39m
                        [36m&gt;[39m
                          [36m&lt;span[39m
                            [33mclass[39m=[32m&quot;pointer-events-none block h-5 w-5 rounded-full bg-background shadow-lg ring-0 transition-transform data-[state=checked]:translate-x-5 data-[state=unchecked]:translate-x-0&quot;[39m
                            [33mdata-state[39m=[32m&quot;unchecked&quot;[39m
                          [36m/&gt;[39m
                        [36m&lt;/button&gt;[39m
                        [36m&lt;input[39m
                          [33maria-hidden[39m=[32m&quot;true&quot;[39m
                          [33mstyle[39m=[32m&quot;transform: translateX(-100%); width: 200px; height: 100px&quot;[39m
                          [33mtabindex[39m=[32m&quot;-1&quot;[39m
                          [33mtype[39m=[32m&quot;checkbox&quot;[39m
                          [33mvalue[39m=[32m&quot;on&quot;[39m
                        [36m/&gt;[39m
                        [36m&lt;span[39m
                          [33mclass[39m=[32m&quot;text-sm&quot;[39m
                        [36m&gt;[39m
                          [0mOff[0m
                        [36m&lt;/span&gt;[39m
                      [36m&lt;/div&gt;[39m
                    [36m&lt;/div&gt;[39m
                  [36m&lt;/div&gt;[39m
                  [36m&lt;div[39m
                    [33mclass[39m=[32m&quot;w-full pt-2&quot;[39m
                  [36m&gt;[39m
                    [36m&lt;button[39m
                      [33mclass[39m=[32m&quot;inline-flex items-center justify-center gap-2 whitespace-nowrap rounded-md text-sm font-medium ring-offset-background transition-colors focus-visible:outline-none focus-visible:ring-2 focus-visible:ring-ring focus-visible:ring-offset-2 disabled:pointer-events-none disabled:opacity-50 [&amp;_svg]:pointer-events-none [&amp;_svg]:size-4 [&amp;_svg]:..." type="TestingLibraryElementError">
TestingLibraryElementError: Unable to find role=&quot;combobox&quot;

Ignored nodes: comments, script, style
&lt;body&gt;
  &lt;div&gt;
    &lt;div
      class=&quot;min-h-screen bg-background p-4 md:p-6 flex flex-col&quot;
      style=&quot;color: #FFFFFF&quot;
    &gt;
      &lt;div
        class=&quot;mx-auto w-full max-w-3xl space-y-6 flex-grow&quot;
      &gt;
        &lt;div
          class=&quot;w-full&quot;
        &gt;
          &lt;div
            class=&quot;rounded-lg border bg-background2 text-card-foreground shadow-sm w-full&quot;
          &gt;
            &lt;div
              class=&quot;flex flex-col space-y-1.5 p-6&quot;
            &gt;
              &lt;h3
                class=&quot;text-2xl font-semibold leading-none tracking-tight text-center&quot;
              &gt;
                SEO Analysis Tool
              &lt;/h3&gt;
            &lt;/div&gt;
            &lt;div
              class=&quot;p-6 pt-0&quot;
            &gt;
              &lt;form
                class=&quot;space-y-5 w-full&quot;
              &gt;
                &lt;div
                  class=&quot;space-y-2 w-full&quot;
                &gt;
                  &lt;div
                    class=&quot;flex justify-between items-center mb-1&quot;
                  &gt;
                    &lt;label
                      class=&quot;text-sm font-medium leading-none peer-disabled:cursor-not-allowed peer-disabled:opacity-70 mb-0&quot;
                      for=&quot;«r2o»-form-item&quot;
                    &gt;
                      Target keyphrase
                    &lt;/label&gt;
                    &lt;span
                      class=&quot;text-xs font-medium&quot;
                      style=&quot;color: var(--redText)&quot;
                    &gt;
                      No keyword saved
                    &lt;/span&gt;
                  &lt;/div&gt;
                  &lt;div
                    aria-describedby=&quot;«r2o»-form-item-description&quot;
                    aria-invalid=&quot;false&quot;
                    class=&quot;mt-2 w-full mt-2&quot;
                    id=&quot;«r2o»-form-item&quot;
                  &gt;
                    &lt;input
                      class=&quot;flex h-10 rounded-md border border-input bg-background px-3 py-2 text-sm ring-offset-background file:border-0 file:bg-transparent file:text-sm file:font-medium file:text-foreground placeholder:text-muted-foreground focus-visible:outline-none focus-visible:ring-2 focus-visible:ring-ring focus-visible:ring-offset-2 disabled:cursor-not-allowed disabled:opacity-50 w-full&quot;
                      name=&quot;keyphrase&quot;
                      placeholder=&quot;Enter your target keyphrase&quot;
                      value=&quot;&quot;
                    /&gt;
                  &lt;/div&gt;
                &lt;/div&gt;
                &lt;div
                  class=&quot;border-t pt-4 mt-4&quot;
                &gt;
                  &lt;div
                    class=&quot;flex items-center justify-between mb-4&quot;
                  &gt;
                    &lt;div&gt;
                      &lt;h3
                        class=&quot;text-lg font-semibold&quot;
                      &gt;
                        Advanced Analysis
                      &lt;/h3&gt;
                      &lt;p
                        class=&quot;text-sm text-muted-foreground&quot;
                      &gt;
                        Add secondary keywords and specify page type for more targeted SEO analysis
                      &lt;/p&gt;
                    &lt;/div&gt;
                    &lt;div
                      class=&quot;flex items-center space-x-2&quot;
                    &gt;
                      &lt;button
                        aria-checked=&quot;false&quot;
                        class=&quot;peer inline-flex h-6 w-11 shrink-0 cursor-pointer items-center rounded-full border-2 border-transparent transition-colors focus-visible:outline-none focus-visible:ring-2 focus-visible:ring-ring focus-visible:ring-offset-2 focus-visible:ring-offset-background disabled:cursor-not-allowed disabled:opacity-50 data-[state=checked]:bg-primary data-[state=unchecked]:bg-input&quot;
                        data-state=&quot;unchecked&quot;
                        role=&quot;switch&quot;
                        type=&quot;button&quot;
                        value=&quot;on&quot;
                      &gt;
                        &lt;span
                          class=&quot;pointer-events-none block h-5 w-5 rounded-full bg-background shadow-lg ring-0 transition-transform data-[state=checked]:translate-x-5 data-[state=unchecked]:translate-x-0&quot;
                          data-state=&quot;unchecked&quot;
                        /&gt;
                      &lt;/button&gt;
                      &lt;input
                        aria-hidden=&quot;true&quot;
                        style=&quot;transform: translateX(-100%); width: 200px; height: 100px&quot;
                        tabindex=&quot;-1&quot;
                        type=&quot;checkbox&quot;
                        value=&quot;on&quot;
                      /&gt;
                      &lt;span
                        class=&quot;text-sm&quot;
                      &gt;
                        Off
                      &lt;/span&gt;
                    &lt;/div&gt;
                  &lt;/div&gt;
                &lt;/div&gt;
                &lt;div
                  class=&quot;w-full pt-2&quot;
                &gt;
                  &lt;button
                    class=&quot;inline-flex items-center justify-center gap-2 whitespace-nowrap rounded-md text-sm font-medium ring-offset-background transition-colors focus-visible:outline-none focus-visible:ring-2 focus-visible:ring-ring focus-visible:ring-offset-2 disabled:pointer-events-none disabled:opacity-50 [&amp;_svg]:pointer-events-none [&amp;_svg]:size-4 [&amp;_svg]:shrink-0 [&amp;_svg]:text-current bg-primary text-primary-foreground hover:bg-primary/90 px-4 py-2 w-full h-11 cursor-pointer&quot;
                    type=&quot;submit&quot;
                  &gt;
                    Start optimizing your SEO
      ...

Ignored nodes: comments, script, style
&lt;html&gt;
  &lt;head /&gt;
  &lt;body&gt;
    &lt;div&gt;
      &lt;div
        class=&quot;min-h-screen bg-background p-4 md:p-6 flex flex-col&quot;
        style=&quot;color: #FFFFFF&quot;
      &gt;
        &lt;div
          class=&quot;mx-auto w-full max-w-3xl space-y-6 flex-grow&quot;
        &gt;
          &lt;div
            class=&quot;w-full&quot;
          &gt;
            &lt;div
              class=&quot;rounded-lg border bg-background2 text-card-foreground shadow-sm w-full&quot;
            &gt;
              &lt;div
                class=&quot;flex flex-col space-y-1.5 p-6&quot;
              &gt;
                &lt;h3
                  class=&quot;text-2xl font-semibold leading-none tracking-tight text-center&quot;
                &gt;
                  SEO Analysis Tool
                &lt;/h3&gt;
              &lt;/div&gt;
              &lt;div
                class=&quot;p-6 pt-0&quot;
              &gt;
                &lt;form
                  class=&quot;space-y-5 w-full&quot;
                &gt;
                  &lt;div
                    class=&quot;space-y-2 w-full&quot;
                  &gt;
                    &lt;div
                      class=&quot;flex justify-between items-center mb-1&quot;
                    &gt;
                      &lt;label
                        class=&quot;text-sm font-medium leading-none peer-disabled:cursor-not-allowed peer-disabled:opacity-70 mb-0&quot;
                        for=&quot;«r2o»-form-item&quot;
                      &gt;
                        Target keyphrase
                      &lt;/label&gt;
                      &lt;span
                        class=&quot;text-xs font-medium&quot;
                        style=&quot;color: var(--redText)&quot;
                      &gt;
                        No keyword saved
                      &lt;/span&gt;
                    &lt;/div&gt;
                    &lt;div
                      aria-describedby=&quot;«r2o»-form-item-description&quot;
                      aria-invalid=&quot;false&quot;
                      class=&quot;mt-2 w-full mt-2&quot;
                      id=&quot;«r2o»-form-item&quot;
                    &gt;
                      &lt;input
                        class=&quot;flex h-10 rounded-md border border-input bg-background px-3 py-2 text-sm ring-offset-background file:border-0 file:bg-transparent file:text-sm file:font-medium file:text-foreground placeholder:text-muted-foreground focus-visible:outline-none focus-visible:ring-2 focus-visible:ring-ring focus-visible:ring-offset-2 disabled:cursor-not-allowed disabled:opacity-50 w-full&quot;
                        name=&quot;keyphrase&quot;
                        placeholder=&quot;Enter your target keyphrase&quot;
                        value=&quot;&quot;
                      /&gt;
                    &lt;/div&gt;
                  &lt;/div&gt;
                  &lt;div
                    class=&quot;border-t pt-4 mt-4&quot;
                  &gt;
                    &lt;div
                      class=&quot;flex items-center justify-between mb-4&quot;
                    &gt;
                      &lt;div&gt;
                        &lt;h3
                          class=&quot;text-lg font-semibold&quot;
                        &gt;
                          Advanced Analysis
                        &lt;/h3&gt;
                        &lt;p
                          class=&quot;text-sm text-muted-foreground&quot;
                        &gt;
                          Add secondary keywords and specify page type for more targeted SEO analysis
                        &lt;/p&gt;
                      &lt;/div&gt;
                      &lt;div
                        class=&quot;flex items-center space-x-2&quot;
                      &gt;
                        &lt;button
                          aria-checked=&quot;false&quot;
                          class=&quot;peer inline-flex h-6 w-11 shrink-0 cursor-pointer items-center rounded-full border-2 border-transparent transition-colors focus-visible:outline-none focus-visible:ring-2 focus-visible:ring-ring focus-visible:ring-offset-2 focus-visible:ring-offset-background disabled:cursor-not-allowed disabled:opacity-50 data-[state=checked]:bg-primary data-[state=unchecked]:bg-input&quot;
                          data-state=&quot;unchecked&quot;
                          role=&quot;switch&quot;
                          type=&quot;button&quot;
                          value=&quot;on&quot;
                        &gt;
                          &lt;span
                            class=&quot;pointer-events-none block h-5 w-5 rounded-full bg-background shadow-lg ring-0 transition-transform data-[state=checked]:translate-x-5 data-[state=unchecked]:translate-x-0&quot;
                            data-state=&quot;unchecked&quot;
                          /&gt;
                        &lt;/button&gt;
                        &lt;input
                          aria-hidden=&quot;true&quot;
                          style=&quot;transform: translateX(-100%); width: 200px; height: 100px&quot;
                          tabindex=&quot;-1&quot;
                          type=&quot;checkbox&quot;
                          value=&quot;on&quot;
                        /&gt;
                        &lt;span
                          class=&quot;text-sm&quot;
                        &gt;
                          Off
                        &lt;/span&gt;
                      &lt;/div&gt;
                    &lt;/div&gt;
                  &lt;/div&gt;
                  &lt;div
                    class=&quot;w-full pt-2&quot;
                  &gt;
                    &lt;button
                      class=&quot;inline-flex items-center justify-center gap-2 whitespace-nowrap rounded-md text-sm font-medium ring-offset-background transition-colors focus-visible:outline-none focus-visible:ring-2 focus-visible:ring-ring focus-visible:ring-offset-2 disabled:pointer-events-none disabled:opacity-50 [&amp;_svg]:pointer-events-none [&amp;_svg]:size-4 [&amp;_svg]:...
 ❯ Proxy.waitFor node_modules/.pnpm/@testing-library+dom@10.4.1/node_modules/@testing-library/dom/dist/wait-for.js:163:27
 ❯ client/src/pages/Home.test.tsx:1180:13
            </failure>
        </testcase>
        <testcase classname="client/src/pages/Home.test.tsx" name="Home Component - Additional Coverage &gt; Advanced Options Persistent Settings &gt; should show correct save status when settings are restored" time="5.0836616">
            <system-out>
[InsertionContext] No OAuth token available - will use Designer Extension APIs directly
[WebflowInsertion] Webflow Designer context detected
[WebflowDesignerDetection] === WEBFLOW API INSPECTION ===
[WebflowDesignerDetection] typeof window.webflow: object
[WebflowDesignerDetection] window.webflow: {
  getCurrentPage: [Function: spy] {
    getMockName: [36m[Function (anonymous)][39m,
    mockName: [36m[Function (anonymous)][39m,
    mockClear: [36m[Function (anonymous)][39m,
    mockReset: [36m[Function (anonymous)][39m,
    mockRestore: [36m[Function (anonymous)][39m,
    getMockImplementation: [36m[Function (anonymous)][39m,
    mockImplementation: [36m[Function (anonymous)][39m,
    mockImplementationOnce: [36m[Function (anonymous)][39m,
    withImplementation: [36m[Function: withImplementation][39m,
    mockReturnThis: [36m[Function (anonymous)][39m,
    mockReturnValue: [36m[Function (anonymous)][39m,
    mockReturnValueOnce: [36m[Function (anonymous)][39m,
    mockResolvedValue: [36m[Function (anonymous)][39m,
    mockResolvedValueOnce: [36m[Function (anonymous)][39m,
    mockRejectedValue: [36m[Function (anonymous)][39m,
    mockRejectedValueOnce: [36m[Function (anonymous)][39m,
    [[32mSymbol(nodejs.dispose)[39m]: [36m[Function (anonymous)][39m
  },
  getSiteInfo: [Function: spy] {
    getMockName: [36m[Function (anonymous)][39m,
    mockName: [36m[Function (anonymous)][39m,
    mockClear: [36m[Function (anonymous)][39m,
    mockReset: [36m[Function (anonymous)][39m,
    mockRestore: [36m[Function (anonymous)][39m,
    getMockImplementation: [36m[Function (anonymous)][39m,
    mockImplementation: [36m[Function (anonymous)][39m,
    mockImplementationOnce: [36m[Function (anonymous)][39m,
    withImplementation: [36m[Function: withImplementation][39m,
    mockReturnThis: [36m[Function (anonymous)][39m,
    mockReturnValue: [36m[Function (anonymous)][39m,
    mockReturnValueOnce: [36m[Function (anonymous)][39m,
    mockResolvedValue: [36m[Function (anonymous)][39m,
    mockResolvedValueOnce: [36m[Function (anonymous)][39m,
    mockRejectedValue: [36m[Function (anonymous)][39m,
    mockRejectedValueOnce: [36m[Function (anonymous)][39m,
    [[32mSymbol(nodejs.dispose)[39m]: [36m[Function (anonymous)][39m
  },
  subscribe: [Function: spy] {
    getMockName: [36m[Function (anonymous)][39m,
    mockName: [36m[Function (anonymous)][39m,
    mockClear: [36m[Function (anonymous)][39m,
    mockReset: [36m[Function (anonymous)][39m,
    mockRestore: [36m[Function (anonymous)][39m,
    getMockImplementation: [36m[Function (anonymous)][39m,
    mockImplementation: [36m[Function (anonymous)][39m,
    mockImplementationOnce: [36m[Function (anonymous)][39m,
    withImplementation: [36m[Function: withImplementation][39m,
    mockReturnThis: [36m[Function (anonymous)][39m,
    mockReturnValue: [36m[Function (anonymous)][39m,
    mockReturnValueOnce: [36m[Function (anonymous)][39m,
    mockResolvedValue: [36m[Function (anonymous)][39m,
    mockResolvedValueOnce: [36m[Function (anonymous)][39m,
    mockRejectedValue: [36m[Function (anonymous)][39m,
    mockRejectedValueOnce: [36m[Function (anonymous)][39m,
    [[32mSymbol(nodejs.dispose)[39m]: [36m[Function (anonymous)][39m
  }
}
[WebflowDesignerDetection] Available webflow properties: [ [32m&apos;getCurrentPage&apos;[39m, [32m&apos;getSiteInfo&apos;[39m, [32m&apos;subscribe&apos;[39m ]
[WebflowDesignerDetection] Available webflow methods: [ [32m&apos;getCurrentPage&apos;[39m, [32m&apos;getSiteInfo&apos;[39m, [32m&apos;subscribe&apos;[39m ]
[WebflowDesignerDetection] Method &apos;getCurrentPage&apos;: {
  type: [32m&apos;function&apos;[39m,
  length: [33m0[39m,
  name: [32m&apos;spy&apos;[39m,
  toString: [32m&apos;function(...args) {\n&apos;[39m +
    [32m&apos;    let state2 = getInternalState(fn);\n&apos;[39m +
    [32m&apos;    state2.called = !0, state2.callCount++, state2.calls.push(args);\n&apos;[39m +
    [32m&apos;    let next = state2.next.shift();\n&apos;[39m +
    [32m&apos;    if (next) {\n&apos;[39m +
    [32m&apos;      state2.results...&apos;[39m
}
[WebflowDesignerDetection] Method &apos;getSiteInfo&apos;: {
  type: [32m&apos;function&apos;[39m,
  length: [33m0[39m,
  name: [32m&apos;spy&apos;[39m,
  toString: [32m&apos;function(...args) {\n&apos;[39m +
    [32m&apos;    let state2 = getInternalState(fn);\n&apos;[39m +
    [32m&apos;    state2.called = !0, state2.callCount++, state2.calls.push(args);\n&apos;[39m +
    [32m&apos;    let next = state2.next.shift();\n&apos;[39m +
    [32m&apos;    if (next) {\n&apos;[39m +
    [32m&apos;      state2.results...&apos;[39m
}
[WebflowDesignerDetection] Method &apos;subscribe&apos;: {
  type: [32m&apos;function&apos;[39m,
  length: [33m0[39m,
  name: [32m&apos;spy&apos;[39m,
  toString: [32m&apos;function(...args) {\n&apos;[39m +
    [32m&apos;    let state2 = getInternalState(fn);\n&apos;[39m +
    [32m&apos;    state2.called = !0, state2.callCount++, state2.calls.push(args);\n&apos;[39m +
    [32m&apos;    let next = state2.next.shift();\n&apos;[39m +
    [32m&apos;    if (next) {\n&apos;[39m +
    [32m&apos;      state2.results...&apos;[39m
}
[WebflowDesignerDetection] Prototype methods: [
  [32m&apos;constructor&apos;[39m,
  [32m&apos;__defineGetter__&apos;[39m,
  [32m&apos;__defineSetter__&apos;[39m,
  [32m&apos;hasOwnProperty&apos;[39m,
  [32m&apos;__lookupGetter__&apos;[39m,
  [32m&apos;__lookupSetter__&apos;[39m,
  [32m&apos;isPrototypeOf&apos;[39m,
  [32m&apos;propertyIsEnumerable&apos;[39m,
  [32m&apos;toString&apos;[39m,
  [32m&apos;valueOf&apos;[39m,
  [32m&apos;__proto__&apos;[39m,
  [32m&apos;toLocaleString&apos;[39m
]
[WebflowDesignerAPI] Detected capabilities: {
  canReadPageInfo: [33mtrue[39m,
  canUpdatePageTitle: [33mfalse[39m,
  canUpdatePageMeta: [33mfalse[39m,
  canUpdatePageSlug: [33mfalse[39m,
  canAddCustomCode: [33mfalse[39m,
  canUpdateCMS: [33mfalse[39m,
  canManipulateElements: [33mfalse[39m,
  canSelectElements: [33mfalse[39m,
  hasElementBuilder: [33mfalse[39m,
  availableMethods: [ [32m&apos;getCurrentPage&apos;[39m, [32m&apos;getSiteInfo&apos;[39m, [32m&apos;subscribe&apos;[39m ]
}
[WebflowInsertion] Using Webflow Designer Extension APIs for modifications

[AuthContext] No OAuth token found - Designer Extension will use Designer APIs directly

            </system-out>
            <failure message="Unable to find role=&quot;combobox&quot;

Ignored nodes: comments, script, style
[36m&lt;body&gt;[39m
  [36m&lt;div&gt;[39m
    [36m&lt;div[39m
      [33mclass[39m=[32m&quot;min-h-screen bg-background p-4 md:p-6 flex flex-col&quot;[39m
      [33mstyle[39m=[32m&quot;color: #FFFFFF&quot;[39m
    [36m&gt;[39m
      [36m&lt;div[39m
        [33mclass[39m=[32m&quot;mx-auto w-full max-w-3xl space-y-6 flex-grow&quot;[39m
      [36m&gt;[39m
        [36m&lt;div[39m
          [33mclass[39m=[32m&quot;w-full&quot;[39m
        [36m&gt;[39m
          [36m&lt;div[39m
            [33mclass[39m=[32m&quot;rounded-lg border bg-background2 text-card-foreground shadow-sm w-full&quot;[39m
          [36m&gt;[39m
            [36m&lt;div[39m
              [33mclass[39m=[32m&quot;flex flex-col space-y-1.5 p-6&quot;[39m
            [36m&gt;[39m
              [36m&lt;h3[39m
                [33mclass[39m=[32m&quot;text-2xl font-semibold leading-none tracking-tight text-center&quot;[39m
              [36m&gt;[39m
                [0mSEO Analysis Tool[0m
              [36m&lt;/h3&gt;[39m
            [36m&lt;/div&gt;[39m
            [36m&lt;div[39m
              [33mclass[39m=[32m&quot;p-6 pt-0&quot;[39m
            [36m&gt;[39m
              [36m&lt;form[39m
                [33mclass[39m=[32m&quot;space-y-5 w-full&quot;[39m
              [36m&gt;[39m
                [36m&lt;div[39m
                  [33mclass[39m=[32m&quot;space-y-2 w-full&quot;[39m
                [36m&gt;[39m
                  [36m&lt;div[39m
                    [33mclass[39m=[32m&quot;flex justify-between items-center mb-1&quot;[39m
                  [36m&gt;[39m
                    [36m&lt;label[39m
                      [33mclass[39m=[32m&quot;text-sm font-medium leading-none peer-disabled:cursor-not-allowed peer-disabled:opacity-70 mb-0&quot;[39m
                      [33mfor[39m=[32m&quot;«r2s»-form-item&quot;[39m
                    [36m&gt;[39m
                      [0mTarget keyphrase[0m
                    [36m&lt;/label&gt;[39m
                    [36m&lt;span[39m
                      [33mclass[39m=[32m&quot;text-xs font-medium&quot;[39m
                      [33mstyle[39m=[32m&quot;color: var(--redText)&quot;[39m
                    [36m&gt;[39m
                      [0mNo keyword saved[0m
                    [36m&lt;/span&gt;[39m
                  [36m&lt;/div&gt;[39m
                  [36m&lt;div[39m
                    [33maria-describedby[39m=[32m&quot;«r2s»-form-item-description&quot;[39m
                    [33maria-invalid[39m=[32m&quot;false&quot;[39m
                    [33mclass[39m=[32m&quot;mt-2 w-full mt-2&quot;[39m
                    [33mid[39m=[32m&quot;«r2s»-form-item&quot;[39m
                  [36m&gt;[39m
                    [36m&lt;input[39m
                      [33mclass[39m=[32m&quot;flex h-10 rounded-md border border-input bg-background px-3 py-2 text-sm ring-offset-background file:border-0 file:bg-transparent file:text-sm file:font-medium file:text-foreground placeholder:text-muted-foreground focus-visible:outline-none focus-visible:ring-2 focus-visible:ring-ring focus-visible:ring-offset-2 disabled:cursor-not-allowed disabled:opacity-50 w-full&quot;[39m
                      [33mname[39m=[32m&quot;keyphrase&quot;[39m
                      [33mplaceholder[39m=[32m&quot;Enter your target keyphrase&quot;[39m
                      [33mvalue[39m=[32m&quot;&quot;[39m
                    [36m/&gt;[39m
                  [36m&lt;/div&gt;[39m
                [36m&lt;/div&gt;[39m
                [36m&lt;div[39m
                  [33mclass[39m=[32m&quot;border-t pt-4 mt-4&quot;[39m
                [36m&gt;[39m
                  [36m&lt;div[39m
                    [33mclass[39m=[32m&quot;flex items-center justify-between mb-4&quot;[39m
                  [36m&gt;[39m
                    [36m&lt;div&gt;[39m
                      [36m&lt;h3[39m
                        [33mclass[39m=[32m&quot;text-lg font-semibold&quot;[39m
                      [36m&gt;[39m
                        [0mAdvanced Analysis[0m
                      [36m&lt;/h3&gt;[39m
                      [36m&lt;p[39m
                        [33mclass[39m=[32m&quot;text-sm text-muted-foreground&quot;[39m
                      [36m&gt;[39m
                        [0mAdd secondary keywords and specify page type for more targeted SEO analysis[0m
                      [36m&lt;/p&gt;[39m
                    [36m&lt;/div&gt;[39m
                    [36m&lt;div[39m
                      [33mclass[39m=[32m&quot;flex items-center space-x-2&quot;[39m
                    [36m&gt;[39m
                      [36m&lt;button[39m
                        [33maria-checked[39m=[32m&quot;false&quot;[39m
                        [33mclass[39m=[32m&quot;peer inline-flex h-6 w-11 shrink-0 cursor-pointer items-center rounded-full border-2 border-transparent transition-colors focus-visible:outline-none focus-visible:ring-2 focus-visible:ring-ring focus-visible:ring-offset-2 focus-visible:ring-offset-background disabled:cursor-not-allowed disabled:opacity-50 data-[state=checked]:bg-primary data-[state=unchecked]:bg-input&quot;[39m
                        [33mdata-state[39m=[32m&quot;unchecked&quot;[39m
                        [33mrole[39m=[32m&quot;switch&quot;[39m
                        [33mtype[39m=[32m&quot;button&quot;[39m
                        [33mvalue[39m=[32m&quot;on&quot;[39m
                      [36m&gt;[39m
                        [36m&lt;span[39m
                          [33mclass[39m=[32m&quot;pointer-events-none block h-5 w-5 rounded-full bg-background shadow-lg ring-0 transition-transform data-[state=checked]:translate-x-5 data-[state=unchecked]:translate-x-0&quot;[39m
                          [33mdata-state[39m=[32m&quot;unchecked&quot;[39m
                        [36m/&gt;[39m
                      [36m&lt;/button&gt;[39m
                      [36m&lt;input[39m
                        [33maria-hidden[39m=[32m&quot;true&quot;[39m
                        [33mstyle[39m=[32m&quot;transform: translateX(-100%); width: 200px; height: 100px&quot;[39m
                        [33mtabindex[39m=[32m&quot;-1&quot;[39m
                        [33mtype[39m=[32m&quot;checkbox&quot;[39m
                        [33mvalue[39m=[32m&quot;on&quot;[39m
                      [36m/&gt;[39m
                      [36m&lt;span[39m
                        [33mclass[39m=[32m&quot;text-sm&quot;[39m
                      [36m&gt;[39m
                        [0mOff[0m
                      [36m&lt;/span&gt;[39m
                    [36m&lt;/div&gt;[39m
                  [36m&lt;/div&gt;[39m
                [36m&lt;/div&gt;[39m
                [36m&lt;div[39m
                  [33mclass[39m=[32m&quot;w-full pt-2&quot;[39m
                [36m&gt;[39m
                  [36m&lt;button[39m
                    [33mclass[39m=[32m&quot;inline-flex items-center justify-center gap-2 whitespace-nowrap rounded-md text-sm font-medium ring-offset-background transition-colors focus-visible:outline-none focus-visible:ring-2 focus-visible:ring-ring focus-visible:ring-offset-2 disabled:pointer-events-none disabled:opacity-50 [&amp;_svg]:pointer-events-none [&amp;_svg]:size-4 [&amp;_svg]:shrink-0 [&amp;_svg]:text-current bg-primary text-primary-foreground hover:bg-primary/90 px-4 py-2 w-full h-11 cursor-pointer&quot;[39m
                    [33mtype[39m=[32m&quot;submit&quot;[39m
                  [36m&gt;[39m
                    [0mStart optimizing your SEO[0m
      ...

Ignored nodes: comments, script, style
[36m&lt;html&gt;[39m
  [36m&lt;head /&gt;[39m
  [36m&lt;body&gt;[39m
    [36m&lt;div&gt;[39m
      [36m&lt;div[39m
        [33mclass[39m=[32m&quot;min-h-screen bg-background p-4 md:p-6 flex flex-col&quot;[39m
        [33mstyle[39m=[32m&quot;color: #FFFFFF&quot;[39m
      [36m&gt;[39m
        [36m&lt;div[39m
          [33mclass[39m=[32m&quot;mx-auto w-full max-w-3xl space-y-6 flex-grow&quot;[39m
        [36m&gt;[39m
          [36m&lt;div[39m
            [33mclass[39m=[32m&quot;w-full&quot;[39m
          [36m&gt;[39m
            [36m&lt;div[39m
              [33mclass[39m=[32m&quot;rounded-lg border bg-background2 text-card-foreground shadow-sm w-full&quot;[39m
            [36m&gt;[39m
              [36m&lt;div[39m
                [33mclass[39m=[32m&quot;flex flex-col space-y-1.5 p-6&quot;[39m
              [36m&gt;[39m
                [36m&lt;h3[39m
                  [33mclass[39m=[32m&quot;text-2xl font-semibold leading-none tracking-tight text-center&quot;[39m
                [36m&gt;[39m
                  [0mSEO Analysis Tool[0m
                [36m&lt;/h3&gt;[39m
              [36m&lt;/div&gt;[39m
              [36m&lt;div[39m
                [33mclass[39m=[32m&quot;p-6 pt-0&quot;[39m
              [36m&gt;[39m
                [36m&lt;form[39m
                  [33mclass[39m=[32m&quot;space-y-5 w-full&quot;[39m
                [36m&gt;[39m
                  [36m&lt;div[39m
                    [33mclass[39m=[32m&quot;space-y-2 w-full&quot;[39m
                  [36m&gt;[39m
                    [36m&lt;div[39m
                      [33mclass[39m=[32m&quot;flex justify-between items-center mb-1&quot;[39m
                    [36m&gt;[39m
                      [36m&lt;label[39m
                        [33mclass[39m=[32m&quot;text-sm font-medium leading-none peer-disabled:cursor-not-allowed peer-disabled:opacity-70 mb-0&quot;[39m
                        [33mfor[39m=[32m&quot;«r2s»-form-item&quot;[39m
                      [36m&gt;[39m
                        [0mTarget keyphrase[0m
                      [36m&lt;/label&gt;[39m
                      [36m&lt;span[39m
                        [33mclass[39m=[32m&quot;text-xs font-medium&quot;[39m
                        [33mstyle[39m=[32m&quot;color: var(--redText)&quot;[39m
                      [36m&gt;[39m
                        [0mNo keyword saved[0m
                      [36m&lt;/span&gt;[39m
                    [36m&lt;/div&gt;[39m
                    [36m&lt;div[39m
                      [33maria-describedby[39m=[32m&quot;«r2s»-form-item-description&quot;[39m
                      [33maria-invalid[39m=[32m&quot;false&quot;[39m
                      [33mclass[39m=[32m&quot;mt-2 w-full mt-2&quot;[39m
                      [33mid[39m=[32m&quot;«r2s»-form-item&quot;[39m
                    [36m&gt;[39m
                      [36m&lt;input[39m
                        [33mclass[39m=[32m&quot;flex h-10 rounded-md border border-input bg-background px-3 py-2 text-sm ring-offset-background file:border-0 file:bg-transparent file:text-sm file:font-medium file:text-foreground placeholder:text-muted-foreground focus-visible:outline-none focus-visible:ring-2 focus-visible:ring-ring focus-visible:ring-offset-2 disabled:cursor-not-allowed disabled:opacity-50 w-full&quot;[39m
                        [33mname[39m=[32m&quot;keyphrase&quot;[39m
                        [33mplaceholder[39m=[32m&quot;Enter your target keyphrase&quot;[39m
                        [33mvalue[39m=[32m&quot;&quot;[39m
                      [36m/&gt;[39m
                    [36m&lt;/div&gt;[39m
                  [36m&lt;/div&gt;[39m
                  [36m&lt;div[39m
                    [33mclass[39m=[32m&quot;border-t pt-4 mt-4&quot;[39m
                  [36m&gt;[39m
                    [36m&lt;div[39m
                      [33mclass[39m=[32m&quot;flex items-center justify-between mb-4&quot;[39m
                    [36m&gt;[39m
                      [36m&lt;div&gt;[39m
                        [36m&lt;h3[39m
                          [33mclass[39m=[32m&quot;text-lg font-semibold&quot;[39m
                        [36m&gt;[39m
                          [0mAdvanced Analysis[0m
                        [36m&lt;/h3&gt;[39m
                        [36m&lt;p[39m
                          [33mclass[39m=[32m&quot;text-sm text-muted-foreground&quot;[39m
                        [36m&gt;[39m
                          [0mAdd secondary keywords and specify page type for more targeted SEO analysis[0m
                        [36m&lt;/p&gt;[39m
                      [36m&lt;/div&gt;[39m
                      [36m&lt;div[39m
                        [33mclass[39m=[32m&quot;flex items-center space-x-2&quot;[39m
                      [36m&gt;[39m
                        [36m&lt;button[39m
                          [33maria-checked[39m=[32m&quot;false&quot;[39m
                          [33mclass[39m=[32m&quot;peer inline-flex h-6 w-11 shrink-0 cursor-pointer items-center rounded-full border-2 border-transparent transition-colors focus-visible:outline-none focus-visible:ring-2 focus-visible:ring-ring focus-visible:ring-offset-2 focus-visible:ring-offset-background disabled:cursor-not-allowed disabled:opacity-50 data-[state=checked]:bg-primary data-[state=unchecked]:bg-input&quot;[39m
                          [33mdata-state[39m=[32m&quot;unchecked&quot;[39m
                          [33mrole[39m=[32m&quot;switch&quot;[39m
                          [33mtype[39m=[32m&quot;button&quot;[39m
                          [33mvalue[39m=[32m&quot;on&quot;[39m
                        [36m&gt;[39m
                          [36m&lt;span[39m
                            [33mclass[39m=[32m&quot;pointer-events-none block h-5 w-5 rounded-full bg-background shadow-lg ring-0 transition-transform data-[state=checked]:translate-x-5 data-[state=unchecked]:translate-x-0&quot;[39m
                            [33mdata-state[39m=[32m&quot;unchecked&quot;[39m
                          [36m/&gt;[39m
                        [36m&lt;/button&gt;[39m
                        [36m&lt;input[39m
                          [33maria-hidden[39m=[32m&quot;true&quot;[39m
                          [33mstyle[39m=[32m&quot;transform: translateX(-100%); width: 200px; height: 100px&quot;[39m
                          [33mtabindex[39m=[32m&quot;-1&quot;[39m
                          [33mtype[39m=[32m&quot;checkbox&quot;[39m
                          [33mvalue[39m=[32m&quot;on&quot;[39m
                        [36m/&gt;[39m
                        [36m&lt;span[39m
                          [33mclass[39m=[32m&quot;text-sm&quot;[39m
                        [36m&gt;[39m
                          [0mOff[0m
                        [36m&lt;/span&gt;[39m
                      [36m&lt;/div&gt;[39m
                    [36m&lt;/div&gt;[39m
                  [36m&lt;/div&gt;[39m
                  [36m&lt;div[39m
                    [33mclass[39m=[32m&quot;w-full pt-2&quot;[39m
                  [36m&gt;[39m
                    [36m&lt;button[39m
                      [33mclass[39m=[32m&quot;inline-flex items-center justify-center gap-2 whitespace-nowrap rounded-md text-sm font-medium ring-offset-background transition-colors focus-visible:outline-none focus-visible:ring-2 focus-visible:ring-ring focus-visible:ring-offset-2 disabled:pointer-events-none disabled:opacity-50 [&amp;_svg]:pointer-events-none [&amp;_svg]:size-4 [&amp;_svg]:..." type="TestingLibraryElementError">
TestingLibraryElementError: Unable to find role=&quot;combobox&quot;

Ignored nodes: comments, script, style
&lt;body&gt;
  &lt;div&gt;
    &lt;div
      class=&quot;min-h-screen bg-background p-4 md:p-6 flex flex-col&quot;
      style=&quot;color: #FFFFFF&quot;
    &gt;
      &lt;div
        class=&quot;mx-auto w-full max-w-3xl space-y-6 flex-grow&quot;
      &gt;
        &lt;div
          class=&quot;w-full&quot;
        &gt;
          &lt;div
            class=&quot;rounded-lg border bg-background2 text-card-foreground shadow-sm w-full&quot;
          &gt;
            &lt;div
              class=&quot;flex flex-col space-y-1.5 p-6&quot;
            &gt;
              &lt;h3
                class=&quot;text-2xl font-semibold leading-none tracking-tight text-center&quot;
              &gt;
                SEO Analysis Tool
              &lt;/h3&gt;
            &lt;/div&gt;
            &lt;div
              class=&quot;p-6 pt-0&quot;
            &gt;
              &lt;form
                class=&quot;space-y-5 w-full&quot;
              &gt;
                &lt;div
                  class=&quot;space-y-2 w-full&quot;
                &gt;
                  &lt;div
                    class=&quot;flex justify-between items-center mb-1&quot;
                  &gt;
                    &lt;label
                      class=&quot;text-sm font-medium leading-none peer-disabled:cursor-not-allowed peer-disabled:opacity-70 mb-0&quot;
                      for=&quot;«r2s»-form-item&quot;
                    &gt;
                      Target keyphrase
                    &lt;/label&gt;
                    &lt;span
                      class=&quot;text-xs font-medium&quot;
                      style=&quot;color: var(--redText)&quot;
                    &gt;
                      No keyword saved
                    &lt;/span&gt;
                  &lt;/div&gt;
                  &lt;div
                    aria-describedby=&quot;«r2s»-form-item-description&quot;
                    aria-invalid=&quot;false&quot;
                    class=&quot;mt-2 w-full mt-2&quot;
                    id=&quot;«r2s»-form-item&quot;
                  &gt;
                    &lt;input
                      class=&quot;flex h-10 rounded-md border border-input bg-background px-3 py-2 text-sm ring-offset-background file:border-0 file:bg-transparent file:text-sm file:font-medium file:text-foreground placeholder:text-muted-foreground focus-visible:outline-none focus-visible:ring-2 focus-visible:ring-ring focus-visible:ring-offset-2 disabled:cursor-not-allowed disabled:opacity-50 w-full&quot;
                      name=&quot;keyphrase&quot;
                      placeholder=&quot;Enter your target keyphrase&quot;
                      value=&quot;&quot;
                    /&gt;
                  &lt;/div&gt;
                &lt;/div&gt;
                &lt;div
                  class=&quot;border-t pt-4 mt-4&quot;
                &gt;
                  &lt;div
                    class=&quot;flex items-center justify-between mb-4&quot;
                  &gt;
                    &lt;div&gt;
                      &lt;h3
                        class=&quot;text-lg font-semibold&quot;
                      &gt;
                        Advanced Analysis
                      &lt;/h3&gt;
                      &lt;p
                        class=&quot;text-sm text-muted-foreground&quot;
                      &gt;
                        Add secondary keywords and specify page type for more targeted SEO analysis
                      &lt;/p&gt;
                    &lt;/div&gt;
                    &lt;div
                      class=&quot;flex items-center space-x-2&quot;
                    &gt;
                      &lt;button
                        aria-checked=&quot;false&quot;
                        class=&quot;peer inline-flex h-6 w-11 shrink-0 cursor-pointer items-center rounded-full border-2 border-transparent transition-colors focus-visible:outline-none focus-visible:ring-2 focus-visible:ring-ring focus-visible:ring-offset-2 focus-visible:ring-offset-background disabled:cursor-not-allowed disabled:opacity-50 data-[state=checked]:bg-primary data-[state=unchecked]:bg-input&quot;
                        data-state=&quot;unchecked&quot;
                        role=&quot;switch&quot;
                        type=&quot;button&quot;
                        value=&quot;on&quot;
                      &gt;
                        &lt;span
                          class=&quot;pointer-events-none block h-5 w-5 rounded-full bg-background shadow-lg ring-0 transition-transform data-[state=checked]:translate-x-5 data-[state=unchecked]:translate-x-0&quot;
                          data-state=&quot;unchecked&quot;
                        /&gt;
                      &lt;/button&gt;
                      &lt;input
                        aria-hidden=&quot;true&quot;
                        style=&quot;transform: translateX(-100%); width: 200px; height: 100px&quot;
                        tabindex=&quot;-1&quot;
                        type=&quot;checkbox&quot;
                        value=&quot;on&quot;
                      /&gt;
                      &lt;span
                        class=&quot;text-sm&quot;
                      &gt;
                        Off
                      &lt;/span&gt;
                    &lt;/div&gt;
                  &lt;/div&gt;
                &lt;/div&gt;
                &lt;div
                  class=&quot;w-full pt-2&quot;
                &gt;
                  &lt;button
                    class=&quot;inline-flex items-center justify-center gap-2 whitespace-nowrap rounded-md text-sm font-medium ring-offset-background transition-colors focus-visible:outline-none focus-visible:ring-2 focus-visible:ring-ring focus-visible:ring-offset-2 disabled:pointer-events-none disabled:opacity-50 [&amp;_svg]:pointer-events-none [&amp;_svg]:size-4 [&amp;_svg]:shrink-0 [&amp;_svg]:text-current bg-primary text-primary-foreground hover:bg-primary/90 px-4 py-2 w-full h-11 cursor-pointer&quot;
                    type=&quot;submit&quot;
                  &gt;
                    Start optimizing your SEO
      ...

Ignored nodes: comments, script, style
&lt;html&gt;
  &lt;head /&gt;
  &lt;body&gt;
    &lt;div&gt;
      &lt;div
        class=&quot;min-h-screen bg-background p-4 md:p-6 flex flex-col&quot;
        style=&quot;color: #FFFFFF&quot;
      &gt;
        &lt;div
          class=&quot;mx-auto w-full max-w-3xl space-y-6 flex-grow&quot;
        &gt;
          &lt;div
            class=&quot;w-full&quot;
          &gt;
            &lt;div
              class=&quot;rounded-lg border bg-background2 text-card-foreground shadow-sm w-full&quot;
            &gt;
              &lt;div
                class=&quot;flex flex-col space-y-1.5 p-6&quot;
              &gt;
                &lt;h3
                  class=&quot;text-2xl font-semibold leading-none tracking-tight text-center&quot;
                &gt;
                  SEO Analysis Tool
                &lt;/h3&gt;
              &lt;/div&gt;
              &lt;div
                class=&quot;p-6 pt-0&quot;
              &gt;
                &lt;form
                  class=&quot;space-y-5 w-full&quot;
                &gt;
                  &lt;div
                    class=&quot;space-y-2 w-full&quot;
                  &gt;
                    &lt;div
                      class=&quot;flex justify-between items-center mb-1&quot;
                    &gt;
                      &lt;label
                        class=&quot;text-sm font-medium leading-none peer-disabled:cursor-not-allowed peer-disabled:opacity-70 mb-0&quot;
                        for=&quot;«r2s»-form-item&quot;
                      &gt;
                        Target keyphrase
                      &lt;/label&gt;
                      &lt;span
                        class=&quot;text-xs font-medium&quot;
                        style=&quot;color: var(--redText)&quot;
                      &gt;
                        No keyword saved
                      &lt;/span&gt;
                    &lt;/div&gt;
                    &lt;div
                      aria-describedby=&quot;«r2s»-form-item-description&quot;
                      aria-invalid=&quot;false&quot;
                      class=&quot;mt-2 w-full mt-2&quot;
                      id=&quot;«r2s»-form-item&quot;
                    &gt;
                      &lt;input
                        class=&quot;flex h-10 rounded-md border border-input bg-background px-3 py-2 text-sm ring-offset-background file:border-0 file:bg-transparent file:text-sm file:font-medium file:text-foreground placeholder:text-muted-foreground focus-visible:outline-none focus-visible:ring-2 focus-visible:ring-ring focus-visible:ring-offset-2 disabled:cursor-not-allowed disabled:opacity-50 w-full&quot;
                        name=&quot;keyphrase&quot;
                        placeholder=&quot;Enter your target keyphrase&quot;
                        value=&quot;&quot;
                      /&gt;
                    &lt;/div&gt;
                  &lt;/div&gt;
                  &lt;div
                    class=&quot;border-t pt-4 mt-4&quot;
                  &gt;
                    &lt;div
                      class=&quot;flex items-center justify-between mb-4&quot;
                    &gt;
                      &lt;div&gt;
                        &lt;h3
                          class=&quot;text-lg font-semibold&quot;
                        &gt;
                          Advanced Analysis
                        &lt;/h3&gt;
                        &lt;p
                          class=&quot;text-sm text-muted-foreground&quot;
                        &gt;
                          Add secondary keywords and specify page type for more targeted SEO analysis
                        &lt;/p&gt;
                      &lt;/div&gt;
                      &lt;div
                        class=&quot;flex items-center space-x-2&quot;
                      &gt;
                        &lt;button
                          aria-checked=&quot;false&quot;
                          class=&quot;peer inline-flex h-6 w-11 shrink-0 cursor-pointer items-center rounded-full border-2 border-transparent transition-colors focus-visible:outline-none focus-visible:ring-2 focus-visible:ring-ring focus-visible:ring-offset-2 focus-visible:ring-offset-background disabled:cursor-not-allowed disabled:opacity-50 data-[state=checked]:bg-primary data-[state=unchecked]:bg-input&quot;
                          data-state=&quot;unchecked&quot;
                          role=&quot;switch&quot;
                          type=&quot;button&quot;
                          value=&quot;on&quot;
                        &gt;
                          &lt;span
                            class=&quot;pointer-events-none block h-5 w-5 rounded-full bg-background shadow-lg ring-0 transition-transform data-[state=checked]:translate-x-5 data-[state=unchecked]:translate-x-0&quot;
                            data-state=&quot;unchecked&quot;
                          /&gt;
                        &lt;/button&gt;
                        &lt;input
                          aria-hidden=&quot;true&quot;
                          style=&quot;transform: translateX(-100%); width: 200px; height: 100px&quot;
                          tabindex=&quot;-1&quot;
                          type=&quot;checkbox&quot;
                          value=&quot;on&quot;
                        /&gt;
                        &lt;span
                          class=&quot;text-sm&quot;
                        &gt;
                          Off
                        &lt;/span&gt;
                      &lt;/div&gt;
                    &lt;/div&gt;
                  &lt;/div&gt;
                  &lt;div
                    class=&quot;w-full pt-2&quot;
                  &gt;
                    &lt;button
                      class=&quot;inline-flex items-center justify-center gap-2 whitespace-nowrap rounded-md text-sm font-medium ring-offset-background transition-colors focus-visible:outline-none focus-visible:ring-2 focus-visible:ring-ring focus-visible:ring-offset-2 disabled:pointer-events-none disabled:opacity-50 [&amp;_svg]:pointer-events-none [&amp;_svg]:size-4 [&amp;_svg]:...
 ❯ Proxy.waitFor node_modules/.pnpm/@testing-library+dom@10.4.1/node_modules/@testing-library/dom/dist/wait-for.js:163:27
 ❯ client/src/pages/Home.test.tsx:1215:13
            </failure>
        </testcase>
        <testcase classname="client/src/pages/Home.test.tsx" name="Home Component - Additional Coverage &gt; Advanced Options Persistent Settings &gt; should automatically enable toggle when saved settings exist" time="5.0416945">
            <system-out>
[InsertionContext] No OAuth token available - will use Designer Extension APIs directly
[WebflowInsertion] Webflow Designer context detected
[WebflowDesignerDetection] === WEBFLOW API INSPECTION ===
[WebflowDesignerDetection] typeof window.webflow: object
[WebflowDesignerDetection] window.webflow: {
  getCurrentPage: [Function: spy] {
    getMockName: [36m[Function (anonymous)][39m,
    mockName: [36m[Function (anonymous)][39m,
    mockClear: [36m[Function (anonymous)][39m,
    mockReset: [36m[Function (anonymous)][39m,
    mockRestore: [36m[Function (anonymous)][39m,
    getMockImplementation: [36m[Function (anonymous)][39m,
    mockImplementation: [36m[Function (anonymous)][39m,
    mockImplementationOnce: [36m[Function (anonymous)][39m,
    withImplementation: [36m[Function: withImplementation][39m,
    mockReturnThis: [36m[Function (anonymous)][39m,
    mockReturnValue: [36m[Function (anonymous)][39m,
    mockReturnValueOnce: [36m[Function (anonymous)][39m,
    mockResolvedValue: [36m[Function (anonymous)][39m,
    mockResolvedValueOnce: [36m[Function (anonymous)][39m,
    mockRejectedValue: [36m[Function (anonymous)][39m,
    mockRejectedValueOnce: [36m[Function (anonymous)][39m,
    [[32mSymbol(nodejs.dispose)[39m]: [36m[Function (anonymous)][39m
  },
  getSiteInfo: [Function: spy] {
    getMockName: [36m[Function (anonymous)][39m,
    mockName: [36m[Function (anonymous)][39m,
    mockClear: [36m[Function (anonymous)][39m,
    mockReset: [36m[Function (anonymous)][39m,
    mockRestore: [36m[Function (anonymous)][39m,
    getMockImplementation: [36m[Function (anonymous)][39m,
    mockImplementation: [36m[Function (anonymous)][39m,
    mockImplementationOnce: [36m[Function (anonymous)][39m,
    withImplementation: [36m[Function: withImplementation][39m,
    mockReturnThis: [36m[Function (anonymous)][39m,
    mockReturnValue: [36m[Function (anonymous)][39m,
    mockReturnValueOnce: [36m[Function (anonymous)][39m,
    mockResolvedValue: [36m[Function (anonymous)][39m,
    mockResolvedValueOnce: [36m[Function (anonymous)][39m,
    mockRejectedValue: [36m[Function (anonymous)][39m,
    mockRejectedValueOnce: [36m[Function (anonymous)][39m,
    [[32mSymbol(nodejs.dispose)[39m]: [36m[Function (anonymous)][39m
  },
  subscribe: [Function: spy] {
    getMockName: [36m[Function (anonymous)][39m,
    mockName: [36m[Function (anonymous)][39m,
    mockClear: [36m[Function (anonymous)][39m,
    mockReset: [36m[Function (anonymous)][39m,
    mockRestore: [36m[Function (anonymous)][39m,
    getMockImplementation: [36m[Function (anonymous)][39m,
    mockImplementation: [36m[Function (anonymous)][39m,
    mockImplementationOnce: [36m[Function (anonymous)][39m,
    withImplementation: [36m[Function: withImplementation][39m,
    mockReturnThis: [36m[Function (anonymous)][39m,
    mockReturnValue: [36m[Function (anonymous)][39m,
    mockReturnValueOnce: [36m[Function (anonymous)][39m,
    mockResolvedValue: [36m[Function (anonymous)][39m,
    mockResolvedValueOnce: [36m[Function (anonymous)][39m,
    mockRejectedValue: [36m[Function (anonymous)][39m,
    mockRejectedValueOnce: [36m[Function (anonymous)][39m,
    [[32mSymbol(nodejs.dispose)[39m]: [36m[Function (anonymous)][39m
  }
}
[WebflowDesignerDetection] Available webflow properties: [ [32m&apos;getCurrentPage&apos;[39m, [32m&apos;getSiteInfo&apos;[39m, [32m&apos;subscribe&apos;[39m ]
[WebflowDesignerDetection] Available webflow methods: [ [32m&apos;getCurrentPage&apos;[39m, [32m&apos;getSiteInfo&apos;[39m, [32m&apos;subscribe&apos;[39m ]
[WebflowDesignerDetection] Method &apos;getCurrentPage&apos;: {
  type: [32m&apos;function&apos;[39m,
  length: [33m0[39m,
  name: [32m&apos;spy&apos;[39m,
  toString: [32m&apos;function(...args) {\n&apos;[39m +
    [32m&apos;    let state2 = getInternalState(fn);\n&apos;[39m +
    [32m&apos;    state2.called = !0, state2.callCount++, state2.calls.push(args);\n&apos;[39m +
    [32m&apos;    let next = state2.next.shift();\n&apos;[39m +
    [32m&apos;    if (next) {\n&apos;[39m +
    [32m&apos;      state2.results...&apos;[39m
}
[WebflowDesignerDetection] Method &apos;getSiteInfo&apos;: {
  type: [32m&apos;function&apos;[39m,
  length: [33m0[39m,
  name: [32m&apos;spy&apos;[39m,
  toString: [32m&apos;function(...args) {\n&apos;[39m +
    [32m&apos;    let state2 = getInternalState(fn);\n&apos;[39m +
    [32m&apos;    state2.called = !0, state2.callCount++, state2.calls.push(args);\n&apos;[39m +
    [32m&apos;    let next = state2.next.shift();\n&apos;[39m +
    [32m&apos;    if (next) {\n&apos;[39m +
    [32m&apos;      state2.results...&apos;[39m
}
[WebflowDesignerDetection] Method &apos;subscribe&apos;: {
  type: [32m&apos;function&apos;[39m,
  length: [33m0[39m,
  name: [32m&apos;spy&apos;[39m,
  toString: [32m&apos;function(...args) {\n&apos;[39m +
    [32m&apos;    let state2 = getInternalState(fn);\n&apos;[39m +
    [32m&apos;    state2.called = !0, state2.callCount++, state2.calls.push(args);\n&apos;[39m +
    [32m&apos;    let next = state2.next.shift();\n&apos;[39m +
    [32m&apos;    if (next) {\n&apos;[39m +
    [32m&apos;      state2.results...&apos;[39m
}
[WebflowDesignerDetection] Prototype methods: [
  [32m&apos;constructor&apos;[39m,
  [32m&apos;__defineGetter__&apos;[39m,
  [32m&apos;__defineSetter__&apos;[39m,
  [32m&apos;hasOwnProperty&apos;[39m,
  [32m&apos;__lookupGetter__&apos;[39m,
  [32m&apos;__lookupSetter__&apos;[39m,
  [32m&apos;isPrototypeOf&apos;[39m,
  [32m&apos;propertyIsEnumerable&apos;[39m,
  [32m&apos;toString&apos;[39m,
  [32m&apos;valueOf&apos;[39m,
  [32m&apos;__proto__&apos;[39m,
  [32m&apos;toLocaleString&apos;[39m
]
[WebflowDesignerAPI] Detected capabilities: {
  canReadPageInfo: [33mtrue[39m,
  canUpdatePageTitle: [33mfalse[39m,
  canUpdatePageMeta: [33mfalse[39m,
  canUpdatePageSlug: [33mfalse[39m,
  canAddCustomCode: [33mfalse[39m,
  canUpdateCMS: [33mfalse[39m,
  canManipulateElements: [33mfalse[39m,
  canSelectElements: [33mfalse[39m,
  hasElementBuilder: [33mfalse[39m,
  availableMethods: [ [32m&apos;getCurrentPage&apos;[39m, [32m&apos;getSiteInfo&apos;[39m, [32m&apos;subscribe&apos;[39m ]
}
[WebflowInsertion] Using Webflow Designer Extension APIs for modifications

[AuthContext] No OAuth token found - Designer Extension will use Designer APIs directly

            </system-out>
            <failure message="Unable to find role=&quot;combobox&quot;

Ignored nodes: comments, script, style
[36m&lt;body&gt;[39m
  [36m&lt;div&gt;[39m
    [36m&lt;div[39m
      [33mclass[39m=[32m&quot;min-h-screen bg-background p-4 md:p-6 flex flex-col&quot;[39m
      [33mstyle[39m=[32m&quot;color: #FFFFFF&quot;[39m
    [36m&gt;[39m
      [36m&lt;div[39m
        [33mclass[39m=[32m&quot;mx-auto w-full max-w-3xl space-y-6 flex-grow&quot;[39m
      [36m&gt;[39m
        [36m&lt;div[39m
          [33mclass[39m=[32m&quot;w-full&quot;[39m
        [36m&gt;[39m
          [36m&lt;div[39m
            [33mclass[39m=[32m&quot;rounded-lg border bg-background2 text-card-foreground shadow-sm w-full&quot;[39m
          [36m&gt;[39m
            [36m&lt;div[39m
              [33mclass[39m=[32m&quot;flex flex-col space-y-1.5 p-6&quot;[39m
            [36m&gt;[39m
              [36m&lt;h3[39m
                [33mclass[39m=[32m&quot;text-2xl font-semibold leading-none tracking-tight text-center&quot;[39m
              [36m&gt;[39m
                [0mSEO Analysis Tool[0m
              [36m&lt;/h3&gt;[39m
            [36m&lt;/div&gt;[39m
            [36m&lt;div[39m
              [33mclass[39m=[32m&quot;p-6 pt-0&quot;[39m
            [36m&gt;[39m
              [36m&lt;form[39m
                [33mclass[39m=[32m&quot;space-y-5 w-full&quot;[39m
              [36m&gt;[39m
                [36m&lt;div[39m
                  [33mclass[39m=[32m&quot;space-y-2 w-full&quot;[39m
                [36m&gt;[39m
                  [36m&lt;div[39m
                    [33mclass[39m=[32m&quot;flex justify-between items-center mb-1&quot;[39m
                  [36m&gt;[39m
                    [36m&lt;label[39m
                      [33mclass[39m=[32m&quot;text-sm font-medium leading-none peer-disabled:cursor-not-allowed peer-disabled:opacity-70 mb-0&quot;[39m
                      [33mfor[39m=[32m&quot;«r2v»-form-item&quot;[39m
                    [36m&gt;[39m
                      [0mTarget keyphrase[0m
                    [36m&lt;/label&gt;[39m
                    [36m&lt;span[39m
                      [33mclass[39m=[32m&quot;text-xs font-medium&quot;[39m
                      [33mstyle[39m=[32m&quot;color: var(--redText)&quot;[39m
                    [36m&gt;[39m
                      [0mNo keyword saved[0m
                    [36m&lt;/span&gt;[39m
                  [36m&lt;/div&gt;[39m
                  [36m&lt;div[39m
                    [33maria-describedby[39m=[32m&quot;«r2v»-form-item-description&quot;[39m
                    [33maria-invalid[39m=[32m&quot;false&quot;[39m
                    [33mclass[39m=[32m&quot;mt-2 w-full mt-2&quot;[39m
                    [33mid[39m=[32m&quot;«r2v»-form-item&quot;[39m
                  [36m&gt;[39m
                    [36m&lt;input[39m
                      [33mclass[39m=[32m&quot;flex h-10 rounded-md border border-input bg-background px-3 py-2 text-sm ring-offset-background file:border-0 file:bg-transparent file:text-sm file:font-medium file:text-foreground placeholder:text-muted-foreground focus-visible:outline-none focus-visible:ring-2 focus-visible:ring-ring focus-visible:ring-offset-2 disabled:cursor-not-allowed disabled:opacity-50 w-full&quot;[39m
                      [33mname[39m=[32m&quot;keyphrase&quot;[39m
                      [33mplaceholder[39m=[32m&quot;Enter your target keyphrase&quot;[39m
                      [33mvalue[39m=[32m&quot;&quot;[39m
                    [36m/&gt;[39m
                  [36m&lt;/div&gt;[39m
                [36m&lt;/div&gt;[39m
                [36m&lt;div[39m
                  [33mclass[39m=[32m&quot;border-t pt-4 mt-4&quot;[39m
                [36m&gt;[39m
                  [36m&lt;div[39m
                    [33mclass[39m=[32m&quot;flex items-center justify-between mb-4&quot;[39m
                  [36m&gt;[39m
                    [36m&lt;div&gt;[39m
                      [36m&lt;h3[39m
                        [33mclass[39m=[32m&quot;text-lg font-semibold&quot;[39m
                      [36m&gt;[39m
                        [0mAdvanced Analysis[0m
                      [36m&lt;/h3&gt;[39m
                      [36m&lt;p[39m
                        [33mclass[39m=[32m&quot;text-sm text-muted-foreground&quot;[39m
                      [36m&gt;[39m
                        [0mAdd secondary keywords and specify page type for more targeted SEO analysis[0m
                      [36m&lt;/p&gt;[39m
                    [36m&lt;/div&gt;[39m
                    [36m&lt;div[39m
                      [33mclass[39m=[32m&quot;flex items-center space-x-2&quot;[39m
                    [36m&gt;[39m
                      [36m&lt;button[39m
                        [33maria-checked[39m=[32m&quot;true&quot;[39m
                        [33mclass[39m=[32m&quot;peer inline-flex h-6 w-11 shrink-0 cursor-pointer items-center rounded-full border-2 border-transparent transition-colors focus-visible:outline-none focus-visible:ring-2 focus-visible:ring-ring focus-visible:ring-offset-2 focus-visible:ring-offset-background disabled:cursor-not-allowed disabled:opacity-50 data-[state=checked]:bg-primary data-[state=unchecked]:bg-input&quot;[39m
                        [33mdata-state[39m=[32m&quot;checked&quot;[39m
                        [33mrole[39m=[32m&quot;switch&quot;[39m
                        [33mtype[39m=[32m&quot;button&quot;[39m
                        [33mvalue[39m=[32m&quot;on&quot;[39m
                      [36m&gt;[39m
                        [36m&lt;span[39m
                          [33mclass[39m=[32m&quot;pointer-events-none block h-5 w-5 rounded-full bg-background shadow-lg ring-0 transition-transform data-[state=checked]:translate-x-5 data-[state=unchecked]:translate-x-0&quot;[39m
                          [33mdata-state[39m=[32m&quot;checked&quot;[39m
                        [36m/&gt;[39m
                      [36m&lt;/button&gt;[39m
                      [36m&lt;input[39m
                        [33maria-hidden[39m=[32m&quot;true&quot;[39m
                        [33mchecked[39m=[32m&quot;&quot;[39m
                        [33mstyle[39m=[32m&quot;transform: translateX(-100%); width: 200px; height: 100px&quot;[39m
                        [33mtabindex[39m=[32m&quot;-1&quot;[39m
                        [33mtype[39m=[32m&quot;checkbox&quot;[39m
                        [33mvalue[39m=[32m&quot;on&quot;[39m
                      [36m/&gt;[39m
                      [36m&lt;span[39m
                        [33mclass[39m=[32m&quot;text-sm&quot;[39m
                      [36m&gt;[39m
                        [0mOn[0m
                      [36m&lt;/span&gt;[39m
                    [36m&lt;/div&gt;[39m
                  [36m&lt;/div&gt;[39m
                [36m&lt;/div&gt;[39m
                [36m&lt;div[39m
                  [33mclass[39m=[32m&quot;w-full pt-2&quot;[39m
                [36m&gt;[39m
                  [36m&lt;button[39m
                    [33mclass[39m=[32m&quot;inline-flex items-center justify-center gap-2 whitespace-nowrap rounded-md text-sm font-medium ring-offset-background transition-colors focus-visible:outline-none focus-visible:ring-2 focus-visible:ring-ring focus-visible:ring-offset-2 disabled:pointer-events-none disabled:opacity-50 [&amp;_svg]:pointer-events-none [&amp;_svg]:size-4 [&amp;_svg]:shrink-0 [&amp;_svg]:text-current bg-primary text-primary-foreground hover:bg-primary/90 px-4 py-2 w-full h-11 cursor-pointer&quot;[39m
                    [33mtype[39m=[32m&quot;submit&quot;[39m
                  [36m&gt;[39m
           ...

Ignored nodes: comments, script, style
[36m&lt;html&gt;[39m
  [36m&lt;head /&gt;[39m
  [36m&lt;body&gt;[39m
    [36m&lt;div&gt;[39m
      [36m&lt;div[39m
        [33mclass[39m=[32m&quot;min-h-screen bg-background p-4 md:p-6 flex flex-col&quot;[39m
        [33mstyle[39m=[32m&quot;color: #FFFFFF&quot;[39m
      [36m&gt;[39m
        [36m&lt;div[39m
          [33mclass[39m=[32m&quot;mx-auto w-full max-w-3xl space-y-6 flex-grow&quot;[39m
        [36m&gt;[39m
          [36m&lt;div[39m
            [33mclass[39m=[32m&quot;w-full&quot;[39m
          [36m&gt;[39m
            [36m&lt;div[39m
              [33mclass[39m=[32m&quot;rounded-lg border bg-background2 text-card-foreground shadow-sm w-full&quot;[39m
            [36m&gt;[39m
              [36m&lt;div[39m
                [33mclass[39m=[32m&quot;flex flex-col space-y-1.5 p-6&quot;[39m
              [36m&gt;[39m
                [36m&lt;h3[39m
                  [33mclass[39m=[32m&quot;text-2xl font-semibold leading-none tracking-tight text-center&quot;[39m
                [36m&gt;[39m
                  [0mSEO Analysis Tool[0m
                [36m&lt;/h3&gt;[39m
              [36m&lt;/div&gt;[39m
              [36m&lt;div[39m
                [33mclass[39m=[32m&quot;p-6 pt-0&quot;[39m
              [36m&gt;[39m
                [36m&lt;form[39m
                  [33mclass[39m=[32m&quot;space-y-5 w-full&quot;[39m
                [36m&gt;[39m
                  [36m&lt;div[39m
                    [33mclass[39m=[32m&quot;space-y-2 w-full&quot;[39m
                  [36m&gt;[39m
                    [36m&lt;div[39m
                      [33mclass[39m=[32m&quot;flex justify-between items-center mb-1&quot;[39m
                    [36m&gt;[39m
                      [36m&lt;label[39m
                        [33mclass[39m=[32m&quot;text-sm font-medium leading-none peer-disabled:cursor-not-allowed peer-disabled:opacity-70 mb-0&quot;[39m
                        [33mfor[39m=[32m&quot;«r2v»-form-item&quot;[39m
                      [36m&gt;[39m
                        [0mTarget keyphrase[0m
                      [36m&lt;/label&gt;[39m
                      [36m&lt;span[39m
                        [33mclass[39m=[32m&quot;text-xs font-medium&quot;[39m
                        [33mstyle[39m=[32m&quot;color: var(--redText)&quot;[39m
                      [36m&gt;[39m
                        [0mNo keyword saved[0m
                      [36m&lt;/span&gt;[39m
                    [36m&lt;/div&gt;[39m
                    [36m&lt;div[39m
                      [33maria-describedby[39m=[32m&quot;«r2v»-form-item-description&quot;[39m
                      [33maria-invalid[39m=[32m&quot;false&quot;[39m
                      [33mclass[39m=[32m&quot;mt-2 w-full mt-2&quot;[39m
                      [33mid[39m=[32m&quot;«r2v»-form-item&quot;[39m
                    [36m&gt;[39m
                      [36m&lt;input[39m
                        [33mclass[39m=[32m&quot;flex h-10 rounded-md border border-input bg-background px-3 py-2 text-sm ring-offset-background file:border-0 file:bg-transparent file:text-sm file:font-medium file:text-foreground placeholder:text-muted-foreground focus-visible:outline-none focus-visible:ring-2 focus-visible:ring-ring focus-visible:ring-offset-2 disabled:cursor-not-allowed disabled:opacity-50 w-full&quot;[39m
                        [33mname[39m=[32m&quot;keyphrase&quot;[39m
                        [33mplaceholder[39m=[32m&quot;Enter your target keyphrase&quot;[39m
                        [33mvalue[39m=[32m&quot;&quot;[39m
                      [36m/&gt;[39m
                    [36m&lt;/div&gt;[39m
                  [36m&lt;/div&gt;[39m
                  [36m&lt;div[39m
                    [33mclass[39m=[32m&quot;border-t pt-4 mt-4&quot;[39m
                  [36m&gt;[39m
                    [36m&lt;div[39m
                      [33mclass[39m=[32m&quot;flex items-center justify-between mb-4&quot;[39m
                    [36m&gt;[39m
                      [36m&lt;div&gt;[39m
                        [36m&lt;h3[39m
                          [33mclass[39m=[32m&quot;text-lg font-semibold&quot;[39m
                        [36m&gt;[39m
                          [0mAdvanced Analysis[0m
                        [36m&lt;/h3&gt;[39m
                        [36m&lt;p[39m
                          [33mclass[39m=[32m&quot;text-sm text-muted-foreground&quot;[39m
                        [36m&gt;[39m
                          [0mAdd secondary keywords and specify page type for more targeted SEO analysis[0m
                        [36m&lt;/p&gt;[39m
                      [36m&lt;/div&gt;[39m
                      [36m&lt;div[39m
                        [33mclass[39m=[32m&quot;flex items-center space-x-2&quot;[39m
                      [36m&gt;[39m
                        [36m&lt;button[39m
                          [33maria-checked[39m=[32m&quot;true&quot;[39m
                          [33mclass[39m=[32m&quot;peer inline-flex h-6 w-11 shrink-0 cursor-pointer items-center rounded-full border-2 border-transparent transition-colors focus-visible:outline-none focus-visible:ring-2 focus-visible:ring-ring focus-visible:ring-offset-2 focus-visible:ring-offset-background disabled:cursor-not-allowed disabled:opacity-50 data-[state=checked]:bg-primary data-[state=unchecked]:bg-input&quot;[39m
                          [33mdata-state[39m=[32m&quot;checked&quot;[39m
                          [33mrole[39m=[32m&quot;switch&quot;[39m
                          [33mtype[39m=[32m&quot;button&quot;[39m
                          [33mvalue[39m=[32m&quot;on&quot;[39m
                        [36m&gt;[39m
                          [36m&lt;span[39m
                            [33mclass[39m=[32m&quot;pointer-events-none block h-5 w-5 rounded-full bg-background shadow-lg ring-0 transition-transform data-[state=checked]:translate-x-5 data-[state=unchecked]:translate-x-0&quot;[39m
                            [33mdata-state[39m=[32m&quot;checked&quot;[39m
                          [36m/&gt;[39m
                        [36m&lt;/button&gt;[39m
                        [36m&lt;input[39m
                          [33maria-hidden[39m=[32m&quot;true&quot;[39m
                          [33mchecked[39m=[32m&quot;&quot;[39m
                          [33mstyle[39m=[32m&quot;transform: translateX(-100%); width: 200px; height: 100px&quot;[39m
                          [33mtabindex[39m=[32m&quot;-1&quot;[39m
                          [33mtype[39m=[32m&quot;checkbox&quot;[39m
                          [33mvalue[39m=[32m&quot;on&quot;[39m
                        [36m/&gt;[39m
                        [36m&lt;span[39m
                          [33mclass[39m=[32m&quot;text-sm&quot;[39m
                        [36m&gt;[39m
                          [0mOn[0m
                        [36m&lt;/span&gt;[39m
                      [36m&lt;/div&gt;[39m
                    [36m&lt;/div&gt;[39m
                  [36m&lt;/div&gt;[39m
                  [36m&lt;div[39m
                    [33mclass[39m=[32m&quot;w-full pt-2&quot;[39m
                  [36m&gt;[39m
                    [36m&lt;button[39m
                      [33mclass[39m=[32m&quot;inline-flex items-center justify-center gap-2 whitespace-nowrap rounded-md text-sm font-medium ring-offset-background transition-colors focus-visible:outline-none focus-visible:ring-2 focus-visible:ring-ring focus-visible:ring-offset-2 disabled:pointer-events-none disabled:opacity-50 ..." type="TestingLibraryElementError">
TestingLibraryElementError: Unable to find role=&quot;combobox&quot;

Ignored nodes: comments, script, style
&lt;body&gt;
  &lt;div&gt;
    &lt;div
      class=&quot;min-h-screen bg-background p-4 md:p-6 flex flex-col&quot;
      style=&quot;color: #FFFFFF&quot;
    &gt;
      &lt;div
        class=&quot;mx-auto w-full max-w-3xl space-y-6 flex-grow&quot;
      &gt;
        &lt;div
          class=&quot;w-full&quot;
        &gt;
          &lt;div
            class=&quot;rounded-lg border bg-background2 text-card-foreground shadow-sm w-full&quot;
          &gt;
            &lt;div
              class=&quot;flex flex-col space-y-1.5 p-6&quot;
            &gt;
              &lt;h3
                class=&quot;text-2xl font-semibold leading-none tracking-tight text-center&quot;
              &gt;
                SEO Analysis Tool
              &lt;/h3&gt;
            &lt;/div&gt;
            &lt;div
              class=&quot;p-6 pt-0&quot;
            &gt;
              &lt;form
                class=&quot;space-y-5 w-full&quot;
              &gt;
                &lt;div
                  class=&quot;space-y-2 w-full&quot;
                &gt;
                  &lt;div
                    class=&quot;flex justify-between items-center mb-1&quot;
                  &gt;
                    &lt;label
                      class=&quot;text-sm font-medium leading-none peer-disabled:cursor-not-allowed peer-disabled:opacity-70 mb-0&quot;
                      for=&quot;«r2v»-form-item&quot;
                    &gt;
                      Target keyphrase
                    &lt;/label&gt;
                    &lt;span
                      class=&quot;text-xs font-medium&quot;
                      style=&quot;color: var(--redText)&quot;
                    &gt;
                      No keyword saved
                    &lt;/span&gt;
                  &lt;/div&gt;
                  &lt;div
                    aria-describedby=&quot;«r2v»-form-item-description&quot;
                    aria-invalid=&quot;false&quot;
                    class=&quot;mt-2 w-full mt-2&quot;
                    id=&quot;«r2v»-form-item&quot;
                  &gt;
                    &lt;input
                      class=&quot;flex h-10 rounded-md border border-input bg-background px-3 py-2 text-sm ring-offset-background file:border-0 file:bg-transparent file:text-sm file:font-medium file:text-foreground placeholder:text-muted-foreground focus-visible:outline-none focus-visible:ring-2 focus-visible:ring-ring focus-visible:ring-offset-2 disabled:cursor-not-allowed disabled:opacity-50 w-full&quot;
                      name=&quot;keyphrase&quot;
                      placeholder=&quot;Enter your target keyphrase&quot;
                      value=&quot;&quot;
                    /&gt;
                  &lt;/div&gt;
                &lt;/div&gt;
                &lt;div
                  class=&quot;border-t pt-4 mt-4&quot;
                &gt;
                  &lt;div
                    class=&quot;flex items-center justify-between mb-4&quot;
                  &gt;
                    &lt;div&gt;
                      &lt;h3
                        class=&quot;text-lg font-semibold&quot;
                      &gt;
                        Advanced Analysis
                      &lt;/h3&gt;
                      &lt;p
                        class=&quot;text-sm text-muted-foreground&quot;
                      &gt;
                        Add secondary keywords and specify page type for more targeted SEO analysis
                      &lt;/p&gt;
                    &lt;/div&gt;
                    &lt;div
                      class=&quot;flex items-center space-x-2&quot;
                    &gt;
                      &lt;button
                        aria-checked=&quot;true&quot;
                        class=&quot;peer inline-flex h-6 w-11 shrink-0 cursor-pointer items-center rounded-full border-2 border-transparent transition-colors focus-visible:outline-none focus-visible:ring-2 focus-visible:ring-ring focus-visible:ring-offset-2 focus-visible:ring-offset-background disabled:cursor-not-allowed disabled:opacity-50 data-[state=checked]:bg-primary data-[state=unchecked]:bg-input&quot;
                        data-state=&quot;checked&quot;
                        role=&quot;switch&quot;
                        type=&quot;button&quot;
                        value=&quot;on&quot;
                      &gt;
                        &lt;span
                          class=&quot;pointer-events-none block h-5 w-5 rounded-full bg-background shadow-lg ring-0 transition-transform data-[state=checked]:translate-x-5 data-[state=unchecked]:translate-x-0&quot;
                          data-state=&quot;checked&quot;
                        /&gt;
                      &lt;/button&gt;
                      &lt;input
                        aria-hidden=&quot;true&quot;
                        checked=&quot;&quot;
                        style=&quot;transform: translateX(-100%); width: 200px; height: 100px&quot;
                        tabindex=&quot;-1&quot;
                        type=&quot;checkbox&quot;
                        value=&quot;on&quot;
                      /&gt;
                      &lt;span
                        class=&quot;text-sm&quot;
                      &gt;
                        On
                      &lt;/span&gt;
                    &lt;/div&gt;
                  &lt;/div&gt;
                &lt;/div&gt;
                &lt;div
                  class=&quot;w-full pt-2&quot;
                &gt;
                  &lt;button
                    class=&quot;inline-flex items-center justify-center gap-2 whitespace-nowrap rounded-md text-sm font-medium ring-offset-background transition-colors focus-visible:outline-none focus-visible:ring-2 focus-visible:ring-ring focus-visible:ring-offset-2 disabled:pointer-events-none disabled:opacity-50 [&amp;_svg]:pointer-events-none [&amp;_svg]:size-4 [&amp;_svg]:shrink-0 [&amp;_svg]:text-current bg-primary text-primary-foreground hover:bg-primary/90 px-4 py-2 w-full h-11 cursor-pointer&quot;
                    type=&quot;submit&quot;
                  &gt;
           ...

Ignored nodes: comments, script, style
&lt;html&gt;
  &lt;head /&gt;
  &lt;body&gt;
    &lt;div&gt;
      &lt;div
        class=&quot;min-h-screen bg-background p-4 md:p-6 flex flex-col&quot;
        style=&quot;color: #FFFFFF&quot;
      &gt;
        &lt;div
          class=&quot;mx-auto w-full max-w-3xl space-y-6 flex-grow&quot;
        &gt;
          &lt;div
            class=&quot;w-full&quot;
          &gt;
            &lt;div
              class=&quot;rounded-lg border bg-background2 text-card-foreground shadow-sm w-full&quot;
            &gt;
              &lt;div
                class=&quot;flex flex-col space-y-1.5 p-6&quot;
              &gt;
                &lt;h3
                  class=&quot;text-2xl font-semibold leading-none tracking-tight text-center&quot;
                &gt;
                  SEO Analysis Tool
                &lt;/h3&gt;
              &lt;/div&gt;
              &lt;div
                class=&quot;p-6 pt-0&quot;
              &gt;
                &lt;form
                  class=&quot;space-y-5 w-full&quot;
                &gt;
                  &lt;div
                    class=&quot;space-y-2 w-full&quot;
                  &gt;
                    &lt;div
                      class=&quot;flex justify-between items-center mb-1&quot;
                    &gt;
                      &lt;label
                        class=&quot;text-sm font-medium leading-none peer-disabled:cursor-not-allowed peer-disabled:opacity-70 mb-0&quot;
                        for=&quot;«r2v»-form-item&quot;
                      &gt;
                        Target keyphrase
                      &lt;/label&gt;
                      &lt;span
                        class=&quot;text-xs font-medium&quot;
                        style=&quot;color: var(--redText)&quot;
                      &gt;
                        No keyword saved
                      &lt;/span&gt;
                    &lt;/div&gt;
                    &lt;div
                      aria-describedby=&quot;«r2v»-form-item-description&quot;
                      aria-invalid=&quot;false&quot;
                      class=&quot;mt-2 w-full mt-2&quot;
                      id=&quot;«r2v»-form-item&quot;
                    &gt;
                      &lt;input
                        class=&quot;flex h-10 rounded-md border border-input bg-background px-3 py-2 text-sm ring-offset-background file:border-0 file:bg-transparent file:text-sm file:font-medium file:text-foreground placeholder:text-muted-foreground focus-visible:outline-none focus-visible:ring-2 focus-visible:ring-ring focus-visible:ring-offset-2 disabled:cursor-not-allowed disabled:opacity-50 w-full&quot;
                        name=&quot;keyphrase&quot;
                        placeholder=&quot;Enter your target keyphrase&quot;
                        value=&quot;&quot;
                      /&gt;
                    &lt;/div&gt;
                  &lt;/div&gt;
                  &lt;div
                    class=&quot;border-t pt-4 mt-4&quot;
                  &gt;
                    &lt;div
                      class=&quot;flex items-center justify-between mb-4&quot;
                    &gt;
                      &lt;div&gt;
                        &lt;h3
                          class=&quot;text-lg font-semibold&quot;
                        &gt;
                          Advanced Analysis
                        &lt;/h3&gt;
                        &lt;p
                          class=&quot;text-sm text-muted-foreground&quot;
                        &gt;
                          Add secondary keywords and specify page type for more targeted SEO analysis
                        &lt;/p&gt;
                      &lt;/div&gt;
                      &lt;div
                        class=&quot;flex items-center space-x-2&quot;
                      &gt;
                        &lt;button
                          aria-checked=&quot;true&quot;
                          class=&quot;peer inline-flex h-6 w-11 shrink-0 cursor-pointer items-center rounded-full border-2 border-transparent transition-colors focus-visible:outline-none focus-visible:ring-2 focus-visible:ring-ring focus-visible:ring-offset-2 focus-visible:ring-offset-background disabled:cursor-not-allowed disabled:opacity-50 data-[state=checked]:bg-primary data-[state=unchecked]:bg-input&quot;
                          data-state=&quot;checked&quot;
                          role=&quot;switch&quot;
                          type=&quot;button&quot;
                          value=&quot;on&quot;
                        &gt;
                          &lt;span
                            class=&quot;pointer-events-none block h-5 w-5 rounded-full bg-background shadow-lg ring-0 transition-transform data-[state=checked]:translate-x-5 data-[state=unchecked]:translate-x-0&quot;
                            data-state=&quot;checked&quot;
                          /&gt;
                        &lt;/button&gt;
                        &lt;input
                          aria-hidden=&quot;true&quot;
                          checked=&quot;&quot;
                          style=&quot;transform: translateX(-100%); width: 200px; height: 100px&quot;
                          tabindex=&quot;-1&quot;
                          type=&quot;checkbox&quot;
                          value=&quot;on&quot;
                        /&gt;
                        &lt;span
                          class=&quot;text-sm&quot;
                        &gt;
                          On
                        &lt;/span&gt;
                      &lt;/div&gt;
                    &lt;/div&gt;
                  &lt;/div&gt;
                  &lt;div
                    class=&quot;w-full pt-2&quot;
                  &gt;
                    &lt;button
                      class=&quot;inline-flex items-center justify-center gap-2 whitespace-nowrap rounded-md text-sm font-medium ring-offset-background transition-colors focus-visible:outline-none focus-visible:ring-2 focus-visible:ring-ring focus-visible:ring-offset-2 disabled:pointer-events-none disabled:opacity-50 ...
 ❯ Proxy.waitFor node_modules/.pnpm/@testing-library+dom@10.4.1/node_modules/@testing-library/dom/dist/wait-for.js:163:27
 ❯ client/src/pages/Home.test.tsx:1249:13
            </failure>
        </testcase>
    </testsuite>
    <testsuite name="client/src/pages/OAuthCallback.test.tsx" timestamp="2025-10-09T00:10:02.005Z" hostname="JohnDee" tests="19" failures="17" errors="0" skipped="0" time="122.208136">
        <testcase classname="client/src/pages/OAuthCallback.test.tsx" name="OAuthCallback &gt; Successful OAuth Flow &gt; should show loading state initially" time="0.0273059">
        </testcase>
        <testcase classname="client/src/pages/OAuthCallback.test.tsx" name="OAuthCallback &gt; Successful OAuth Flow &gt; should handle successful OAuth callback" time="2.0147774">
            <failure message="Unable to find an element by: [data-testid=&quot;oauth-callback-success&quot;]

Ignored nodes: comments, script, style
[36m&lt;body&gt;[39m
  [36m&lt;div&gt;[39m
    [36m&lt;main[39m
      [33maria-label[39m=[32m&quot;OAuth authentication callback&quot;[39m
      [33mclass[39m=[32m&quot;min-h-screen flex items-center justify-center bg-gray-50&quot;[39m
    [36m&gt;[39m
      [36m&lt;div[39m
        [33mclass[39m=[32m&quot;max-w-md w-full bg-white rounded-lg shadow-md p-6&quot;[39m
      [36m&gt;[39m
        [36m&lt;h1[39m
          [33mclass[39m=[32m&quot;text-2xl font-bold text-center mb-6 text-gray-900&quot;[39m
        [36m&gt;[39m
          [0mWebflow Authentication[0m
        [36m&lt;/h1&gt;[39m
        [36m&lt;div[39m
          [33maria-live[39m=[32m&quot;assertive&quot;[39m
          [33mdata-testid[39m=[32m&quot;oauth-callback-error&quot;[39m
          [33mrole[39m=[32m&quot;alert&quot;[39m
        [36m&gt;[39m
          [36m&lt;div[39m
            [33mclass[39m=[32m&quot;flex items-center justify-center mb-4&quot;[39m
          [36m&gt;[39m
            [36m&lt;div[39m
              [33mclass[39m=[32m&quot;rounded-full bg-red-100 p-2&quot;[39m
            [36m&gt;[39m
              [36m&lt;svg[39m
                [33maria-hidden[39m=[32m&quot;true&quot;[39m
                [33mclass[39m=[32m&quot;h-6 w-6 text-red-600&quot;[39m
                [33mfill[39m=[32m&quot;none&quot;[39m
                [33mstroke[39m=[32m&quot;currentColor&quot;[39m
                [33mviewBox[39m=[32m&quot;0 0 24 24&quot;[39m
              [36m&gt;[39m
                [36m&lt;path[39m
                  [33md[39m=[32m&quot;M6 18L18 6M6 6l12 12&quot;[39m
                  [33mstroke-linecap[39m=[32m&quot;round&quot;[39m
                  [33mstroke-linejoin[39m=[32m&quot;round&quot;[39m
                  [33mstroke-width[39m=[32m&quot;2&quot;[39m
                [36m/&gt;[39m
              [36m&lt;/svg&gt;[39m
            [36m&lt;/div&gt;[39m
          [36m&lt;/div&gt;[39m
          [36m&lt;p[39m
            [33mclass[39m=[32m&quot;text-center text-red-600 font-medium mb-2&quot;[39m
          [36m&gt;[39m
            [0mAuthentication failed[0m
          [36m&lt;/p&gt;[39m
          [36m&lt;div[39m
            [33mclass[39m=[32m&quot;bg-red-50 border border-red-200 rounded-md p-3 mb-4&quot;[39m
          [36m&gt;[39m
            [36m&lt;p[39m
              [33mclass[39m=[32m&quot;text-sm text-red-700&quot;[39m
            [36m&gt;[39m
              [0mwebflowAuth.handleOAuthCallback is not a function[0m
            [36m&lt;/p&gt;[39m
          [36m&lt;/div&gt;[39m
          [36m&lt;div[39m
            [33mclass[39m=[32m&quot;flex flex-col space-y-3&quot;[39m
          [36m&gt;[39m
            [36m&lt;button[39m
              [33mclass[39m=[32m&quot;w-full bg-blue-600 text-white py-2 px-4 rounded-md hover:bg-blue-700 focus:outline-none focus:ring-2 focus:ring-blue-500 focus:ring-offset-2&quot;[39m
              [33mdata-testid[39m=[32m&quot;oauth-retry-button&quot;[39m
              [33mtabindex[39m=[32m&quot;0&quot;[39m
            [36m&gt;[39m
              [0mTry Again[0m
            [36m&lt;/button&gt;[39m
            [36m&lt;a[39m
              [33mclass[39m=[32m&quot;w-full text-center bg-gray-100 text-gray-700 py-2 px-4 rounded-md hover:bg-gray-200 focus:outline-none focus:ring-2 focus:ring-gray-500 focus:ring-offset-2 block&quot;[39m
              [33mdata-testid[39m=[32m&quot;oauth-back-link&quot;[39m
              [33mhref[39m=[32m&quot;/&quot;[39m
            [36m&gt;[39m
              [0mBack to App[0m
            [36m&lt;/a&gt;[39m
          [36m&lt;/div&gt;[39m
        [36m&lt;/div&gt;[39m
      [36m&lt;/div&gt;[39m
    [36m&lt;/main&gt;[39m
  [36m&lt;/div&gt;[39m
[36m&lt;/body&gt;[39m

Ignored nodes: comments, script, style
[36m&lt;html&gt;[39m
  [36m&lt;head /&gt;[39m
  [36m&lt;body&gt;[39m
    [36m&lt;div&gt;[39m
      [36m&lt;main[39m
        [33maria-label[39m=[32m&quot;OAuth authentication callback&quot;[39m
        [33mclass[39m=[32m&quot;min-h-screen flex items-center justify-center bg-gray-50&quot;[39m
      [36m&gt;[39m
        [36m&lt;div[39m
          [33mclass[39m=[32m&quot;max-w-md w-full bg-white rounded-lg shadow-md p-6&quot;[39m
        [36m&gt;[39m
          [36m&lt;h1[39m
            [33mclass[39m=[32m&quot;text-2xl font-bold text-center mb-6 text-gray-900&quot;[39m
          [36m&gt;[39m
            [0mWebflow Authentication[0m
          [36m&lt;/h1&gt;[39m
          [36m&lt;div[39m
            [33maria-live[39m=[32m&quot;assertive&quot;[39m
            [33mdata-testid[39m=[32m&quot;oauth-callback-error&quot;[39m
            [33mrole[39m=[32m&quot;alert&quot;[39m
          [36m&gt;[39m
            [36m&lt;div[39m
              [33mclass[39m=[32m&quot;flex items-center justify-center mb-4&quot;[39m
            [36m&gt;[39m
              [36m&lt;div[39m
                [33mclass[39m=[32m&quot;rounded-full bg-red-100 p-2&quot;[39m
              [36m&gt;[39m
                [36m&lt;svg[39m
                  [33maria-hidden[39m=[32m&quot;true&quot;[39m
                  [33mclass[39m=[32m&quot;h-6 w-6 text-red-600&quot;[39m
                  [33mfill[39m=[32m&quot;none&quot;[39m
                  [33mstroke[39m=[32m&quot;currentColor&quot;[39m
                  [33mviewBox[39m=[32m&quot;0 0 24 24&quot;[39m
                [36m&gt;[39m
                  [36m&lt;path[39m
                    [33md[39m=[32m&quot;M6 18L18 6M6 6l12 12&quot;[39m
                    [33mstroke-linecap[39m=[32m&quot;round&quot;[39m
                    [33mstroke-linejoin[39m=[32m&quot;round&quot;[39m
                    [33mstroke-width[39m=[32m&quot;2&quot;[39m
                  [36m/&gt;[39m
                [36m&lt;/svg&gt;[39m
              [36m&lt;/div&gt;[39m
            [36m&lt;/div&gt;[39m
            [36m&lt;p[39m
              [33mclass[39m=[32m&quot;text-center text-red-600 font-medium mb-2&quot;[39m
            [36m&gt;[39m
              [0mAuthentication failed[0m
            [36m&lt;/p&gt;[39m
            [36m&lt;div[39m
              [33mclass[39m=[32m&quot;bg-red-50 border border-red-200 rounded-md p-3 mb-4&quot;[39m
            [36m&gt;[39m
              [36m&lt;p[39m
                [33mclass[39m=[32m&quot;text-sm text-red-700&quot;[39m
              [36m&gt;[39m
                [0mwebflowAuth.handleOAuthCallback is not a function[0m
              [36m&lt;/p&gt;[39m
            [36m&lt;/div&gt;[39m
            [36m&lt;div[39m
              [33mclass[39m=[32m&quot;flex flex-col space-y-3&quot;[39m
            [36m&gt;[39m
              [36m&lt;button[39m
                [33mclass[39m=[32m&quot;w-full bg-blue-600 text-white py-2 px-4 rounded-md hover:bg-blue-700 focus:outline-none focus:ring-2 focus:ring-blue-500 focus:ring-offset-2&quot;[39m
                [33mdata-testid[39m=[32m&quot;oauth-retry-button&quot;[39m
                [33mtabindex[39m=[32m&quot;0&quot;[39m
              [36m&gt;[39m
                [0mTry Again[0m
              [36m&lt;/button&gt;[39m
              [36m&lt;a[39m
                [33mclass[39m=[32m&quot;w-full text-center bg-gray-100 text-gray-700 py-2 px-4 rounded-md hover:bg-gray-200 focus:outline-none focus:ring-2 focus:ring-gray-500 focus:ring-offset-2 block&quot;[39m
                [33mdata-testid[39m=[32m&quot;oauth-back-link&quot;[39m
                [33mhref[39m=[32m&quot;/&quot;[39m
              [36m&gt;[39m
                [0mBack to App[0m
              [36m&lt;/a&gt;[39m
            [36m&lt;/div&gt;[39m
          [36m&lt;/div&gt;[39m
        [36m&lt;/div&gt;[39m
      [36m&lt;/main&gt;[39m
    [36m&lt;/div&gt;[39m
  [36m&lt;/body&gt;[39m
[36m&lt;/html&gt;[39m" type="TestingLibraryElementError">
TestingLibraryElementError: Unable to find an element by: [data-testid=&quot;oauth-callback-success&quot;]

Ignored nodes: comments, script, style
&lt;body&gt;
  &lt;div&gt;
    &lt;main
      aria-label=&quot;OAuth authentication callback&quot;
      class=&quot;min-h-screen flex items-center justify-center bg-gray-50&quot;
    &gt;
      &lt;div
        class=&quot;max-w-md w-full bg-white rounded-lg shadow-md p-6&quot;
      &gt;
        &lt;h1
          class=&quot;text-2xl font-bold text-center mb-6 text-gray-900&quot;
        &gt;
          Webflow Authentication
        &lt;/h1&gt;
        &lt;div
          aria-live=&quot;assertive&quot;
          data-testid=&quot;oauth-callback-error&quot;
          role=&quot;alert&quot;
        &gt;
          &lt;div
            class=&quot;flex items-center justify-center mb-4&quot;
          &gt;
            &lt;div
              class=&quot;rounded-full bg-red-100 p-2&quot;
            &gt;
              &lt;svg
                aria-hidden=&quot;true&quot;
                class=&quot;h-6 w-6 text-red-600&quot;
                fill=&quot;none&quot;
                stroke=&quot;currentColor&quot;
                viewBox=&quot;0 0 24 24&quot;
              &gt;
                &lt;path
                  d=&quot;M6 18L18 6M6 6l12 12&quot;
                  stroke-linecap=&quot;round&quot;
                  stroke-linejoin=&quot;round&quot;
                  stroke-width=&quot;2&quot;
                /&gt;
              &lt;/svg&gt;
            &lt;/div&gt;
          &lt;/div&gt;
          &lt;p
            class=&quot;text-center text-red-600 font-medium mb-2&quot;
          &gt;
            Authentication failed
          &lt;/p&gt;
          &lt;div
            class=&quot;bg-red-50 border border-red-200 rounded-md p-3 mb-4&quot;
          &gt;
            &lt;p
              class=&quot;text-sm text-red-700&quot;
            &gt;
              webflowAuth.handleOAuthCallback is not a function
            &lt;/p&gt;
          &lt;/div&gt;
          &lt;div
            class=&quot;flex flex-col space-y-3&quot;
          &gt;
            &lt;button
              class=&quot;w-full bg-blue-600 text-white py-2 px-4 rounded-md hover:bg-blue-700 focus:outline-none focus:ring-2 focus:ring-blue-500 focus:ring-offset-2&quot;
              data-testid=&quot;oauth-retry-button&quot;
              tabindex=&quot;0&quot;
            &gt;
              Try Again
            &lt;/button&gt;
            &lt;a
              class=&quot;w-full text-center bg-gray-100 text-gray-700 py-2 px-4 rounded-md hover:bg-gray-200 focus:outline-none focus:ring-2 focus:ring-gray-500 focus:ring-offset-2 block&quot;
              data-testid=&quot;oauth-back-link&quot;
              href=&quot;/&quot;
            &gt;
              Back to App
            &lt;/a&gt;
          &lt;/div&gt;
        &lt;/div&gt;
      &lt;/div&gt;
    &lt;/main&gt;
  &lt;/div&gt;
&lt;/body&gt;

Ignored nodes: comments, script, style
&lt;html&gt;
  &lt;head /&gt;
  &lt;body&gt;
    &lt;div&gt;
      &lt;main
        aria-label=&quot;OAuth authentication callback&quot;
        class=&quot;min-h-screen flex items-center justify-center bg-gray-50&quot;
      &gt;
        &lt;div
          class=&quot;max-w-md w-full bg-white rounded-lg shadow-md p-6&quot;
        &gt;
          &lt;h1
            class=&quot;text-2xl font-bold text-center mb-6 text-gray-900&quot;
          &gt;
            Webflow Authentication
          &lt;/h1&gt;
          &lt;div
            aria-live=&quot;assertive&quot;
            data-testid=&quot;oauth-callback-error&quot;
            role=&quot;alert&quot;
          &gt;
            &lt;div
              class=&quot;flex items-center justify-center mb-4&quot;
            &gt;
              &lt;div
                class=&quot;rounded-full bg-red-100 p-2&quot;
              &gt;
                &lt;svg
                  aria-hidden=&quot;true&quot;
                  class=&quot;h-6 w-6 text-red-600&quot;
                  fill=&quot;none&quot;
                  stroke=&quot;currentColor&quot;
                  viewBox=&quot;0 0 24 24&quot;
                &gt;
                  &lt;path
                    d=&quot;M6 18L18 6M6 6l12 12&quot;
                    stroke-linecap=&quot;round&quot;
                    stroke-linejoin=&quot;round&quot;
                    stroke-width=&quot;2&quot;
                  /&gt;
                &lt;/svg&gt;
              &lt;/div&gt;
            &lt;/div&gt;
            &lt;p
              class=&quot;text-center text-red-600 font-medium mb-2&quot;
            &gt;
              Authentication failed
            &lt;/p&gt;
            &lt;div
              class=&quot;bg-red-50 border border-red-200 rounded-md p-3 mb-4&quot;
            &gt;
              &lt;p
                class=&quot;text-sm text-red-700&quot;
              &gt;
                webflowAuth.handleOAuthCallback is not a function
              &lt;/p&gt;
            &lt;/div&gt;
            &lt;div
              class=&quot;flex flex-col space-y-3&quot;
            &gt;
              &lt;button
                class=&quot;w-full bg-blue-600 text-white py-2 px-4 rounded-md hover:bg-blue-700 focus:outline-none focus:ring-2 focus:ring-blue-500 focus:ring-offset-2&quot;
                data-testid=&quot;oauth-retry-button&quot;
                tabindex=&quot;0&quot;
              &gt;
                Try Again
              &lt;/button&gt;
              &lt;a
                class=&quot;w-full text-center bg-gray-100 text-gray-700 py-2 px-4 rounded-md hover:bg-gray-200 focus:outline-none focus:ring-2 focus:ring-gray-500 focus:ring-offset-2 block&quot;
                data-testid=&quot;oauth-back-link&quot;
                href=&quot;/&quot;
              &gt;
                Back to App
              &lt;/a&gt;
            &lt;/div&gt;
          &lt;/div&gt;
        &lt;/div&gt;
      &lt;/main&gt;
    &lt;/div&gt;
  &lt;/body&gt;
&lt;/html&gt;
 ❯ Proxy.waitFor node_modules/.pnpm/@testing-library+dom@10.4.1/node_modules/@testing-library/dom/dist/wait-for.js:163:27
 ❯ client/src/pages/OAuthCallback.test.tsx:133:13
            </failure>
        </testcase>
        <testcase classname="client/src/pages/OAuthCallback.test.tsx" name="OAuthCallback &gt; Successful OAuth Flow &gt; should redirect to main app after successful authentication" time="10.0112281">
            <failure message="Test timed out in 10000ms.
If this is a long-running test, pass a timeout value as the last argument or configure it globally with &quot;testTimeout&quot;." type="Error">
Error: Test timed out in 10000ms.
If this is a long-running test, pass a timeout value as the last argument or configure it globally with &quot;testTimeout&quot;.
 ❯ client/src/pages/OAuthCallback.test.tsx:142:5
            </failure>
        </testcase>
        <testcase classname="client/src/pages/OAuthCallback.test.tsx" name="OAuthCallback &gt; Successful OAuth Flow &gt; should show success message before redirect" time="10.0066166">
            <failure message="Test timed out in 10000ms.
If this is a long-running test, pass a timeout value as the last argument or configure it globally with &quot;testTimeout&quot;." type="Error">
Error: Test timed out in 10000ms.
If this is a long-running test, pass a timeout value as the last argument or configure it globally with &quot;testTimeout&quot;.
 ❯ client/src/pages/OAuthCallback.test.tsx:162:5
            </failure>
        </testcase>
        <testcase classname="client/src/pages/OAuthCallback.test.tsx" name="OAuthCallback &gt; OAuth Error Handling &gt; should handle OAuth error from URL parameters" time="10.0105052">
            <failure message="Test timed out in 10000ms.
If this is a long-running test, pass a timeout value as the last argument or configure it globally with &quot;testTimeout&quot;." type="Error">
Error: Test timed out in 10000ms.
If this is a long-running test, pass a timeout value as the last argument or configure it globally with &quot;testTimeout&quot;.
 ❯ client/src/pages/OAuthCallback.test.tsx:176:5
            </failure>
        </testcase>
        <testcase classname="client/src/pages/OAuthCallback.test.tsx" name="OAuthCallback &gt; OAuth Error Handling &gt; should handle invalid state parameter" time="10.0010251">
            <failure message="Test timed out in 10000ms.
If this is a long-running test, pass a timeout value as the last argument or configure it globally with &quot;testTimeout&quot;." type="Error">
Error: Test timed out in 10000ms.
If this is a long-running test, pass a timeout value as the last argument or configure it globally with &quot;testTimeout&quot;.
 ❯ client/src/pages/OAuthCallback.test.tsx:201:5
            </failure>
        </testcase>
        <testcase classname="client/src/pages/OAuthCallback.test.tsx" name="OAuthCallback &gt; OAuth Error Handling &gt; should handle network errors during token exchange" time="10.0151716">
            <failure message="Test timed out in 10000ms.
If this is a long-running test, pass a timeout value as the last argument or configure it globally with &quot;testTimeout&quot;." type="Error">
Error: Test timed out in 10000ms.
If this is a long-running test, pass a timeout value as the last argument or configure it globally with &quot;testTimeout&quot;.
 ❯ client/src/pages/OAuthCallback.test.tsx:215:5
            </failure>
        </testcase>
        <testcase classname="client/src/pages/OAuthCallback.test.tsx" name="OAuthCallback &gt; OAuth Error Handling &gt; should handle missing authorization code" time="10.016608">
            <failure message="Test timed out in 10000ms.
If this is a long-running test, pass a timeout value as the last argument or configure it globally with &quot;testTimeout&quot;." type="Error">
Error: Test timed out in 10000ms.
If this is a long-running test, pass a timeout value as the last argument or configure it globally with &quot;testTimeout&quot;.
 ❯ client/src/pages/OAuthCallback.test.tsx:229:5
            </failure>
        </testcase>
        <testcase classname="client/src/pages/OAuthCallback.test.tsx" name="OAuthCallback &gt; OAuth Error Handling &gt; should provide retry functionality on error" time="10.0098526">
            <failure message="Test timed out in 10000ms.
If this is a long-running test, pass a timeout value as the last argument or configure it globally with &quot;testTimeout&quot;." type="Error">
Error: Test timed out in 10000ms.
If this is a long-running test, pass a timeout value as the last argument or configure it globally with &quot;testTimeout&quot;.
 ❯ client/src/pages/OAuthCallback.test.tsx:253:5
            </failure>
        </testcase>
        <testcase classname="client/src/pages/OAuthCallback.test.tsx" name="OAuthCallback &gt; OAuth Error Handling &gt; should show back to app link on error" time="10.0020249">
            <failure message="Test timed out in 10000ms.
If this is a long-running test, pass a timeout value as the last argument or configure it globally with &quot;testTimeout&quot;." type="Error">
Error: Test timed out in 10000ms.
If this is a long-running test, pass a timeout value as the last argument or configure it globally with &quot;testTimeout&quot;.
 ❯ client/src/pages/OAuthCallback.test.tsx:269:5
            </failure>
        </testcase>
        <testcase classname="client/src/pages/OAuthCallback.test.tsx" name="OAuthCallback &gt; Loading States and UX &gt; should show progress indicator during processing" time="0.0056367">
            <failure message="Unable to find an element by: [data-testid=&quot;oauth-loading-spinner&quot;]

Ignored nodes: comments, script, style
[36m&lt;body&gt;[39m
  [36m&lt;div&gt;[39m
    [36m&lt;main[39m
      [33maria-label[39m=[32m&quot;OAuth authentication callback&quot;[39m
      [33mclass[39m=[32m&quot;min-h-screen flex items-center justify-center bg-gray-50&quot;[39m
    [36m&gt;[39m
      [36m&lt;div[39m
        [33mclass[39m=[32m&quot;max-w-md w-full bg-white rounded-lg shadow-md p-6&quot;[39m
      [36m&gt;[39m
        [36m&lt;h1[39m
          [33mclass[39m=[32m&quot;text-2xl font-bold text-center mb-6 text-gray-900&quot;[39m
        [36m&gt;[39m
          [0mWebflow Authentication[0m
        [36m&lt;/h1&gt;[39m
        [36m&lt;div[39m
          [33maria-live[39m=[32m&quot;assertive&quot;[39m
          [33mdata-testid[39m=[32m&quot;oauth-callback-error&quot;[39m
          [33mrole[39m=[32m&quot;alert&quot;[39m
        [36m&gt;[39m
          [36m&lt;div[39m
            [33mclass[39m=[32m&quot;flex items-center justify-center mb-4&quot;[39m
          [36m&gt;[39m
            [36m&lt;div[39m
              [33mclass[39m=[32m&quot;rounded-full bg-red-100 p-2&quot;[39m
            [36m&gt;[39m
              [36m&lt;svg[39m
                [33maria-hidden[39m=[32m&quot;true&quot;[39m
                [33mclass[39m=[32m&quot;h-6 w-6 text-red-600&quot;[39m
                [33mfill[39m=[32m&quot;none&quot;[39m
                [33mstroke[39m=[32m&quot;currentColor&quot;[39m
                [33mviewBox[39m=[32m&quot;0 0 24 24&quot;[39m
              [36m&gt;[39m
                [36m&lt;path[39m
                  [33md[39m=[32m&quot;M6 18L18 6M6 6l12 12&quot;[39m
                  [33mstroke-linecap[39m=[32m&quot;round&quot;[39m
                  [33mstroke-linejoin[39m=[32m&quot;round&quot;[39m
                  [33mstroke-width[39m=[32m&quot;2&quot;[39m
                [36m/&gt;[39m
              [36m&lt;/svg&gt;[39m
            [36m&lt;/div&gt;[39m
          [36m&lt;/div&gt;[39m
          [36m&lt;p[39m
            [33mclass[39m=[32m&quot;text-center text-red-600 font-medium mb-2&quot;[39m
          [36m&gt;[39m
            [0mAuthentication failed[0m
          [36m&lt;/p&gt;[39m
          [36m&lt;div[39m
            [33mclass[39m=[32m&quot;bg-red-50 border border-red-200 rounded-md p-3 mb-4&quot;[39m
          [36m&gt;[39m
            [36m&lt;p[39m
              [33mclass[39m=[32m&quot;text-sm text-red-700&quot;[39m
            [36m&gt;[39m
              [0mwebflowAuth.handleOAuthCallback is not a function[0m
            [36m&lt;/p&gt;[39m
          [36m&lt;/div&gt;[39m
          [36m&lt;div[39m
            [33mclass[39m=[32m&quot;flex flex-col space-y-3&quot;[39m
          [36m&gt;[39m
            [36m&lt;button[39m
              [33mclass[39m=[32m&quot;w-full bg-blue-600 text-white py-2 px-4 rounded-md hover:bg-blue-700 focus:outline-none focus:ring-2 focus:ring-blue-500 focus:ring-offset-2&quot;[39m
              [33mdata-testid[39m=[32m&quot;oauth-retry-button&quot;[39m
              [33mtabindex[39m=[32m&quot;0&quot;[39m
            [36m&gt;[39m
              [0mTry Again[0m
            [36m&lt;/button&gt;[39m
            [36m&lt;a[39m
              [33mclass[39m=[32m&quot;w-full text-center bg-gray-100 text-gray-700 py-2 px-4 rounded-md hover:bg-gray-200 focus:outline-none focus:ring-2 focus:ring-gray-500 focus:ring-offset-2 block&quot;[39m
              [33mdata-testid[39m=[32m&quot;oauth-back-link&quot;[39m
              [33mhref[39m=[32m&quot;/&quot;[39m
            [36m&gt;[39m
              [0mBack to App[0m
            [36m&lt;/a&gt;[39m
          [36m&lt;/div&gt;[39m
        [36m&lt;/div&gt;[39m
      [36m&lt;/div&gt;[39m
    [36m&lt;/main&gt;[39m
  [36m&lt;/div&gt;[39m
[36m&lt;/body&gt;[39m" type="TestingLibraryElementError">
TestingLibraryElementError: Unable to find an element by: [data-testid=&quot;oauth-loading-spinner&quot;]

Ignored nodes: comments, script, style
&lt;body&gt;
  &lt;div&gt;
    &lt;main
      aria-label=&quot;OAuth authentication callback&quot;
      class=&quot;min-h-screen flex items-center justify-center bg-gray-50&quot;
    &gt;
      &lt;div
        class=&quot;max-w-md w-full bg-white rounded-lg shadow-md p-6&quot;
      &gt;
        &lt;h1
          class=&quot;text-2xl font-bold text-center mb-6 text-gray-900&quot;
        &gt;
          Webflow Authentication
        &lt;/h1&gt;
        &lt;div
          aria-live=&quot;assertive&quot;
          data-testid=&quot;oauth-callback-error&quot;
          role=&quot;alert&quot;
        &gt;
          &lt;div
            class=&quot;flex items-center justify-center mb-4&quot;
          &gt;
            &lt;div
              class=&quot;rounded-full bg-red-100 p-2&quot;
            &gt;
              &lt;svg
                aria-hidden=&quot;true&quot;
                class=&quot;h-6 w-6 text-red-600&quot;
                fill=&quot;none&quot;
                stroke=&quot;currentColor&quot;
                viewBox=&quot;0 0 24 24&quot;
              &gt;
                &lt;path
                  d=&quot;M6 18L18 6M6 6l12 12&quot;
                  stroke-linecap=&quot;round&quot;
                  stroke-linejoin=&quot;round&quot;
                  stroke-width=&quot;2&quot;
                /&gt;
              &lt;/svg&gt;
            &lt;/div&gt;
          &lt;/div&gt;
          &lt;p
            class=&quot;text-center text-red-600 font-medium mb-2&quot;
          &gt;
            Authentication failed
          &lt;/p&gt;
          &lt;div
            class=&quot;bg-red-50 border border-red-200 rounded-md p-3 mb-4&quot;
          &gt;
            &lt;p
              class=&quot;text-sm text-red-700&quot;
            &gt;
              webflowAuth.handleOAuthCallback is not a function
            &lt;/p&gt;
          &lt;/div&gt;
          &lt;div
            class=&quot;flex flex-col space-y-3&quot;
          &gt;
            &lt;button
              class=&quot;w-full bg-blue-600 text-white py-2 px-4 rounded-md hover:bg-blue-700 focus:outline-none focus:ring-2 focus:ring-blue-500 focus:ring-offset-2&quot;
              data-testid=&quot;oauth-retry-button&quot;
              tabindex=&quot;0&quot;
            &gt;
              Try Again
            &lt;/button&gt;
            &lt;a
              class=&quot;w-full text-center bg-gray-100 text-gray-700 py-2 px-4 rounded-md hover:bg-gray-200 focus:outline-none focus:ring-2 focus:ring-gray-500 focus:ring-offset-2 block&quot;
              data-testid=&quot;oauth-back-link&quot;
              href=&quot;/&quot;
            &gt;
              Back to App
            &lt;/a&gt;
          &lt;/div&gt;
        &lt;/div&gt;
      &lt;/div&gt;
    &lt;/main&gt;
  &lt;/div&gt;
&lt;/body&gt;
 ❯ Object.getElementError node_modules/.pnpm/@testing-library+dom@10.4.1/node_modules/@testing-library/dom/dist/config.js:37:19
 ❯ node_modules/.pnpm/@testing-library+dom@10.4.1/node_modules/@testing-library/dom/dist/query-helpers.js:76:38
 ❯ node_modules/.pnpm/@testing-library+dom@10.4.1/node_modules/@testing-library/dom/dist/query-helpers.js:52:17
 ❯ getByTestId node_modules/.pnpm/@testing-library+dom@10.4.1/node_modules/@testing-library/dom/dist/query-helpers.js:95:19
 ❯ client/src/pages/OAuthCallback.test.tsx:291:21
            </failure>
        </testcase>
        <testcase classname="client/src/pages/OAuthCallback.test.tsx" name="OAuthCallback &gt; Loading States and UX &gt; should show processing steps" time="0.0038638">
            <failure message="Unable to find an element with the text: /verifying authorization code/i. This could be because the text is broken up by multiple elements. In this case, you can provide a function for your text matcher to make your matcher more flexible.

Ignored nodes: comments, script, style
[36m&lt;body&gt;[39m
  [36m&lt;div&gt;[39m
    [36m&lt;main[39m
      [33maria-label[39m=[32m&quot;OAuth authentication callback&quot;[39m
      [33mclass[39m=[32m&quot;min-h-screen flex items-center justify-center bg-gray-50&quot;[39m
    [36m&gt;[39m
      [36m&lt;div[39m
        [33mclass[39m=[32m&quot;max-w-md w-full bg-white rounded-lg shadow-md p-6&quot;[39m
      [36m&gt;[39m
        [36m&lt;h1[39m
          [33mclass[39m=[32m&quot;text-2xl font-bold text-center mb-6 text-gray-900&quot;[39m
        [36m&gt;[39m
          [0mWebflow Authentication[0m
        [36m&lt;/h1&gt;[39m
        [36m&lt;div[39m
          [33maria-live[39m=[32m&quot;assertive&quot;[39m
          [33mdata-testid[39m=[32m&quot;oauth-callback-error&quot;[39m
          [33mrole[39m=[32m&quot;alert&quot;[39m
        [36m&gt;[39m
          [36m&lt;div[39m
            [33mclass[39m=[32m&quot;flex items-center justify-center mb-4&quot;[39m
          [36m&gt;[39m
            [36m&lt;div[39m
              [33mclass[39m=[32m&quot;rounded-full bg-red-100 p-2&quot;[39m
            [36m&gt;[39m
              [36m&lt;svg[39m
                [33maria-hidden[39m=[32m&quot;true&quot;[39m
                [33mclass[39m=[32m&quot;h-6 w-6 text-red-600&quot;[39m
                [33mfill[39m=[32m&quot;none&quot;[39m
                [33mstroke[39m=[32m&quot;currentColor&quot;[39m
                [33mviewBox[39m=[32m&quot;0 0 24 24&quot;[39m
              [36m&gt;[39m
                [36m&lt;path[39m
                  [33md[39m=[32m&quot;M6 18L18 6M6 6l12 12&quot;[39m
                  [33mstroke-linecap[39m=[32m&quot;round&quot;[39m
                  [33mstroke-linejoin[39m=[32m&quot;round&quot;[39m
                  [33mstroke-width[39m=[32m&quot;2&quot;[39m
                [36m/&gt;[39m
              [36m&lt;/svg&gt;[39m
            [36m&lt;/div&gt;[39m
          [36m&lt;/div&gt;[39m
          [36m&lt;p[39m
            [33mclass[39m=[32m&quot;text-center text-red-600 font-medium mb-2&quot;[39m
          [36m&gt;[39m
            [0mAuthentication failed[0m
          [36m&lt;/p&gt;[39m
          [36m&lt;div[39m
            [33mclass[39m=[32m&quot;bg-red-50 border border-red-200 rounded-md p-3 mb-4&quot;[39m
          [36m&gt;[39m
            [36m&lt;p[39m
              [33mclass[39m=[32m&quot;text-sm text-red-700&quot;[39m
            [36m&gt;[39m
              [0mwebflowAuth.handleOAuthCallback is not a function[0m
            [36m&lt;/p&gt;[39m
          [36m&lt;/div&gt;[39m
          [36m&lt;div[39m
            [33mclass[39m=[32m&quot;flex flex-col space-y-3&quot;[39m
          [36m&gt;[39m
            [36m&lt;button[39m
              [33mclass[39m=[32m&quot;w-full bg-blue-600 text-white py-2 px-4 rounded-md hover:bg-blue-700 focus:outline-none focus:ring-2 focus:ring-blue-500 focus:ring-offset-2&quot;[39m
              [33mdata-testid[39m=[32m&quot;oauth-retry-button&quot;[39m
              [33mtabindex[39m=[32m&quot;0&quot;[39m
            [36m&gt;[39m
              [0mTry Again[0m
            [36m&lt;/button&gt;[39m
            [36m&lt;a[39m
              [33mclass[39m=[32m&quot;w-full text-center bg-gray-100 text-gray-700 py-2 px-4 rounded-md hover:bg-gray-200 focus:outline-none focus:ring-2 focus:ring-gray-500 focus:ring-offset-2 block&quot;[39m
              [33mdata-testid[39m=[32m&quot;oauth-back-link&quot;[39m
              [33mhref[39m=[32m&quot;/&quot;[39m
            [36m&gt;[39m
              [0mBack to App[0m
            [36m&lt;/a&gt;[39m
          [36m&lt;/div&gt;[39m
        [36m&lt;/div&gt;[39m
      [36m&lt;/div&gt;[39m
    [36m&lt;/main&gt;[39m
  [36m&lt;/div&gt;[39m
[36m&lt;/body&gt;[39m" type="TestingLibraryElementError">
TestingLibraryElementError: Unable to find an element with the text: /verifying authorization code/i. This could be because the text is broken up by multiple elements. In this case, you can provide a function for your text matcher to make your matcher more flexible.

Ignored nodes: comments, script, style
&lt;body&gt;
  &lt;div&gt;
    &lt;main
      aria-label=&quot;OAuth authentication callback&quot;
      class=&quot;min-h-screen flex items-center justify-center bg-gray-50&quot;
    &gt;
      &lt;div
        class=&quot;max-w-md w-full bg-white rounded-lg shadow-md p-6&quot;
      &gt;
        &lt;h1
          class=&quot;text-2xl font-bold text-center mb-6 text-gray-900&quot;
        &gt;
          Webflow Authentication
        &lt;/h1&gt;
        &lt;div
          aria-live=&quot;assertive&quot;
          data-testid=&quot;oauth-callback-error&quot;
          role=&quot;alert&quot;
        &gt;
          &lt;div
            class=&quot;flex items-center justify-center mb-4&quot;
          &gt;
            &lt;div
              class=&quot;rounded-full bg-red-100 p-2&quot;
            &gt;
              &lt;svg
                aria-hidden=&quot;true&quot;
                class=&quot;h-6 w-6 text-red-600&quot;
                fill=&quot;none&quot;
                stroke=&quot;currentColor&quot;
                viewBox=&quot;0 0 24 24&quot;
              &gt;
                &lt;path
                  d=&quot;M6 18L18 6M6 6l12 12&quot;
                  stroke-linecap=&quot;round&quot;
                  stroke-linejoin=&quot;round&quot;
                  stroke-width=&quot;2&quot;
                /&gt;
              &lt;/svg&gt;
            &lt;/div&gt;
          &lt;/div&gt;
          &lt;p
            class=&quot;text-center text-red-600 font-medium mb-2&quot;
          &gt;
            Authentication failed
          &lt;/p&gt;
          &lt;div
            class=&quot;bg-red-50 border border-red-200 rounded-md p-3 mb-4&quot;
          &gt;
            &lt;p
              class=&quot;text-sm text-red-700&quot;
            &gt;
              webflowAuth.handleOAuthCallback is not a function
            &lt;/p&gt;
          &lt;/div&gt;
          &lt;div
            class=&quot;flex flex-col space-y-3&quot;
          &gt;
            &lt;button
              class=&quot;w-full bg-blue-600 text-white py-2 px-4 rounded-md hover:bg-blue-700 focus:outline-none focus:ring-2 focus:ring-blue-500 focus:ring-offset-2&quot;
              data-testid=&quot;oauth-retry-button&quot;
              tabindex=&quot;0&quot;
            &gt;
              Try Again
            &lt;/button&gt;
            &lt;a
              class=&quot;w-full text-center bg-gray-100 text-gray-700 py-2 px-4 rounded-md hover:bg-gray-200 focus:outline-none focus:ring-2 focus:ring-gray-500 focus:ring-offset-2 block&quot;
              data-testid=&quot;oauth-back-link&quot;
              href=&quot;/&quot;
            &gt;
              Back to App
            &lt;/a&gt;
          &lt;/div&gt;
        &lt;/div&gt;
      &lt;/div&gt;
    &lt;/main&gt;
  &lt;/div&gt;
&lt;/body&gt;
 ❯ Object.getElementError node_modules/.pnpm/@testing-library+dom@10.4.1/node_modules/@testing-library/dom/dist/config.js:37:19
 ❯ node_modules/.pnpm/@testing-library+dom@10.4.1/node_modules/@testing-library/dom/dist/query-helpers.js:76:38
 ❯ node_modules/.pnpm/@testing-library+dom@10.4.1/node_modules/@testing-library/dom/dist/query-helpers.js:52:17
 ❯ getByText node_modules/.pnpm/@testing-library+dom@10.4.1/node_modules/@testing-library/dom/dist/query-helpers.js:95:19
 ❯ client/src/pages/OAuthCallback.test.tsx:312:21
            </failure>
        </testcase>
        <testcase classname="client/src/pages/OAuthCallback.test.tsx" name="OAuthCallback &gt; Loading States and UX &gt; should show appropriate messages for different processing stages" time="0.0045792">
            <failure message="Unable to find an element with the text: /verifying authorization code/i. This could be because the text is broken up by multiple elements. In this case, you can provide a function for your text matcher to make your matcher more flexible.

Ignored nodes: comments, script, style
[36m&lt;body&gt;[39m
  [36m&lt;div&gt;[39m
    [36m&lt;main[39m
      [33maria-label[39m=[32m&quot;OAuth authentication callback&quot;[39m
      [33mclass[39m=[32m&quot;min-h-screen flex items-center justify-center bg-gray-50&quot;[39m
    [36m&gt;[39m
      [36m&lt;div[39m
        [33mclass[39m=[32m&quot;max-w-md w-full bg-white rounded-lg shadow-md p-6&quot;[39m
      [36m&gt;[39m
        [36m&lt;h1[39m
          [33mclass[39m=[32m&quot;text-2xl font-bold text-center mb-6 text-gray-900&quot;[39m
        [36m&gt;[39m
          [0mWebflow Authentication[0m
        [36m&lt;/h1&gt;[39m
        [36m&lt;div[39m
          [33maria-live[39m=[32m&quot;assertive&quot;[39m
          [33mdata-testid[39m=[32m&quot;oauth-callback-error&quot;[39m
          [33mrole[39m=[32m&quot;alert&quot;[39m
        [36m&gt;[39m
          [36m&lt;div[39m
            [33mclass[39m=[32m&quot;flex items-center justify-center mb-4&quot;[39m
          [36m&gt;[39m
            [36m&lt;div[39m
              [33mclass[39m=[32m&quot;rounded-full bg-red-100 p-2&quot;[39m
            [36m&gt;[39m
              [36m&lt;svg[39m
                [33maria-hidden[39m=[32m&quot;true&quot;[39m
                [33mclass[39m=[32m&quot;h-6 w-6 text-red-600&quot;[39m
                [33mfill[39m=[32m&quot;none&quot;[39m
                [33mstroke[39m=[32m&quot;currentColor&quot;[39m
                [33mviewBox[39m=[32m&quot;0 0 24 24&quot;[39m
              [36m&gt;[39m
                [36m&lt;path[39m
                  [33md[39m=[32m&quot;M6 18L18 6M6 6l12 12&quot;[39m
                  [33mstroke-linecap[39m=[32m&quot;round&quot;[39m
                  [33mstroke-linejoin[39m=[32m&quot;round&quot;[39m
                  [33mstroke-width[39m=[32m&quot;2&quot;[39m
                [36m/&gt;[39m
              [36m&lt;/svg&gt;[39m
            [36m&lt;/div&gt;[39m
          [36m&lt;/div&gt;[39m
          [36m&lt;p[39m
            [33mclass[39m=[32m&quot;text-center text-red-600 font-medium mb-2&quot;[39m
          [36m&gt;[39m
            [0mAuthentication failed[0m
          [36m&lt;/p&gt;[39m
          [36m&lt;div[39m
            [33mclass[39m=[32m&quot;bg-red-50 border border-red-200 rounded-md p-3 mb-4&quot;[39m
          [36m&gt;[39m
            [36m&lt;p[39m
              [33mclass[39m=[32m&quot;text-sm text-red-700&quot;[39m
            [36m&gt;[39m
              [0mwebflowAuth.handleOAuthCallback is not a function[0m
            [36m&lt;/p&gt;[39m
          [36m&lt;/div&gt;[39m
          [36m&lt;div[39m
            [33mclass[39m=[32m&quot;flex flex-col space-y-3&quot;[39m
          [36m&gt;[39m
            [36m&lt;button[39m
              [33mclass[39m=[32m&quot;w-full bg-blue-600 text-white py-2 px-4 rounded-md hover:bg-blue-700 focus:outline-none focus:ring-2 focus:ring-blue-500 focus:ring-offset-2&quot;[39m
              [33mdata-testid[39m=[32m&quot;oauth-retry-button&quot;[39m
              [33mtabindex[39m=[32m&quot;0&quot;[39m
            [36m&gt;[39m
              [0mTry Again[0m
            [36m&lt;/button&gt;[39m
            [36m&lt;a[39m
              [33mclass[39m=[32m&quot;w-full text-center bg-gray-100 text-gray-700 py-2 px-4 rounded-md hover:bg-gray-200 focus:outline-none focus:ring-2 focus:ring-gray-500 focus:ring-offset-2 block&quot;[39m
              [33mdata-testid[39m=[32m&quot;oauth-back-link&quot;[39m
              [33mhref[39m=[32m&quot;/&quot;[39m
            [36m&gt;[39m
              [0mBack to App[0m
            [36m&lt;/a&gt;[39m
          [36m&lt;/div&gt;[39m
        [36m&lt;/div&gt;[39m
      [36m&lt;/div&gt;[39m
    [36m&lt;/main&gt;[39m
  [36m&lt;/div&gt;[39m
[36m&lt;/body&gt;[39m" type="TestingLibraryElementError">
TestingLibraryElementError: Unable to find an element with the text: /verifying authorization code/i. This could be because the text is broken up by multiple elements. In this case, you can provide a function for your text matcher to make your matcher more flexible.

Ignored nodes: comments, script, style
&lt;body&gt;
  &lt;div&gt;
    &lt;main
      aria-label=&quot;OAuth authentication callback&quot;
      class=&quot;min-h-screen flex items-center justify-center bg-gray-50&quot;
    &gt;
      &lt;div
        class=&quot;max-w-md w-full bg-white rounded-lg shadow-md p-6&quot;
      &gt;
        &lt;h1
          class=&quot;text-2xl font-bold text-center mb-6 text-gray-900&quot;
        &gt;
          Webflow Authentication
        &lt;/h1&gt;
        &lt;div
          aria-live=&quot;assertive&quot;
          data-testid=&quot;oauth-callback-error&quot;
          role=&quot;alert&quot;
        &gt;
          &lt;div
            class=&quot;flex items-center justify-center mb-4&quot;
          &gt;
            &lt;div
              class=&quot;rounded-full bg-red-100 p-2&quot;
            &gt;
              &lt;svg
                aria-hidden=&quot;true&quot;
                class=&quot;h-6 w-6 text-red-600&quot;
                fill=&quot;none&quot;
                stroke=&quot;currentColor&quot;
                viewBox=&quot;0 0 24 24&quot;
              &gt;
                &lt;path
                  d=&quot;M6 18L18 6M6 6l12 12&quot;
                  stroke-linecap=&quot;round&quot;
                  stroke-linejoin=&quot;round&quot;
                  stroke-width=&quot;2&quot;
                /&gt;
              &lt;/svg&gt;
            &lt;/div&gt;
          &lt;/div&gt;
          &lt;p
            class=&quot;text-center text-red-600 font-medium mb-2&quot;
          &gt;
            Authentication failed
          &lt;/p&gt;
          &lt;div
            class=&quot;bg-red-50 border border-red-200 rounded-md p-3 mb-4&quot;
          &gt;
            &lt;p
              class=&quot;text-sm text-red-700&quot;
            &gt;
              webflowAuth.handleOAuthCallback is not a function
            &lt;/p&gt;
          &lt;/div&gt;
          &lt;div
            class=&quot;flex flex-col space-y-3&quot;
          &gt;
            &lt;button
              class=&quot;w-full bg-blue-600 text-white py-2 px-4 rounded-md hover:bg-blue-700 focus:outline-none focus:ring-2 focus:ring-blue-500 focus:ring-offset-2&quot;
              data-testid=&quot;oauth-retry-button&quot;
              tabindex=&quot;0&quot;
            &gt;
              Try Again
            &lt;/button&gt;
            &lt;a
              class=&quot;w-full text-center bg-gray-100 text-gray-700 py-2 px-4 rounded-md hover:bg-gray-200 focus:outline-none focus:ring-2 focus:ring-gray-500 focus:ring-offset-2 block&quot;
              data-testid=&quot;oauth-back-link&quot;
              href=&quot;/&quot;
            &gt;
              Back to App
            &lt;/a&gt;
          &lt;/div&gt;
        &lt;/div&gt;
      &lt;/div&gt;
    &lt;/main&gt;
  &lt;/div&gt;
&lt;/body&gt;
 ❯ Object.getElementError node_modules/.pnpm/@testing-library+dom@10.4.1/node_modules/@testing-library/dom/dist/config.js:37:19
 ❯ node_modules/.pnpm/@testing-library+dom@10.4.1/node_modules/@testing-library/dom/dist/query-helpers.js:76:38
 ❯ node_modules/.pnpm/@testing-library+dom@10.4.1/node_modules/@testing-library/dom/dist/query-helpers.js:52:17
 ❯ getByText node_modules/.pnpm/@testing-library+dom@10.4.1/node_modules/@testing-library/dom/dist/query-helpers.js:95:19
 ❯ client/src/pages/OAuthCallback.test.tsx:330:21
            </failure>
        </testcase>
        <testcase classname="client/src/pages/OAuthCallback.test.tsx" name="OAuthCallback &gt; Accessibility &gt; should have proper ARIA labels and roles" time="0.0253939">
            <failure message="Unable to find an accessible element with the role &quot;status&quot;

Here are the accessible roles:

  main:

  Name &quot;OAuth authentication callback&quot;:
  [36m&lt;main[39m
    [33maria-label[39m=[32m&quot;OAuth authentication callback&quot;[39m
    [33mclass[39m=[32m&quot;min-h-screen flex items-center justify-center bg-gray-50&quot;[39m
  [36m/&gt;[39m

  --------------------------------------------------
  heading:

  Name &quot;Webflow Authentication&quot;:
  [36m&lt;h1[39m
    [33mclass[39m=[32m&quot;text-2xl font-bold text-center mb-6 text-gray-900&quot;[39m
  [36m/&gt;[39m

  --------------------------------------------------
  alert:

  Name &quot;&quot;:
  [36m&lt;div[39m
    [33maria-live[39m=[32m&quot;assertive&quot;[39m
    [33mdata-testid[39m=[32m&quot;oauth-callback-error&quot;[39m
    [33mrole[39m=[32m&quot;alert&quot;[39m
  [36m/&gt;[39m

  --------------------------------------------------
  paragraph:

  Name &quot;&quot;:
  [36m&lt;p[39m
    [33mclass[39m=[32m&quot;text-center text-red-600 font-medium mb-2&quot;[39m
  [36m/&gt;[39m

  Name &quot;&quot;:
  [36m&lt;p[39m
    [33mclass[39m=[32m&quot;text-sm text-red-700&quot;[39m
  [36m/&gt;[39m

  --------------------------------------------------
  button:

  Name &quot;Try Again&quot;:
  [36m&lt;button[39m
    [33mclass[39m=[32m&quot;w-full bg-blue-600 text-white py-2 px-4 rounded-md hover:bg-blue-700 focus:outline-none focus:ring-2 focus:ring-blue-500 focus:ring-offset-2&quot;[39m
    [33mdata-testid[39m=[32m&quot;oauth-retry-button&quot;[39m
    [33mtabindex[39m=[32m&quot;0&quot;[39m
  [36m/&gt;[39m

  --------------------------------------------------
  link:

  Name &quot;Back to App&quot;:
  [36m&lt;a[39m
    [33mclass[39m=[32m&quot;w-full text-center bg-gray-100 text-gray-700 py-2 px-4 rounded-md hover:bg-gray-200 focus:outline-none focus:ring-2 focus:ring-gray-500 focus:ring-offset-2 block&quot;[39m
    [33mdata-testid[39m=[32m&quot;oauth-back-link&quot;[39m
    [33mhref[39m=[32m&quot;/&quot;[39m
  [36m/&gt;[39m

  --------------------------------------------------

Ignored nodes: comments, script, style
[36m&lt;body&gt;[39m
  [36m&lt;div&gt;[39m
    [36m&lt;main[39m
      [33maria-label[39m=[32m&quot;OAuth authentication callback&quot;[39m
      [33mclass[39m=[32m&quot;min-h-screen flex items-center justify-center bg-gray-50&quot;[39m
    [36m&gt;[39m
      [36m&lt;div[39m
        [33mclass[39m=[32m&quot;max-w-md w-full bg-white rounded-lg shadow-md p-6&quot;[39m
      [36m&gt;[39m
        [36m&lt;h1[39m
          [33mclass[39m=[32m&quot;text-2xl font-bold text-center mb-6 text-gray-900&quot;[39m
        [36m&gt;[39m
          [0mWebflow Authentication[0m
        [36m&lt;/h1&gt;[39m
        [36m&lt;div[39m
          [33maria-live[39m=[32m&quot;assertive&quot;[39m
          [33mdata-testid[39m=[32m&quot;oauth-callback-error&quot;[39m
          [33mrole[39m=[32m&quot;alert&quot;[39m
        [36m&gt;[39m
          [36m&lt;div[39m
            [33mclass[39m=[32m&quot;flex items-center justify-center mb-4&quot;[39m
          [36m&gt;[39m
            [36m&lt;div[39m
              [33mclass[39m=[32m&quot;rounded-full bg-red-100 p-2&quot;[39m
            [36m&gt;[39m
              [36m&lt;svg[39m
                [33maria-hidden[39m=[32m&quot;true&quot;[39m
                [33mclass[39m=[32m&quot;h-6 w-6 text-red-600&quot;[39m
                [33mfill[39m=[32m&quot;none&quot;[39m
                [33mstroke[39m=[32m&quot;currentColor&quot;[39m
                [33mviewBox[39m=[32m&quot;0 0 24 24&quot;[39m
              [36m&gt;[39m
                [36m&lt;path[39m
                  [33md[39m=[32m&quot;M6 18L18 6M6 6l12 12&quot;[39m
                  [33mstroke-linecap[39m=[32m&quot;round&quot;[39m
                  [33mstroke-linejoin[39m=[32m&quot;round&quot;[39m
                  [33mstroke-width[39m=[32m&quot;2&quot;[39m
                [36m/&gt;[39m
              [36m&lt;/svg&gt;[39m
            [36m&lt;/div&gt;[39m
          [36m&lt;/div&gt;[39m
          [36m&lt;p[39m
            [33mclass[39m=[32m&quot;text-center text-red-600 font-medium mb-2&quot;[39m
          [36m&gt;[39m
            [0mAuthentication failed[0m
          [36m&lt;/p&gt;[39m
          [36m&lt;div[39m
            [33mclass[39m=[32m&quot;bg-red-50 border border-red-200 rounded-md p-3 mb-4&quot;[39m
          [36m&gt;[39m
            [36m&lt;p[39m
              [33mclass[39m=[32m&quot;text-sm text-red-700&quot;[39m
            [36m&gt;[39m
              [0mwebflowAuth.handleOAuthCallback is not a function[0m
            [36m&lt;/p&gt;[39m
          [36m&lt;/div&gt;[39m
          [36m&lt;div[39m
            [33mclass[39m=[32m&quot;flex flex-col space-y-3&quot;[39m
          [36m&gt;[39m
            [36m&lt;button[39m
              [33mclass[39m=[32m&quot;w-full bg-blue-600 text-white py-2 px-4 rounded-md hover:bg-blue-700 focus:outline-none focus:ring-2 focus:ring-blue-500 focus:ring-offset-2&quot;[39m
              [33mdata-testid[39m=[32m&quot;oauth-retry-button&quot;[39m
              [33mtabindex[39m=[32m&quot;0&quot;[39m
            [36m&gt;[39m
              [0mTry Again[0m
            [36m&lt;/button&gt;[39m
            [36m&lt;a[39m
              [33mclass[39m=[32m&quot;w-full text-center bg-gray-100 text-gray-700 py-2 px-4 rounded-md hover:bg-gray-200 focus:outline-none focus:ring-2 focus:ring-gray-500 focus:ring-offset-2 block&quot;[39m
              [33mdata-testid[39m=[32m&quot;oauth-back-link&quot;[39m
              [33mhref[39m=[32m&quot;/&quot;[39m
            [36m&gt;[39m
              [0mBack to App[0m
            [36m&lt;/a&gt;[39m
          [36m&lt;/div&gt;[39m
        [36m&lt;/div&gt;[39m
      [36m&lt;/div&gt;[39m
    [36m&lt;/main&gt;[39m
  [36m&lt;/div&gt;[39m
[36m&lt;/body&gt;[39m" type="TestingLibraryElementError">
TestingLibraryElementError: Unable to find an accessible element with the role &quot;status&quot;

Here are the accessible roles:

  main:

  Name &quot;OAuth authentication callback&quot;:
  &lt;main
    aria-label=&quot;OAuth authentication callback&quot;
    class=&quot;min-h-screen flex items-center justify-center bg-gray-50&quot;
  /&gt;

  --------------------------------------------------
  heading:

  Name &quot;Webflow Authentication&quot;:
  &lt;h1
    class=&quot;text-2xl font-bold text-center mb-6 text-gray-900&quot;
  /&gt;

  --------------------------------------------------
  alert:

  Name &quot;&quot;:
  &lt;div
    aria-live=&quot;assertive&quot;
    data-testid=&quot;oauth-callback-error&quot;
    role=&quot;alert&quot;
  /&gt;

  --------------------------------------------------
  paragraph:

  Name &quot;&quot;:
  &lt;p
    class=&quot;text-center text-red-600 font-medium mb-2&quot;
  /&gt;

  Name &quot;&quot;:
  &lt;p
    class=&quot;text-sm text-red-700&quot;
  /&gt;

  --------------------------------------------------
  button:

  Name &quot;Try Again&quot;:
  &lt;button
    class=&quot;w-full bg-blue-600 text-white py-2 px-4 rounded-md hover:bg-blue-700 focus:outline-none focus:ring-2 focus:ring-blue-500 focus:ring-offset-2&quot;
    data-testid=&quot;oauth-retry-button&quot;
    tabindex=&quot;0&quot;
  /&gt;

  --------------------------------------------------
  link:

  Name &quot;Back to App&quot;:
  &lt;a
    class=&quot;w-full text-center bg-gray-100 text-gray-700 py-2 px-4 rounded-md hover:bg-gray-200 focus:outline-none focus:ring-2 focus:ring-gray-500 focus:ring-offset-2 block&quot;
    data-testid=&quot;oauth-back-link&quot;
    href=&quot;/&quot;
  /&gt;

  --------------------------------------------------

Ignored nodes: comments, script, style
&lt;body&gt;
  &lt;div&gt;
    &lt;main
      aria-label=&quot;OAuth authentication callback&quot;
      class=&quot;min-h-screen flex items-center justify-center bg-gray-50&quot;
    &gt;
      &lt;div
        class=&quot;max-w-md w-full bg-white rounded-lg shadow-md p-6&quot;
      &gt;
        &lt;h1
          class=&quot;text-2xl font-bold text-center mb-6 text-gray-900&quot;
        &gt;
          Webflow Authentication
        &lt;/h1&gt;
        &lt;div
          aria-live=&quot;assertive&quot;
          data-testid=&quot;oauth-callback-error&quot;
          role=&quot;alert&quot;
        &gt;
          &lt;div
            class=&quot;flex items-center justify-center mb-4&quot;
          &gt;
            &lt;div
              class=&quot;rounded-full bg-red-100 p-2&quot;
            &gt;
              &lt;svg
                aria-hidden=&quot;true&quot;
                class=&quot;h-6 w-6 text-red-600&quot;
                fill=&quot;none&quot;
                stroke=&quot;currentColor&quot;
                viewBox=&quot;0 0 24 24&quot;
              &gt;
                &lt;path
                  d=&quot;M6 18L18 6M6 6l12 12&quot;
                  stroke-linecap=&quot;round&quot;
                  stroke-linejoin=&quot;round&quot;
                  stroke-width=&quot;2&quot;
                /&gt;
              &lt;/svg&gt;
            &lt;/div&gt;
          &lt;/div&gt;
          &lt;p
            class=&quot;text-center text-red-600 font-medium mb-2&quot;
          &gt;
            Authentication failed
          &lt;/p&gt;
          &lt;div
            class=&quot;bg-red-50 border border-red-200 rounded-md p-3 mb-4&quot;
          &gt;
            &lt;p
              class=&quot;text-sm text-red-700&quot;
            &gt;
              webflowAuth.handleOAuthCallback is not a function
            &lt;/p&gt;
          &lt;/div&gt;
          &lt;div
            class=&quot;flex flex-col space-y-3&quot;
          &gt;
            &lt;button
              class=&quot;w-full bg-blue-600 text-white py-2 px-4 rounded-md hover:bg-blue-700 focus:outline-none focus:ring-2 focus:ring-blue-500 focus:ring-offset-2&quot;
              data-testid=&quot;oauth-retry-button&quot;
              tabindex=&quot;0&quot;
            &gt;
              Try Again
            &lt;/button&gt;
            &lt;a
              class=&quot;w-full text-center bg-gray-100 text-gray-700 py-2 px-4 rounded-md hover:bg-gray-200 focus:outline-none focus:ring-2 focus:ring-gray-500 focus:ring-offset-2 block&quot;
              data-testid=&quot;oauth-back-link&quot;
              href=&quot;/&quot;
            &gt;
              Back to App
            &lt;/a&gt;
          &lt;/div&gt;
        &lt;/div&gt;
      &lt;/div&gt;
    &lt;/main&gt;
  &lt;/div&gt;
&lt;/body&gt;
 ❯ Object.getElementError node_modules/.pnpm/@testing-library+dom@10.4.1/node_modules/@testing-library/dom/dist/config.js:37:19
 ❯ node_modules/.pnpm/@testing-library+dom@10.4.1/node_modules/@testing-library/dom/dist/query-helpers.js:76:38
 ❯ node_modules/.pnpm/@testing-library+dom@10.4.1/node_modules/@testing-library/dom/dist/query-helpers.js:52:17
 ❯ getByRole node_modules/.pnpm/@testing-library+dom@10.4.1/node_modules/@testing-library/dom/dist/query-helpers.js:95:19
 ❯ client/src/pages/OAuthCallback.test.tsx:348:29
            </failure>
        </testcase>
        <testcase classname="client/src/pages/OAuthCallback.test.tsx" name="OAuthCallback &gt; Accessibility &gt; should announce status changes to screen readers" time="10.0143528">
            <failure message="Test timed out in 10000ms.
If this is a long-running test, pass a timeout value as the last argument or configure it globally with &quot;testTimeout&quot;." type="Error">
Error: Test timed out in 10000ms.
If this is a long-running test, pass a timeout value as the last argument or configure it globally with &quot;testTimeout&quot;.
 ❯ client/src/pages/OAuthCallback.test.tsx:352:5
            </failure>
        </testcase>
        <testcase classname="client/src/pages/OAuthCallback.test.tsx" name="OAuthCallback &gt; Accessibility &gt; should have proper heading structure" time="0.0059213">
        </testcase>
        <testcase classname="client/src/pages/OAuthCallback.test.tsx" name="OAuthCallback &gt; Accessibility &gt; should support keyboard navigation" time="10.0126993">
            <failure message="Test timed out in 10000ms.
If this is a long-running test, pass a timeout value as the last argument or configure it globally with &quot;testTimeout&quot;." type="Error">
Error: Test timed out in 10000ms.
If this is a long-running test, pass a timeout value as the last argument or configure it globally with &quot;testTimeout&quot;.
 ❯ client/src/pages/OAuthCallback.test.tsx:373:5
            </failure>
        </testcase>
        <testcase classname="client/src/pages/OAuthCallback.test.tsx" name="OAuthCallback &gt; Security Considerations &gt; should clear URL parameters after processing" time="10.004937">
            <failure message="Test timed out in 10000ms.
If this is a long-running test, pass a timeout value as the last argument or configure it globally with &quot;testTimeout&quot;." type="Error">
Error: Test timed out in 10000ms.
If this is a long-running test, pass a timeout value as the last argument or configure it globally with &quot;testTimeout&quot;.
 ❯ client/src/pages/OAuthCallback.test.tsx:389:5
            </failure>
        </testcase>
        <testcase classname="client/src/pages/OAuthCallback.test.tsx" name="OAuthCallback &gt; Security Considerations &gt; should not log sensitive information" time="10.0118526">
            <failure message="Test timed out in 10000ms.
If this is a long-running test, pass a timeout value as the last argument or configure it globally with &quot;testTimeout&quot;." type="Error">
Error: Test timed out in 10000ms.
If this is a long-running test, pass a timeout value as the last argument or configure it globally with &quot;testTimeout&quot;.
 ❯ client/src/pages/OAuthCallback.test.tsx:415:5
            </failure>
        </testcase>
    </testsuite>
    <testsuite name="client/src/services/aiRecommendations.simple.test.ts" timestamp="2025-10-09T00:10:02.011Z" hostname="JohnDee" tests="5" failures="0" errors="0" skipped="0" time="0.0220177">
        <testcase classname="client/src/services/aiRecommendations.simple.test.ts" name="AI Recommendations Service (Simple) &gt; should generate AI recommendations successfully" time="0.0075698">
        </testcase>
        <testcase classname="client/src/services/aiRecommendations.simple.test.ts" name="AI Recommendations Service (Simple) &gt; should handle disabled AI recommendations" time="0.0042154">
        </testcase>
        <testcase classname="client/src/services/aiRecommendations.simple.test.ts" name="AI Recommendations Service (Simple) &gt; should validate required content" time="0.0007903">
        </testcase>
        <testcase classname="client/src/services/aiRecommendations.simple.test.ts" name="AI Recommendations Service (Simple) &gt; should generate fallback recommendations when enabled" time="0.0012751">
        </testcase>
        <testcase classname="client/src/services/aiRecommendations.simple.test.ts" name="AI Recommendations Service (Simple) &gt; should handle rate limiting errors" time="0.0018144">
        </testcase>
    </testsuite>
    <testsuite name="client/src/services/aiRecommendations.test.ts" timestamp="2025-10-09T00:10:02.012Z" hostname="JohnDee" tests="12" failures="0" errors="0" skipped="0" time="1.0230532">
        <testcase classname="client/src/services/aiRecommendations.test.ts" name="AI Recommendations Service &gt; generateRecommendations &gt; should generate AI-powered title and description recommendations" time="0.0052963">
        </testcase>
        <testcase classname="client/src/services/aiRecommendations.test.ts" name="AI Recommendations Service &gt; generateRecommendations &gt; should handle different content types appropriately" time="0.0006834">
        </testcase>
        <testcase classname="client/src/services/aiRecommendations.test.ts" name="AI Recommendations Service &gt; generateRecommendations &gt; should support multiple languages" time="0.0004588">
        </testcase>
        <testcase classname="client/src/services/aiRecommendations.test.ts" name="AI Recommendations Service &gt; generateRecommendations &gt; should include keyword optimization in recommendations" time="0.0007561">
        </testcase>
        <testcase classname="client/src/services/aiRecommendations.test.ts" name="AI Recommendations Service &gt; generateRecommendations &gt; should handle API errors gracefully" time="0.0014112">
        </testcase>
        <testcase classname="client/src/services/aiRecommendations.test.ts" name="AI Recommendations Service &gt; generateRecommendations &gt; should handle network errors" time="0.000492">
        </testcase>
        <testcase classname="client/src/services/aiRecommendations.test.ts" name="AI Recommendations Service &gt; generateRecommendations &gt; should validate request content" time="0.0003713">
        </testcase>
        <testcase classname="client/src/services/aiRecommendations.test.ts" name="AI Recommendations Service &gt; generateRecommendations &gt; should handle missing environment configuration" time="0.0016487">
        </testcase>
        <testcase classname="client/src/services/aiRecommendations.test.ts" name="AI Recommendations Service &gt; generateRecommendations &gt; should provide fallback recommendations when AI fails" time="0.0007607">
        </testcase>
        <testcase classname="client/src/services/aiRecommendations.test.ts" name="AI Recommendations Service &gt; generateRecommendations &gt; should respect rate limiting" time="0.0010757">
        </testcase>
        <testcase classname="client/src/services/aiRecommendations.test.ts" name="AI Recommendations Service &gt; generateRecommendations &gt; should include content length optimization" time="0.0006807">
        </testcase>
        <testcase classname="client/src/services/aiRecommendations.test.ts" name="AI Recommendations Service &gt; Error Recovery &gt; should retry failed requests with exponential backoff" time="1.0045242">
        </testcase>
    </testsuite>
    <testsuite name="client/src/services/analytics.test.ts" timestamp="2025-10-09T00:10:02.013Z" hostname="JohnDee" tests="21" failures="0" errors="0" skipped="0" time="0.0487184">
        <testcase classname="client/src/services/analytics.test.ts" name="Analytics Service &gt; Success Rate Tracking &gt; should track successful SEO recommendation applications" time="0.0050515">
        </testcase>
        <testcase classname="client/src/services/analytics.test.ts" name="Analytics Service &gt; Success Rate Tracking &gt; should track failed SEO recommendation applications" time="0.0009865">
        </testcase>
        <testcase classname="client/src/services/analytics.test.ts" name="Analytics Service &gt; Success Rate Tracking &gt; should calculate success rates across multiple applications" time="0.0010821">
        </testcase>
        <testcase classname="client/src/services/analytics.test.ts" name="Analytics Service &gt; Success Rate Tracking &gt; should track success metrics by recommendation type" time="0.0017277">
        </testcase>
        <testcase classname="client/src/services/analytics.test.ts" name="Analytics Service &gt; Usage Analytics &gt; should track user session analytics" time="0.0011633">
        </testcase>
        <testcase classname="client/src/services/analytics.test.ts" name="Analytics Service &gt; Usage Analytics &gt; should track feature usage patterns" time="0.0015519">
        </testcase>
        <testcase classname="client/src/services/analytics.test.ts" name="Analytics Service &gt; Usage Analytics &gt; should track session duration and activity" time="0.000695">
        </testcase>
        <testcase classname="client/src/services/analytics.test.ts" name="Analytics Service &gt; Usage Analytics &gt; should track time-based usage patterns" time="0.0010936">
        </testcase>
        <testcase classname="client/src/services/analytics.test.ts" name="Analytics Service &gt; Error Reporting &gt; should track and categorize application errors" time="0.0016473">
        </testcase>
        <testcase classname="client/src/services/analytics.test.ts" name="Analytics Service &gt; Error Reporting &gt; should track error resolution times" time="0.0007651">
        </testcase>
        <testcase classname="client/src/services/analytics.test.ts" name="Analytics Service &gt; Error Reporting &gt; should identify error patterns and trends" time="0.0015101">
        </testcase>
        <testcase classname="client/src/services/analytics.test.ts" name="Analytics Service &gt; Analytics Persistence &gt; should persist analytics data to localStorage" time="0.0009837">
        </testcase>
        <testcase classname="client/src/services/analytics.test.ts" name="Analytics Service &gt; Analytics Persistence &gt; should load analytics data from localStorage on initialization" time="0.0008494">
        </testcase>
        <testcase classname="client/src/services/analytics.test.ts" name="Analytics Service &gt; Analytics Persistence &gt; should handle corrupted localStorage data gracefully" time="0.0063587">
            <system-err>
Failed to load analytics data from storage: SyntaxError: Unexpected token &apos;i&apos;, &quot;invalid json&quot; is not valid JSON
    at JSON.parse (&lt;anonymous&gt;)
    at AnalyticsService.initialize [90m(C:\Users\Paul Mulligan\PMDS\Projects\AI-SEO-Copilot-for-Webflow\[39mclient\src\services\analytics.ts:65:51[90m)[39m
    at [90mC:\Users\Paul Mulligan\PMDS\Projects\AI-SEO-Copilot-for-Webflow\[39mclient\src\services\analytics.test.ts:407:37
    at Proxy.assertThrows [90m(file:///C:/Users/Paul%20Mulligan/PMDS/Projects/AI-SEO-Copilot-for-Webflow/[39mnode_modules/[4m.pnpm[24m/chai@5.3.1/node_modules/[4mchai[24m/lib/chai/core/assertions.js:2774:5[90m)[39m
    at Proxy.methodWrapper [90m(file:///C:/Users/Paul%20Mulligan/PMDS/Projects/AI-SEO-Copilot-for-Webflow/[39mnode_modules/[4m.pnpm[24m/chai@5.3.1/node_modules/[4mchai[24m/lib/chai/utils/addMethod.js:56:25[90m)[39m
    at Proxy.&lt;anonymous&gt; [90m(file:///C:/Users/Paul%20Mulligan/PMDS/Projects/AI-SEO-Copilot-for-Webflow/[39mnode_modules/[4m.pnpm[24m/@vitest+expect@3.2.4/node_modules/[4m@vitest[24m/expect/dist/index.js:1088:12[90m)[39m
    at Proxy.overwritingMethodWrapper [90m(file:///C:/Users/Paul%20Mulligan/PMDS/Projects/AI-SEO-Copilot-for-Webflow/[39mnode_modules/[4m.pnpm[24m/chai@5.3.1/node_modules/[4mchai[24m/lib/chai/utils/overwriteMethod.js:76:33[90m)[39m
    at Proxy.&lt;anonymous&gt; [90m(file:///C:/Users/Paul%20Mulligan/PMDS/Projects/AI-SEO-Copilot-for-Webflow/[39mnode_modules/[4m.pnpm[24m/@vitest+expect@3.2.4/node_modules/[4m@vitest[24m/expect/dist/index.js:1420:16[90m)[39m
    at Proxy.&lt;anonymous&gt; [90m(file:///C:/Users/Paul%20Mulligan/PMDS/Projects/AI-SEO-Copilot-for-Webflow/[39mnode_modules/[4m.pnpm[24m/@vitest+expect@3.2.4/node_modules/[4m@vitest[24m/expect/dist/index.js:1029:14[90m)[39m
    at Proxy.methodWrapper [90m(file:///C:/Users/Paul%20Mulligan/PMDS/Projects/AI-SEO-Copilot-for-Webflow/[39mnode_modules/[4m.pnpm[24m/chai@5.3.1/node_modules/[4mchai[24m/lib/chai/utils/addMethod.js:56:25[90m)[39m

            </system-err>
        </testcase>
        <testcase classname="client/src/services/analytics.test.ts" name="Analytics Service &gt; Analytics API Integration &gt; should send analytics data to remote analytics service" time="0.0045068">
            <system-out>
Successfully synced 1 events

Successfully synced 1 events

            </system-out>
        </testcase>
        <testcase classname="client/src/services/analytics.test.ts" name="Analytics Service &gt; Analytics API Integration &gt; should handle remote analytics service failures gracefully" time="0.001942">
        </testcase>
        <testcase classname="client/src/services/analytics.test.ts" name="Analytics Service &gt; Analytics API Integration &gt; should batch analytics events for efficient transmission" time="0.0033259">
            <system-out>
Successfully synced 1 events

Successfully synced 2 events

Successfully synced 3 events

Successfully synced 4 events

Successfully synced 5 events

Successfully synced 6 events

Successfully synced 7 events

Successfully synced 8 events

Successfully synced 9 events

Successfully synced 10 events

Successfully synced 10 events

            </system-out>
        </testcase>
        <testcase classname="client/src/services/analytics.test.ts" name="Analytics Service &gt; Privacy and Compliance &gt; should respect user privacy settings" time="0.0017933">
        </testcase>
        <testcase classname="client/src/services/analytics.test.ts" name="Analytics Service &gt; Privacy and Compliance &gt; should anonymize user data when privacy settings require it" time="0.0022812">
        </testcase>
        <testcase classname="client/src/services/analytics.test.ts" name="Analytics Service &gt; Privacy and Compliance &gt; should provide data export functionality for GDPR compliance" time="0.0013431">
        </testcase>
        <testcase classname="client/src/services/analytics.test.ts" name="Analytics Service &gt; Privacy and Compliance &gt; should allow complete data deletion for GDPR compliance" time="0.0014206">
        </testcase>
    </testsuite>
    <testsuite name="client/src/services/impactAnalysis.test.ts" timestamp="2025-10-09T00:10:02.016Z" hostname="JohnDee" tests="14" failures="0" errors="0" skipped="0" time="0.0207291">
        <testcase classname="client/src/services/impactAnalysis.test.ts" name="Impact Analysis Service &gt; analyzeImpact &gt; should analyze impact of batch operations on pages" time="0.0055199">
        </testcase>
        <testcase classname="client/src/services/impactAnalysis.test.ts" name="Impact Analysis Service &gt; analyzeImpact &gt; should identify high-impact operations" time="0.0009394">
        </testcase>
        <testcase classname="client/src/services/impactAnalysis.test.ts" name="Impact Analysis Service &gt; analyzeImpact &gt; should assess risk for bulk CMS operations" time="0.0006894">
        </testcase>
        <testcase classname="client/src/services/impactAnalysis.test.ts" name="Impact Analysis Service &gt; analyzeImpact &gt; should calculate accurate time estimates" time="0.0009103">
        </testcase>
        <testcase classname="client/src/services/impactAnalysis.test.ts" name="Impact Analysis Service &gt; analyzeImpact &gt; should provide meaningful before/after previews" time="0.0006543">
        </testcase>
        <testcase classname="client/src/services/impactAnalysis.test.ts" name="Impact Analysis Service &gt; analyzeImpact &gt; should detect potential SEO conflicts" time="0.0006256">
        </testcase>
        <testcase classname="client/src/services/impactAnalysis.test.ts" name="Impact Analysis Service &gt; calculateTrafficImpact &gt; should estimate traffic impact based on SEO improvements" time="0.0008084">
        </testcase>
        <testcase classname="client/src/services/impactAnalysis.test.ts" name="Impact Analysis Service &gt; calculateTrafficImpact &gt; should account for homepage vs other page impacts" time="0.0004857">
        </testcase>
        <testcase classname="client/src/services/impactAnalysis.test.ts" name="Impact Analysis Service &gt; calculateTrafficImpact &gt; should provide realistic confidence scores" time="0.0004558">
        </testcase>
        <testcase classname="client/src/services/impactAnalysis.test.ts" name="Impact Analysis Service &gt; estimateTimeToComplete &gt; should estimate time based on operation complexity" time="0.000414">
        </testcase>
        <testcase classname="client/src/services/impactAnalysis.test.ts" name="Impact Analysis Service &gt; estimateTimeToComplete &gt; should account for API rate limits" time="0.0006591">
        </testcase>
        <testcase classname="client/src/services/impactAnalysis.test.ts" name="Impact Analysis Service &gt; estimateTimeToComplete &gt; should format time appropriately" time="0.0004672">
        </testcase>
        <testcase classname="client/src/services/impactAnalysis.test.ts" name="Impact Analysis Service &gt; Risk Assessment &gt; should identify risky operation patterns" time="0.0006435">
        </testcase>
        <testcase classname="client/src/services/impactAnalysis.test.ts" name="Impact Analysis Service &gt; Risk Assessment &gt; should provide actionable recommendations" time="0.0004255">
        </testcase>
    </testsuite>
    <testsuite name="client/src/services/rollbackService.test.ts" timestamp="2025-10-09T00:10:02.017Z" hostname="JohnDee" tests="9" failures="0" errors="0" skipped="0" time="0.0261235">
        <testcase classname="client/src/services/rollbackService.test.ts" name="Enhanced Rollback Service &gt; Change Tracking &gt; should track changes from batch operations" time="0.0056482">
        </testcase>
        <testcase classname="client/src/services/rollbackService.test.ts" name="Enhanced Rollback Service &gt; Change Tracking &gt; should track partial failures in batch operations" time="0.0021987">
        </testcase>
        <testcase classname="client/src/services/rollbackService.test.ts" name="Enhanced Rollback Service &gt; Rollback Execution &gt; should execute rollback with progress tracking" time="0.0028881">
        </testcase>
        <testcase classname="client/src/services/rollbackService.test.ts" name="Enhanced Rollback Service &gt; Rollback Execution &gt; should handle rollback failures gracefully" time="0.0007833">
        </testcase>
        <testcase classname="client/src/services/rollbackService.test.ts" name="Enhanced Rollback Service &gt; Rollback Execution &gt; should validate rollback eligibility" time="0.000709">
        </testcase>
        <testcase classname="client/src/services/rollbackService.test.ts" name="Enhanced Rollback Service &gt; Change History Management &gt; should provide change history for a resource" time="0.0007863">
        </testcase>
        <testcase classname="client/src/services/rollbackService.test.ts" name="Enhanced Rollback Service &gt; Change History Management &gt; should support change log persistence" time="0.0049226">
        </testcase>
        <testcase classname="client/src/services/rollbackService.test.ts" name="Enhanced Rollback Service &gt; Change History Management &gt; should cleanup old change logs automatically" time="0.000884">
        </testcase>
        <testcase classname="client/src/services/rollbackService.test.ts" name="Enhanced Rollback Service &gt; Rollback Preview &gt; should generate rollback preview" time="0.0010275">
        </testcase>
    </testsuite>
    <testsuite name="client/src/utils/advancedOptionsStorage.test.ts" timestamp="2025-10-09T00:10:02.018Z" hostname="JohnDee" tests="15" failures="0" errors="0" skipped="0" time="0.035808">
        <testcase classname="client/src/utils/advancedOptionsStorage.test.ts" name="advancedOptionsStorage &gt; saveAdvancedOptionsForPage &gt; should save advanced options for a page" time="0.0072714">
        </testcase>
        <testcase classname="client/src/utils/advancedOptionsStorage.test.ts" name="advancedOptionsStorage &gt; saveAdvancedOptionsForPage &gt; should trim whitespace from options" time="0.0015155">
        </testcase>
        <testcase classname="client/src/utils/advancedOptionsStorage.test.ts" name="advancedOptionsStorage &gt; saveAdvancedOptionsForPage &gt; should remove page entry when both fields are empty" time="0.0010947">
        </testcase>
        <testcase classname="client/src/utils/advancedOptionsStorage.test.ts" name="advancedOptionsStorage &gt; saveAdvancedOptionsForPage &gt; should handle localStorage errors gracefully" time="0.0052491">
        </testcase>
        <testcase classname="client/src/utils/advancedOptionsStorage.test.ts" name="advancedOptionsStorage &gt; loadAdvancedOptionsForPage &gt; should load saved advanced options for a page" time="0.0017598">
        </testcase>
        <testcase classname="client/src/utils/advancedOptionsStorage.test.ts" name="advancedOptionsStorage &gt; loadAdvancedOptionsForPage &gt; should return empty options for non-existent page" time="0.0004835">
        </testcase>
        <testcase classname="client/src/utils/advancedOptionsStorage.test.ts" name="advancedOptionsStorage &gt; loadAdvancedOptionsForPage &gt; should return empty options when localStorage is empty" time="0.0004199">
        </testcase>
        <testcase classname="client/src/utils/advancedOptionsStorage.test.ts" name="advancedOptionsStorage &gt; loadAdvancedOptionsForPage &gt; should handle localStorage errors gracefully" time="0.0009286">
        </testcase>
        <testcase classname="client/src/utils/advancedOptionsStorage.test.ts" name="advancedOptionsStorage &gt; clearAllAdvancedOptions &gt; should remove all stored advanced options" time="0.0021126">
        </testcase>
        <testcase classname="client/src/utils/advancedOptionsStorage.test.ts" name="advancedOptionsStorage &gt; clearAllAdvancedOptions &gt; should handle localStorage errors gracefully" time="0.0008866">
        </testcase>
        <testcase classname="client/src/utils/advancedOptionsStorage.test.ts" name="advancedOptionsStorage &gt; getAllStoredAdvancedOptions &gt; should return all stored advanced options" time="0.0020166">
        </testcase>
        <testcase classname="client/src/utils/advancedOptionsStorage.test.ts" name="advancedOptionsStorage &gt; getAllStoredAdvancedOptions &gt; should return empty object when no options stored" time="0.0003908">
        </testcase>
        <testcase classname="client/src/utils/advancedOptionsStorage.test.ts" name="advancedOptionsStorage &gt; getAllStoredAdvancedOptions &gt; should handle localStorage errors gracefully" time="0.0007785">
        </testcase>
        <testcase classname="client/src/utils/advancedOptionsStorage.test.ts" name="advancedOptionsStorage &gt; page persistence scenarios &gt; should handle multiple pages with different options" time="0.0030434">
        </testcase>
        <testcase classname="client/src/utils/advancedOptionsStorage.test.ts" name="advancedOptionsStorage &gt; page persistence scenarios &gt; should update existing page options" time="0.0016796">
        </testcase>
    </testsuite>
    <testsuite name="client/src/utils/clipboard.test.tsx" timestamp="2025-10-09T00:10:02.019Z" hostname="JohnDee" tests="4" failures="0" errors="0" skipped="0" time="0.0303694">
        <testcase classname="client/src/utils/clipboard.test.tsx" name="clipboard utilities &gt; copyToClipboard &gt; uses modern clipboard API when available" time="0.0095255">
        </testcase>
        <testcase classname="client/src/utils/clipboard.test.tsx" name="clipboard utilities &gt; copyToClipboard &gt; falls back to execCommand when clipboard API fails" time="0.0100098">
            <system-err>
Modern clipboard API failed: Error: Clipboard API failed
    at [90mC:\Users\Paul Mulligan\PMDS\Projects\AI-SEO-Copilot-for-Webflow\[39mclient\src\utils\clipboard.test.tsx:40:49
    at [90mfile:///C:/Users/Paul%20Mulligan/PMDS/Projects/AI-SEO-Copilot-for-Webflow/[39mnode_modules/[4m.pnpm[24m/@vitest+runner@3.2.4/node_modules/[4m@vitest[24m/runner/dist/chunk-hooks.js:155:11
    at [90mfile:///C:/Users/Paul%20Mulligan/PMDS/Projects/AI-SEO-Copilot-for-Webflow/[39mnode_modules/[4m.pnpm[24m/@vitest+runner@3.2.4/node_modules/[4m@vitest[24m/runner/dist/chunk-hooks.js:752:26
    at [90mfile:///C:/Users/Paul%20Mulligan/PMDS/Projects/AI-SEO-Copilot-for-Webflow/[39mnode_modules/[4m.pnpm[24m/@vitest+runner@3.2.4/node_modules/[4m@vitest[24m/runner/dist/chunk-hooks.js:1897:20
    at new Promise (&lt;anonymous&gt;)
    at runWithTimeout [90m(file:///C:/Users/Paul%20Mulligan/PMDS/Projects/AI-SEO-Copilot-for-Webflow/[39mnode_modules/[4m.pnpm[24m/@vitest+runner@3.2.4/node_modules/[4m@vitest[24m/runner/dist/chunk-hooks.js:1863:10[90m)[39m
    at runTest [90m(file:///C:/Users/Paul%20Mulligan/PMDS/Projects/AI-SEO-Copilot-for-Webflow/[39mnode_modules/[4m.pnpm[24m/@vitest+runner@3.2.4/node_modules/[4m@vitest[24m/runner/dist/chunk-hooks.js:1574:12[90m)[39m
[90m    at processTicksAndRejections (node:internal/process/task_queues:105:5)[39m
    at runSuite [90m(file:///C:/Users/Paul%20Mulligan/PMDS/Projects/AI-SEO-Copilot-for-Webflow/[39mnode_modules/[4m.pnpm[24m/@vitest+runner@3.2.4/node_modules/[4m@vitest[24m/runner/dist/chunk-hooks.js:1729:8[90m)[39m
    at runSuite [90m(file:///C:/Users/Paul%20Mulligan/PMDS/Projects/AI-SEO-Copilot-for-Webflow/[39mnode_modules/[4m.pnpm[24m/@vitest+runner@3.2.4/node_modules/[4m@vitest[24m/runner/dist/chunk-hooks.js:1729:8[90m)[39m

            </system-err>
        </testcase>
        <testcase classname="client/src/utils/clipboard.test.tsx" name="clipboard utilities &gt; copyToClipboard &gt; returns false when both methods fail" time="0.0036523">
            <system-err>
Modern clipboard API failed: Error: Clipboard API failed
    at [90mC:\Users\Paul Mulligan\PMDS\Projects\AI-SEO-Copilot-for-Webflow\[39mclient\src\utils\clipboard.test.tsx:49:49
    at [90mfile:///C:/Users/Paul%20Mulligan/PMDS/Projects/AI-SEO-Copilot-for-Webflow/[39mnode_modules/[4m.pnpm[24m/@vitest+runner@3.2.4/node_modules/[4m@vitest[24m/runner/dist/chunk-hooks.js:155:11
    at [90mfile:///C:/Users/Paul%20Mulligan/PMDS/Projects/AI-SEO-Copilot-for-Webflow/[39mnode_modules/[4m.pnpm[24m/@vitest+runner@3.2.4/node_modules/[4m@vitest[24m/runner/dist/chunk-hooks.js:752:26
    at [90mfile:///C:/Users/Paul%20Mulligan/PMDS/Projects/AI-SEO-Copilot-for-Webflow/[39mnode_modules/[4m.pnpm[24m/@vitest+runner@3.2.4/node_modules/[4m@vitest[24m/runner/dist/chunk-hooks.js:1897:20
    at new Promise (&lt;anonymous&gt;)
    at runWithTimeout [90m(file:///C:/Users/Paul%20Mulligan/PMDS/Projects/AI-SEO-Copilot-for-Webflow/[39mnode_modules/[4m.pnpm[24m/@vitest+runner@3.2.4/node_modules/[4m@vitest[24m/runner/dist/chunk-hooks.js:1863:10[90m)[39m
    at runTest [90m(file:///C:/Users/Paul%20Mulligan/PMDS/Projects/AI-SEO-Copilot-for-Webflow/[39mnode_modules/[4m.pnpm[24m/@vitest+runner@3.2.4/node_modules/[4m@vitest[24m/runner/dist/chunk-hooks.js:1574:12[90m)[39m
[90m    at processTicksAndRejections (node:internal/process/task_queues:105:5)[39m
    at runSuite [90m(file:///C:/Users/Paul%20Mulligan/PMDS/Projects/AI-SEO-Copilot-for-Webflow/[39mnode_modules/[4m.pnpm[24m/@vitest+runner@3.2.4/node_modules/[4m@vitest[24m/runner/dist/chunk-hooks.js:1729:8[90m)[39m
    at runSuite [90m(file:///C:/Users/Paul%20Mulligan/PMDS/Projects/AI-SEO-Copilot-for-Webflow/[39mnode_modules/[4m.pnpm[24m/@vitest+runner@3.2.4/node_modules/[4m@vitest[24m/runner/dist/chunk-hooks.js:1729:8[90m)[39m

            </system-err>
        </testcase>
        <testcase classname="client/src/utils/clipboard.test.tsx" name="clipboard utilities &gt; copyToClipboard &gt; handles empty text" time="0.0009401">
        </testcase>
    </testsuite>
    <testsuite name="client/src/utils/insertionHelpers.content.test.ts" timestamp="2025-10-09T00:10:02.020Z" hostname="JohnDee" tests="19" failures="0" errors="0" skipped="0" time="0.0122443">
        <testcase classname="client/src/utils/insertionHelpers.content.test.ts" name="Content Element Apply Functionality - DISABLED &gt; H1 Heading Apply Functionality &gt; should NOT recognize H1 heading check as applicable (DISABLED)" time="0.0021899">
        </testcase>
        <testcase classname="client/src/utils/insertionHelpers.content.test.ts" name="Content Element Apply Functionality - DISABLED &gt; H1 Heading Apply Functionality &gt; should return null for h1_heading insertion request (DISABLED)" time="0.0005305">
        </testcase>
        <testcase classname="client/src/utils/insertionHelpers.content.test.ts" name="Content Element Apply Functionality - DISABLED &gt; H1 Heading Apply Functionality &gt; should provide fallback description for H1 (DISABLED)" time="0.0003062">
        </testcase>
        <testcase classname="client/src/utils/insertionHelpers.content.test.ts" name="Content Element Apply Functionality - DISABLED &gt; H1 Heading Apply Functionality &gt; should return null for H1 context regardless of pageId (DISABLED)" time="0.0002331">
        </testcase>
        <testcase classname="client/src/utils/insertionHelpers.content.test.ts" name="Content Element Apply Functionality - DISABLED &gt; H2 Heading Apply Functionality &gt; should NOT recognize H2 heading check as applicable (DISABLED)" time="0.0002356">
        </testcase>
        <testcase classname="client/src/utils/insertionHelpers.content.test.ts" name="Content Element Apply Functionality - DISABLED &gt; H2 Heading Apply Functionality &gt; should return null for h2_heading insertion request (DISABLED)" time="0.0001996">
        </testcase>
        <testcase classname="client/src/utils/insertionHelpers.content.test.ts" name="Content Element Apply Functionality - DISABLED &gt; H2 Heading Apply Functionality &gt; should provide fallback description for H2 (DISABLED)" time="0.0002461">
        </testcase>
        <testcase classname="client/src/utils/insertionHelpers.content.test.ts" name="Content Element Apply Functionality - DISABLED &gt; H2 Heading Apply Functionality &gt; should return null for H2 insertion regardless of configuration (DISABLED)" time="0.0001909">
        </testcase>
        <testcase classname="client/src/utils/insertionHelpers.content.test.ts" name="Content Element Apply Functionality - DISABLED &gt; Introduction Paragraph Apply Functionality &gt; should NOT recognize introduction check as applicable (DISABLED)" time="0.000182">
        </testcase>
        <testcase classname="client/src/utils/insertionHelpers.content.test.ts" name="Content Element Apply Functionality - DISABLED &gt; Introduction Paragraph Apply Functionality &gt; should return null for introduction insertion request (DISABLED)" time="0.000181">
        </testcase>
        <testcase classname="client/src/utils/insertionHelpers.content.test.ts" name="Content Element Apply Functionality - DISABLED &gt; Introduction Paragraph Apply Functionality &gt; should provide fallback description for introduction (DISABLED)" time="0.0001631">
        </testcase>
        <testcase classname="client/src/utils/insertionHelpers.content.test.ts" name="Content Element Apply Functionality - DISABLED &gt; Introduction Paragraph Apply Functionality &gt; should return null for introduction context regardless of configuration (DISABLED)" time="0.0001735">
        </testcase>
        <testcase classname="client/src/utils/insertionHelpers.content.test.ts" name="Content Element Apply Functionality - DISABLED &gt; Edge Cases and Error Handling &gt; should return null for unsupported content check titles" time="0.000203">
        </testcase>
        <testcase classname="client/src/utils/insertionHelpers.content.test.ts" name="Content Element Apply Functionality - DISABLED &gt; Edge Cases and Error Handling &gt; should return null for disabled insertion types even with empty recommendations" time="0.0001865">
        </testcase>
        <testcase classname="client/src/utils/insertionHelpers.content.test.ts" name="Content Element Apply Functionality - DISABLED &gt; Edge Cases and Error Handling &gt; should handle case-insensitive check title matching for disabled types" time="0.000203">
        </testcase>
        <testcase classname="client/src/utils/insertionHelpers.content.test.ts" name="Content Element Apply Functionality - DISABLED &gt; Edge Cases and Error Handling &gt; should provide fallback description for unknown types" time="0.0001897">
        </testcase>
        <testcase classname="client/src/utils/insertionHelpers.content.test.ts" name="Content Element Apply Functionality - DISABLED &gt; Backward Compatibility &gt; should maintain existing functionality for page title" time="0.0003273">
        </testcase>
        <testcase classname="client/src/utils/insertionHelpers.content.test.ts" name="Content Element Apply Functionality - DISABLED &gt; Backward Compatibility &gt; should maintain existing functionality for meta description" time="0.0003257">
        </testcase>
        <testcase classname="client/src/utils/insertionHelpers.content.test.ts" name="Content Element Apply Functionality - DISABLED &gt; Backward Compatibility &gt; should maintain existing functionality for URL slug" time="0.0001968">
        </testcase>
    </testsuite>
    <testsuite name="client/src/utils/insertionHelpers.test.ts" timestamp="2025-10-09T00:10:02.022Z" hostname="JohnDee" tests="16" failures="0" errors="0" skipped="0" time="0.0095526">
        <testcase classname="client/src/utils/insertionHelpers.test.ts" name="insertionHelpers &gt; createInsertionRequest - Title checks &gt; should create page_title request for &quot;Keyphrase in Title&quot; check" time="0.0019535">
        </testcase>
        <testcase classname="client/src/utils/insertionHelpers.test.ts" name="insertionHelpers &gt; createInsertionRequest - Title checks &gt; should handle various title check formats" time="0.0003619">
        </testcase>
        <testcase classname="client/src/utils/insertionHelpers.test.ts" name="insertionHelpers &gt; createInsertionRequest - Title checks &gt; should return null for non-insertable checks" time="0.00034">
        </testcase>
        <testcase classname="client/src/utils/insertionHelpers.test.ts" name="insertionHelpers &gt; canApplyRecommendation - Title checks &gt; should return true for &quot;Keyphrase in Title&quot;" time="0.000211">
        </testcase>
        <testcase classname="client/src/utils/insertionHelpers.test.ts" name="insertionHelpers &gt; canApplyRecommendation - Title checks &gt; should return true for existing meta description check" time="0.000164">
        </testcase>
        <testcase classname="client/src/utils/insertionHelpers.test.ts" name="insertionHelpers &gt; canApplyRecommendation - Title checks &gt; should return false for non-insertable checks" time="0.0001857">
        </testcase>
        <testcase classname="client/src/utils/insertionHelpers.test.ts" name="insertionHelpers &gt; getApplyDescription - Title checks &gt; should return correct description for title checks" time="0.000233">
        </testcase>
        <testcase classname="client/src/utils/insertionHelpers.test.ts" name="insertionHelpers &gt; getApplyDescription - Title checks &gt; should return correct description for meta description checks" time="0.0002176">
        </testcase>
        <testcase classname="client/src/utils/insertionHelpers.test.ts" name="insertionHelpers &gt; createInsertionRequest - URL checks &gt; should create page_slug request for &quot;Keyphrase in URL&quot; check" time="0.0003095">
        </testcase>
        <testcase classname="client/src/utils/insertionHelpers.test.ts" name="insertionHelpers &gt; createInsertionRequest - URL checks &gt; should handle various URL check formats" time="0.0002501">
        </testcase>
        <testcase classname="client/src/utils/insertionHelpers.test.ts" name="insertionHelpers &gt; canApplyRecommendation - URL checks &gt; should return true for &quot;Keyphrase in URL&quot;" time="0.0001388">
        </testcase>
        <testcase classname="client/src/utils/insertionHelpers.test.ts" name="insertionHelpers &gt; getApplyDescription - URL checks &gt; should return correct description for URL checks" time="0.0001523">
        </testcase>
        <testcase classname="client/src/utils/insertionHelpers.test.ts" name="insertionHelpers &gt; createInsertionRequest - Schema checks &gt; should create custom_code request for schema markup" time="0.0003333">
        </testcase>
        <testcase classname="client/src/utils/insertionHelpers.test.ts" name="insertionHelpers &gt; createInsertionRequest - Schema checks &gt; should handle various schema check formats" time="0.0002773">
        </testcase>
        <testcase classname="client/src/utils/insertionHelpers.test.ts" name="insertionHelpers &gt; canApplyRecommendation - Schema checks &gt; should return true for schema-related checks" time="0.0001759">
        </testcase>
        <testcase classname="client/src/utils/insertionHelpers.test.ts" name="insertionHelpers &gt; getApplyDescription - Schema checks &gt; should return correct description for schema checks" time="0.0001526">
        </testcase>
    </testsuite>
    <testsuite name="client/src/utils/keywordStorage.test.ts" timestamp="2025-10-09T00:10:02.024Z" hostname="JohnDee" tests="21" failures="0" errors="0" skipped="0" time="0.0255588">
        <testcase classname="client/src/utils/keywordStorage.test.ts" name="keywordStorage &gt; generatePageId &gt; returns &quot;homepage&quot; for homepage regardless of path" time="0.0029197">
        </testcase>
        <testcase classname="client/src/utils/keywordStorage.test.ts" name="keywordStorage &gt; generatePageId &gt; cleans and returns path for non-homepage pages" time="0.0009651">
        </testcase>
        <testcase classname="client/src/utils/keywordStorage.test.ts" name="keywordStorage &gt; generatePageId &gt; handles null path for non-homepage" time="0.0005795">
        </testcase>
        <testcase classname="client/src/utils/keywordStorage.test.ts" name="keywordStorage &gt; generatePageId &gt; handles empty path" time="0.0004957">
        </testcase>
        <testcase classname="client/src/utils/keywordStorage.test.ts" name="keywordStorage &gt; generatePageId &gt; includes siteId prefix when provided" time="0.0005311">
        </testcase>
        <testcase classname="client/src/utils/keywordStorage.test.ts" name="keywordStorage &gt; generatePageId &gt; works without siteId for backward compatibility" time="0.000556">
        </testcase>
        <testcase classname="client/src/utils/keywordStorage.test.ts" name="keywordStorage &gt; saveKeywordsForPage &gt; saves keywords to localStorage" time="0.0024646">
        </testcase>
        <testcase classname="client/src/utils/keywordStorage.test.ts" name="keywordStorage &gt; saveKeywordsForPage &gt; creates new storage when none exists" time="0.0004525">
        </testcase>
        <testcase classname="client/src/utils/keywordStorage.test.ts" name="keywordStorage &gt; saveKeywordsForPage &gt; trims whitespace from keywords" time="0.0004397">
        </testcase>
        <testcase classname="client/src/utils/keywordStorage.test.ts" name="keywordStorage &gt; saveKeywordsForPage &gt; removes entry when keywords are empty" time="0.0005715">
        </testcase>
        <testcase classname="client/src/utils/keywordStorage.test.ts" name="keywordStorage &gt; saveKeywordsForPage &gt; handles localStorage errors gracefully" time="0.0034903">
        </testcase>
        <testcase classname="client/src/utils/keywordStorage.test.ts" name="keywordStorage &gt; loadKeywordsForPage &gt; loads keywords from localStorage" time="0.0006613">
        </testcase>
        <testcase classname="client/src/utils/keywordStorage.test.ts" name="keywordStorage &gt; loadKeywordsForPage &gt; returns empty string when no storage exists" time="0.0003654">
        </testcase>
        <testcase classname="client/src/utils/keywordStorage.test.ts" name="keywordStorage &gt; loadKeywordsForPage &gt; returns empty string when page not found" time="0.000351">
        </testcase>
        <testcase classname="client/src/utils/keywordStorage.test.ts" name="keywordStorage &gt; loadKeywordsForPage &gt; handles localStorage errors gracefully" time="0.0007337">
        </testcase>
        <testcase classname="client/src/utils/keywordStorage.test.ts" name="keywordStorage &gt; loadKeywordsForPage &gt; handles invalid JSON gracefully" time="0.0005526">
        </testcase>
        <testcase classname="client/src/utils/keywordStorage.test.ts" name="keywordStorage &gt; clearAllKeywords &gt; removes the storage key from localStorage" time="0.0004269">
        </testcase>
        <testcase classname="client/src/utils/keywordStorage.test.ts" name="keywordStorage &gt; clearAllKeywords &gt; handles localStorage errors gracefully" time="0.0005894">
        </testcase>
        <testcase classname="client/src/utils/keywordStorage.test.ts" name="keywordStorage &gt; getAllStoredKeywords &gt; returns all stored keywords" time="0.0006581">
        </testcase>
        <testcase classname="client/src/utils/keywordStorage.test.ts" name="keywordStorage &gt; getAllStoredKeywords &gt; returns empty object when no storage exists" time="0.0003894">
        </testcase>
        <testcase classname="client/src/utils/keywordStorage.test.ts" name="keywordStorage &gt; getAllStoredKeywords &gt; handles localStorage errors gracefully" time="0.000587">
        </testcase>
    </testsuite>
    <testsuite name="client/src/utils/languageStorage.test.ts" timestamp="2025-10-09T00:10:02.026Z" hostname="JohnDee" tests="9" failures="0" errors="0" skipped="0" time="0.0135042">
        <testcase classname="client/src/utils/languageStorage.test.ts" name="Language Storage with Site Detection &gt; loadLanguageForSite &gt; should return detected site language when no preferences stored" time="0.0022504">
        </testcase>
        <testcase classname="client/src/utils/languageStorage.test.ts" name="Language Storage with Site Detection &gt; loadLanguageForSite &gt; should return detected site language when no preference for specific site" time="0.0004357">
        </testcase>
        <testcase classname="client/src/utils/languageStorage.test.ts" name="Language Storage with Site Detection &gt; loadLanguageForSite &gt; should return stored preference when available" time="0.0004548">
        </testcase>
        <testcase classname="client/src/utils/languageStorage.test.ts" name="Language Storage with Site Detection &gt; loadLanguageForSite &gt; should handle localStorage errors gracefully" time="0.0026102">
            <system-err>
Failed to load language preference from localStorage: Error: localStorage error
    at Object.&lt;anonymous&gt; [90m(C:\Users\Paul Mulligan\PMDS\Projects\AI-SEO-Copilot-for-Webflow\[39mclient\src\utils\languageStorage.test.ts:116:15[90m)[39m
    at Object.mockCall [90m(file:///C:/Users/Paul%20Mulligan/PMDS/Projects/AI-SEO-Copilot-for-Webflow/[39mnode_modules/[4m.pnpm[24m/@vitest+spy@3.2.4/node_modules/[4m@vitest[24m/spy/dist/index.js:96:15[90m)[39m
    at Object.getItem [90m(file:///C:/Users/Paul%20Mulligan/PMDS/Projects/AI-SEO-Copilot-for-Webflow/[39mnode_modules/[4m.pnpm[24m/tinyspy@4.0.3/node_modules/[4mtinyspy[24m/dist/index.js:47:103[90m)[39m
    at Module.loadLanguageForSite [90m(C:\Users\Paul Mulligan\PMDS\Projects\AI-SEO-Copilot-for-Webflow\[39mclient\src\utils\languageStorage.ts:46:33[90m)[39m
    at [90mC:\Users\Paul Mulligan\PMDS\Projects\AI-SEO-Copilot-for-Webflow\[39mclient\src\utils\languageStorage.test.ts:119:22
    at [90mfile:///C:/Users/Paul%20Mulligan/PMDS/Projects/AI-SEO-Copilot-for-Webflow/[39mnode_modules/[4m.pnpm[24m/@vitest+runner@3.2.4/node_modules/[4m@vitest[24m/runner/dist/chunk-hooks.js:155:11
    at [90mfile:///C:/Users/Paul%20Mulligan/PMDS/Projects/AI-SEO-Copilot-for-Webflow/[39mnode_modules/[4m.pnpm[24m/@vitest+runner@3.2.4/node_modules/[4m@vitest[24m/runner/dist/chunk-hooks.js:752:26
    at [90mfile:///C:/Users/Paul%20Mulligan/PMDS/Projects/AI-SEO-Copilot-for-Webflow/[39mnode_modules/[4m.pnpm[24m/@vitest+runner@3.2.4/node_modules/[4m@vitest[24m/runner/dist/chunk-hooks.js:1897:20
    at new Promise (&lt;anonymous&gt;)
    at runWithTimeout [90m(file:///C:/Users/Paul%20Mulligan/PMDS/Projects/AI-SEO-Copilot-for-Webflow/[39mnode_modules/[4m.pnpm[24m/@vitest+runner@3.2.4/node_modules/[4m@vitest[24m/runner/dist/chunk-hooks.js:1863:10[90m)[39m

            </system-err>
        </testcase>
        <testcase classname="client/src/utils/languageStorage.test.ts" name="Language Storage with Site Detection &gt; saveLanguageForSite &gt; should save language preference correctly" time="0.0019092">
        </testcase>
        <testcase classname="client/src/utils/languageStorage.test.ts" name="Language Storage with Site Detection &gt; saveLanguageForSite &gt; should handle unsupported language codes" time="0.0006307">
            <system-err>
Unsupported language code: xyz. Using default language.

            </system-err>
        </testcase>
        <testcase classname="client/src/utils/languageStorage.test.ts" name="Language Storage with Site Detection &gt; getLanguageCodeForSite &gt; should return language code for site" time="0.0003472">
        </testcase>
        <testcase classname="client/src/utils/languageStorage.test.ts" name="Language Storage with Site Detection &gt; integration with site detection &gt; should prioritize saved preference over site detection" time="0.0004455">
        </testcase>
        <testcase classname="client/src/utils/languageStorage.test.ts" name="Language Storage with Site Detection &gt; integration with site detection &gt; should fall back to detection for new sites" time="0.0003356">
        </testcase>
    </testsuite>
    <testsuite name="client/src/components/ui/alert.test.tsx" timestamp="2025-10-09T00:10:02.027Z" hostname="JohnDee" tests="6" failures="0" errors="0" skipped="0" time="0.0796767">
        <testcase classname="client/src/components/ui/alert.test.tsx" name="Alert Components &gt; Alert &gt; renders with default variant" time="0.0513727">
        </testcase>
        <testcase classname="client/src/components/ui/alert.test.tsx" name="Alert Components &gt; Alert &gt; applies destructive variant correctly" time="0.0079885">
        </testcase>
        <testcase classname="client/src/components/ui/alert.test.tsx" name="Alert Components &gt; Alert &gt; forwards ref correctly" time="0.0038397">
        </testcase>
        <testcase classname="client/src/components/ui/alert.test.tsx" name="Alert Components &gt; AlertTitle &gt; renders with proper styling" time="0.0033857">
        </testcase>
        <testcase classname="client/src/components/ui/alert.test.tsx" name="Alert Components &gt; AlertDescription &gt; renders with proper styling" time="0.003509">
        </testcase>
        <testcase classname="client/src/components/ui/alert.test.tsx" name="Alert Components &gt; composes alert components correctly" time="0.003725">
        </testcase>
    </testsuite>
    <testsuite name="client/src/components/ui/ApplyButton.test.tsx" timestamp="2025-10-09T00:10:02.027Z" hostname="JohnDee" tests="21" failures="0" errors="0" skipped="0" time="0.7791492">
        <testcase classname="client/src/components/ui/ApplyButton.test.tsx" name="ApplyButton &gt; Basic Rendering &gt; should render apply button with default state" time="0.0432803">
        </testcase>
        <testcase classname="client/src/components/ui/ApplyButton.test.tsx" name="ApplyButton &gt; Basic Rendering &gt; should render with custom label" time="0.0047383">
        </testcase>
        <testcase classname="client/src/components/ui/ApplyButton.test.tsx" name="ApplyButton &gt; Basic Rendering &gt; should show loading state" time="0.0081899">
        </testcase>
        <testcase classname="client/src/components/ui/ApplyButton.test.tsx" name="ApplyButton &gt; Basic Rendering &gt; should show success state" time="0.0062856">
        </testcase>
        <testcase classname="client/src/components/ui/ApplyButton.test.tsx" name="ApplyButton &gt; Basic Rendering &gt; should show error state" time="0.0060227">
        </testcase>
        <testcase classname="client/src/components/ui/ApplyButton.test.tsx" name="ApplyButton &gt; User Interactions &gt; should call onApply when clicked" time="0.0448552">
        </testcase>
        <testcase classname="client/src/components/ui/ApplyButton.test.tsx" name="ApplyButton &gt; User Interactions &gt; should not call onApply when disabled" time="0.0611401">
        </testcase>
        <testcase classname="client/src/components/ui/ApplyButton.test.tsx" name="ApplyButton &gt; User Interactions &gt; should handle keyboard navigation" time="0.0454141">
        </testcase>
        <testcase classname="client/src/components/ui/ApplyButton.test.tsx" name="ApplyButton &gt; Accessibility &gt; should have proper ARIA labels" time="0.0040227">
        </testcase>
        <testcase classname="client/src/components/ui/ApplyButton.test.tsx" name="ApplyButton &gt; Accessibility &gt; should have loading state ARIA attributes" time="0.0054135">
        </testcase>
        <testcase classname="client/src/components/ui/ApplyButton.test.tsx" name="ApplyButton &gt; Accessibility &gt; should have error state ARIA attributes" time="0.0100907">
        </testcase>
        <testcase classname="client/src/components/ui/ApplyButton.test.tsx" name="ApplyButton &gt; Confirmation Mode &gt; should show confirmation dialog when requiresConfirmation is true" time="0.0701292">
        </testcase>
        <testcase classname="client/src/components/ui/ApplyButton.test.tsx" name="ApplyButton &gt; Confirmation Mode &gt; should call onApply when confirmation is accepted" time="0.118841">
        </testcase>
        <testcase classname="client/src/components/ui/ApplyButton.test.tsx" name="ApplyButton &gt; Confirmation Mode &gt; should not call onApply when confirmation is cancelled" time="0.1407347">
        </testcase>
        <testcase classname="client/src/components/ui/ApplyButton.test.tsx" name="ApplyButton &gt; Different Insertion Types &gt; should handle page title insertion" time="0.0086428">
        </testcase>
        <testcase classname="client/src/components/ui/ApplyButton.test.tsx" name="ApplyButton &gt; Different Insertion Types &gt; should handle meta description insertion" time="0.0064325">
        </testcase>
        <testcase classname="client/src/components/ui/ApplyButton.test.tsx" name="ApplyButton &gt; Different Insertion Types &gt; should handle CMS field insertion" time="0.0077654">
        </testcase>
        <testcase classname="client/src/components/ui/ApplyButton.test.tsx" name="ApplyButton &gt; Error Handling &gt; should show error tooltip on hover" time="0.0697028">
        </testcase>
        <testcase classname="client/src/components/ui/ApplyButton.test.tsx" name="ApplyButton &gt; Error Handling &gt; should call onError when provided" time="0.0862549">
        </testcase>
        <testcase classname="client/src/components/ui/ApplyButton.test.tsx" name="ApplyButton &gt; Success Animation &gt; should show success animation when success state changes" time="0.0100021">
        </testcase>
        <testcase classname="client/src/components/ui/ApplyButton.test.tsx" name="ApplyButton &gt; Success Animation &gt; should auto-reset success state after timeout" time="0.0163435">
        </testcase>
    </testsuite>
    <testsuite name="client/src/components/ui/badge.test.tsx" timestamp="2025-10-09T00:10:02.029Z" hostname="JohnDee" tests="23" failures="0" errors="0" skipped="0" time="0.1017137">
        <testcase classname="client/src/components/ui/badge.test.tsx" name="Badge &gt; should render with default variant" time="0.0314332">
        </testcase>
        <testcase classname="client/src/components/ui/badge.test.tsx" name="Badge &gt; should apply default classes" time="0.0036537">
        </testcase>
        <testcase classname="client/src/components/ui/badge.test.tsx" name="Badge &gt; Variants &gt; should render default variant correctly" time="0.0027767">
        </testcase>
        <testcase classname="client/src/components/ui/badge.test.tsx" name="Badge &gt; Variants &gt; should render secondary variant correctly" time="0.0022448">
        </testcase>
        <testcase classname="client/src/components/ui/badge.test.tsx" name="Badge &gt; Variants &gt; should render destructive variant correctly" time="0.0026436">
        </testcase>
        <testcase classname="client/src/components/ui/badge.test.tsx" name="Badge &gt; Variants &gt; should render outline variant correctly" time="0.0023718">
        </testcase>
        <testcase classname="client/src/components/ui/badge.test.tsx" name="Badge &gt; Props and Attributes &gt; should accept additional className" time="0.002297">
        </testcase>
        <testcase classname="client/src/components/ui/badge.test.tsx" name="Badge &gt; Props and Attributes &gt; should forward HTML attributes" time="0.0032299">
        </testcase>
        <testcase classname="client/src/components/ui/badge.test.tsx" name="Badge &gt; Props and Attributes &gt; should render as div element" time="0.0026715">
        </testcase>
        <testcase classname="client/src/components/ui/badge.test.tsx" name="Badge &gt; Props and Attributes &gt; should render children correctly" time="0.0074078">
        </testcase>
        <testcase classname="client/src/components/ui/badge.test.tsx" name="Badge &gt; Props and Attributes &gt; should support event handlers" time="0.0065086">
        </testcase>
        <testcase classname="client/src/components/ui/badge.test.tsx" name="Badge &gt; Styling Combinations &gt; should combine variant classes with custom className" time="0.0024695">
        </testcase>
        <testcase classname="client/src/components/ui/badge.test.tsx" name="Badge &gt; Styling Combinations &gt; should handle empty content" time="0.0023779">
        </testcase>
        <testcase classname="client/src/components/ui/badge.test.tsx" name="Badge &gt; Accessibility &gt; should support accessibility attributes" time="0.0025398">
        </testcase>
        <testcase classname="client/src/components/ui/badge.test.tsx" name="Badge &gt; Accessibility &gt; should be focusable when interactive" time="0.0034048">
        </testcase>
        <testcase classname="client/src/components/ui/badge.test.tsx" name="Badge &gt; badgeVariants Export &gt; should export badgeVariants function" time="0.0004353">
        </testcase>
        <testcase classname="client/src/components/ui/badge.test.tsx" name="Badge &gt; badgeVariants Export &gt; should return class string when called with variant" time="0.0004416">
        </testcase>
        <testcase classname="client/src/components/ui/badge.test.tsx" name="Badge &gt; badgeVariants Export &gt; should handle undefined variant" time="0.0002937">
        </testcase>
        <testcase classname="client/src/components/ui/badge.test.tsx" name="Badge &gt; Edge Cases &gt; should handle null children" time="0.0023615">
        </testcase>
        <testcase classname="client/src/components/ui/badge.test.tsx" name="Badge &gt; Edge Cases &gt; should handle undefined variant gracefully" time="0.0021042">
        </testcase>
        <testcase classname="client/src/components/ui/badge.test.tsx" name="Badge &gt; Edge Cases &gt; should handle boolean children" time="0.0020701">
        </testcase>
        <testcase classname="client/src/components/ui/badge.test.tsx" name="Badge &gt; Edge Cases &gt; should handle number children" time="0.0020698">
        </testcase>
        <testcase classname="client/src/components/ui/badge.test.tsx" name="Badge &gt; Component Interface &gt; should extend HTML div attributes" time="0.0070208">
        </testcase>
    </testsuite>
    <testsuite name="client/src/components/ui/BatchApplyButton.test.tsx" timestamp="2025-10-09T00:10:02.031Z" hostname="JohnDee" tests="26" failures="0" errors="0" skipped="0" time="1.1713948">
        <testcase classname="client/src/components/ui/BatchApplyButton.test.tsx" name="BatchApplyButton &gt; Basic Rendering &gt; should render batch apply button with operation count" time="0.0415328">
        </testcase>
        <testcase classname="client/src/components/ui/BatchApplyButton.test.tsx" name="BatchApplyButton &gt; Basic Rendering &gt; should show affected pages and items count" time="0.0070603">
        </testcase>
        <testcase classname="client/src/components/ui/BatchApplyButton.test.tsx" name="BatchApplyButton &gt; Basic Rendering &gt; should show estimated time" time="0.0045694">
        </testcase>
        <testcase classname="client/src/components/ui/BatchApplyButton.test.tsx" name="BatchApplyButton &gt; Basic Rendering &gt; should be disabled when no operations" time="0.0053855">
        </testcase>
        <testcase classname="client/src/components/ui/BatchApplyButton.test.tsx" name="BatchApplyButton &gt; Batch Confirmation &gt; should show confirmation dialog when confirmationRequired is true" time="0.0938153">
        </testcase>
        <testcase classname="client/src/components/ui/BatchApplyButton.test.tsx" name="BatchApplyButton &gt; Batch Confirmation &gt; should show operation breakdown in confirmation" time="0.0604502">
        </testcase>
        <testcase classname="client/src/components/ui/BatchApplyButton.test.tsx" name="BatchApplyButton &gt; Batch Confirmation &gt; should proceed with batch when confirmed" time="0.1177337">
        </testcase>
        <testcase classname="client/src/components/ui/BatchApplyButton.test.tsx" name="BatchApplyButton &gt; Batch Confirmation &gt; should cancel batch when cancelled" time="0.1148237">
        </testcase>
        <testcase classname="client/src/components/ui/BatchApplyButton.test.tsx" name="BatchApplyButton &gt; Progress Tracking &gt; should show progress during batch operation" time="0.0176484">
        </testcase>
        <testcase classname="client/src/components/ui/BatchApplyButton.test.tsx" name="BatchApplyButton &gt; Progress Tracking &gt; should show progress bar animation" time="0.0153316">
        </testcase>
        <testcase classname="client/src/components/ui/BatchApplyButton.test.tsx" name="BatchApplyButton &gt; Progress Tracking &gt; should show completion state" time="0.0141547">
        </testcase>
        <testcase classname="client/src/components/ui/BatchApplyButton.test.tsx" name="BatchApplyButton &gt; Progress Tracking &gt; should show partial failure state" time="0.0094892">
        </testcase>
        <testcase classname="client/src/components/ui/BatchApplyButton.test.tsx" name="BatchApplyButton &gt; Rollback Functionality &gt; should show rollback button when rollback is available" time="0.0197587">
        </testcase>
        <testcase classname="client/src/components/ui/BatchApplyButton.test.tsx" name="BatchApplyButton &gt; Rollback Functionality &gt; should call onRollback when rollback button is clicked" time="0.0595852">
        </testcase>
        <testcase classname="client/src/components/ui/BatchApplyButton.test.tsx" name="BatchApplyButton &gt; Rollback Functionality &gt; should show rollback confirmation dialog" time="0.0828091">
        </testcase>
        <testcase classname="client/src/components/ui/BatchApplyButton.test.tsx" name="BatchApplyButton &gt; Rollback Functionality &gt; should disable rollback button when rollback is in progress" time="0.0187405">
        </testcase>
        <testcase classname="client/src/components/ui/BatchApplyButton.test.tsx" name="BatchApplyButton &gt; Error Handling &gt; should show batch error state" time="0.0140069">
        </testcase>
        <testcase classname="client/src/components/ui/BatchApplyButton.test.tsx" name="BatchApplyButton &gt; Error Handling &gt; should show retry button on error" time="0.0435822">
        </testcase>
        <testcase classname="client/src/components/ui/BatchApplyButton.test.tsx" name="BatchApplyButton &gt; Error Handling &gt; should show individual operation errors" time="0.0168889">
        </testcase>
        <testcase classname="client/src/components/ui/BatchApplyButton.test.tsx" name="BatchApplyButton &gt; Accessibility &gt; should have proper ARIA labels for batch operations" time="0.0150162">
        </testcase>
        <testcase classname="client/src/components/ui/BatchApplyButton.test.tsx" name="BatchApplyButton &gt; Accessibility &gt; should announce progress changes" time="0.0182417">
        </testcase>
        <testcase classname="client/src/components/ui/BatchApplyButton.test.tsx" name="BatchApplyButton &gt; Accessibility &gt; should have keyboard navigation support" time="0.0565701">
        </testcase>
        <testcase classname="client/src/components/ui/BatchApplyButton.test.tsx" name="BatchApplyButton &gt; Operation Grouping &gt; should group operations by type in confirmation" time="0.0637966">
        </testcase>
        <testcase classname="client/src/components/ui/BatchApplyButton.test.tsx" name="BatchApplyButton &gt; Operation Grouping &gt; should show operation details on expansion" time="0.1128308">
        </testcase>
        <testcase classname="client/src/components/ui/BatchApplyButton.test.tsx" name="BatchApplyButton &gt; Performance Optimization &gt; should debounce rapid button clicks" time="0.1303725">
        </testcase>
        <testcase classname="client/src/components/ui/BatchApplyButton.test.tsx" name="BatchApplyButton &gt; Performance Optimization &gt; should handle large batch operations efficiently" time="0.0119109">
        </testcase>
    </testsuite>
    <testsuite name="client/src/components/ui/button.test.tsx" timestamp="2025-10-09T00:10:02.034Z" hostname="JohnDee" tests="8" failures="0" errors="0" skipped="0" time="0.1998643">
        <testcase classname="client/src/components/ui/button.test.tsx" name="Button &gt; renders correctly with default props" time="0.0618265">
        </testcase>
        <testcase classname="client/src/components/ui/button.test.tsx" name="Button &gt; applies different variants correctly" time="0.0198496">
        </testcase>
        <testcase classname="client/src/components/ui/button.test.tsx" name="Button &gt; applies different sizes correctly" time="0.0280651">
        </testcase>
        <testcase classname="client/src/components/ui/button.test.tsx" name="Button &gt; handles click events" time="0.045479">
        </testcase>
        <testcase classname="client/src/components/ui/button.test.tsx" name="Button &gt; renders as disabled when disabled prop is true" time="0.0114795">
        </testcase>
        <testcase classname="client/src/components/ui/button.test.tsx" name="Button &gt; forwards the ref correctly" time="0.0070147">
        </testcase>
        <testcase classname="client/src/components/ui/button.test.tsx" name="Button &gt; renders with custom className" time="0.0079735">
        </testcase>
        <testcase classname="client/src/components/ui/button.test.tsx" name="Button &gt; renders as a different element when asChild is true" time="0.0115562">
        </testcase>
    </testsuite>
    <testsuite name="client/src/components/ui/card.test.tsx" timestamp="2025-10-09T00:10:02.035Z" hostname="JohnDee" tests="27" failures="0" errors="0" skipped="0" time="0.1831167">
        <testcase classname="client/src/components/ui/card.test.tsx" name="Card Components &gt; Card &gt; should render with default classes" time="0.0331964">
        </testcase>
        <testcase classname="client/src/components/ui/card.test.tsx" name="Card Components &gt; Card &gt; should accept additional className" time="0.0037808">
        </testcase>
        <testcase classname="client/src/components/ui/card.test.tsx" name="Card Components &gt; Card &gt; should forward props to div element" time="0.0041063">
        </testcase>
        <testcase classname="client/src/components/ui/card.test.tsx" name="Card Components &gt; Card &gt; should forward ref correctly" time="0.0038149">
        </testcase>
        <testcase classname="client/src/components/ui/card.test.tsx" name="Card Components &gt; Card &gt; should render children correctly" time="0.0067857">
        </testcase>
        <testcase classname="client/src/components/ui/card.test.tsx" name="Card Components &gt; CardHeader &gt; should render with default classes" time="0.00434">
        </testcase>
        <testcase classname="client/src/components/ui/card.test.tsx" name="Card Components &gt; CardHeader &gt; should accept additional className" time="0.0029794">
        </testcase>
        <testcase classname="client/src/components/ui/card.test.tsx" name="Card Components &gt; CardHeader &gt; should forward ref correctly" time="0.0035707">
        </testcase>
        <testcase classname="client/src/components/ui/card.test.tsx" name="Card Components &gt; CardTitle &gt; should render as h3 element with default classes" time="0.0181724">
        </testcase>
        <testcase classname="client/src/components/ui/card.test.tsx" name="Card Components &gt; CardTitle &gt; should accept additional className" time="0.0065166">
        </testcase>
        <testcase classname="client/src/components/ui/card.test.tsx" name="Card Components &gt; CardTitle &gt; should forward ref correctly" time="0.0048109">
        </testcase>
        <testcase classname="client/src/components/ui/card.test.tsx" name="Card Components &gt; CardTitle &gt; should render text content correctly" time="0.0042617">
        </testcase>
        <testcase classname="client/src/components/ui/card.test.tsx" name="Card Components &gt; CardDescription &gt; should render as p element with default classes" time="0.0046319">
        </testcase>
        <testcase classname="client/src/components/ui/card.test.tsx" name="Card Components &gt; CardDescription &gt; should accept additional className" time="0.0056068">
        </testcase>
        <testcase classname="client/src/components/ui/card.test.tsx" name="Card Components &gt; CardDescription &gt; should forward ref correctly" time="0.003765">
        </testcase>
        <testcase classname="client/src/components/ui/card.test.tsx" name="Card Components &gt; CardContent &gt; should render with default classes" time="0.0100792">
        </testcase>
        <testcase classname="client/src/components/ui/card.test.tsx" name="Card Components &gt; CardContent &gt; should accept additional className" time="0.0028374">
        </testcase>
        <testcase classname="client/src/components/ui/card.test.tsx" name="Card Components &gt; CardContent &gt; should forward ref correctly" time="0.0023853">
        </testcase>
        <testcase classname="client/src/components/ui/card.test.tsx" name="Card Components &gt; CardContent &gt; should render children correctly" time="0.0045543">
        </testcase>
        <testcase classname="client/src/components/ui/card.test.tsx" name="Card Components &gt; CardFooter &gt; should render with default classes" time="0.0058246">
        </testcase>
        <testcase classname="client/src/components/ui/card.test.tsx" name="Card Components &gt; CardFooter &gt; should accept additional className" time="0.0027466">
        </testcase>
        <testcase classname="client/src/components/ui/card.test.tsx" name="Card Components &gt; CardFooter &gt; should forward ref correctly" time="0.0030257">
        </testcase>
        <testcase classname="client/src/components/ui/card.test.tsx" name="Card Components &gt; CardFooter &gt; should render children correctly" time="0.0023419">
        </testcase>
        <testcase classname="client/src/components/ui/card.test.tsx" name="Card Components &gt; Full Card Composition &gt; should render a complete card with all components" time="0.0122712">
        </testcase>
        <testcase classname="client/src/components/ui/card.test.tsx" name="Card Components &gt; Full Card Composition &gt; should maintain proper hierarchy and structure" time="0.0052939">
        </testcase>
        <testcase classname="client/src/components/ui/card.test.tsx" name="Card Components &gt; Accessibility &gt; should support ARIA attributes" time="0.0089038">
        </testcase>
        <testcase classname="client/src/components/ui/card.test.tsx" name="Card Components &gt; Accessibility &gt; should maintain semantic heading structure" time="0.0055828">
        </testcase>
    </testsuite>
    <testsuite name="client/src/components/ui/collapsible.test.tsx" timestamp="2025-10-09T00:10:02.037Z" hostname="JohnDee" tests="5" failures="0" errors="0" skipped="0" time="0.1204962">
        <testcase classname="client/src/components/ui/collapsible.test.tsx" name="Collapsible Components &gt; renders collapsible structure" time="0.0379739">
        </testcase>
        <testcase classname="client/src/components/ui/collapsible.test.tsx" name="Collapsible Components &gt; shows correct state when open" time="0.0044934">
        </testcase>
        <testcase classname="client/src/components/ui/collapsible.test.tsx" name="Collapsible Components &gt; shows correct state when closed" time="0.003269">
        </testcase>
        <testcase classname="client/src/components/ui/collapsible.test.tsx" name="Collapsible Components &gt; handles trigger interaction" time="0.0607967">
        </testcase>
        <testcase classname="client/src/components/ui/collapsible.test.tsx" name="Collapsible Components &gt; forwards refs correctly" time="0.0074604">
        </testcase>
    </testsuite>
    <testsuite name="client/src/components/ui/copy-tooltip.test.tsx" timestamp="2025-10-09T00:10:02.038Z" hostname="JohnDee" tests="6" failures="0" errors="0" skipped="0" time="0.0899646">
        <testcase classname="client/src/components/ui/copy-tooltip.test.tsx" name="CopyTooltip &gt; renders with the correct structure" time="0.0534729">
        </testcase>
        <testcase classname="client/src/components/ui/copy-tooltip.test.tsx" name="CopyTooltip &gt; passes asChild prop to TooltipTrigger" time="0.0051064">
        </testcase>
        <testcase classname="client/src/components/ui/copy-tooltip.test.tsx" name="CopyTooltip &gt; positions tooltip above the trigger" time="0.0036539">
        </testcase>
        <testcase classname="client/src/components/ui/copy-tooltip.test.tsx" name="CopyTooltip &gt; applies transform style to position the tooltip" time="0.0043131">
        </testcase>
        <testcase classname="client/src/components/ui/copy-tooltip.test.tsx" name="CopyTooltip &gt; renders complex content in tooltip" time="0.0103633">
        </testcase>
        <testcase classname="client/src/components/ui/copy-tooltip.test.tsx" name="CopyTooltip &gt; renders complex children" time="0.0068825">
        </testcase>
    </testsuite>
    <testsuite name="client/src/components/ui/dialog.test.tsx" timestamp="2025-10-09T00:10:02.038Z" hostname="JohnDee" tests="13" failures="0" errors="0" skipped="0" time="0.1899344">
        <testcase classname="client/src/components/ui/dialog.test.tsx" name="Dialog Components &gt; renders Dialog root component" time="0.0334288">
        </testcase>
        <testcase classname="client/src/components/ui/dialog.test.tsx" name="Dialog Components &gt; renders DialogTrigger component" time="0.0050078">
        </testcase>
        <testcase classname="client/src/components/ui/dialog.test.tsx" name="Dialog Components &gt; renders DialogContent component with correct classes" time="0.0326298">
        </testcase>
        <testcase classname="client/src/components/ui/dialog.test.tsx" name="Dialog Components &gt; renders DialogHeader component" time="0.0037907">
        </testcase>
        <testcase classname="client/src/components/ui/dialog.test.tsx" name="Dialog Components &gt; renders DialogFooter component" time="0.0106241">
        </testcase>
        <testcase classname="client/src/components/ui/dialog.test.tsx" name="Dialog Components &gt; renders DialogTitle component" time="0.0037439">
        </testcase>
        <testcase classname="client/src/components/ui/dialog.test.tsx" name="Dialog Components &gt; renders DialogDescription component" time="0.0034887">
        </testcase>
        <testcase classname="client/src/components/ui/dialog.test.tsx" name="Dialog Components &gt; renders DialogOverlay with correct classes" time="0.0029207">
        </testcase>
        <testcase classname="client/src/components/ui/dialog.test.tsx" name="Dialog Components &gt; applies custom className to dialog components" time="0.0071971">
        </testcase>
        <testcase classname="client/src/components/ui/dialog.test.tsx" name="Dialog Components &gt; composes all Dialog components correctly" time="0.0643701">
        </testcase>
        <testcase classname="client/src/components/ui/dialog.test.tsx" name="Dialog Components &gt; renders X icon and sr-only text in default close button" time="0.0068104">
        </testcase>
        <testcase classname="client/src/components/ui/dialog.test.tsx" name="Dialog Components &gt; forwards ref to DialogOverlay component" time="0.0047116">
        </testcase>
        <testcase classname="client/src/components/ui/dialog.test.tsx" name="Dialog Components &gt; forwards ref to DialogContent component" time="0.0052858">
        </testcase>
    </testsuite>
    <testsuite name="client/src/components/ui/editable-recommendation.test.tsx" timestamp="2025-10-09T00:10:02.040Z" hostname="JohnDee" tests="18" failures="0" errors="0" skipped="0" time="3.8224637">
        <testcase classname="client/src/components/ui/editable-recommendation.test.tsx" name="EditableRecommendation &gt; renders recommendation text by default" time="0.0734699">
        </testcase>
        <testcase classname="client/src/components/ui/editable-recommendation.test.tsx" name="EditableRecommendation &gt; shows edit and copy buttons on hover" time="0.0457003">
        </testcase>
        <testcase classname="client/src/components/ui/editable-recommendation.test.tsx" name="EditableRecommendation &gt; enters edit mode when edit button is clicked" time="0.1139204">
        </testcase>
        <testcase classname="client/src/components/ui/editable-recommendation.test.tsx" name="EditableRecommendation &gt; allows editing the recommendation text" time="0.5879812">
        </testcase>
        <testcase classname="client/src/components/ui/editable-recommendation.test.tsx" name="EditableRecommendation &gt; saves changes when save button is clicked" time="0.6549726">
        </testcase>
        <testcase classname="client/src/components/ui/editable-recommendation.test.tsx" name="EditableRecommendation &gt; cancels changes when cancel button is clicked" time="0.4987014">
        </testcase>
        <testcase classname="client/src/components/ui/editable-recommendation.test.tsx" name="EditableRecommendation &gt; saves changes with Ctrl+Enter keyboard shortcut" time="0.4325735">
        </testcase>
        <testcase classname="client/src/components/ui/editable-recommendation.test.tsx" name="EditableRecommendation &gt; cancels changes with Escape keyboard shortcut" time="0.4016036">
        </testcase>
        <testcase classname="client/src/components/ui/editable-recommendation.test.tsx" name="EditableRecommendation &gt; calls onCopy with current edited text when copy button is clicked" time="0.5933057">
        </testcase>
        <testcase classname="client/src/components/ui/editable-recommendation.test.tsx" name="EditableRecommendation &gt; calls onCopy with original text when no edits have been made" time="0.0799277">
        </testcase>
        <testcase classname="client/src/components/ui/editable-recommendation.test.tsx" name="EditableRecommendation &gt; disables all interactions when disabled prop is true" time="0.0363598">
        </testcase>
        <testcase classname="client/src/components/ui/editable-recommendation.test.tsx" name="EditableRecommendation &gt; disables save button when textarea is empty" time="0.0827208">
        </testcase>
        <testcase classname="client/src/components/ui/editable-recommendation.test.tsx" name="EditableRecommendation &gt; updates when recommendation prop changes" time="0.0490291">
        </testcase>
        <testcase classname="client/src/components/ui/editable-recommendation.test.tsx" name="EditableRecommendation &gt; Apply button visibility &gt; should show Apply button for title recommendations" time="0.0347633">
        </testcase>
        <testcase classname="client/src/components/ui/editable-recommendation.test.tsx" name="EditableRecommendation &gt; Apply button visibility &gt; should show Apply button for meta description recommendations" time="0.0296005">
        </testcase>
        <testcase classname="client/src/components/ui/editable-recommendation.test.tsx" name="EditableRecommendation &gt; Apply button visibility &gt; should show Apply button for URL recommendations" time="0.0289466">
        </testcase>
        <testcase classname="client/src/components/ui/editable-recommendation.test.tsx" name="EditableRecommendation &gt; Apply button visibility &gt; should not show Apply button for non-insertable recommendations" time="0.0391494">
        </testcase>
        <testcase classname="client/src/components/ui/editable-recommendation.test.tsx" name="EditableRecommendation &gt; Apply button visibility &gt; should not show Apply button when showApplyButton is false" time="0.0338144">
        </testcase>
    </testsuite>
    <testsuite name="client/src/components/ui/form.test.tsx" timestamp="2025-10-09T00:10:02.041Z" hostname="JohnDee" tests="29" failures="0" errors="0" skipped="0" time="2.5730877">
        <testcase classname="client/src/components/ui/form.test.tsx" name="Form Components &gt; Form (FormProvider) &gt; provides form context to child components" time="0.0802645">
        </testcase>
        <testcase classname="client/src/components/ui/form.test.tsx" name="Form Components &gt; Form (FormProvider) &gt; handles form submission with valid data" time="0.585275">
        </testcase>
        <testcase classname="client/src/components/ui/form.test.tsx" name="Form Components &gt; Form (FormProvider) &gt; displays validation errors for invalid data" time="0.0698229">
        </testcase>
        <testcase classname="client/src/components/ui/form.test.tsx" name="Form Components &gt; Form (FormProvider) &gt; renders with default values" time="0.0221631">
        </testcase>
        <testcase classname="client/src/components/ui/form.test.tsx" name="Form Components &gt; FormField &gt; provides field context to render prop" time="0.0095427">
        </testcase>
        <testcase classname="client/src/components/ui/form.test.tsx" name="Form Components &gt; FormField &gt; integrates with react-hook-form Controller" time="0.1225185">
        </testcase>
        <testcase classname="client/src/components/ui/form.test.tsx" name="Form Components &gt; useFormField hook &gt; throws error when used outside Form context" time="0.0058546">
        </testcase>
        <testcase classname="client/src/components/ui/form.test.tsx" name="Form Components &gt; useFormField hook &gt; works when used inside Form but outside FormField" time="0.0064732">
        </testcase>
        <testcase classname="client/src/components/ui/form.test.tsx" name="Form Components &gt; useFormField hook &gt; throws error when fieldContext.name is undefined" time="0.0063725">
        </testcase>
        <testcase classname="client/src/components/ui/form.test.tsx" name="Form Components &gt; useFormField hook &gt; returns correct field state and IDs" time="0.0082241">
        </testcase>
        <testcase classname="client/src/components/ui/form.test.tsx" name="Form Components &gt; FormItem &gt; renders with default classes" time="0.006026">
        </testcase>
        <testcase classname="client/src/components/ui/form.test.tsx" name="Form Components &gt; FormItem &gt; applies custom className" time="0.0065073">
        </testcase>
        <testcase classname="client/src/components/ui/form.test.tsx" name="Form Components &gt; FormItem &gt; provides unique ID context" time="0.0041164">
        </testcase>
        <testcase classname="client/src/components/ui/form.test.tsx" name="Form Components &gt; FormLabel &gt; renders with proper accessibility attributes" time="0.0107355">
        </testcase>
        <testcase classname="client/src/components/ui/form.test.tsx" name="Form Components &gt; FormLabel &gt; applies error styling when field has error" time="0.0542038">
        </testcase>
        <testcase classname="client/src/components/ui/form.test.tsx" name="Form Components &gt; FormLabel &gt; applies custom className" time="0.0078149">
        </testcase>
        <testcase classname="client/src/components/ui/form.test.tsx" name="Form Components &gt; FormControl &gt; forwards props to child input element" time="0.0105407">
        </testcase>
        <testcase classname="client/src/components/ui/form.test.tsx" name="Form Components &gt; FormControl &gt; sets proper ARIA attributes" time="0.0128689">
        </testcase>
        <testcase classname="client/src/components/ui/form.test.tsx" name="Form Components &gt; FormControl &gt; updates ARIA attributes when field has error" time="0.0919722">
        </testcase>
        <testcase classname="client/src/components/ui/form.test.tsx" name="Form Components &gt; FormDescription &gt; renders description text with proper styling" time="0.0170341">
        </testcase>
        <testcase classname="client/src/components/ui/form.test.tsx" name="Form Components &gt; FormDescription &gt; has correct ID for accessibility" time="0.0108837">
        </testcase>
        <testcase classname="client/src/components/ui/form.test.tsx" name="Form Components &gt; FormDescription &gt; applies custom className" time="0.0078084">
        </testcase>
        <testcase classname="client/src/components/ui/form.test.tsx" name="Form Components &gt; FormMessage &gt; displays error message when field has error" time="0.0809774">
        </testcase>
        <testcase classname="client/src/components/ui/form.test.tsx" name="Form Components &gt; FormMessage &gt; applies error styling to message" time="0.0538255">
        </testcase>
        <testcase classname="client/src/components/ui/form.test.tsx" name="Form Components &gt; FormMessage &gt; renders custom children when no error" time="0.0059291">
        </testcase>
        <testcase classname="client/src/components/ui/form.test.tsx" name="Form Components &gt; FormMessage &gt; returns null when no error and no children" time="0.0049758">
        </testcase>
        <testcase classname="client/src/components/ui/form.test.tsx" name="Form Components &gt; FormMessage &gt; has correct ID for accessibility" time="0.0506274">
        </testcase>
        <testcase classname="client/src/components/ui/form.test.tsx" name="Form Components &gt; Form integration &gt; clears error when field value becomes valid" time="0.2713619">
        </testcase>
        <testcase classname="client/src/components/ui/form.test.tsx" name="Form Components &gt; Form integration &gt; handles complex validation scenarios" time="0.9408989">
        </testcase>
    </testsuite>
    <testsuite name="client/src/components/ui/input.test.tsx" timestamp="2025-10-09T00:10:02.043Z" hostname="JohnDee" tests="8" failures="0" errors="0" skipped="0" time="0.3620673">
        <testcase classname="client/src/components/ui/input.test.tsx" name="Input &gt; renders correctly with default props" time="0.0576077">
        </testcase>
        <testcase classname="client/src/components/ui/input.test.tsx" name="Input &gt; applies custom className" time="0.0070197">
        </testcase>
        <testcase classname="client/src/components/ui/input.test.tsx" name="Input &gt; accepts different input types" time="0.0073258">
        </testcase>
        <testcase classname="client/src/components/ui/input.test.tsx" name="Input &gt; handles user input correctly" time="0.2074478">
        </testcase>
        <testcase classname="client/src/components/ui/input.test.tsx" name="Input &gt; passes additional props to the input element" time="0.0075917">
        </testcase>
        <testcase classname="client/src/components/ui/input.test.tsx" name="Input &gt; forwards the ref correctly" time="0.005389">
        </testcase>
        <testcase classname="client/src/components/ui/input.test.tsx" name="Input &gt; renders as disabled when disabled prop is true" time="0.005914">
        </testcase>
        <testcase classname="client/src/components/ui/input.test.tsx" name="Input &gt; handles onChange events" time="0.0577795">
        </testcase>
    </testsuite>
    <testsuite name="client/src/components/ui/label.test.tsx" timestamp="2025-10-09T00:10:02.044Z" hostname="JohnDee" tests="10" failures="0" errors="0" skipped="0" time="0.1048396">
        <testcase classname="client/src/components/ui/label.test.tsx" name="Label &gt; should render label text correctly" time="0.049913">
        </testcase>
        <testcase classname="client/src/components/ui/label.test.tsx" name="Label &gt; should apply default styling classes" time="0.0052353">
        </testcase>
        <testcase classname="client/src/components/ui/label.test.tsx" name="Label &gt; should merge custom className with default styles" time="0.0034121">
        </testcase>
        <testcase classname="client/src/components/ui/label.test.tsx" name="Label &gt; should pass through HTML attributes" time="0.0050725">
        </testcase>
        <testcase classname="client/src/components/ui/label.test.tsx" name="Label &gt; should handle ref forwarding" time="0.0053909">
        </testcase>
        <testcase classname="client/src/components/ui/label.test.tsx" name="Label &gt; should render as label element" time="0.0029943">
        </testcase>
        <testcase classname="client/src/components/ui/label.test.tsx" name="Label &gt; should handle empty content" time="0.007461">
        </testcase>
        <testcase classname="client/src/components/ui/label.test.tsx" name="Label &gt; should support data attributes" time="0.0060556">
        </testcase>
        <testcase classname="client/src/components/ui/label.test.tsx" name="Label &gt; should handle disabled state styling" time="0.0086144">
        </testcase>
        <testcase classname="client/src/components/ui/label.test.tsx" name="Label &gt; should support aria attributes" time="0.0040734">
        </testcase>
    </testsuite>
    <testsuite name="client/src/components/ui/language-selector.test.tsx" timestamp="2025-10-09T00:10:02.045Z" hostname="JohnDee" tests="12" failures="0" errors="0" skipped="0" time="0.7453266">
        <testcase classname="client/src/components/ui/language-selector.test.tsx" name="LanguageSelector &gt; renders with default language selected" time="0.1398016">
        </testcase>
        <testcase classname="client/src/components/ui/language-selector.test.tsx" name="LanguageSelector &gt; renders with custom label" time="0.05663">
        </testcase>
        <testcase classname="client/src/components/ui/language-selector.test.tsx" name="LanguageSelector &gt; displays selected language correctly" time="0.0485374">
        </testcase>
        <testcase classname="client/src/components/ui/language-selector.test.tsx" name="LanguageSelector &gt; can be disabled" time="0.0681075">
        </testcase>
        <testcase classname="client/src/components/ui/language-selector.test.tsx" name="LanguageSelector &gt; applies custom className" time="0.0457643">
        </testcase>
        <testcase classname="client/src/components/ui/language-selector.test.tsx" name="LanguageSelector &gt; calls onLanguageChange when selection changes" time="0.0604971">
        </testcase>
        <testcase classname="client/src/components/ui/language-selector.test.tsx" name="LanguageSelector &gt; falls back to default language for invalid selection" time="0.0534378">
        </testcase>
        <testcase classname="client/src/components/ui/language-selector.test.tsx" name="LanguageSelector &gt; renders all supported languages in dropdown" time="0.0492749">
        </testcase>
        <testcase classname="client/src/components/ui/language-selector.test.tsx" name="LanguageSelector &gt; shows English name as subtitle when different from native name" time="0.0553815">
        </testcase>
        <testcase classname="client/src/components/ui/language-selector.test.tsx" name="LanguageSelector &gt; shows (default) indicator for detected site language" time="0.0554759">
        </testcase>
        <testcase classname="client/src/components/ui/language-selector.test.tsx" name="LanguageSelector &gt; shows (default) indicator for different detected languages" time="0.038427">
        </testcase>
        <testcase classname="client/src/components/ui/language-selector.test.tsx" name="LanguageSelector &gt; handles unsupported detected language gracefully" time="0.066143">
        </testcase>
    </testsuite>
    <testsuite name="client/src/components/ui/popover.test.tsx" timestamp="2025-10-09T00:10:02.047Z" hostname="JohnDee" tests="15" failures="0" errors="0" skipped="0" time="0.1315115">
        <testcase classname="client/src/components/ui/popover.test.tsx" name="Popover Components &gt; Popover Root &gt; should render popover root component" time="0.0358298">
        </testcase>
        <testcase classname="client/src/components/ui/popover.test.tsx" name="Popover Components &gt; Popover Root &gt; should pass props to root component" time="0.0055405">
            <system-err>
React does not recognize the `defaultOpen` prop on a DOM element. If you intentionally want it to appear in the DOM as a custom attribute, spell it as lowercase `defaultopen` instead. If you accidentally passed it from a parent component, remove it from the DOM element.

            </system-err>
        </testcase>
        <testcase classname="client/src/components/ui/popover.test.tsx" name="Popover Components &gt; PopoverTrigger &gt; should render trigger button" time="0.0070036">
        </testcase>
        <testcase classname="client/src/components/ui/popover.test.tsx" name="Popover Components &gt; PopoverTrigger &gt; should handle click events" time="0.0088208">
        </testcase>
        <testcase classname="client/src/components/ui/popover.test.tsx" name="Popover Components &gt; PopoverTrigger &gt; should pass through props" time="0.0077186">
        </testcase>
        <testcase classname="client/src/components/ui/popover.test.tsx" name="Popover Components &gt; PopoverContent &gt; should render content with default styling" time="0.0164894">
            <system-err>
React does not recognize the `sideOffset` prop on a DOM element. If you intentionally want it to appear in the DOM as a custom attribute, spell it as lowercase `sideoffset` instead. If you accidentally passed it from a parent component, remove it from the DOM element.

            </system-err>
        </testcase>
        <testcase classname="client/src/components/ui/popover.test.tsx" name="Popover Components &gt; PopoverContent &gt; should apply custom className" time="0.0038352">
        </testcase>
        <testcase classname="client/src/components/ui/popover.test.tsx" name="Popover Components &gt; PopoverContent &gt; should use default align and sideOffset values" time="0.0050416">
        </testcase>
        <testcase classname="client/src/components/ui/popover.test.tsx" name="Popover Components &gt; PopoverContent &gt; should allow custom align and sideOffset" time="0.003884">
        </testcase>
        <testcase classname="client/src/components/ui/popover.test.tsx" name="Popover Components &gt; PopoverContent &gt; should render inside portal" time="0.0047202">
        </testcase>
        <testcase classname="client/src/components/ui/popover.test.tsx" name="Popover Components &gt; PopoverContent &gt; should forward ref correctly" time="0.0046395">
        </testcase>
        <testcase classname="client/src/components/ui/popover.test.tsx" name="Popover Components &gt; PopoverContent &gt; should pass through additional props" time="0.0036897">
        </testcase>
        <testcase classname="client/src/components/ui/popover.test.tsx" name="Popover Components &gt; PopoverContent &gt; should have animation and styling classes" time="0.0035558">
        </testcase>
        <testcase classname="client/src/components/ui/popover.test.tsx" name="Popover Components &gt; Popover Integration &gt; should work together as a complete popover" time="0.0074366">
        </testcase>
        <testcase classname="client/src/components/ui/popover.test.tsx" name="Popover Components &gt; Popover Integration &gt; should handle multiple popovers" time="0.0069154">
        </testcase>
    </testsuite>
    <testsuite name="client/src/components/ui/progress-circle.test.tsx" timestamp="2025-10-09T00:10:02.048Z" hostname="JohnDee" tests="14" failures="0" errors="0" skipped="0" time="0.1722058">
        <testcase classname="client/src/components/ui/progress-circle.test.tsx" name="ProgressCircle &gt; renders with default props" time="0.0532848">
        </testcase>
        <testcase classname="client/src/components/ui/progress-circle.test.tsx" name="ProgressCircle &gt; renders with custom props" time="0.010512">
        </testcase>
        <testcase classname="client/src/components/ui/progress-circle.test.tsx" name="ProgressCircle &gt; uses correct radius and circumference calculations" time="0.0184355">
        </testcase>
        <testcase classname="client/src/components/ui/progress-circle.test.tsx" name="ProgressCircle &gt; applies red color for scores below 50" time="0.0111002">
        </testcase>
        <testcase classname="client/src/components/ui/progress-circle.test.tsx" name="ProgressCircle &gt; applies yellow color for scores between 50 and 69" time="0.0059221">
        </testcase>
        <testcase classname="client/src/components/ui/progress-circle.test.tsx" name="ProgressCircle &gt; applies blue color for scores between 70 and 89" time="0.0043156">
        </testcase>
        <testcase classname="client/src/components/ui/progress-circle.test.tsx" name="ProgressCircle &gt; applies green color for scores 90 and above" time="0.0061653">
        </testcase>
        <testcase classname="client/src/components/ui/progress-circle.test.tsx" name="ProgressCircle &gt; handles edge cases for color thresholds" time="0.0204402">
        </testcase>
        <testcase classname="client/src/components/ui/progress-circle.test.tsx" name="ProgressCircle &gt; has a proper rotation transform on SVG" time="0.0084035">
        </testcase>
        <testcase classname="client/src/components/ui/progress-circle.test.tsx" name="ProgressCircle &gt; applies stroke-linecap round to progress circle" time="0.0087609">
        </testcase>
        <testcase classname="client/src/components/ui/progress-circle.test.tsx" name="ProgressCircle &gt; applies transition style to progress circle" time="0.0048638">
        </testcase>
        <testcase classname="client/src/components/ui/progress-circle.test.tsx" name="ProgressCircle &gt; renders with 0 value correctly" time="0.0046969">
        </testcase>
        <testcase classname="client/src/components/ui/progress-circle.test.tsx" name="ProgressCircle &gt; renders with 100 value correctly" time="0.0047194">
        </testcase>
        <testcase classname="client/src/components/ui/progress-circle.test.tsx" name="ProgressCircle &gt; uses reduced opacity for background circle" time="0.0044316">
        </testcase>
    </testsuite>
    <testsuite name="client/src/components/ui/progress.test.tsx" timestamp="2025-10-09T00:10:02.050Z" hostname="JohnDee" tests="17" failures="0" errors="0" skipped="0" time="0.118514">
        <testcase classname="client/src/components/ui/progress.test.tsx" name="Progress &gt; should render progress component" time="0.0522972">
        </testcase>
        <testcase classname="client/src/components/ui/progress.test.tsx" name="Progress &gt; should apply default styling classes" time="0.0044839">
        </testcase>
        <testcase classname="client/src/components/ui/progress.test.tsx" name="Progress &gt; should apply indicator styling classes" time="0.0028056">
        </testcase>
        <testcase classname="client/src/components/ui/progress.test.tsx" name="Progress &gt; should set correct transform style for value" time="0.0054347">
        </testcase>
        <testcase classname="client/src/components/ui/progress.test.tsx" name="Progress &gt; should handle 0% progress" time="0.0036949">
        </testcase>
        <testcase classname="client/src/components/ui/progress.test.tsx" name="Progress &gt; should handle 100% progress" time="0.003976">
        </testcase>
        <testcase classname="client/src/components/ui/progress.test.tsx" name="Progress &gt; should handle undefined value gracefully" time="0.0030183">
        </testcase>
        <testcase classname="client/src/components/ui/progress.test.tsx" name="Progress &gt; should handle null value gracefully" time="0.002747">
        </testcase>
        <testcase classname="client/src/components/ui/progress.test.tsx" name="Progress &gt; should merge custom className with default styles" time="0.0027692">
        </testcase>
        <testcase classname="client/src/components/ui/progress.test.tsx" name="Progress &gt; should forward ref correctly" time="0.0034432">
        </testcase>
        <testcase classname="client/src/components/ui/progress.test.tsx" name="Progress &gt; should pass through additional props" time="0.003718">
        </testcase>
        <testcase classname="client/src/components/ui/progress.test.tsx" name="Progress &gt; should handle edge case values correctly" time="0.0049996">
        </testcase>
        <testcase classname="client/src/components/ui/progress.test.tsx" name="Progress &gt; should support fractional values" time="0.0036359">
        </testcase>
        <testcase classname="client/src/components/ui/progress.test.tsx" name="Progress &gt; should have correct display name" time="0.0006638">
        </testcase>
        <testcase classname="client/src/components/ui/progress.test.tsx" name="Progress &gt; should work with accessibility attributes" time="0.0037152">
        </testcase>
        <testcase classname="client/src/components/ui/progress.test.tsx" name="Progress &gt; should handle very small values" time="0.0037352">
        </testcase>
        <testcase classname="client/src/components/ui/progress.test.tsx" name="Progress &gt; should handle very large values" time="0.0057394">
        </testcase>
    </testsuite>
    <testsuite name="client/src/components/ui/schema-display.test.tsx" timestamp="2025-10-09T00:10:02.051Z" hostname="JohnDee" tests="16" failures="16" errors="0" skipped="0" time="0.0936063">
        <testcase classname="client/src/components/ui/schema-display.test.tsx" name="SchemaDisplay &gt; should render nothing when no schemas provided" time="0.0327992">
            <failure message="useAuth must be used within an AuthProvider" type="Error">
Error: useAuth must be used within an AuthProvider
 ❯ useAuth client/src/contexts/AuthContext.tsx:222:11
 ❯ InsertionProvider client/src/contexts/InsertionContext.tsx:170:21
 ❯ Object.react_stack_bottom_frame node_modules/.pnpm/react-dom@19.1.1_react@19.1.1/node_modules/react-dom/cjs/react-dom-client.development.js:23863:20
 ❯ renderWithHooks node_modules/.pnpm/react-dom@19.1.1_react@19.1.1/node_modules/react-dom/cjs/react-dom-client.development.js:5529:22
 ❯ updateFunctionComponent node_modules/.pnpm/react-dom@19.1.1_react@19.1.1/node_modules/react-dom/cjs/react-dom-client.development.js:8897:19
 ❯ beginWork node_modules/.pnpm/react-dom@19.1.1_react@19.1.1/node_modules/react-dom/cjs/react-dom-client.development.js:10522:18
 ❯ runWithFiberInDEV node_modules/.pnpm/react-dom@19.1.1_react@19.1.1/node_modules/react-dom/cjs/react-dom-client.development.js:1522:13
 ❯ performUnitOfWork node_modules/.pnpm/react-dom@19.1.1_react@19.1.1/node_modules/react-dom/cjs/react-dom-client.development.js:15140:22
 ❯ workLoopSync node_modules/.pnpm/react-dom@19.1.1_react@19.1.1/node_modules/react-dom/cjs/react-dom-client.development.js:14956:41
 ❯ renderRootSync node_modules/.pnpm/react-dom@19.1.1_react@19.1.1/node_modules/react-dom/cjs/react-dom-client.development.js:14936:11
            </failure>
        </testcase>
        <testcase classname="client/src/components/ui/schema-display.test.tsx" name="SchemaDisplay &gt; should render collapsed by default" time="0.003137">
            <failure message="useAuth must be used within an AuthProvider" type="Error">
Error: useAuth must be used within an AuthProvider
 ❯ useAuth client/src/contexts/AuthContext.tsx:222:11
 ❯ InsertionProvider client/src/contexts/InsertionContext.tsx:170:21
 ❯ Object.react_stack_bottom_frame node_modules/.pnpm/react-dom@19.1.1_react@19.1.1/node_modules/react-dom/cjs/react-dom-client.development.js:23863:20
 ❯ renderWithHooks node_modules/.pnpm/react-dom@19.1.1_react@19.1.1/node_modules/react-dom/cjs/react-dom-client.development.js:5529:22
 ❯ updateFunctionComponent node_modules/.pnpm/react-dom@19.1.1_react@19.1.1/node_modules/react-dom/cjs/react-dom-client.development.js:8897:19
 ❯ beginWork node_modules/.pnpm/react-dom@19.1.1_react@19.1.1/node_modules/react-dom/cjs/react-dom-client.development.js:10522:18
 ❯ runWithFiberInDEV node_modules/.pnpm/react-dom@19.1.1_react@19.1.1/node_modules/react-dom/cjs/react-dom-client.development.js:1522:13
 ❯ performUnitOfWork node_modules/.pnpm/react-dom@19.1.1_react@19.1.1/node_modules/react-dom/cjs/react-dom-client.development.js:15140:22
 ❯ workLoopSync node_modules/.pnpm/react-dom@19.1.1_react@19.1.1/node_modules/react-dom/cjs/react-dom-client.development.js:14956:41
 ❯ renderRootSync node_modules/.pnpm/react-dom@19.1.1_react@19.1.1/node_modules/react-dom/cjs/react-dom-client.development.js:14936:11
            </failure>
        </testcase>
        <testcase classname="client/src/components/ui/schema-display.test.tsx" name="SchemaDisplay &gt; should expand when clicked" time="0.0058744">
            <failure message="useAuth must be used within an AuthProvider" type="Error">
Error: useAuth must be used within an AuthProvider
 ❯ useAuth client/src/contexts/AuthContext.tsx:222:11
 ❯ InsertionProvider client/src/contexts/InsertionContext.tsx:170:21
 ❯ Object.react_stack_bottom_frame node_modules/.pnpm/react-dom@19.1.1_react@19.1.1/node_modules/react-dom/cjs/react-dom-client.development.js:23863:20
 ❯ renderWithHooks node_modules/.pnpm/react-dom@19.1.1_react@19.1.1/node_modules/react-dom/cjs/react-dom-client.development.js:5529:22
 ❯ updateFunctionComponent node_modules/.pnpm/react-dom@19.1.1_react@19.1.1/node_modules/react-dom/cjs/react-dom-client.development.js:8897:19
 ❯ beginWork node_modules/.pnpm/react-dom@19.1.1_react@19.1.1/node_modules/react-dom/cjs/react-dom-client.development.js:10522:18
 ❯ runWithFiberInDEV node_modules/.pnpm/react-dom@19.1.1_react@19.1.1/node_modules/react-dom/cjs/react-dom-client.development.js:1522:13
 ❯ performUnitOfWork node_modules/.pnpm/react-dom@19.1.1_react@19.1.1/node_modules/react-dom/cjs/react-dom-client.development.js:15140:22
 ❯ workLoopSync node_modules/.pnpm/react-dom@19.1.1_react@19.1.1/node_modules/react-dom/cjs/react-dom-client.development.js:14956:41
 ❯ renderRootSync node_modules/.pnpm/react-dom@19.1.1_react@19.1.1/node_modules/react-dom/cjs/react-dom-client.development.js:14936:11
            </failure>
        </testcase>
        <testcase classname="client/src/components/ui/schema-display.test.tsx" name="SchemaDisplay &gt; should display Google support badges correctly" time="0.0035061">
            <failure message="useAuth must be used within an AuthProvider" type="Error">
Error: useAuth must be used within an AuthProvider
 ❯ useAuth client/src/contexts/AuthContext.tsx:222:11
 ❯ InsertionProvider client/src/contexts/InsertionContext.tsx:170:21
 ❯ Object.react_stack_bottom_frame node_modules/.pnpm/react-dom@19.1.1_react@19.1.1/node_modules/react-dom/cjs/react-dom-client.development.js:23863:20
 ❯ renderWithHooks node_modules/.pnpm/react-dom@19.1.1_react@19.1.1/node_modules/react-dom/cjs/react-dom-client.development.js:5529:22
 ❯ updateFunctionComponent node_modules/.pnpm/react-dom@19.1.1_react@19.1.1/node_modules/react-dom/cjs/react-dom-client.development.js:8897:19
 ❯ beginWork node_modules/.pnpm/react-dom@19.1.1_react@19.1.1/node_modules/react-dom/cjs/react-dom-client.development.js:10522:18
 ❯ runWithFiberInDEV node_modules/.pnpm/react-dom@19.1.1_react@19.1.1/node_modules/react-dom/cjs/react-dom-client.development.js:1522:13
 ❯ performUnitOfWork node_modules/.pnpm/react-dom@19.1.1_react@19.1.1/node_modules/react-dom/cjs/react-dom-client.development.js:15140:22
 ❯ workLoopSync node_modules/.pnpm/react-dom@19.1.1_react@19.1.1/node_modules/react-dom/cjs/react-dom-client.development.js:14956:41
 ❯ renderRootSync node_modules/.pnpm/react-dom@19.1.1_react@19.1.1/node_modules/react-dom/cjs/react-dom-client.development.js:14936:11
            </failure>
        </testcase>
        <testcase classname="client/src/components/ui/schema-display.test.tsx" name="SchemaDisplay &gt; should show required schemas section" time="0.0029208">
            <failure message="useAuth must be used within an AuthProvider" type="Error">
Error: useAuth must be used within an AuthProvider
 ❯ useAuth client/src/contexts/AuthContext.tsx:222:11
 ❯ InsertionProvider client/src/contexts/InsertionContext.tsx:170:21
 ❯ Object.react_stack_bottom_frame node_modules/.pnpm/react-dom@19.1.1_react@19.1.1/node_modules/react-dom/cjs/react-dom-client.development.js:23863:20
 ❯ renderWithHooks node_modules/.pnpm/react-dom@19.1.1_react@19.1.1/node_modules/react-dom/cjs/react-dom-client.development.js:5529:22
 ❯ updateFunctionComponent node_modules/.pnpm/react-dom@19.1.1_react@19.1.1/node_modules/react-dom/cjs/react-dom-client.development.js:8897:19
 ❯ beginWork node_modules/.pnpm/react-dom@19.1.1_react@19.1.1/node_modules/react-dom/cjs/react-dom-client.development.js:10522:18
 ❯ runWithFiberInDEV node_modules/.pnpm/react-dom@19.1.1_react@19.1.1/node_modules/react-dom/cjs/react-dom-client.development.js:1522:13
 ❯ performUnitOfWork node_modules/.pnpm/react-dom@19.1.1_react@19.1.1/node_modules/react-dom/cjs/react-dom-client.development.js:15140:22
 ❯ workLoopSync node_modules/.pnpm/react-dom@19.1.1_react@19.1.1/node_modules/react-dom/cjs/react-dom-client.development.js:14956:41
 ❯ renderRootSync node_modules/.pnpm/react-dom@19.1.1_react@19.1.1/node_modules/react-dom/cjs/react-dom-client.development.js:14936:11
            </failure>
        </testcase>
        <testcase classname="client/src/components/ui/schema-display.test.tsx" name="SchemaDisplay &gt; should show optional schemas section with checkboxes" time="0.002393">
            <failure message="useAuth must be used within an AuthProvider" type="Error">
Error: useAuth must be used within an AuthProvider
 ❯ useAuth client/src/contexts/AuthContext.tsx:222:11
 ❯ InsertionProvider client/src/contexts/InsertionContext.tsx:170:21
 ❯ Object.react_stack_bottom_frame node_modules/.pnpm/react-dom@19.1.1_react@19.1.1/node_modules/react-dom/cjs/react-dom-client.development.js:23863:20
 ❯ renderWithHooks node_modules/.pnpm/react-dom@19.1.1_react@19.1.1/node_modules/react-dom/cjs/react-dom-client.development.js:5529:22
 ❯ updateFunctionComponent node_modules/.pnpm/react-dom@19.1.1_react@19.1.1/node_modules/react-dom/cjs/react-dom-client.development.js:8897:19
 ❯ beginWork node_modules/.pnpm/react-dom@19.1.1_react@19.1.1/node_modules/react-dom/cjs/react-dom-client.development.js:10522:18
 ❯ runWithFiberInDEV node_modules/.pnpm/react-dom@19.1.1_react@19.1.1/node_modules/react-dom/cjs/react-dom-client.development.js:1522:13
 ❯ performUnitOfWork node_modules/.pnpm/react-dom@19.1.1_react@19.1.1/node_modules/react-dom/cjs/react-dom-client.development.js:15140:22
 ❯ workLoopSync node_modules/.pnpm/react-dom@19.1.1_react@19.1.1/node_modules/react-dom/cjs/react-dom-client.development.js:14956:41
 ❯ renderRootSync node_modules/.pnpm/react-dom@19.1.1_react@19.1.1/node_modules/react-dom/cjs/react-dom-client.development.js:14936:11
            </failure>
        </testcase>
        <testcase classname="client/src/components/ui/schema-display.test.tsx" name="SchemaDisplay &gt; should toggle optional schema visibility when checkbox is clicked" time="0.0030532">
            <failure message="useAuth must be used within an AuthProvider" type="Error">
Error: useAuth must be used within an AuthProvider
 ❯ useAuth client/src/contexts/AuthContext.tsx:222:11
 ❯ InsertionProvider client/src/contexts/InsertionContext.tsx:170:21
 ❯ Object.react_stack_bottom_frame node_modules/.pnpm/react-dom@19.1.1_react@19.1.1/node_modules/react-dom/cjs/react-dom-client.development.js:23863:20
 ❯ renderWithHooks node_modules/.pnpm/react-dom@19.1.1_react@19.1.1/node_modules/react-dom/cjs/react-dom-client.development.js:5529:22
 ❯ updateFunctionComponent node_modules/.pnpm/react-dom@19.1.1_react@19.1.1/node_modules/react-dom/cjs/react-dom-client.development.js:8897:19
 ❯ beginWork node_modules/.pnpm/react-dom@19.1.1_react@19.1.1/node_modules/react-dom/cjs/react-dom-client.development.js:10522:18
 ❯ runWithFiberInDEV node_modules/.pnpm/react-dom@19.1.1_react@19.1.1/node_modules/react-dom/cjs/react-dom-client.development.js:1522:13
 ❯ performUnitOfWork node_modules/.pnpm/react-dom@19.1.1_react@19.1.1/node_modules/react-dom/cjs/react-dom-client.development.js:15140:22
 ❯ workLoopSync node_modules/.pnpm/react-dom@19.1.1_react@19.1.1/node_modules/react-dom/cjs/react-dom-client.development.js:14956:41
 ❯ renderRootSync node_modules/.pnpm/react-dom@19.1.1_react@19.1.1/node_modules/react-dom/cjs/react-dom-client.development.js:14936:11
            </failure>
        </testcase>
        <testcase classname="client/src/components/ui/schema-display.test.tsx" name="SchemaDisplay &gt; should copy JSON-LD code with script tags when copy button is clicked" time="0.0032746">
            <failure message="useAuth must be used within an AuthProvider" type="Error">
Error: useAuth must be used within an AuthProvider
 ❯ useAuth client/src/contexts/AuthContext.tsx:222:11
 ❯ InsertionProvider client/src/contexts/InsertionContext.tsx:170:21
 ❯ Object.react_stack_bottom_frame node_modules/.pnpm/react-dom@19.1.1_react@19.1.1/node_modules/react-dom/cjs/react-dom-client.development.js:23863:20
 ❯ renderWithHooks node_modules/.pnpm/react-dom@19.1.1_react@19.1.1/node_modules/react-dom/cjs/react-dom-client.development.js:5529:22
 ❯ updateFunctionComponent node_modules/.pnpm/react-dom@19.1.1_react@19.1.1/node_modules/react-dom/cjs/react-dom-client.development.js:8897:19
 ❯ beginWork node_modules/.pnpm/react-dom@19.1.1_react@19.1.1/node_modules/react-dom/cjs/react-dom-client.development.js:10522:18
 ❯ runWithFiberInDEV node_modules/.pnpm/react-dom@19.1.1_react@19.1.1/node_modules/react-dom/cjs/react-dom-client.development.js:1522:13
 ❯ performUnitOfWork node_modules/.pnpm/react-dom@19.1.1_react@19.1.1/node_modules/react-dom/cjs/react-dom-client.development.js:15140:22
 ❯ workLoopSync node_modules/.pnpm/react-dom@19.1.1_react@19.1.1/node_modules/react-dom/cjs/react-dom-client.development.js:14956:41
 ❯ renderRootSync node_modules/.pnpm/react-dom@19.1.1_react@19.1.1/node_modules/react-dom/cjs/react-dom-client.development.js:14936:11
            </failure>
        </testcase>
        <testcase classname="client/src/components/ui/schema-display.test.tsx" name="SchemaDisplay &gt; should display tooltip on copy button hover" time="0.0126378">
            <failure message="useAuth must be used within an AuthProvider" type="Error">
Error: useAuth must be used within an AuthProvider
 ❯ useAuth client/src/contexts/AuthContext.tsx:222:11
 ❯ InsertionProvider client/src/contexts/InsertionContext.tsx:170:21
 ❯ Object.react_stack_bottom_frame node_modules/.pnpm/react-dom@19.1.1_react@19.1.1/node_modules/react-dom/cjs/react-dom-client.development.js:23863:20
 ❯ renderWithHooks node_modules/.pnpm/react-dom@19.1.1_react@19.1.1/node_modules/react-dom/cjs/react-dom-client.development.js:5529:22
 ❯ updateFunctionComponent node_modules/.pnpm/react-dom@19.1.1_react@19.1.1/node_modules/react-dom/cjs/react-dom-client.development.js:8897:19
 ❯ beginWork node_modules/.pnpm/react-dom@19.1.1_react@19.1.1/node_modules/react-dom/cjs/react-dom-client.development.js:10522:18
 ❯ runWithFiberInDEV node_modules/.pnpm/react-dom@19.1.1_react@19.1.1/node_modules/react-dom/cjs/react-dom-client.development.js:1522:13
 ❯ performUnitOfWork node_modules/.pnpm/react-dom@19.1.1_react@19.1.1/node_modules/react-dom/cjs/react-dom-client.development.js:15140:22
 ❯ workLoopSync node_modules/.pnpm/react-dom@19.1.1_react@19.1.1/node_modules/react-dom/cjs/react-dom-client.development.js:14956:41
 ❯ renderRootSync node_modules/.pnpm/react-dom@19.1.1_react@19.1.1/node_modules/react-dom/cjs/react-dom-client.development.js:14936:11
            </failure>
        </testcase>
        <testcase classname="client/src/components/ui/schema-display.test.tsx" name="SchemaDisplay &gt; should show copied feedback after successful copy" time="0.0028495">
            <failure message="useAuth must be used within an AuthProvider" type="Error">
Error: useAuth must be used within an AuthProvider
 ❯ useAuth client/src/contexts/AuthContext.tsx:222:11
 ❯ InsertionProvider client/src/contexts/InsertionContext.tsx:170:21
 ❯ Object.react_stack_bottom_frame node_modules/.pnpm/react-dom@19.1.1_react@19.1.1/node_modules/react-dom/cjs/react-dom-client.development.js:23863:20
 ❯ renderWithHooks node_modules/.pnpm/react-dom@19.1.1_react@19.1.1/node_modules/react-dom/cjs/react-dom-client.development.js:5529:22
 ❯ updateFunctionComponent node_modules/.pnpm/react-dom@19.1.1_react@19.1.1/node_modules/react-dom/cjs/react-dom-client.development.js:8897:19
 ❯ beginWork node_modules/.pnpm/react-dom@19.1.1_react@19.1.1/node_modules/react-dom/cjs/react-dom-client.development.js:10522:18
 ❯ runWithFiberInDEV node_modules/.pnpm/react-dom@19.1.1_react@19.1.1/node_modules/react-dom/cjs/react-dom-client.development.js:1522:13
 ❯ performUnitOfWork node_modules/.pnpm/react-dom@19.1.1_react@19.1.1/node_modules/react-dom/cjs/react-dom-client.development.js:15140:22
 ❯ workLoopSync node_modules/.pnpm/react-dom@19.1.1_react@19.1.1/node_modules/react-dom/cjs/react-dom-client.development.js:14956:41
 ❯ renderRootSync node_modules/.pnpm/react-dom@19.1.1_react@19.1.1/node_modules/react-dom/cjs/react-dom-client.development.js:14936:11
            </failure>
        </testcase>
        <testcase classname="client/src/components/ui/schema-display.test.tsx" name="SchemaDisplay &gt; should show success toast when copy succeeds" time="0.0030815">
            <failure message="useAuth must be used within an AuthProvider" type="Error">
Error: useAuth must be used within an AuthProvider
 ❯ useAuth client/src/contexts/AuthContext.tsx:222:11
 ❯ InsertionProvider client/src/contexts/InsertionContext.tsx:170:21
 ❯ Object.react_stack_bottom_frame node_modules/.pnpm/react-dom@19.1.1_react@19.1.1/node_modules/react-dom/cjs/react-dom-client.development.js:23863:20
 ❯ renderWithHooks node_modules/.pnpm/react-dom@19.1.1_react@19.1.1/node_modules/react-dom/cjs/react-dom-client.development.js:5529:22
 ❯ updateFunctionComponent node_modules/.pnpm/react-dom@19.1.1_react@19.1.1/node_modules/react-dom/cjs/react-dom-client.development.js:8897:19
 ❯ beginWork node_modules/.pnpm/react-dom@19.1.1_react@19.1.1/node_modules/react-dom/cjs/react-dom-client.development.js:10522:18
 ❯ runWithFiberInDEV node_modules/.pnpm/react-dom@19.1.1_react@19.1.1/node_modules/react-dom/cjs/react-dom-client.development.js:1522:13
 ❯ performUnitOfWork node_modules/.pnpm/react-dom@19.1.1_react@19.1.1/node_modules/react-dom/cjs/react-dom-client.development.js:15140:22
 ❯ workLoopSync node_modules/.pnpm/react-dom@19.1.1_react@19.1.1/node_modules/react-dom/cjs/react-dom-client.development.js:14956:41
 ❯ renderRootSync node_modules/.pnpm/react-dom@19.1.1_react@19.1.1/node_modules/react-dom/cjs/react-dom-client.development.js:14936:11
            </failure>
        </testcase>
        <testcase classname="client/src/components/ui/schema-display.test.tsx" name="SchemaDisplay &gt; should display documentation links" time="0.0027061">
            <failure message="useAuth must be used within an AuthProvider" type="Error">
Error: useAuth must be used within an AuthProvider
 ❯ useAuth client/src/contexts/AuthContext.tsx:222:11
 ❯ InsertionProvider client/src/contexts/InsertionContext.tsx:170:21
 ❯ Object.react_stack_bottom_frame node_modules/.pnpm/react-dom@19.1.1_react@19.1.1/node_modules/react-dom/cjs/react-dom-client.development.js:23863:20
 ❯ renderWithHooks node_modules/.pnpm/react-dom@19.1.1_react@19.1.1/node_modules/react-dom/cjs/react-dom-client.development.js:5529:22
 ❯ updateFunctionComponent node_modules/.pnpm/react-dom@19.1.1_react@19.1.1/node_modules/react-dom/cjs/react-dom-client.development.js:8897:19
 ❯ beginWork node_modules/.pnpm/react-dom@19.1.1_react@19.1.1/node_modules/react-dom/cjs/react-dom-client.development.js:10522:18
 ❯ runWithFiberInDEV node_modules/.pnpm/react-dom@19.1.1_react@19.1.1/node_modules/react-dom/cjs/react-dom-client.development.js:1522:13
 ❯ performUnitOfWork node_modules/.pnpm/react-dom@19.1.1_react@19.1.1/node_modules/react-dom/cjs/react-dom-client.development.js:15140:22
 ❯ workLoopSync node_modules/.pnpm/react-dom@19.1.1_react@19.1.1/node_modules/react-dom/cjs/react-dom-client.development.js:14956:41
 ❯ renderRootSync node_modules/.pnpm/react-dom@19.1.1_react@19.1.1/node_modules/react-dom/cjs/react-dom-client.development.js:14936:11
            </failure>
        </testcase>
        <testcase classname="client/src/components/ui/schema-display.test.tsx" name="SchemaDisplay &gt; should display Google support notes when present" time="0.0030018">
            <failure message="useAuth must be used within an AuthProvider" type="Error">
Error: useAuth must be used within an AuthProvider
 ❯ useAuth client/src/contexts/AuthContext.tsx:222:11
 ❯ InsertionProvider client/src/contexts/InsertionContext.tsx:170:21
 ❯ Object.react_stack_bottom_frame node_modules/.pnpm/react-dom@19.1.1_react@19.1.1/node_modules/react-dom/cjs/react-dom-client.development.js:23863:20
 ❯ renderWithHooks node_modules/.pnpm/react-dom@19.1.1_react@19.1.1/node_modules/react-dom/cjs/react-dom-client.development.js:5529:22
 ❯ updateFunctionComponent node_modules/.pnpm/react-dom@19.1.1_react@19.1.1/node_modules/react-dom/cjs/react-dom-client.development.js:8897:19
 ❯ beginWork node_modules/.pnpm/react-dom@19.1.1_react@19.1.1/node_modules/react-dom/cjs/react-dom-client.development.js:10522:18
 ❯ runWithFiberInDEV node_modules/.pnpm/react-dom@19.1.1_react@19.1.1/node_modules/react-dom/cjs/react-dom-client.development.js:1522:13
 ❯ performUnitOfWork node_modules/.pnpm/react-dom@19.1.1_react@19.1.1/node_modules/react-dom/cjs/react-dom-client.development.js:15140:22
 ❯ workLoopSync node_modules/.pnpm/react-dom@19.1.1_react@19.1.1/node_modules/react-dom/cjs/react-dom-client.development.js:14956:41
 ❯ renderRootSync node_modules/.pnpm/react-dom@19.1.1_react@19.1.1/node_modules/react-dom/cjs/react-dom-client.development.js:14936:11
            </failure>
        </testcase>
        <testcase classname="client/src/components/ui/schema-display.test.tsx" name="SchemaDisplay &gt; should display page type context" time="0.0023512">
            <failure message="useAuth must be used within an AuthProvider" type="Error">
Error: useAuth must be used within an AuthProvider
 ❯ useAuth client/src/contexts/AuthContext.tsx:222:11
 ❯ InsertionProvider client/src/contexts/InsertionContext.tsx:170:21
 ❯ Object.react_stack_bottom_frame node_modules/.pnpm/react-dom@19.1.1_react@19.1.1/node_modules/react-dom/cjs/react-dom-client.development.js:23863:20
 ❯ renderWithHooks node_modules/.pnpm/react-dom@19.1.1_react@19.1.1/node_modules/react-dom/cjs/react-dom-client.development.js:5529:22
 ❯ updateFunctionComponent node_modules/.pnpm/react-dom@19.1.1_react@19.1.1/node_modules/react-dom/cjs/react-dom-client.development.js:8897:19
 ❯ beginWork node_modules/.pnpm/react-dom@19.1.1_react@19.1.1/node_modules/react-dom/cjs/react-dom-client.development.js:10522:18
 ❯ runWithFiberInDEV node_modules/.pnpm/react-dom@19.1.1_react@19.1.1/node_modules/react-dom/cjs/react-dom-client.development.js:1522:13
 ❯ performUnitOfWork node_modules/.pnpm/react-dom@19.1.1_react@19.1.1/node_modules/react-dom/cjs/react-dom-client.development.js:15140:22
 ❯ workLoopSync node_modules/.pnpm/react-dom@19.1.1_react@19.1.1/node_modules/react-dom/cjs/react-dom-client.development.js:14956:41
 ❯ renderRootSync node_modules/.pnpm/react-dom@19.1.1_react@19.1.1/node_modules/react-dom/cjs/react-dom-client.development.js:14936:11
            </failure>
        </testcase>
        <testcase classname="client/src/components/ui/schema-display.test.tsx" name="SchemaDisplay &gt; should display helpful tip" time="0.0020827">
            <failure message="useAuth must be used within an AuthProvider" type="Error">
Error: useAuth must be used within an AuthProvider
 ❯ useAuth client/src/contexts/AuthContext.tsx:222:11
 ❯ InsertionProvider client/src/contexts/InsertionContext.tsx:170:21
 ❯ Object.react_stack_bottom_frame node_modules/.pnpm/react-dom@19.1.1_react@19.1.1/node_modules/react-dom/cjs/react-dom-client.development.js:23863:20
 ❯ renderWithHooks node_modules/.pnpm/react-dom@19.1.1_react@19.1.1/node_modules/react-dom/cjs/react-dom-client.development.js:5529:22
 ❯ updateFunctionComponent node_modules/.pnpm/react-dom@19.1.1_react@19.1.1/node_modules/react-dom/cjs/react-dom-client.development.js:8897:19
 ❯ beginWork node_modules/.pnpm/react-dom@19.1.1_react@19.1.1/node_modules/react-dom/cjs/react-dom-client.development.js:10522:18
 ❯ runWithFiberInDEV node_modules/.pnpm/react-dom@19.1.1_react@19.1.1/node_modules/react-dom/cjs/react-dom-client.development.js:1522:13
 ❯ performUnitOfWork node_modules/.pnpm/react-dom@19.1.1_react@19.1.1/node_modules/react-dom/cjs/react-dom-client.development.js:15140:22
 ❯ workLoopSync node_modules/.pnpm/react-dom@19.1.1_react@19.1.1/node_modules/react-dom/cjs/react-dom-client.development.js:14956:41
 ❯ renderRootSync node_modules/.pnpm/react-dom@19.1.1_react@19.1.1/node_modules/react-dom/cjs/react-dom-client.development.js:14936:11
            </failure>
        </testcase>
        <testcase classname="client/src/components/ui/schema-display.test.tsx" name="SchemaDisplay &gt; should handle multiple schemas correctly" time="0.0019406">
            <failure message="useAuth must be used within an AuthProvider" type="Error">
Error: useAuth must be used within an AuthProvider
 ❯ useAuth client/src/contexts/AuthContext.tsx:222:11
 ❯ InsertionProvider client/src/contexts/InsertionContext.tsx:170:21
 ❯ Object.react_stack_bottom_frame node_modules/.pnpm/react-dom@19.1.1_react@19.1.1/node_modules/react-dom/cjs/react-dom-client.development.js:23863:20
 ❯ renderWithHooks node_modules/.pnpm/react-dom@19.1.1_react@19.1.1/node_modules/react-dom/cjs/react-dom-client.development.js:5529:22
 ❯ updateFunctionComponent node_modules/.pnpm/react-dom@19.1.1_react@19.1.1/node_modules/react-dom/cjs/react-dom-client.development.js:8897:19
 ❯ beginWork node_modules/.pnpm/react-dom@19.1.1_react@19.1.1/node_modules/react-dom/cjs/react-dom-client.development.js:10522:18
 ❯ runWithFiberInDEV node_modules/.pnpm/react-dom@19.1.1_react@19.1.1/node_modules/react-dom/cjs/react-dom-client.development.js:1522:13
 ❯ performUnitOfWork node_modules/.pnpm/react-dom@19.1.1_react@19.1.1/node_modules/react-dom/cjs/react-dom-client.development.js:15140:22
 ❯ workLoopSync node_modules/.pnpm/react-dom@19.1.1_react@19.1.1/node_modules/react-dom/cjs/react-dom-client.development.js:14956:41
 ❯ renderRootSync node_modules/.pnpm/react-dom@19.1.1_react@19.1.1/node_modules/react-dom/cjs/react-dom-client.development.js:14936:11
            </failure>
        </testcase>
    </testsuite>
    <testsuite name="client/src/components/ui/scroll-area.test.tsx" timestamp="2025-10-09T00:10:02.059Z" hostname="JohnDee" tests="21" failures="0" errors="0" skipped="0" time="0.191269">
        <testcase classname="client/src/components/ui/scroll-area.test.tsx" name="ScrollArea &gt; should render scroll area component" time="0.0605938">
        </testcase>
        <testcase classname="client/src/components/ui/scroll-area.test.tsx" name="ScrollArea &gt; should apply default styling classes" time="0.0045722">
        </testcase>
        <testcase classname="client/src/components/ui/scroll-area.test.tsx" name="ScrollArea &gt; should merge custom className with default styles" time="0.0041526">
        </testcase>
        <testcase classname="client/src/components/ui/scroll-area.test.tsx" name="ScrollArea &gt; should render scrollbar and corner components" time="0.0041598">
        </testcase>
        <testcase classname="client/src/components/ui/scroll-area.test.tsx" name="ScrollArea &gt; should forward ref correctly" time="0.004022">
        </testcase>
        <testcase classname="client/src/components/ui/scroll-area.test.tsx" name="ScrollArea &gt; should pass through additional props" time="0.0045151">
        </testcase>
        <testcase classname="client/src/components/ui/scroll-area.test.tsx" name="ScrollArea &gt; should contain content within viewport" time="0.0089759">
        </testcase>
        <testcase classname="client/src/components/ui/scroll-area.test.tsx" name="ScrollArea &gt; should have correct display name" time="0.0006208">
        </testcase>
        <testcase classname="client/src/components/ui/scroll-area.test.tsx" name="ScrollBar &gt; should render scrollbar component" time="0.0035176">
        </testcase>
        <testcase classname="client/src/components/ui/scroll-area.test.tsx" name="ScrollBar &gt; should use vertical orientation by default" time="0.0044032">
        </testcase>
        <testcase classname="client/src/components/ui/scroll-area.test.tsx" name="ScrollBar &gt; should apply horizontal orientation when specified" time="0.0065879">
        </testcase>
        <testcase classname="client/src/components/ui/scroll-area.test.tsx" name="ScrollBar &gt; should apply base styling classes" time="0.0034485">
        </testcase>
        <testcase classname="client/src/components/ui/scroll-area.test.tsx" name="ScrollBar &gt; should merge custom className with default styles" time="0.003099">
        </testcase>
        <testcase classname="client/src/components/ui/scroll-area.test.tsx" name="ScrollBar &gt; should forward ref correctly" time="0.0022717">
        </testcase>
        <testcase classname="client/src/components/ui/scroll-area.test.tsx" name="ScrollBar &gt; should pass through additional props" time="0.0185056">
        </testcase>
        <testcase classname="client/src/components/ui/scroll-area.test.tsx" name="ScrollBar &gt; should handle both orientation options correctly" time="0.0046774">
        </testcase>
        <testcase classname="client/src/components/ui/scroll-area.test.tsx" name="ScrollBar &gt; should have correct display name" time="0.0003384">
        </testcase>
        <testcase classname="client/src/components/ui/scroll-area.test.tsx" name="ScrollBar &gt; should contain thumb component" time="0.003321">
        </testcase>
        <testcase classname="client/src/components/ui/scroll-area.test.tsx" name="ScrollArea Integration &gt; should work with large content requiring scrolling" time="0.0190018">
        </testcase>
        <testcase classname="client/src/components/ui/scroll-area.test.tsx" name="ScrollArea Integration &gt; should render custom scrollbar with different orientation" time="0.0098559">
        </testcase>
        <testcase classname="client/src/components/ui/scroll-area.test.tsx" name="ScrollArea Integration &gt; should work with nested content structure" time="0.0145235">
        </testcase>
    </testsuite>
    <testsuite name="client/src/components/ui/select.test.tsx" timestamp="2025-10-09T00:10:02.061Z" hostname="JohnDee" tests="3" failures="0" errors="0" skipped="0" time="0.112593">
        <testcase classname="client/src/components/ui/select.test.tsx" name="Select Components &gt; renders select trigger with proper styling" time="0.0650867">
        </testcase>
        <testcase classname="client/src/components/ui/select.test.tsx" name="Select Components &gt; renders select content with items" time="0.0285633">
        </testcase>
        <testcase classname="client/src/components/ui/select.test.tsx" name="Select Components &gt; applies custom className to components" time="0.0129258">
        </testcase>
    </testsuite>
    <testsuite name="client/src/components/ui/separator.test.tsx" timestamp="2025-10-09T00:10:02.061Z" hostname="JohnDee" tests="16" failures="0" errors="0" skipped="0" time="0.1230437">
        <testcase classname="client/src/components/ui/separator.test.tsx" name="Separator &gt; should render separator component" time="0.0559768">
        </testcase>
        <testcase classname="client/src/components/ui/separator.test.tsx" name="Separator &gt; should apply default styling classes" time="0.0041215">
        </testcase>
        <testcase classname="client/src/components/ui/separator.test.tsx" name="Separator &gt; should use horizontal orientation by default" time="0.0035195">
        </testcase>
        <testcase classname="client/src/components/ui/separator.test.tsx" name="Separator &gt; should apply vertical orientation when specified" time="0.0028821">
        </testcase>
        <testcase classname="client/src/components/ui/separator.test.tsx" name="Separator &gt; should be decorative by default" time="0.003212">
        </testcase>
        <testcase classname="client/src/components/ui/separator.test.tsx" name="Separator &gt; should allow non-decorative mode" time="0.0067539">
        </testcase>
        <testcase classname="client/src/components/ui/separator.test.tsx" name="Separator &gt; should merge custom className with default styles" time="0.0028595">
        </testcase>
        <testcase classname="client/src/components/ui/separator.test.tsx" name="Separator &gt; should forward ref correctly" time="0.0028452">
        </testcase>
        <testcase classname="client/src/components/ui/separator.test.tsx" name="Separator &gt; should pass through additional props" time="0.0067247">
        </testcase>
        <testcase classname="client/src/components/ui/separator.test.tsx" name="Separator &gt; should handle both orientation options correctly" time="0.0058048">
        </testcase>
        <testcase classname="client/src/components/ui/separator.test.tsx" name="Separator &gt; should override default props when specified" time="0.0034756">
        </testcase>
        <testcase classname="client/src/components/ui/separator.test.tsx" name="Separator &gt; should have correct display name" time="0.0004946">
        </testcase>
        <testcase classname="client/src/components/ui/separator.test.tsx" name="Separator &gt; should work with accessibility roles" time="0.0025066">
        </testcase>
        <testcase classname="client/src/components/ui/separator.test.tsx" name="Separator &gt; should support custom styling for different orientations" time="0.0032135">
        </testcase>
        <testcase classname="client/src/components/ui/separator.test.tsx" name="Separator &gt; should maintain base classes regardless of orientation" time="0.0051841">
        </testcase>
        <testcase classname="client/src/components/ui/separator.test.tsx" name="Separator &gt; should work in different semantic contexts" time="0.0063674">
        </testcase>
    </testsuite>
    <testsuite name="client/src/components/ui/sheet.test.tsx" timestamp="2025-10-09T00:10:02.063Z" hostname="JohnDee" tests="34" failures="0" errors="0" skipped="0" time="0.2256366">
        <testcase classname="client/src/components/ui/sheet.test.tsx" name="Sheet Components &gt; Sheet Root &gt; should render sheet root component" time="0.0347974">
        </testcase>
        <testcase classname="client/src/components/ui/sheet.test.tsx" name="Sheet Components &gt; Sheet Root &gt; should pass props to root component" time="0.0060991">
            <system-err>
React does not recognize the `defaultOpen` prop on a DOM element. If you intentionally want it to appear in the DOM as a custom attribute, spell it as lowercase `defaultopen` instead. If you accidentally passed it from a parent component, remove it from the DOM element.

            </system-err>
        </testcase>
        <testcase classname="client/src/components/ui/sheet.test.tsx" name="Sheet Components &gt; SheetTrigger &gt; should render trigger button" time="0.0086244">
        </testcase>
        <testcase classname="client/src/components/ui/sheet.test.tsx" name="Sheet Components &gt; SheetTrigger &gt; should handle click events" time="0.0078279">
        </testcase>
        <testcase classname="client/src/components/ui/sheet.test.tsx" name="Sheet Components &gt; SheetClose &gt; should render close button" time="0.0042798">
        </testcase>
        <testcase classname="client/src/components/ui/sheet.test.tsx" name="Sheet Components &gt; SheetOverlay &gt; should render overlay with default styling" time="0.014624">
        </testcase>
        <testcase classname="client/src/components/ui/sheet.test.tsx" name="Sheet Components &gt; SheetOverlay &gt; should apply custom className" time="0.0030757">
        </testcase>
        <testcase classname="client/src/components/ui/sheet.test.tsx" name="Sheet Components &gt; SheetOverlay &gt; should forward ref correctly" time="0.0029834">
        </testcase>
        <testcase classname="client/src/components/ui/sheet.test.tsx" name="Sheet Components &gt; SheetOverlay &gt; should have correct display name" time="0.0009273">
        </testcase>
        <testcase classname="client/src/components/ui/sheet.test.tsx" name="Sheet Components &gt; SheetContent &gt; should render content with default styling" time="0.0085214">
        </testcase>
        <testcase classname="client/src/components/ui/sheet.test.tsx" name="Sheet Components &gt; SheetContent &gt; should render with default side (right)" time="0.0053125">
        </testcase>
        <testcase classname="client/src/components/ui/sheet.test.tsx" name="Sheet Components &gt; SheetContent &gt; should support different sides" time="0.0083302">
        </testcase>
        <testcase classname="client/src/components/ui/sheet.test.tsx" name="Sheet Components &gt; SheetContent &gt; should apply custom className" time="0.0052713">
        </testcase>
        <testcase classname="client/src/components/ui/sheet.test.tsx" name="Sheet Components &gt; SheetContent &gt; should render close button inside content" time="0.0117254">
        </testcase>
        <testcase classname="client/src/components/ui/sheet.test.tsx" name="Sheet Components &gt; SheetContent &gt; should render inside portal" time="0.0052268">
        </testcase>
        <testcase classname="client/src/components/ui/sheet.test.tsx" name="Sheet Components &gt; SheetContent &gt; should forward ref correctly" time="0.0043555">
        </testcase>
        <testcase classname="client/src/components/ui/sheet.test.tsx" name="Sheet Components &gt; SheetContent &gt; should have correct display name" time="0.000589">
        </testcase>
        <testcase classname="client/src/components/ui/sheet.test.tsx" name="Sheet Components &gt; SheetHeader &gt; should render header with correct styling" time="0.0034308">
        </testcase>
        <testcase classname="client/src/components/ui/sheet.test.tsx" name="Sheet Components &gt; SheetHeader &gt; should apply custom className" time="0.0022939">
        </testcase>
        <testcase classname="client/src/components/ui/sheet.test.tsx" name="Sheet Components &gt; SheetHeader &gt; should have correct display name" time="0.0024878">
        </testcase>
        <testcase classname="client/src/components/ui/sheet.test.tsx" name="Sheet Components &gt; SheetFooter &gt; should render footer with correct styling" time="0.0055156">
        </testcase>
        <testcase classname="client/src/components/ui/sheet.test.tsx" name="Sheet Components &gt; SheetFooter &gt; should apply custom className" time="0.0161355">
        </testcase>
        <testcase classname="client/src/components/ui/sheet.test.tsx" name="Sheet Components &gt; SheetFooter &gt; should have correct display name" time="0.0008838">
        </testcase>
        <testcase classname="client/src/components/ui/sheet.test.tsx" name="Sheet Components &gt; SheetTitle &gt; should render title with correct styling" time="0.0049277">
        </testcase>
        <testcase classname="client/src/components/ui/sheet.test.tsx" name="Sheet Components &gt; SheetTitle &gt; should apply custom className" time="0.0050558">
        </testcase>
        <testcase classname="client/src/components/ui/sheet.test.tsx" name="Sheet Components &gt; SheetTitle &gt; should forward ref correctly" time="0.0040745">
        </testcase>
        <testcase classname="client/src/components/ui/sheet.test.tsx" name="Sheet Components &gt; SheetTitle &gt; should have correct display name" time="0.0003765">
        </testcase>
        <testcase classname="client/src/components/ui/sheet.test.tsx" name="Sheet Components &gt; SheetDescription &gt; should render description with correct styling" time="0.00335">
        </testcase>
        <testcase classname="client/src/components/ui/sheet.test.tsx" name="Sheet Components &gt; SheetDescription &gt; should apply custom className" time="0.0033705">
        </testcase>
        <testcase classname="client/src/components/ui/sheet.test.tsx" name="Sheet Components &gt; SheetDescription &gt; should forward ref correctly" time="0.0026376">
        </testcase>
        <testcase classname="client/src/components/ui/sheet.test.tsx" name="Sheet Components &gt; SheetDescription &gt; should have correct display name" time="0.0003109">
        </testcase>
        <testcase classname="client/src/components/ui/sheet.test.tsx" name="Sheet Components &gt; Sheet Integration &gt; should work together as a complete sheet" time="0.0172217">
        </testcase>
        <testcase classname="client/src/components/ui/sheet.test.tsx" name="Sheet Components &gt; Sheet Integration &gt; should handle animation classes" time="0.0071909">
        </testcase>
        <testcase classname="client/src/components/ui/sheet.test.tsx" name="Sheet Components &gt; Sheet Integration &gt; should handle different viewport sizes with responsive classes" time="0.00449">
        </testcase>
    </testsuite>
    <testsuite name="client/src/components/ui/sidebar.test.tsx" timestamp="2025-10-09T00:10:02.068Z" hostname="JohnDee" tests="64" failures="0" errors="0" skipped="0" time="0.5293818">
        <testcase classname="client/src/components/ui/sidebar.test.tsx" name="Sidebar Components &gt; SidebarProvider &gt; should render provider with children" time="0.0612754">
        </testcase>
        <testcase classname="client/src/components/ui/sidebar.test.tsx" name="Sidebar Components &gt; SidebarProvider &gt; should have default open state" time="0.0087889">
        </testcase>
        <testcase classname="client/src/components/ui/sidebar.test.tsx" name="Sidebar Components &gt; SidebarProvider &gt; should handle controlled open state" time="0.0104338">
        </testcase>
        <testcase classname="client/src/components/ui/sidebar.test.tsx" name="Sidebar Components &gt; SidebarProvider &gt; should handle keyboard shortcut" time="0.0086373">
        </testcase>
        <testcase classname="client/src/components/ui/sidebar.test.tsx" name="Sidebar Components &gt; SidebarProvider &gt; should set cookie on state change" time="0.0141713">
        </testcase>
        <testcase classname="client/src/components/ui/sidebar.test.tsx" name="Sidebar Components &gt; SidebarProvider &gt; should apply custom styles" time="0.0060762">
        </testcase>
        <testcase classname="client/src/components/ui/sidebar.test.tsx" name="Sidebar Components &gt; SidebarProvider &gt; should have correct display name" time="0.000882">
        </testcase>
        <testcase classname="client/src/components/ui/sidebar.test.tsx" name="Sidebar Components &gt; Sidebar &gt; should render sidebar with default props" time="0.0088001">
        </testcase>
        <testcase classname="client/src/components/ui/sidebar.test.tsx" name="Sidebar Components &gt; Sidebar &gt; should handle collapsible=&quot;none&quot;" time="0.0062243">
        </testcase>
        <testcase classname="client/src/components/ui/sidebar.test.tsx" name="Sidebar Components &gt; Sidebar &gt; should render mobile sheet when isMobile is true" time="0.0095413">
            <system-err>
Unknown event handler property `onOpenChange`. It will be ignored.

            </system-err>
        </testcase>
        <testcase classname="client/src/components/ui/sidebar.test.tsx" name="Sidebar Components &gt; Sidebar &gt; should handle different sides" time="0.0070425">
        </testcase>
        <testcase classname="client/src/components/ui/sidebar.test.tsx" name="Sidebar Components &gt; Sidebar &gt; should handle different variants" time="0.0071667">
        </testcase>
        <testcase classname="client/src/components/ui/sidebar.test.tsx" name="Sidebar Components &gt; Sidebar &gt; should have correct display name" time="0.0012841">
        </testcase>
        <testcase classname="client/src/components/ui/sidebar.test.tsx" name="Sidebar Components &gt; SidebarTrigger &gt; should render trigger button" time="0.006547">
        </testcase>
        <testcase classname="client/src/components/ui/sidebar.test.tsx" name="Sidebar Components &gt; SidebarTrigger &gt; should toggle sidebar on click" time="0.014929">
        </testcase>
        <testcase classname="client/src/components/ui/sidebar.test.tsx" name="Sidebar Components &gt; SidebarTrigger &gt; should handle custom onClick" time="0.0066492">
        </testcase>
        <testcase classname="client/src/components/ui/sidebar.test.tsx" name="Sidebar Components &gt; SidebarTrigger &gt; should have correct display name" time="0.0006938">
        </testcase>
        <testcase classname="client/src/components/ui/sidebar.test.tsx" name="Sidebar Components &gt; SidebarRail &gt; should render rail button" time="0.027227">
        </testcase>
        <testcase classname="client/src/components/ui/sidebar.test.tsx" name="Sidebar Components &gt; SidebarRail &gt; should toggle sidebar on click" time="0.017232">
        </testcase>
        <testcase classname="client/src/components/ui/sidebar.test.tsx" name="Sidebar Components &gt; SidebarRail &gt; should have correct display name" time="0.0017231">
        </testcase>
        <testcase classname="client/src/components/ui/sidebar.test.tsx" name="Sidebar Components &gt; SidebarInset &gt; should render main content area" time="0.0170597">
        </testcase>
        <testcase classname="client/src/components/ui/sidebar.test.tsx" name="Sidebar Components &gt; SidebarInset &gt; should have correct display name" time="0.0028185">
        </testcase>
        <testcase classname="client/src/components/ui/sidebar.test.tsx" name="Sidebar Components &gt; SidebarInput &gt; should render input with correct styling" time="0.0078319">
        </testcase>
        <testcase classname="client/src/components/ui/sidebar.test.tsx" name="Sidebar Components &gt; SidebarInput &gt; should have correct display name" time="0.0010897">
        </testcase>
        <testcase classname="client/src/components/ui/sidebar.test.tsx" name="Sidebar Components &gt; SidebarHeader &gt; should render header with correct styling" time="0.0054734">
        </testcase>
        <testcase classname="client/src/components/ui/sidebar.test.tsx" name="Sidebar Components &gt; SidebarHeader &gt; should have correct display name" time="0.0015546">
        </testcase>
        <testcase classname="client/src/components/ui/sidebar.test.tsx" name="Sidebar Components &gt; SidebarFooter &gt; should render footer with correct styling" time="0.0046114">
        </testcase>
        <testcase classname="client/src/components/ui/sidebar.test.tsx" name="Sidebar Components &gt; SidebarFooter &gt; should have correct display name" time="0.0012008">
        </testcase>
        <testcase classname="client/src/components/ui/sidebar.test.tsx" name="Sidebar Components &gt; SidebarSeparator &gt; should render separator with correct styling" time="0.0047207">
        </testcase>
        <testcase classname="client/src/components/ui/sidebar.test.tsx" name="Sidebar Components &gt; SidebarSeparator &gt; should have correct display name" time="0.0012102">
        </testcase>
        <testcase classname="client/src/components/ui/sidebar.test.tsx" name="Sidebar Components &gt; SidebarContent &gt; should render content area with correct styling" time="0.0073425">
        </testcase>
        <testcase classname="client/src/components/ui/sidebar.test.tsx" name="Sidebar Components &gt; SidebarContent &gt; should have correct display name" time="0.0036513">
        </testcase>
        <testcase classname="client/src/components/ui/sidebar.test.tsx" name="Sidebar Components &gt; SidebarGroup &gt; should render group container" time="0.0092798">
        </testcase>
        <testcase classname="client/src/components/ui/sidebar.test.tsx" name="Sidebar Components &gt; SidebarGroup &gt; should have correct display name" time="0.0011446">
        </testcase>
        <testcase classname="client/src/components/ui/sidebar.test.tsx" name="Sidebar Components &gt; SidebarGroupLabel &gt; should render group label" time="0.0053795">
        </testcase>
        <testcase classname="client/src/components/ui/sidebar.test.tsx" name="Sidebar Components &gt; SidebarGroupLabel &gt; should support asChild prop" time="0.009371">
        </testcase>
        <testcase classname="client/src/components/ui/sidebar.test.tsx" name="Sidebar Components &gt; SidebarGroupLabel &gt; should have correct display name" time="0.0013783">
        </testcase>
        <testcase classname="client/src/components/ui/sidebar.test.tsx" name="Sidebar Components &gt; SidebarMenu &gt; should render menu list" time="0.0172092">
        </testcase>
        <testcase classname="client/src/components/ui/sidebar.test.tsx" name="Sidebar Components &gt; SidebarMenu &gt; should have correct display name" time="0.0022305">
        </testcase>
        <testcase classname="client/src/components/ui/sidebar.test.tsx" name="Sidebar Components &gt; SidebarMenuItem &gt; should render menu item" time="0.0068292">
        </testcase>
        <testcase classname="client/src/components/ui/sidebar.test.tsx" name="Sidebar Components &gt; SidebarMenuItem &gt; should have correct display name" time="0.0018119">
        </testcase>
        <testcase classname="client/src/components/ui/sidebar.test.tsx" name="Sidebar Components &gt; SidebarMenuButton &gt; should render menu button with default props" time="0.0140861">
        </testcase>
        <testcase classname="client/src/components/ui/sidebar.test.tsx" name="Sidebar Components &gt; SidebarMenuButton &gt; should handle isActive prop" time="0.009191">
        </testcase>
        <testcase classname="client/src/components/ui/sidebar.test.tsx" name="Sidebar Components &gt; SidebarMenuButton &gt; should show tooltip when collapsed" time="0.0081127">
        </testcase>
        <testcase classname="client/src/components/ui/sidebar.test.tsx" name="Sidebar Components &gt; SidebarMenuButton &gt; should handle different variants" time="0.0049857">
        </testcase>
        <testcase classname="client/src/components/ui/sidebar.test.tsx" name="Sidebar Components &gt; SidebarMenuButton &gt; should handle different sizes" time="0.0099526">
        </testcase>
        <testcase classname="client/src/components/ui/sidebar.test.tsx" name="Sidebar Components &gt; SidebarMenuButton &gt; should have correct display name" time="0.0051109">
        </testcase>
        <testcase classname="client/src/components/ui/sidebar.test.tsx" name="Sidebar Components &gt; SidebarMenuAction &gt; should render menu action button" time="0.0071436">
        </testcase>
        <testcase classname="client/src/components/ui/sidebar.test.tsx" name="Sidebar Components &gt; SidebarMenuAction &gt; should handle showOnHover prop" time="0.0060439">
        </testcase>
        <testcase classname="client/src/components/ui/sidebar.test.tsx" name="Sidebar Components &gt; SidebarMenuAction &gt; should have correct display name" time="0.0020494">
        </testcase>
        <testcase classname="client/src/components/ui/sidebar.test.tsx" name="Sidebar Components &gt; SidebarMenuBadge &gt; should render menu badge" time="0.0060708">
        </testcase>
        <testcase classname="client/src/components/ui/sidebar.test.tsx" name="Sidebar Components &gt; SidebarMenuBadge &gt; should have correct display name" time="0.0014027">
        </testcase>
        <testcase classname="client/src/components/ui/sidebar.test.tsx" name="Sidebar Components &gt; SidebarMenuSkeleton &gt; should render skeleton loader" time="0.0050837">
        </testcase>
        <testcase classname="client/src/components/ui/sidebar.test.tsx" name="Sidebar Components &gt; SidebarMenuSkeleton &gt; should show icon when showIcon is true" time="0.0054084">
        </testcase>
        <testcase classname="client/src/components/ui/sidebar.test.tsx" name="Sidebar Components &gt; SidebarMenuSkeleton &gt; should have correct display name" time="0.0034479">
        </testcase>
        <testcase classname="client/src/components/ui/sidebar.test.tsx" name="Sidebar Components &gt; SidebarMenuSub &gt; should render submenu list" time="0.0084174">
        </testcase>
        <testcase classname="client/src/components/ui/sidebar.test.tsx" name="Sidebar Components &gt; SidebarMenuSub &gt; should have correct display name" time="0.0027683">
        </testcase>
        <testcase classname="client/src/components/ui/sidebar.test.tsx" name="Sidebar Components &gt; SidebarMenuSubButton &gt; should render submenu button" time="0.0067274">
        </testcase>
        <testcase classname="client/src/components/ui/sidebar.test.tsx" name="Sidebar Components &gt; SidebarMenuSubButton &gt; should handle isActive prop" time="0.005782">
        </testcase>
        <testcase classname="client/src/components/ui/sidebar.test.tsx" name="Sidebar Components &gt; SidebarMenuSubButton &gt; should handle different sizes" time="0.0060811">
        </testcase>
        <testcase classname="client/src/components/ui/sidebar.test.tsx" name="Sidebar Components &gt; SidebarMenuSubButton &gt; should have correct display name" time="0.0016403">
        </testcase>
        <testcase classname="client/src/components/ui/sidebar.test.tsx" name="Sidebar Components &gt; useSidebar hook &gt; should throw error when used outside provider" time="0.0086464">
        </testcase>
        <testcase classname="client/src/components/ui/sidebar.test.tsx" name="Sidebar Components &gt; useSidebar hook &gt; should provide sidebar context" time="0.0092366">
        </testcase>
        <testcase classname="client/src/components/ui/sidebar.test.tsx" name="Sidebar Components &gt; Sidebar Integration &gt; should work as complete sidebar system" time="0.0442595">
        </testcase>
    </testsuite>
    <testsuite name="client/src/components/ui/skeleton.test.tsx" timestamp="2025-10-09T00:10:02.074Z" hostname="JohnDee" tests="15" failures="0" errors="0" skipped="0" time="0.1132622">
        <testcase classname="client/src/components/ui/skeleton.test.tsx" name="Skeleton &gt; should render skeleton component" time="0.0433252">
        </testcase>
        <testcase classname="client/src/components/ui/skeleton.test.tsx" name="Skeleton &gt; should apply default styling classes" time="0.0039738">
        </testcase>
        <testcase classname="client/src/components/ui/skeleton.test.tsx" name="Skeleton &gt; should merge custom className with default styles" time="0.0033422">
        </testcase>
        <testcase classname="client/src/components/ui/skeleton.test.tsx" name="Skeleton &gt; should pass through HTML attributes" time="0.0032339">
        </testcase>
        <testcase classname="client/src/components/ui/skeleton.test.tsx" name="Skeleton &gt; should render as div element" time="0.0026472">
        </testcase>
        <testcase classname="client/src/components/ui/skeleton.test.tsx" name="Skeleton &gt; should support different sizes through className" time="0.0048561">
        </testcase>
        <testcase classname="client/src/components/ui/skeleton.test.tsx" name="Skeleton &gt; should support different shapes through className" time="0.0044488">
        </testcase>
        <testcase classname="client/src/components/ui/skeleton.test.tsx" name="Skeleton &gt; should work with style prop" time="0.0077681">
        </testcase>
        <testcase classname="client/src/components/ui/skeleton.test.tsx" name="Skeleton &gt; should support onClick handlers" time="0.0070483">
        </testcase>
        <testcase classname="client/src/components/ui/skeleton.test.tsx" name="Skeleton &gt; should work as loading placeholder for text" time="0.0044253">
        </testcase>
        <testcase classname="client/src/components/ui/skeleton.test.tsx" name="Skeleton &gt; should work as loading placeholder for images" time="0.0021375">
        </testcase>
        <testcase classname="client/src/components/ui/skeleton.test.tsx" name="Skeleton &gt; should work as loading placeholder for cards" time="0.0039864">
        </testcase>
        <testcase classname="client/src/components/ui/skeleton.test.tsx" name="Skeleton &gt; should maintain animation classes regardless of custom styles" time="0.0031263">
        </testcase>
        <testcase classname="client/src/components/ui/skeleton.test.tsx" name="Skeleton &gt; should support accessibility attributes" time="0.0026949">
        </testcase>
        <testcase classname="client/src/components/ui/skeleton.test.tsx" name="Skeleton &gt; should work with children content (though typically empty)" time="0.0081901">
        </testcase>
    </testsuite>
    <testsuite name="client/src/components/ui/switch.test.tsx" timestamp="2025-10-09T00:10:02.076Z" hostname="JohnDee" tests="8" failures="0" errors="0" skipped="0" time="0.1477625">
        <testcase classname="client/src/components/ui/switch.test.tsx" name="Switch &gt; renders with default props" time="0.046288">
        </testcase>
        <testcase classname="client/src/components/ui/switch.test.tsx" name="Switch &gt; handles checked state" time="0.0039128">
        </testcase>
        <testcase classname="client/src/components/ui/switch.test.tsx" name="Switch &gt; handles unchecked state" time="0.0031312">
        </testcase>
        <testcase classname="client/src/components/ui/switch.test.tsx" name="Switch &gt; calls onCheckedChange when clicked" time="0.0677583">
        </testcase>
        <testcase classname="client/src/components/ui/switch.test.tsx" name="Switch &gt; applies custom className" time="0.0072148">
        </testcase>
        <testcase classname="client/src/components/ui/switch.test.tsx" name="Switch &gt; forwards ref correctly" time="0.0052576">
        </testcase>
        <testcase classname="client/src/components/ui/switch.test.tsx" name="Switch &gt; renders thumb component" time="0.0041911">
        </testcase>
        <testcase classname="client/src/components/ui/switch.test.tsx" name="Switch &gt; handles disabled state" time="0.0044236">
        </testcase>
    </testsuite>
    <testsuite name="client/src/components/ui/toast.test.tsx" timestamp="2025-10-09T00:10:02.077Z" hostname="JohnDee" tests="32" failures="0" errors="0" skipped="0" time="0.2134389">
        <testcase classname="client/src/components/ui/toast.test.tsx" name="Toast Components &gt; ToastProvider &gt; renders children correctly" time="0.0229341">
        </testcase>
        <testcase classname="client/src/components/ui/toast.test.tsx" name="Toast Components &gt; ToastProvider &gt; passes props to underlying provider" time="0.0042409">
            <system-err>
React does not recognize the `swipeDirection` prop on a DOM element. If you intentionally want it to appear in the DOM as a custom attribute, spell it as lowercase `swipedirection` instead. If you accidentally passed it from a parent component, remove it from the DOM element.

            </system-err>
        </testcase>
        <testcase classname="client/src/components/ui/toast.test.tsx" name="Toast Components &gt; ToastViewport &gt; renders with default classes" time="0.0029824">
        </testcase>
        <testcase classname="client/src/components/ui/toast.test.tsx" name="Toast Components &gt; ToastViewport &gt; merges custom className with default classes" time="0.0018792">
        </testcase>
        <testcase classname="client/src/components/ui/toast.test.tsx" name="Toast Components &gt; ToastViewport &gt; forwards ref correctly" time="0.0024773">
        </testcase>
        <testcase classname="client/src/components/ui/toast.test.tsx" name="Toast Components &gt; Toast &gt; renders with default variant" time="0.0018087">
        </testcase>
        <testcase classname="client/src/components/ui/toast.test.tsx" name="Toast Components &gt; Toast &gt; applies destructive variant classes" time="0.0014316">
        </testcase>
        <testcase classname="client/src/components/ui/toast.test.tsx" name="Toast Components &gt; Toast &gt; merges custom className" time="0.0013797">
        </testcase>
        <testcase classname="client/src/components/ui/toast.test.tsx" name="Toast Components &gt; Toast &gt; forwards ref correctly" time="0.0014252">
        </testcase>
        <testcase classname="client/src/components/ui/toast.test.tsx" name="Toast Components &gt; ToastTitle &gt; renders title content" time="0.0017687">
        </testcase>
        <testcase classname="client/src/components/ui/toast.test.tsx" name="Toast Components &gt; ToastTitle &gt; applies custom className" time="0.0012031">
        </testcase>
        <testcase classname="client/src/components/ui/toast.test.tsx" name="Toast Components &gt; ToastTitle &gt; forwards ref correctly" time="0.0012481">
        </testcase>
        <testcase classname="client/src/components/ui/toast.test.tsx" name="Toast Components &gt; ToastDescription &gt; renders description content" time="0.0013186">
        </testcase>
        <testcase classname="client/src/components/ui/toast.test.tsx" name="Toast Components &gt; ToastDescription &gt; applies custom className" time="0.0012263">
        </testcase>
        <testcase classname="client/src/components/ui/toast.test.tsx" name="Toast Components &gt; ToastDescription &gt; forwards ref correctly" time="0.0016584">
        </testcase>
        <testcase classname="client/src/components/ui/toast.test.tsx" name="Toast Components &gt; ToastClose &gt; renders close button with X icon" time="0.0034353">
        </testcase>
        <testcase classname="client/src/components/ui/toast.test.tsx" name="Toast Components &gt; ToastClose &gt; handles click events" time="0.0673314">
        </testcase>
        <testcase classname="client/src/components/ui/toast.test.tsx" name="Toast Components &gt; ToastClose &gt; applies default styling classes" time="0.0037918">
        </testcase>
        <testcase classname="client/src/components/ui/toast.test.tsx" name="Toast Components &gt; ToastClose &gt; applies custom className" time="0.0023326">
        </testcase>
        <testcase classname="client/src/components/ui/toast.test.tsx" name="Toast Components &gt; ToastClose &gt; has toast-close attribute" time="0.0019626">
        </testcase>
        <testcase classname="client/src/components/ui/toast.test.tsx" name="Toast Components &gt; ToastClose &gt; forwards ref correctly" time="0.0021897">
        </testcase>
        <testcase classname="client/src/components/ui/toast.test.tsx" name="Toast Components &gt; ToastAction &gt; renders action button with content" time="0.0026669">
        </testcase>
        <testcase classname="client/src/components/ui/toast.test.tsx" name="Toast Components &gt; ToastAction &gt; handles click events" time="0.0330828">
        </testcase>
        <testcase classname="client/src/components/ui/toast.test.tsx" name="Toast Components &gt; ToastAction &gt; applies default styling classes" time="0.0046446">
        </testcase>
        <testcase classname="client/src/components/ui/toast.test.tsx" name="Toast Components &gt; ToastAction &gt; applies custom className" time="0.0032275">
        </testcase>
        <testcase classname="client/src/components/ui/toast.test.tsx" name="Toast Components &gt; ToastAction &gt; forwards ref correctly" time="0.0032543">
        </testcase>
        <testcase classname="client/src/components/ui/toast.test.tsx" name="Toast Components &gt; Integration Tests &gt; renders complete toast structure" time="0.0080925">
        </testcase>
        <testcase classname="client/src/components/ui/toast.test.tsx" name="Toast Components &gt; Integration Tests &gt; handles multiple toasts" time="0.0104462">
        </testcase>
        <testcase classname="client/src/components/ui/toast.test.tsx" name="Toast Components &gt; Edge Cases &gt; handles empty content gracefully" time="0.0036945">
        </testcase>
        <testcase classname="client/src/components/ui/toast.test.tsx" name="Toast Components &gt; Edge Cases &gt; handles undefined className" time="0.003269">
        </testcase>
        <testcase classname="client/src/components/ui/toast.test.tsx" name="Toast Components &gt; Edge Cases &gt; handles disabled action button" time="0.0036991">
        </testcase>
        <testcase classname="client/src/components/ui/toast.test.tsx" name="Toast Components &gt; Edge Cases &gt; preserves aria attributes" time="0.0025909">
        </testcase>
    </testsuite>
    <testsuite name="client/src/components/ui/toaster.test.tsx" timestamp="2025-10-09T00:10:02.079Z" hostname="JohnDee" tests="12" failures="0" errors="0" skipped="0" time="0.5650056">
        <testcase classname="client/src/components/ui/toaster.test.tsx" name="Toaster &gt; renders without errors when no toasts are present" time="0.0520215">
        </testcase>
        <testcase classname="client/src/components/ui/toaster.test.tsx" name="Toaster &gt; renders toasts with titles and descriptions" time="0.0707308">
        </testcase>
        <testcase classname="client/src/components/ui/toaster.test.tsx" name="Toaster &gt; renders toast with title only when description is not provided" time="0.0263248">
        </testcase>
        <testcase classname="client/src/components/ui/toaster.test.tsx" name="Toaster &gt; renders toast with description only when title is not provided" time="0.0259392">
        </testcase>
        <testcase classname="client/src/components/ui/toaster.test.tsx" name="Toaster &gt; renders action buttons when provided" time="0.054497">
        </testcase>
        <testcase classname="client/src/components/ui/toaster.test.tsx" name="Toaster &gt; renders close buttons for all toasts" time="0.0521938">
        </testcase>
        <testcase classname="client/src/components/ui/toaster.test.tsx" name="Toaster &gt; handles action button interactions without throwing errors" time="0.0905922">
        </testcase>
        <testcase classname="client/src/components/ui/toaster.test.tsx" name="Toaster &gt; applies custom props to toast elements" time="0.0343798">
        </testcase>
        <testcase classname="client/src/components/ui/toaster.test.tsx" name="Toaster &gt; handles multiple toasts correctly based on TOAST_LIMIT" time="0.0708739">
        </testcase>
        <testcase classname="client/src/components/ui/toaster.test.tsx" name="Toaster &gt; updates when toasts change" time="0.0386831">
        </testcase>
        <testcase classname="client/src/components/ui/toaster.test.tsx" name="Toaster &gt; renders the toast provider structure" time="0.0133362">
        </testcase>
        <testcase classname="client/src/components/ui/toaster.test.tsx" name="Toaster &gt; integrates with the toast system correctly" time="0.0292619">
        </testcase>
    </testsuite>
    <testsuite name="client/src/components/ui/tooltip.test.tsx" timestamp="2025-10-09T00:10:02.080Z" hostname="JohnDee" tests="4" failures="0" errors="0" skipped="0" time="0.0681337">
        <testcase classname="client/src/components/ui/tooltip.test.tsx" name="Tooltip &gt; renders tooltip components correctly" time="0.0491152">
        </testcase>
        <testcase classname="client/src/components/ui/tooltip.test.tsx" name="Tooltip &gt; applies correct classes to tooltip content" time="0.0045715">
        </testcase>
        <testcase classname="client/src/components/ui/tooltip.test.tsx" name="Tooltip &gt; applies correct side offset to tooltip content" time="0.003631">
        </testcase>
        <testcase classname="client/src/components/ui/tooltip.test.tsx" name="Tooltip &gt; uses default side offset of 4 when not provided" time="0.0043449">
        </testcase>
    </testsuite>
    <testsuite name="client/src/__tests__/integration/typeFixValidation.test.tsx" timestamp="2025-10-09T00:10:02.081Z" hostname="JohnDee" tests="11" failures="0" errors="0" skipped="0" time="0.1575904">
        <testcase classname="client/src/__tests__/integration/typeFixValidation.test.tsx" name="TypeScript Error Fixes Validation &gt; MSW HttpResponse Usage &gt; should use HttpResponse.json correctly" time="0.0546883">
        </testcase>
        <testcase classname="client/src/__tests__/integration/typeFixValidation.test.tsx" name="TypeScript Error Fixes Validation &gt; MSW HttpResponse Usage &gt; should handle error responses correctly" time="0.0489638">
        </testcase>
        <testcase classname="client/src/__tests__/integration/typeFixValidation.test.tsx" name="TypeScript Error Fixes Validation &gt; WebflowError Classes &gt; should create auth errors correctly" time="0.0012286">
        </testcase>
        <testcase classname="client/src/__tests__/integration/typeFixValidation.test.tsx" name="TypeScript Error Fixes Validation &gt; WebflowError Classes &gt; should create server errors as fallback" time="0.0011992">
        </testcase>
        <testcase classname="client/src/__tests__/integration/typeFixValidation.test.tsx" name="TypeScript Error Fixes Validation &gt; WebflowError Classes &gt; should handle unknown errors correctly" time="0.0006375">
        </testcase>
        <testcase classname="client/src/__tests__/integration/typeFixValidation.test.tsx" name="TypeScript Error Fixes Validation &gt; JSX and React Components &gt; should render simple JSX elements without namespace errors" time="0.0380096">
        </testcase>
        <testcase classname="client/src/__tests__/integration/typeFixValidation.test.tsx" name="TypeScript Error Fixes Validation &gt; JSX and React Components &gt; should handle React fragments correctly" time="0.0044991">
        </testcase>
        <testcase classname="client/src/__tests__/integration/typeFixValidation.test.tsx" name="TypeScript Error Fixes Validation &gt; Test Data Factory Types &gt; should validate factory function type annotations are working" time="0.000511">
        </testcase>
        <testcase classname="client/src/__tests__/integration/typeFixValidation.test.tsx" name="TypeScript Error Fixes Validation &gt; Window Location Mocking &gt; should have properly mocked window.location" time="0.0005337">
        </testcase>
        <testcase classname="client/src/__tests__/integration/typeFixValidation.test.tsx" name="TypeScript Error Fixes Validation &gt; Window Location Mocking &gt; should allow window.location properties to be accessed" time="0.0006602">
        </testcase>
        <testcase classname="client/src/__tests__/integration/typeFixValidation.test.tsx" name="TypeScript Error Fixes Validation &gt; Vitest Globals Integration &gt; should have access to vitest functions without import errors" time="0.000312">
        </testcase>
    </testsuite>
</testsuites>
